 ERmod 0.3.7, Copyright (C) 2000-2019 Nobuyuki Matubayasi
                            2010-2019 Shun Sakuraba
 ERmod comes with ABSOLUTELY NO WARRANTY.
 This is free software, and you can redistribute it
 and/or modify it under certain conditions.
 See LICENSE file for details.
Opening: "/home/hervoe/snic2020-6-15/hervoe/Caffeine_solubility/Simulations/opls_simulations/KF/1.00/trajectory_sol_full.xtc"...
  Trying plugin "Gromacs XTC Compressed Trajectory"...OK
 ERmod 0.3.7, Copyright (C) 2000-2019 Nobuyuki Matubayasi
                            2010-2019 Shun Sakuraba
 ERmod comes with ABSOLUTELY NO WARRANTY.
 This is free software, and you can redistribute it
 and/or modify it under certain conditions.
 See LICENSE file for details.
Opening: "/home/hervoe/snic2020-6-15/hervoe/Caffeine_solubility/Simulations/opls_simulations/KF/1.00/trajectory_ref_full.xtc"...
  Trying plugin "Gromacs XTC Compressed Trajectory"...OK
Opening: "/home/hervoe/snic2020-6-15/hervoe/Caffeine_solubility/Simulations/opls_simulations/Solute/trajectory_solute.xtc"...
  Trying plugin "Gromacs XTC Compressed Trajectory"...OK
Opening: "/home/hervoe/snic2020-6-15/hervoe/Caffeine_solubility/Simulations/opls_simulations/Solute/trajectory_solute.xtc"...
  Trying plugin "Gromacs XTC Compressed Trajectory"...OK
Opening: "/home/hervoe/snic2020-6-15/hervoe/Caffeine_solubility/Simulations/opls_simulations/Solute/trajectory_solute.xtc"...
  Trying plugin "Gromacs XTC Compressed Trajectory"...OK
Opening: "/home/hervoe/snic2020-6-15/hervoe/Caffeine_solubility/Simulations/opls_simulations/Solute/trajectory_solute.xtc"...
  Trying plugin "Gromacs XTC Compressed Trajectory"...OK
Opening: "/home/hervoe/snic2020-6-15/hervoe/Caffeine_solubility/Simulations/opls_simulations/Solute/trajectory_solute.xtc"...
  Trying plugin "Gromacs XTC Compressed Trajectory"...OK
Opening: "/home/hervoe/snic2020-6-15/hervoe/Caffeine_solubility/Simulations/opls_simulations/Solute/trajectory_solute.xtc"...
  Trying plugin "Gromacs XTC Compressed Trajectory"...OK
Opening: "/home/hervoe/snic2020-6-15/hervoe/Caffeine_solubility/Simulations/opls_simulations/Solute/trajectory_solute.xtc"...
  Trying plugin "Gromacs XTC Compressed Trajectory"...OK
Opening: "/home/hervoe/snic2020-6-15/hervoe/Caffeine_solubility/Simulations/opls_simulations/Solute/trajectory_solute.xtc"...
  Trying plugin "Gromacs XTC Compressed Trajectory"...OK
Opening: "/home/hervoe/snic2020-6-15/hervoe/Caffeine_solubility/Simulations/opls_simulations/Solute/trajectory_solute.xtc"...
  Trying plugin "Gromacs XTC Compressed Trajectory"...OK
Opening: "/home/hervoe/snic2020-6-15/hervoe/Caffeine_solubility/Simulations/opls_simulations/Solute/trajectory_solute.xtc"...
  Trying plugin "Gromacs XTC Compressed Trajectory"...OK
 
  Number of the   1-th solvent  =           18
  Number of the   2-th solvent  =           18
  Number of the   3-th solvent  =         1000
 
  Be sure that the solvent distribution is homogeneous (radial distribution function is essentially unity) when the solvent molecule is separated beyond distance of   10.0 Angstrom in any direction from any atom within the solute molecule
 
  LJ long-range correction    =        -0.0262     -0.0033     -1.0511
 
  Self-energy of the solute   =        -0.0401  kcal/mol
 
 
 cumulative average & 95% error for solvation energy
              total             1st component         2nd component         3rd component
  1   -49.8461                1.8033               -3.8449              -47.7644
  2   -50.0119     0.3315     1.3121     0.9824    -3.5030     0.6839   -47.7809     0.0330
  3   -50.0396     0.1993     0.7845     1.1979    -2.8516     1.3613   -47.9324     0.3037
  4   -50.0751     0.1577     1.5273     1.7102    -3.5496     1.6957   -48.0127     0.2682
  5   -50.0437     0.1373     1.4705     1.3296    -3.4592     1.3258   -48.0149     0.2078
  6   -50.0881     0.1430     1.1532     1.2574    -3.3411     1.1080   -47.8602     0.3529
  7   -50.1199     0.1366     0.7902     1.2871    -3.1118     1.0427   -47.7582     0.3613
  8   -50.1368     0.1230     0.6569     1.1460    -2.9365     0.9686   -47.8171     0.3343
  9   -50.1329     0.1088     0.4940     1.0620    -2.8646     0.8663   -47.7222     0.3507
 10   -50.1304     0.0974     0.6220     0.9838    -2.9617     0.7988   -47.7506     0.3188
 11   -50.1265     0.0885     0.5673     0.8966    -2.8892     0.7369   -47.7644     0.2897
 12   -50.1487     0.0922     0.5115     0.8260    -2.9111     0.6742   -47.7089     0.2868
 13   -50.1639     0.0900     0.4983     0.7603    -3.0535     0.6824   -47.5685     0.3853
 14   -50.1873     0.0957     0.4788     0.7050    -3.0565     0.6318   -47.5695     0.3567
 15   -50.1756     0.0921     0.3937     0.6780    -3.0602     0.5882   -47.4690     0.3882
 16   -50.1655     0.0885     0.3435     0.6421    -3.0546     0.5504   -47.4144     0.3792
 17   -50.1661     0.0831     0.4632     0.6488    -3.1610     0.5591   -47.4281     0.3573
 18   -50.1724     0.0794     0.3863     0.6308    -3.2331     0.5465   -47.2854     0.4415
 19   -50.1736     0.0751     0.3696     0.5976    -3.2022     0.5206   -47.3008     0.4188
 20   -50.1737     0.0713     0.4411     0.5847    -3.1388     0.5099   -47.4359     0.4804
 21   -50.1668     0.0692     0.4689     0.5589    -3.2197     0.5113   -47.3758     0.4725
 22   -50.1606     0.0671     0.4584     0.5333    -3.1643     0.5000   -47.4146     0.4571
 23   -50.1620     0.0642     0.4364     0.5115    -3.1094     0.4902   -47.4488     0.4421
 24   -50.1679     0.0626     0.4620     0.4924    -3.1435     0.4742   -47.4464     0.4233
 25   -50.1690     0.0601     0.4770     0.4732    -3.1101     0.4597   -47.4957     0.4179
 
 
 group  inft  solvation free energy     error          difference
  total solvation free energy
   1      0        -10.73426           0.12927           0.00495
   1     60        -10.76536           0.12928          -0.02616
   1     80        -11.10265           0.12950          -0.36344
   1    100        -12.35352           0.13046          -1.61431
   2      0        -10.73485           0.12832           0.00436
   3      0        -10.73921           0.12848           0.00000
   4      0        -10.72862           0.13090           0.01059
   5      0        -10.72853           0.13003           0.01067
   5     60        -10.77136           0.13005          -0.03215
   5     80        -11.19736           0.13033          -0.45816
   5    100        -12.35034           0.13117          -1.61113
 
  contribution from  1-th solvent component
   1      0          0.71111           0.26837           0.00729
   1     60          0.71243           0.26838           0.00861
   1     80          0.72236           0.26861           0.01854
   1    100          0.75069           0.26962           0.04687
   2      0          0.70410           0.26758           0.00028
   3      0          0.70382           0.26766           0.00000
   4      0          0.70505           0.26763           0.00123
   5      0          0.70536           0.26758           0.00154
   5     60          0.70713           0.26760           0.00331
   5     80          0.71927           0.26794           0.01545
   5    100          0.74363           0.26890           0.03981
 
  contribution from  2-th solvent component
   1      0         -1.60897           0.22754          -0.01090
   1     60         -1.60929           0.22754          -0.01122
   1     80         -1.61274           0.22760          -0.01467
   1    100         -1.62862           0.22777          -0.03055
   2      0         -1.60109           0.22576          -0.00302
   3      0         -1.59807           0.22556           0.00000
   4      0         -1.59618           0.22466           0.00189
   5      0         -1.59490           0.22489           0.00317
   5     60         -1.59525           0.22490           0.00281
   5     80         -1.60009           0.22495          -0.00203
   5    100         -1.61466           0.22507          -0.01659
 
  contribution from  3-th solvent component
   1      0         -9.79629           0.20344           0.00856
   1     60         -9.82840           0.20344          -0.02355
   1     80        -10.17216           0.20364          -0.36731
   1    100        -11.43548           0.20433          -1.63063
   2      0         -9.79776           0.20261           0.00709
   3      0         -9.80485           0.20252           0.00000
   4      0         -9.79738           0.19980           0.00747
   5      0         -9.79889           0.20177           0.00596
   5     60         -9.84313           0.20178          -0.03828
   5     80        -10.27643           0.20204          -0.47158
   5    100        -11.43921           0.20272          -1.63436
 
 
 group  inft   Estimated free energy: total (kcal/mol)
   1      0     -10.0520     -10.6879     -10.5754     -10.6506     -10.6556
                -11.2587     -11.3330     -10.3930     -10.6750     -10.7765
                -10.5604     -10.8658     -11.1592     -11.0178     -11.0737
                -10.5930     -10.6959     -10.8978     -11.0893     -10.2577
                -10.5524     -10.3615     -10.5045     -11.1308     -10.5391
   1     60     -10.0827     -10.7192     -10.6064     -10.6818     -10.6866
                -11.2898     -11.3641     -10.4241     -10.7060     -10.8078
                -10.5916     -10.8970     -11.1904     -11.0490     -11.1045
                -10.6241     -10.7271     -10.9289     -11.1204     -10.2886
                -10.5834     -10.3927     -10.5358     -11.1620     -10.5703
   1     80     -10.4175     -11.0573     -10.9425     -11.0201     -11.0220
                -11.6277     -11.7025     -10.7613     -11.0433     -11.1467
                -10.9290     -11.2344     -11.5279     -11.3868     -11.4393
                -10.9612     -11.0650     -11.2666     -11.4584     -10.6236
                -10.9197     -10.7301     -10.8742     -11.5009     -10.9085
   1    100     -11.6588     -12.3102     -12.1887     -12.2731     -12.2669
                -12.8810     -12.9590     -12.0124     -12.2956     -12.4039
                -12.1795     -12.4869     -12.7795     -12.6405     -12.6822
                -12.2095     -12.3172     -12.5169     -12.7123     -11.8647
                -12.1698     -11.9793     -12.1290     -12.7579     -12.1632
   2      0     -10.0481     -10.6898     -10.5903     -10.6696     -10.6340
                -11.2694     -11.3227     -10.4152     -10.6940     -10.7836
                -10.5705     -10.8517     -11.1560     -11.0187     -11.0708
                -10.5625     -10.6924     -10.8976     -11.1047     -10.2603
                -10.5426     -10.3691     -10.4963     -11.1009     -10.5604
   3      0     -10.0548     -10.7009     -10.5991     -10.6756     -10.6421
                -11.2919     -11.3308     -10.4408     -10.6981     -10.7815
                -10.5827     -10.8403     -11.1585     -11.0141     -11.0782
                -10.5589     -10.7137     -10.9001     -11.1066     -10.2614
                -10.5346     -10.3632     -10.4967     -11.0960     -10.5595
   4      0     -10.0422     -10.6831     -10.5804     -10.6677     -10.6122
                -11.2582     -11.3329     -10.4036     -10.6969     -10.7828
                -10.5524     -10.8477     -11.1622     -11.0120     -11.0844
                -10.5552     -10.6945     -10.9153     -11.0977     -10.2366
                -10.5121     -10.3355     -10.4982     -11.0946     -10.5569
   5      0     -10.0448     -10.6847     -10.5930     -10.6759     -10.6176
                -11.2712     -11.3314     -10.4228     -10.6868     -10.7852
                -10.5433     -10.8348     -11.1546     -11.0033     -11.0661
                -10.5582     -10.7126     -10.9041     -11.1082     -10.2438
                -10.5004     -10.3345     -10.4972     -11.0877     -10.5513
   5     60     -10.0872     -10.7278     -10.6357     -10.7188     -10.6603
                -11.3140     -11.3742     -10.4656     -10.7295     -10.8282
                -10.5862     -10.8777     -11.1975     -11.0462     -11.1085
                -10.6010     -10.7556     -10.9470     -11.1509     -10.2863
                -10.5432     -10.3774     -10.5402     -11.1308     -10.5943
   5     80     -10.5099     -11.1548     -11.0607     -11.1458     -11.0842
                -11.7412     -11.8018     -10.8918     -11.1559     -11.2564
                -11.0123     -11.3036     -11.6232     -11.4728     -11.5310
                -11.0267     -11.1826     -11.3734     -11.5780     -10.7091
                -10.9683     -10.8030     -10.9677     -11.5585     -11.0216
   5    100     -11.6541     -12.3103     -12.2108     -12.2999     -12.2328
                -12.8979     -12.9597     -12.0454     -12.3108     -12.4153
                -12.1643     -12.4568     -12.7749     -12.6281     -12.6755
                -12.1774     -12.3375     -12.5258     -12.7338     -11.8533
                -12.1216     -11.9532     -12.1244     -12.7164     -12.1784
 
 group  inft   Estimated free energy: 1-th solvent contribution (kcal/mol)
   1      0       1.8232       0.8460       0.3743       2.2572       1.0499
                 -0.0352      -0.4970       0.7017       0.1371       1.1771
                  0.5214       0.3728       0.6819       0.4085       0.0367
                  0.2872       1.5618      -0.2374       0.2297       1.9254
                  1.0006       0.8819       0.6493       0.7073       0.9164
   1     60       1.8248       0.8472       0.3757       2.2586       1.0513
                 -0.0340      -0.4958       0.7031       0.1384       1.1784
                  0.5227       0.3740       0.6831       0.4097       0.0382
                  0.2885       1.5631      -0.2361       0.2311       1.9268
                  1.0018       0.8833       0.6505       0.7085       0.9176
   1     80       1.8372       0.8570       0.3861       2.2692       1.0621
                 -0.0253      -0.4874       0.7130       0.1476       1.1878
                  0.5329       0.3832       0.6930       0.4191       0.0497
                  0.2982       1.5732      -0.2268       0.2408       1.9391
                  1.0109       0.8944       0.6603       0.7175       0.9262
   1    100       1.8758       0.8853       0.4160       2.2997       1.0938
                 -0.0025      -0.4657       0.7417       0.1732       1.2136
                  0.5625       0.4088       0.7210       0.4450       0.0841
                  0.3261       1.6024      -0.2014       0.2677       1.9769
                  1.0359       0.9281       0.6880       0.7421       0.9491
   2      0       1.8238       0.8374       0.3734       2.2142       1.0683
                 -0.0430      -0.5008       0.6765       0.1174       1.1737
                  0.5113       0.3680       0.6670       0.3919       0.0299
                  0.3104       1.5581      -0.2442       0.2140       1.9236
                  1.0006       0.8644       0.6449       0.7209       0.9010
   3      0       1.8260       0.8372       0.3747       2.2074       1.0611
                 -0.0476      -0.5059       0.6615       0.1142       1.1662
                  0.5031       0.3706       0.6757       0.4040       0.0287
                  0.3074       1.5500      -0.2484       0.2196       1.9307
                  1.0077       0.8748       0.6470       0.7292       0.9008
   4      0       1.8251       0.8481       0.3746       2.1968       1.0847
                 -0.0349      -0.5027       0.6675       0.1116       1.1664
                  0.5221       0.3669       0.6689       0.3922       0.0292
                  0.3029       1.5496      -0.2597       0.2206       1.9319
                  1.0172       0.8793       0.6475       0.7224       0.8979
   5      0       1.8256       0.8429       0.3704       2.1952       1.0812
                 -0.0421      -0.5058       0.6642       0.1141       1.1634
                  0.5189       0.3672       0.6729       0.4051       0.0322
                  0.3049       1.5399      -0.2565       0.2166       1.9361
                  1.0224       0.8861       0.6471       0.7259       0.9062
   5     60       1.8277       0.8445       0.3722       2.1970       1.0831
                 -0.0404      -0.5041       0.6660       0.1159       1.1651
                  0.5206       0.3688       0.6745       0.4068       0.0342
                  0.3066       1.5417      -0.2548       0.2185       1.9381
                  1.0240       0.8880       0.6488       0.7275       0.9078
   5     80       1.8434       0.8568       0.3849       2.2099       1.0963
                 -0.0300      -0.4942       0.6779       0.1269       1.1762
                  0.5333       0.3801       0.6865       0.4182       0.0485
                  0.3185       1.5540      -0.2435       0.2300       1.9536
                  1.0350       0.9019       0.6607       0.7385       0.9181
   5    100       1.8778       0.8815       0.4109       2.2359       1.1239
                 -0.0106      -0.4763       0.7020       0.1483       1.1976
                  0.5593       0.4021       0.7107       0.4404       0.0788
                  0.3426       1.5792      -0.2219       0.2522       1.9874
                  1.0560       0.9315       0.6845       0.7597       0.9372
 
 group  inft   Estimated free energy: 2-th solvent contribution (kcal/mol)
   1      0      -1.8800      -1.5719      -0.7633      -2.7667      -1.5763
                 -1.5962      -1.1777      -0.8801      -1.2110      -1.8828
                 -1.0581      -1.5832      -2.7787      -1.5162      -1.9300
                 -1.5010      -2.3856      -2.1684      -1.4388      -1.1208
                 -2.3003      -1.0727      -0.9601      -2.0580      -1.0462
   1     60      -1.8804      -1.5722      -0.7636      -2.7670      -1.5767
                 -1.5965      -1.1780      -0.8804      -1.2113      -1.8832
                 -1.0584      -1.5835      -2.7790      -1.5165      -1.9303
                 -1.5013      -2.3859      -2.1687      -1.4391      -1.1211
                 -2.3007      -1.0730      -0.9605      -2.0584      -1.0465
   1     80      -1.8839      -1.5758      -0.7667      -2.7706      -1.5801
                 -1.5999      -1.1816      -0.8837      -1.2149      -1.8865
                 -1.0617      -1.5873      -2.7827      -1.5201      -1.9339
                 -1.5049      -2.3893      -2.1725      -1.4424      -1.1237
                 -2.3044      -1.0766      -0.9640      -2.0621      -1.0494
   1    100      -1.9008      -1.5919      -0.7813      -2.7868      -1.5959
                 -1.6152      -1.1983      -0.8993      -1.2312      -1.9021
                 -1.0773      -1.6038      -2.7994      -1.5359      -1.9507
                 -1.5212      -2.4048      -2.1892      -1.4575      -1.1369
                 -2.3212      -1.0929      -0.9801      -2.0786      -1.0635
   2      0      -1.8643      -1.5586      -0.7700      -2.7518      -1.5679
                 -1.5878      -1.1665      -0.8770      -1.2086      -1.8847
                 -1.0533      -1.5663      -2.7632      -1.5060      -1.9201
                 -1.4887      -2.3776      -2.1512      -1.4420      -1.1307
                 -2.2839      -1.0619      -0.9483      -2.0455      -1.0513
   3      0      -1.8663      -1.5591      -0.7707      -2.7455      -1.5600
                 -1.5937      -1.1649      -0.8757      -1.2039      -1.8682
                 -1.0531      -1.5547      -2.7674      -1.5048      -1.9205
                 -1.4773      -2.3838      -2.1409      -1.4424      -1.1331
                 -2.2750      -1.0593      -0.9441      -2.0387      -1.0489
   4      0      -1.8579      -1.5581      -0.7718      -2.7402      -1.5694
                 -1.5804      -1.1663      -0.8695      -1.2050      -1.8763
                 -1.0509      -1.5561      -2.7606      -1.4963      -1.9206
                 -1.4758      -2.3690      -2.1387      -1.4420      -1.1376
                 -2.2705      -1.0552      -0.9464      -2.0360      -1.0539
   5      0      -1.8584      -1.5554      -0.7718      -2.7412      -1.5644
                 -1.5846      -1.1660      -0.8742      -1.2000      -1.8711
                 -1.0420      -1.5515      -2.7627      -1.4989      -1.9139
                 -1.4830      -2.3761      -2.1364      -1.4406      -1.1316
                 -2.2646      -1.0553      -0.9429      -2.0330      -1.0527
   5     60      -1.8588      -1.5558      -0.7722      -2.7416      -1.5648
                 -1.5850      -1.1664      -0.8746      -1.2003      -1.8715
                 -1.0423      -1.5519      -2.7631      -1.4992      -1.9142
                 -1.4834      -2.3764      -2.1368      -1.4409      -1.1319
                 -2.2650      -1.0557      -0.9433      -2.0334      -1.0531
   5     80      -1.8638      -1.5607      -0.7768      -2.7465      -1.5697
                 -1.5898      -1.1713      -0.8793      -1.2053      -1.8762
                 -1.0471      -1.5569      -2.7681      -1.5042      -1.9191
                 -1.4884      -2.3814      -2.1419      -1.4456      -1.1358
                 -2.2701      -1.0606      -0.9482      -2.0384      -1.0573
   5    100      -1.8791      -1.5755      -0.7908      -2.7611      -1.5845
                 -1.6041      -1.1862      -0.8934      -1.2204      -1.8904
                 -1.0611      -1.5721      -2.7829      -1.5189      -1.9337
                 -1.5035      -2.3962      -2.1572      -1.4596      -1.1483
                 -2.2855      -1.0753      -0.9629      -2.0534      -1.0702
 
 group  inft   Estimated free energy: 3-th solvent contribution (kcal/mol)
   1      0      -9.9550      -9.9218     -10.1463     -10.1010     -10.0891
                 -9.5872      -9.6181     -10.1745      -9.5609     -10.0307
                 -9.9836      -9.6153      -9.0223      -9.8700      -9.1403
                 -9.3391      -9.8320      -8.4518      -9.8401     -11.0222
                 -9.2125     -10.1307     -10.1536      -9.7399     -10.3692
   1     60      -9.9871      -9.9540     -10.1784     -10.1333     -10.1211
                 -9.6193      -9.6502     -10.2066      -9.5929     -10.0629
                -10.0158      -9.6473      -9.0544      -9.9021      -9.1723
                 -9.3712      -9.8642      -8.4840      -9.8722     -11.0543
                 -9.2444     -10.1629     -10.1857      -9.7721     -10.4013
   1     80     -10.3307     -10.2984     -10.5218     -10.4786     -10.4638
                 -9.9623      -9.9934     -10.5505      -9.9360     -10.4079
                -10.3601      -9.9903      -9.3980     -10.2457      -9.5149
                 -9.7144     -10.2088      -8.8272     -10.2167     -11.3988
                 -9.5861     -10.5078     -10.5304     -10.1162     -10.7452
   1    100     -11.5938     -11.5635     -11.7834     -11.7460     -11.7246
                -11.2232     -11.2550     -11.8146     -11.1975     -11.6753
                -11.6247     -11.2518     -10.6610     -11.5095     -10.7755
                -10.9743     -11.4747     -10.0862     -11.4824     -12.6646
                -10.8443     -11.7743     -11.7969     -11.3813     -12.0088
   2      0      -9.9674      -9.9285     -10.1536     -10.0920     -10.0943
                 -9.5984      -9.6154     -10.1746      -9.5627     -10.0324
                 -9.9884      -9.6133      -9.0197      -9.8645      -9.1405
                 -9.3441      -9.8327      -8.4620      -9.8366     -11.0131
                 -9.2192     -10.1315     -10.1528      -9.7363     -10.3700
   3      0      -9.9744      -9.9389     -10.1631     -10.0974     -10.1032
                 -9.6104      -9.6199     -10.1865      -9.5683     -10.0394
                 -9.9927      -9.6161      -9.0267      -9.8732      -9.1463
                 -9.3489      -9.8398      -8.4708      -9.8437     -11.0189
                 -9.2271     -10.1386     -10.1596      -9.7464     -10.3712
   4      0      -9.9694      -9.9330     -10.1431     -10.0842     -10.0873
                 -9.6029      -9.6238     -10.1614      -9.5634     -10.0328
                 -9.9835      -9.6184      -9.0303      -9.8678      -9.1529
                 -9.3422      -9.8350      -8.4769      -9.8362     -10.9908
                 -9.2187     -10.1196     -10.1592      -9.7409     -10.3609
   5      0      -9.9719      -9.9321     -10.1514     -10.0897     -10.0943
                 -9.6044      -9.6194     -10.1727      -9.5608     -10.0374
                 -9.9801      -9.6105      -9.0246      -9.8694      -9.1442
                 -9.3399      -9.8363      -8.4711      -9.8441     -11.0081
                 -9.2181     -10.1252     -10.1614      -9.7405     -10.3646
   5     60     -10.0160      -9.9764     -10.1956     -10.1342     -10.1385
                 -9.6486      -9.6636     -10.2169      -9.6049     -10.0817
                -10.0244      -9.6546      -9.0688      -9.9137      -9.1884
                 -9.3841      -9.8807      -8.5154      -9.8884     -11.0524
                 -9.2621     -10.1696     -10.2057      -9.7848     -10.4089
   5     80     -10.4493     -10.4107     -10.6287     -10.5691     -10.5707
                -10.0814     -10.0961     -10.6503     -10.0374     -10.5163
                -10.4584     -10.0866      -9.5015     -10.3466      -9.6203
                 -9.8167     -10.3151      -8.9479     -10.3223     -11.4868
                 -9.6931     -10.6042     -10.6401     -10.2185     -10.8424
   5    100     -11.6126     -11.5761     -11.7909     -11.7345     -11.7321
                -11.2431     -11.2571     -11.8139     -11.1987     -11.6825
                -11.6224     -11.2467     -10.6625     -11.5095     -10.7805
                -10.9763     -11.4803     -10.1067     -11.4863     -12.6523
                -10.8520     -11.7694     -11.8060     -11.3825     -12.0052
 
 
 cumulative average & 95% error for solvation free energy
              total             1st component         2nd component         3rd component
  1   -10.0548     0.0000     1.8260     0.0000    -1.8663     0.0000    -9.9744     0.0000
  2   -10.3779     0.6461     1.3316     0.9888    -1.7127     0.3071    -9.9567     0.0356
  3   -10.4516     0.4011     1.0127     0.8561    -1.3987     0.6525   -10.0255     0.1391
  4   -10.5076     0.3050     1.3113     0.8505    -1.7354     0.8163   -10.0434     0.1047
  5   -10.5345     0.2423     1.2613     0.6663    -1.7003     0.6362   -10.0554     0.0846
  6   -10.6607     0.3207     1.0431     0.6974    -1.6825     0.5207    -9.9812     0.1636
  7   -10.7565     0.3318     0.8218     0.7371    -1.6086     0.4642    -9.9296     0.1726
  8   -10.7170     0.2980     0.8018     0.6396    -1.5170     0.4418    -9.9617     0.1627
  9   -10.7149     0.2629     0.7254     0.5844    -1.4822     0.3958    -9.9180     0.1680
 10   -10.7216     0.2355     0.7695     0.5301    -1.5208     0.3623    -9.9301     0.1522
 11   -10.7089     0.2145     0.7453     0.4819    -1.4783     0.3386    -9.9358     0.1381
 12   -10.7199     0.1970     0.7140     0.4443    -1.4846     0.3094    -9.9092     0.1369
 13   -10.7536     0.1934     0.7111     0.4088    -1.5833     0.3463    -9.8413     0.1852
 14   -10.7722     0.1829     0.6892     0.3810    -1.5777     0.3208    -9.8436     0.1715
 15   -10.7926     0.1751     0.6451     0.3654    -1.6006     0.3021    -9.7971     0.1848
 16   -10.7780     0.1663     0.6240     0.3444    -1.5928     0.2830    -9.7691     0.1817
 17   -10.7742     0.1564     0.6785     0.3414    -1.6394     0.2817    -9.7732     0.1709
 18   -10.7812     0.1482     0.6270     0.3379    -1.6672     0.2714    -9.7009     0.2165
 19   -10.7984     0.1443     0.6055     0.3225    -1.6554     0.2578    -9.7084     0.2054
 20   -10.7715     0.1470     0.6718     0.3334    -1.6293     0.2501    -9.7739     0.2348
 21   -10.7602     0.1417     0.6878     0.3188    -1.6600     0.2457    -9.7479     0.2293
 22   -10.7422     0.1398     0.6963     0.3044    -1.6327     0.2405    -9.7656     0.2215
 23   -10.7315     0.1353     0.6942     0.2909    -1.6028     0.2375    -9.7828     0.2144
 24   -10.7467     0.1330     0.6956     0.2785    -1.6210     0.2303    -9.7813     0.2053
 25   -10.7392     0.1285     0.7038     0.2677    -1.5981     0.2256    -9.8049     0.2025
