 ERmod 0.3.7, Copyright (C) 2000-2019 Nobuyuki Matubayasi
                            2010-2019 Shun Sakuraba
 ERmod comes with ABSOLUTELY NO WARRANTY.
 This is free software, and you can redistribute it
 and/or modify it under certain conditions.
 See LICENSE file for details.
Opening: "/home/hervoe/snic2020-6-15/hervoe/Caffeine_solubility/Simulations/opls_simulations/NaI/1.00/trajectory_ref_full.xtc"...
  Trying plugin "Gromacs XTC Compressed Trajectory"...OK
Opening: "/home/hervoe/snic2020-6-15/hervoe/Caffeine_solubility/Simulations/opls_simulations/Solute/trajectory_solute.xtc"...
  Trying plugin "Gromacs XTC Compressed Trajectory"...OK
Opening: "/home/hervoe/snic2020-6-15/hervoe/Caffeine_solubility/Simulations/opls_simulations/Solute/trajectory_solute.xtc"...
  Trying plugin "Gromacs XTC Compressed Trajectory"...OK
Opening: "/home/hervoe/snic2020-6-15/hervoe/Caffeine_solubility/Simulations/opls_simulations/Solute/trajectory_solute.xtc"...
  Trying plugin "Gromacs XTC Compressed Trajectory"...OK
Opening: "/home/hervoe/snic2020-6-15/hervoe/Caffeine_solubility/Simulations/opls_simulations/Solute/trajectory_solute.xtc"...
  Trying plugin "Gromacs XTC Compressed Trajectory"...OK
Opening: "/home/hervoe/snic2020-6-15/hervoe/Caffeine_solubility/Simulations/opls_simulations/Solute/trajectory_solute.xtc"...
  Trying plugin "Gromacs XTC Compressed Trajectory"...OK
Opening: "/home/hervoe/snic2020-6-15/hervoe/Caffeine_solubility/Simulations/opls_simulations/Solute/trajectory_solute.xtc"...
  Trying plugin "Gromacs XTC Compressed Trajectory"...OK
Opening: "/home/hervoe/snic2020-6-15/hervoe/Caffeine_solubility/Simulations/opls_simulations/Solute/trajectory_solute.xtc"...
  Trying plugin "Gromacs XTC Compressed Trajectory"...OK
Opening: "/home/hervoe/snic2020-6-15/hervoe/Caffeine_solubility/Simulations/opls_simulations/Solute/trajectory_solute.xtc"...
  Trying plugin "Gromacs XTC Compressed Trajectory"...OK
Opening: "/home/hervoe/snic2020-6-15/hervoe/Caffeine_solubility/Simulations/opls_simulations/Solute/trajectory_solute.xtc"...
  Trying plugin "Gromacs XTC Compressed Trajectory"...OK
Opening: "/home/hervoe/snic2020-6-15/hervoe/Caffeine_solubility/Simulations/opls_simulations/Solute/trajectory_solute.xtc"...
  Trying plugin "Gromacs XTC Compressed Trajectory"...OK
 
  Number of the   1-th solvent  =           18
  Number of the   2-th solvent  =           18
  Number of the   3-th solvent  =         1000
 
  Be sure that the solvent distribution is homogeneous (radial distribution function is essentially unity) when the solvent molecule is separated beyond distance of   10.0 Angstrom in any direction from any atom within the solute molecule
 
  LJ long-range correction    =        -0.0596     -0.0028     -0.9944
 
  Self-energy of the solute   =        -0.0379  kcal/mol
 
 
 cumulative average & 95% error for solvation energy
              total             1st component         2nd component         3rd component
  1   -49.7743               -2.0171               -2.5089              -45.2103
  2   -49.7966     0.0447    -1.5080     1.0183    -2.0167     0.9845   -46.2341     2.0475
  3   -49.8007     0.0270    -1.5117     0.5880    -1.4697     1.2328   -46.7813     1.6110
  4   -49.7886     0.0307    -1.5419     0.4201    -1.9636     1.3175   -46.2452     1.5644
  5   -49.7099     0.1592    -1.8371     0.6743    -1.7841     1.0818   -46.0508     1.2726
  6   -49.7015     0.1311    -1.6442     0.6723    -1.8139     0.8853   -46.2053     1.0841
  7   -49.6978     0.1110    -1.9170     0.7877    -1.7749     0.7523   -45.9679     1.0320
  8   -49.6910     0.0971    -2.0732     0.7503    -1.6564     0.6933   -45.9235     0.8981
  9   -49.6903     0.0856    -1.8725     0.7739    -1.7255     0.6268   -46.0544     0.8343
 10   -49.7035     0.0810    -1.7586     0.7287    -2.1034     0.9411   -45.8036     0.8991
 11   -49.6987     0.0739    -1.8406     0.6793    -2.1523     0.8568   -45.6679     0.8574
 12   -49.6960     0.0677    -1.4903     0.9356    -2.4047     0.9310   -45.7630     0.8055
 13   -49.7074     0.0663    -1.6036     0.8899    -2.4150     0.8566   -45.6509     0.7741
 14   -49.7009     0.0628    -1.7038     0.8479    -2.6034     0.8781   -45.3558     0.9285
 15   -49.7017     0.0585    -1.6527     0.7960    -2.4828     0.8523   -45.5282     0.9306
 16   -49.7103     0.0573    -1.6584     0.7446    -2.4314     0.8038   -45.5826     0.8773
 17   -49.7119     0.0539    -1.7072     0.7063    -2.3399     0.7770   -45.6269     0.8288
 18   -49.7133     0.0509    -1.6666     0.6708    -2.3650     0.7342   -45.6438     0.7822
 19   -49.7002     0.0548    -1.7049     0.6392    -2.3231     0.6996   -45.6342     0.7401
 20   -49.6997     0.0520    -1.7205     0.6071    -2.3112     0.6641   -45.6301     0.7022
 21   -49.6962     0.0500    -1.7708     0.5862    -2.3604     0.6393   -45.5271     0.6989
 22   -49.6939     0.0479    -1.7707     0.5589    -2.2180     0.6728   -45.6673     0.7230
 23   -49.6951     0.0458    -1.7524     0.5353    -2.3007     0.6639   -45.6040     0.7024
 24   -49.6986     0.0444    -1.7527     0.5125    -2.2441     0.6457   -45.6638     0.6830
 25   -49.6998     0.0427    -1.7738     0.4934    -2.3040     0.6308   -45.5840     0.6743
 
 
 group  inft  solvation free energy     error          difference
  total solvation free energy
   1      0        -11.44048           0.09013          -0.01472
   1     60        -11.48026           0.09014          -0.05450
   1     80        -11.85446           0.09015          -0.42870
   1    100        -13.13083           0.09007          -1.70507
   2      0        -11.42529           0.09119           0.00047
   3      0        -11.42576           0.09115           0.00000
   4      0        -11.41677           0.09070           0.00899
   5      0        -11.41591           0.09175           0.00985
   5     60        -11.47074           0.09177          -0.04498
   5     80        -11.93633           0.09178          -0.51057
   5    100        -13.10882           0.09169          -1.68306
 
  contribution from  1-th solvent component
   1      0         -0.01693           0.25131          -0.01346
   1     60         -0.01823           0.25131          -0.01477
   1     80         -0.02898           0.25135          -0.02552
   1    100         -0.06357           0.25147          -0.06011
   2      0         -0.00639           0.25011          -0.00293
   3      0         -0.00346           0.24999           0.00000
   4      0         -0.00182           0.24979           0.00164
   5      0          0.00024           0.24995           0.00371
   5     60         -0.00144           0.24995           0.00202
   5     80         -0.01470           0.24998          -0.01124
   5    100         -0.04623           0.25005          -0.04277
 
  contribution from  2-th solvent component
   1      0         -1.45203           0.31685          -0.00841
   1     60         -1.45139           0.31686          -0.00777
   1     80         -1.44690           0.31701          -0.00328
   1    100         -1.43725           0.31725           0.00636
   2      0         -1.44644           0.31625          -0.00282
   3      0         -1.44362           0.31456          -0.00000
   4      0         -1.44348           0.31453           0.00014
   5      0         -1.44354           0.31393           0.00007
   5     60         -1.44280           0.31395           0.00082
   5     80         -1.43851           0.31410           0.00511
   5    100         -1.43059           0.31429           0.01303
 
  contribution from  3-th solvent component
   1      0         -9.93359           0.33193           0.00716
   1     60         -9.97270           0.33193          -0.03196
   1     80        -10.34064           0.33209          -0.39990
   1    100        -11.59207           0.33295          -1.65133
   2      0         -9.93452           0.33231           0.00622
   3      0         -9.94074           0.33180           0.00000
   4      0         -9.93353           0.33026           0.00721
   5      0         -9.93467           0.33104           0.00607
   5     60         -9.98855           0.33103          -0.04781
   5     80        -10.44518           0.33126          -0.50443
   5    100        -11.59406           0.33214          -1.65332
 
 
 group  inft   Estimated free energy: total (kcal/mol)
   1      0     -11.6233     -11.2700     -11.2866     -11.2228     -11.7191
                -11.7141     -11.9571     -11.6203     -11.2014     -11.6725
                -11.5139     -11.3167     -11.3684     -11.7738     -11.2773
                -11.1137     -11.4579     -11.3259     -11.2806     -11.2333
                -11.5084     -11.3605     -11.7147     -11.2011     -11.2785
   1     60     -11.6632     -11.3099     -11.3263     -11.2628     -11.7589
                -11.7538     -11.9969     -11.6601     -11.2411     -11.7124
                -11.5536     -11.3565     -11.4081     -11.8136     -11.3171
                -11.1534     -11.4977     -11.3656     -11.3203     -11.2729
                -11.5482     -11.4002     -11.7547     -11.2408     -11.3184
   1     80     -12.0374     -11.6857     -11.7000     -11.6380     -12.1327
                -12.1280     -12.3721     -12.0342     -11.6152     -12.0873
                -11.9261     -11.7303     -11.7822     -12.1868     -11.6914
                -11.5279     -11.8733     -11.7395     -11.6934     -11.6456
                -11.9221     -11.7737     -12.1296     -11.6154     -11.6935
   1    100     -13.3127     -12.9691     -12.9771     -12.9149     -13.4081
                -13.4067     -13.6500     -13.3105     -12.8935     -13.3659
                -13.1969     -13.0039     -13.0581     -13.4568     -12.9695
                -12.8036     -13.1550     -13.0150     -12.9683     -12.9157
                -13.1941     -13.0506     -13.4090     -12.8956     -12.9700
   2      0     -11.5995     -11.2542     -11.2677     -11.1994     -11.7071
                -11.7254     -11.9381     -11.6145     -11.2014     -11.6710
                -11.5074     -11.2957     -11.3560     -11.7506     -11.2506
                -11.0887     -11.4608     -11.3078     -11.2526     -11.2148
                -11.4930     -11.3474     -11.6891     -11.1947     -11.2445
   3      0     -11.5981     -11.2710     -11.2809     -11.1966     -11.7045
                -11.7184     -11.9467     -11.6246     -11.1822     -11.6753
                -11.5128     -11.2932     -11.3388     -11.7467     -11.2537
                -11.0959     -11.4539     -11.3089     -11.2606     -11.2352
                -11.4853     -11.3419     -11.6902     -11.1902     -11.2383
   4      0     -11.5744     -11.2521     -11.2378     -11.2047     -11.6940
                -11.7126     -11.9305     -11.6176     -11.1742     -11.6747
                -11.5022     -11.2738     -11.3475     -11.7350     -11.2374
                -11.0979     -11.4616     -11.3006     -11.2491     -11.2253
                -11.4837     -11.3242     -11.6777     -11.1979     -11.2326
   5      0     -11.5752     -11.2636     -11.2575     -11.1930     -11.7132
                -11.7081     -11.9385     -11.6189     -11.1679     -11.6723
                -11.5057     -11.2897     -11.3236     -11.7299     -11.2428
                -11.0925     -11.4574     -11.2895     -11.2521     -11.2204
                -11.4758     -11.3343     -11.6801     -11.1818     -11.2139
   5     60     -11.6302     -11.3186     -11.3123     -11.2481     -11.7680
                -11.7628     -11.9935     -11.6737     -11.2226     -11.7273
                -11.5604     -11.3445     -11.3783     -11.7848     -11.2975
                -11.1473     -11.5124     -11.3442     -11.3067     -11.2751
                -11.5307     -11.3889     -11.7350     -11.2365     -11.2689
   5     80     -12.0960     -11.7866     -11.7776     -11.7149     -12.2330
                -12.2290     -12.4605     -12.1392     -11.6884     -12.1941
                -12.0240     -11.8097     -11.8434     -12.2485     -11.7630
                -11.6135     -11.9798     -11.8092     -11.7706     -11.7390
                -11.9955     -11.8537     -12.2011     -11.7029     -11.7350
   5    100     -13.2674     -12.9658     -12.9506     -12.8876     -13.4041
                -13.4051     -13.6355     -13.3099     -12.8630     -13.3694
                -13.1913     -12.9798     -13.0160     -13.4142     -12.9361
                -12.7871     -13.1566     -12.9798     -12.9409     -12.9069
                -13.1647     -13.0274     -13.3748     -12.8797     -12.9068
 
 group  inft   Estimated free energy: 1-th solvent contribution (kcal/mol)
   1      0      -0.1615       0.4280       0.2939       0.0647      -0.8096
                  0.4413      -0.9619      -0.6676       0.7555       0.2938
                 -0.3415       2.0277      -0.5658      -0.8085       0.5271
                  0.1895      -0.3582       0.4192      -0.3968      -0.0410
                 -0.5295       0.0458      -0.0838       0.0003      -0.1842
   1     60      -0.1628       0.4267       0.2926       0.0634      -0.8109
                  0.4400      -0.9633      -0.6689       0.7541       0.2925
                 -0.3429       2.0264      -0.5671      -0.8098       0.5258
                  0.1882      -0.3595       0.4179      -0.3981      -0.0423
                 -0.5308       0.0445      -0.0851      -0.0011      -0.1855
   1     80      -0.1732       0.4161       0.2821       0.0527      -0.8218
                  0.4291      -0.9742      -0.6796       0.7432       0.2818
                 -0.3538       2.0162      -0.5781      -0.8205       0.5150
                  0.1778      -0.3704       0.4072      -0.4090      -0.0531
                 -0.5415       0.0337      -0.0960      -0.0120      -0.1963
   1    100      -0.2067       0.3820       0.2483       0.0184      -0.8567
                  0.3942      -1.0095      -0.7143       0.7079       0.2472
                 -0.3889       1.9830      -0.6134      -0.8546       0.4806
                  0.1440      -0.4053       0.3730      -0.4441      -0.0881
                 -0.5761      -0.0012      -0.1310      -0.0470      -0.2309
   2      0      -0.1591       0.4311       0.3030       0.0779      -0.7950
                  0.4457      -0.9507      -0.6526       0.7662       0.3004
                 -0.3279       2.0269      -0.5512      -0.7982       0.5354
                  0.1979      -0.3405       0.4323      -0.3802      -0.0295
                 -0.5171       0.0604      -0.0724       0.0104      -0.1726
   3      0      -0.1535       0.4396       0.3055       0.0795      -0.7905
                  0.4478      -0.9475      -0.6533       0.7689       0.3035
                 -0.3225       2.0252      -0.5509      -0.7951       0.5394
                  0.2002      -0.3363       0.4390      -0.3761      -0.0296
                 -0.5158       0.0619      -0.0714       0.0156      -0.1702
   4      0      -0.1499       0.4382       0.3051       0.0761      -0.7912
                  0.4488      -0.9446      -0.6529       0.7740       0.3077
                 -0.3201       2.0244      -0.5479      -0.7897       0.5400
                  0.2024      -0.3373       0.4398      -0.3751      -0.0265
                 -0.5120       0.0656      -0.0696       0.0202      -0.1709
   5      0      -0.1494       0.4409       0.3089       0.0786      -0.7911
                  0.4526      -0.9437      -0.6513       0.7780       0.3072
                 -0.3158       2.0267      -0.5454      -0.7855       0.5415
                  0.2036      -0.3343       0.4440      -0.3749      -0.0250
                 -0.5152       0.0679      -0.0729       0.0201      -0.1594
   5     60      -0.1511       0.4392       0.3072       0.0770      -0.7928
                  0.4509      -0.9454      -0.6529       0.7763       0.3055
                 -0.3175       2.0251      -0.5471      -0.7872       0.5398
                  0.2020      -0.3360       0.4423      -0.3766      -0.0267
                 -0.5169       0.0662      -0.0746       0.0183      -0.1611
   5     80      -0.1643       0.4257       0.2941       0.0638      -0.8060
                  0.4375      -0.9588      -0.6662       0.7629       0.2921
                 -0.3308       2.0124      -0.5605      -0.8003       0.5266
                  0.1889      -0.3495       0.4292      -0.3898      -0.0400
                 -0.5300       0.0529      -0.0880       0.0048      -0.1743
   5    100      -0.1956       0.3938       0.2630       0.0326      -0.8376
                  0.4055      -0.9908      -0.6976       0.7311       0.2601
                 -0.3627       1.9820      -0.5923      -0.8315       0.4953
                  0.1580      -0.3814       0.3981      -0.4214      -0.0716
                 -0.5611       0.0212      -0.1197      -0.0274      -0.2058
 
 group  inft   Estimated free energy: 2-th solvent contribution (kcal/mol)
   1      0      -1.6999      -0.9210      -0.5030      -1.8725      -1.0438
                 -1.4842      -1.5356      -0.9926      -1.2077      -2.9956
                 -1.7728      -2.8239      -1.4146      -2.9850      -0.6838
                 -0.9707      -0.7652      -1.5962      -0.9337      -1.1988
                 -2.0833       0.0903      -2.3069      -0.5024      -2.0978
   1     60      -1.6993      -0.9204      -0.5023      -1.8719      -1.0432
                 -1.4835      -1.5350      -0.9920      -1.2070      -2.9950
                 -1.7721      -2.8233      -1.4140      -2.9845      -0.6831
                 -0.9701      -0.7645      -1.5956      -0.9331      -1.1981
                 -2.0827       0.0909      -2.3063      -0.5017      -2.0972
   1     80      -1.6952      -0.9154      -0.4972      -1.8678      -1.0390
                 -1.4784      -1.5310      -0.9874      -1.2024      -2.9906
                 -1.7667      -2.8195      -1.4093      -2.9806      -0.6781
                 -0.9661      -0.7596      -1.5914      -0.9288      -1.1934
                 -2.0790       0.0963      -2.3023      -0.4963      -2.0935
   1    100      -1.6867      -0.9051      -0.4871      -1.8597      -1.0299
                 -1.4681      -1.5218      -0.9784      -1.1929      -2.9815
                 -1.7542      -2.8103      -1.3984      -2.9723      -0.6674
                 -0.9569      -0.7500      -1.5826      -0.9208      -1.1813
                 -2.0700       0.1081      -2.2943      -0.4853      -2.0846
   2      0      -1.6889      -0.9121      -0.4960      -1.8610      -1.0451
                 -1.4842      -1.5268      -0.9967      -1.2106      -2.9986
                 -1.7882      -2.8048      -1.4073      -2.9729      -0.6765
                 -0.9450      -0.7893      -1.5987      -0.9235      -1.1909
                 -2.0701       0.0947      -2.3013      -0.4876      -2.0798
   3      0      -1.6779      -0.9298      -0.5026      -1.8532      -1.0432
                 -1.4774      -1.5256      -1.0075      -1.1908      -2.9967
                 -1.7882      -2.7911      -1.3896      -2.9704      -0.6731
                 -0.9460      -0.7832      -1.5972      -0.9299      -1.2065
                 -2.0583       0.0953      -2.2873      -0.4942      -2.0659
   4      0      -1.6789      -0.9155      -0.4930      -1.8572      -1.0525
                 -1.4795      -1.5206      -1.0059      -1.1998      -2.9926
                 -1.7882      -2.7904      -1.3971      -2.9650      -0.6760
                 -0.9497      -0.7890      -1.5949      -0.9217      -1.2025
                 -2.0626       0.0956      -2.2894      -0.4947      -2.0660
   5      0      -1.6698      -0.9292      -0.5000      -1.8515      -1.0603
                 -1.4794      -1.5189      -1.0134      -1.1964      -2.9970
                 -1.7953      -2.7954      -1.3817      -2.9666      -0.6765
                 -0.9454      -0.7908      -1.5921      -0.9285      -1.2005
                 -2.0535       0.0918      -2.2852      -0.4953      -2.0577
   5     60      -1.6691      -0.9284      -0.4992      -1.8508      -1.0597
                 -1.4786      -1.5183      -1.0127      -1.1957      -2.9962
                 -1.7945      -2.7947      -1.3809      -2.9659      -0.6757
                 -0.9447      -0.7900      -1.5914      -0.9277      -1.1997
                 -2.0528       0.0926      -2.2846      -0.4944      -2.0570
   5     80      -1.6653      -0.9238      -0.4943      -1.8468      -1.0557
                 -1.4737      -1.5145      -1.0086      -1.1914      -2.9922
                 -1.7896      -2.7911      -1.3761      -2.9621      -0.6707
                 -0.9408      -0.7854      -1.5876      -0.9236      -1.1953
                 -2.0490       0.0979      -2.2808      -0.4891      -2.0533
   5    100      -1.6579      -0.9152      -0.4850      -1.8398      -1.0482
                 -1.4649      -1.5073      -1.0004      -1.1837      -2.9850
                 -1.7800      -2.7831      -1.3681      -2.9553      -0.6616
                 -0.9337      -0.7773      -1.5801      -0.9171      -1.1860
                 -2.0421       0.1072      -2.2738      -0.4802      -2.0461
 
 group  inft   Estimated free energy: 3-th solvent contribution (kcal/mol)
   1      0      -9.7240     -10.7391     -11.0396      -9.3770      -9.8278
                -10.6332      -9.4216      -9.9222     -10.7113      -8.9328
                 -9.3617     -10.4826      -9.3500      -7.9423     -11.0827
                -10.2946     -10.2966     -10.1110      -9.9121      -9.9556
                 -8.8577     -11.4587      -9.2861     -10.6610      -8.9585
   1     60      -9.7632     -10.7783     -11.0787      -9.4163      -9.8668
                -10.6723      -9.4607      -9.9613     -10.7503      -8.9720
                 -9.4007     -10.5217      -9.3890      -7.9814     -11.1218
                -10.3336     -10.3358     -10.1500      -9.9511      -9.9946
                 -8.8968     -11.4977      -9.3253     -10.7001      -8.9977
   1     80     -10.1311     -11.1485     -11.4470      -9.7850     -10.2340
                -11.0407      -9.8290     -10.3292     -11.1181      -9.3406
                 -9.7677     -10.8891      -9.7568      -8.3478     -11.4904
                -10.7016     -10.7054     -10.5174     -10.3177     -10.3612
                 -9.2636     -11.8657      -9.6934     -11.0692      -9.3658
   1    100     -11.3813     -12.4080     -12.7003     -11.0357     -11.4836
                -12.2948     -11.0808     -11.5799     -12.3706     -10.5937
                -11.0159     -12.1387     -11.0083      -9.5920     -12.7447
                -11.9528     -11.9618     -11.7674     -11.5655     -11.6084
                -10.5102     -13.1195     -10.9457     -12.3254     -10.6165
   2      0      -9.7136     -10.7352     -11.0368      -9.3784      -9.8290
                -10.6490      -9.4227      -9.9272     -10.7191      -8.9348
                 -9.3534     -10.4799      -9.3595      -7.9415     -11.0715
                -10.3038     -10.2930     -10.1035      -9.9109      -9.9564
                 -8.8679     -11.4645      -9.2774     -10.6795      -8.9542
   3      0      -9.7287     -10.7429     -11.0459      -9.3850      -9.8329
                -10.6509      -9.4356      -9.9259     -10.7224      -8.9441
                 -9.3642     -10.4894      -9.3603      -7.9432     -11.0821
                -10.3122     -10.2965     -10.1127      -9.9166      -9.9612
                 -8.8733     -11.4612      -9.2936     -10.6736      -8.9642
   4      0      -9.7077     -10.7368     -11.0120      -9.3856      -9.8125
                -10.6440      -9.4274      -9.9207     -10.7105      -8.9518
                 -9.3560     -10.4699      -9.3645      -7.9424     -11.0634
                -10.3126     -10.2973     -10.1076      -9.9144      -9.9584
                 -8.8712     -11.4475      -9.2807     -10.6855      -8.9578
   5      0      -9.7181     -10.7374     -11.0284      -9.3823      -9.8239
                -10.6433      -9.4379      -9.9163     -10.7115      -8.9446
                 -9.3567     -10.4832      -9.3586      -7.9399     -11.0698
                -10.3128     -10.2944     -10.1034      -9.9108      -9.9570
                 -8.8692     -11.4559      -9.2840     -10.6686      -8.9588
   5     60      -9.7720     -10.7914     -11.0823      -9.4364      -9.8777
                -10.6972      -9.4919      -9.9702     -10.7653      -8.9986
                 -9.4105     -10.5370      -9.4124      -7.9938     -11.1237
                -10.3667     -10.3485     -10.1571      -9.9645     -10.0107
                 -8.9231     -11.5097      -9.3379     -10.7225      -9.0128
   5     80     -10.2285     -11.2506     -11.5395      -9.8940     -10.3333
                -11.1549      -9.9492     -10.4265     -11.2220      -9.4561
                 -9.8656     -10.9931      -9.8689      -8.4481     -11.5810
                -10.8237     -10.8070     -10.6128     -10.4192     -10.4658
                 -9.3785     -11.9665      -9.7944     -11.1807      -9.4694
   5    100     -11.3760     -12.4065     -12.6906     -11.0425     -11.4803
                -12.3078     -11.0995     -11.5740     -12.3725     -10.6066
                -11.0107     -12.1408     -11.0176      -9.5896     -12.7319
                -11.9735     -11.9600     -11.7598     -11.5644     -11.6114
                -10.5235     -13.1178     -10.9434     -12.3342     -10.6170
 
 
 cumulative average & 95% error for solvation free energy
              total             1st component         2nd component         3rd component
  1   -11.5981     0.0000    -0.1535     0.0000    -1.6779     0.0000    -9.7287     0.0000
  2   -11.4345     0.3270     0.1431     0.5931    -1.3039     0.7481   -10.2358     1.0142
  3   -11.3833     0.2148     0.1972     0.3591    -1.0368     0.6870   -10.5059     0.7966
  4   -11.3367     0.1783     0.1678     0.2607    -1.2409     0.6345   -10.2256     0.7946
  5   -11.4102     0.2018    -0.0239     0.4332    -1.2013     0.4978   -10.1471     0.6352
  6   -11.4616     0.1942     0.0547     0.3871    -1.2473     0.4168   -10.2311     0.5452
  7   -11.5309     0.2148    -0.0884     0.4348    -1.2871     0.3611   -10.1174     0.5137
  8   -11.5426     0.1875    -0.1590     0.4021    -1.2522     0.3204   -10.0935     0.4475
  9   -11.5026     0.1837    -0.0559     0.4103    -1.2453     0.2829   -10.1634     0.4187
 10   -11.5198     0.1679    -0.0200     0.3739    -1.4205     0.4321   -10.0414     0.4469
 11   -11.5192     0.1519    -0.0475     0.3427    -1.4539     0.3965    -9.9799     0.4225
 12   -11.5004     0.1437     0.1252     0.4660    -1.5653     0.4251   -10.0223     0.3950
 13   -11.4879     0.1345     0.0732     0.4411    -1.5518     0.3920    -9.9714     0.3773
 14   -11.5064     0.1299     0.0112     0.4268    -1.6531     0.4156    -9.8265     0.4539
 15   -11.4896     0.1255     0.0464     0.4036    -1.5878     0.4084    -9.9102     0.4545
 16   -11.4650     0.1273     0.0560     0.3780    -1.5477     0.3904    -9.9354     0.4281
 17   -11.4643     0.1196     0.0329     0.3580    -1.5027     0.3776    -9.9566     0.4043
 18   -11.4557     0.1141     0.0555     0.3406    -1.5080     0.3561    -9.9653     0.3816
 19   -11.4454     0.1098     0.0328     0.3253    -1.4776     0.3423    -9.9627     0.3610
 20   -11.4349     0.1063     0.0297     0.3087    -1.4640     0.3259    -9.9626     0.3425
 21   -11.4373     0.1012     0.0037     0.2982    -1.4923     0.3151    -9.9108     0.3419
 22   -11.4330     0.0969     0.0063     0.2844    -1.4201     0.3333    -9.9812     0.3551
 23   -11.4442     0.0953     0.0030     0.2718    -1.4578     0.3273    -9.9513     0.3446
 24   -11.4336     0.0936     0.0035     0.2602    -1.4177     0.3235    -9.9814     0.3354
 25   -11.4258     0.0912    -0.0035     0.2500    -1.4436     0.3146    -9.9407     0.3318
