 ERmod 0.3.7, Copyright (C) 2000-2019 Nobuyuki Matubayasi
                            2010-2019 Shun Sakuraba
 ERmod comes with ABSOLUTELY NO WARRANTY.
 This is free software, and you can redistribute it
 and/or modify it under certain conditions.
 See LICENSE file for details.
Opening: "/home/hervoe/snic2020-6-15/hervoe/Caffeine_solubility/Simulations/opls_simulations/CsCl/1.00/trajectory_sol_full.xtc"...
  Trying plugin "Gromacs XTC Compressed Trajectory"...OK
 ERmod 0.3.7, Copyright (C) 2000-2019 Nobuyuki Matubayasi
                            2010-2019 Shun Sakuraba
 ERmod comes with ABSOLUTELY NO WARRANTY.
 This is free software, and you can redistribute it
 and/or modify it under certain conditions.
 See LICENSE file for details.
Opening: "/home/hervoe/snic2020-6-15/hervoe/Caffeine_solubility/Simulations/opls_simulations/CsCl/1.00/trajectory_ref_full.xtc"...
  Trying plugin "Gromacs XTC Compressed Trajectory"...OK
Opening: "/home/hervoe/snic2020-6-15/hervoe/Caffeine_solubility/Simulations/opls_simulations/Solute/trajectory_solute.xtc"...
  Trying plugin "Gromacs XTC Compressed Trajectory"...OK
Opening: "/home/hervoe/snic2020-6-15/hervoe/Caffeine_solubility/Simulations/opls_simulations/Solute/trajectory_solute.xtc"...
  Trying plugin "Gromacs XTC Compressed Trajectory"...OK
Opening: "/home/hervoe/snic2020-6-15/hervoe/Caffeine_solubility/Simulations/opls_simulations/Solute/trajectory_solute.xtc"...
  Trying plugin "Gromacs XTC Compressed Trajectory"...OK
Opening: "/home/hervoe/snic2020-6-15/hervoe/Caffeine_solubility/Simulations/opls_simulations/Solute/trajectory_solute.xtc"...
  Trying plugin "Gromacs XTC Compressed Trajectory"...OK
Opening: "/home/hervoe/snic2020-6-15/hervoe/Caffeine_solubility/Simulations/opls_simulations/Solute/trajectory_solute.xtc"...
  Trying plugin "Gromacs XTC Compressed Trajectory"...OK
Opening: "/home/hervoe/snic2020-6-15/hervoe/Caffeine_solubility/Simulations/opls_simulations/Solute/trajectory_solute.xtc"...
  Trying plugin "Gromacs XTC Compressed Trajectory"...OK
Opening: "/home/hervoe/snic2020-6-15/hervoe/Caffeine_solubility/Simulations/opls_simulations/Solute/trajectory_solute.xtc"...
  Trying plugin "Gromacs XTC Compressed Trajectory"...OK
Opening: "/home/hervoe/snic2020-6-15/hervoe/Caffeine_solubility/Simulations/opls_simulations/Solute/trajectory_solute.xtc"...
  Trying plugin "Gromacs XTC Compressed Trajectory"...OK
Opening: "/home/hervoe/snic2020-6-15/hervoe/Caffeine_solubility/Simulations/opls_simulations/Solute/trajectory_solute.xtc"...
  Trying plugin "Gromacs XTC Compressed Trajectory"...OK
Opening: "/home/hervoe/snic2020-6-15/hervoe/Caffeine_solubility/Simulations/opls_simulations/Solute/trajectory_solute.xtc"...
  Trying plugin "Gromacs XTC Compressed Trajectory"...OK
 
  Number of the   1-th solvent  =           18
  Number of the   2-th solvent  =           18
  Number of the   3-th solvent  =         1000
 
  Be sure that the solvent distribution is homogeneous (radial distribution function is essentially unity) when the solvent molecule is separated beyond distance of   10.0 Angstrom in any direction from any atom within the solute molecule
 
  LJ long-range correction    =        -0.0423     -0.0039     -0.9932
 
  Self-energy of the solute   =        -0.0379  kcal/mol
 
 
 cumulative average & 95% error for solvation energy
              total             1st component         2nd component         3rd component
  1   -49.4949               -0.9080               -3.2631              -45.2859
  2   -49.4056     0.1785    -1.0029     0.1898    -2.7683     0.9896   -45.5966     0.6213
  3   -49.4612     0.1516    -0.7452     0.5270    -2.8287     0.5840   -45.8495     0.6201
  4   -49.5110     0.1462    -0.6213     0.4474    -2.6075     0.6052   -46.2442     0.9031
  5   -49.5691     0.1623    -0.9486     0.7407    -2.3770     0.6575   -46.2056     0.7038
  6   -49.5895     0.1387    -0.8315     0.6486    -2.2538     0.5907   -46.4663     0.7760
  7   -49.5876     0.1173    -0.7621     0.5655    -2.2357     0.5005   -46.5519     0.6778
  8   -49.6079     0.1094    -0.8103     0.4991    -2.1548     0.4627   -46.6049     0.5965
  9   -49.5907     0.1023    -0.7040     0.4888    -2.4856     0.7773   -46.3633     0.7143
 10   -49.6076     0.0975    -0.8401     0.5151    -2.5036     0.6962   -46.2260     0.6954
 11   -49.6062     0.0883    -0.7669     0.4884    -2.4133     0.6551   -46.3881     0.7077
 12   -49.6198     0.0850    -0.7319     0.4513    -2.4068     0.5982   -46.4432     0.6554
 13   -49.6318     0.0818    -0.8334     0.4621    -2.3302     0.5712   -46.4303     0.6034
 14   -49.6293     0.0759    -0.7867     0.4378    -2.4337     0.5679   -46.3709     0.5711
 15   -49.6195     0.0733    -0.7892     0.4076    -2.4893     0.5402   -46.3031     0.5487
 16   -49.6134     0.0697    -0.8460     0.3979    -2.5218     0.5095   -46.2077     0.5476
 17   -49.6009     0.0700    -0.8270     0.3756    -2.4597     0.4944   -46.2763     0.5324
 18   -49.6063     0.0669    -0.8223     0.3543    -2.4537     0.4663   -46.2924     0.5029
 19   -49.6182     0.0675    -0.9350     0.4038    -2.3412     0.4952   -46.3041     0.4763
 20   -49.6152     0.0644    -0.8145     0.4526    -2.4283     0.5011   -46.3344     0.4559
 21   -49.6235     0.0634    -0.7803     0.4359    -2.4062     0.4787   -46.3991     0.4525
 22   -49.6188     0.0612    -0.7670     0.4164    -2.4378     0.4608   -46.3761     0.4339
 23   -49.6150     0.0590    -0.6651     0.4471    -2.5197     0.4698   -46.3924     0.4159
 24   -49.6169     0.0566    -0.6844     0.4298    -2.4563     0.4673   -46.4383     0.4087
 25   -49.6094     0.0563    -0.7152     0.4169    -2.3706     0.4799   -46.4857     0.4033
 
 
 group  inft  solvation free energy     error          difference
  total solvation free energy
   1      0        -11.08331           0.07110          -0.01688
   1     60        -11.11434           0.07110          -0.04792
   1     80        -11.44772           0.07113          -0.38129
   1    100        -12.66868           0.07127          -1.60226
   2      0        -11.06707           0.07077          -0.00064
   3      0        -11.06643           0.07025           0.00000
   4      0        -11.05622           0.07079           0.01021
   5      0        -11.05394           0.07082           0.01248
   5     60        -11.09714           0.07083          -0.03071
   5     80        -11.51700           0.07085          -0.45057
   5    100        -12.64067           0.07093          -1.57425
 
  contribution from  1-th solvent component
   1      0          0.33624           0.19569          -0.01142
   1     60          0.33548           0.19569          -0.01218
   1     80          0.32831           0.19571          -0.01935
   1    100          0.30243           0.19575          -0.04523
   2      0          0.34498           0.19516          -0.00268
   3      0          0.34766           0.19438          -0.00000
   4      0          0.34915           0.19403           0.00149
   5      0          0.35008           0.19402           0.00242
   5     60          0.34909           0.19402           0.00143
   5     80          0.34021           0.19404          -0.00745
   5    100          0.31615           0.19408          -0.03151
 
  contribution from  2-th solvent component
   1      0         -1.10242           0.23203          -0.01226
   1     60         -1.10288           0.23204          -0.01272
   1     80         -1.10804           0.23209          -0.01788
   1    100         -1.12720           0.23221          -0.03704
   2      0         -1.09335           0.23028          -0.00319
   3      0         -1.09016           0.23003           0.00000
   4      0         -1.08759           0.22901           0.00256
   5      0         -1.08623           0.22945           0.00392
   5     60         -1.08681           0.22945           0.00335
   5     80         -1.09343           0.22949          -0.00327
   5    100         -1.11153           0.22954          -0.02137
 
  contribution from  3-th solvent component
   1      0        -10.27923           0.19458           0.00681
   1     60        -10.30905           0.19459          -0.02302
   1     80        -10.63009           0.19482          -0.34406
   1    100        -11.80602           0.19570          -1.51998
   2      0        -10.28081           0.19401           0.00523
   3      0        -10.28604           0.19396           0.00000
   4      0        -10.27989           0.19202           0.00615
   5      0        -10.27989           0.19313           0.00614
   5     60        -10.32152           0.19315          -0.03549
   5     80        -10.72588           0.19344          -0.43984
   5    100        -11.80740           0.19426          -1.52136
 
 
 group  inft   Estimated free energy: total (kcal/mol)
   1      0     -10.9688     -10.9549     -11.1592     -11.0795     -10.9585
                -10.9863     -11.1404     -11.3639     -11.1401     -11.2236
                -10.7262     -11.3567     -10.8890     -11.0864     -11.0911
                -11.5628     -10.8399     -11.0018     -11.0855     -11.1203
                -11.0632     -11.1340     -10.9088     -11.2197     -11.0222
   1     60     -10.9998     -10.9859     -11.1903     -11.1105     -10.9895
                -11.0173     -11.1715     -11.3950     -11.1709     -11.2546
                -10.7572     -11.3877     -10.9201     -11.1173     -11.1221
                -11.5938     -10.8709     -11.0329     -11.1166     -11.1513
                -11.0943     -11.1650     -10.9398     -11.2507     -11.0532
   1     80     -11.3326     -11.3191     -11.5234     -11.4434     -11.3228
                -11.3513     -11.5063     -11.7300     -11.5020     -11.5883
                -11.0907     -11.7218     -11.2537     -11.4500     -11.4547
                -11.9266     -11.2039     -11.3668     -11.4507     -11.4850
                -11.4295     -11.4974     -11.2728     -11.5838     -11.3864
   1    100     -12.5507     -12.5391     -12.7446     -12.6631     -12.5435
                -12.5751     -12.7311     -12.9563     -12.7142     -12.8103
                -12.3119     -12.9461     -12.4741     -12.6699     -12.6722
                -13.1453     -12.4245     -12.5890     -12.6743     -12.7064
                -12.6568     -12.7140     -12.4924     -12.8047     -12.6075
   2      0     -10.9476     -10.9399     -11.1397     -11.0779     -10.9418
                -10.9583     -11.1197     -11.3374     -11.1239     -11.2102
                -10.7170     -11.3456     -10.8848     -11.0666     -11.0667
                -11.5449     -10.8061     -11.0029     -11.0689     -11.0951
                -11.0544     -11.1163     -10.8901     -11.2000     -11.0207
   3      0     -10.9456     -10.9451     -11.1415     -11.0831     -10.9457
                -10.9650     -11.1083     -11.3319     -11.1294     -11.1997
                -10.7234     -11.3470     -10.8877     -11.0555     -11.0613
                -11.5426     -10.8002     -11.0021     -11.0587     -11.0946
                -11.0512     -11.1330     -10.8875     -11.1955     -11.0251
   4      0     -10.9408     -10.9380     -11.1300     -11.0623     -10.9396
                -10.9431     -11.1029     -11.3218     -11.1233     -11.1998
                -10.7128     -11.3388     -10.8823     -11.0470     -11.0456
                -11.5431     -10.7829     -11.0020     -11.0484     -11.0820
                -11.0370     -11.1146     -10.8848     -11.1791     -11.0035
   5      0     -10.9315     -10.9363     -11.1294     -11.0744     -10.9237
                -10.9470     -11.0976     -11.3205     -11.1185     -11.1812
                -10.7194     -11.3359     -10.8807     -11.0425     -11.0563
                -11.5447     -10.7714     -10.9960     -11.0436     -11.0696
                -11.0363     -11.1160     -10.8832     -11.1768     -11.0160
   5     60     -10.9747     -10.9795     -11.1726     -11.1176     -10.9669
                -10.9902     -11.1409     -11.3639     -11.1615     -11.2244
                -10.7626     -11.3791     -10.9239     -11.0856     -11.0994
                -11.5878     -10.8146     -11.0393     -11.0868     -11.1127
                -11.0797     -11.1591     -10.9264     -11.2200     -11.0592
   5     80     -11.3937     -11.3990     -11.5922     -11.5374     -11.3866
                -11.4110     -11.5622     -11.7856     -11.5786     -11.6445
                -11.1828     -11.8001     -11.3441     -11.5046     -11.5182
                -12.0068     -11.2338     -11.4597     -11.5073     -11.5323
                -11.5020     -11.5778     -11.3460     -11.6397     -11.4791
   5    100     -12.5142     -12.5216     -12.7157     -12.6617     -12.5100
                -12.5375     -12.6884     -12.9136     -12.6947     -12.7685
                -12.3077     -12.9274     -12.4678     -12.6268     -12.6388
                -13.1284     -12.3566     -12.5845     -12.6329     -12.6544
                -12.6320     -12.6978     -12.4686     -12.7638     -12.6035
 
 group  inft   Estimated free energy: 1-th solvent contribution (kcal/mol)
   1      0       0.2565       0.1846       0.5191       0.5047      -0.2560
                  0.7197       0.4300       0.0417       0.6719      -0.2894
                  0.7750       0.4113      -0.2147       0.5141       0.1507
                 -0.4181       0.6042       0.5030      -0.6087       1.2755
                  0.6387       0.2995       1.4899       0.1721       0.0306
   1     60       0.2558       0.1839       0.5183       0.5040      -0.2568
                  0.7189       0.4292       0.0409       0.6711      -0.2902
                  0.7742       0.4105      -0.2154       0.5134       0.1500
                 -0.4189       0.6035       0.5023      -0.6094       1.2748
                  0.6380       0.2987       1.4892       0.1713       0.0298
   1     80       0.2486       0.1767       0.5110       0.4968      -0.2641
                  0.7119       0.4221       0.0337       0.6641      -0.2972
                  0.7673       0.4033      -0.2226       0.5062       0.1428
                 -0.4261       0.5963       0.4952      -0.6169       1.2673
                  0.6308       0.2916       1.4822       0.1642       0.0227
   1    100       0.2227       0.1511       0.4847       0.4710      -0.2902
                  0.6864       0.3965       0.0075       0.6384      -0.3226
                  0.7423       0.3770      -0.2481       0.4804       0.1167
                 -0.4525       0.5706       0.4696      -0.6439       1.2404
                  0.6050       0.2656       1.4568       0.1385      -0.0031
   2      0       0.2701       0.1960       0.5268       0.5134      -0.2415
                  0.7285       0.4355       0.0581       0.6795      -0.2814
                  0.7795       0.4171      -0.2082       0.5226       0.1627
                 -0.4131       0.6226       0.5057      -0.5942       1.2829
                  0.6410       0.3091       1.4949       0.1816       0.0354
   3      0       0.2760       0.1943       0.5303       0.5152      -0.2396
                  0.7276       0.4398       0.0587       0.6783      -0.2791
                  0.7827       0.4186      -0.2020       0.5278       0.1680
                 -0.4048       0.6308       0.5073      -0.5888       1.2800
                  0.6447       0.3068       1.4905       0.1861       0.0423
   4      0       0.2746       0.1983       0.5293       0.5153      -0.2331
                  0.7318       0.4389       0.0633       0.6803      -0.2746
                  0.7776       0.4256      -0.1988       0.5273       0.1679
                 -0.4055       0.6323       0.5080      -0.5862       1.2842
                  0.6427       0.3086       1.4889       0.1896       0.0425
   5      0       0.2851       0.1988       0.5300       0.5165      -0.2324
                  0.7313       0.4395       0.0625       0.6816      -0.2751
                  0.7817       0.4205      -0.1998       0.5272       0.1655
                 -0.4046       0.6376       0.5101      -0.5830       1.2860
                  0.6429       0.3124       1.4868       0.1878       0.0430
   5     60       0.2841       0.1978       0.5290       0.5155      -0.2334
                  0.7304       0.4385       0.0615       0.6806      -0.2761
                  0.7807       0.4195      -0.2008       0.5262       0.1645
                 -0.4056       0.6366       0.5091      -0.5840       1.2850
                  0.6419       0.3114       1.4858       0.1868       0.0420
   5     80       0.2754       0.1890       0.5201       0.5066      -0.2424
                  0.7216       0.4298       0.0525       0.6718      -0.2850
                  0.7721       0.4103      -0.2096       0.5174       0.1556
                 -0.4145       0.6278       0.5003      -0.5932       1.2759
                  0.6329       0.3025       1.4771       0.1779       0.0331
   5    100       0.2518       0.1650       0.4961       0.4827      -0.2668
                  0.6979       0.4061       0.0282       0.6478      -0.3090
                  0.7486       0.3856      -0.2332       0.4935       0.1315
                 -0.4387       0.6041       0.4763      -0.6180       1.2513
                  0.6086       0.2781       1.4534       0.1540       0.0091
 
 group  inft   Estimated free energy: 2-th solvent contribution (kcal/mol)
   1      0      -1.5182      -1.1170      -1.4048      -0.7951      -0.5889
                 -0.7560      -1.0132      -0.8754      -2.4792      -1.3245
                 -0.4774      -1.1645      -0.4873      -1.6800      -1.4746
                 -1.6543      -0.6634      -1.1483      -0.1185      -1.8654
                 -0.8269      -1.4148      -1.9624      -0.5542      -0.1964
   1     60      -1.5187      -1.1175      -1.4052      -0.7956      -0.5893
                 -0.7564      -1.0137      -0.8758      -2.4797      -1.3249
                 -0.4779      -1.1650      -0.4877      -1.6804      -1.4751
                 -1.6548      -0.6638      -1.1487      -0.1190      -1.8659
                 -0.8273      -1.4152      -1.9629      -0.5546      -0.1969
   1     80      -1.5239      -1.1227      -1.4105      -0.8004      -0.5940
                 -0.7617      -1.0190      -0.8810      -2.4850      -1.3303
                 -0.4828      -1.1702      -0.4928      -1.6858      -1.4805
                 -1.6600      -0.6692      -1.1538      -0.1238      -1.8709
                 -0.8325      -1.4203      -1.9683      -0.5600      -0.2017
   1    100      -1.5434      -1.1422      -1.4300      -0.8184      -0.6117
                 -0.7813      -1.0389      -0.9004      -2.5042      -1.3500
                 -0.5013      -1.1898      -0.5116      -1.7058      -1.5007
                 -1.6794      -0.6892      -1.1722      -0.1414      -1.8892
                 -0.8517      -1.4391      -1.9882      -0.5799      -0.2201
   2      0      -1.5074      -1.1077      -1.3903      -0.7992      -0.5874
                 -0.7385      -1.0013      -0.8649      -2.4630      -1.3135
                 -0.4779      -1.1578      -0.4873      -1.6644      -1.4594
                 -1.6393      -0.6487      -1.1480      -0.1180      -1.8521
                 -0.8139      -1.4120      -1.9423      -0.5389      -0.2007
   3      0      -1.5046      -1.1083      -1.3845      -0.7983      -0.5867
                 -0.7378      -0.9977      -0.8605      -2.4624      -1.3046
                 -0.4773      -1.1520      -0.4861      -1.6585      -1.4513
                 -1.6357      -0.6418      -1.1427      -0.1102      -1.8513
                 -0.8114      -1.4153      -1.9345      -0.5345      -0.2062
   4      0      -1.5018      -1.1071      -1.3799      -0.7972      -0.5870
                 -0.7313      -0.9962      -0.8600      -2.4519      -1.3043
                 -0.4786      -1.1534      -0.4916      -1.6524      -1.4422
                 -1.6338      -0.6414      -1.1444      -0.1157      -1.8434
                 -0.8029      -1.4102      -1.9290      -0.5344      -0.1997
   5      0      -1.5013      -1.1072      -1.3820      -0.7937      -0.5800
                 -0.7320      -0.9941      -0.8621      -2.4518      -1.2991
                 -0.4730      -1.1442      -0.4894      -1.6528      -1.4481
                 -1.6332      -0.6348      -1.1436      -0.1123      -1.8457
                 -0.8034      -1.4098      -1.9286      -0.5288      -0.2049
   5     60      -1.5018      -1.1078      -1.3825      -0.7943      -0.5805
                 -0.7326      -0.9948      -0.8627      -2.4524      -1.2997
                 -0.4735      -1.1448      -0.4900      -1.6534      -1.4487
                 -1.6337      -0.6354      -1.1441      -0.1128      -1.8462
                 -0.8040      -1.4103      -1.9291      -0.5294      -0.2054
   5     80      -1.5085      -1.1145      -1.3893      -0.8007      -0.5866
                 -0.7394      -1.0016      -0.8695      -2.4591      -1.3065
                 -0.4799      -1.1515      -0.4966      -1.6602      -1.4556
                 -1.6403      -0.6422      -1.1506      -0.1190      -1.8527
                 -0.8106      -1.4169      -1.9360      -0.5362      -0.2118
   5    100      -1.5266      -1.1328      -1.4076      -0.8182      -0.6036
                 -0.7579      -1.0206      -0.8881      -2.4771      -1.3249
                 -0.4979      -1.1697      -0.5147      -1.6787      -1.4745
                 -1.6582      -0.6608      -1.1682      -0.1359      -1.8701
                 -0.8287      -1.4346      -1.9547      -0.5548      -0.2295
 
 group  inft   Estimated free energy: 3-th solvent contribution (kcal/mol)
   1      0      -9.6692      -9.9846     -10.2356     -10.7513     -10.0757
                -10.9121     -10.5193     -10.4923      -9.2949      -9.5718
                -10.9858     -10.5655     -10.1491      -9.8826      -9.7294
                 -9.4525     -10.7429     -10.3187     -10.3204     -10.4925
                -10.8371      -9.9809     -10.3984     -10.7997     -10.8185
   1     60      -9.6990     -10.0144     -10.2654     -10.7811     -10.1055
                -10.9419     -10.5492     -10.5223      -9.3245      -9.6017
                -11.0157     -10.5954     -10.1790      -9.9124      -9.7591
                 -9.4823     -10.7727     -10.3486     -10.3503     -10.5224
                -10.8671     -10.0106     -10.4282     -10.8295     -10.8483
   1     80     -10.0194     -10.3353     -10.5861     -11.1019     -10.4268
                -11.2636     -10.8715     -10.8447      -9.6432      -9.9229
                -11.3373     -10.9169     -10.5004     -10.2326     -10.0791
                 -9.8025     -11.0931     -10.6703     -10.6721     -10.8435
                -11.1899     -10.3307     -10.7488     -11.1501     -11.1695
   1    100     -11.1921     -11.5102     -11.7613     -12.2779     -11.6037
                -12.4424     -12.0508     -12.0255     -10.8105     -11.0998
                -12.5149     -12.0954     -11.6765     -11.4066     -11.2504
                -10.9755     -12.2681     -11.8485     -11.8511     -12.0197
                -12.3722     -11.5026     -11.9230     -12.3254     -12.3465
   2      0      -9.6724      -9.9904     -10.2383     -10.7543     -10.0750
                -10.9104     -10.5160     -10.4927      -9.3025      -9.5774
                -10.9806     -10.5670     -10.1515      -9.8870      -9.7322
                 -9.4545     -10.7422     -10.3227     -10.3188     -10.4881
                -10.8436      -9.9755     -10.4048     -10.8048     -10.8175
   3      0      -9.6791      -9.9932     -10.2494     -10.7621     -10.0816
                -10.9170     -10.5126     -10.4922      -9.3074      -9.5781
                -10.9909     -10.5757     -10.1617      -9.8869      -9.7402
                 -9.4643     -10.7513     -10.3288     -10.3218     -10.4854
                -10.8466      -9.9866     -10.4056     -10.8092     -10.8233
   4      0      -9.6757      -9.9913     -10.2414     -10.7426     -10.0816
                -10.9058     -10.5077     -10.4872      -9.3139      -9.5830
                -10.9739     -10.5731     -10.1539      -9.8840      -9.7334
                 -9.4659     -10.7359     -10.3278     -10.3087     -10.4849
                -10.8389      -9.9750     -10.4068     -10.7963     -10.8084
   5      0      -9.6775      -9.9900     -10.2396     -10.7593     -10.0734
                -10.9084     -10.5051     -10.4830      -9.3104      -9.5690
                -10.9902     -10.5743     -10.1536      -9.8790      -9.7358
                 -9.4690     -10.7364     -10.3247     -10.3103     -10.4720
                -10.8379      -9.9808     -10.4036     -10.7979     -10.8162
   5     60      -9.7191     -10.0316     -10.2812     -10.8010     -10.1151
                -10.9501     -10.5468     -10.5247      -9.3518      -9.6107
                -11.0319     -10.6159     -10.1953      -9.9206      -9.7773
                 -9.5106     -10.7779     -10.3664     -10.3521     -10.5136
                -10.8797     -10.0223     -10.4452     -10.8394     -10.8579
   5     80     -10.1227     -10.4356     -10.6851     -11.2055     -10.5197
                -11.3553     -10.9525     -10.9307      -9.7533     -10.0151
                -11.4371     -11.0211     -10.6001     -10.3239     -10.1803
                 -9.9141     -11.1816     -10.7715     -10.7572     -10.9176
                -11.2864     -10.4255     -10.8491     -11.2435     -11.2626
   5    100     -11.2014     -11.5159     -11.7662     -12.2883     -11.6017
                -12.4396     -12.0360     -12.0159     -10.8275     -11.0967
                -12.5206     -12.1053     -11.6820     -11.4036     -11.2579
                -10.9936     -12.2621     -11.8547     -11.8411     -11.9977
                -12.3741     -11.5034     -11.9295     -12.3251     -12.3452
 
 
 cumulative average & 95% error for solvation free energy
              total             1st component         2nd component         3rd component
  1   -10.9456     0.0000     0.2760     0.0000    -1.5046     0.0000    -9.6791     0.0000
  2   -10.9453     0.0005     0.2351     0.0817    -1.3064     0.3963    -9.8361     0.3141
  3   -11.0107     0.1308     0.3335     0.2024    -1.3325     0.2346    -9.9739     0.3298
  4   -11.0288     0.0993     0.3790     0.1695    -1.1989     0.3144   -10.1710     0.4579
  5   -11.0122     0.0838     0.2552     0.2801    -1.0765     0.3454   -10.1531     0.3565
  6   -11.0043     0.0702     0.3340     0.2777    -1.0200     0.3038   -10.2804     0.3868
  7   -11.0192     0.0664     0.3491     0.2366    -1.0168     0.2568   -10.3136     0.3335
  8   -11.0583     0.0970     0.3128     0.2174    -0.9973     0.2258   -10.3359     0.2923
  9   -11.0662     0.0870     0.3534     0.2082    -1.1601     0.3817   -10.2216     0.3445
 10   -11.0795     0.0823     0.2901     0.2251    -1.1745     0.3426   -10.1573     0.3339
 11   -11.0472     0.0987     0.3349     0.2225    -1.1111     0.3348   -10.2330     0.3379
 12   -11.0721     0.1030     0.3419     0.2036    -1.1146     0.3057   -10.2616     0.3137
 13   -11.0580     0.0989     0.3001     0.2051    -1.0662     0.2974   -10.2539     0.2890
 14   -11.0578     0.0916     0.3163     0.1926    -1.1085     0.2880   -10.2277     0.2727
 15   -11.0580     0.0852     0.3064     0.1804    -1.1314     0.2720   -10.1952     0.2620
 16   -11.0883     0.1001     0.2620     0.1908    -1.1629     0.2621   -10.1495     0.2616
 17   -11.0714     0.1000     0.2837     0.1844    -1.1322     0.2537   -10.1849     0.2557
 18   -11.0675     0.0946     0.2961     0.1756    -1.1328     0.2392   -10.1929     0.2416
 19   -11.0670     0.0895     0.2495     0.1904    -1.0790     0.2506   -10.1997     0.2289
 20   -11.0684     0.0849     0.3011     0.2080    -1.1176     0.2500   -10.2140     0.2191
 21   -11.0676     0.0808     0.3174     0.2005    -1.1030     0.2395   -10.2441     0.2169
 22   -11.0706     0.0773     0.3169     0.1912    -1.1172     0.2301   -10.2324     0.2081
 23   -11.0626     0.0755     0.3680     0.2093    -1.1527     0.2311   -10.2399     0.1994
 24   -11.0681     0.0732     0.3604     0.2009    -1.1270     0.2272   -10.2636     0.1968
 25   -11.0664     0.0702     0.3477     0.1944    -1.0902     0.2300   -10.2860     0.1940
