 ERmod 0.3.7, Copyright (C) 2000-2019 Nobuyuki Matubayasi
                            2010-2019 Shun Sakuraba
 ERmod comes with ABSOLUTELY NO WARRANTY.
 This is free software, and you can redistribute it
 and/or modify it under certain conditions.
 See LICENSE file for details.
Opening: "/home/hervoe/snic2020-6-15/hervoe/temp/Simulations/KF/2.00/trajectory_sol_full.xtc"...
  Trying plugin "Gromacs XTC Compressed Trajectory"...OK
 ERmod 0.3.7, Copyright (C) 2000-2019 Nobuyuki Matubayasi
                            2010-2019 Shun Sakuraba
 ERmod comes with ABSOLUTELY NO WARRANTY.
 This is free software, and you can redistribute it
 and/or modify it under certain conditions.
 See LICENSE file for details.
Opening: "/home/hervoe/snic2020-6-15/hervoe/temp/Simulations/KF/2.00/trajectory_ref_full.xtc"...
  Trying plugin "Gromacs XTC Compressed Trajectory"...OK
Opening: "/home/hervoe/snic2020-6-15/hervoe/temp/Simulations/Solute_new/trajectory_solute.xtc"...
  Trying plugin "Gromacs XTC Compressed Trajectory"...OK
Opening: "/home/hervoe/snic2020-6-15/hervoe/temp/Simulations/Solute_new/trajectory_solute.xtc"...
  Trying plugin "Gromacs XTC Compressed Trajectory"...OK
Opening: "/home/hervoe/snic2020-6-15/hervoe/temp/Simulations/Solute_new/trajectory_solute.xtc"...
  Trying plugin "Gromacs XTC Compressed Trajectory"...OK
Opening: "/home/hervoe/snic2020-6-15/hervoe/temp/Simulations/Solute_new/trajectory_solute.xtc"...
  Trying plugin "Gromacs XTC Compressed Trajectory"...OK
Opening: "/home/hervoe/snic2020-6-15/hervoe/temp/Simulations/Solute_new/trajectory_solute.xtc"...
  Trying plugin "Gromacs XTC Compressed Trajectory"...OK
Opening: "/home/hervoe/snic2020-6-15/hervoe/temp/Simulations/Solute_new/trajectory_solute.xtc"...
  Trying plugin "Gromacs XTC Compressed Trajectory"...OK
Opening: "/home/hervoe/snic2020-6-15/hervoe/temp/Simulations/Solute_new/trajectory_solute.xtc"...
  Trying plugin "Gromacs XTC Compressed Trajectory"...OK
Opening: "/home/hervoe/snic2020-6-15/hervoe/temp/Simulations/Solute_new/trajectory_solute.xtc"...
  Trying plugin "Gromacs XTC Compressed Trajectory"...OK
Opening: "/home/hervoe/snic2020-6-15/hervoe/temp/Simulations/Solute_new/trajectory_solute.xtc"...
  Trying plugin "Gromacs XTC Compressed Trajectory"...OK
Opening: "/home/hervoe/snic2020-6-15/hervoe/temp/Simulations/Solute_new/trajectory_solute.xtc"...
  Trying plugin "Gromacs XTC Compressed Trajectory"...OK
 
  Number of the   1-th solvent  =           36
  Number of the   2-th solvent  =           36
  Number of the   3-th solvent  =         1000
 
  Be sure that the solvent distribution is homogeneous (radial distribution function is essentially unity) when the solvent molecule is separated beyond distance of   10.0 Angstrom in any direction from any atom within the solute molecule
 
  LJ long-range correction    =        -0.0330     -0.0305     -0.9032
 
  Self-energy of the solute   =        -0.0165  kcal/mol
 
 
 cumulative average & 95% error for solvation energy
              total             1st component         2nd component         3rd component
  1   -59.9502                2.7022               -4.4403              -58.1956
  2   -59.9237     0.0531     1.5263     2.3518    -4.3239     0.2327   -57.1095     2.1722
  3   -60.0356     0.2260     1.5457     1.3584    -4.3127     0.1362   -57.2521     1.2861
  4   -60.1133     0.2228     1.8154     1.1016    -4.7551     0.8901   -57.1570     0.9291
  5   -60.1188     0.1729     2.3466     1.3627    -5.1077     0.9862   -57.3412     0.8085
  6   -60.0827     0.1586     2.2335     1.1354    -4.8652     0.9400   -57.4344     0.6860
  7   -60.0477     0.1512     2.3499     0.9874    -4.9719     0.8226   -57.4091     0.5820
  8   -60.0650     0.1355     2.3588     0.8553    -5.3140     0.9877   -57.0933     0.8080
  9   -60.0365     0.1324     2.4399     0.7716    -5.6480     1.0978   -56.8119     0.9081
 10   -60.0358     0.1184     2.4398     0.6901    -5.7359     0.9975   -56.7231     0.8314
 11   -60.0575     0.1156     2.4358     0.6243    -5.7408     0.9023   -56.7360     0.7524
 12   -60.0929     0.1271     2.4440     0.5701    -6.0615     1.0440   -56.4588     0.8827
 13   -60.1127     0.1234     2.4726     0.5276    -6.1598     0.9803   -56.4090     0.8180
 14   -60.1247     0.1167     2.5028     0.4921    -6.1624     0.9076   -56.4485     0.7615
 15   -60.1312     0.1095     2.6062     0.5027    -6.3934     0.9630   -56.3275     0.7491
 16   -60.1279     0.1026     2.5062     0.5110    -6.3426     0.9065   -56.2750     0.7085
 17   -60.1437     0.1014     2.5205     0.4808    -6.3305     0.8518   -56.3172     0.6709
 18   -60.1319     0.0985     2.4090     0.5052    -6.2107     0.8381   -56.3136     0.6325
 19   -60.1275     0.0936     2.3303     0.5032    -6.1706     0.7968   -56.2707     0.6044
 20   -60.1039     0.1006     2.3092     0.4792    -6.1421     0.7581   -56.2544     0.5744
 21   -60.0957     0.0971     2.3275     0.4573    -6.1597     0.7219   -56.2470     0.5465
 22   -60.0842     0.0954     2.3009     0.4392    -6.1484     0.6887   -56.2202     0.5239
 23   -60.0863     0.0913     2.1952     0.4700    -6.0630     0.6799   -56.2019     0.5019
 24   -60.0763     0.0896     2.1639     0.4543    -6.0237     0.6557   -56.2000     0.4805
 25   -60.0702     0.0868     2.1648     0.4358    -5.9947     0.6316   -56.2237     0.4633
 
 
 group  inft  solvation free energy     error          difference
  total solvation free energy
   1      0        -14.71035           0.12406           0.03415
   1     60        -14.74546           0.12410          -0.00097
   1     80        -15.11071           0.12457          -0.36621
   1    100        -16.42182           0.12588          -1.67733
   2      0        -14.72063           0.12582           0.02386
   3      0        -14.74449           0.12610           0.00000
   4      0        -14.73946           0.12784           0.00503
   5      0        -14.73164           0.12744           0.01285
   5     60        -14.78061           0.12746          -0.03611
   5     80        -15.23926           0.12806          -0.49476
   5    100        -16.44572           0.12937          -1.70123
 
  contribution from  1-th solvent component
   1      0          2.75278           0.20868           0.01548
   1     60          2.75431           0.20866           0.01702
   1     80          2.76099           0.20874           0.02369
   1    100          2.76126           0.20930           0.02397
   2      0          2.74612           0.20889           0.00882
   3      0          2.73729           0.20854           0.00000
   4      0          2.73609           0.20831          -0.00120
   5      0          2.73677           0.20872          -0.00052
   5     60          2.73854           0.20871           0.00125
   5     80          2.74556           0.20891           0.00826
   5    100          2.74422           0.20952           0.00693
 
  contribution from  2-th solvent component
   1      0         -3.99447           0.31231          -0.00085
   1     60         -3.99489           0.31231          -0.00127
   1     80         -4.00174           0.31240          -0.00812
   1    100         -4.03575           0.31262          -0.04213
   2      0         -3.99240           0.31065           0.00122
   3      0         -3.99362           0.30967          -0.00000
   4      0         -3.99497           0.30951          -0.00135
   5      0         -3.99112           0.30930           0.00250
   5     60         -3.99162           0.30932           0.00201
   5     80         -4.00042           0.30941          -0.00680
   5    100         -4.03140           0.30958          -0.03778
 
  contribution from  3-th solvent component
   1      0        -13.45211           0.24010           0.01952
   1     60        -13.48833           0.24010          -0.01671
   1     80        -13.85341           0.24027          -0.38179
   1    100        -15.13078           0.24117          -1.65916
   2      0        -13.45781           0.24028           0.01381
   3      0        -13.47162           0.24022          -0.00000
   4      0        -13.46403           0.23966           0.00759
   5      0        -13.46075           0.23997           0.01087
   5     60        -13.51099           0.23999          -0.03937
   5     80        -13.96785           0.24023          -0.49623
   5    100        -15.14199           0.24115          -1.67037
 
 
 group  inft   Estimated free energy: total (kcal/mol)
   1      0     -14.2519     -14.8551     -14.7572     -14.9189     -14.8332
                -13.8933     -14.3776     -14.8244     -14.5707     -14.8418
                -14.8737     -15.0918     -15.0919     -14.8198     -15.2083
                -15.1731     -14.9721     -14.4767     -14.7301     -14.3337
                -14.4348     -14.5588     -14.6854     -14.6388     -14.5457
   1     60     -14.2867     -14.8895     -14.7923     -14.9543     -14.8688
                -13.9281     -14.4127     -14.8596     -14.6060     -14.8769
                -14.9088     -15.1274     -15.1270     -14.8551     -15.2435
                -15.2078     -15.0076     -14.5120     -14.7651     -14.3688
                -14.4699     -14.5940     -14.7205     -14.6738     -14.5803
   1     80     -14.6485     -15.2501     -15.1584     -15.3222     -15.2374
                -14.2898     -14.7767     -15.2282     -14.9713     -15.2420
                -15.2740     -15.4957     -15.4940     -15.2213     -15.6078
                -15.5713     -15.3772     -14.8768     -15.1306     -14.7319
                -14.8349     -14.9597     -15.0858     -15.0388     -14.9432
   1    100     -15.9503     -16.5507     -16.4723     -16.6421     -16.5540
                -15.5922     -16.0842     -16.5521     -16.2792     -16.5522
                -16.5850     -16.8104     -16.8131     -16.5363     -16.9142
                -16.8777     -16.7013     -16.1847     -16.4448     -16.0359
                -16.1440     -16.2711     -16.3975     -16.3493     -16.2510
   2      0     -14.2723     -14.8610     -14.7746     -14.9484     -14.8648
                -13.9041     -14.3879     -14.8351     -14.5637     -14.8590
                -14.9186     -15.1103     -15.0894     -14.8184     -15.2167
                -15.2034     -14.9797     -14.4800     -14.7258     -14.3306
                -14.4205     -14.5529     -14.7007     -14.6371     -14.5609
   3      0     -14.2994     -14.8990     -14.8068     -14.9818     -14.8913
                -13.9302     -14.4150     -14.8418     -14.5899     -14.8630
                -14.9339     -15.1199     -15.1308     -14.8442     -15.2375
                -15.2336     -15.0141     -14.4869     -14.7368     -14.3444
                -14.4430     -14.5822     -14.7217     -14.6634     -14.6017
   4      0     -14.2870     -14.8933     -14.7917     -14.9874     -14.8820
                -13.9237     -14.3986     -14.8414     -14.5765     -14.8720
                -14.9425     -15.1135     -15.1213     -14.8293     -15.2411
                -15.2517     -15.0029     -14.4853     -14.7327     -14.3239
                -14.4370     -14.5730     -14.7247     -14.6572     -14.5967
   5      0     -14.2874     -14.8794     -14.7872     -14.9815     -14.8793
                -13.9108     -14.3907     -14.8306     -14.5714     -14.8647
                -14.9311     -15.1011     -15.1190     -14.8245     -15.2271
                -15.2362     -14.9959     -14.4844     -14.7237     -14.3152
                -14.4295     -14.5658     -14.7237     -14.6364     -14.5945
   5     60     -14.3361     -14.9276     -14.8362     -15.0306     -14.9288
                -13.9594     -14.4395     -14.8798     -14.6206     -14.9136
                -14.9800     -15.1505     -15.1679     -14.8735     -15.2761
                -15.2846     -15.0454     -14.5336     -14.7727     -14.3642
                -14.4784     -14.6150     -14.7728     -14.6853     -14.6430
   5     80     -14.7907     -15.3810     -15.2963     -15.4925     -15.3911
                -14.4131     -14.8963     -15.3433     -15.0787     -15.3721
                -15.4388     -15.6124     -15.6290     -15.3328     -15.7330
                -15.7414     -15.5097     -14.9912     -15.2323     -14.8203
                -14.9365     -15.0743     -15.2320     -15.1433     -15.0992
   5    100     -15.9892     -16.5785     -16.5062     -16.7078     -16.6031
                -15.6105     -16.0993     -16.5615     -16.2808     -16.5779
                -16.6460     -16.8215     -16.8430     -16.5420     -16.9347
                -16.9444     -16.7288     -16.1940     -16.4413     -16.0193
                -16.1409     -16.2807     -16.4402     -16.3484     -16.3032
 
 group  inft   Estimated free energy: 1-th solvent contribution (kcal/mol)
   1      0       3.3063       1.9360       2.3897       2.9195       3.5819
                  3.2604       3.4403       2.5856       3.2480       2.7514
                  2.9259       2.4511       2.8555       3.0433       3.4590
                  1.7915       2.8219       2.2989       2.0510       2.8924
                  3.1451       2.6007       1.7792       2.3284       2.9564
   1     60       3.3081       1.9377       2.3913       2.9207       3.5832
                  3.2621       3.4418       2.5872       3.2494       2.7528
                  2.9273       2.4525       2.8570       3.0448       3.4603
                  1.7934       2.8233       2.3003       2.0526       2.8939
                  3.1467       2.6023       1.7806       2.3299       2.9582
   1     80       3.3183       1.9457       2.3975       2.9250       3.5885
                  3.2726       3.4495       2.5918       3.2558       2.7587
                  2.9331       2.4570       2.8619       3.0521       3.4664
                  1.8010       2.8281       2.3071       2.0592       2.9017
                  3.1541       2.6093       1.7868       2.3369       2.9667
   1    100       3.3285       1.9482       2.3944       2.9203       3.5865
                  3.2858       3.4542       2.5838       3.2572       2.7563
                  2.9313       2.4506       2.8555       3.0541       3.4666
                  1.8025       2.8220       2.3103       2.0565       2.9065
                  3.1556       2.6106       1.7856       2.3381       2.9705
   2      0       3.3070       1.9355       2.3879       2.8958       3.5487
                  3.2547       3.4365       2.5708       3.2492       2.7349
                  2.9013       2.4238       2.8534       3.0498       3.4490
                  1.7685       2.8259       2.3002       2.0430       2.9048
                  3.1481       2.6100       1.7744       2.3187       2.9610
   3      0       3.3088       1.9232       2.3628       2.8756       3.5323
                  3.2546       3.4269       2.5659       3.2345       2.7364
                  2.8949       2.4280       2.8324       3.0335       3.4404
                  1.7552       2.8077       2.3064       2.0411       2.9058
                  3.1459       2.5997       1.7705       2.3112       2.9386
   4      0       3.3117       1.9309       2.3729       2.8603       3.5275
                  3.2478       3.4298       2.5652       3.2453       2.7261
                  2.8877       2.4142       2.8294       3.0341       3.4334
                  1.7498       2.8100       2.3040       2.0466       2.9089
                  3.1456       2.6102       1.7694       2.3056       2.9360
   5      0       3.3101       1.9308       2.3670       2.8601       3.5281
                  3.2574       3.4300       2.5693       3.2396       2.7269
                  2.8884       2.4189       2.8274       3.0382       3.4387
                  1.7462       2.8066       2.3063       2.0457       2.9103
                  3.1475       2.6097       1.7644       2.3128       2.9386
   5     60       3.3121       1.9327       2.3688       2.8617       3.5298
                  3.2594       3.4317       2.5711       3.2412       2.7286
                  2.8901       2.4206       2.8291       3.0401       3.4403
                  1.7484       2.8082       2.3079       2.0475       2.9119
                  3.1495       2.6114       1.7661       2.3147       2.9406
   5     80       3.3236       1.9411       2.3746       2.8661       3.5356
                  3.2717       3.4404       2.5749       3.2480       2.7345
                  2.8959       2.4251       2.8337       3.0483       3.4470
                  1.7564       2.8126       2.3153       2.0538       2.9202
                  3.1573       2.6187       1.7723       2.3224       2.9493
   5    100       3.3321       1.9420       2.3697       2.8594       3.5318
                  3.2833       3.4437       2.5658       3.2480       2.7304
                  2.8922       2.4170       2.8256       3.0488       3.4459
                  1.7556       2.8053       2.3171       2.0498       2.9237
                  3.1571       2.6186       1.7693       2.3222       2.9509
 
 group  inft   Estimated free energy: 2-th solvent contribution (kcal/mol)
   1      0      -3.0948      -3.3278      -3.0558      -4.0239      -4.1401
                 -2.7747      -3.7854      -4.6263      -5.2099      -4.2642
                 -4.0159      -5.6830      -4.6729      -4.0190      -5.9847
                 -3.8559      -3.9887      -3.2578      -3.6660      -3.8806
                 -4.1864      -3.9834      -3.1804      -3.5124      -3.6718
   1     60      -3.0951      -3.3281      -3.0563      -4.0243      -4.1406
                 -2.7750      -3.7858      -4.6268      -5.2103      -4.2647
                 -4.0163      -5.6835      -4.6734      -4.0195      -5.9850
                 -3.8563      -3.9893      -3.2582      -3.6665      -3.8810
                 -4.1868      -3.9838      -3.1809      -3.5129      -3.6720
   1     80      -3.1009      -3.3339      -3.0635      -4.0314      -4.1479
                 -2.7809      -3.7925      -4.6347      -5.2174      -4.2717
                 -4.0224      -5.6912      -4.6802      -4.0264      -5.9915
                 -3.8630      -3.9969      -3.2649      -3.6739      -3.8880
                 -4.1938      -3.9906      -3.1881      -3.5202      -3.6775
   1    100      -3.1321      -3.3649      -3.0973      -4.0663      -4.1833
                 -2.8132      -3.8256      -4.6714      -5.2530      -4.3060
                 -4.0547      -5.7271      -4.7138      -4.0604      -6.0242
                 -3.8964      -4.0327      -3.2989      -3.7097      -3.9230
                 -4.2277      -4.0252      -3.2228      -3.5559      -3.7080
   2      0      -3.1066      -3.3254      -3.0687      -4.0251      -4.1308
                 -2.7739      -3.7893      -4.6147      -5.2033      -4.2609
                 -4.0300      -5.6699      -4.6655      -4.0195      -5.9746
                 -3.8551      -3.9906      -3.2563      -3.6491      -3.8824
                 -4.1760      -3.9798      -3.1815      -3.4988      -3.6822
   3      0      -3.1217      -3.3362      -3.0658      -4.0174      -4.1302
                 -2.7852      -3.7929      -4.6056      -5.2019      -4.2538
                 -4.0244      -5.6706      -4.6685      -4.0220      -5.9730
                 -3.8561      -3.9919      -3.2588      -3.6445      -3.8843
                 -4.1820      -3.9825      -3.1817      -3.5032      -3.6864
   4      0      -3.1190      -3.3345      -3.0768      -4.0151      -4.1243
                 -2.7898      -3.7956      -4.6071      -5.2087      -4.2604
                 -4.0375      -5.6654      -4.6686      -4.0156      -5.9783
                 -3.8616      -3.9957      -3.2629      -3.6463      -3.8809
                 -4.1748      -3.9844      -3.1872      -3.4984      -3.6857
   5      0      -3.1190      -3.3300      -3.0720      -4.0127      -4.1246
                 -2.7863      -3.7885      -4.6048      -5.1998      -4.2539
                 -4.0269      -5.6607      -4.6686      -4.0174      -5.9741
                 -3.8537      -3.9867      -3.2673      -3.6401      -3.8761
                 -4.1747      -3.9811      -3.1838      -3.4879      -3.6873
   5     60      -3.1194      -3.3303      -3.0727      -4.0132      -4.1252
                 -2.7866      -3.7890      -4.6054      -5.2003      -4.2544
                 -4.0273      -5.6613      -4.6690      -4.0180      -5.9744
                 -3.8542      -3.9874      -3.2678      -3.6407      -3.8767
                 -4.1752      -3.9816      -3.1844      -3.4885      -3.6875
   5     80      -3.1270      -3.3377      -3.0820      -4.0223      -4.1346
                 -2.7942      -3.7976      -4.6156      -5.2093      -4.2634
                 -4.0353      -5.6712      -4.6778      -4.0269      -5.9826
                 -3.8628      -3.9973      -3.2765      -3.6502      -3.8857
                 -4.1841      -3.9903      -3.1937      -3.4978      -3.6946
   5    100      -3.1558      -3.3657      -3.1134      -4.0536      -4.1669
                 -2.8235      -3.8281      -4.6492      -5.2413      -4.2944
                 -4.0647      -5.7039      -4.7084      -4.0578      -6.0122
                 -3.8934      -4.0305      -3.3077      -3.6822      -3.9175
                 -4.2152      -4.0216      -3.2255      -3.5298      -3.7225
 
 group  inft   Estimated free energy: 3-th solvent contribution (kcal/mol)
   1      0     -14.4469     -13.4467     -14.0746     -13.7979     -14.2585
                -14.3624     -14.0160     -12.7672     -12.5923     -13.3124
                -13.7671     -11.8434     -13.2579     -13.8275     -12.6661
                -13.0922     -13.7887     -13.5013     -13.0986     -13.3290
                -13.3769     -13.1596     -13.2676     -13.4382     -13.8138
   1     60     -14.4832     -13.4826     -14.1108     -13.8341     -14.2950
                -14.3987     -14.0521     -12.8034     -12.6286     -13.3485
                -13.8033     -11.8798     -13.2940     -13.8639     -12.7023
                -13.1284     -13.8251     -13.5375     -13.1347     -13.3651
                -13.4132     -13.1960     -13.3037     -13.4743     -13.8500
   1     80     -14.8493     -13.8454     -14.4759     -14.1993     -14.6615
                -14.7650     -14.4171     -13.1688     -12.9931     -13.7124
                -14.1681     -12.2450     -13.6592     -14.2304     -13.0662
                -13.4928     -14.1918     -13.9024     -13.4993     -13.7290
                -13.7787     -13.5619     -13.6680     -13.8390     -14.2158
   1    100     -16.1302     -15.1175     -15.7530     -15.4795     -15.9406
                -16.0483     -15.6963     -14.4478     -14.2669     -14.9859
                -15.4450     -13.5174     -14.9382     -15.5135     -14.3400
                -14.7672     -15.4740     -15.1795     -14.7750     -15.0029
                -15.0553     -14.8400     -14.9438     -15.1150     -15.4969
   2      0     -14.4561     -13.4546     -14.0772     -13.8026     -14.2662
                -14.3683     -14.0186     -12.7747     -12.5931     -13.3164
                -13.7734     -11.8476     -13.2608     -13.8321     -12.6746
                -13.1003     -13.7984     -13.5074     -13.1032     -13.3364
                -13.3761     -13.1665     -13.2771     -13.4404     -13.8232
   3      0     -14.4699     -13.4694     -14.0873     -13.8235     -14.2770
                -14.3830     -14.0325     -12.7855     -12.6060     -13.3291
                -13.7878     -11.8608     -13.2781     -13.8392     -12.6884
                -13.1162     -13.8133     -13.5179     -13.1169     -13.3493
                -13.3904     -13.1828     -13.2940     -13.4549     -13.8374
   4      0     -14.4632     -13.4731     -14.0712     -13.8160     -14.2687
                -14.3651     -14.0163     -12.7829     -12.5965     -13.3212
                -13.7762     -11.8459     -13.2656     -13.8312     -12.6796
                -13.1234     -13.8006     -13.5099     -13.1165     -13.3354
                -13.3913     -13.1823     -13.2904     -13.4478     -13.8306
   5      0     -14.4619     -13.4636     -14.0656     -13.8124     -14.2663
                -14.3653     -14.0156     -12.7786     -12.5947     -13.3212
                -13.7761     -11.8428     -13.2613     -13.8287     -12.6753
                -13.1121     -13.7992     -13.5069     -13.1128     -13.3328
                -13.3857     -13.1778     -13.2878     -13.4448     -13.8292
   5     60     -14.5123     -13.5134     -14.1158     -13.8626     -14.3169
                -14.4156     -14.0657     -12.8288     -12.6450     -13.3712
                -13.8263     -11.8933     -13.3115     -13.8791     -12.7254
                -13.1623     -13.8497     -13.5571     -13.1630     -13.3829
                -13.4361     -13.2283     -13.3379     -13.4950     -13.8795
   5     80     -14.9707     -13.9679     -14.5724     -14.3199     -14.7755
                -14.8741     -14.5226     -13.2861     -13.1009     -13.8266
                -14.2829     -12.3498     -13.7683     -14.3377     -13.1809
                -13.6184     -14.3086     -14.0135     -13.6194     -13.8383
                -13.8932     -13.6862     -13.7940     -13.9513     -14.3373
   5    100     -16.1489     -15.1382     -15.7459     -15.4970     -15.9514
                -16.0538     -15.6983     -14.4616     -14.2709     -14.9973
                -15.4569     -13.5181     -14.9437     -15.5165     -14.3518
                -14.7902     -15.4871     -15.1868     -14.7924     -15.0090
                -15.0662     -14.8611     -14.9676     -15.1242     -15.5151
 
 
 cumulative average & 95% error for solvation free energy
              total             1st component         2nd component         3rd component
  1   -14.2994     0.0000     3.3088     0.0000    -3.1217     0.0000   -14.4699     0.0000
  2   -14.5992     0.5995     2.6160     1.3856    -3.2290     0.2145   -13.9697     1.0006
  3   -14.6684     0.3728     2.5316     0.8176    -3.1746     0.1648   -14.0089     0.5830
  4   -14.7467     0.3067     2.6176     0.6032    -3.3853     0.4372   -13.9625     0.4225
  5   -14.7757     0.2445     2.8005     0.5935    -3.5343     0.4511   -14.0254     0.3506
  6   -14.6348     0.3454     2.8762     0.5076    -3.4094     0.4450   -14.0850     0.3101
  7   -14.6034     0.2986     2.9549     0.4570    -3.4642     0.3917   -14.0775     0.2625
  8   -14.6332     0.2653     2.9063     0.4075    -3.6069     0.4433   -13.9160     0.3950
  9   -14.6284     0.2342     2.9427     0.3667    -3.7841     0.5277   -13.7704     0.4540
 10   -14.6518     0.2147     2.9221     0.3306    -3.8311     0.4812   -13.7263     0.4155
 11   -14.6775     0.2008     2.9196     0.2991    -3.8486     0.4367   -13.7319     0.3760
 12   -14.7143     0.1976     2.8787     0.2850    -4.0005     0.5011   -13.5760     0.4638
 13   -14.7464     0.1927     2.8751     0.2623    -4.0519     0.4723   -13.5531     0.4291
 14   -14.7534     0.1790     2.8864     0.2439    -4.0497     0.4373   -13.5735     0.3993
 15   -14.7856     0.1787     2.9233     0.2388    -4.1779     0.4811   -13.5145     0.3900
 16   -14.8136     0.1763     2.8503     0.2668    -4.1578     0.4518   -13.4896     0.3682
 17   -14.8254     0.1673     2.8478     0.2507    -4.1481     0.4249   -13.5086     0.3480
 18   -14.8066     0.1621     2.8177     0.2439    -4.0987     0.4126   -13.5092     0.3281
 19   -14.8029     0.1535     2.7769     0.2448    -4.0748     0.3932   -13.4885     0.3131
 20   -14.7800     0.1527     2.7833     0.2326    -4.0652     0.3735   -13.4816     0.2973
 21   -14.7640     0.1487     2.8006     0.2239    -4.0708     0.3554   -13.4772     0.2829
 22   -14.7557     0.1428     2.7915     0.2142    -4.0668     0.3390   -13.4638     0.2711
 23   -14.7542     0.1365     2.7471     0.2231    -4.0283     0.3329   -13.4564     0.2595
 24   -14.7504     0.1309     2.7289     0.2167    -4.0064     0.3218   -13.4564     0.2484
 25   -14.7445     0.1261     2.7373     0.2085    -3.9936     0.3097   -13.4716     0.2402
