 ERmod 0.3.7, Copyright (C) 2000-2019 Nobuyuki Matubayasi
                            2010-2019 Shun Sakuraba
 ERmod comes with ABSOLUTELY NO WARRANTY.
 This is free software, and you can redistribute it
 and/or modify it under certain conditions.
 See LICENSE file for details.
Opening: "/home/hervoe/snic2020-6-15/hervoe/Caffeine_solubility/Simulations/opls_simulations/NaF/0.50/trajectory_ref_full.xtc"...
  Trying plugin "Gromacs XTC Compressed Trajectory"...OK
Opening: "/home/hervoe/snic2020-6-15/hervoe/Caffeine_solubility/Simulations/opls_simulations/Solute/trajectory_solute.xtc"...
  Trying plugin "Gromacs XTC Compressed Trajectory"...OK
Opening: "/home/hervoe/snic2020-6-15/hervoe/Caffeine_solubility/Simulations/opls_simulations/Solute/trajectory_solute.xtc"...
  Trying plugin "Gromacs XTC Compressed Trajectory"...OK
Opening: "/home/hervoe/snic2020-6-15/hervoe/Caffeine_solubility/Simulations/opls_simulations/Solute/trajectory_solute.xtc"...
  Trying plugin "Gromacs XTC Compressed Trajectory"...OK
Opening: "/home/hervoe/snic2020-6-15/hervoe/Caffeine_solubility/Simulations/opls_simulations/Solute/trajectory_solute.xtc"...
  Trying plugin "Gromacs XTC Compressed Trajectory"...OK
Opening: "/home/hervoe/snic2020-6-15/hervoe/Caffeine_solubility/Simulations/opls_simulations/Solute/trajectory_solute.xtc"...
  Trying plugin "Gromacs XTC Compressed Trajectory"...OK
Opening: "/home/hervoe/snic2020-6-15/hervoe/Caffeine_solubility/Simulations/opls_simulations/Solute/trajectory_solute.xtc"...
  Trying plugin "Gromacs XTC Compressed Trajectory"...OK
Opening: "/home/hervoe/snic2020-6-15/hervoe/Caffeine_solubility/Simulations/opls_simulations/Solute/trajectory_solute.xtc"...
  Trying plugin "Gromacs XTC Compressed Trajectory"...OK
Opening: "/home/hervoe/snic2020-6-15/hervoe/Caffeine_solubility/Simulations/opls_simulations/Solute/trajectory_solute.xtc"...
  Trying plugin "Gromacs XTC Compressed Trajectory"...OK
Opening: "/home/hervoe/snic2020-6-15/hervoe/Caffeine_solubility/Simulations/opls_simulations/Solute/trajectory_solute.xtc"...
  Trying plugin "Gromacs XTC Compressed Trajectory"...OK
Opening: "/home/hervoe/snic2020-6-15/hervoe/Caffeine_solubility/Simulations/opls_simulations/Solute/trajectory_solute.xtc"...
  Trying plugin "Gromacs XTC Compressed Trajectory"...OK
 
  Number of the   1-th solvent  =            9
  Number of the   2-th solvent  =            9
  Number of the   3-th solvent  =         1000
 
  Be sure that the solvent distribution is homogeneous (radial distribution function is essentially unity) when the solvent molecule is separated beyond distance of   10.0 Angstrom in any direction from any atom within the solute molecule
 
  LJ long-range correction    =        -0.0131     -0.0015     -1.0540
 
  Self-energy of the solute   =        -0.0402  kcal/mol
 
 
 cumulative average & 95% error for solvation energy
              total             1st component         2nd component         3rd component
  1   -49.9165               -1.0831                0.1652              -48.9584
  2   -50.0784     0.3239    -0.2909     1.5845    -0.5412     1.4129   -49.2061     0.4954
  3   -50.0644     0.1891    -0.4040     0.9423    -1.1411     1.4509   -48.4791     1.4819
  4   -50.0355     0.1457    -0.1038     0.8969    -1.1750     1.0282   -48.7165     1.1504
  5   -49.9922     0.1423     0.1271     0.8342    -1.0955     0.8121   -48.9835     1.0389
  6   -49.9853     0.1170     0.0659     0.6920    -1.3286     0.8105   -48.6824     1.0403
  7   -50.0295     0.1326     0.2139     0.6556    -1.3876     0.6951   -48.8157     0.9187
  8   -50.0811     0.1543     0.1106     0.6042    -1.5844     0.7193   -48.5671     0.9382
  9   -50.0942     0.1386    -0.0275     0.6002    -1.3600     0.7771   -48.6664     0.8510
 10   -50.1085     0.1272    -0.0006     0.5395    -1.4060     0.7011   -48.6617     0.7612
 11   -50.0815     0.1271     0.0626     0.5041    -1.3792     0.6364   -48.7248     0.7000
 12   -50.0540     0.1284     0.1833     0.5196    -1.3141     0.5954   -48.8830     0.7130
 13   -50.0447     0.1196     0.1497     0.4827    -1.3900     0.5683   -48.7642     0.6976
 14   -50.0577     0.1137     0.1658     0.4481    -1.4187     0.5293   -48.7645     0.6459
 15   -50.0657     0.1070     0.2088     0.4259    -1.4276     0.4931   -48.8067     0.6072
 16   -50.0665     0.1001     0.2587     0.4107    -1.3589     0.4812   -48.9260     0.6160
 17   -50.0734     0.0951     0.2360     0.3884    -1.3712     0.4527   -48.8981     0.5813
 18   -50.0705     0.0899     0.2715     0.3730    -1.3889     0.4283   -48.9129     0.5489
 19   -50.0753     0.0855     0.3169     0.3643    -1.4559     0.4267   -48.8961     0.5203
 20   -50.0840     0.0830     0.3412     0.3490    -1.5535     0.4494   -48.8314     0.5103
 21   -50.0885     0.0795     0.2529     0.3761    -1.4942     0.4437   -48.8070     0.4878
 22   -50.0823     0.0768     0.2210     0.3642    -1.4415     0.4359   -48.8215     0.4660
 23   -50.0817     0.0734     0.2183     0.3480    -1.4325     0.4169   -48.8273     0.4454
 24   -50.0881     0.0714     0.2595     0.3432    -1.4554     0.4018   -48.8520     0.4293
 25   -50.0944     0.0696     0.2037     0.3476    -1.4642     0.3858   -48.7937     0.4280
 
 
 group  inft  solvation free energy     error          difference
  total solvation free energy
   1      0        -11.32269           0.09820           0.00975
   1     60        -11.35080           0.09821          -0.01836
   1     80        -12.14170           0.95583          -0.80926
   1    100        -13.46967           1.17475          -2.13723
   2      0        -11.32291           0.09920           0.00953
   3      0        -11.33244           0.09840           0.00000
   4      0        -11.31595           0.09994           0.01649
   5      0        -11.32049           0.09874           0.01195
   5     60        -11.36036           0.09877          -0.02792
   5     80        -11.76517           0.09904          -0.43273
   5    100        -12.87850           0.09959          -1.54606
 
  contribution from  1-th solvent component
   1      0          0.27730           0.19944           0.00739
   1     60          0.27860           0.19939           0.00869
   1     80          0.28811           0.19973           0.01821
   1    100          0.30464           0.20037           0.03473
   2      0          0.27233           0.19946           0.00242
   3      0          0.26991           0.19949          -0.00000
   4      0          0.27243           0.19882           0.00253
   5      0          0.27186           0.19886           0.00195
   5     60          0.27296           0.19883           0.00306
   5     80          0.27999           0.19885           0.01009
   5    100          0.29497           0.19884           0.02506
 
  contribution from  2-th solvent component
   1      0         -0.92037           0.20716          -0.00436
   1     60         -0.92030           0.20717          -0.00429
   1     80         -0.92058           0.20723          -0.00456
   1    100         -0.91753           0.20714          -0.00152
   2      0         -0.91532           0.20619           0.00069
   3      0         -0.91601           0.20609           0.00000
   4      0         -0.91611           0.20618          -0.00009
   5      0         -0.91542           0.20585           0.00059
   5     60         -0.91513           0.20586           0.00089
   5     80         -0.91387           0.20596           0.00215
   5    100         -0.91159           0.20621           0.00443
 
  contribution from  3-th solvent component
   1      0        -10.63940           0.21107           0.00672
   1     60        -10.66888           0.21106          -0.02277
   1     80        -11.46902           0.99204          -0.82291
   1    100        -12.81656           1.27834          -2.17045
   2      0        -10.63970           0.21088           0.00641
   3      0        -10.64611           0.21028           0.00000
   4      0        -10.63206           0.20802           0.01406
   5      0        -10.63671           0.20955           0.00941
   5     60        -10.67798           0.20955          -0.03186
   5     80        -11.09108           0.20964          -0.44496
   5    100        -12.22167           0.21000          -1.57555
 
 
 group  inft   Estimated free energy: total (kcal/mol)
   1      0     -11.0523     -11.4155     -11.5114     -11.3618     -11.2120
                -11.5291     -11.5455     -11.6471     -11.5563     -11.3082
                -10.7417     -11.1243     -11.1884     -11.4522     -11.3510
                -11.0372     -11.5159     -11.2169     -11.2569     -11.3517
                -11.8822     -11.0404     -10.9863     -11.3853     -11.3975
   1     60     -11.0801     -11.4440     -11.5392     -11.3900     -11.2397
                -11.5572     -11.5738     -11.6752     -11.5845     -11.3365
                -10.7694     -11.1525     -11.2163     -11.4805     -11.3794
                -11.0654     -11.5442     -11.2451     -11.2852     -11.3802
                -11.9098     -11.0686     -11.0145     -11.4136     -11.4252
   1     80     -11.3972     -23.5511     -11.8584     -11.7094     -11.5573
                -11.8765     -11.8939     -11.9949     -11.9053     -11.6577
                -11.0862     -11.4725     -11.5347     -11.8000     -11.7000
                -11.3846     -11.8645     -11.5645     -11.6064     -11.7007
                -12.2289     -11.3877     -11.3336     -11.7339     -11.7428
   1    100     -12.5963     -12.9727     -13.0627     -12.9154     -12.7579
                -13.0811     -13.1015     -13.2029     -13.1159     -12.8684
                -12.2836     -27.5178     -12.7384     -13.0077     -12.9093
                -12.5904     -13.0726     -12.7693     -12.8167     -12.9075
                -13.4353     -12.5935     -12.5384     -12.9436     -12.9431
   2      0     -11.0811     -11.4109     -11.4983     -11.3915     -11.2021
                -11.5357     -11.5184     -11.6496     -11.5245     -11.3325
                -10.7150     -11.1279     -11.1731     -11.4433     -11.3655
                -11.0271     -11.5425     -11.1987     -11.2753     -11.3480
                -11.9045     -11.0626     -10.9831     -11.3964     -11.3649
   3      0     -11.0932     -11.4070     -11.5221     -11.3957     -11.2044
                -11.5446     -11.5423     -11.6664     -11.5223     -11.3401
                -10.7373     -11.1377     -11.1735     -11.4503     -11.3535
                -11.0296     -11.5382     -11.2150     -11.2849     -11.3669
                -11.9127     -11.0877     -11.0019     -11.4092     -11.3747
   4      0     -11.0767     -11.3809     -11.5137     -11.3873     -11.1926
                -11.5387     -11.5065     -11.6546     -11.5048     -11.3299
                -10.6944     -11.1138     -11.1626     -11.4406     -11.3477
                -11.0120     -11.5272     -11.2024     -11.2706     -11.3502
                -11.8999     -11.0633     -10.9858     -11.3866     -11.3557
   5      0     -11.0808     -11.3845     -11.5156     -11.4047     -11.2024
                -11.5317     -11.5294     -11.6561     -11.5013     -11.3280
                -10.7099     -11.1353     -11.1560     -11.4441     -11.3425
                -11.0228     -11.5242     -11.1994     -11.2717     -11.3441
                -11.9015     -11.0730     -10.9966     -11.3880     -11.3685
   5     60     -11.1203     -11.4246     -11.5553     -11.4445     -11.2419
                -11.5715     -11.5695     -11.6960     -11.5413     -11.3681
                -10.7493     -11.1753     -11.1957     -11.4840     -11.3827
                -11.0626     -11.5643     -11.2393     -11.3119     -11.3842
                -11.9412     -11.1129     -11.0366     -11.4280     -11.4081
   5     80     -11.5219     -11.8305     -11.9607     -11.8487     -11.6446
                -11.9753     -11.9748     -12.1011     -11.9476     -11.7752
                -11.1510     -11.5810     -11.5993     -11.8887     -11.7887
                -11.4670     -11.9705     -11.6435     -11.7192     -11.7898
                -12.3463     -11.5177     -11.4415     -11.8336     -11.8108
   5    100     -12.6277     -12.9459     -13.0738     -12.9623     -12.7531
                -13.0869     -13.0877     -13.2160     -13.0633     -12.8943
                -12.2566     -12.6976     -12.7099     -13.0041     -12.9045
                -12.5810     -13.0863     -12.7548     -12.8375     -12.9039
                -13.4600     -12.6321     -12.5551     -12.9499     -12.9185
 
 group  inft   Estimated free energy: 1-th solvent contribution (kcal/mol)
   1      0      -0.1469       0.3903      -0.3857       0.6724       0.6542
                  0.2277       0.6978      -0.2661      -0.3289       0.3370
                  0.8720       1.0118      -0.0428       0.3169       0.4672
                  0.5920       0.1090       0.7413       0.7233       0.5590
                 -0.9891      -0.0199       0.4263       0.7865      -0.4728
   1     60      -0.1454       0.3913      -0.3839       0.6735       0.6559
                  0.2291       0.6990      -0.2648      -0.3276       0.3382
                  0.8737       1.0130      -0.0413       0.3179       0.4683
                  0.5931       0.1101       0.7426       0.7245       0.5600
                 -0.9873      -0.0188       0.4274       0.7876      -0.4712
   1     80      -0.1380       0.4708      -0.3767       0.6795       0.6638
                  0.2364       0.7057      -0.2588      -0.3210       0.3440
                  0.8820       1.0197      -0.0344       0.3235       0.4746
                  0.5993       0.1162       0.7496       0.7308       0.5656
                 -0.9806      -0.0132       0.4335       0.7938      -0.4633
   1    100      -0.1172       0.4137      -0.3571       0.6952       0.6857
                  0.2568       0.7240      -0.2435      -0.3028       0.3593
                  0.9053       1.0799      -0.0157       0.3381       0.4916
                  0.6162       0.1320       0.7694       0.7475       0.5799
                 -0.9626       0.0013       0.4497       0.8104      -0.4411
   2      0      -0.1697       0.3846      -0.3887       0.6475       0.6698
                  0.2205       0.6830      -0.2733      -0.3183       0.3291
                  0.8932       1.0007      -0.0565       0.3146       0.4494
                  0.5829       0.0881       0.7513       0.7157       0.5455
                 -1.0022      -0.0141       0.4291       0.7793      -0.4534
   3      0      -0.1637       0.3902      -0.3995       0.6440       0.6604
                  0.2211       0.6746      -0.2835      -0.3114       0.3318
                  0.8857       0.9928      -0.0608       0.3139       0.4549
                  0.5864       0.0883       0.7565       0.7142       0.5440
                 -1.0088      -0.0253       0.4220       0.7734      -0.4536
   4      0      -0.1675       0.3953      -0.3980       0.6479       0.6568
                  0.2307       0.6787      -0.2684      -0.3106       0.3342
                  0.9029       0.9928      -0.0583       0.3127       0.4550
                  0.5812       0.0944       0.7521       0.7110       0.5455
                 -0.9990      -0.0192       0.4239       0.7684      -0.4516
   5      0      -0.1629       0.3941      -0.3962       0.6429       0.6539
                  0.2311       0.6741      -0.2775      -0.3062       0.3357
                  0.8965       0.9887      -0.0594       0.3142       0.4574
                  0.5838       0.0945       0.7589       0.7154       0.5444
                 -1.0039      -0.0204       0.4210       0.7691      -0.4527
   5     60      -0.1617       0.3950      -0.3948       0.6439       0.6553
                  0.2323       0.6751      -0.2764      -0.3051       0.3366
                  0.8978       0.9898      -0.0581       0.3151       0.4584
                  0.5848       0.0955       0.7600       0.7164       0.5454
                 -1.0025      -0.0194       0.4219       0.7701      -0.4514
   5     80      -0.1534       0.4016      -0.3875       0.6502       0.6637
                  0.2403       0.6827      -0.2702      -0.2981       0.3428
                  0.9068       0.9969      -0.0507       0.3212       0.4652
                  0.5915       0.1018       0.7678       0.7231       0.5511
                 -0.9959      -0.0134       0.4283       0.7769      -0.4428
   5    100      -0.1349       0.4154      -0.3715       0.6629       0.6822
                  0.2581       0.6992      -0.2579      -0.2829       0.3553
                  0.9271       1.0119      -0.0348       0.3336       0.4796
                  0.6054       0.1145       0.7850       0.7371       0.5622
                 -0.9812      -0.0012       0.4414       0.7911      -0.4236
 
 group  inft   Estimated free energy: 2-th solvent contribution (kcal/mol)
   1      0      -0.0736      -0.8538      -1.3690      -0.9994      -0.5183
                 -1.8292      -1.2261      -1.6251      -0.2498      -1.0779
                 -0.6102      -0.5523      -1.1647      -1.0597      -0.9048
                  0.0204      -1.1881      -1.0986      -1.4848      -1.8470
                 -0.3981      -0.1648      -0.6522      -1.1731      -0.9091
   1     60      -0.0735      -0.8537      -1.3689      -0.9994      -0.5182
                 -1.8292      -1.2260      -1.6251      -0.2498      -1.0778
                 -0.6101      -0.5522      -1.1646      -1.0597      -0.9048
                  0.0205      -1.1881      -1.0985      -1.4847      -1.8470
                 -0.3981      -0.1647      -0.6522      -1.1730      -0.9090
   1     80      -0.0724      -0.8776      -1.3684      -0.9985      -0.5172
                 -1.8293      -1.2254      -1.6246      -0.2492      -1.0773
                 -0.6090      -0.5516      -1.1638      -1.0591      -0.9042
                  0.0221      -1.1875      -1.0980      -1.4843      -1.8466
                 -0.3973      -0.1633      -0.6517      -1.1720      -0.9084
   1    100      -0.0675      -0.8498      -1.3663      -0.9931      -0.5119
                 -1.8268      -1.2236      -1.6215      -0.2469      -1.0739
                 -0.6034      -0.5851      -1.1610      -1.0561      -0.9017
                  0.0288      -1.1852      -1.0942      -1.4820      -1.8429
                 -0.3938      -0.1584      -0.6489      -1.1680      -0.9053
   2      0      -0.0837      -0.8376      -1.3511      -1.0119      -0.5216
                 -1.8331      -1.2011      -1.6218      -0.2410      -1.0838
                 -0.6052      -0.5508      -1.1396      -1.0439      -0.8973
                  0.0386      -1.1839      -1.0994      -1.4772      -1.8405
                 -0.4094      -0.1809      -0.6423      -1.1698      -0.8946
   3      0      -0.0970      -0.8369      -1.3500      -1.0041      -0.5184
                 -1.8308      -1.1994      -1.6219      -0.2371      -1.0865
                 -0.6104      -0.5487      -1.1322      -1.0440      -0.8924
                  0.0374      -1.1744      -1.1146      -1.4827      -1.8478
                 -0.4002      -0.1846      -0.6514      -1.1733      -0.8990
   4      0      -0.0974      -0.8245      -1.3495      -1.0175      -0.5201
                 -1.8414      -1.2001      -1.6281      -0.2405      -1.0868
                 -0.6048      -0.5467      -1.1244      -1.0476      -0.9022
                  0.0375      -1.1842      -1.1056      -1.4764      -1.8446
                 -0.4089      -0.1840      -0.6519      -1.1664      -0.8866
   5      0      -0.0899      -0.8329      -1.3521      -1.0126      -0.5179
                 -1.8292      -1.2008      -1.6254      -0.2363      -1.0899
                 -0.6031      -0.5508      -1.1208      -1.0471      -0.8970
                  0.0359      -1.1782      -1.1125      -1.4779      -1.8386
                 -0.4039      -0.1876      -0.6520      -1.1693      -0.8957
   5     60      -0.0896      -0.8325      -1.3519      -1.0122      -0.5175
                 -1.8289      -1.2006      -1.6252      -0.2361      -1.0896
                 -0.6027      -0.5505      -1.1205      -1.0468      -0.8967
                  0.0363      -1.1780      -1.1123      -1.4776      -1.8383
                 -0.4036      -0.1872      -0.6518      -1.1688      -0.8955
   5     80      -0.0878      -0.8314      -1.3509      -1.0103      -0.5157
                 -1.8280      -1.1998      -1.6243      -0.2352      -1.0884
                 -0.6007      -0.5496      -1.1194      -1.0456      -0.8957
                  0.0388      -1.1771      -1.1110      -1.4769      -1.8371
                 -0.4026      -0.1854      -0.6509      -1.1672      -0.8944
   5    100      -0.0842      -0.8294      -1.3497      -1.0067      -0.5117
                 -1.8269      -1.1984      -1.6225      -0.2335      -1.0866
                 -0.5964      -0.5484      -1.1178      -1.0439      -0.8943
                  0.0438      -1.1755      -1.1088      -1.4756      -1.8348
                 -0.4002      -0.1821      -0.6494      -1.1644      -0.8924
 
 group  inft   Estimated free energy: 3-th solvent contribution (kcal/mol)
   1      0     -10.7916     -10.9118      -9.7165     -10.9945     -11.3077
                 -9.8874     -10.9771      -9.7157     -10.9373     -10.5271
                -10.9633     -11.5436      -9.9407     -10.6691     -10.8732
                -11.6094     -10.3965     -10.8195     -10.4552     -10.0234
                -10.4547     -10.8155     -10.7201     -10.9585      -9.9754
   1     60     -10.8210     -10.9414      -9.7461     -11.0240     -11.3371
                 -9.9168     -11.0067      -9.7451     -10.9669     -10.5566
                -10.9928     -11.5731      -9.9701     -10.6985     -10.9028
                -11.6388     -10.4260     -10.8490     -10.4848     -10.0530
                -10.4842     -10.8449     -10.7495     -10.9880     -10.0048
   1     80     -11.1466     -23.1040     -10.0731     -11.3503     -11.6636
                -10.2433     -11.3340     -10.0713     -11.2949     -10.8842
                -11.3190     -11.9003     -10.2963     -11.0242     -11.2303
                -11.9658     -10.7530     -11.1760     -10.8127     -10.3794
                -10.8108     -11.1710     -11.0753     -11.3154     -10.3309
   1    100     -12.3714     -12.4964     -11.2991     -12.5772     -12.8914
                -11.4708     -12.5617     -11.2976     -12.5260     -12.1136
                -12.5453     -27.9724     -11.5215     -12.2496     -12.4590
                -13.1951     -11.9792     -12.4043     -12.0419     -11.6044
                -12.0387     -12.3962     -12.2989     -12.5458     -11.5565
   2      0     -10.7875     -10.9177      -9.7183     -10.9870     -11.3101
                 -9.8828     -10.9600      -9.7143     -10.9250     -10.5376
                -10.9628     -11.5376      -9.9367     -10.6738     -10.8774
                -11.6084     -10.4065     -10.8103     -10.4737     -10.0128
                -10.4527     -10.8274     -10.7297     -10.9657      -9.9767
   3      0     -10.7922     -10.9201      -9.7323     -10.9954     -11.3063
                 -9.8947     -10.9773      -9.7208     -10.9335     -10.5451
                -10.9724     -11.5416      -9.9403     -10.6800     -10.8758
                -11.6132     -10.4118     -10.8166     -10.4762     -10.0229
                -10.4634     -10.8376     -10.7323     -10.9692      -9.9819
   4      0     -10.7715     -10.9115      -9.7261     -10.9774     -11.2891
                 -9.8878     -10.9450      -9.7179     -10.9135     -10.5371
                -10.9522     -11.5197      -9.9396     -10.6654     -10.8603
                -11.5905     -10.3971     -10.8087     -10.4650     -10.0109
                -10.4517     -10.8199     -10.7176     -10.9485      -9.9772
   5      0     -10.7878     -10.9055      -9.7270     -10.9947     -11.2983
                 -9.8934     -10.9624      -9.7130     -10.9186     -10.5336
                -10.9631     -11.5330      -9.9356     -10.6710     -10.8627
                -11.6023     -10.4002     -10.8055     -10.4690     -10.0098
                -10.4536     -10.8248     -10.7253     -10.9477      -9.9799
   5     60     -10.8289     -10.9469      -9.7685     -11.0359     -11.3394
                 -9.9347     -11.0038      -9.7542     -10.9600     -10.5749
                -11.0042     -11.5743      -9.9768     -10.7121     -10.9041
                -11.6435     -10.4416     -10.8468     -10.5105     -10.0511
                -10.4948     -10.8660     -10.7665     -10.9890     -10.0210
   5     80     -11.2405     -11.3606     -10.1821     -11.4484     -11.7523
                -10.3474     -11.4175     -10.1664     -11.3742     -10.9894
                -11.4169     -11.9880     -10.3890     -11.1241     -11.3180
                -12.0571     -10.8550     -11.2600     -10.9253     -10.4635
                -10.9076     -11.2786     -11.1787     -11.4030     -10.4333
   5    100     -12.3684     -12.4916     -11.3123     -12.5783     -12.8835
                -11.4780     -12.5483     -11.2954     -12.5067     -12.1227
                -12.5471     -13.1209     -11.5171     -12.2535     -12.4496
                -13.1900     -11.9850     -12.3909     -12.0587     -11.5911
                -12.0384     -12.4086     -12.3069     -12.5364     -11.5623
 
 
 cumulative average & 95% error for solvation free energy
              total             1st component         2nd component         3rd component
  1   -11.0932     0.0000    -0.1637     0.0000    -0.0970     0.0000   -10.7922     0.0000
  2   -11.2501     0.3138     0.1133     0.5540    -0.4669     0.7398   -10.8562     0.1279
  3   -11.3408     0.2563    -0.0577     0.4681    -0.7613     0.7273   -10.4816     0.7529
  4   -11.3545     0.1833     0.1177     0.4824    -0.8220     0.5284   -10.6100     0.5911
  5   -11.3245     0.1542     0.2263     0.4321    -0.7613     0.4270   -10.7493     0.5359
  6   -11.3612     0.1457     0.2254     0.3528    -0.9395     0.4986   -10.6068     0.5221
  7   -11.3870     0.1336     0.2896     0.3246    -0.9767     0.4279   -10.6598     0.4538
  8   -11.4220     0.1351     0.2180     0.3155    -1.0573     0.4042   -10.5424     0.4578
  9   -11.4331     0.1212     0.1591     0.3021    -0.9662     0.4003   -10.5859     0.4130
 10   -11.4238     0.1100     0.1764     0.2724    -0.9782     0.3589   -10.5818     0.3695
 11   -11.3614     0.1596     0.2409     0.2781    -0.9448     0.3314   -10.6173     0.3416
 12   -11.3427     0.1504     0.3035     0.2831    -0.9118     0.3097   -10.6943     0.3478
 13   -11.3297     0.1408     0.2755     0.2664    -0.9287     0.2869   -10.6363     0.3404
 14   -11.3383     0.1315     0.2783     0.2467    -0.9369     0.2661   -10.6394     0.3152
 15   -11.3394     0.1224     0.2900     0.2309    -0.9340     0.2478   -10.6552     0.2951
 16   -11.3200     0.1209     0.3086     0.2191    -0.8733     0.2617   -10.7151     0.3009
 17   -11.3328     0.1164     0.2956     0.2075    -0.8910     0.2483   -10.6972     0.2849
 18   -11.3263     0.1105     0.3212     0.2022    -0.9034     0.2354   -10.7039     0.2689
 19   -11.3241     0.1047     0.3419     0.1957    -0.9339     0.2309   -10.6919     0.2555
 20   -11.3262     0.0994     0.3520     0.1867    -0.9796     0.2374   -10.6584     0.2514
 21   -11.3542     0.1098     0.2872     0.2199    -0.9520     0.2324   -10.6491     0.2399
 22   -11.3421     0.1074     0.2730     0.2116    -0.9171     0.2323   -10.6577     0.2294
 23   -11.3273     0.1068     0.2795     0.2026    -0.9056     0.2232   -10.6609     0.2193
 24   -11.3307     0.1025     0.3001     0.1983    -0.9167     0.2149   -10.6738     0.2115
 25   -11.3324     0.0984     0.2699     0.1995    -0.9160     0.2061   -10.6461     0.2103
