 ERmod 0.3.7, Copyright (C) 2000-2019 Nobuyuki Matubayasi
                            2010-2019 Shun Sakuraba
 ERmod comes with ABSOLUTELY NO WARRANTY.
 This is free software, and you can redistribute it
 and/or modify it under certain conditions.
 See LICENSE file for details.
 ERmod 0.3.7, Copyright (C) 2000-2019 Nobuyuki Matubayasi
                            2010-2019 Shun Sakuraba
 ERmod comes with ABSOLUTELY NO WARRANTY.
 This is free software, and you can redistribute it
 and/or modify it under certain conditions.
 See LICENSE file for details.
 
  Number of the   1-th solvent  =            9
  Number of the   2-th solvent  =            9
  Number of the   3-th solvent  =         1000
 
  Be sure that the solvent distribution is homogeneous (radial distribution function is essentially unity) when the solvent molecule is separated beyond distance of   10.0 Angstrom in any direction from any atom within the solute molecule
 
  LJ long-range correction    =        -0.0171     -0.0111     -0.8839
 
  Self-energy of the solute   =        -0.0162  kcal/mol
 
 
 cumulative average & 95% error for solvation energy
              total             1st component         2nd component         3rd component
  1   -59.3462                0.6942               -1.6901              -58.3341
  2   -59.3411     0.0102     0.5158     0.3567    -1.9543     0.5285   -57.8864     0.8954
  3   -59.3777     0.0733     0.2885     0.4992    -1.8119     0.4175   -57.8381     0.5259
  4   -59.3616     0.0610     0.2671     0.3556    -1.5512     0.5992   -58.0613     0.5811
  5   -59.3491     0.0534     0.2949     0.2810    -1.4329     0.5209   -58.1950     0.5235
  6   -59.3928     0.0977     0.2642     0.2375    -1.3808     0.4379   -58.2601     0.4469
  7   -59.3762     0.0890     0.1751     0.2684    -1.4358     0.3861   -58.0994     0.4959
  8   -59.3828     0.0782     0.0231     0.3828    -1.4693     0.3410   -57.9203     0.5592
  9   -59.3945     0.0728     0.1210     0.3903    -1.4543     0.3023   -58.0450     0.5526
 10   -59.3685     0.0833     0.1758     0.3659    -1.5202     0.3007   -58.0080     0.4997
 11   -59.3802     0.0788     0.0480     0.4181    -1.6159     0.3327   -57.7960     0.6197
 12   -59.3644     0.0786     0.1065     0.3992    -1.6848     0.3334   -57.7699     0.5681
 13   -59.3873     0.0856     0.0256     0.4013    -1.6616     0.3102   -57.7351     0.5272
 14   -59.3911     0.0796    -0.0011     0.3753    -1.6228     0.2975   -57.7510     0.4891
 15   -59.3898     0.0741     0.0647     0.3734    -1.6902     0.3079   -57.7482     0.4553
 16   -59.3998     0.0722     0.0667     0.3493    -1.6829     0.2884   -57.7674     0.4277
 17   -59.3939     0.0688     0.0561     0.3288    -1.7511     0.3034   -57.6826     0.4361
 18   -59.3892     0.0655     0.0276     0.3152    -1.7013     0.3029   -57.6994     0.4125
 19   -59.3943     0.0628     0.0239     0.2982    -1.6707     0.2929   -57.7313     0.3953
 20   -59.3981     0.0601     0.0355     0.2839    -1.6662     0.2780   -57.7512     0.3772
 21   -59.3975     0.0571     0.0511     0.2718    -1.6706     0.2646   -57.7618     0.3594
 22   -59.4042     0.0561     0.0268     0.2637    -1.6914     0.2557   -57.7234     0.3512
 23   -59.4070     0.0539     0.0159     0.2529    -1.6968     0.2446   -57.7099     0.3366
 24   -59.4066     0.0516     0.0216     0.2424    -1.6644     0.2430   -57.7476     0.3310
 25   -59.4022     0.0503     0.0260     0.2327    -1.6567     0.2336   -57.7553     0.3179
 
 
 group  inft  solvation free energy     error          difference
  total solvation free energy
   1      0        -16.00934           0.04300           0.01622
   1     60        -16.03892           0.04300          -0.01335
   1     80        -16.35433           0.04310          -0.32877
   1    100        -17.51411           0.04350          -1.48855
   2      0        -16.02193           0.04311           0.00363
   3      0        -16.02556           0.04322           0.00000
   4      0        -16.01823           0.04391           0.00733
   5      0        -16.01424           0.04410           0.01132
   5     60        -16.05622           0.04411          -0.03066
   5     80        -16.45128           0.04424          -0.42571
   5    100        -17.51956           0.04462          -1.49400
 
  contribution from  1-th solvent component
   1      0          0.43067           0.11109          -0.00200
   1     60          0.43047           0.11110          -0.00219
   1     80          0.42738           0.11112          -0.00528
   1    100          0.41690           0.11126          -0.01577
   2      0          0.43202           0.11055          -0.00064
   3      0          0.43267           0.10987           0.00000
   4      0          0.43173           0.10958          -0.00094
   5      0          0.43224           0.10940          -0.00042
   5     60          0.43182           0.10940          -0.00084
   5     80          0.42824           0.10944          -0.00443
   5    100          0.41802           0.10953          -0.01464
 
  contribution from  2-th solvent component
   1      0         -1.07458           0.10980           0.00276
   1     60         -1.07453           0.10981           0.00281
   1     80         -1.07692           0.10984           0.00043
   1    100         -1.08570           0.10999          -0.00836
   2      0         -1.08167           0.10805          -0.00433
   3      0         -1.07734           0.10766          -0.00000
   4      0         -1.07889           0.10731          -0.00155
   5      0         -1.07796           0.10706          -0.00062
   5     60         -1.07813           0.10707          -0.00079
   5     80         -1.08060           0.10713          -0.00326
   5    100         -1.08799           0.10729          -0.01065
 
  contribution from  3-th solvent component
   1      0        -15.34925           0.15555           0.01545
   1     60        -15.37868           0.15556          -0.01397
   1     80        -15.68862           0.15564          -0.32392
   1    100        -16.82913           0.15596          -1.46442
   2      0        -15.35610           0.15507           0.00861
   3      0        -15.36471           0.15493           0.00000
   4      0        -15.35490           0.15379           0.00981
   5      0        -15.35235           0.15444           0.01236
   5     60        -15.39374           0.15445          -0.02903
   5     80        -15.78274           0.15455          -0.41803
   5    100        -16.83341           0.15487          -1.46871
 
 
 group  inft   Estimated free energy: total (kcal/mol)
   1      0     -15.8739     -15.9212     -16.0385     -15.9999     -15.9136
                -16.1898     -15.8936     -16.0138     -16.2285     -15.9865
                -16.0282     -15.8841     -16.1682     -16.0959     -16.0557
                -16.1863     -15.9549     -15.9129     -16.0035     -16.1123
                -15.9415     -16.0857     -15.9602     -15.9176     -15.8672
   1     60     -15.9032     -15.9508     -16.0680     -16.0295     -15.9429
                -16.2193     -15.9232     -16.0435     -16.2582     -16.0160
                -16.0577     -15.9137     -16.1978     -16.1255     -16.0852
                -16.2160     -15.9846     -15.9426     -16.0333     -16.1417
                -15.9710     -16.1152     -15.9899     -15.9472     -15.8968
   1     80     -16.2183     -16.2662     -16.3831     -16.3457     -16.2574
                -16.5352     -16.2386     -16.3591     -16.5742     -16.3309
                -16.3724     -16.2289     -16.5141     -16.4405     -16.3994
                -16.5327     -16.3002     -16.2583     -16.3495     -16.4570
                -16.2856     -16.4306     -16.3058     -16.2623     -16.2124
   1    100     -17.3752     -17.4268     -17.5449     -17.5074     -17.4153
                -17.6971     -17.3983     -17.5191     -17.7359     -17.4890
                -17.5306     -17.3872     -17.6753     -17.5996     -17.5547
                -17.6958     -17.4604     -17.4170     -17.5113     -17.6181
                -17.4444     -17.5907     -17.4663     -17.4202     -17.3724
   2      0     -15.8955     -15.9359     -16.0398     -16.0204     -15.9409
                -16.2163     -15.9070     -16.0168     -16.2443     -15.9835
                -16.0311     -15.8918     -16.1889     -16.1061     -16.0732
                -16.1891     -15.9584     -15.9354     -16.0023     -16.1322
                -15.9576     -16.0972     -15.9698     -15.9310     -15.8834
   3      0     -15.9112     -15.9439     -16.0406     -16.0207     -15.9438
                -16.2289     -15.9095     -16.0209     -16.2481     -15.9921
                -16.0372     -15.8955     -16.1918     -16.1076     -16.0723
                -16.1917     -15.9558     -15.9346     -16.0035     -16.1373
                -15.9632     -16.0999     -15.9691     -15.9359     -15.8837
   4      0     -15.8967     -15.9362     -16.0296     -16.0145     -15.9344
                -16.2225     -15.8985     -16.0217     -16.2450     -15.9774
                -16.0300     -15.8881     -16.1968     -16.0987     -16.0689
                -16.1879     -15.9510     -15.9307     -15.9919     -16.1321
                -15.9495     -16.0833     -15.9599     -15.9258     -15.8847
   5      0     -15.8980     -15.9343     -16.0232     -16.0125     -15.9295
                -16.2245     -15.9016     -16.0107     -16.2451     -15.9711
                -16.0237     -15.8774     -16.1819     -16.0980     -16.0629
                -16.1852     -15.9431     -15.9231     -15.9916     -16.1316
                -15.9463     -16.0820     -15.9589     -15.9208     -15.8791
   5     60     -15.9398     -15.9763     -16.0650     -16.0546     -15.9712
                -16.2665     -15.9436     -16.0527     -16.2872     -16.0130
                -16.0655     -15.9194     -16.2240     -16.1399     -16.1047
                -16.2274     -15.9852     -15.9652     -16.0338     -16.1734
                -15.9881     -16.1239     -16.0010     -15.9629     -15.9211
   5     80     -16.3339     -16.3714     -16.4596     -16.4505     -16.3648
                -16.6621     -16.3387     -16.4482     -16.6833     -16.4071
                -16.4599     -16.3141     -16.6199     -16.5347     -16.4987
                -16.6235     -16.3804     -16.3604     -16.4296     -16.5684
                -16.3826     -16.5191     -16.3968     -16.3577     -16.3164
   5    100     -17.3990     -17.4409     -17.5289     -17.5199     -17.4306
                -17.7326     -17.4069     -17.5173     -17.7540     -17.4728
                -17.5270     -17.3810     -17.6893     -17.6028     -17.5642
                -17.6942     -17.4486     -17.4278     -17.4996     -17.6377
                -17.4504     -17.5879     -17.4654     -17.4251     -17.3854
 
 group  inft   Estimated free energy: 1-th solvent contribution (kcal/mol)
   1      0       0.8841       0.6923       0.3547       0.5264       0.5322
                  0.4331       0.2526      -0.1259       0.7011       0.6507
                 -0.1613       0.7821      -0.0185       0.2944       0.8222
                  0.4235       0.3017       0.2277       0.4970       0.5360
                  0.6172       0.1246       0.3239       0.5669       0.5280
   1     60       0.8841       0.6921       0.3545       0.5261       0.5320
                  0.4329       0.2524      -0.1261       0.7009       0.6505
                 -0.1615       0.7819      -0.0187       0.2942       0.8220
                  0.4233       0.3015       0.2275       0.4968       0.5358
                  0.6170       0.1244       0.3237       0.5668       0.5278
   1     80       0.8813       0.6891       0.3513       0.5230       0.5287
                  0.4298       0.2492      -0.1293       0.6977       0.6474
                 -0.1648       0.7788      -0.0219       0.2911       0.8190
                  0.4203       0.2984       0.2244       0.4940       0.5327
                  0.6140       0.1211       0.3205       0.5639       0.5249
   1    100       0.8726       0.6788       0.3407       0.5121       0.5176
                  0.4191       0.2384      -0.1403       0.6871       0.6367
                 -0.1760       0.7682      -0.0327       0.2806       0.8086
                  0.4103       0.2875       0.2140       0.4844       0.5219
                  0.6040       0.1100       0.3096       0.5542       0.5148
   2      0       0.8761       0.6890       0.3566       0.5285       0.5320
                  0.4332       0.2531      -0.1226       0.7024       0.6525
                 -0.1553       0.7837      -0.0163       0.2980       0.8272
                  0.4231       0.3032       0.2284       0.5014       0.5383
                  0.6140       0.1281       0.3254       0.5700       0.5306
   3      0       0.8660       0.6884       0.3579       0.5325       0.5328
                  0.4322       0.2576      -0.1231       0.6985       0.6478
                 -0.1532       0.7832      -0.0152       0.2998       0.8246
                  0.4246       0.3042       0.2320       0.5060       0.5414
                  0.6139       0.1321       0.3286       0.5733       0.5309
   4      0       0.8681       0.6860       0.3577       0.5302       0.5329
                  0.4284       0.2566      -0.1220       0.6949       0.6477
                 -0.1496       0.7829      -0.0141       0.3007       0.8236
                  0.4227       0.3041       0.2274       0.5051       0.5385
                  0.6124       0.1314       0.3292       0.5694       0.5289
   5      0       0.8640       0.6866       0.3585       0.5279       0.5346
                  0.4289       0.2562      -0.1206       0.6957       0.6493
                 -0.1506       0.7832      -0.0130       0.3001       0.8229
                  0.4251       0.3051       0.2324       0.5075       0.5368
                  0.6112       0.1323       0.3298       0.5740       0.5285
   5     60       0.8637       0.6862       0.3581       0.5274       0.5342
                  0.4285       0.2557      -0.1210       0.6953       0.6489
                 -0.1510       0.7828      -0.0134       0.2997       0.8225
                  0.4246       0.3047       0.2319       0.5071       0.5364
                  0.6108       0.1318       0.3293       0.5736       0.5280
   5     80       0.8607       0.6826       0.3545       0.5237       0.5304
                  0.4248       0.2520      -0.1248       0.6915       0.6452
                 -0.1548       0.7792      -0.0171       0.2961       0.8188
                  0.4213       0.3009       0.2284       0.5038       0.5327
                  0.6073       0.1281       0.3256       0.5704       0.5246
   5    100       0.8517       0.6724       0.3443       0.5133       0.5199
                  0.4143       0.2415      -0.1355       0.6810       0.6349
                 -0.1655       0.7691      -0.0276       0.2859       0.8087
                  0.4115       0.2904       0.2181       0.4944       0.5221
                  0.5972       0.1175       0.3152       0.5611       0.5146
 
 group  inft   Estimated free energy: 2-th solvent contribution (kcal/mol)
   1      0      -1.1096      -1.3824      -0.9807      -0.6961      -0.5751
                 -0.8366      -1.0959      -1.0655      -0.9437      -1.3133
                 -1.4992      -1.4408      -1.0077      -0.9322      -1.5362
                 -1.1001      -1.6060      -0.6943      -0.8974      -1.0571
                 -1.0530      -1.2429      -1.1211      -0.7253      -0.9523
   1     60      -1.1095      -1.3824      -0.9807      -0.6960      -0.5749
                 -0.8364      -1.0958      -1.0654      -0.9436      -1.3132
                 -1.4992      -1.4407      -1.0076      -0.9322      -1.5361
                 -1.1000      -1.6060      -0.6943      -0.8974      -1.0570
                 -1.0530      -1.2429      -1.1211      -0.7252      -0.9523
   1     80      -1.1121      -1.3848      -0.9831      -0.6984      -0.5767
                 -0.8386      -1.0982      -1.0679      -0.9460      -1.3157
                 -1.5016      -1.4432      -1.0101      -0.9346      -1.5386
                 -1.1024      -1.6084      -0.6966      -0.8998      -1.0595
                 -1.0554      -1.2453      -1.1235      -0.7276      -0.9547
   1    100      -1.1209      -1.3942      -0.9922      -0.7065      -0.5831
                 -0.8461      -1.1073      -1.0770      -0.9547      -1.3250
                 -1.5107      -1.4522      -1.0187      -0.9440      -1.5476
                 -1.1115      -1.6177      -0.7051      -0.9092      -1.0677
                 -1.0642      -1.2542      -1.1325      -0.7365      -0.9638
   2      0      -1.1186      -1.3845      -0.9838      -0.7127      -0.5994
                 -0.8575      -1.0990      -1.0587      -0.9558      -1.3109
                 -1.4982      -1.4444      -1.0185      -0.9369      -1.5436
                 -1.1033      -1.6051      -0.7094      -0.8970      -1.0725
                 -1.0588      -1.2511      -1.1295      -0.7287      -0.9639
   3      0      -1.1133      -1.3806      -0.9797      -0.7138      -0.5930
                 -0.8583      -1.0969      -1.0550      -0.9488      -1.3083
                 -1.4944      -1.4377      -1.0124      -0.9332      -1.5337
                 -1.0994      -1.5980      -0.7054      -0.8955      -1.0734
                 -1.0548      -1.2457      -1.1214      -0.7233      -0.9579
   4      0      -1.1196      -1.3826      -0.9798      -0.7140      -0.6030
                 -0.8591      -1.0995      -1.0539      -0.9532      -1.3053
                 -1.4940      -1.4372      -1.0164      -0.9324      -1.5366
                 -1.1030      -1.5987      -0.7076      -0.8922      -1.0785
                 -1.0529      -1.2430      -1.1232      -0.7250      -0.9616
   5      0      -1.1134      -1.3828      -0.9781      -0.7153      -0.5976
                 -0.8648      -1.0979      -1.0527      -0.9518      -1.3022
                 -1.4938      -1.4337      -1.0142      -0.9319      -1.5330
                 -1.1028      -1.5965      -0.7081      -0.8952      -1.0788
                 -1.0523      -1.2434      -1.1231      -0.7247      -0.9606
   5     60      -1.1136      -1.3829      -0.9783      -0.7155      -0.5977
                 -0.8649      -1.0981      -1.0529      -0.9519      -1.3023
                 -1.4940      -1.4339      -1.0144      -0.9321      -1.5332
                 -1.1029      -1.5967      -0.7082      -0.8954      -1.0790
                 -1.0525      -1.2435      -1.1233      -0.7249      -0.9608
   5     80      -1.1160      -1.3854      -0.9809      -0.7178      -0.5991
                 -0.8669      -1.1006      -1.0555      -0.9544      -1.3049
                 -1.4967      -1.4364      -1.0168      -0.9347      -1.5358
                 -1.1055      -1.5994      -0.7107      -0.8981      -1.0813
                 -1.0551      -1.2461      -1.1259      -0.7274      -0.9634
   5    100      -1.1227      -1.3932      -0.9887      -0.7245      -0.6040
                 -0.8730      -1.1082      -1.0631      -0.9618      -1.3125
                 -1.5047      -1.4440      -1.0239      -0.9426      -1.5435
                 -1.1132      -1.6075      -0.7179      -0.9061      -1.0879
                 -1.0628      -1.2539      -1.1338      -0.7348      -0.9713
 
 group  inft   Estimated free energy: 3-th solvent contribution (kcal/mol)
   1      0     -15.6322     -15.2150     -15.3963     -15.8139     -15.8545
                -15.7701     -15.0342     -14.8063     -15.9697     -15.3077
                -14.3515     -15.2093     -15.1259     -15.4419     -15.3256
                -15.4936     -14.6345     -15.4301     -15.5870     -15.5750
                -15.4894     -14.9512     -15.1468     -15.7431     -15.4267
   1     60     -15.6616     -15.2444     -15.4255     -15.8435     -15.8838
                -15.7996     -15.0636     -14.8357     -15.9992     -15.3371
                -14.3808     -15.2387     -15.1554     -15.4713     -15.3549
                -15.5231     -14.6639     -15.4597     -15.6166     -15.6043
                -15.5188     -14.9805     -15.1763     -15.7726     -15.4562
   1     80     -15.9712     -15.5543     -15.7352     -16.1542     -16.1932
                -16.1102     -15.3734     -15.1457     -16.3097     -15.6464
                -14.6898     -15.5483     -15.4660     -15.7808     -15.6636
                -15.8344     -14.9739     -15.7699     -15.9275     -15.9141
                -15.8281     -15.2902     -15.4866     -16.0824     -15.7664
   1    100     -17.1107     -16.6953     -16.8772     -17.2968     -17.3336
                -17.2538     -16.5133     -16.2856     -17.4521     -16.7845
                -15.8277     -16.6871     -16.6077     -16.9200     -16.7995
                -16.9784     -16.1141     -16.9098     -17.0703     -17.0562
                -16.9679     -16.4303     -16.6272     -17.2217     -16.9073
   2      0     -15.6369     -15.2243     -15.3964     -15.8201     -15.8573
                -15.7758     -15.0450     -14.8193     -15.9747     -15.3090
                -14.3615     -15.2150     -15.1379     -15.4510     -15.3406
                -15.4927     -14.6403     -15.4382     -15.5906     -15.5818
                -15.4966     -14.9580     -15.1496     -15.7561     -15.4340
   3      0     -15.6478     -15.2355     -15.4026     -15.8233     -15.8674
                -15.7866     -15.0540     -14.8266     -15.9816     -15.3155
                -14.3734     -15.2249     -15.1480     -15.4580     -15.3470
                -15.5008     -14.6458     -15.4450     -15.5978     -15.5892
                -15.5061     -14.9701     -15.1602     -15.7698     -15.4405
   4      0     -15.6290     -15.2235     -15.3914     -15.8145     -15.8482
                -15.7756     -15.0394     -14.8297     -15.9705     -15.3036
                -14.3702     -15.2177     -15.1502     -15.4508     -15.3397
                -15.4914     -14.6402     -15.4343     -15.5886     -15.5759
                -15.4928     -14.9556     -15.1498     -15.7540     -15.4357
   5      0     -15.6324     -15.2220     -15.3874     -15.8089     -15.8503
                -15.7725     -15.0437     -14.8212     -15.9729     -15.3020
                -14.3631     -15.2107     -15.1385     -15.4499     -15.3366
                -15.4913     -14.6355     -15.4312     -15.5876     -15.5734
                -15.4890     -14.9547     -15.1494     -15.7539     -15.4308
   5     60     -15.6737     -15.2634     -15.4286     -15.8503     -15.8915
                -15.8139     -15.0851     -14.8626     -16.0144     -15.3433
                -14.4043     -15.2521     -15.1800     -15.4912     -15.3778
                -15.5329     -14.6769     -15.4727     -15.6292     -15.6146
                -15.5302     -14.9960     -15.1909     -15.7955     -15.4722
   5     80     -16.0624     -15.6523     -15.8171     -16.2402     -16.2799
                -16.2038     -15.4739     -15.2517     -16.4042     -15.7313
                -14.7922     -15.6407     -15.5698     -15.8799     -15.7656
                -15.9232     -15.0658     -15.8619     -16.0193     -16.0036
                -15.9186     -15.3848     -15.5803     -16.1846     -15.8614
   5    100     -17.1118     -16.7039     -16.8682     -17.2925     -17.3302
                -17.2578     -16.5239     -16.3025     -17.4570     -16.7790
                -15.8406     -16.6899     -16.6217     -16.9299     -16.8131
                -16.9763     -16.1153     -16.9119     -17.0718     -17.0557
                -16.9687     -16.4353     -16.6306     -17.2352     -16.9124
 
 
 cumulative average & 95% error for solvation free energy
              total             1st component         2nd component         3rd component
  1   -15.9112     0.0000     0.8660     0.0000    -1.1133     0.0000   -15.6478     0.0000
  2   -15.9276     0.0327     0.7772     0.1777    -1.2469     0.2673   -15.4416     0.4123
  3   -15.9652     0.0777     0.6374     0.2978    -1.1579     0.2357   -15.4286     0.2394
  4   -15.9791     0.0615     0.6112     0.2170    -1.0468     0.2776   -15.5273     0.2600
  5   -15.9721     0.0497     0.5955     0.1710    -0.9561     0.2814   -15.5953     0.2430
  6   -16.0149     0.0947     0.5683     0.1498    -0.9398     0.2321   -15.6272     0.2084
  7   -15.9998     0.0855     0.5239     0.1547    -0.9622     0.2012   -15.5453     0.2405
  8   -16.0025     0.0743     0.4430     0.2100    -0.9738     0.1758   -15.4555     0.2751
  9   -16.0297     0.0853     0.4714     0.1937    -0.9710     0.1551   -15.5140     0.2693
 10   -16.0260     0.0766     0.4890     0.1768    -1.0047     0.1543   -15.4941     0.2441
 11   -16.0270     0.0693     0.4307     0.1980    -1.0493     0.1655   -15.3922     0.3005
 12   -16.0160     0.0670     0.4600     0.1901    -1.0816     0.1644   -15.3783     0.2757
 13   -16.0296     0.0673     0.4235     0.1895    -1.0763     0.1516   -15.3606     0.2561
 14   -16.0351     0.0633     0.4147     0.1764    -1.0661     0.1418   -15.3675     0.2375
 15   -16.0376     0.0591     0.4420     0.1730    -1.0973     0.1460   -15.3662     0.2211
 16   -16.0472     0.0586     0.4409     0.1619    -1.0974     0.1366   -15.3746     0.2075
 17   -16.0419     0.0561     0.4329     0.1529    -1.1268     0.1412   -15.3317     0.2129
 18   -16.0359     0.0542     0.4217     0.1459    -1.1034     0.1411   -15.3380     0.2012
 19   -16.0342     0.0514     0.4261     0.1383    -1.0925     0.1352   -15.3517     0.1922
 20   -16.0394     0.0498     0.4319     0.1317    -1.0915     0.1283   -15.3635     0.1839
 21   -16.0357     0.0479     0.4406     0.1264    -1.0898     0.1221   -15.3703     0.1755
 22   -16.0386     0.0461     0.4265     0.1238    -1.0969     0.1173   -15.3521     0.1712
 23   -16.0356     0.0444     0.4223     0.1186    -1.0979     0.1121   -15.3438     0.1644
 24   -16.0315     0.0433     0.4286     0.1142    -1.0823     0.1118   -15.3615     0.1614
 25   -16.0256     0.0432     0.4327     0.1099    -1.0773     0.1077   -15.3647     0.1549
