 ERmod 0.3.7, Copyright (C) 2000-2019 Nobuyuki Matubayasi
                            2010-2019 Shun Sakuraba
 ERmod comes with ABSOLUTELY NO WARRANTY.
 This is free software, and you can redistribute it
 and/or modify it under certain conditions.
 See LICENSE file for details.
Opening: "/home/hervoe/snic2020-6-15/hervoe/temp/Simulations/NaCl/2.00/trajectory_sol_full.xtc"...
  Trying plugin "Gromacs XTC Compressed Trajectory"...OK
 ERmod 0.3.7, Copyright (C) 2000-2019 Nobuyuki Matubayasi
                            2010-2019 Shun Sakuraba
 ERmod comes with ABSOLUTELY NO WARRANTY.
 This is free software, and you can redistribute it
 and/or modify it under certain conditions.
 See LICENSE file for details.
Opening: "/home/hervoe/snic2020-6-15/hervoe/temp/Simulations/NaCl/2.00/trajectory_ref_full.xtc"...
  Trying plugin "Gromacs XTC Compressed Trajectory"...OK
Opening: "/home/hervoe/snic2020-6-15/hervoe/temp/Simulations/Solute_new/trajectory_solute.xtc"...
  Trying plugin "Gromacs XTC Compressed Trajectory"...OK
Opening: "/home/hervoe/snic2020-6-15/hervoe/temp/Simulations/Solute_new/trajectory_solute.xtc"...
  Trying plugin "Gromacs XTC Compressed Trajectory"...OK
Opening: "/home/hervoe/snic2020-6-15/hervoe/temp/Simulations/Solute_new/trajectory_solute.xtc"...
  Trying plugin "Gromacs XTC Compressed Trajectory"...OK
Opening: "/home/hervoe/snic2020-6-15/hervoe/temp/Simulations/Solute_new/trajectory_solute.xtc"...
  Trying plugin "Gromacs XTC Compressed Trajectory"...OK
Opening: "/home/hervoe/snic2020-6-15/hervoe/temp/Simulations/Solute_new/trajectory_solute.xtc"...
  Trying plugin "Gromacs XTC Compressed Trajectory"...OK
Opening: "/home/hervoe/snic2020-6-15/hervoe/temp/Simulations/Solute_new/trajectory_solute.xtc"...
  Trying plugin "Gromacs XTC Compressed Trajectory"...OK
Opening: "/home/hervoe/snic2020-6-15/hervoe/temp/Simulations/Solute_new/trajectory_solute.xtc"...
  Trying plugin "Gromacs XTC Compressed Trajectory"...OK
Opening: "/home/hervoe/snic2020-6-15/hervoe/temp/Simulations/Solute_new/trajectory_solute.xtc"...
  Trying plugin "Gromacs XTC Compressed Trajectory"...OK
Opening: "/home/hervoe/snic2020-6-15/hervoe/temp/Simulations/Solute_new/trajectory_solute.xtc"...
  Trying plugin "Gromacs XTC Compressed Trajectory"...OK
Opening: "/home/hervoe/snic2020-6-15/hervoe/temp/Simulations/Solute_new/trajectory_solute.xtc"...
  Trying plugin "Gromacs XTC Compressed Trajectory"...OK
 
  Number of the   1-th solvent  =           36
  Number of the   2-th solvent  =           36
  Number of the   3-th solvent  =         1000
 
  Be sure that the solvent distribution is homogeneous (radial distribution function is essentially unity) when the solvent molecule is separated beyond distance of   10.0 Angstrom in any direction from any atom within the solute molecule
 
  LJ long-range correction    =        -0.0671     -0.0136     -0.8651
 
  Self-energy of the solute   =        -0.0158  kcal/mol
 
 
 cumulative average & 95% error for solvation energy
              total             1st component         2nd component         3rd component
  1   -59.8746                0.7932               -4.4113              -56.2406
  2   -59.8191     0.1110     0.4093     0.7679    -5.4878     2.1529   -54.7248     3.0317
  3   -59.8908     0.1570     0.8516     0.9895    -5.9027     1.4946   -54.8238     1.7615
  4   -59.8640     0.1233     0.5772     0.8892    -5.7796     1.0851   -54.6458     1.2955
  5   -59.9825     0.2557     1.0745     1.2097    -6.6369     1.9096   -54.4043     1.1137
  6   -59.9718     0.2098     0.7598     1.1712    -6.2185     1.7696   -54.4973     0.9282
  7   -59.9555     0.1803     0.6609     1.0094    -6.4356     1.5573   -54.1649     1.0282
  8   -59.9435     0.1580     0.7827     0.9075    -6.5542     1.3694   -54.1562     0.8906
  9   -59.9769     0.1546     0.6602     0.8369    -6.3147     1.2992   -54.3066     0.8411
 10   -59.9870     0.1397     0.7023     0.7533    -6.4159     1.1795   -54.2576     0.7587
 11   -60.0003     0.1291     0.7233     0.6827    -6.8751     1.4077   -53.8327     1.0922
 12   -60.0177     0.1229     0.7438     0.6245    -6.7543     1.3075   -53.9913     1.0463
 13   -60.0179     0.1130     0.7234     0.5759    -6.6459     1.2221   -54.0796     0.9786
 14   -60.0368     0.1112     0.6158     0.5751    -6.9935     1.3280   -53.6431     1.2581
 15   -60.0393     0.1037     0.6407     0.5377    -6.9160     1.2460   -53.7482     1.1899
 16   -60.0448     0.0976     0.6547     0.5037    -7.0854     1.2138   -53.5982     1.1528
 17   -60.0337     0.0943     0.6662     0.4737    -7.2056     1.1652   -53.4785     1.1090
 18   -60.0264     0.0901     0.7638     0.4874    -7.6379     1.3980   -53.1364     1.2495
 19   -60.0277     0.0853     0.8285     0.4789    -7.5748     1.3284   -53.2656     1.2098
 20   -60.0379     0.0834     0.6322     0.6005    -7.5900     1.2606   -53.0642     1.2163
 21   -60.0454     0.0807     0.5621     0.5881    -7.7874     1.2624   -52.8044     1.2683
 22   -60.0521     0.0781     0.6408     0.5824    -7.7310     1.2089   -52.9460     1.2421
 23   -60.0511     0.0747     0.7612     0.6064    -7.6171     1.1774   -53.1794     1.2754
 24   -60.0593     0.0734     0.6373     0.6313    -7.5247     1.1423   -53.1561     1.2219
 25   -60.0636     0.0709     0.5266     0.6447    -7.3495     1.1503   -53.2249     1.1801
 
 
 group  inft  solvation free energy     error          difference
  total solvation free energy
   1      0        -15.31902           0.10936           0.01237
   1     60        -15.35795           0.10932          -0.02656
   1     80        -15.73708           0.10911          -0.40569
   1    100        -17.01889           0.10930          -1.68750
   2      0        -15.31868           0.11049           0.01271
   3      0        -15.33139           0.11010          -0.00000
   4      0        -15.32712           0.11155           0.00427
   5      0        -15.32033           0.11159           0.01106
   5     60        -15.37389           0.11154          -0.04249
   5     80        -15.84641           0.11140          -0.51502
   5    100        -17.02180           0.11181          -1.69041
 
  contribution from  1-th solvent component
   1      0          2.08815           0.31265          -0.00997
   1     60          2.08635           0.31264          -0.01177
   1     80          2.07062           0.31265          -0.02750
   1    100          2.01806           0.31274          -0.08006
   2      0          2.09585           0.31149          -0.00227
   3      0          2.09812           0.31137           0.00000
   4      0          2.10100           0.31091           0.00287
   5      0          2.10237           0.31085           0.00425
   5     60          2.09994           0.31084           0.00182
   5     80          2.08032           0.31082          -0.01780
   5    100          2.03214           0.31086          -0.06598
 
  contribution from  2-th solvent component
   1      0         -4.79169           0.56333           0.00633
   1     60         -4.78991           0.56335           0.00810
   1     80         -4.78305           0.56355           0.01497
   1    100         -4.77388           0.56403           0.02414
   2      0         -4.79550           0.56168           0.00252
   3      0         -4.79802           0.56112           0.00000
   4      0         -4.79930           0.56071          -0.00128
   5      0         -4.79960           0.56085          -0.00158
   5     60         -4.79725           0.56088           0.00077
   5     80         -4.78966           0.56106           0.00836
   5    100         -4.78147           0.56141           0.01655
 
  contribution from  3-th solvent component
   1      0        -12.59965           0.63220           0.01601
   1     60        -12.63855           0.63221          -0.02290
   1     80        -13.00881           0.63263          -0.39316
   1    100        -14.24723           0.63525          -1.63158
   2      0        -12.60320           0.63171           0.01246
   3      0        -12.61566           0.63156           0.00000
   4      0        -12.61298           0.63027           0.00268
   5      0        -12.60726           0.63088           0.00840
   5     60        -12.66074           0.63091          -0.04508
   5     80        -13.12123           0.63147          -0.50557
   5    100        -14.25663           0.63393          -1.64097
 
 
 group  inft   Estimated free energy: total (kcal/mol)
   1      0     -15.2864     -15.0045     -15.4192     -15.0725     -15.5553
                -15.2402     -15.6030     -15.2779     -15.3475     -15.5409
                -15.3547     -15.4503     -15.7591     -15.4630     -15.4660
                -14.6432     -14.8161     -15.1422     -15.5648     -15.6265
                -14.9474     -15.0705     -15.3763     -15.3576     -15.5902
   1     60     -15.3250     -15.0433     -15.4582     -15.1113     -15.5945
                -15.2789     -15.6418     -15.3167     -15.3866     -15.5801
                -15.3937     -15.4895     -15.7980     -15.5019     -15.5051
                -14.6827     -14.8551     -15.1812     -15.6039     -15.6651
                -14.9867     -15.1097     -15.4149     -15.3962     -15.6289
   1     80     -15.7031     -15.4209     -15.8369     -15.4907     -15.9750
                -15.6584     -16.0203     -15.6949     -15.7670     -15.9618
                -15.7730     -15.8717     -16.1767     -15.8791     -15.8831
                -15.0658     -15.2337     -15.5585     -15.9830     -16.0412
                -15.3670     -15.4910     -15.7938     -15.7737     -16.0070
   1    100     -16.9869     -16.6984     -17.1227     -16.7721     -17.2591
                -16.9448     -17.2990     -16.9821     -17.0550     -17.2468
                -17.0492     -17.1649     -17.4630     -17.1514     -17.1655
                -16.3511     -16.5135     -16.8276     -17.2676     -17.3097
                -16.6426     -16.7780     -17.0801     -17.0522     -17.2890
   2      0     -15.3061     -15.0022     -15.4139     -15.0748     -15.5615
                -15.2296     -15.6073     -15.2916     -15.3461     -15.5227
                -15.3250     -15.4599     -15.7608     -15.4568     -15.4680
                -14.6337     -14.8076     -15.1250     -15.5684     -15.6232
                -14.9412     -15.0844     -15.3954     -15.3520     -15.6098
   3      0     -15.3186     -15.0258     -15.4320     -15.0913     -15.5725
                -15.2459     -15.6407     -15.2853     -15.3668     -15.5351
                -15.3351     -15.4659     -15.7753     -15.4686     -15.4718
                -14.6510     -14.8141     -15.1293     -15.5670     -15.6278
                -14.9533     -15.1094     -15.4201     -15.3656     -15.6165
   4      0     -15.3077     -15.0093     -15.4189     -15.0997     -15.5726
                -15.2470     -15.6291     -15.3017     -15.3605     -15.5229
                -15.3335     -15.4600     -15.7765     -15.4724     -15.4753
                -14.6352     -14.7969     -15.1237     -15.5739     -15.6288
                -14.9543     -15.0878     -15.4083     -15.3596     -15.6223
   5      0     -15.3027     -15.0078     -15.4295     -15.0898     -15.5658
                -15.2401     -15.6348     -15.2843     -15.3545     -15.5229
                -15.3238     -15.4484     -15.7680     -15.4546     -15.4652
                -14.6263     -14.7929     -15.1272     -15.5673     -15.6164
                -14.9411     -15.0835     -15.4055     -15.3416     -15.6146
   5     60     -15.3558     -15.0611     -15.4830     -15.1433     -15.6196
                -15.2934     -15.6881     -15.3376     -15.4081     -15.5769
                -15.3775     -15.5023     -15.8214     -15.5081     -15.5187
                -14.6806     -14.8465     -15.1807     -15.6209     -15.6696
                -14.9951     -15.1375     -15.4588     -15.3947     -15.6679
   5     80     -15.8271     -15.5320     -15.9557     -15.6161     -16.0942
                -15.7670     -16.1595     -15.8092     -15.8820     -16.0523
                -15.8497     -15.9788     -16.2940     -15.9781     -15.9904
                -15.1570     -15.3183     -15.6502     -16.0940     -16.1382
                -15.4679     -15.6126     -15.9314     -15.8649     -16.1394
   5    100     -17.0038     -16.7040     -17.1357     -16.7911     -17.2728
                -16.9472     -17.3315     -16.9895     -17.0622     -17.2309
                -17.0194     -17.1655     -17.4742     -17.1448     -17.1676
                -16.3346     -16.4916     -16.8124     -17.2731     -17.3017
                -16.6357     -16.7921     -17.1113     -17.0368     -17.3155
 
 group  inft   Estimated free energy: 1-th solvent contribution (kcal/mol)
   1      0       2.4196       1.8327       2.5898       1.8821       3.2610
                  1.5904       1.6457       2.6556       1.6989       2.1012
                  2.1297       2.2540       1.8828       1.3795       2.3130
                  2.5026       2.3743       2.8572       2.6542       0.1298
                  1.6139       3.0962       3.5594       0.8822       0.8982
   1     60       2.4179       1.8309       2.5880       1.8803       3.2591
                  1.5886       1.6439       2.6539       1.6971       2.0993
                  2.1278       2.2522       1.8810       1.3778       2.3113
                  2.5007       2.3725       2.8554       2.6524       0.1280
                  1.6120       3.0944       3.5575       0.8805       0.8964
   1     80       2.4025       1.8150       2.5725       1.8643       3.2433
                  1.5729       1.6282       2.6384       1.6811       2.0833
                  2.1116       2.2365       1.8655       1.3625       2.2957
                  2.4848       2.3568       2.8397       2.6367       0.1122
                  1.5960       3.0787       3.5419       0.8648       0.8807
   1    100       2.3505       1.7620       2.5206       1.8105       3.1916
                  1.5201       1.5749       2.5865       1.6275       2.0301
                  2.0587       2.1838       1.8136       1.3112       2.2439
                  2.4324       2.3043       2.7876       2.5844       0.0592
                  1.5428       3.0265       3.4890       0.8119       0.8283
   2      0       2.4255       1.8481       2.5834       1.8968       3.2708
                  1.6014       1.6507       2.6574       1.7120       2.1072
                  2.1514       2.2640       1.8767       1.3853       2.3193
                  2.5155       2.3798       2.8736       2.6594       0.1406
                  1.6365       3.0925       3.5503       0.8947       0.9034
   3      0       2.4280       1.8498       2.5823       1.9010       3.2682
                  1.5995       1.6498       2.6588       1.7125       2.1092
                  2.1567       2.2631       1.8796       1.3833       2.3204
                  2.5200       2.3860       2.8781       2.6670       0.1406
                  1.6473       3.0906       3.5525       0.8992       0.9096
   4      0       2.4282       1.8605       2.5844       1.9055       3.2769
                  1.6034       1.6540       2.6635       1.7122       2.1123
                  2.1652       2.2661       1.8811       1.3885       2.3172
                  2.5209       2.3903       2.8810       2.6670       0.1446
                  1.6534       3.0906       3.5444       0.9038       0.9099
   5      0       2.4315       1.8595       2.5788       1.9029       3.2731
                  1.6064       1.6525       2.6620       1.7169       2.1110
                  2.1677       2.2675       1.8835       1.3916       2.3177
                  2.5266       2.3904       2.8791       2.6706       0.1427
                  1.6596       3.0953       3.5504       0.9076       0.9142
   5     60       2.4291       1.8570       2.5764       1.9005       3.2705
                  1.6040       1.6501       2.6597       1.7145       2.1085
                  2.1651       2.2651       1.8811       1.3893       2.3153
                  2.5241       2.3881       2.8767       2.6681       0.1403
                  1.6571       3.0928       3.5480       0.9053       0.9118
   5     80       2.4102       1.8373       2.5569       1.8807       3.2506
                  1.5844       1.6305       2.6404       1.6946       2.0883
                  2.1450       2.2455       1.8615       1.3701       2.2958
                  2.5042       2.3687       2.8573       2.6483       0.1207
                  1.6374       3.0731       3.5284       0.8858       0.8923
   5    100       2.3630       1.7888       2.5089       1.8318       3.2026
                  1.5362       1.5816       2.5930       1.6458       2.0392
                  2.0965       2.1973       1.8132       1.3228       2.2478
                  2.4561       2.3210       2.8098       2.5999       0.0721
                  1.5893       3.0247       3.4800       0.8377       0.8445
 
 group  inft   Estimated free energy: 2-th solvent contribution (kcal/mol)
   1      0      -3.4555      -4.1787      -4.3714      -3.8960      -6.1087
                 -3.2672      -5.1985      -4.6741      -3.1789      -4.8459
                 -6.8645      -3.8055      -3.9330      -6.9307      -4.0385
                 -5.6711      -5.5256      -8.5371      -4.3466      -5.3326
                 -6.9603      -4.2451      -3.6439      -3.8374      -2.9455
   1     60      -3.4535      -4.1769      -4.3697      -3.8940      -6.1069
                 -3.2654      -5.1966      -4.6724      -3.1770      -4.8441
                 -6.8628      -3.8037      -3.9314      -6.9291      -4.0369
                 -5.6694      -5.5240      -8.5354      -4.3449      -5.3309
                 -6.9585      -4.2432      -3.6417      -3.8357      -2.9437
   1     80      -3.4453      -4.1702      -4.3625      -3.8864      -6.1000
                 -3.2583      -5.1898      -4.6646      -3.1692      -4.8384
                 -6.8573      -3.7971      -3.9243      -6.9227      -4.0288
                 -5.6641      -5.5181      -8.5288      -4.3376      -5.3254
                 -6.9524      -4.2359      -3.6334      -3.8286      -2.9369
   1    100      -3.4325      -4.1611      -4.3535      -3.8742      -6.0911
                 -3.2484      -5.1798      -4.6541      -3.1572      -4.8322
                 -6.8515      -3.7892      -3.9153      -6.9155      -4.0165
                 -5.6582      -5.5121      -8.5200      -4.3282      -5.3195
                 -6.9442      -4.2255      -3.6191      -3.8195      -2.9285
   2      0      -3.4792      -4.1852      -4.3534      -3.9055      -6.1139
                 -3.2581      -5.2057      -4.6876      -3.1966      -4.8348
                 -6.8551      -3.8140      -3.9306      -6.9211      -4.0428
                 -5.6731      -5.5167      -8.5376      -4.3545      -5.3281
                 -6.9707      -4.2597      -3.6559      -3.8446      -2.9630
   3      0      -3.4805      -4.1988      -4.3590      -3.9166      -6.1092
                 -3.2621      -5.2269      -4.6688      -3.2005      -4.8352
                 -6.8552      -3.8078      -3.9353      -6.9164      -4.0377
                 -5.6805      -5.5200      -8.5352      -4.3489      -5.3215
                 -6.9798      -4.2705      -3.6713      -3.8457      -2.9670
   4      0      -3.4857      -4.1959      -4.3537      -3.9276      -6.1104
                 -3.2653      -5.2159      -4.6840      -3.2029      -4.8310
                 -6.8553      -3.8144      -3.9381      -6.9242      -4.0391
                 -5.6676      -5.5130      -8.5361      -4.3585      -5.3250
                 -6.9847      -4.2631      -3.6656      -3.8480      -2.9773
   5      0      -3.4873      -4.2000      -4.3605      -3.9213      -6.1110
                 -3.2719      -5.2267      -4.6769      -3.2042      -4.8311
                 -6.8584      -3.8098      -3.9394      -6.9144      -4.0330
                 -5.6704      -5.5132      -8.5389      -4.3567      -5.3254
                 -6.9879      -4.2643      -3.6705      -3.8434      -2.9735
   5     60      -3.4847      -4.1977      -4.3582      -3.9187      -6.1085
                 -3.2694      -5.2243      -4.6746      -3.2016      -4.8288
                 -6.8561      -3.8075      -3.9371      -6.9123      -4.0307
                 -5.6681      -5.5112      -8.5367      -4.3544      -5.3232
                 -6.9856      -4.2618      -3.6678      -3.8411      -2.9711
   5     80      -3.4755      -4.1903      -4.3506      -3.9103      -6.1010
                 -3.2619      -5.2166      -4.6659      -3.1930      -4.8226
                 -6.8499      -3.8003      -3.9295      -6.9051      -4.0218
                 -5.6620      -5.5046      -8.5292      -4.3466      -5.3170
                 -6.9785      -4.2538      -3.6585      -3.8332      -2.9638
   5    100      -3.4640      -4.1824      -4.3429      -3.8993      -6.0928
                 -3.2534      -5.2073      -4.6566      -3.1826      -4.8170
                 -6.8444      -3.7934      -3.9217      -6.8984      -4.0114
                 -5.6565      -5.4991      -8.5209      -4.3384      -5.3116
                 -6.9706      -4.2446      -3.6459      -3.8250      -2.9565
 
 group  inft   Estimated free energy: 3-th solvent contribution (kcal/mol)
   1      0     -14.2347     -12.6428     -13.6218     -13.0427     -12.6917
                -13.5475     -12.0343     -13.2436     -13.8517     -12.7804
                -10.6041     -13.8830     -13.6930      -9.8960     -13.7247
                -11.4589     -11.6489      -9.4464     -13.8566     -10.4079
                 -9.5851     -13.9057     -15.2759     -12.3866     -13.5271
   1     60     -14.2735     -12.6814     -13.6606     -13.0818     -12.7308
                -13.5863     -12.0732     -13.2823     -13.8908     -12.8195
                -10.6429     -13.9222     -13.7317      -9.9347     -13.7636
                -11.4982     -11.6877      -9.4853     -13.8955     -10.4463
                 -9.6244     -13.9451     -15.3149     -12.4252     -13.5658
   1     80     -14.6444     -13.0499     -14.0311     -13.4527     -13.1023
                -13.9572     -12.4428     -13.6529     -14.2630     -13.1908
                -11.0116     -14.2952     -14.1020     -10.3030     -14.1342
                -11.8705     -12.0565      -9.8535     -14.2662     -10.8122
                 -9.9948     -14.3180     -15.6865     -12.7940     -13.9350
   1    100     -15.8890     -14.2835     -15.2740     -14.6925     -14.3438
                -15.2006     -13.6782     -14.8986     -15.5095     -14.4289
                -12.2406     -15.5436     -15.3454     -11.5313     -15.3771
                -13.1093     -13.2899     -11.0794     -15.5079     -12.0336
                -11.2253     -15.5631     -16.9341     -14.0288     -15.1729
   2      0     -14.2365     -12.6493     -13.6281     -13.0502     -12.7025
                -13.5570     -12.0365     -13.2456     -13.8457     -12.7792
                -10.6055     -13.8941     -13.6910      -9.9052     -13.7286
                -11.4603     -11.6549      -9.4452     -13.8574     -10.4198
                 -9.5911     -13.9014     -15.2739     -12.3863     -13.5345
   3      0     -14.2503     -12.6610     -13.6394     -13.0598     -12.7157
                -13.5674     -12.0478     -13.2594     -13.8630     -12.7932
                -10.6208     -13.9053     -13.7037      -9.9197     -13.7387
                -11.4746     -11.6643      -9.4564     -13.8692     -10.4311
                 -9.6049     -13.9137     -15.2855     -12.4032     -13.5433
   4      0     -14.2343     -12.6581     -13.6338     -13.0617     -12.7233
                -13.5692     -12.0514     -13.2654     -13.8540     -12.7884
                -10.6276     -13.8959     -13.7036      -9.9209     -13.7376
                -11.4727     -11.6584      -9.4527     -13.8665     -10.4325
                 -9.6071     -13.8994     -15.2713     -12.3996     -13.5390
   5      0     -14.2311     -12.6514     -13.6319     -13.0556     -12.7121
                -13.5587     -12.0447     -13.2536     -13.8514     -12.7869
                -10.6173     -13.8902     -13.6962      -9.9160     -13.7340
                -11.4667     -11.6543      -9.4516     -13.8653     -10.4179
                 -9.5969     -13.8987     -15.2696     -12.3899     -13.5395
   5     60     -14.2845     -12.7046     -13.6853     -13.1093     -12.7658
                -13.6122     -12.0981     -13.3069     -13.9051     -12.8407
                -10.6707     -13.9441     -13.7495      -9.9692     -13.7874
                -11.5208     -11.7075      -9.5050     -13.9188     -10.4708
                 -9.6508     -13.9527     -15.3231     -12.4430     -13.5927
   5     80     -14.7459     -13.1631     -14.1462     -13.5706     -13.2280
                -14.0737     -12.5576     -13.7679     -14.3677     -13.3023
                -11.1290     -14.4082     -14.2101     -10.4273     -14.2485
                -11.9833     -12.1665      -9.9625     -14.3799     -10.9260
                -10.1110     -14.4160     -15.7855     -12.9017     -14.0521
   5    100     -15.8870     -14.2945     -15.2859     -14.7078     -14.3667
                -15.2142     -13.6898     -14.9101     -15.5096     -14.4372
                -12.2556     -15.5536     -15.3499     -11.5534     -15.3881
                -13.1184     -13.2976     -11.0855     -15.5187     -12.0464
                -11.2385     -15.5564     -16.9295     -14.0337     -15.1876
 
 
 cumulative average & 95% error for solvation free energy
              total             1st component         2nd component         3rd component
  1   -15.3186     0.0000     2.4280     0.0000    -3.4805     0.0000   -14.2503     0.0000
  2   -15.1722     0.2928     2.1389     0.5782    -3.8397     0.7183   -13.4556     1.5893
  3   -15.2588     0.2420     2.2867     0.4459    -4.0128     0.5402   -13.5169     0.9257
  4   -15.2169     0.1905     2.1903     0.3696    -3.9888     0.3850   -13.4026     0.6933
  5   -15.2881     0.2050     2.4059     0.5176    -4.4128     0.8991   -13.2652     0.6033
  6   -15.2810     0.1679     2.2715     0.5008    -4.2211     0.8283   -13.3156     0.5028
  7   -15.3324     0.1752     2.1827     0.4590    -4.3647     0.7567   -13.1345     0.5584
  8   -15.3265     0.1522     2.2422     0.4150    -4.4027     0.6597   -13.1501     0.4846
  9   -15.3310     0.1345     2.1833     0.3844    -4.2692     0.6402   -13.2293     0.4558
 10   -15.3514     0.1271     2.1759     0.3442    -4.3258     0.5837   -13.1857     0.4169
 11   -15.3499     0.1150     2.1742     0.3113    -4.5557     0.7002   -12.9525     0.5997
 12   -15.3596     0.1067     2.1816     0.2846    -4.4934     0.6512   -13.0319     0.5700
 13   -15.3916     0.1172     2.1583     0.2659    -4.4505     0.6052   -13.0836     0.5344
 14   -15.3971     0.1090     2.1030     0.2699    -4.6266     0.6618   -12.8576     0.6702
 15   -15.4021     0.1020     2.1175     0.2529    -4.5873     0.6211   -12.9163     0.6349
 16   -15.3551     0.1338     2.1426     0.2419    -4.6557     0.5968   -12.8262     0.6206
 17   -15.3233     0.1409     2.1569     0.2290    -4.7065     0.5698   -12.7579     0.5988
 18   -15.3125     0.1346     2.1970     0.2303    -4.9192     0.6852   -12.5745     0.6732
 19   -15.3259     0.1301     2.2217     0.2234    -4.8892     0.6509   -12.6426     0.6512
 20   -15.3410     0.1271     2.1177     0.2970    -4.9108     0.6191   -12.5320     0.6562
 21   -15.3225     0.1264     2.0953     0.2861    -5.0093     0.6209   -12.3927     0.6836
 22   -15.3128     0.1220     2.1405     0.2874    -4.9757     0.5958   -12.4618     0.6663
 23   -15.3175     0.1170     2.2019     0.3008    -4.9190     0.5805   -12.5846     0.6824
 24   -15.3195     0.1121     2.1476     0.3078    -4.8743     0.5630   -12.5770     0.6535
 25   -15.3314     0.1101     2.0981     0.3114    -4.7980     0.5611   -12.6157     0.6316
