Lmod has detected the following error: These module(s) exist but cannot be
loaded as requested: "hwloc/1.11.11"
   Try: "module spider hwloc/1.11.11" to see how to load the module(s).



Lmod has detected the following error: These module(s) exist but cannot be
loaded as requested: "hwloc/1.11.11"
   Try: "module spider hwloc/1.11.11" to see how to load the module(s).



 ERmod 0.3.7, Copyright (C) 2000-2019 Nobuyuki Matubayasi
                            2010-2019 Shun Sakuraba
 ERmod comes with ABSOLUTELY NO WARRANTY.
 This is free software, and you can redistribute it
 and/or modify it under certain conditions.
 See LICENSE file for details.
Opening: "/home/hervoe/snic2020-6-15/hervoe/temp/Simulations/NaCl/1.00/trajectory_sol_full.xtc"...
  Trying plugin "Gromacs XTC Compressed Trajectory"...OK
 ERmod 0.3.7, Copyright (C) 2000-2019 Nobuyuki Matubayasi
                            2010-2019 Shun Sakuraba
 ERmod comes with ABSOLUTELY NO WARRANTY.
 This is free software, and you can redistribute it
 and/or modify it under certain conditions.
 See LICENSE file for details.
Opening: "/home/hervoe/snic2020-6-15/hervoe/temp/Simulations/NaCl/1.00/trajectory_ref_full.xtc"...
  Trying plugin "Gromacs XTC Compressed Trajectory"...OK
Opening: "/home/hervoe/snic2020-6-15/hervoe/temp/Simulations/Solute_new/trajectory_solute.xtc"...
  Trying plugin "Gromacs XTC Compressed Trajectory"...OK
Opening: "/home/hervoe/snic2020-6-15/hervoe/temp/Simulations/Solute_new/trajectory_solute.xtc"...
  Trying plugin "Gromacs XTC Compressed Trajectory"...OK
Opening: "/home/hervoe/snic2020-6-15/hervoe/temp/Simulations/Solute_new/trajectory_solute.xtc"...
  Trying plugin "Gromacs XTC Compressed Trajectory"...OK
Opening: "/home/hervoe/snic2020-6-15/hervoe/temp/Simulations/Solute_new/trajectory_solute.xtc"...
  Trying plugin "Gromacs XTC Compressed Trajectory"...OK
Opening: "/home/hervoe/snic2020-6-15/hervoe/temp/Simulations/Solute_new/trajectory_solute.xtc"...
  Trying plugin "Gromacs XTC Compressed Trajectory"...OK
Opening: "/home/hervoe/snic2020-6-15/hervoe/temp/Simulations/Solute_new/trajectory_solute.xtc"...
  Trying plugin "Gromacs XTC Compressed Trajectory"...OK
Opening: "/home/hervoe/snic2020-6-15/hervoe/temp/Simulations/Solute_new/trajectory_solute.xtc"...
  Trying plugin "Gromacs XTC Compressed Trajectory"...OK
Opening: "/home/hervoe/snic2020-6-15/hervoe/temp/Simulations/Solute_new/trajectory_solute.xtc"...
  Trying plugin "Gromacs XTC Compressed Trajectory"...OK
Opening: "/home/hervoe/snic2020-6-15/hervoe/temp/Simulations/Solute_new/trajectory_solute.xtc"...
  Trying plugin "Gromacs XTC Compressed Trajectory"...OK
Opening: "/home/hervoe/snic2020-6-15/hervoe/temp/Simulations/Solute_new/trajectory_solute.xtc"...
  Trying plugin "Gromacs XTC Compressed Trajectory"...OK
 
  Number of the   1-th solvent  =           18
  Number of the   2-th solvent  =           18
  Number of the   3-th solvent  =         1000
 
  Be sure that the solvent distribution is homogeneous (radial distribution function is essentially unity) when the solvent molecule is separated beyond distance of   10.0 Angstrom in any direction from any atom within the solute molecule
 
  LJ long-range correction    =        -0.0343     -0.0070     -0.8841
 
  Self-energy of the solute   =        -0.0162  kcal/mol
 
 
 cumulative average & 95% error for solvation energy
              total             1st component         2nd component         3rd component
  1   -59.9753               -0.7294               -3.1469              -56.0828
  2   -59.8419     0.2669    -0.3418     0.7752    -2.4600     1.3738   -57.0239     1.8821
  3   -59.8317     0.1554    -0.9113     1.2237    -2.8077     1.0548   -56.0966     2.1495
  4   -59.8761     0.1412    -0.7694     0.9107    -2.9124     0.7747   -56.1782     1.5287
  5   -59.8431     0.1278    -0.2443     1.2651    -3.7363     1.7537   -55.8463     1.3574
  6   -59.8270     0.1092    -0.3222     1.0447    -3.4851     1.5174   -56.0035     1.1520
  7   -59.7928     0.1149    -0.0341     1.0543    -3.5438     1.2878   -56.1987     1.0490
  8   -59.7677     0.1114     0.0489     0.9280    -3.6819     1.1490   -56.1184     0.9225
  9   -59.7377     0.1152     0.0940     0.8234    -3.6253     1.0197   -56.1902     0.8261
 10   -59.7280     0.1048     0.0740     0.7375    -4.0142     1.1987   -55.7717     1.1165
 11   -59.7188     0.0966    -0.0285     0.6979    -3.9080     1.1048   -55.7662     1.0099
 12   -59.7243     0.0888     0.0351     0.6497    -3.7541     1.0545   -55.9891     1.0241
 13   -59.7369     0.0855     0.0522     0.5986    -3.7277     0.9714   -56.0453     0.9487
 14   -59.7346     0.0793     0.0837     0.5578    -3.6848     0.9034   -56.1173     0.8900
 15   -59.7472     0.0780     0.0996     0.5202    -3.8187     0.8826   -56.0120     0.8549
 16   -59.7458     0.0731     0.1915     0.5201    -3.6830     0.8691   -56.2381     0.9187
 17   -59.7552     0.0712     0.2565     0.5056    -4.2012     1.3193   -55.7943     1.2379
 18   -59.7617     0.0684     0.2646     0.4769    -4.1221     1.2539   -55.8880     1.1820
 19   -59.7672     0.0656     0.2284     0.4569    -4.0161     1.2048   -55.9633     1.1282
 20   -59.7670     0.0622     0.1978     0.4378    -4.0988     1.1549   -55.8498     1.0941
 21   -59.7710     0.0597     0.1746     0.4190    -4.1467     1.1027   -55.7827     1.0493
 22   -59.7734     0.0571     0.1975     0.4021    -4.1154     1.0533   -55.8393     1.0069
 23   -59.7690     0.0553     0.2936     0.4296    -4.1767     1.0139   -55.8697     0.9640
 24   -59.7637     0.0540     0.2449     0.4227    -4.1580     0.9714   -55.8343     0.9257
 25   -59.7577     0.0532     0.2842     0.4130    -4.4097     1.0590   -55.6160     0.9895
 
 
 group  inft  solvation free energy     error          difference
  total solvation free energy
   1      0        -15.74348           0.09234           0.01631
   1     60        -15.77726           0.09231          -0.01747
   1     80        -16.11502           0.09226          -0.35523
   1    100        -17.31980           0.09303          -1.56001
   2      0        -15.74815           0.09455           0.01164
   3      0        -15.75979           0.09578           0.00000
   4      0        -15.75162           0.09539           0.00817
   5      0        -15.74532           0.09500           0.01447
   5     60        -15.79163           0.09497          -0.03184
   5     80        -16.21497           0.09499          -0.45518
   5    100        -17.32401           0.09590          -1.56422
 
  contribution from  1-th solvent component
   1      0          0.98845           0.17869          -0.00997
   1     60          0.98770           0.17868          -0.01072
   1     80          0.98108           0.17870          -0.01734
   1    100          0.95721           0.17877          -0.04122
   2      0          0.99492           0.17782          -0.00351
   3      0          0.99842           0.17747           0.00000
   4      0          0.99979           0.17669           0.00136
   5      0          1.00169           0.17682           0.00327
   5     60          1.00069           0.17681           0.00227
   5     80          0.99215           0.17681          -0.00627
   5    100          0.97009           0.17683          -0.02834
 
  contribution from  2-th solvent component
   1      0         -2.82206           0.52279           0.01283
   1     60         -2.82158           0.52279           0.01330
   1     80         -2.81822           0.52290           0.01666
   1    100         -2.80961           0.52327           0.02528
   2      0         -2.82888           0.51975           0.00601
   3      0         -2.83489           0.51834           0.00000
   4      0         -2.83560           0.51790          -0.00071
   5      0         -2.83548           0.51812          -0.00059
   5     60         -2.83459           0.51813           0.00029
   5     80         -2.82991           0.51824           0.00498
   5    100         -2.82282           0.51850           0.01206
 
  contribution from  3-th solvent component
   1      0        -13.89368           0.54809           0.01346
   1     60        -13.92719           0.54809          -0.02005
   1     80        -14.26169           0.54827          -0.35455
   1    100        -15.45120           0.55028          -1.54407
   2      0        -13.89799           0.54799           0.00914
   3      0        -13.90714           0.54770           0.00000
   4      0        -13.89961           0.54719           0.00752
   5      0        -13.89533           0.54718           0.01180
   5     60        -13.94154           0.54716          -0.03440
   5     80        -14.36102           0.54746          -0.45389
   5    100        -15.45508           0.54939          -1.54794
 
 
 group  inft   Estimated free energy: total (kcal/mol)
   1      0     -15.7220     -15.8429     -15.7336     -15.6858     -15.7101
                -15.7835     -15.8205     -15.8840     -15.6572     -15.2123
                -15.6296     -15.6537     -15.8696     -15.8298     -15.7943
                -15.6307     -15.8777     -16.1387     -15.9349     -16.0276
                -15.5591     -16.1155     -15.7658     -15.5988     -15.1093
   1     60     -15.7559     -15.8768     -15.7672     -15.7194     -15.7442
                -15.8171     -15.8543     -15.9176     -15.6909     -15.2463
                -15.6635     -15.6873     -15.9032     -15.8634     -15.8284
                -15.6645     -15.9113     -16.1726     -15.9684     -16.0610
                -15.5929     -16.1493     -15.8001     -15.6327     -15.1433
   1     80     -16.0957     -16.2152     -16.1047     -16.0559     -16.0837
                -16.1537     -16.1924     -16.2546     -16.0285     -15.5848
                -16.0020     -16.0242     -16.2394     -16.2004     -16.1672
                -16.0013     -16.2467     -16.5113     -16.3059     -16.3976
                -15.9307     -16.4876     -16.1404     -15.9708     -15.4810
   1    100     -17.3075     -17.4239     -17.3104     -17.2592     -17.2891
                -17.3576     -17.3997     -17.4586     -17.2367     -16.7854
                -17.2066     -17.2316     -17.4448     -17.4043     -17.3706
                -17.2077     -17.4354     -17.7228     -17.5141     -17.6004
                -17.1344     -17.6953     -17.3481     -17.1752     -16.6755
   2      0     -15.7214     -15.8540     -15.7312     -15.6867     -15.7108
                -15.7807     -15.8213     -15.8837     -15.6871     -15.1959
                -15.6280     -15.6521     -15.8788     -15.8594     -15.7899
                -15.6534     -15.8446     -16.1442     -15.9513     -16.0296
                -15.5757     -16.1568     -15.7690     -15.5983     -15.1000
   3      0     -15.7282     -15.8571     -15.7419     -15.6965     -15.7211
                -15.7822     -15.8312     -15.9044     -15.6967     -15.1919
                -15.6551     -15.6386     -15.9097     -15.8816     -15.7914
                -15.6770     -15.8362     -16.1618     -15.9690     -16.0444
                -15.5821     -16.1854     -15.7766     -15.6153     -15.1195
   4      0     -15.7184     -15.8501     -15.7370     -15.6884     -15.7090
                -15.7790     -15.8310     -15.8898     -15.6975     -15.1875
                -15.6255     -15.6439     -15.8993     -15.8670     -15.7901
                -15.6706     -15.8303     -16.1396     -15.9494     -16.0402
                -15.5885     -16.1826     -15.7638     -15.6065     -15.1055
   5      0     -15.7137     -15.8500     -15.7309     -15.6692     -15.6977
                -15.7689     -15.8242     -15.8925     -15.6806     -15.1812
                -15.6434     -15.6254     -15.8955     -15.8804     -15.7797
                -15.6641     -15.8244     -16.1345     -15.9544     -16.0319
                -15.5789     -16.1557     -15.7554     -15.5926     -15.1079
   5     60     -15.7603     -15.8965     -15.7770     -15.7153     -15.7444
                -15.8151     -15.8705     -15.9386     -15.7268     -15.2278
                -15.6898     -15.6714     -15.9415     -15.9265     -15.8264
                -15.7104     -15.8706     -16.1809     -16.0003     -16.0776
                -15.6254     -16.2022     -15.8024     -15.6389     -15.1544
   5     80     -16.1860     -16.3206     -16.2003     -16.1375     -16.1696
                -16.2375     -16.2943     -16.3609     -16.1499     -15.6516
                -16.1136     -16.0939     -16.3636     -16.3487     -16.2509
                -16.1330     -16.2906     -16.6058     -16.4233     -16.4990
                -16.0490     -16.6269     -16.2288     -16.0623     -15.5767
   5    100     -17.3010     -17.4331     -17.3100     -17.2459     -17.2789
                -17.3467     -17.4060     -17.4690     -17.2613     -16.7558
                -17.2218     -17.2052     -17.4743     -17.4572     -17.3580
                -17.2445     -17.3846     -17.7214     -17.5353     -17.6045
                -17.1578     -17.7411     -17.3409     -17.1706     -16.6752
 
 group  inft   Estimated free energy: 1-th solvent contribution (kcal/mol)
   1      0       0.5797       0.9797      -0.1117       0.8298       1.6512
                  0.5614       1.5389       1.0397       1.1311       0.9009
                  0.5002       1.2803       0.9923       1.1414       0.9444
                  1.6815       0.9025       0.9097       0.6713       0.5999
                  0.8576       1.0707       1.8142       0.5765       1.6678
   1     60       0.5790       0.9790      -0.1124       0.8290       1.6504
                  0.5607       1.5382       1.0390       1.1304       0.9002
                  0.4994       1.2796       0.9915       1.1407       0.9437
                  1.6808       0.9017       0.9089       0.6706       0.5991
                  0.8569       1.0700       1.8134       0.5758       1.6671
   1     80       0.5721       0.9727      -0.1191       0.8225       1.6440
                  0.5541       1.5315       1.0321       1.1237       0.8938
                  0.4927       1.2729       0.9853       1.1341       0.9369
                  1.6745       0.8950       0.9022       0.6638       0.5924
                  0.8502       1.0634       1.8066       0.5692       1.6604
   1    100       0.5473       0.9497      -0.1434       0.7989       1.6206
                  0.5307       1.5073       1.0075       1.0993       0.8703
                  0.4685       1.2488       0.9621       1.1103       0.9132
                  1.6516       0.8715       0.8782       0.6390       0.5681
                  0.8264       1.0395       1.7824       0.5453       1.6370
   2      0       0.5925       0.9804      -0.1015       0.8398       1.6508
                  0.5755       1.5417       1.0472       1.1411       0.9143
                  0.5101       1.2841       0.9896       1.1401       0.9498
                  1.6781       0.9141       0.9185       0.6773       0.6098
                  0.8643       1.0665       1.8257       0.5840       1.6788
   3      0       0.5995       0.9871      -0.0973       0.8439       1.6508
                  0.5768       1.5436       1.0537       1.1467       0.9127
                  0.5126       1.2851       0.9855       1.1409       0.9585
                  1.6825       0.9206       0.9231       0.6842       0.6162
                  0.8781       1.0627       1.8277       0.5849       1.6806
   4      0       0.6004       0.9834      -0.0920       0.8480       1.6496
                  0.5874       1.5442       1.0574       1.1438       0.9151
                  0.5217       1.2878       0.9917       1.1413       0.9593
                  1.6760       0.9213       0.9224       0.6857       0.6180
                  0.8712       1.0642       1.8288       0.5876       1.6803
   5      0       0.6039       0.9859      -0.0939       0.8537       1.6508
                  0.5820       1.5452       1.0591       1.1518       0.9139
                  0.5178       1.2892       0.9902       1.1360       0.9628
                  1.6791       0.9245       0.9266       0.6916       0.6237
                  0.8782       1.0649       1.8297       0.5924       1.6830
   5     60       0.6029       0.9849      -0.0948       0.8527       1.6498
                  0.5810       1.5442       1.0581       1.1508       0.9129
                  0.5168       1.2882       0.9893       1.1351       0.9617
                  1.6781       0.9235       0.9256       0.6905       0.6227
                  0.8772       1.0639       1.8286       0.5915       1.6820
   5     80       0.5942       0.9767      -0.1033       0.8443       1.6413
                  0.5725       1.5356       1.0493       1.1423       0.9046
                  0.5082       1.2796       0.9810       1.1265       0.9532
                  1.6699       0.9149       0.9169       0.6818       0.6141
                  0.8685       1.0552       1.8198       0.5830       1.6735
   5    100       0.5717       0.9552      -0.1254       0.8226       1.6194
                  0.5504       1.5133       1.0268       1.1202       0.8830
                  0.4861       1.2573       0.9592       1.1043       0.9314
                  1.6483       0.8932       0.8945       0.6592       0.5921
                  0.8465       1.0326       1.7974       0.5610       1.6518
 
 group  inft   Estimated free energy: 2-th solvent contribution (kcal/mol)
   1      0      -2.1514      -1.7042      -2.3656      -2.0993      -4.1760
                 -1.7509      -2.5244      -2.9816      -2.1577      -4.3470
                 -2.2097      -1.4458      -2.2252      -2.2205      -3.5548
                 -1.2806      -6.6761      -2.1087      -1.6630      -3.5596
                 -3.0959      -2.4921      -3.3951      -2.5496      -5.8168
   1     60      -2.1509      -1.7038      -2.3651      -2.0989      -4.1755
                 -1.7505      -2.5239      -2.9811      -2.1572      -4.3465
                 -2.2092      -1.4452      -2.2247      -2.2200      -3.5543
                 -1.2801      -6.6757      -2.1083      -1.6624      -3.5591
                 -3.0955      -2.4916      -3.3947      -2.5491      -5.8163
   1     80      -2.1478      -1.7008      -2.3622      -2.0957      -4.1723
                 -1.7470      -2.5207      -2.9779      -2.1536      -4.3436
                 -2.2061      -1.4410      -2.2207      -2.2159      -3.5513
                 -1.2761      -6.6730      -2.1050      -1.6585      -3.5556
                 -3.0923      -2.4876      -3.3917      -2.5456      -5.8134
   1    100      -2.1400      -1.6935      -2.3555      -2.0879      -4.1642
                 -1.7380      -2.5125      -2.9696      -2.1443      -4.3370
                 -2.1981      -1.4296      -2.2101      -2.2035      -3.5444
                 -1.2659      -6.6672      -2.0969      -1.6476      -3.5465
                 -3.0847      -2.4769      -3.3844      -2.5362      -5.8056
   2      0      -2.1570      -1.7130      -2.3736      -2.1013      -4.1738
                 -1.7535      -2.5251      -2.9846      -2.1950      -4.3353
                 -2.2115      -1.4472      -2.2271      -2.2417      -3.5546
                 -1.2970      -6.6505      -2.1242      -1.6858      -3.5662
                 -3.1106      -2.5200      -3.4058      -2.5506      -5.8168
   3      0      -2.1626      -1.7178      -2.3717      -2.1068      -4.1761
                 -1.7525      -2.5287      -3.0013      -2.2048      -4.3286
                 -2.2318      -1.4254      -2.2457      -2.2580      -3.5551
                 -1.3169      -6.6350      -2.1321      -1.7023      -3.5838
                 -3.1188      -2.5261      -3.4058      -2.5615      -5.8231
   4      0      -2.1627      -1.7190      -2.3829      -2.1097      -4.1719
                 -1.7588      -2.5373      -2.9998      -2.2123      -4.3302
                 -2.2241      -1.4438      -2.2436      -2.2480      -3.5602
                 -1.3192      -6.6384      -2.1230      -1.6951      -3.5805
                 -3.1171      -2.5302      -3.4086      -2.5574      -5.8164
   5      0      -2.1648      -1.7247      -2.3747      -2.1035      -4.1675
                 -1.7555      -2.5313      -3.0042      -2.2061      -4.3290
                 -2.2353      -1.4280      -2.2457      -2.2601      -3.5581
                 -1.3201      -6.6373      -2.1261      -1.7076      -3.5854
                 -3.1230      -2.5133      -3.4017      -2.5595      -5.8244
   5     60      -2.1640      -1.7239      -2.3740      -2.1028      -4.1666
                 -1.7547      -2.5304      -3.0034      -2.2052      -4.3282
                 -2.2344      -1.4270      -2.2448      -2.2590      -3.5573
                 -1.3192      -6.6365      -2.1253      -1.7067      -3.5845
                 -3.1222      -2.5123      -3.4009      -2.5585      -5.8235
   5     80      -2.1597      -1.7195      -2.3701      -2.0986      -4.1620
                 -1.7500      -2.5258      -2.9988      -2.2001      -4.3242
                 -2.2298      -1.4212      -2.2394      -2.2530      -3.5533
                 -1.3138      -6.6328      -2.1208      -1.7013      -3.5795
                 -3.1178      -2.5070      -3.3966      -2.5537      -5.8189
   5    100      -2.1534      -1.7133      -2.3648      -2.0927      -4.1552
                 -1.7431      -2.5192      -2.9918      -2.1924      -4.3187
                 -2.2229      -1.4115      -2.2310      -2.2423      -3.5477
                 -1.3054      -6.6279      -2.1145      -1.6924      -3.5717
                 -3.1118      -2.4985      -3.3904      -2.5461      -5.8118
 
 group  inft   Estimated free energy: 3-th solvent contribution (kcal/mol)
   1      0     -14.1341     -15.1022     -13.2401     -14.4001     -13.1691
                -14.5777     -14.8189     -13.9260     -14.6144     -11.7501
                -13.9039     -15.4720     -14.6205     -14.7345     -13.1678
                -16.0155     -10.0879     -14.9235     -14.9271     -13.0517
                -13.3046     -14.6779     -14.1687     -13.6096     -10.9442
   1     60     -14.1678     -15.1358     -13.2734     -14.4333     -13.2029
                -14.6111     -14.8524     -13.9593     -14.6479     -11.7838
                -13.9376     -15.5054     -14.6538     -14.7679     -13.2015
                -16.0490     -10.1212     -14.9570     -14.9603     -13.0849
                -13.3381     -14.7116     -14.2027     -13.6432     -10.9779
   1     80     -14.5038     -15.4709     -13.6071     -14.7665     -13.5391
                -14.9446     -15.1871     -14.2926     -14.9824     -12.1187
                -14.2725     -15.8399     -14.9878     -15.1025     -13.5366
                -16.3835     -10.4525     -15.2924     -15.2949     -13.4182
                -13.6724     -15.0472     -14.5391     -13.9782     -11.3118
   1    100     -15.6985     -16.6639     -14.7953     -15.9540     -14.7293
                -16.1341     -16.3783     -15.4803     -16.1755     -13.3025
                -15.4608     -17.0347     -16.1806     -16.2948     -14.7232
                -17.5772     -11.6234     -16.4879     -16.4894     -14.6058
                -14.8599     -16.2418     -15.7300     -15.1681     -12.4908
   2      0     -14.1407     -15.1052     -13.2400     -14.4091     -13.1716
                -14.5865     -14.8218     -13.9301     -14.6170     -11.7587
                -13.9104     -15.4728     -14.6251     -14.7416     -13.1689
                -16.0182     -10.0919     -14.9223     -14.9266     -13.0569
                -13.3132     -14.6871     -14.1727     -13.6155     -10.9458
   3      0     -14.1490     -15.1102     -13.2567     -14.4174     -13.1796
                -14.5903     -14.8299     -13.9406     -14.6223     -11.7598
                -13.9196     -15.4822     -14.6333     -14.7482     -13.1787
                -16.0264     -10.1056     -14.9366     -14.9347     -13.0606
                -13.3252     -14.7058     -14.1824     -13.6225     -10.9608
   4      0     -14.1399     -15.0983     -13.2459     -14.4105     -13.1706
                -14.5913     -14.8218     -13.9312     -14.6128     -11.7563
                -13.9069     -15.4718     -14.6311     -14.7442     -13.1729
                -16.0113     -10.0971     -14.9228     -14.9238     -13.0614
                -13.3265     -14.7004     -14.1678     -13.6205     -10.9531
   5      0     -14.1366     -15.0950     -13.2461     -14.4032     -13.1648
                -14.5793     -14.8219     -13.9311     -14.6102     -11.7498
                -13.9097     -15.4703     -14.6238     -14.7402     -13.1682
                -16.0070     -10.0954     -14.9188     -14.9221     -13.0539
                -13.3180     -14.6912     -14.1672     -13.6094     -10.9503
   5     60     -14.1830     -15.1413     -13.2921     -14.4490     -13.2114
                -14.6252     -14.8681     -13.9771     -14.6563     -11.7963
                -13.9560     -15.5164     -14.6697     -14.7863     -13.2146
                -16.0532     -10.1414     -14.9650     -14.9680     -13.0996
                -13.3642     -14.7376     -14.2139     -13.6557     -10.9967
   5     80     -14.6044     -15.5616     -13.7108     -14.8670     -13.6327
                -15.0437     -15.2879     -14.3952     -15.0759     -12.2158
                -14.3759     -15.9360     -15.0889     -15.2061     -13.6346
                -16.4729     -10.5566     -15.3857     -15.3876     -13.5174
                -13.7836     -15.1589     -14.6358     -14.0755     -11.4150
   5    100     -15.7031     -16.6588     -14.8037     -15.9596     -14.7268
                -16.1379     -16.3839     -15.4877     -16.1729     -13.3039
                -15.4688     -17.0349     -16.1864     -16.3031     -14.7255
                -17.5712     -11.6336     -16.4853     -16.4859     -14.6086
                -14.8764     -16.2590     -15.7317     -15.1693     -12.4990
 
 
 cumulative average & 95% error for solvation free energy
              total             1st component         2nd component         3rd component
  1   -15.7282     0.0000     0.5995     0.0000    -2.1626     0.0000   -14.1490     0.0000
  2   -15.7927     0.1289     0.7933     0.3875    -1.9402     0.4448   -14.6296     0.9612
  3   -15.7758     0.0818     0.4964     0.6345    -2.0840     0.3856   -14.1720     1.0704
  4   -15.7559     0.0701     0.5833     0.4811    -2.0897     0.2729   -14.2333     0.7668
  5   -15.7490     0.0561     0.7968     0.5668    -2.5070     0.8609   -14.0226     0.7283
  6   -15.7545     0.0471     0.7601     0.4685    -2.3813     0.7466   -14.1172     0.6240
  7   -15.7655     0.0454     0.8721     0.4549    -2.4023     0.6324   -14.2190     0.5654
  8   -15.7828     0.0525     0.8948     0.3965    -2.4772     0.5678   -14.1842     0.4945
  9   -15.7733     0.0501     0.9227     0.3542    -2.4469     0.5044   -14.2329     0.4469
 10   -15.7151     0.1246     0.9217     0.3168    -2.6351     0.5875   -13.9856     0.6359
 11   -15.7097     0.1132     0.8845     0.2960    -2.5984     0.5364   -13.9796     0.5753
 12   -15.7037     0.1040     0.9179     0.2784    -2.5007     0.5273   -14.1048     0.5819
 13   -15.7196     0.1008     0.9231     0.2563    -2.4811     0.4866   -14.1455     0.5414
 14   -15.7312     0.0962     0.9387     0.2393    -2.4651     0.4516   -14.1885     0.5086
 15   -15.7352     0.0899     0.9400     0.2228    -2.5378     0.4449   -14.1212     0.4922
 16   -15.7315     0.0844     0.9864     0.2281    -2.4615     0.4432   -14.2403     0.5184
 17   -15.7377     0.0802     0.9825     0.2144    -2.7070     0.6438   -13.9971     0.6883
 18   -15.7613     0.0891     0.9792     0.2023    -2.6750     0.6103   -14.0492     0.6572
 19   -15.7722     0.0871     0.9637     0.1938    -2.6238     0.5863   -14.0959     0.6286
 20   -15.7858     0.0870     0.9463     0.1871    -2.6718     0.5644   -14.0441     0.6053
 21   -15.7761     0.0850     0.9431     0.1781    -2.6931     0.5386   -14.0099     0.5798
 22   -15.7947     0.0892     0.9485     0.1702    -2.6855     0.5137   -14.0415     0.5564
 23   -15.7939     0.0852     0.9867     0.1797    -2.7168     0.4949   -14.0476     0.5318
 24   -15.7865     0.0829     0.9700     0.1753    -2.7104     0.4740   -14.0299     0.5104
 25   -15.7598     0.0958     0.9984     0.1775    -2.8349     0.5183   -13.9071     0.5477
