Lmod has detected the following error: These module(s) exist but cannot be
loaded as requested: "hwloc/1.11.11"
   Try: "module spider hwloc/1.11.11" to see how to load the module(s).



Lmod has detected the following error: These module(s) exist but cannot be
loaded as requested: "hwloc/1.11.11"
   Try: "module spider hwloc/1.11.11" to see how to load the module(s).



 ERmod 0.3.7, Copyright (C) 2000-2019 Nobuyuki Matubayasi
                            2010-2019 Shun Sakuraba
 ERmod comes with ABSOLUTELY NO WARRANTY.
 This is free software, and you can redistribute it
 and/or modify it under certain conditions.
 See LICENSE file for details.
Opening: "/home/hervoe/snic2020-6-15/hervoe/temp/Simulations/NaI/0.50/trajectory_sol_full.xtc"...
  Trying plugin "Gromacs XTC Compressed Trajectory"...OK
 ERmod 0.3.7, Copyright (C) 2000-2019 Nobuyuki Matubayasi
                            2010-2019 Shun Sakuraba
 ERmod comes with ABSOLUTELY NO WARRANTY.
 This is free software, and you can redistribute it
 and/or modify it under certain conditions.
 See LICENSE file for details.
Opening: "/home/hervoe/snic2020-6-15/hervoe/temp/Simulations/NaI/0.50/trajectory_ref_full.xtc"...
  Trying plugin "Gromacs XTC Compressed Trajectory"...OK
Opening: "/home/hervoe/snic2020-6-15/hervoe/temp/Simulations/Solute_new/trajectory_solute.xtc"...
  Trying plugin "Gromacs XTC Compressed Trajectory"...OK
Opening: "/home/hervoe/snic2020-6-15/hervoe/temp/Simulations/Solute_new/trajectory_solute.xtc"...
  Trying plugin "Gromacs XTC Compressed Trajectory"...OK
Opening: "/home/hervoe/snic2020-6-15/hervoe/temp/Simulations/Solute_new/trajectory_solute.xtc"...
  Trying plugin "Gromacs XTC Compressed Trajectory"...OK
Opening: "/home/hervoe/snic2020-6-15/hervoe/temp/Simulations/Solute_new/trajectory_solute.xtc"...
  Trying plugin "Gromacs XTC Compressed Trajectory"...OK
Opening: "/home/hervoe/snic2020-6-15/hervoe/temp/Simulations/Solute_new/trajectory_solute.xtc"...
  Trying plugin "Gromacs XTC Compressed Trajectory"...OK
Opening: "/home/hervoe/snic2020-6-15/hervoe/temp/Simulations/Solute_new/trajectory_solute.xtc"...
  Trying plugin "Gromacs XTC Compressed Trajectory"...OK
Opening: "/home/hervoe/snic2020-6-15/hervoe/temp/Simulations/Solute_new/trajectory_solute.xtc"...
  Trying plugin "Gromacs XTC Compressed Trajectory"...OK
Opening: "/home/hervoe/snic2020-6-15/hervoe/temp/Simulations/Solute_new/trajectory_solute.xtc"...
  Trying plugin "Gromacs XTC Compressed Trajectory"...OK
Opening: "/home/hervoe/snic2020-6-15/hervoe/temp/Simulations/Solute_new/trajectory_solute.xtc"...
  Trying plugin "Gromacs XTC Compressed Trajectory"...OK
Opening: "/home/hervoe/snic2020-6-15/hervoe/temp/Simulations/Solute_new/trajectory_solute.xtc"...
  Trying plugin "Gromacs XTC Compressed Trajectory"...OK
 
  Number of the   1-th solvent  =            9
  Number of the   2-th solvent  =            9
  Number of the   3-th solvent  =         1000
 
  Be sure that the solvent distribution is homogeneous (radial distribution function is essentially unity) when the solvent molecule is separated beyond distance of   10.0 Angstrom in any direction from any atom within the solute molecule
 
  LJ long-range correction    =        -0.0274     -0.0035     -0.8823
 
  Self-energy of the solute   =        -0.0162  kcal/mol
 
 
 cumulative average & 95% error for solvation energy
              total             1st component         2nd component         3rd component
  1   -59.5286               -0.1218               -1.1297              -58.2610
  2   -59.5442     0.0311     0.1957     0.6350    -1.7828     1.3063   -57.9409     0.6402
  3   -59.5402     0.0196    -0.5077     1.4538    -2.7694     2.1124   -56.2470     3.4080
  4   -59.5116     0.0589    -0.6302     1.0568    -2.4892     1.5953   -56.3761     2.4236
  5   -59.4948     0.0567    -0.3799     0.9595    -2.4582     1.2373   -56.6405     1.9504
  6   -59.5048     0.0504    -0.3620     0.7842    -2.6980     1.1183   -56.4286     1.6479
  7   -59.4704     0.0808    -0.6175     0.8369    -2.5698     0.9793   -56.2670     1.4298
  8   -59.4397     0.0932    -0.6122     0.7249    -2.3332     0.9711   -56.4780     1.3082
  9   -59.4513     0.0854    -0.6604     0.6465    -2.7336     1.1724   -56.0411     1.4473
 10   -59.4597     0.0782    -0.6226     0.5832    -2.6056     1.0794   -56.2152     1.3405
 11   -59.4543     0.0715    -0.5278     0.5606    -2.6850     0.9892   -56.2253     1.2127
 12   -59.4542     0.0653    -0.5804     0.5224    -2.5255     0.9577   -56.3322     1.1275
 13   -59.4504     0.0605    -0.6873     0.5260    -2.3923     0.9204   -56.3546     1.0381
 14   -59.4544     0.0566    -0.6600     0.4901    -2.3713     0.8531   -56.4069     0.9668
 15   -59.4657     0.0574    -0.6477     0.4569    -2.3602     0.7945   -56.4417     0.9027
 16   -59.4450     0.0678    -0.6880     0.4349    -2.2904     0.7562   -56.4505     0.8446
 17   -59.4506     0.0647    -0.6663     0.4108    -2.4097     0.7494   -56.3584     0.8144
 18   -59.4439     0.0624    -0.7012     0.3936    -2.3235     0.7272   -56.4031     0.7730
 19   -59.4361     0.0611    -0.6639     0.3797    -2.2944     0.6904   -56.4617     0.7405
 20   -59.4413     0.0588    -0.5561     0.4198    -2.2997     0.6550   -56.5693     0.7348
 21   -59.4397     0.0561    -0.5127     0.4086    -2.2896     0.6234   -56.6213     0.7066
 22   -59.4282     0.0582    -0.5214     0.3900    -2.2959     0.5945   -56.5947     0.6758
 23   -59.4280     0.0556    -0.4956     0.3762    -2.3487     0.5778   -56.5675     0.6481
 24   -59.4170     0.0576    -0.5052     0.3607    -2.3226     0.5557   -56.5730     0.6206
 25   -59.4229     0.0565    -0.4710     0.3527    -2.3774     0.5441   -56.5584     0.5960
 
 
 group  inft  solvation free energy     error          difference
  total solvation free energy
   1      0        -16.06997           0.06376           0.01334
   1     60        -16.10293           0.06371          -0.01962
   1     80        -16.43083           0.06359          -0.34752
   1    100        -17.60921           0.06409          -1.52590
   2      0        -16.07240           0.06418           0.01091
   3      0        -16.08331           0.06493           0.00000
   4      0        -16.07578           0.06533           0.00753
   5      0        -16.07128           0.06525           0.01203
   5     60        -16.11662           0.06519          -0.03331
   5     80        -16.52815           0.06509          -0.44484
   5    100        -17.61379           0.06560          -1.53048
 
  contribution from  1-th solvent component
   1      0          0.24571           0.16574          -0.00574
   1     60          0.24523           0.16574          -0.00621
   1     80          0.24111           0.16577          -0.01033
   1    100          0.22666           0.16585          -0.02478
   2      0          0.24954           0.16447          -0.00190
   3      0          0.25144           0.16444           0.00000
   4      0          0.25283           0.16398           0.00139
   5      0          0.25251           0.16392           0.00106
   5     60          0.25186           0.16392           0.00041
   5     80          0.24656           0.16394          -0.00488
   5    100          0.23319           0.16399          -0.01825
 
  contribution from  2-th solvent component
   1      0         -1.51608           0.27272           0.00821
   1     60         -1.51573           0.27272           0.00855
   1     80         -1.51323           0.27277           0.01106
   1    100         -1.50716           0.27294           0.01712
   2      0         -1.52206           0.27199           0.00223
   3      0         -1.52429           0.27150           0.00000
   4      0         -1.52811           0.27092          -0.00382
   5      0         -1.52670           0.27073          -0.00241
   5     60         -1.52616           0.27073          -0.00187
   5     80         -1.52335           0.27079           0.00094
   5    100         -1.51856           0.27091           0.00573
 
  contribution from  3-th solvent component
   1      0        -14.78344           0.33544           0.01087
   1     60        -14.81627           0.33539          -0.02196
   1     80        -15.14255           0.33531          -0.34824
   1    100        -16.31255           0.33610          -1.51824
   2      0        -14.78373           0.33465           0.01058
   3      0        -14.79431           0.33460           0.00000
   4      0        -14.78435           0.33338           0.00996
   5      0        -14.78093           0.33383           0.01338
   5     60        -14.82616           0.33378          -0.03185
   5     80        -15.23521           0.33372          -0.44090
   5    100        -16.31227           0.33447          -1.51796
 
 
 group  inft   Estimated free energy: total (kcal/mol)
   1      0     -16.1424     -16.2915     -15.9338     -16.2171     -16.1073
                -16.0729     -16.0626     -16.0731     -15.6561     -16.0003
                -15.9807     -16.3037     -16.1024     -16.1384     -16.4048
                -16.0241     -15.9053     -16.0361     -15.9239     -16.1486
                -16.2248     -15.9522     -16.0027     -15.8604     -16.1841
   1     60     -16.1752     -16.3244     -15.9669     -16.2497     -16.1402
                -16.1061     -16.0953     -16.1060     -15.6896     -16.0334
                -16.0138     -16.3368     -16.1353     -16.1713     -16.4374
                -16.0567     -15.9384     -16.0688     -15.9568     -16.1816
                -16.2578     -15.9851     -16.0361     -15.8934     -16.2169
   1     80     -16.5026     -16.6525     -16.2955     -16.5765     -16.4681
                -16.4346     -16.4222     -16.4329     -16.0189     -16.3627
                -16.3425     -16.6655     -16.4631     -16.4990     -16.7642
                -16.3830     -16.2668     -16.3954     -16.2845     -16.5098
                -16.5864     -16.3126     -16.3663     -16.2209     -16.5441
   1    100     -17.6825     -17.8332     -17.4743     -17.7554     -17.6477
                -17.6104     -17.5978     -17.6104     -17.1930     -17.5455
                -17.5224     -17.8453     -17.6421     -17.6777     -17.9426
                -17.5596     -17.4421     -17.5729     -17.4628     -17.6922
                -17.7688     -17.4903     -17.5462     -17.3947     -17.7201
   2      0     -16.1641     -16.3020     -15.9135     -16.2196     -16.0935
                -16.0828     -16.0640     -16.0830     -15.6540     -16.0204
                -15.9859     -16.3055     -16.1029     -16.1492     -16.3913
                -16.0003     -15.9026     -16.0394     -15.9315     -16.1354
                -16.2314     -15.9651     -16.0209     -15.8550     -16.1966
   3      0     -16.1683     -16.3104     -15.9132     -16.2333     -16.0943
                -16.0936     -16.0751     -16.0936     -15.6578     -16.0599
                -15.9964     -16.3111     -16.1166     -16.1620     -16.4165
                -16.0012     -15.9278     -16.0539     -15.9360     -16.1462
                -16.2443     -15.9724     -16.0273     -15.8640     -16.2072
   4      0     -16.1702     -16.3046     -15.9062     -16.2333     -16.0758
                -16.0887     -16.0745     -16.0919     -15.6509     -16.0503
                -15.9835     -16.3107     -16.0981     -16.1573     -16.3999
                -15.9836     -15.9171     -16.0412     -15.9222     -16.1270
                -16.2492     -15.9764     -16.0395     -15.8487     -16.1935
   5      0     -16.1654     -16.2939     -15.8916     -16.2256     -16.0702
                -16.0855     -16.0672     -16.0884     -15.6447     -16.0472
                -15.9869     -16.2974     -16.0965     -16.1460     -16.3966
                -15.9900     -15.9104     -16.0406     -15.9195     -16.1417
                -16.2454     -15.9662     -16.0216     -15.8476     -16.1956
   5     60     -16.2106     -16.3392     -15.9370     -16.2706     -16.1155
                -16.1311     -16.1124     -16.1336     -15.6907     -16.0928
                -16.0324     -16.3429     -16.1418     -16.1913     -16.4415
                -16.0350     -15.9560     -16.0856     -15.9648     -16.1870
                -16.2908     -16.0114     -16.0676     -15.8930     -16.2408
   5     80     -16.6218     -16.7509     -16.3491     -16.6812     -16.5268
                -16.5435     -16.5227     -16.5440     -16.1038     -16.5058
                -16.4448     -16.7552     -16.5533     -16.6025     -16.8520
                -16.4447     -16.3680     -16.4957     -16.3766     -16.5991
                -16.7033     -16.4224     -16.4814     -16.3039     -16.6512
   5    100     -17.7093     -17.8385     -17.4338     -17.7684     -17.6128
                -17.6274     -17.6059     -17.6291     -17.1858     -17.5950
                -17.5315     -17.8418     -17.6394     -17.6885     -17.9382
                -17.5288     -17.4505     -17.5812     -17.4633     -17.6885
                -17.7925     -17.5075     -17.5674     -17.3853     -17.7344
 
 group  inft   Estimated free energy: 1-th solvent contribution (kcal/mol)
   1      0       0.4084       0.6142      -0.4398      -0.0336       0.7476
                  0.3943      -0.5273       0.2328      -0.0106       0.4112
                  0.6773      -0.1070      -0.4657       0.3292       0.2559
                 -0.2721       0.3594      -0.0834       0.4999       1.1591
                  0.5339       0.1275       0.5548       0.1646       0.6120
   1     60       0.4080       0.6137      -0.4403      -0.0340       0.7471
                  0.3938      -0.5278       0.2323      -0.0111       0.4107
                  0.6768      -0.1075      -0.4661       0.3287       0.2554
                 -0.2726       0.3589      -0.0839       0.4994       1.1586
                  0.5334       0.1270       0.5544       0.1641       0.6115
   1     80       0.4043       0.6095      -0.4445      -0.0382       0.7431
                  0.3898      -0.5320       0.2281      -0.0152       0.4067
                  0.6728      -0.1117      -0.4703       0.3246       0.2513
                 -0.2770       0.3549      -0.0881       0.4952       1.1547
                  0.5292       0.1227       0.5504       0.1600       0.6073
   1    100       0.3909       0.5949      -0.4592      -0.0530       0.7289
                  0.3757      -0.5468       0.2136      -0.0294       0.3925
                  0.6589      -0.1262      -0.4849       0.3099       0.2367
                 -0.2922       0.3406      -0.1027       0.4806       1.1406
                  0.5144       0.1076       0.5362       0.1458       0.5928
   2      0       0.3851       0.6155      -0.4317      -0.0253       0.7463
                  0.3954      -0.5200       0.2373      -0.0023       0.4182
                  0.6785      -0.0973      -0.4637       0.3379       0.2572
                 -0.2599       0.3642      -0.0776       0.5028       1.1533
                  0.5416       0.1414       0.5511       0.1700       0.6205
   3      0       0.3882       0.6200      -0.4325      -0.0282       0.7478
                  0.3994      -0.5168       0.2385       0.0001       0.4174
                  0.6831      -0.0951      -0.4606       0.3376       0.2600
                 -0.2544       0.3656      -0.0760       0.5043       1.1553
                  0.5430       0.1438       0.5514       0.1740       0.6202
   4      0       0.3806       0.6194      -0.4280      -0.0244       0.7471
                  0.4020      -0.5146       0.2415       0.0013       0.4211
                  0.6803      -0.0916      -0.4578       0.3387       0.2599
                 -0.2545       0.3688      -0.0746       0.5080       1.1527
                  0.5450       0.1501       0.5521       0.1745       0.6231
   5      0       0.3826       0.6195      -0.4301      -0.0260       0.7459
                  0.4010      -0.5117       0.2416       0.0013       0.4236
                  0.6815      -0.0951      -0.4573       0.3390       0.2605
                 -0.2559       0.3657      -0.0732       0.5064       1.1504
                  0.5447       0.1482       0.5517       0.1753       0.6231
   5     60       0.3820       0.6188      -0.4307      -0.0266       0.7453
                  0.4004      -0.5124       0.2409       0.0007       0.4230
                  0.6808      -0.0958      -0.4579       0.3383       0.2598
                 -0.2565       0.3650      -0.0739       0.5057       1.1498
                  0.5441       0.1476       0.5510       0.1746       0.6225
   5     80       0.3769       0.6135      -0.4361      -0.0319       0.7400
                  0.3952      -0.5178       0.2356      -0.0046       0.4179
                  0.6756      -0.1011      -0.4633       0.3330       0.2545
                 -0.2620       0.3599      -0.0793       0.5003       1.1445
                  0.5387       0.1421       0.5458       0.1694       0.6171
   5    100       0.3641       0.6000      -0.4497      -0.0455       0.7268
                  0.3821      -0.5314       0.2223      -0.0179       0.4047
                  0.6625      -0.1145      -0.4768       0.3196       0.2409
                 -0.2758       0.3467      -0.0928       0.4868       1.1313
                  0.5254       0.1286       0.5324       0.1562       0.6038
 
 group  inft   Estimated free energy: 2-th solvent contribution (kcal/mol)
   1      0      -0.8298      -1.5302      -2.6294      -1.1392      -1.4620
                 -2.4070      -1.3067      -0.7320      -3.2607      -0.9790
                 -2.0180      -0.9360      -0.7508      -1.3566      -1.5351
                 -0.7858      -2.5189      -0.7353      -1.1267      -1.4191
                 -1.3514      -1.4875      -2.2053      -1.2325      -2.1668
   1     60      -0.8295      -1.5299      -2.6291      -1.1389      -1.4617
                 -2.4066      -1.3064      -0.7317      -3.2604      -0.9787
                 -2.0177      -0.9357      -0.7505      -1.3563      -1.5347
                 -0.7854      -2.5186      -0.7349      -1.1264      -1.4187
                 -1.3510      -1.4872      -2.2049      -1.2322      -2.1665
   1     80      -0.8268      -1.5274      -2.6269      -1.1362      -1.4593
                 -2.4040      -1.3040      -0.7290      -3.2583      -0.9763
                 -2.0153      -0.9333      -0.7479      -1.3537      -1.5317
                 -0.7827      -2.5162      -0.7321      -1.1238      -1.4160
                 -1.3484      -1.4850      -2.2025      -1.2297      -2.1642
   1    100      -0.8202      -1.5219      -2.6225      -1.1300      -1.4539
                 -2.3975      -1.2982      -0.7225      -3.2540      -0.9701
                 -2.0097      -0.9276      -0.7416      -1.3473      -1.5234
                 -0.7760      -2.5103      -0.7253      -1.1176      -1.4092
                 -1.3420      -1.4797      -2.1962      -1.2237      -2.1586
   2      0      -0.8311      -1.5439      -2.6181      -1.1441      -1.4572
                 -2.4125      -1.3162      -0.7497      -3.2589      -1.0081
                 -2.0231      -0.9498      -0.7562      -1.3723      -1.5212
                 -0.7696      -2.5202      -0.7386      -1.1355      -1.4057
                 -1.3683      -1.5074      -2.2193      -1.2386      -2.1859
   3      0      -0.8336      -1.5445      -2.6078      -1.1441      -1.4500
                 -2.4147      -1.3181      -0.7506      -3.2534      -1.0313
                 -2.0305      -0.9488      -0.7612      -1.3740      -1.5368
                 -0.7716      -2.5298      -0.7420      -1.1293      -1.4069
                 -1.3704      -1.5086      -2.2252      -1.2371      -2.1869
   4      0      -0.8371      -1.5495      -2.6062      -1.1572      -1.4452
                 -2.4179      -1.3257      -0.7633      -3.2516      -1.0400
                 -2.0277      -0.9635      -0.7591      -1.3759      -1.5274
                 -0.7670      -2.5352      -0.7409      -1.1366      -1.4040
                 -1.3861      -1.5208      -2.2309      -1.2432      -2.1906
   5      0      -0.8365      -1.5475      -2.5974      -1.1484      -1.4436
                 -2.4166      -1.3207      -0.7625      -3.2512      -1.0448
                 -2.0335      -0.9538      -0.7569      -1.3727      -1.5328
                 -0.7696      -2.5297      -0.7440      -1.1314      -1.4116
                 -1.3853      -1.5165      -2.2264      -1.2418      -2.1922
   5     60      -0.8360      -1.5470      -2.5969      -1.1479      -1.4431
                 -2.4160      -1.3202      -0.7620      -3.2507      -1.0443
                 -2.0330      -0.9533      -0.7563      -1.3722      -1.5321
                 -0.7690      -2.5291      -0.7434      -1.1309      -1.4110
                 -1.3847      -1.5160      -2.2258      -1.2413      -2.1917
   5     80      -0.8329      -1.5443      -2.5946      -1.1451      -1.4406
                 -2.4131      -1.3175      -0.7591      -3.2484      -1.0413
                 -2.0303      -0.9506      -0.7535      -1.3693      -1.5285
                 -0.7658      -2.5264      -0.7402      -1.1282      -1.4080
                 -1.3819      -1.5135      -2.2231      -1.2385      -2.1889
   5    100      -0.8278      -1.5399      -2.5913      -1.1407      -1.4365
                 -2.4079      -1.3131      -0.7541      -3.2449      -1.0359
                 -2.0257      -0.9462      -0.7486      -1.3644      -1.5217
                 -0.7601      -2.5217      -0.7344      -1.1236      -1.4029
                 -1.3769      -1.5093      -2.2181      -1.2339      -2.1842
 
 group  inft   Estimated free energy: 3-th solvent contribution (kcal/mol)
   1      0     -15.7048     -15.3594     -12.8485     -15.0281     -15.3767
                -14.0440     -14.2124     -15.5578     -12.3686     -15.4163
                -14.6239     -15.2445     -14.8697     -15.0949     -15.1094
                -14.9500     -13.7296     -15.2013     -15.2810     -15.8725
                -15.3912     -14.5760     -14.3361     -14.7764     -14.6131
   1     60     -15.7375     -15.3922     -12.8814     -15.0607     -15.4095
                -14.0772     -14.2451     -15.5904     -12.4019     -15.4493
                -14.6568     -15.2775     -14.9025     -15.1276     -15.1419
                -14.9824     -13.7626     -15.2339     -15.3137     -15.9053
                -15.4240     -14.6087     -14.3695     -14.8092     -14.6457
   1     80     -16.0640     -15.7184     -13.2080     -15.3858     -15.7357
                -14.4043     -14.5701     -15.9159     -12.7292     -15.7771
                -14.9839     -15.6044     -15.2287     -15.4537     -15.4677
                -15.3071     -14.0894     -15.5590     -15.6398     -16.2323
                -15.7510     -14.9341     -14.6980     -15.1351     -14.9710
   1    100     -17.2370     -16.8901     -14.3765     -16.5563     -16.9066
                -15.5725     -15.7366     -17.0854     -13.8935     -16.9518
                -16.1554     -16.7753     -16.3994     -16.6241     -16.6398
                -16.4753     -15.2562     -16.7287     -16.8097     -17.4074
                -16.9251     -16.1021     -15.8701     -16.3007     -16.1381
   2      0     -15.7019     -15.3574     -12.8475     -15.0341     -15.3664
                -14.0495     -14.2116     -15.5545     -12.3767     -15.4144
                -14.6251     -15.2423     -14.8669     -15.0988     -15.1111
                -14.9546     -13.7305     -15.2071     -15.2827     -15.8668
                -15.3886     -14.5829     -14.3367     -14.7702     -14.6151
   3      0     -15.7068     -15.3696     -12.8567     -15.0450     -15.3759
                -14.0621     -14.2241     -15.5654     -12.3883     -15.4299
                -14.6329     -15.2510     -14.8786     -15.1095     -15.1235
                -14.9591     -13.7475     -15.2197     -15.2949     -15.8784
                -15.4008     -14.5914     -14.3374     -14.7846     -14.6243
   4      0     -15.6974     -15.3583     -12.8560     -15.0356     -15.3616
                -14.0567     -14.2181     -15.5539     -12.3844     -15.4153
                -14.6200     -15.2394     -14.8651     -15.1040     -15.1163
                -14.9459     -13.7344     -15.2096     -15.2774     -15.8596
                -15.3919     -14.5895     -14.3446     -14.7638     -14.6099
   5      0     -15.6953     -15.3497     -12.8479     -15.0350     -15.3563
                -14.0537     -14.2187     -15.5514     -12.3787     -15.4098
                -14.6188     -15.2323     -14.8662     -15.0961     -15.1082
                -14.9485     -13.7302     -15.2072     -15.2784     -15.8644
                -15.3887     -14.5818     -14.3308     -14.7650     -14.6104
   5     60     -15.7404     -15.3949     -12.8932     -15.0799     -15.4015
                -14.0993     -14.2636     -15.5964     -12.4245     -15.4553
                -14.6641     -15.2777     -14.9113     -15.1412     -15.1532
                -14.9933     -13.7758     -15.2521     -15.3236     -15.9096
                -15.4339     -14.6268     -14.3766     -14.8103     -14.6554
   5     80     -16.1497     -15.8039     -13.3022     -15.4880     -15.8101
                -14.5094     -14.6712     -16.0045     -12.8347     -15.8661
                -15.0740     -15.6873     -15.3204     -15.5501     -15.5618
                -15.4008     -14.1853     -15.6601     -15.7326     -16.3194
                -15.8440     -15.0349     -14.7879     -15.2186     -15.0633
   5    100     -17.2294     -16.8824     -14.3766     -16.5661     -16.8869
                -15.5854     -15.7453     -17.0811     -13.9068     -16.9476
                -16.1521     -16.7650     -16.3978     -16.6276     -16.6413
                -16.4767     -15.2594     -16.7378     -16.8103     -17.4007
                -16.9248     -16.1107     -15.8655     -16.2914     -16.1379
 
 
 cumulative average & 95% error for solvation free energy
              total             1st component         2nd component         3rd component
  1   -16.1683     0.0000     0.3882     0.0000    -0.8336     0.0000   -15.7068     0.0000
  2   -16.2394     0.1420     0.5041     0.2318    -1.1891     0.7110   -15.5382     0.3371
  3   -16.1306     0.2324     0.1919     0.6385    -1.6620     1.0311   -14.6444     1.7982
  4   -16.1563     0.1722     0.1369     0.4647    -1.5325     0.7737   -14.7445     1.2872
  5   -16.1439     0.1357     0.2591     0.4351    -1.5160     0.6002   -14.8708     1.0286
  6   -16.1355     0.1120     0.2824     0.3583    -1.6658     0.5744   -14.7360     0.8820
  7   -16.1269     0.0962     0.1683     0.3793    -1.6161     0.4955   -14.6629     0.7597
  8   -16.1227     0.0838     0.1771     0.3289    -1.5079     0.4806   -14.7757     0.6955
  9   -16.0711     0.1270     0.1574     0.2927    -1.7019     0.5745   -14.5104     0.8110
 10   -16.0700     0.1136     0.1834     0.2669    -1.6348     0.5311   -14.6024     0.7483
 11   -16.0633     0.1036     0.2288     0.2580    -1.6708     0.4858   -14.6052     0.6769
 12   -16.0839     0.1032     0.2018     0.2416    -1.6106     0.4595   -14.6590     0.6272
 13   -16.0865     0.0951     0.1509     0.2445    -1.5453     0.4424   -14.6759     0.5780
 14   -16.0919     0.0887     0.1642     0.2279    -1.5331     0.4103   -14.7069     0.5387
 15   -16.1135     0.0932     0.1706     0.2126    -1.5333     0.3820   -14.7346     0.5045
 16   -16.1065     0.0883     0.1440     0.2058    -1.4857     0.3698   -14.7487     0.4728
 17   -16.0960     0.0856     0.1571     0.1951    -1.5471     0.3684   -14.6898     0.4594
 18   -16.0936     0.0808     0.1441     0.1857    -1.5024     0.3587   -14.7192     0.4372
 19   -16.0853     0.0782     0.1631     0.1797    -1.4827     0.3415   -14.7495     0.4179
 20   -16.0884     0.0745     0.2127     0.1973    -1.4790     0.3241   -14.8060     0.4122
 21   -16.0958     0.0724     0.2284     0.1903    -1.4738     0.3085   -14.8343     0.3962
 22   -16.0902     0.0699     0.2246     0.1816    -1.4754     0.2941   -14.8232     0.3784
 23   -16.0875     0.0670     0.2388     0.1758    -1.5080     0.2885   -14.8021     0.3640
 24   -16.0781     0.0668     0.2361     0.1684    -1.4967     0.2771   -14.8014     0.3485
 25   -16.0833     0.0649     0.2514     0.1644    -1.5243     0.2715   -14.7943     0.3346
