 ERmod 0.3.7, Copyright (C) 2000-2019 Nobuyuki Matubayasi
                            2010-2019 Shun Sakuraba
 ERmod comes with ABSOLUTELY NO WARRANTY.
 This is free software, and you can redistribute it
 and/or modify it under certain conditions.
 See LICENSE file for details.
Opening: "/home/hervoe/snic2020-6-15/hervoe/Caffeine_solubility/Simulations/opls_simulations/NaCl/1.00/trajectory_ref_full.xtc"...
  Trying plugin "Gromacs XTC Compressed Trajectory"...OK
Opening: "/home/hervoe/snic2020-6-15/hervoe/Caffeine_solubility/Simulations/opls_simulations/Solute/trajectory_solute.xtc"...
  Trying plugin "Gromacs XTC Compressed Trajectory"...OK
Opening: "/home/hervoe/snic2020-6-15/hervoe/Caffeine_solubility/Simulations/opls_simulations/Solute/trajectory_solute.xtc"...
  Trying plugin "Gromacs XTC Compressed Trajectory"...OK
Opening: "/home/hervoe/snic2020-6-15/hervoe/Caffeine_solubility/Simulations/opls_simulations/Solute/trajectory_solute.xtc"...
  Trying plugin "Gromacs XTC Compressed Trajectory"...OK
Opening: "/home/hervoe/snic2020-6-15/hervoe/Caffeine_solubility/Simulations/opls_simulations/Solute/trajectory_solute.xtc"...
  Trying plugin "Gromacs XTC Compressed Trajectory"...OK
Opening: "/home/hervoe/snic2020-6-15/hervoe/Caffeine_solubility/Simulations/opls_simulations/Solute/trajectory_solute.xtc"...
  Trying plugin "Gromacs XTC Compressed Trajectory"...OK
Opening: "/home/hervoe/snic2020-6-15/hervoe/Caffeine_solubility/Simulations/opls_simulations/Solute/trajectory_solute.xtc"...
  Trying plugin "Gromacs XTC Compressed Trajectory"...OK
Opening: "/home/hervoe/snic2020-6-15/hervoe/Caffeine_solubility/Simulations/opls_simulations/Solute/trajectory_solute.xtc"...
  Trying plugin "Gromacs XTC Compressed Trajectory"...OK
Opening: "/home/hervoe/snic2020-6-15/hervoe/Caffeine_solubility/Simulations/opls_simulations/Solute/trajectory_solute.xtc"...
  Trying plugin "Gromacs XTC Compressed Trajectory"...OK
Opening: "/home/hervoe/snic2020-6-15/hervoe/Caffeine_solubility/Simulations/opls_simulations/Solute/trajectory_solute.xtc"...
  Trying plugin "Gromacs XTC Compressed Trajectory"...OK
Opening: "/home/hervoe/snic2020-6-15/hervoe/Caffeine_solubility/Simulations/opls_simulations/Solute/trajectory_solute.xtc"...
  Trying plugin "Gromacs XTC Compressed Trajectory"...OK
 
  Number of the   1-th solvent  =           18
  Number of the   2-th solvent  =           18
  Number of the   3-th solvent  =         1000
 
  Be sure that the solvent distribution is homogeneous (radial distribution function is essentially unity) when the solvent molecule is separated beyond distance of   10.0 Angstrom in any direction from any atom within the solute molecule
 
  LJ long-range correction    =        -0.0434     -0.0029     -1.0206
 
  Self-energy of the solute   =        -0.0389  kcal/mol
 
 
 cumulative average & 95% error for solvation energy
              total             1st component         2nd component         3rd component
  1   -49.9614                1.0277               -5.9249              -45.0253
  2   -50.1172     0.3114     1.6095     1.1635    -4.9017     2.0463   -46.7860     3.5212
  3   -50.1242     0.1804     1.3097     0.9004    -5.0866     1.2379   -46.3084     2.2462
  4   -50.0782     0.1573     1.0500     0.8216    -4.4935     1.4741   -46.5958     1.6891
  5   -50.1029     0.1314     0.9362     0.6759    -4.1598     1.3226   -46.8403     1.3968
  6   -50.1169     0.1109     0.6609     0.7795    -4.0152     1.1179   -46.7236     1.1641
  7   -50.1162     0.0937     0.6170     0.6647    -3.8590     0.9951   -46.8352     1.0089
  8   -50.1199     0.0815     0.4929     0.6269    -3.5581     1.0512   -47.0158     0.9454
  9   -50.1119     0.0736     0.4122     0.5759    -3.3072     1.0541   -47.1779     0.8946
 10   -50.1073     0.0665     0.1998     0.6676    -3.0616     1.0631   -47.2066     0.8022
 11   -50.1090     0.0602    -0.0324     0.7619    -2.9683     0.9796   -47.0693     0.7758
 12   -50.1145     0.0561    -0.0759     0.7009    -2.8272     0.9377   -47.1726     0.7377
 13   -50.1132     0.0517    -0.1494     0.6613    -2.8643     0.8658   -47.0606     0.7146
 14   -50.1169     0.0484    -0.2168     0.6269    -2.7645     0.8260   -47.0966     0.6655
 15   -50.1466     0.0746    -0.4056     0.6951    -2.8789     0.8023   -46.8231     0.8264
 16   -50.1477     0.0698    -0.4395     0.6537    -2.8734     0.7506   -46.7958     0.7750
 17   -50.1502     0.0657    -0.4789     0.6191    -2.8983     0.7068   -46.7341     0.7383
 18   -50.1440     0.0632    -0.4557     0.5855    -2.8536     0.6723   -46.7957     0.7069
 19   -50.1444     0.0598    -0.4477     0.5541    -2.8237     0.6388   -46.8340     0.6731
 20   -50.1525     0.0590    -0.3841     0.5409    -2.9388     0.6483   -46.7907     0.6444
 21   -50.1597     0.0580    -0.4299     0.5225    -3.0622     0.6642   -46.6287     0.6932
 22   -50.1505     0.0583    -0.3495     0.5235    -3.1112     0.6408   -46.6509     0.6625
 23   -50.1520     0.0557    -0.5081     0.5923    -2.9635     0.6799   -46.6415     0.6333
 24   -50.1498     0.0536    -0.5237     0.5679    -2.8875     0.6684   -46.6996     0.6173
 25   -50.1494     0.0514    -0.5226     0.5447    -2.8136     0.6579   -46.7743     0.6107
 
 
 group  inft  solvation free energy     error          difference
  total solvation free energy
   1      0        -11.14997           0.11079          -0.01139
   1     60        -11.84024           1.32020          -0.70166
   1     80        -11.52765           0.11097          -0.38906
   1    100        -12.78007           0.11114          -1.64148
   2      0        -11.13761           0.10958           0.00098
   3      0        -11.13859           0.11048          -0.00000
   4      0        -11.12685           0.11036           0.01174
   5      0        -11.12658           0.11125           0.01201
   5     60        -11.17198           0.11129          -0.03340
   5     80        -11.60631           0.11145          -0.46772
   5    100        -12.75733           0.11157          -1.61874
 
  contribution from  1-th solvent component
   1      0          0.47789           0.24961          -0.01460
   1     60          0.46156           0.25874          -0.03093
   1     80          0.46962           0.24961          -0.02287
   1    100          0.44122           0.24964          -0.05127
   2      0          0.48872           0.24940          -0.00376
   3      0          0.49249           0.24905           0.00000
   4      0          0.49525           0.24848           0.00276
   5      0          0.49752           0.24908           0.00503
   5     60          0.49649           0.24907           0.00401
   5     80          0.48688           0.24907          -0.00561
   5    100          0.46085           0.24908          -0.03164
 
  contribution from  2-th solvent component
   1      0         -1.67558           0.36602          -0.00451
   1     60         -1.68012           0.36564          -0.00905
   1     80         -1.67249           0.36615          -0.00142
   1    100         -1.66825           0.36650           0.00282
   2      0         -1.67139           0.36297          -0.00032
   3      0         -1.67107           0.36249          -0.00000
   4      0         -1.67063           0.36233           0.00045
   5      0         -1.66989           0.36231           0.00118
   5     60         -1.66919           0.36234           0.00188
   5     80         -1.66670           0.36248           0.00438
   5    100         -1.66314           0.36277           0.00793
 
  contribution from  3-th solvent component
   1      0         -9.91334           0.31194           0.00772
   1     60        -10.58274           1.27222          -0.66168
   1     80        -10.28584           0.31191          -0.36477
   1    100        -11.51409           0.31237          -1.59303
   2      0         -9.91600           0.31225           0.00506
   3      0         -9.92106           0.31155           0.00000
   4      0         -9.91253           0.30984           0.00853
   5      0         -9.91527           0.31027           0.00579
   5     60         -9.96035           0.31024          -0.03928
   5     80        -10.38756           0.31026          -0.46649
   5    100        -11.51610           0.31071          -1.59504
 
 
 group  inft   Estimated free energy: total (kcal/mol)
   1      0     -11.2065     -11.2697     -11.5285     -10.9260     -11.0072
                -10.9291     -10.9071     -11.3507     -11.1561     -10.7742
                -11.1582     -10.8753     -11.0126     -11.1970     -11.7219
                -11.3337     -11.2577     -10.9539     -11.3676     -11.6977
                -11.0208     -11.3843     -11.1312     -11.0520     -10.5303
   1     60     -11.2394     -11.3025     -11.5617     -10.9586     -11.0404
                -10.9623     -10.9399     -11.3836     -11.1888     -10.8069
                -27.6268     -10.9081     -11.0455     -11.2298     -11.7552
                -11.3665     -11.2907     -10.9865     -11.4003     -11.7306
                -11.0538     -11.4170     -11.1637     -11.0846     -10.5629
   1     80     -11.5835     -11.6483     -11.9080     -11.3022     -11.3870
                -11.3088     -11.2846     -11.7299     -11.5341     -11.1520
                -11.5349     -11.2541     -11.3906     -11.5746     -12.1021
                -11.7111     -11.6352     -11.3307     -11.7435     -12.0763
                -11.3978     -11.7612     -11.5068     -11.4278     -10.9063
   1    100     -12.8328     -12.9042     -13.1615     -12.5529     -12.6420
                -12.5648     -12.5369     -12.9869     -12.7886     -12.4057
                -12.7849     -12.5108     -12.6436     -12.8294     -13.3567
                -12.9631     -12.8865     -12.5834     -12.9929     -13.3301
                -12.6452     -13.0111     -12.7556     -12.6760     -12.1561
   2      0     -11.1697     -11.2451     -11.5100     -10.9094     -10.9773
                -10.8977     -10.9196     -11.3464     -11.1586     -10.7828
                -11.1410     -10.8707     -10.9941     -11.1808     -11.6802
                -11.3254     -11.2250     -10.9708     -11.3578     -11.7104
                -10.9927     -11.3819     -11.1261     -11.0384     -10.5285
   3      0     -11.1727     -11.2475     -11.5160     -10.8946     -10.9848
                -10.8884     -10.9207     -11.3462     -11.1631     -10.7883
                -11.1338     -10.8786     -11.0053     -11.1851     -11.6915
                -11.3299     -11.2146     -10.9727     -11.3632     -11.7119
                -10.9827     -11.3825     -11.1289     -11.0393     -10.5224
   4      0     -11.1618     -11.2394     -11.5069     -10.8889     -10.9785
                -10.8754     -10.9192     -11.3141     -11.1237     -10.7690
                -11.1352     -10.8798     -10.9803     -11.1643     -11.6767
                -11.3228     -11.1896     -10.9718     -11.3407     -11.7170
                -10.9923     -11.3695     -11.1183     -11.0318     -10.5043
   5      0     -11.1600     -11.2403     -11.5092     -10.8811     -10.9730
                -10.8637     -10.9115     -11.3274     -11.1437     -10.7706
                -11.1338     -10.8630     -10.9980     -11.1720     -11.6873
                -11.3198     -11.1791     -10.9662     -11.3445     -11.7050
                -10.9888     -11.3745     -11.1247     -11.0236     -10.5037
   5     60     -11.2055     -11.2857     -11.5550     -10.9262     -11.0189
                -10.9095     -10.9569     -11.3729     -11.1890     -10.8160
                -11.1790     -10.9083     -11.0434     -11.2173     -11.7333
                -11.3652     -11.2245     -11.0114     -11.3897     -11.7504
                -11.0344     -11.4197     -11.1697     -11.0687     -10.5488
   5     80     -11.6385     -11.7211     -11.9912     -11.3593     -11.4552
                -11.3456     -11.3914     -11.8086     -11.6239     -11.2509
                -11.6123     -11.3441     -11.4780     -11.6514     -12.1696
                -11.7991     -11.6580     -11.4450     -11.8226     -12.1862
                -11.4677     -11.8537     -11.6022     -11.5004     -10.9818
   5    100     -12.7857     -12.8752     -13.1432     -12.5093     -12.6083
                -12.4990     -12.5429     -12.9630     -12.7767     -12.4043
                -12.7610     -12.4988     -12.6290     -12.8039     -13.3220
                -12.9495     -12.8071     -12.5962     -12.9724     -13.3392
                -12.6144     -13.0037     -12.7506     -12.6465     -12.1312
 
 group  inft   Estimated free energy: 1-th solvent contribution (kcal/mol)
   1      0       1.0293       1.6365       1.0512       0.9033       1.0367
                  0.5935       0.9918       0.4546       0.4987       0.1839
                 -0.2360       0.5003       0.2496       0.2637      -0.9656
                  0.1704       0.1739       0.6210       0.5364       0.9865
                  0.1160       1.2493      -1.1192       0.3205       0.7007
   1     60       1.0285       1.6357       1.0504       0.9025       1.0359
                  0.5926       0.9909       0.4538       0.4978       0.1831
                 -0.6239       0.4995       0.2487       0.2629      -0.9665
                  0.1696       0.1731       0.6201       0.5356       0.9856
                  0.1152       1.2485      -1.1200       0.3197       0.6998
   1     80       1.0212       1.6285       1.0428       0.8952       1.0286
                  0.5853       0.9834       0.4461       0.4901       0.1757
                 -0.2443       0.4919       0.2412       0.2555      -0.9739
                  0.1623       0.1657       0.6125       0.5282       0.9780
                  0.1079       1.2410      -1.1274       0.3124       0.6926
   1    100       0.9935       1.6007       1.0145       0.8666       1.0010
                  0.5577       0.9543       0.4170       0.4603       0.1481
                 -0.2725       0.4630       0.2120       0.2271      -1.0024
                  0.1345       0.1376       0.5831       0.5000       0.9489
                  0.0804       1.2126      -1.1564       0.2845       0.6644
   2      0       1.0378       1.6509       1.0587       0.9124       1.0408
                  0.6102       1.0082       0.4678       0.5128       0.1975
                 -0.2203       0.5134       0.2624       0.2681      -0.9539
                  0.1755       0.1908       0.6249       0.5433       0.9943
                  0.1260       1.2620      -1.1067       0.3292       0.7120
   3      0       1.0399       1.6563       1.0590       0.9184       1.0434
                  0.6184       1.0091       0.4713       0.5176       0.2032
                 -0.2080       0.5190       0.2663       0.2721      -0.9528
                  0.1779       0.1956       0.6292       0.5415       0.9966
                  0.1310       1.2624      -1.0998       0.3309       0.7137
   4      0       1.0425       1.6572       1.0631       0.9218       1.0436
                  0.6214       1.0066       0.4768       0.5246       0.2036
                 -0.2058       0.5219       0.2706       0.2747      -0.9459
                  0.1769       0.2009       0.6304       0.5441       0.9970
                  0.1320       1.2638      -1.0914       0.3352       0.7156
   5      0       1.0445       1.6555       1.0672       0.9197       1.0518
                  0.6295       1.0122       0.4722       0.5254       0.2100
                 -0.2053       0.5265       0.2713       0.2774      -0.9542
                  0.1808       0.2076       0.6340       0.5457       1.0028
                  0.1298       1.2665      -1.0924       0.3423       0.7172
   5     60       1.0435       1.6545       1.0661       0.9188       1.0508
                  0.6284       1.0112       0.4712       0.5243       0.2089
                 -0.2063       0.5255       0.2703       0.2764      -0.9552
                  0.1798       0.2066       0.6329       0.5447       1.0018
                  0.1288       1.2654      -1.0934       0.3413       0.7162
   5     80       1.0340       1.6451       1.0564       0.9092       1.0413
                  0.6190       1.0016       0.4614       0.5145       0.1992
                 -0.2161       0.5158       0.2605       0.2668      -0.9646
                  0.1703       0.1971       0.6232       0.5351       0.9919
                  0.1192       1.2558      -1.1030       0.3318       0.7066
   5    100       1.0082       1.6196       1.0304       0.8830       1.0158
                  0.5937       0.9754       0.4350       0.4877       0.1730
                 -0.2424       0.4896       0.2340       0.2407      -0.9902
                  0.1447       0.1715       0.5967       0.5091       0.9652
                  0.0935       1.2297      -1.1294       0.3060       0.6805
 
 group  inft   Estimated free energy: 2-th solvent contribution (kcal/mol)
   1      0      -3.1603      -2.0981      -3.4076      -1.4844      -1.6992
                 -1.9475      -1.5603      -1.1520      -0.8512      -0.6304
                 -1.4446      -0.6905      -1.8138      -1.0509      -2.7860
                 -1.7191      -1.9695      -1.0313      -1.5319      -3.1701
                 -2.9254      -2.4974      -0.1700      -0.7426      -0.3551
   1     60      -3.1598      -2.0974      -3.4070      -1.4838      -1.6987
                 -1.9470      -1.5597      -1.1513      -0.8505      -0.6297
                 -1.5728      -0.6898      -1.8132      -1.0504      -2.7855
                 -1.7185      -1.9690      -1.0306      -1.5314      -3.1695
                 -2.9249      -2.4968      -0.1693      -0.7419      -0.3544
   1     80      -3.1577      -2.0952      -3.4049      -1.4809      -1.6964
                 -1.9449      -1.5570      -1.1494      -0.8479      -0.6272
                 -1.4419      -0.6875      -1.8104      -1.0478      -2.7835
                 -1.7162      -1.9669      -1.0279      -1.5289      -3.1672
                 -2.9228      -2.4944      -0.1662      -0.7387      -0.3504
   1    100      -3.1546      -2.0919      -3.4013      -1.4760      -1.6933
                 -1.9420      -1.5515      -1.1472      -0.8433      -0.6226
                 -1.4385      -0.6843      -1.8046      -1.0428      -2.7805
                 -1.7129      -1.9641      -1.0225      -1.5249      -3.1632
                 -2.9201      -2.4904      -0.1601      -0.7323      -0.3412
   2      0      -3.1407      -2.0907      -3.3935      -1.4666      -1.6732
                 -1.9299      -1.5737      -1.1568      -0.8676      -0.6492
                 -1.4385      -0.7047      -1.8077      -1.0611      -2.7623
                 -1.7220      -1.9578      -1.0477      -1.5151      -3.1742
                 -2.9009      -2.4921      -0.1632      -0.7443      -0.3514
   3      0      -3.1363      -2.0916      -3.3972      -1.4550      -1.6781
                 -1.9246      -1.5800      -1.1574      -0.8708      -0.6547
                 -1.4409      -0.7075      -1.8154      -1.0551      -2.7537
                 -1.7174      -1.9524      -1.0489      -1.5206      -3.1769
                 -2.8911      -2.4922      -0.1688      -0.7469      -0.3431
   4      0      -3.1357      -2.0961      -3.3942      -1.4518      -1.6778
                 -1.9172      -1.5854      -1.1579      -0.8635      -0.6524
                 -1.4389      -0.7134      -1.8035      -1.0574      -2.7572
                 -1.7253      -1.9429      -1.0564      -1.5122      -3.1762
                 -2.8920      -2.4943      -0.1689      -0.7572      -0.3375
   5      0      -3.1362      -2.0895      -3.3990      -1.4479      -1.6779
                 -1.9161      -1.5779      -1.1551      -0.8714      -0.6540
                 -1.4431      -0.7079      -1.8128      -1.0567      -2.7501
                 -1.7214      -1.9396      -1.0550      -1.5160      -3.1774
                 -2.8892      -2.4933      -0.1716      -0.7531      -0.3350
   5     60      -3.1356      -2.0887      -3.3983      -1.4471      -1.6772
                 -1.9155      -1.5772      -1.1544      -0.8706      -0.6533
                 -1.4424      -0.7071      -1.8121      -1.0561      -2.7496
                 -1.7208      -1.9391      -1.0543      -1.5154      -3.1767
                 -2.8885      -2.4926      -0.1708      -0.7524      -0.3342
   5     80      -3.1335      -2.0866      -3.3963      -1.4443      -1.6749
                 -1.9133      -1.5746      -1.1523      -0.8681      -0.6507
                 -1.4402      -0.7049      -1.8094      -1.0535      -2.7474
                 -1.7185      -1.9369      -1.0516      -1.5130      -3.1746
                 -2.8865      -2.4906      -0.1675      -0.7487      -0.3297
   5    100      -3.1308      -2.0840      -3.3930      -1.4402      -1.6723
                 -1.9107      -1.5701      -1.1503      -0.8643      -0.6470
                 -1.4373      -0.7024      -1.8046      -1.0496      -2.7447
                 -1.7158      -1.9345      -1.0474      -1.5099      -3.1712
                 -2.8841      -2.4875      -0.1622      -0.7430      -0.3215
 
 group  inft   Estimated free energy: 3-th solvent contribution (kcal/mol)
   1      0      -9.0366     -10.7692      -9.1332     -10.3060     -10.3058
                 -9.5361     -10.2995     -10.6144     -10.7647     -10.2888
                 -9.4386     -10.6462      -9.4095     -10.3708      -7.9313
                 -9.7461      -9.4232     -10.5047     -10.3332      -9.4751
                 -8.1725     -10.0973      -9.8031     -10.5910     -10.8369
   1     60      -9.0691     -10.8019      -9.1661     -10.3384     -10.3386
                 -9.5689     -10.3321     -10.6471     -10.7972     -10.3213
                -25.3911     -10.6788      -9.4421     -10.4033      -7.9643
                 -9.7787      -9.4558     -10.5371     -10.3656      -9.5078
                 -8.2051     -10.1298      -9.8355     -10.6234     -10.8694
   1     80      -9.4081     -11.1427      -9.5070     -10.6774     -10.6803
                 -9.9103     -10.6720     -10.9877     -11.1374     -10.6615
                 -9.8097     -11.0196      -9.7825     -10.7433      -8.3057
                -10.1182      -9.7950     -10.8764     -10.7039      -9.8482
                 -8.5440     -10.4688     -10.1743     -10.9625     -11.2096
   1    100     -10.6328     -12.3741     -10.7358     -11.9045     -11.9108
                -11.1416     -11.9008     -12.2177     -12.3667     -11.8921
                -11.0349     -12.2506     -11.0120     -11.9747      -9.5348
                -11.3458     -11.0210     -12.1050     -11.9292     -11.0769
                 -9.7666     -11.6943     -11.4001     -12.1892     -12.4404
   2      0      -9.0279     -10.7663      -9.1362     -10.3162     -10.3059
                 -9.5390     -10.3151     -10.6185     -10.7649     -10.2921
                 -9.4432     -10.6405      -9.4099     -10.3489      -7.9250
                 -9.7400      -9.4191     -10.5090     -10.3470      -9.4916
                 -8.1789     -10.1129      -9.8172     -10.5843     -10.8502
   3      0      -9.0373     -10.7732      -9.1388     -10.3191     -10.3112
                 -9.5434     -10.3109     -10.6211     -10.7708     -10.2978
                 -9.4459     -10.6512      -9.4173     -10.3632      -7.9461
                 -9.7515      -9.4189     -10.5141     -10.3452      -9.4926
                 -8.1836     -10.1137      -9.8213     -10.5844     -10.8541
   4      0      -9.0295     -10.7616      -9.1368     -10.3200     -10.3054
                 -9.5407     -10.3015     -10.5941     -10.7459     -10.2813
                 -9.4515     -10.6493      -9.4085     -10.3426      -7.9346
                 -9.7354      -9.4086     -10.5068     -10.3336      -9.4989
                 -8.1933     -10.1001      -9.8191     -10.5708     -10.8434
   5      0      -9.0294     -10.7674      -9.1385     -10.3140     -10.3081
                 -9.5382     -10.3069     -10.6055     -10.7587     -10.2877
                 -9.4465     -10.6427      -9.4175     -10.3537      -7.9441
                 -9.7403      -9.4081     -10.5062     -10.3352      -9.4914
                 -8.1905     -10.1087      -9.8218     -10.5739     -10.8469
   5     60      -9.0744     -10.8125      -9.1839     -10.3589     -10.3535
                 -9.5835     -10.3520     -10.6507     -10.8038     -10.3327
                 -9.4914     -10.6878      -9.4626     -10.3987      -7.9896
                 -9.7853      -9.4531     -10.5511     -10.3801      -9.5366
                 -8.2356     -10.1536      -9.8666     -10.6188     -10.8919
   5     80      -9.5001     -11.2407      -9.6124     -10.7852     -10.7827
                -10.0123     -10.7794     -11.0788     -11.2314     -10.7604
                 -9.9170     -11.1161      -9.8902     -10.8258      -8.4186
                -10.2119      -9.8792     -10.9776     -10.8057      -9.9646
                 -8.6615     -10.5800     -10.2928     -11.0445     -11.3197
   5    100     -10.6243     -12.3718     -10.7416     -11.9132     -11.9129
                -11.1431     -11.9092     -12.2087     -12.3612     -11.8914
                -11.0424     -12.2470     -11.0195     -11.9561      -9.5481
                -11.3394     -11.0052     -12.1066     -11.9326     -11.0942
                 -9.7849     -11.7070     -11.4200     -12.1706     -12.4512
 
 
 cumulative average & 95% error for solvation free energy
              total             1st component         2nd component         3rd component
  1   -11.1727     0.0000     1.0399     0.0000    -3.1363     0.0000    -9.0373     0.0000
  2   -11.2101     0.0748     1.3481     0.6164    -2.6140     1.0447    -9.9053     1.7359
  3   -11.3121     0.2085     1.2517     0.4048    -2.8751     0.7978    -9.6498     1.1250
  4   -11.2077     0.2555     1.1684     0.3312    -2.5201     0.9068    -9.8171     0.8630
  5   -11.1631     0.2171     1.1434     0.2614    -2.3517     0.7790    -9.9159     0.6971
  6   -11.1173     0.1995     1.0559     0.2760    -2.2805     0.6518    -9.8538     0.5825
  7   -11.0893     0.1777     1.0492     0.2336    -2.1804     0.5861    -9.9191     0.5094
  8   -11.1214     0.1668     0.9770     0.2486    -2.0525     0.5684   -10.0069     0.4748
  9   -11.1260     0.1474     0.9259     0.2419    -1.9212     0.5659   -10.0918     0.4518
 10   -11.0922     0.1481     0.8537     0.2602    -1.7946     0.5660   -10.1124     0.4062
 11   -11.0960     0.1342     0.7571     0.3044    -1.7624     0.5160   -10.0518     0.3869
 12   -11.0779     0.1277     0.7373     0.2807    -1.6745     0.5028   -10.1017     0.3670
 13   -11.0723     0.1180     0.7011     0.2682    -1.6854     0.4630   -10.0491     0.3537
 14   -11.0804     0.1105     0.6704     0.2557    -1.6403     0.4380   -10.0715     0.3305
 15   -11.1211     0.1312     0.5622     0.3217    -1.7146     0.4339    -9.9298     0.4183
 16   -11.1342     0.1255     0.5382     0.3048    -1.7147     0.4059    -9.9187     0.3919
 17   -11.1389     0.1182     0.5180     0.2891    -1.7287     0.3823    -9.8893     0.3728
 18   -11.1297     0.1130     0.5242     0.2729    -1.6910     0.3683    -9.9240     0.3583
 19   -11.1419     0.1097     0.5251     0.2581    -1.6820     0.3488    -9.9461     0.3418
 20   -11.1704     0.1186     0.5487     0.2493    -1.7567     0.3631    -9.9235     0.3274
 21   -11.1615     0.1143     0.5288     0.2405    -1.8108     0.3619    -9.8406     0.3528
 22   -11.1715     0.1108     0.5622     0.2388    -1.8417     0.3506    -9.8530     0.3373
 23   -11.1697     0.1059     0.4899     0.2701    -1.7690     0.3652    -9.8517     0.3223
 24   -11.1643     0.1020     0.4833     0.2589    -1.7264     0.3599    -9.8822     0.3145
 25   -11.1386     0.1105     0.4925     0.2490    -1.6711     0.3625    -9.9211     0.3115
