 ERmod 0.3.7, Copyright (C) 2000-2019 Nobuyuki Matubayasi
                            2010-2019 Shun Sakuraba
 ERmod comes with ABSOLUTELY NO WARRANTY.
 This is free software, and you can redistribute it
 and/or modify it under certain conditions.
 See LICENSE file for details.
Opening: "/home/hervoe/snic2020-6-15/hervoe/Caffeine_solubility/Simulations/opls_simulations/CsF/1.50/trajectory_ref_full.xtc"...
  Trying plugin "Gromacs XTC Compressed Trajectory"...OK
Opening: "/home/hervoe/snic2020-6-15/hervoe/Caffeine_solubility/Simulations/opls_simulations/Solute/trajectory_solute.xtc"...
  Trying plugin "Gromacs XTC Compressed Trajectory"...OK
Opening: "/home/hervoe/snic2020-6-15/hervoe/Caffeine_solubility/Simulations/opls_simulations/Solute/trajectory_solute.xtc"...
  Trying plugin "Gromacs XTC Compressed Trajectory"...OK
Opening: "/home/hervoe/snic2020-6-15/hervoe/Caffeine_solubility/Simulations/opls_simulations/Solute/trajectory_solute.xtc"...
  Trying plugin "Gromacs XTC Compressed Trajectory"...OK
Opening: "/home/hervoe/snic2020-6-15/hervoe/Caffeine_solubility/Simulations/opls_simulations/Solute/trajectory_solute.xtc"...
  Trying plugin "Gromacs XTC Compressed Trajectory"...OK
Opening: "/home/hervoe/snic2020-6-15/hervoe/Caffeine_solubility/Simulations/opls_simulations/Solute/trajectory_solute.xtc"...
  Trying plugin "Gromacs XTC Compressed Trajectory"...OK
Opening: "/home/hervoe/snic2020-6-15/hervoe/Caffeine_solubility/Simulations/opls_simulations/Solute/trajectory_solute.xtc"...
  Trying plugin "Gromacs XTC Compressed Trajectory"...OK
Opening: "/home/hervoe/snic2020-6-15/hervoe/Caffeine_solubility/Simulations/opls_simulations/Solute/trajectory_solute.xtc"...
  Trying plugin "Gromacs XTC Compressed Trajectory"...OK
Opening: "/home/hervoe/snic2020-6-15/hervoe/Caffeine_solubility/Simulations/opls_simulations/Solute/trajectory_solute.xtc"...
  Trying plugin "Gromacs XTC Compressed Trajectory"...OK
Opening: "/home/hervoe/snic2020-6-15/hervoe/Caffeine_solubility/Simulations/opls_simulations/Solute/trajectory_solute.xtc"...
  Trying plugin "Gromacs XTC Compressed Trajectory"...OK
Opening: "/home/hervoe/snic2020-6-15/hervoe/Caffeine_solubility/Simulations/opls_simulations/Solute/trajectory_solute.xtc"...
  Trying plugin "Gromacs XTC Compressed Trajectory"...OK
 
  Number of the   1-th solvent  =           27
  Number of the   2-th solvent  =           27
  Number of the   3-th solvent  =         1000
 
  Be sure that the solvent distribution is homogeneous (radial distribution function is essentially unity) when the solvent molecule is separated beyond distance of   10.0 Angstrom in any direction from any atom within the solute molecule
 
  LJ long-range correction    =        -0.0385     -0.0061     -1.0300
 
  Self-energy of the solute   =        -0.0393  kcal/mol
 
 
 cumulative average & 95% error for solvation energy
              total             1st component         2nd component         3rd component
  1   -49.6281                0.4222               -3.3721              -46.6390
  2   -49.6488     0.0413    -0.1254     1.0951    -3.9254     1.1066   -45.5588     2.1604
  3   -49.8385     0.3801    -0.0141     0.6703    -3.5854     0.9330   -46.1998     1.7887
  4   -49.8713     0.2767     0.0799     0.5099    -3.4455     0.7166   -46.4665     1.3727
  5   -49.7768     0.2859     0.1837     0.4462    -3.4262     0.5564   -46.4949     1.0648
  6   -49.8639     0.2913     0.3307     0.4682    -3.3848     0.4618   -46.7705     1.0293
  7   -49.9015     0.2574     0.0921     0.6199    -3.2481     0.4765   -46.7062     0.8794
  8   -49.9019     0.2229     0.2135     0.5892    -3.3433     0.4544   -46.7328     0.7634
  9   -49.9359     0.2080     0.4527     0.7064    -3.5031     0.5126   -46.8463     0.7105
 10   -49.9278     0.1867     0.4901     0.6362    -3.5318     0.4621   -46.8469     0.6355
 11   -49.9317     0.1691     0.3768     0.6185    -3.5875     0.4326   -46.6817     0.6630
 12   -49.9264     0.1547     0.4195     0.5711    -3.6599     0.4206   -46.6467     0.6092
 13   -49.9307     0.1426     0.4730     0.5361    -3.8300     0.5153   -46.5343     0.6038
 14   -49.9308     0.1320     0.4768     0.4964    -3.7887     0.4842   -46.5796     0.5663
 15   -49.9189     0.1251     0.4520     0.4648    -3.8897     0.4939   -46.4419     0.5948
 16   -49.9270     0.1182     0.5146     0.4524    -3.9800     0.4960   -46.4223     0.5577
 17   -49.9371     0.1128     0.5100     0.4251    -3.9301     0.4765   -46.4777     0.5355
 18   -49.9291     0.1076     0.4685     0.4093    -3.8764     0.4619   -46.4818     0.5049
 19   -49.9177     0.1043     0.3533     0.4505    -3.9504     0.4613   -46.2813     0.6237
 20   -49.9206     0.0991     0.3823     0.4313    -4.0188     0.4585   -46.2448     0.5962
 21   -49.9285     0.0955     0.4611     0.4395    -4.0960     0.4627   -46.2543     0.5674
 22   -49.9372     0.0928     0.5224     0.4366    -4.1936     0.4824   -46.2268     0.5438
 23   -49.9480     0.0912     0.5312     0.4176    -4.1643     0.4646   -46.2755     0.5287
 24   -49.9429     0.0879     0.5489     0.4014    -4.2009     0.4508   -46.2516     0.5084
 25   -49.9429     0.0843     0.5300     0.3868    -4.1582     0.4407   -46.2755     0.4900
 
 
 group  inft  solvation free energy     error          difference
  total solvation free energy
   1      0        -10.44863           0.12522           0.00824
   1     60        -10.48316           0.12522          -0.02629
   1     80        -10.83117           0.12532          -0.37430
   1    100        -12.10751           0.12581          -1.65064
   2      0        -10.45533           0.12437           0.00154
   3      0        -10.45687           0.12268           0.00000
   4      0        -10.44571           0.12530           0.01116
   5      0        -10.44504           0.12289           0.01183
   5     60        -10.49233           0.12289          -0.03546
   5     80        -10.93021           0.12299          -0.47334
   5    100        -12.10239           0.12333          -1.64552
 
  contribution from  1-th solvent component
   1      0          0.90404           0.22095           0.00848
   1     60          0.90533           0.22092           0.00976
   1     80          0.92128           0.22079           0.02572
   1    100          0.95918           0.22041           0.06362
   2      0          0.89414           0.21982          -0.00142
   3      0          0.89556           0.21978           0.00000
   4      0          0.90007           0.21975           0.00451
   5      0          0.90008           0.21934           0.00452
   5     60          0.90215           0.21930           0.00659
   5     80          0.92086           0.21916           0.02530
   5    100          0.95616           0.21879           0.06060
 
  contribution from  2-th solvent component
   1      0         -1.94130           0.23303          -0.01065
   1     60         -1.94201           0.23303          -0.01136
   1     80         -1.95104           0.23307          -0.02039
   1    100         -1.98403           0.23323          -0.05338
   2      0         -1.93424           0.23132          -0.00359
   3      0         -1.93065           0.23135           0.00000
   4      0         -1.92685           0.23154           0.00380
   5      0         -1.92635           0.23146           0.00430
   5     60         -1.92748           0.23147           0.00317
   5     80         -1.93893           0.23150          -0.00828
   5    100         -1.96946           0.23159          -0.03881
 
  contribution from  3-th solvent component
   1      0         -9.37207           0.23299           0.01042
   1     60         -9.40718           0.23301          -0.02470
   1     80         -9.76212           0.23329          -0.37964
   1    100        -11.04337           0.23419          -1.66088
   2      0         -9.37593           0.23201           0.00655
   3      0         -9.38248           0.23263           0.00000
   4      0         -9.37963           0.22958           0.00285
   5      0         -9.37947           0.23123           0.00301
   5     60         -9.42770           0.23126          -0.04522
   5     80         -9.87284           0.23163          -0.49036
   5    100        -11.04979           0.23253          -1.66731
 
 
 group  inft   Estimated free energy: total (kcal/mol)
   1      0      -9.9138     -10.3612     -10.4418     -10.2173      -9.9978
                -10.3590     -10.6580     -10.1463     -10.7481     -10.2099
                -10.3967     -10.8347     -10.3662     -10.7638     -11.0790
                -10.8964      -9.9630     -10.6077     -10.6185     -10.7311
                -10.3404     -10.6346     -10.6557     -10.1764     -10.0984
   1     60      -9.9483     -10.3954     -10.4764     -10.2516     -10.0323
                -10.3938     -10.6923     -10.1810     -10.7829     -10.2442
                -10.4312     -10.8695     -10.4009     -10.7982     -11.1134
                -10.9311      -9.9977     -10.6421     -10.6527     -10.7657
                -10.3750     -10.6693     -10.6902     -10.2109     -10.1329
   1     80     -10.2950     -10.7409     -10.8265     -10.5973     -10.3806
                -10.7439     -11.0383     -10.5301     -11.1325     -10.5899
                -10.7807     -11.2202     -10.7508     -11.1466     -11.4607
                -11.2797     -10.3458     -10.9876     -10.9965     -11.1155
                -10.7232     -11.0189     -11.0384     -10.5589     -10.4806
   1    100     -11.5669     -12.0102     -12.1093     -11.8652     -11.6569
                -12.0264     -12.3082     -11.8088     -12.4140     -11.8592
                -12.0628     -12.5069     -12.0336     -12.4239     -12.7359
                -12.5580     -11.6229     -12.2540     -12.2602     -12.3975
                -11.9984     -12.2999     -12.3170     -11.8354     -11.7563
   2      0      -9.9211     -10.3936     -10.4414     -10.2254      -9.9735
                -10.3864     -10.6817     -10.1560     -10.7543     -10.2241
                -10.4209     -10.8436     -10.3666     -10.7594     -11.0494
                -10.9022      -9.9852     -10.6120     -10.5987     -10.7651
                -10.3090     -10.6391     -10.6658     -10.2239     -10.0849
   3      0      -9.9081     -10.4039     -10.4336     -10.2459     -10.0027
                -10.3881     -10.6783     -10.1596     -10.7589     -10.2152
                -10.4096     -10.8287     -10.3647     -10.7667     -11.0627
                -10.8918      -9.9768     -10.5985     -10.5974     -10.7469
                -10.3371     -10.6222     -10.6728     -10.2417     -10.1099
   4      0      -9.8849     -10.3988     -10.4252     -10.2256      -9.9766
                -10.3650     -10.6638     -10.1366     -10.7216     -10.1947
                -10.3939     -10.8438     -10.3530     -10.7691     -11.0685
                -10.8990      -9.9684     -10.5774     -10.6050     -10.7485
                -10.3330     -10.6207     -10.6421     -10.2338     -10.0937
   5      0      -9.9005     -10.3988     -10.4049     -10.2284      -9.9787
                -10.3701     -10.6574     -10.1533     -10.7294     -10.2089
                -10.3932     -10.8240     -10.3536     -10.7591     -11.0520
                -10.8796      -9.9734     -10.5814     -10.5908     -10.7625
                -10.3324     -10.6188     -10.6516     -10.2263     -10.0969
   5     60      -9.9476     -10.4457     -10.4524     -10.2754     -10.0261
                -10.4177     -10.7044     -10.2008     -10.7769     -10.2559
                -10.4405     -10.8716     -10.4012     -10.8064     -11.0990
                -10.9271     -10.0208     -10.6285     -10.6376     -10.8100
                -10.3798     -10.6663     -10.6988     -10.2737     -10.1442
   5     80     -10.3841     -10.8810     -10.8929     -10.7101     -10.4647
                -10.8580     -11.1395     -10.6402     -11.2170     -10.6910
                -10.8805     -11.3127     -10.8409     -11.2451     -11.5360
                -11.3654     -10.4589     -11.0634     -11.0701     -11.2501
                -10.8178     -11.1054     -11.1370     -10.7117     -10.5818
   5    100     -11.5524     -12.0478     -12.0709     -11.8738     -11.6385
                -12.0356     -12.3051     -11.8152     -12.3947     -11.8566
                -12.0582     -12.4940     -12.0181     -12.4190     -12.7065
                -12.5389     -11.6319     -12.2272     -12.2293     -12.4274
                -11.9892     -12.2800     -12.3111     -11.8847     -11.7538
 
 group  inft   Estimated free energy: 1-th solvent contribution (kcal/mol)
   1      0       1.1444       0.0822       0.7875       1.1415       1.0312
                  1.2433       0.1102       1.2325       1.5637       1.5084
                  0.1559       0.8190       1.1569       0.6612       0.0575
                  0.9782       1.0803       0.6692      -0.4645       1.0870
                  1.6614       1.6693       0.9423       1.4344       0.8480
   1     60       1.1458       0.0836       0.7887       1.1429       1.0324
                  1.2445       0.1116       1.2336       1.5649       1.5098
                  0.1573       0.8202       1.1581       0.6626       0.0589
                  0.9794       1.0815       0.6706      -0.4631       1.0883
                  1.6627       1.6705       0.9436       1.4356       0.8493
   1     80       1.1620       0.1002       0.8042       1.1609       1.0475
                  1.2602       0.1288       1.2485       1.5801       1.5275
                  0.1721       0.8353       1.1730       0.6791       0.0745
                  0.9949       1.0979       0.6881      -0.4452       1.1031
                  1.6783       1.6852       0.9597       1.4513       0.8650
   1    100       1.2005       0.1394       0.8403       1.2060       1.0824
                  1.2978       0.1710       1.2831       1.6157       1.5708
                  0.2050       0.8699       1.2076       0.7183       0.1105
                  1.0318       1.1376       0.7317      -0.4006       1.1372
                  1.7154       1.7194       0.9980       1.4883       0.9024
   2      0       1.1181       0.0598       0.8205       1.1254       1.0393
                  1.2105       0.0922       1.2150       1.5501       1.4933
                  0.1212       0.8094       1.1355       0.6650       0.0685
                  0.9831       1.0508       0.6739      -0.4593       1.0523
                  1.6882       1.6438       0.9365       1.4002       0.8602
   3      0       1.1268       0.0519       0.8230       1.1170       1.0178
                  1.2253       0.0976       1.2232       1.5532       1.5067
                  0.1313       0.8156       1.1445       0.6734       0.0614
                  0.9769       1.0529       0.6925      -0.4584       1.0728
                  1.6677       1.6542       0.9316       1.3872       0.8428
   4      0       1.1311       0.0596       0.8307       1.1212       1.0180
                  1.2299       0.1105       1.2286       1.5694       1.5117
                  0.1369       0.8136       1.1482       0.6576       0.0530
                  0.9884       1.0585       0.6950      -0.4452       1.0673
                  1.6710       1.6516       0.9420       1.4003       0.8528
   5      0       1.1278       0.0585       0.8404       1.1204       1.0211
                  1.2346       0.1107       1.2229       1.5670       1.5109
                  0.1344       0.8189       1.1462       0.6604       0.0623
                  0.9912       1.0484       0.6959      -0.4464       1.0632
                  1.6714       1.6515       0.9441       1.3945       0.8514
   5     60       1.1300       0.0608       0.8425       1.1227       1.0231
                  1.2366       0.1129       1.2248       1.5689       1.5131
                  0.1366       0.8209       1.1481       0.6626       0.0645
                  0.9931       1.0504       0.6981      -0.4440       1.0652
                  1.6733       1.6534       0.9462       1.3965       0.8534
   5     80       1.1489       0.0800       0.8606       1.1441       1.0404
                  1.2552       0.1333       1.2421       1.5867       1.5340
                  0.1536       0.8386       1.1656       0.6819       0.0827
                  1.0114       1.0697       0.7188      -0.4229       1.0824
                  1.6917       1.6708       0.9650       1.4150       0.8718
   5    100       1.1845       0.1164       0.8945       1.1866       1.0721
                  1.2903       0.1731       1.2740       1.6196       1.5746
                  0.1839       0.8709       1.1975       0.7185       0.1159
                  1.0458       1.1069       0.7597      -0.3806       1.1137
                  1.7261       1.7028       1.0007       1.4498       0.9065
 
 group  inft   Estimated free energy: 2-th solvent contribution (kcal/mol)
   1      0      -1.4787      -1.8709      -1.2367      -1.4730      -1.4913
                 -1.3213      -1.2981      -1.6913      -2.2326      -1.9954
                 -1.7513      -2.2455      -2.6619      -1.5780      -2.5537
                 -2.5451      -1.0842      -1.7335      -2.4336      -2.7758
                 -2.5407      -3.1982      -1.6214      -2.4804      -1.2400
   1     60      -1.4795      -1.8716      -1.2373      -1.4737      -1.4921
                 -1.3219      -1.2987      -1.6920      -2.2333      -1.9961
                 -1.7521      -2.2462      -2.6626      -1.5786      -2.5544
                 -2.5458      -1.0850      -1.7342      -2.4344      -2.7765
                 -2.5414      -3.1988      -1.6221      -2.4811      -1.2407
   1     80      -1.4889      -1.8807      -1.2459      -1.4827      -1.5013
                 -1.3303      -1.3076      -1.7008      -2.2425      -2.0050
                 -1.7612      -2.2554      -2.6719      -1.5877      -2.5635
                 -2.5548      -1.0939      -1.7431      -2.4436      -2.7856
                 -2.5502      -3.2082      -1.6310      -2.4901      -1.2497
   1    100      -1.5235      -1.9142      -1.2768      -1.5156      -1.5353
                 -1.3613      -1.3398      -1.7331      -2.2760      -2.0375
                 -1.7945      -2.2892      -2.7063      -1.6208      -2.5965
                 -2.5878      -1.1266      -1.7753      -2.4777      -2.8187
                 -2.5822      -3.2425      -1.6637      -2.5230      -1.2829
   2      0      -1.4536      -1.8681      -1.2631      -1.4660      -1.4764
                 -1.3184      -1.3002      -1.6819      -2.2208      -1.9944
                 -1.7316      -2.2407      -2.6326      -1.5682      -2.5334
                 -2.5444      -1.0768      -1.7424      -2.4092      -2.7752
                 -2.5368      -3.1767      -1.6272      -2.4817      -1.2362
   3      0      -1.4472      -1.8644      -1.2528      -1.4699      -1.4737
                 -1.3197      -1.2964      -1.6837      -2.2187      -1.9924
                 -1.7244      -2.2258      -2.6324      -1.5703      -2.5345
                 -2.5346      -1.0653      -1.7355      -2.4041      -2.7691
                 -2.5357      -3.1746      -1.6244      -2.4803      -1.2364
   4      0      -1.4410      -1.8627      -1.2543      -1.4638      -1.4676
                 -1.3141      -1.2974      -1.6790      -2.2121      -1.9892
                 -1.7127      -2.2268      -2.6282      -1.5599      -2.5208
                 -2.5363      -1.0626      -1.7308      -2.4005      -2.7709
                 -2.5390      -3.1670      -1.6212      -2.4814      -1.2319
   5      0      -1.4425      -1.8600      -1.2508      -1.4668      -1.4638
                 -1.3173      -1.2953      -1.6784      -2.2118      -1.9956
                 -1.7179      -2.2178      -2.6203      -1.5617      -2.5255
                 -2.5323      -1.0550      -1.7332      -2.4030      -2.7705
                 -2.5337      -3.1703      -1.6242      -2.4786      -1.2324
   5     60      -1.4437      -1.8611      -1.2519      -1.4679      -1.4650
                 -1.3184      -1.2964      -1.6795      -2.2129      -1.9967
                 -1.7190      -2.2190      -2.6215      -1.5628      -2.5266
                 -2.5334      -1.0561      -1.7343      -2.4042      -2.7716
                 -2.5348      -3.1714      -1.6253      -2.4797      -1.2336
   5     80      -1.4556      -1.8729      -1.2628      -1.4792      -1.4768
                 -1.3291      -1.3076      -1.6908      -2.2245      -2.0081
                 -1.7305      -2.2305      -2.6329      -1.5743      -2.5381
                 -2.5449      -1.0677      -1.7457      -2.4159      -2.7832
                 -2.5461      -3.1832      -1.6368      -2.4912      -1.2450
   5    100      -1.4874      -1.9043      -1.2916      -1.5095      -1.5084
                 -1.3578      -1.3373      -1.7207      -2.2555      -2.0381
                 -1.7611      -2.2614      -2.6636      -1.6048      -2.5685
                 -2.5754      -1.0983      -1.7759      -2.4473      -2.8141
                 -2.5760      -3.2144      -1.6677      -2.5219      -1.2757
 
 group  inft   Estimated free energy: 3-th solvent contribution (kcal/mol)
   1      0      -9.5402      -8.5332      -9.9533      -9.8464      -9.4983
                -10.2417      -9.4308      -9.6483     -10.0399      -9.6836
                 -8.7619      -9.3689      -8.8219      -9.8077      -8.5435
                 -9.2902      -9.9198      -9.5041      -7.6810      -9.0030
                 -9.4218      -9.0665      -9.9373      -9.0910      -9.6671
   1     60      -9.5752      -8.5682      -9.9885      -9.8815      -9.5334
                -10.2771      -9.4659      -9.6834     -10.0751      -9.7186
                 -8.7971      -9.4042      -8.8571      -9.8429      -8.5786
                 -9.3254      -9.9550      -9.5392      -7.7159      -9.0382
                 -9.4570      -9.1017      -9.9724      -9.1261      -9.7022
   1     80      -9.9288      -8.9211     -10.3456     -10.2362      -9.8875
                -10.6344      -9.8202     -10.0386     -10.4308     -10.0730
                 -9.1522      -9.7608      -9.2126     -10.1986      -8.9325
                 -9.6804     -10.3105      -9.8933      -8.0684      -9.3938
                 -9.8120      -9.4566     -10.3277      -9.4808     -10.0566
   1    100     -11.2046     -10.1960     -11.6335     -11.5164     -11.1647
                -11.9236     -11.1002     -11.3196     -11.7144     -11.3533
                -10.4340     -11.0483     -10.4955     -11.4821     -10.2105
                -10.9627     -11.5947     -11.1711      -9.3427     -10.6767
                -11.0923     -10.7375     -11.6121     -10.7614     -11.3364
   2      0      -9.5463      -8.5461      -9.9594      -9.8455      -9.4970
                -10.2392      -9.4344      -9.6497     -10.0443      -9.6837
                 -8.7712      -9.3730      -8.8302      -9.8169      -8.5452
                 -9.3016      -9.9200      -9.5043      -7.6909      -9.0030
                 -9.4211      -9.0668      -9.9358      -9.1031      -9.6696
   3      0      -9.5484      -8.5521      -9.9645      -9.8536      -9.5074
                -10.2544      -9.4403      -9.6598     -10.0542      -9.6903
                 -8.7772      -9.3792      -8.8375      -9.8305      -8.5503
                 -9.2948      -9.9251      -9.5161      -7.6956      -9.0113
                 -9.4298      -9.0626      -9.9407      -9.1094      -9.6770
   4      0      -9.5357      -8.5564      -9.9623      -9.8436      -9.4877
                -10.2415      -9.4376      -9.6469     -10.0396      -9.6779
                 -8.7788      -9.3914      -8.8337      -9.8276      -8.5615
                 -9.3118      -9.9250      -9.5023      -7.7200      -9.0057
                 -9.4258      -9.0660      -9.9236      -9.1134      -9.6752
   5      0      -9.5465      -8.5581      -9.9552      -9.8427      -9.4967
                -10.2481      -9.4335      -9.6584     -10.0452      -9.6849
                 -8.7705      -9.3858      -8.8402      -9.8186      -8.5496
                 -9.2992      -9.9275      -9.5048      -7.7021      -9.0160
                 -9.4308      -9.0607      -9.9322      -9.1029      -9.6766
   5     60      -9.5946      -8.6061     -10.0037      -9.8908      -9.5448
                -10.2966      -9.4816      -9.7067     -10.0936      -9.7331
                 -8.8188      -9.4342      -8.8885      -9.8670      -8.5977
                 -9.3475      -9.9757      -9.5529      -7.7501      -9.0643
                 -9.4790      -9.1090      -9.9804      -9.1512      -9.7247
   5     80     -10.0381      -9.0488     -10.4514     -10.3357      -9.9891
                -10.7447      -9.9259     -10.1523     -10.5399     -10.1776
                 -9.2642      -9.8815      -9.3343     -10.3134      -9.0413
                 -9.7927     -10.4216      -9.9972      -8.1921      -9.5100
                 -9.9242      -9.5537     -10.4258      -9.5962     -10.1693
   5    100     -11.2103     -10.2206     -11.6345     -11.5117     -11.1628
                -11.9289     -11.1015     -11.3293     -11.7196     -11.3538
                -10.4417     -11.0642     -10.5128     -11.4934     -10.2146
                -10.9701     -11.6012     -11.1717      -9.3621     -10.6877
                -11.1000     -10.7290     -11.6048     -10.7733     -11.3453
 
 
 cumulative average & 95% error for solvation free energy
              total             1st component         2nd component         3rd component
  1    -9.9081     0.0000     1.1268     0.0000    -1.4472     0.0000    -9.5484     0.0000
  2   -10.1560     0.4957     0.5894     1.0749    -1.6558     0.4171    -9.0503     0.9963
  3   -10.2485     0.3408     0.6672     0.6398    -1.5214     0.3608    -9.3550     0.8380
  4   -10.2479     0.2410     0.7797     0.5052    -1.5086     0.2564    -9.4797     0.6429
  5   -10.1988     0.2109     0.8273     0.4028    -1.5016     0.1991    -9.4852     0.4981
  6   -10.2304     0.1834     0.8936     0.3546    -1.4713     0.1735    -9.6134     0.4808
  7   -10.2944     0.2010     0.7799     0.3762    -1.4463     0.1549    -9.5887     0.4093
  8   -10.2775     0.1773     0.8353     0.3441    -1.4760     0.1467    -9.5976     0.3549
  9   -10.3310     0.1895     0.9151     0.3429    -1.5585     0.2097    -9.6483     0.3291
 10   -10.3194     0.1710     0.9743     0.3287    -1.6019     0.2067    -9.6525     0.2944
 11   -10.3276     0.1556     0.8976     0.3345    -1.6130     0.1883    -9.5729     0.3103
 12   -10.3694     0.1647     0.8908     0.3057    -1.6641     0.1999    -9.5568     0.2851
 13   -10.3690     0.1515     0.9103     0.2839    -1.7386     0.2367    -9.5015     0.2846
 14   -10.3974     0.1514     0.8934     0.2650    -1.7266     0.2204    -9.5250     0.2677
 15   -10.4418     0.1665     0.8379     0.2705    -1.7804     0.2318    -9.4600     0.2810
 16   -10.4699     0.1656     0.8466     0.2536    -1.8276     0.2364    -9.4497     0.2637
 17   -10.4409     0.1660     0.8587     0.2395    -1.7827     0.2395    -9.4776     0.2539
 18   -10.4497     0.1575     0.8495     0.2265    -1.7801     0.2259    -9.4798     0.2394
 19   -10.4574     0.1498     0.7807     0.2547    -1.8129     0.2235    -9.3859     0.2942
 20   -10.4719     0.1450     0.7953     0.2434    -1.8607     0.2326    -9.3671     0.2816
 21   -10.4655     0.1385     0.8368     0.2460    -1.8929     0.2304    -9.3701     0.2680
 22   -10.4726     0.1329     0.8740     0.2460    -1.9511     0.2487    -9.3561     0.2570
 23   -10.4813     0.1281     0.8765     0.2351    -1.9369     0.2393    -9.3816     0.2508
 24   -10.4713     0.1243     0.8978     0.2291    -1.9596     0.2335    -9.3702     0.2412
 25   -10.4569     0.1227     0.8956     0.2198    -1.9307     0.2314    -9.3825     0.2326
