 ERmod 0.3.7, Copyright (C) 2000-2019 Nobuyuki Matubayasi
                            2010-2019 Shun Sakuraba
 ERmod comes with ABSOLUTELY NO WARRANTY.
 This is free software, and you can redistribute it
 and/or modify it under certain conditions.
 See LICENSE file for details.
Opening: "/home/hervoe/snic2020-6-15/hervoe/Caffeine_solubility/Simulations/opls_simulations/KCl/0.50/trajectory_sol_full.xtc"...
  Trying plugin "Gromacs XTC Compressed Trajectory"...OK
 ERmod 0.3.7, Copyright (C) 2000-2019 Nobuyuki Matubayasi
                            2010-2019 Shun Sakuraba
 ERmod comes with ABSOLUTELY NO WARRANTY.
 This is free software, and you can redistribute it
 and/or modify it under certain conditions.
 See LICENSE file for details.
Opening: "/home/hervoe/snic2020-6-15/hervoe/Caffeine_solubility/Simulations/opls_simulations/KCl/0.50/trajectory_ref_full.xtc"...
  Trying plugin "Gromacs XTC Compressed Trajectory"...OK
Opening: "/home/hervoe/snic2020-6-15/hervoe/Caffeine_solubility/Simulations/opls_simulations/Solute/trajectory_solute.xtc"...
  Trying plugin "Gromacs XTC Compressed Trajectory"...OK
Opening: "/home/hervoe/snic2020-6-15/hervoe/Caffeine_solubility/Simulations/opls_simulations/Solute/trajectory_solute.xtc"...
  Trying plugin "Gromacs XTC Compressed Trajectory"...OK
Opening: "/home/hervoe/snic2020-6-15/hervoe/Caffeine_solubility/Simulations/opls_simulations/Solute/trajectory_solute.xtc"...
  Trying plugin "Gromacs XTC Compressed Trajectory"...OK
Opening: "/home/hervoe/snic2020-6-15/hervoe/Caffeine_solubility/Simulations/opls_simulations/Solute/trajectory_solute.xtc"...
  Trying plugin "Gromacs XTC Compressed Trajectory"...OK
Opening: "/home/hervoe/snic2020-6-15/hervoe/Caffeine_solubility/Simulations/opls_simulations/Solute/trajectory_solute.xtc"...
  Trying plugin "Gromacs XTC Compressed Trajectory"...OK
Opening: "/home/hervoe/snic2020-6-15/hervoe/Caffeine_solubility/Simulations/opls_simulations/Solute/trajectory_solute.xtc"...
  Trying plugin "Gromacs XTC Compressed Trajectory"...OK
Opening: "/home/hervoe/snic2020-6-15/hervoe/Caffeine_solubility/Simulations/opls_simulations/Solute/trajectory_solute.xtc"...
  Trying plugin "Gromacs XTC Compressed Trajectory"...OK
Opening: "/home/hervoe/snic2020-6-15/hervoe/Caffeine_solubility/Simulations/opls_simulations/Solute/trajectory_solute.xtc"...
  Trying plugin "Gromacs XTC Compressed Trajectory"...OK
Opening: "/home/hervoe/snic2020-6-15/hervoe/Caffeine_solubility/Simulations/opls_simulations/Solute/trajectory_solute.xtc"...
  Trying plugin "Gromacs XTC Compressed Trajectory"...OK
Opening: "/home/hervoe/snic2020-6-15/hervoe/Caffeine_solubility/Simulations/opls_simulations/Solute/trajectory_solute.xtc"...
  Trying plugin "Gromacs XTC Compressed Trajectory"...OK
 
  Number of the   1-th solvent  =            9
  Number of the   2-th solvent  =            9
  Number of the   3-th solvent  =         1000
 
  Be sure that the solvent distribution is homogeneous (radial distribution function is essentially unity) when the solvent molecule is separated beyond distance of   10.0 Angstrom in any direction from any atom within the solute molecule
 
  LJ long-range correction    =        -0.0218     -0.0016     -1.0259
 
  Self-energy of the solute   =        -0.0391  kcal/mol
 
 
 cumulative average & 95% error for solvation energy
              total             1st component         2nd component         3rd component
  1   -49.9605               -0.3448               -1.9515              -47.6250
  2   -49.9290     0.0630    -0.7193     0.7489    -1.8498     0.2035   -47.3209     0.6084
  3   -49.9289     0.0364    -0.2134     1.1002    -2.3105     0.9290   -47.3659     0.3626
  4   -49.8846     0.0923    -0.2222     0.7782    -2.2914     0.6580   -47.3318     0.2653
  5   -49.8758     0.0737    -0.0101     0.7371    -2.0621     0.6856   -47.7645     0.8893
  6   -49.8786     0.0604    -0.0377     0.6044    -1.8530     0.6988   -47.9488     0.8144
  7   -49.8820     0.0515     0.0211     0.5241    -1.7821     0.6074   -48.0819     0.7379
  8   -49.8841     0.0448     0.0258     0.4540    -1.8318     0.5353   -48.0389     0.6448
  9   -49.8687     0.0501    -0.0101     0.4068    -1.6756     0.5661   -48.1439     0.6061
 10   -49.8811     0.0513    -0.1541     0.4640    -1.5881     0.5357   -48.0998     0.5493
 11   -49.8844     0.0468    -0.1222     0.4246    -1.7330     0.5646   -47.9901     0.5431
 12   -49.8900     0.0442    -0.2533     0.4679    -1.7237     0.5157   -47.8739     0.5476
 13   -49.8814     0.0442    -0.1978     0.4445    -1.7532     0.4781   -47.8912     0.5049
 14   -49.8893     0.0439    -0.2745     0.4392    -1.6548     0.4844   -47.9209     0.4712
 15   -49.8839     0.0422    -0.2620     0.4096    -1.7314     0.4762   -47.8513     0.4602
 16   -49.8886     0.0406    -0.2884     0.3868    -1.7724     0.4530   -47.7886     0.4483
 17   -49.8826     0.0400    -0.3267     0.3713    -1.8672     0.4658   -47.6495     0.5047
 18   -49.8908     0.0412    -0.3243     0.3501    -1.8162     0.4509   -47.7112     0.4916
 19   -49.8914     0.0390    -0.3772     0.3477    -1.7611     0.4405   -47.7139     0.4651
 20   -49.8892     0.0372    -0.3600     0.3316    -1.6630     0.4617   -47.8270     0.4958
 21   -49.8913     0.0357    -0.3615     0.3155    -1.6385     0.4418   -47.8522     0.4742
 22   -49.8900     0.0341    -0.4596     0.3591    -1.6328     0.4214   -47.7585     0.4895
 23   -49.8894     0.0326    -0.4685     0.3436    -1.6823     0.4147   -47.6995     0.4824
 24   -49.8883     0.0313    -0.4324     0.3368    -1.7043     0.3995   -47.7124     0.4625
 25   -49.8894     0.0301    -0.4315     0.3231    -1.6752     0.3875   -47.7435     0.4480
 
 
 group  inft  solvation free energy     error          difference
  total solvation free energy
   1      0        -11.41498           0.05883          -0.00808
   1     60        -11.44364           0.05884          -0.03674
   1     80        -11.76319           0.05895          -0.35629
   1    100        -12.96994           0.05933          -1.56305
   2      0        -11.40485           0.05866           0.00205
   3      0        -11.40690           0.05824           0.00000
   4      0        -11.39277           0.05843           0.01413
   5      0        -11.39326           0.05889           0.01364
   5     60        -11.43313           0.05890          -0.02623
   5     80        -11.83785           0.05902          -0.43095
   5    100        -12.94967           0.05933          -1.54277
 
  contribution from  1-th solvent component
   1      0          0.08578           0.14779          -0.00743
   1     60          0.08554           0.14779          -0.00767
   1     80          0.08235           0.14780          -0.01086
   1    100          0.06943           0.14782          -0.02378
   2      0          0.09162           0.14678          -0.00159
   3      0          0.09321           0.14646           0.00000
   4      0          0.09543           0.14617           0.00223
   5      0          0.09547           0.14590           0.00226
   5     60          0.09502           0.14590           0.00182
   5     80          0.09064           0.14591          -0.00257
   5    100          0.07849           0.14592          -0.01472
 
  contribution from  2-th solvent component
   1      0         -0.91410           0.18889          -0.00843
   1     60         -0.91435           0.18889          -0.00869
   1     80         -0.91616           0.18895          -0.01049
   1    100         -0.92366           0.18910          -0.01800
   2      0         -0.90884           0.18767          -0.00318
   3      0         -0.90566           0.18713           0.00000
   4      0         -0.90428           0.18691           0.00138
   5      0         -0.90260           0.18683           0.00307
   5     60         -0.90276           0.18683           0.00290
   5     80         -0.90510           0.18689           0.00057
   5    100         -0.91158           0.18702          -0.00591
 
  contribution from  3-th solvent component
   1      0        -10.54752           0.21939           0.00778
   1     60        -10.57568           0.21939          -0.02038
   1     80        -10.89023           0.21949          -0.33494
   1    100        -12.07656           0.21993          -1.52127
   2      0        -10.54848           0.21860           0.00682
   3      0        -10.55530           0.21801           0.00000
   4      0        -10.54478           0.21573           0.01052
   5      0        -10.54699           0.21711           0.00831
   5     60        -10.58625           0.21711          -0.03095
   5     80        -10.98425           0.21722          -0.42896
   5    100        -12.07743           0.21758          -1.52214
 
 
 group  inft   Estimated free energy: total (kcal/mol)
   1      0     -11.3753     -11.3870     -11.5204     -11.2554     -11.7478
                -11.4809     -11.3395     -11.4943     -11.3514     -11.3239
                -11.4090     -11.5194     -11.2027     -11.5070     -11.2576
                -11.6253     -11.4044     -11.6552     -11.3093     -11.4107
                -11.5707     -11.3340     -11.4062     -11.3994     -11.0876
   1     60     -11.4039     -11.4156     -11.5491     -11.2840     -11.7764
                -11.5096     -11.3682     -11.5230     -11.3800     -11.3524
                -11.4377     -11.5481     -11.2312     -11.5356     -11.2862
                -11.6541     -11.4331     -11.6840     -11.3380     -11.4395
                -11.5994     -11.3627     -11.4349     -11.4281     -11.1162
   1     80     -11.7226     -11.7346     -11.8691     -11.6033     -12.0957
                -11.8290     -11.6884     -11.8422     -11.6994     -11.6706
                -11.7576     -11.8674     -11.5504     -11.8549     -11.6051
                -11.9748     -11.7523     -12.0044     -11.6579     -11.7604
                -11.9201     -11.6826     -11.7545     -11.7472     -11.4354
   1    100     -12.9261     -12.9383     -13.0759     -12.8099     -13.3018
                -13.0353     -12.8978     -13.0462     -12.9064     -12.8731
                -12.9650     -13.0739     -12.7564     -13.0615     -12.8087
                -13.1862     -12.9574     -13.2148     -12.8656     -12.9736
                -13.1305     -12.8901     -12.9618     -12.9514     -12.6408
   2      0     -11.3461     -11.3850     -11.5187     -11.2375     -11.7400
                -11.4755     -11.3247     -11.4876     -11.3696     -11.3090
                -11.3711     -11.5052     -11.1971     -11.4875     -11.2400
                -11.6325     -11.3691     -11.6288     -11.2969     -11.4159
                -11.5600     -11.3162     -11.4087     -11.4018     -11.0966
   3      0     -11.3368     -11.3845     -11.5210     -11.2350     -11.7314
                -11.4761     -11.3318     -11.4887     -11.3809     -11.3146
                -11.3675     -11.5077     -11.2072     -11.5022     -11.2414
                -11.6363     -11.3662     -11.6326     -11.3068     -11.4178
                -11.5572     -11.3150     -11.4185     -11.3959     -11.0995
   4      0     -11.3129     -11.3702     -11.5076     -11.2213     -11.7085
                -11.4573     -11.3056     -11.4898     -11.3671     -11.3053
                -11.3533     -11.4928     -11.2009     -11.4866     -11.2228
                -11.6352     -11.3593     -11.6111     -11.2860     -11.4042
                -11.5340     -11.3160     -11.4056     -11.3928     -11.0729
   5      0     -11.3183     -11.3664     -11.5088     -11.2214     -11.7215
                -11.4612     -11.3131     -11.4842     -11.3667     -11.2977
                -11.3535     -11.4926     -11.1980     -11.4886     -11.2256
                -11.6265     -11.3603     -11.6194     -11.2811     -11.4128
                -11.5413     -11.3070     -11.3946     -11.3913     -11.0797
   5     60     -11.3580     -11.4063     -11.5487     -11.2612     -11.7614
                -11.5010     -11.3531     -11.5240     -11.4065     -11.3374
                -11.3934     -11.5324     -11.2378     -11.5284     -11.2654
                -11.6665     -11.4001     -11.6594     -11.3210     -11.4529
                -11.5812     -11.3469     -11.4344     -11.4312     -11.1196
   5     80     -11.7611     -11.8105     -11.9541     -11.6655     -12.1659
                -11.9052     -11.7586     -11.9286     -11.8113     -11.7407
                -11.7981     -11.9370     -11.6422     -11.9329     -11.6694
                -12.0729     -11.8040     -12.0648     -11.7261     -11.8591
                -11.9870     -11.7524     -11.8391     -11.8355     -11.5243
   5    100     -12.8687     -12.9205     -13.0666     -12.7771     -13.2777
                -13.0155     -12.8728     -13.0392     -12.9240     -12.8494
                -12.9095     -13.0489     -12.7537     -13.0453     -12.7788
                -13.1893     -12.9133     -13.1785     -12.8388     -12.9755
                -13.1011     -12.8659     -12.9505     -12.9452     -12.6360
 
 group  inft   Estimated free energy: 1-th solvent contribution (kcal/mol)
   1      0       0.0675      -0.2081       0.4938       0.1869       0.4811
                  0.2645       0.4789       0.1965       0.2141      -0.4373
                  0.4125      -0.4833       0.6131      -0.4413       0.2975
                 -0.1084      -0.2232       0.1813      -0.2515       0.3207
                  0.0147      -0.8119       0.0919       0.4981       0.2963
   1     60       0.0673      -0.2083       0.4936       0.1866       0.4809
                  0.2642       0.4787       0.1962       0.2139      -0.4375
                  0.4122      -0.4835       0.6129      -0.4416       0.2973
                 -0.1087      -0.2235       0.1811      -0.2518       0.3204
                  0.0145      -0.8121       0.0916       0.4979       0.2961
   1     80       0.0640      -0.2114       0.4904       0.1834       0.4776
                  0.2611       0.4756       0.1928       0.2111      -0.4407
                  0.4088      -0.4866       0.6098      -0.4450       0.2941
                 -0.1120      -0.2269       0.1779      -0.2551       0.3173
                  0.0113      -0.8153       0.0886       0.4948       0.2933
   1    100       0.0509      -0.2239       0.4773       0.1704       0.4642
                  0.2482       0.4626       0.1793       0.1995      -0.4541
                  0.3951      -0.4992       0.5971      -0.4585       0.2813
                 -0.1252      -0.2400       0.1651      -0.2685       0.3042
                 -0.0016      -0.8280       0.0761       0.4819       0.2814
   2      0       0.0778      -0.2031       0.4982       0.1898       0.4898
                  0.2664       0.4823       0.2058       0.2028      -0.4311
                  0.4297      -0.4698       0.6189      -0.4336       0.3045
                 -0.1009      -0.2097       0.1852      -0.2399       0.3204
                  0.0195      -0.7975       0.0941       0.4994       0.2916
   3      0       0.0817      -0.2013       0.5006       0.1916       0.4913
                  0.2667       0.4870       0.2071       0.1945      -0.4271
                  0.4395      -0.4642       0.6158      -0.4296       0.3037
                 -0.0973      -0.2064       0.1857      -0.2385       0.3196
                  0.0224      -0.7949       0.0902       0.5036       0.2883
   4      0       0.0826      -0.1995       0.5049       0.1955       0.4943
                  0.2659       0.4867       0.2070       0.1981      -0.4242
                  0.4425      -0.4603       0.6170      -0.4308       0.3067
                 -0.0933      -0.2056       0.1867      -0.2305       0.3222
                  0.0229      -0.7886       0.0918       0.5020       0.2919
   5      0       0.0823      -0.1929       0.5065       0.1918       0.4925
                  0.2683       0.4890       0.2049       0.1921      -0.4224
                  0.4406      -0.4613       0.6147      -0.4284       0.3061
                 -0.0958      -0.2037       0.1874      -0.2285       0.3233
                  0.0229      -0.7887       0.0939       0.5036       0.2884
   5     60       0.0819      -0.1933       0.5061       0.1913       0.4921
                  0.2678       0.4885       0.2045       0.1917      -0.4228
                  0.4401      -0.4618       0.6142      -0.4289       0.3057
                 -0.0962      -0.2042       0.1869      -0.2289       0.3228
                  0.0225      -0.7891       0.0935       0.5032       0.2880
   5     80       0.0775      -0.1976       0.5017       0.1869       0.4876
                  0.2635       0.4842       0.1999       0.1876      -0.4272
                  0.4356      -0.4661       0.6099      -0.4334       0.3014
                 -0.1007      -0.2086       0.1826      -0.2334       0.3184
                  0.0182      -0.7936       0.0891       0.4989       0.2838
   5    100       0.0652      -0.2096       0.4894       0.1746       0.4752
                  0.2512       0.4721       0.1874       0.1759      -0.4395
                  0.4232      -0.4780       0.5979      -0.4460       0.2894
                 -0.1133      -0.2208       0.1706      -0.2456       0.3062
                  0.0063      -0.8058       0.0772       0.4868       0.2722
 
 group  inft   Estimated free energy: 2-th solvent contribution (kcal/mol)
   1      0      -0.8914      -0.9690      -1.6216      -1.0906      -0.7824
                 -0.6005      -0.6731      -1.1399      -0.3696      -0.3054
                 -1.6449      -0.9858      -1.0461      -0.1869      -1.4032
                 -1.3769      -1.7171      -0.7491      -0.4698      -0.0307
                 -0.7094      -0.8943      -1.5420      -1.2038      -0.4491
   1     60      -0.8917      -0.9692      -1.6218      -1.0908      -0.7826
                 -0.6008      -0.6734      -1.1402      -0.3699      -0.3057
                 -1.6452      -0.9860      -1.0464      -0.1871      -1.4034
                 -1.3771      -1.7173      -0.7494      -0.4700      -0.0310
                 -0.7096      -0.8945      -1.5422      -1.2040      -0.4494
   1     80      -0.8934      -0.9711      -1.6237      -1.0927      -0.7844
                 -0.6024      -0.6752      -1.1420      -0.3717      -0.3071
                 -1.6471      -0.9879      -1.0482      -0.1885      -1.4054
                 -1.3790      -1.7193      -0.7514      -0.4717      -0.0327
                 -0.7115      -0.8963      -1.5442      -1.2060      -0.4511
   1    100      -0.9007      -0.9787      -1.6316      -1.1006      -0.7920
                 -0.6093      -0.6830      -1.1494      -0.3790      -0.3133
                 -1.6550      -0.9958      -1.0558      -0.1945      -1.4135
                 -1.3866      -1.7275      -0.7597      -0.4789      -0.0398
                 -0.7193      -0.9037      -1.5522      -1.2137      -0.4581
   2      0      -0.8782      -0.9626      -1.6164      -1.0728      -0.7791
                 -0.5974      -0.6650      -1.1303      -0.3739      -0.2920
                 -1.6282      -0.9854      -1.0455      -0.1798      -1.3846
                 -1.3854      -1.6969      -0.7398      -0.4738      -0.0433
                 -0.7080      -0.8847      -1.5469      -1.2035      -0.4476
   3      0      -0.8685      -0.9614      -1.6101      -1.0654      -0.7799
                 -0.5942      -0.6642      -1.1245      -0.3710      -0.2912
                 -1.6253      -0.9852      -1.0434      -0.1843      -1.3790
                 -1.3827      -1.6894      -0.7350      -0.4737      -0.0404
                 -0.7064      -0.8763      -1.5476      -1.1974      -0.4450
   4      0      -0.8636      -0.9576      -1.6137      -1.0660      -0.7785
                 -0.5952      -0.6624      -1.1244      -0.3737      -0.2874
                 -1.6202      -0.9839      -1.0434      -0.1788      -1.3724
                 -1.3845      -1.6869      -0.7321      -0.4695      -0.0492
                 -0.7040      -0.8778      -1.5412      -1.2003      -0.4406
   5      0      -0.8628      -0.9566      -1.6085      -1.0606      -0.7770
                 -0.5961      -0.6601      -1.1225      -0.3698      -0.2857
                 -1.6200      -0.9808      -1.0370      -0.1782      -1.3723
                 -1.3830      -1.6864      -0.7345      -0.4640      -0.0492
                 -0.7048      -0.8751      -1.5412      -1.1981      -0.4407
   5     60      -0.8629      -0.9567      -1.6087      -1.0607      -0.7772
                 -0.5963      -0.6603      -1.1227      -0.3699      -0.2858
                 -1.6201      -0.9810      -1.0371      -0.1783      -1.3725
                 -1.3832      -1.6866      -0.7347      -0.4641      -0.0493
                 -0.7050      -0.8753      -1.5414      -1.1983      -0.4409
   5     80      -0.8650      -0.9591      -1.6111      -1.0632      -0.7796
                 -0.5982      -0.6627      -1.1250      -0.3723      -0.2876
                 -1.6226      -0.9835      -1.0396      -0.1800      -1.3750
                 -1.3856      -1.6890      -0.7372      -0.4664      -0.0515
                 -0.7075      -0.8776      -1.5440      -1.2008      -0.4433
   5    100      -0.8711      -0.9659      -1.6181      -1.0702      -0.7865
                 -0.6034      -0.6693      -1.1313      -0.3787      -0.2931
                 -1.6294      -0.9904      -1.0462      -0.1852      -1.3819
                 -1.3923      -1.6956      -0.7441      -0.4727      -0.0574
                 -0.7143      -0.8843      -1.5508      -1.2076      -0.4499
 
 group  inft   Estimated free energy: 3-th solvent contribution (kcal/mol)
   1      0     -10.5123     -10.1708     -10.3535     -10.3126     -11.4074
                -11.1058     -11.1062     -10.5118     -11.1568     -10.5420
                -10.1374     -10.0112     -10.7305     -10.8396     -10.1128
                -10.1009      -9.4250     -11.0483     -10.5488     -11.6615
                -10.8369      -9.5887      -9.9169     -10.6546     -10.8956
   1     60     -10.5404     -10.1989     -10.3817     -10.3407     -11.4355
                -11.1339     -11.1344     -10.5399     -11.1849     -10.5701
                -10.1656     -10.0394     -10.7586     -10.8677     -10.1409
                -10.1291      -9.4531     -11.0765     -10.5770     -11.6898
                -10.8652      -9.6169      -9.9451     -10.6828     -10.9238
   1     80     -10.8541     -10.5130     -10.6966     -10.6549     -11.7497
                -11.4485     -11.4496     -10.8539     -11.4997     -10.8837
                -10.4801     -10.3537     -11.0728     -11.1823     -10.4546
                -10.4447      -9.7670     -11.3918     -10.8919     -12.0059
                -11.1808      -9.9318     -10.2597     -10.9968     -11.2384
   1    100     -12.0372     -11.6966     -11.8825     -11.8406     -12.9349
                -12.6351     -12.6382     -12.0369     -12.6877     -12.0666
                -11.6660     -11.5398     -12.2586     -12.3693     -11.6374
                -11.6352     -10.9508     -12.5810     -12.0791     -13.1989
                -12.3705     -11.1193     -11.4465     -12.1805     -12.4250
   2      0     -10.5065     -10.1801     -10.3613     -10.3153     -11.4115
                -11.1054     -11.1028     -10.5239     -11.1594     -10.5468
                -10.1335     -10.0109     -10.7314     -10.8349     -10.1208
                -10.1071      -9.4234     -11.0351     -10.5441     -11.6539
                -10.8323      -9.5949      -9.9167     -10.6585     -10.9014
   3      0     -10.5109     -10.1827     -10.3723     -10.3221     -11.4036
                -11.1093     -11.1155     -10.5321     -11.1653     -10.5571
                -10.1426     -10.0192     -10.7405     -10.8491     -10.1270
                -10.1172      -9.4313     -11.0442     -10.5555     -11.6579
                -10.8341      -9.6047      -9.9219     -10.6629     -10.9036
   4      0     -10.4927     -10.1739     -10.3596     -10.3117     -11.3852
                -11.0888     -11.0908     -10.5332     -11.1524     -10.5546
                -10.1364     -10.0095     -10.7355     -10.8379     -10.1179
                -10.1183      -9.4278     -11.0266     -10.5468     -11.6381
                -10.8138      -9.6105      -9.9171     -10.6554     -10.8851
   5      0     -10.4987     -10.1778     -10.3677     -10.3134     -11.3979
                -11.0942     -11.1028     -10.5274     -11.1499     -10.5505
                -10.1349     -10.0113     -10.7366     -10.8428     -10.1203
                -10.1086      -9.4310     -11.0332     -10.5495     -11.6478
                -10.8202      -9.6041      -9.9081     -10.6577     -10.8883
   5     60     -10.5378     -10.2170     -10.4070     -10.3527     -11.4371
                -11.1334     -11.1422     -10.5667     -11.1892     -10.5897
                -10.1742     -10.0505     -10.7758     -10.8821     -10.1595
                -10.1480      -9.4702     -11.0725     -10.5888     -11.6872
                -10.8596      -9.6434      -9.9474     -10.6969     -10.9275
   5     80     -10.9344     -10.6145     -10.8055     -10.7501     -11.8347
                -11.5313     -11.5410     -10.9644     -11.5875     -10.9867
                -10.5720     -10.4483     -11.1734     -11.2803     -10.5566
                -10.5473      -9.8673     -11.4711     -10.9872     -12.0869
                -11.2586     -10.0420     -10.3451     -11.0944     -11.3257
   5    100     -12.0236     -11.7059     -11.8988     -11.8424     -12.9273
                -12.6242     -12.6365     -12.0562     -12.6821     -12.0777
                -11.6641     -11.5413     -12.2662     -12.3750     -11.6471
                -11.6446     -10.9578     -12.5658     -12.0814     -13.1851
                -12.3539     -11.1366     -11.4378     -12.1854     -12.4191
 
 
 cumulative average & 95% error for solvation free energy
              total             1st component         2nd component         3rd component
  1   -11.3368     0.0000     0.0817     0.0000    -0.8685     0.0000   -10.5109     0.0000
  2   -11.3606     0.0477    -0.0598     0.2830    -0.9150     0.0929   -10.3468     0.3282
  3   -11.4141     0.1104     0.1270     0.4077    -1.1467     0.4665   -10.3553     0.1902
  4   -11.3693     0.1188     0.1432     0.2901    -1.1264     0.3324   -10.3470     0.1355
  5   -11.4417     0.1716     0.2128     0.2644    -1.0571     0.2924   -10.5583     0.4355
  6   -11.4474     0.1406     0.2218     0.2166    -0.9799     0.2842   -10.6501     0.4002
  7   -11.4309     0.1233     0.2597     0.1981    -0.9348     0.2566   -10.7166     0.3634
  8   -11.4381     0.1078     0.2531     0.1721    -0.9585     0.2272   -10.6935     0.3181
  9   -11.4318     0.0959     0.2466     0.1523    -0.8933     0.2392   -10.7460     0.2995
 10   -11.4201     0.0889     0.1792     0.1916    -0.8331     0.2455   -10.7271     0.2705
 11   -11.4153     0.0810     0.2029     0.1797    -0.9051     0.2647   -10.6739     0.2668
 12   -11.4230     0.0755     0.1473     0.1981    -0.9118     0.2420   -10.6194     0.2669
 13   -11.4064     0.0770     0.1833     0.1960    -0.9219     0.2235   -10.6287     0.2462
 14   -11.4132     0.0726     0.1395     0.2015    -0.8692     0.2322   -10.6444     0.2301
 15   -11.4018     0.0713     0.1505     0.1888    -0.9032     0.2266   -10.6099     0.2250
 16   -11.4164     0.0729     0.1350     0.1793    -0.9332     0.2203   -10.5791     0.2193
 17   -11.4135     0.0687     0.1149     0.1732    -0.9776     0.2252   -10.5116     0.2463
 18   -11.4257     0.0692     0.1189     0.1635    -0.9642     0.2141   -10.5412     0.2397
 19   -11.4194     0.0667     0.1001     0.1591    -0.9383     0.2090   -10.5420     0.2267
 20   -11.4193     0.0632     0.1110     0.1526    -0.8934     0.2176   -10.5978     0.2423
 21   -11.4259     0.0616     0.1068     0.1454    -0.8845     0.2078   -10.6090     0.2316
 22   -11.4208     0.0596     0.0658     0.1610    -0.8842     0.1981   -10.5634     0.2389
 23   -11.4207     0.0569     0.0669     0.1539    -0.9130     0.1979   -10.5355     0.2350
 24   -11.4197     0.0545     0.0851     0.1518    -0.9249     0.1909   -10.5408     0.2253
 25   -11.4069     0.0582     0.0932     0.1465    -0.9057     0.1871   -10.5553     0.2180
