 ERmod 0.3.7, Copyright (C) 2000-2019 Nobuyuki Matubayasi
                            2010-2019 Shun Sakuraba
 ERmod comes with ABSOLUTELY NO WARRANTY.
 This is free software, and you can redistribute it
 and/or modify it under certain conditions.
 See LICENSE file for details.
Opening: "/home/hervoe/snic2020-6-15/hervoe/Caffeine_solubility/Simulations/opls_simulations/CsCl/0.50/trajectory_sol_full.xtc"...
  Trying plugin "Gromacs XTC Compressed Trajectory"...OK
 ERmod 0.3.7, Copyright (C) 2000-2019 Nobuyuki Matubayasi
                            2010-2019 Shun Sakuraba
 ERmod comes with ABSOLUTELY NO WARRANTY.
 This is free software, and you can redistribute it
 and/or modify it under certain conditions.
 See LICENSE file for details.
Opening: "/home/hervoe/snic2020-6-15/hervoe/Caffeine_solubility/Simulations/opls_simulations/CsCl/0.50/trajectory_ref_full.xtc"...
  Trying plugin "Gromacs XTC Compressed Trajectory"...OK
Opening: "/home/hervoe/snic2020-6-15/hervoe/Caffeine_solubility/Simulations/opls_simulations/Solute/trajectory_solute.xtc"...
  Trying plugin "Gromacs XTC Compressed Trajectory"...OK
Opening: "/home/hervoe/snic2020-6-15/hervoe/Caffeine_solubility/Simulations/opls_simulations/Solute/trajectory_solute.xtc"...
  Trying plugin "Gromacs XTC Compressed Trajectory"...OK
Opening: "/home/hervoe/snic2020-6-15/hervoe/Caffeine_solubility/Simulations/opls_simulations/Solute/trajectory_solute.xtc"...
  Trying plugin "Gromacs XTC Compressed Trajectory"...OK
Opening: "/home/hervoe/snic2020-6-15/hervoe/Caffeine_solubility/Simulations/opls_simulations/Solute/trajectory_solute.xtc"...
  Trying plugin "Gromacs XTC Compressed Trajectory"...OK
Opening: "/home/hervoe/snic2020-6-15/hervoe/Caffeine_solubility/Simulations/opls_simulations/Solute/trajectory_solute.xtc"...
  Trying plugin "Gromacs XTC Compressed Trajectory"...OK
Opening: "/home/hervoe/snic2020-6-15/hervoe/Caffeine_solubility/Simulations/opls_simulations/Solute/trajectory_solute.xtc"...
  Trying plugin "Gromacs XTC Compressed Trajectory"...OK
Opening: "/home/hervoe/snic2020-6-15/hervoe/Caffeine_solubility/Simulations/opls_simulations/Solute/trajectory_solute.xtc"...
  Trying plugin "Gromacs XTC Compressed Trajectory"...OK
Opening: "/home/hervoe/snic2020-6-15/hervoe/Caffeine_solubility/Simulations/opls_simulations/Solute/trajectory_solute.xtc"...
  Trying plugin "Gromacs XTC Compressed Trajectory"...OK
Opening: "/home/hervoe/snic2020-6-15/hervoe/Caffeine_solubility/Simulations/opls_simulations/Solute/trajectory_solute.xtc"...
  Trying plugin "Gromacs XTC Compressed Trajectory"...OK
Opening: "/home/hervoe/snic2020-6-15/hervoe/Caffeine_solubility/Simulations/opls_simulations/Solute/trajectory_solute.xtc"...
  Trying plugin "Gromacs XTC Compressed Trajectory"...OK
 
  Number of the   1-th solvent  =            9
  Number of the   2-th solvent  =            9
  Number of the   3-th solvent  =         1000
 
  Be sure that the solvent distribution is homogeneous (radial distribution function is essentially unity) when the solvent molecule is separated beyond distance of   10.0 Angstrom in any direction from any atom within the solute molecule
 
  LJ long-range correction    =        -0.0217     -0.0020     -1.0177
 
  Self-energy of the solute   =        -0.0388  kcal/mol
 
 
 cumulative average & 95% error for solvation energy
              total             1st component         2nd component         3rd component
  1   -49.8713               -1.6973               -0.2383              -47.8969
  2   -49.8221     0.0984    -0.1835     3.0276    -1.0742     1.6718   -48.5256     1.2573
  3   -49.8612     0.0967    -0.3810     1.7920    -1.2796     1.0490   -48.1618     1.0278
  4   -49.8288     0.0941    -0.5101     1.2932    -1.3462     0.7536   -47.9337     0.8581
  5   -49.8359     0.0743    -0.6306     1.0303    -1.5088     0.6682   -47.6576     0.8641
  6   -49.8210     0.0675    -0.7506     0.8748    -1.4907     0.5468   -47.5409     0.7432
  7   -49.7808     0.0986    -0.6290     0.7782    -1.5000     0.4625   -47.6130     0.6444
  8   -49.7721     0.0872    -0.5502     0.6922    -1.4806     0.4024   -47.7025     0.5861
  9   -49.7526     0.0863    -0.4898     0.6223    -1.4735     0.3552   -47.7504     0.5257
 10   -49.7500     0.0773    -0.5971     0.5965    -1.3825     0.3661   -47.7315     0.4717
 11   -49.7594     0.0725    -0.4824     0.5863    -1.3583     0.3347   -47.8799     0.5197
 12   -49.7529     0.0674    -0.5113     0.5383    -1.2701     0.3528   -47.9328     0.4861
 13   -49.7496     0.0624    -0.4618     0.5049    -1.1634     0.3884   -48.0855     0.5415
 14   -49.7525     0.0580    -0.4450     0.4687    -1.1169     0.3714   -48.1517     0.5186
 15   -49.7523     0.0540    -0.4475     0.4363    -1.1733     0.3637   -48.0926     0.4970
 16   -49.7378     0.0582    -0.4355     0.4089    -1.2175     0.3515   -48.0460     0.4742
 17   -49.7425     0.0555    -0.4928     0.4008    -1.2547     0.3384   -47.9562     0.4803
 18   -49.7429     0.0523    -0.4410     0.3918    -1.2795     0.3229   -47.9836     0.4561
 19   -49.7411     0.0496    -0.4578     0.3722    -1.2310     0.3204   -48.0135     0.4356
 20   -49.7436     0.0474    -0.4616     0.3531    -1.1967     0.3116   -48.0464     0.4185
 21   -49.7466     0.0454    -0.4357     0.3399    -1.2154     0.2988   -48.0567     0.3986
 22   -49.7519     0.0446    -0.4146     0.3268    -1.1960     0.2875   -48.1026     0.3909
 23   -49.7536     0.0428    -0.4124     0.3123    -1.1470     0.2916   -48.1554     0.3882
 24   -49.7535     0.0410    -0.4496     0.3081    -1.1150     0.2865   -48.1501     0.3718
 25   -49.7580     0.0403    -0.4789     0.3013    -1.1198     0.2750   -48.1205     0.3615
 
 
 group  inft  solvation free energy     error          difference
  total solvation free energy
   1      0        -11.39650           0.07194          -0.01360
   1     60        -11.42491           0.07193          -0.04200
   1     80        -11.74197           0.07198          -0.35907
   1    100        -12.93554           0.07223          -1.55263
   2      0        -11.38114           0.07223           0.00177
   3      0        -11.38291           0.07226           0.00000
   4      0        -11.36527           0.07246           0.01763
   5      0        -11.36676           0.07292           0.01614
   5     60        -11.40635           0.07291          -0.02344
   5     80        -11.80702           0.07296          -0.42412
   5    100        -12.90634           0.07307          -1.52343
 
  contribution from  1-th solvent component
   1      0          0.08438           0.15010          -0.00958
   1     60          0.08408           0.15010          -0.00988
   1     80          0.08066           0.15011          -0.01329
   1    100          0.06795           0.15019          -0.02601
   2      0          0.09111           0.14947          -0.00284
   3      0          0.09395           0.14929           0.00000
   4      0          0.09544           0.14900           0.00148
   5      0          0.09640           0.14920           0.00245
   5     60          0.09590           0.14919           0.00194
   5     80          0.09177           0.14921          -0.00218
   5    100          0.07995           0.14925          -0.01400
 
  contribution from  2-th solvent component
   1      0         -0.53675           0.14822          -0.00862
   1     60         -0.53708           0.14822          -0.00895
   1     80         -0.53937           0.14830          -0.01123
   1    100         -0.54827           0.14851          -0.02013
   2      0         -0.52943           0.14852          -0.00130
   3      0         -0.52814           0.14867           0.00000
   4      0         -0.52742           0.14863           0.00072
   5      0         -0.52543           0.14884           0.00270
   5     60         -0.52570           0.14885           0.00243
   5     80         -0.52870           0.14895          -0.00057
   5    100         -0.53715           0.14914          -0.00902
 
  contribution from  3-th solvent component
   1      0        -10.90530           0.17333           0.00459
   1     60        -10.93307           0.17335          -0.02318
   1     80        -11.24444           0.17348          -0.33454
   1    100        -12.41639           0.17393          -1.50649
   2      0        -10.90399           0.17333           0.00591
   3      0        -10.90989           0.17331           0.00000
   4      0        -10.89446           0.17194           0.01544
   5      0        -10.89890           0.17282           0.01099
   5     60        -10.93771           0.17284          -0.02782
   5     80        -11.33127           0.17304          -0.42137
   5    100        -12.41031           0.17355          -1.50041
 
 
 group  inft   Estimated free energy: total (kcal/mol)
   1      0     -11.5426     -11.5906     -11.3727     -11.4344     -11.6364
                -11.1671     -11.1731     -11.4551     -11.5010     -11.4508
                -11.4399     -11.3011     -10.8400     -11.5030     -11.4487
                -11.3115     -11.6188     -11.4298     -11.4951     -11.3421
                -11.1434     -11.5463     -11.5280     -11.2274     -11.4136
   1     60     -11.5710     -11.6190     -11.4012     -11.4628     -11.6647
                -11.1955     -11.2014     -11.4835     -11.5295     -11.4790
                -11.4683     -11.3296     -10.8684     -11.5314     -11.4771
                -11.3399     -11.6472     -11.4582     -11.5235     -11.3706
                -11.1719     -11.5748     -11.5565     -11.2559     -11.4419
   1     80     -11.8878     -11.9357     -11.7184     -11.7796     -11.9814
                -11.5120     -11.5179     -11.8005     -11.8467     -11.7951
                -11.7862     -11.6465     -11.1843     -11.8481     -11.7937
                -11.6568     -11.9637     -11.7759     -11.8409     -11.6882
                -11.4896     -11.8927     -11.8753     -11.5742     -11.7580
   1    100     -13.0798     -13.1284     -12.9115     -12.9736     -13.1743
                -12.7044     -12.7090     -12.9940     -13.0401     -12.9860
                -12.9835     -12.8388     -12.3739     -13.0398     -12.9864
                -12.8497     -13.1553     -12.9721     -13.0355     -12.8845
                -12.6842     -13.0895     -13.0752     -12.7708     -12.9481
   2      0     -11.5313     -11.5664     -11.3576     -11.4193     -11.6357
                -11.1455     -11.1482     -11.4462     -11.4876     -11.4383
                -11.4160     -11.2884     -10.8363     -11.5005     -11.4370
                -11.2808     -11.6111     -11.3877     -11.4850     -11.3323
                -11.1318     -11.5436     -11.4903     -11.2103     -11.4012
   3      0     -11.5260     -11.5689     -11.3627     -11.4162     -11.6418
                -11.1406     -11.1436     -11.4447     -11.4872     -11.4454
                -11.4190     -11.2896     -10.8402     -11.5049     -11.4384
                -11.2831     -11.6165     -11.3906     -11.4810     -11.3359
                -11.1380     -11.5418     -11.4892     -11.2136     -11.4134
   4      0     -11.5096     -11.5421     -11.3612     -11.4037     -11.6306
                -11.1276     -11.1270     -11.4297     -11.4576     -11.4368
                -11.4001     -11.2627     -10.8204     -11.4791     -11.4251
                -11.2639     -11.6036     -11.3648     -11.4564     -11.3310
                -11.1089     -11.5207     -11.4751     -11.1985     -11.3957
   5      0     -11.5132     -11.5482     -11.3498     -11.4084     -11.6285
                -11.1157     -11.1327     -11.4358     -11.4662     -11.4305
                -11.4037     -11.2595     -10.8187     -11.4820     -11.4299
                -11.2606     -11.6028     -11.3719     -11.4653     -11.3293
                -11.1148     -11.5222     -11.4808     -11.2049     -11.3939
   5     60     -11.5528     -11.5877     -11.3894     -11.4479     -11.6680
                -11.1553     -11.1722     -11.4754     -11.5058     -11.4699
                -11.4433     -11.2991     -10.8583     -11.5215     -11.4694
                -11.3001     -11.6423     -11.4115     -11.5049     -11.3689
                -11.1546     -11.5619     -11.5205     -11.2446     -11.4334
   5     80     -11.9530     -11.9877     -11.7905     -11.8480     -12.0681
                -11.5549     -11.5721     -11.8763     -11.9065     -11.8696
                -11.8454     -11.6996     -11.2578     -11.9219     -11.8694
                -11.7004     -12.0423     -11.8128     -11.9060     -11.7707
                -11.5560     -11.9638     -11.9232     -11.6467     -11.8329
   5    100     -13.0505     -13.0852     -12.8900     -12.9467     -13.1667
                -12.6520     -12.6693     -12.9765     -13.0051     -12.9671
                -12.9488     -12.7980     -12.3551     -13.0199     -12.9672
                -12.7987     -13.1397     -12.9143     -13.0062     -12.8738
                -12.6567     -13.0663     -13.0274     -12.7486     -12.9288
 
 group  inft   Estimated free energy: 1-th solvent contribution (kcal/mol)
   1      0      -0.6451       0.8277      -0.0265      -0.1485      -0.2331
                 -0.2529       0.4550       0.1320       0.1356      -0.4019
                  0.5592      -0.0673       0.5698       0.2204       0.1184
                  0.2332      -0.4581       0.5115      -0.1296       0.1852
                  0.6172       0.3131       0.1155      -0.2392      -0.2822
   1     60      -0.6454       0.8274      -0.0268      -0.1488      -0.2334
                 -0.2532       0.4548       0.1317       0.1353      -0.4022
                  0.5589      -0.0676       0.5695       0.2201       0.1181
                  0.2328      -0.4584       0.5112      -0.1299       0.1849
                  0.6169       0.3128       0.1152      -0.2395      -0.2825
   1     80      -0.6490       0.8239      -0.0302      -0.1522      -0.2368
                 -0.2567       0.4514       0.1282       0.1318      -0.4056
                  0.5555      -0.0711       0.5663       0.2168       0.1148
                  0.2295      -0.4618       0.5077      -0.1333       0.1815
                  0.6137       0.3094       0.1119      -0.2430      -0.2860
   1    100      -0.6623       0.8110      -0.0431      -0.1650      -0.2495
                 -0.2694       0.4387       0.1150       0.1187      -0.4180
                  0.5426      -0.0843       0.5549       0.2043       0.1024
                  0.2168      -0.4747       0.4948      -0.1463       0.1687
                  0.6021       0.2967       0.0996      -0.2561      -0.2990
   2      0      -0.6370       0.8338      -0.0228      -0.1437      -0.2289
                 -0.2380       0.4641       0.1443       0.1407      -0.3945
                  0.5686      -0.0576       0.5632       0.2253       0.1180
                  0.2478      -0.4495       0.5192      -0.1248       0.1937
                  0.6206       0.3103       0.1230      -0.2272      -0.2706
   3      0      -0.6333       0.8306      -0.0199      -0.1370      -0.2299
                 -0.2331       0.4678       0.1459       0.1443      -0.3934
                  0.5728      -0.0576       0.5626       0.2278       0.1227
                  0.2508      -0.4467       0.5227      -0.1206       0.1998
                  0.6246       0.3144       0.1239      -0.2209      -0.2694
   4      0      -0.6342       0.8321      -0.0181      -0.1363      -0.2279
                 -0.2299       0.4709       0.1460       0.1446      -0.3881
                  0.5740      -0.0532       0.5550       0.2316       0.1217
                  0.2570      -0.4447       0.5232      -0.1146       0.2002
                  0.6257       0.3150       0.1226      -0.2198      -0.2670
   5      0      -0.6339       0.8318      -0.0154      -0.1344      -0.2279
                 -0.2287       0.4728       0.1475       0.1498      -0.3880
                  0.5757      -0.0526       0.5590       0.2326       0.1256
                  0.2541      -0.4460       0.5261      -0.1184       0.2018
                  0.6253       0.3165       0.1225      -0.2186      -0.2671
   5     60      -0.6345       0.8312      -0.0159      -0.1349      -0.2284
                 -0.2292       0.4723       0.1470       0.1493      -0.3885
                  0.5752      -0.0531       0.5584       0.2321       0.1251
                  0.2536      -0.4465       0.5256      -0.1189       0.2013
                  0.6247       0.3160       0.1221      -0.2191      -0.2676
   5     80      -0.6387       0.8271      -0.0201      -0.1391      -0.2325
                 -0.2332       0.4683       0.1428       0.1450      -0.3926
                  0.5711      -0.0573       0.5547       0.2280       0.1210
                  0.2495      -0.4506       0.5213      -0.1231       0.1971
                  0.6210       0.3117       0.1181      -0.2233      -0.2718
   5    100      -0.6510       0.8151      -0.0322      -0.1509      -0.2443
                 -0.2449       0.4568       0.1307       0.1329      -0.4041
                  0.5592      -0.0694       0.5435       0.2163       0.1093
                  0.2379      -0.4625       0.5092      -0.1349       0.1852
                  0.6100       0.2995       0.1066      -0.2351      -0.2837
 
 group  inft   Estimated free energy: 2-th solvent contribution (kcal/mol)
   1      0      -0.0948      -0.9517      -0.7734      -0.7255      -1.1948
                 -0.5250      -0.7243      -0.5565      -0.6867      -0.3575
                 -0.4501      -0.1344       0.4127      -0.3626      -0.9965
                 -0.9639      -0.9781      -0.8124      -0.2196      -0.3263
                 -0.7769      -0.4428      -0.1217      -0.1325      -0.5233
   1     60      -0.0951      -0.9521      -0.7737      -0.7258      -1.1952
                 -0.5253      -0.7246      -0.5568      -0.6871      -0.3578
                 -0.4504      -0.1348       0.4123      -0.3629      -0.9969
                 -0.9642      -0.9784      -0.8127      -0.2199      -0.3266
                 -0.7773      -0.4431      -0.1220      -0.1328      -0.5236
   1     80      -0.0969      -0.9546      -0.7762      -0.7279      -1.1977
                 -0.5272      -0.7272      -0.5589      -0.6895      -0.3603
                 -0.4527      -0.1364       0.4107      -0.3651      -0.9994
                 -0.9668      -0.9808      -0.8153      -0.2224      -0.3285
                 -0.7798      -0.4456      -0.1246      -0.1351      -0.5259
   1    100      -0.1047      -0.9644      -0.7856      -0.7365      -1.2071
                 -0.5351      -0.7371      -0.5674      -0.6988      -0.3699
                 -0.4619      -0.1430       0.4038      -0.3737      -1.0086
                 -0.9765      -0.9898      -0.8249      -0.2319      -0.3362
                 -0.7892      -0.4551      -0.1345      -0.1440      -0.5348
   2      0      -0.0913      -0.9422      -0.7656      -0.7230      -1.1916
                 -0.5199      -0.7086      -0.5554      -0.6793      -0.3489
                 -0.4339      -0.1220       0.4256      -0.3677      -0.9894
                 -0.9546      -0.9811      -0.7891      -0.2121      -0.3188
                 -0.7668      -0.4379      -0.1036      -0.1314      -0.5272
   3      0      -0.0868      -0.9385      -0.7599      -0.7252      -1.1911
                 -0.5157      -0.7021      -0.5534      -0.6801      -0.3498
                 -0.4318      -0.1234       0.4300      -0.3682      -0.9912
                 -0.9520      -0.9824      -0.7871      -0.2097      -0.3217
                 -0.7651      -0.4349      -0.0977      -0.1333      -0.5323
   4      0      -0.0842      -0.9337      -0.7609      -0.7307      -1.1895
                 -0.5183      -0.7027      -0.5544      -0.6752      -0.3513
                 -0.4294      -0.1193       0.4319      -0.3667      -0.9949
                 -0.9537      -0.9803      -0.7808      -0.2080      -0.3285
                 -0.7566      -0.4339      -0.0981      -0.1346      -0.5317
   5      0      -0.0841      -0.9360      -0.7576      -0.7277      -1.1897
                 -0.5128      -0.7015      -0.5519      -0.6734      -0.3493
                 -0.4331      -0.1158       0.4377      -0.3688      -0.9903
                 -0.9487      -0.9802      -0.7784      -0.2067      -0.3192
                 -0.7570      -0.4333      -0.0957      -0.1336      -0.5286
   5     60      -0.0844      -0.9362      -0.7579      -0.7279      -1.1900
                 -0.5131      -0.7018      -0.5522      -0.6737      -0.3496
                 -0.4334      -0.1160       0.4375      -0.3691      -0.9906
                 -0.9490      -0.9804      -0.7787      -0.2070      -0.3194
                 -0.7573      -0.4335      -0.0959      -0.1339      -0.5289
   5     80      -0.0868      -0.9395      -0.7611      -0.7308      -1.1933
                 -0.5156      -0.7051      -0.5550      -0.6769      -0.3529
                 -0.4364      -0.1180       0.4353      -0.3721      -0.9939
                 -0.9523      -0.9836      -0.7820      -0.2102      -0.3218
                 -0.7605      -0.4368      -0.0992      -0.1370      -0.5319
   5    100      -0.0942      -0.9485      -0.7700      -0.7392      -1.2022
                 -0.5231      -0.7145      -0.5633      -0.6855      -0.3620
                 -0.4452      -0.1242       0.4286      -0.3805      -1.0026
                 -0.9617      -0.9924      -0.7910      -0.2190      -0.3291
                 -0.7692      -0.4457      -0.1084      -0.1457      -0.5405
 
 group  inft   Estimated free energy: 3-th solvent contribution (kcal/mol)
   1      0     -10.7639     -11.4277     -10.5341     -10.5216     -10.1697
                -10.3503     -10.8650     -10.9918     -10.9111     -10.6525
                -11.5102     -11.0605     -11.7836     -11.3220     -10.5317
                -10.5419     -10.1438     -11.0901     -11.1071     -11.1623
                -10.9449     -11.3778     -11.4829     -10.8169     -10.5693
   1     60     -10.7917     -11.4555     -10.5618     -10.5494     -10.1974
                -10.3781     -10.8927     -11.0195     -10.9388     -10.6802
                -11.5380     -11.0883     -11.8114     -11.3497     -10.5594
                -10.5696     -10.1715     -11.1179     -11.1349     -11.1901
                -10.9728     -11.4056     -11.5108     -10.8448     -10.5969
   1     80     -11.1031     -11.7662     -10.8732     -10.8606     -10.5081
                -10.6893     -11.2032     -11.3309     -11.2501     -10.9905
                -11.8502     -11.4001     -12.1225     -11.6609     -10.8703
                -10.8806     -10.4822     -11.4294     -11.4464     -11.5024
                -11.2848     -11.7176     -11.8237     -11.1573     -10.9073
   1    100     -12.2740     -12.9363     -12.0439     -12.0334     -11.6788
                -11.8611     -12.3718     -12.5028     -12.4211     -12.1593
                -13.0254     -12.5727     -13.2937     -12.8316     -12.0414
                -12.0512     -11.6520     -12.6031     -12.6186     -12.6781
                -12.4582     -12.8923     -13.0015     -12.3319     -12.0755
   2      0     -10.7641     -11.4193     -10.5303     -10.5138     -10.1763
                -10.3488     -10.8648     -10.9964     -10.9101     -10.6560
                -11.5118     -11.0699     -11.7863     -11.3193     -10.5269
                -10.5352     -10.1417     -11.0790     -11.1093     -11.1683
                -10.9467     -11.3771     -11.4708     -10.8129     -10.5645
   3      0     -10.7671     -11.4222     -10.5441     -10.5151     -10.1819
                -10.3530     -10.8705     -10.9984     -10.9126     -10.6633
                -11.5212     -11.0698     -11.7940     -11.3257     -10.5311
                -10.5431     -10.1487     -11.0874     -11.1119     -11.1752
                -10.9587     -11.3825     -11.4766     -10.8205     -10.5729
   4      0     -10.7524     -11.4017     -10.5433     -10.4978     -10.1744
                -10.3406     -10.8564     -10.9825     -10.8882     -10.6586
                -11.5058     -11.0514     -11.7684     -11.3051     -10.5131
                -10.5284     -10.1397     -11.0684     -11.0949     -11.1638
                -10.9392     -11.3630     -11.4609     -10.8053     -10.5582
   5      0     -10.7563     -11.4052     -10.5379     -10.5075     -10.1721
                -10.3354     -10.8652     -10.9926     -10.9038     -10.6543
                -11.5075     -11.0523     -11.7765     -11.3069     -10.5264
                -10.5271     -10.1378     -11.0807     -11.1013     -11.1730
                -10.9442     -11.3666     -11.4688     -10.8138     -10.5594
   5     60     -10.7951     -11.4439     -10.5768     -10.5463     -10.2108
                -10.3742     -10.9039     -11.0314     -10.9426     -10.6929
                -11.5464     -11.0912     -11.8154     -11.3457     -10.5650
                -10.5659     -10.1765     -11.1196     -11.1402     -11.2120
                -10.9831     -11.4055     -11.5078     -10.8527     -10.5981
   5     80     -11.1886     -11.8364     -10.9705     -10.9393     -10.6035
                -10.7673     -11.2964     -11.4252     -11.3358     -11.0853
                -11.9412     -11.4855     -12.2090     -11.7390     -10.9577
                -10.9588     -10.5692     -11.5133     -11.5340     -11.6071
                -11.3777     -11.7999     -11.9032     -11.2476     -10.9904
   5    100     -12.2665     -12.9129     -12.0489     -12.0178     -11.6814
                -11.8452     -12.3728     -12.5052     -12.4137     -12.1622
                -13.0240     -12.5655     -13.2883     -12.8168     -12.0351
                -12.0360     -11.6459     -12.5936     -12.6135     -12.6911
                -12.4587     -12.8812     -12.9867     -12.3289     -12.0658
 
 
 cumulative average & 95% error for solvation free energy
              total             1st component         2nd component         3rd component
  1   -11.5260     0.0000    -0.6333     0.0000    -0.0868     0.0000   -10.7671     0.0000
  2   -11.5475     0.0429     0.0986     1.4639    -0.5126     0.8516   -11.0946     0.6551
  3   -11.4859     0.1256     0.0591     0.8489    -0.5950     0.5186   -10.9111     0.5270
  4   -11.4684     0.0954     0.0101     0.6082    -0.6276     0.3724   -10.8121     0.4220
  5   -11.5031     0.1014    -0.0379     0.4808    -0.7403     0.3661   -10.6861     0.4128
  6   -11.4427     0.1465    -0.0704     0.3979    -0.7029     0.3082   -10.6306     0.3549
  7   -11.4000     0.1504     0.0065     0.3698    -0.7028     0.2604   -10.6648     0.3077
  8   -11.4056     0.1307     0.0239     0.3222    -0.6841     0.2286   -10.7065     0.2792
  9   -11.4146     0.1167     0.0373     0.2854    -0.6837     0.2016   -10.7294     0.2504
 10   -11.4177     0.1046    -0.0058     0.2694    -0.6503     0.1923   -10.7228     0.2244
 11   -11.4178     0.0946     0.0468     0.2654    -0.6304     0.1784   -10.7954     0.2495
 12   -11.4071     0.0890     0.0381     0.2429    -0.5882     0.1835   -10.8183     0.2323
 13   -11.3635     0.1196     0.0784     0.2376    -0.5098     0.2303   -10.8933     0.2612
 14   -11.3736     0.1126     0.0891     0.2210    -0.4997     0.2142   -10.9242     0.2496
 15   -11.3780     0.1051     0.0913     0.2058    -0.5325     0.2099   -10.8980     0.2382
 16   -11.3720     0.0991     0.1013     0.1935    -0.5587     0.2032   -10.8758     0.2272
 17   -11.3864     0.0974     0.0691     0.1929    -0.5836     0.1973   -10.8330     0.2299
 18   -11.3866     0.0918     0.0943     0.1887    -0.5949     0.1874   -10.8472     0.2186
 19   -11.3916     0.0874     0.0830     0.1799    -0.5747     0.1818   -10.8611     0.2086
 20   -11.3888     0.0831     0.0888     0.1711    -0.5620     0.1743   -10.8768     0.2004
 21   -11.3769     0.0826     0.1143     0.1705    -0.5717     0.1669   -10.8807     0.1908
 22   -11.3844     0.0802     0.1234     0.1636    -0.5655     0.1596   -10.9035     0.1875
 23   -11.3889     0.0771     0.1234     0.1563    -0.5451     0.1579   -10.9284     0.1860
 24   -11.3816     0.0753     0.1091     0.1524    -0.5280     0.1550   -10.9239     0.1783
 25   -11.3829     0.0723     0.0940     0.1493    -0.5281     0.1487   -10.9099     0.1733
