Lmod has detected the following error: These module(s) exist but cannot be
loaded as requested: "hwloc/1.11.11"
   Try: "module spider hwloc/1.11.11" to see how to load the module(s).



Lmod has detected the following error: These module(s) exist but cannot be
loaded as requested: "hwloc/1.11.11"
   Try: "module spider hwloc/1.11.11" to see how to load the module(s).



 ERmod 0.3.7, Copyright (C) 2000-2019 Nobuyuki Matubayasi
                            2010-2019 Shun Sakuraba
 ERmod comes with ABSOLUTELY NO WARRANTY.
 This is free software, and you can redistribute it
 and/or modify it under certain conditions.
 See LICENSE file for details.
Opening: "/home/hervoe/snic2020-6-15/hervoe/temp/Simulations/KCl/1.00/trajectory_sol_full.xtc"...
  Trying plugin "Gromacs XTC Compressed Trajectory"...OK
 ERmod 0.3.7, Copyright (C) 2000-2019 Nobuyuki Matubayasi
                            2010-2019 Shun Sakuraba
 ERmod comes with ABSOLUTELY NO WARRANTY.
 This is free software, and you can redistribute it
 and/or modify it under certain conditions.
 See LICENSE file for details.
Opening: "/home/hervoe/snic2020-6-15/hervoe/temp/Simulations/KCl/1.00/trajectory_ref_full.xtc"...
  Trying plugin "Gromacs XTC Compressed Trajectory"...OK
Opening: "/home/hervoe/snic2020-6-15/hervoe/temp/Simulations/Solute_new/trajectory_solute.xtc"...
  Trying plugin "Gromacs XTC Compressed Trajectory"...OK
Opening: "/home/hervoe/snic2020-6-15/hervoe/temp/Simulations/Solute_new/trajectory_solute.xtc"...
  Trying plugin "Gromacs XTC Compressed Trajectory"...OK
Opening: "/home/hervoe/snic2020-6-15/hervoe/temp/Simulations/Solute_new/trajectory_solute.xtc"...
  Trying plugin "Gromacs XTC Compressed Trajectory"...OK
Opening: "/home/hervoe/snic2020-6-15/hervoe/temp/Simulations/Solute_new/trajectory_solute.xtc"...
  Trying plugin "Gromacs XTC Compressed Trajectory"...OK
Opening: "/home/hervoe/snic2020-6-15/hervoe/temp/Simulations/Solute_new/trajectory_solute.xtc"...
  Trying plugin "Gromacs XTC Compressed Trajectory"...OK
Opening: "/home/hervoe/snic2020-6-15/hervoe/temp/Simulations/Solute_new/trajectory_solute.xtc"...
  Trying plugin "Gromacs XTC Compressed Trajectory"...OK
Opening: "/home/hervoe/snic2020-6-15/hervoe/temp/Simulations/Solute_new/trajectory_solute.xtc"...
  Trying plugin "Gromacs XTC Compressed Trajectory"...OK
Opening: "/home/hervoe/snic2020-6-15/hervoe/temp/Simulations/Solute_new/trajectory_solute.xtc"...
  Trying plugin "Gromacs XTC Compressed Trajectory"...OK
Opening: "/home/hervoe/snic2020-6-15/hervoe/temp/Simulations/Solute_new/trajectory_solute.xtc"...
  Trying plugin "Gromacs XTC Compressed Trajectory"...OK
Opening: "/home/hervoe/snic2020-6-15/hervoe/temp/Simulations/Solute_new/trajectory_solute.xtc"...
  Trying plugin "Gromacs XTC Compressed Trajectory"...OK
 
  Number of the   1-th solvent  =           18
  Number of the   2-th solvent  =           18
  Number of the   3-th solvent  =         1000
 
  Be sure that the solvent distribution is homogeneous (radial distribution function is essentially unity) when the solvent molecule is separated beyond distance of   10.0 Angstrom in any direction from any atom within the solute molecule
 
  LJ long-range correction    =        -0.0339     -0.0147     -0.8743
 
  Self-energy of the solute   =        -0.0160  kcal/mol
 
 
 cumulative average & 95% error for solvation energy
              total             1st component         2nd component         3rd component
  1   -59.7488               -0.2531               -3.9497              -55.5300
  2   -59.6534     0.1908    -0.3457     0.1852    -4.1014     0.3035   -55.1903     0.6794
  3   -59.5482     0.2375    -0.1987     0.3128    -3.7614     0.7022   -55.5721     0.8585
  4   -59.5149     0.1807    -0.3691     0.4063    -4.0246     0.7236   -55.1051     1.1139
  5   -59.5633     0.1702    -0.3502     0.3170    -3.6300     0.9681   -55.5671     1.2641
  6   -59.5657     0.1390    -0.0999     0.5636    -3.9090     0.9676   -55.5408     1.0335
  7   -59.5602     0.1180    -0.0185     0.5034    -3.7016     0.9170   -55.8241     1.0412
  8   -59.5674     0.1032     0.1720     0.5789    -3.6900     0.7945   -56.0334     0.9941
  9   -59.5498     0.0976     0.2018     0.5140    -3.7372     0.7070   -55.9984     0.8795
 10   -59.5512     0.0873     0.2293     0.4630    -3.7288     0.6326   -56.0357     0.7902
 11   -59.5471     0.0794     0.2801     0.4309    -3.6795     0.5806   -56.1316     0.7400
 12   -59.5531     0.0735     0.2841     0.3935    -3.6533     0.5326   -56.1678     0.6794
 13   -59.5528     0.0676     0.1283     0.4775    -3.4984     0.5797   -56.1668     0.6250
 14   -59.5504     0.0628     0.1121     0.4433    -3.5620     0.5516   -56.0845     0.6016
 15   -59.5348     0.0662     0.0920     0.4146    -3.5415     0.5151   -56.0693     0.5609
 16   -59.5321     0.0622     0.2253     0.4706    -3.8025     0.7104   -55.9389     0.5859
 17   -59.5439     0.0630     0.2443     0.4437    -3.7563     0.6737   -56.0159     0.5716
 18   -59.5440     0.0594     0.2374     0.4186    -3.6665     0.6601   -56.0988     0.5638
 19   -59.5584     0.0632     0.2092     0.3999    -3.6899     0.6261   -56.0617     0.5384
 20   -59.5681     0.0630     0.1271     0.4134    -3.7174     0.5965   -55.9619     0.5484
 21   -59.5636     0.0606     0.0181     0.4496    -3.7288     0.5679   -55.8368     0.5785
 22   -59.5597     0.0583     0.0771     0.4446    -3.7519     0.5434   -55.8690     0.5553
 23   -59.5655     0.0569     0.0994     0.4272    -3.7557     0.5193   -55.8932     0.5328
 24   -59.5753     0.0579     0.1262     0.4125    -3.6909     0.5138   -55.9946     0.5490
 25   -59.5765     0.0556     0.0845     0.4043    -3.6361     0.5049   -56.0089     0.5273
 
 
 group  inft  solvation free energy     error          difference
  total solvation free energy
   1      0        -15.86662           0.08552           0.00656
   1     60        -15.89889           0.08550          -0.02571
   1     80        -16.23232           0.08537          -0.35914
   1    100        -17.66220           0.42197          -1.78901
   2      0        -15.86523           0.08523           0.00795
   3      0        -15.87318           0.08522          -0.00000
   4      0        -15.86065           0.08589           0.01253
   5      0        -15.85874           0.08597           0.01444
   5     60        -15.90323           0.08595          -0.03005
   5     80        -16.32259           0.08580          -0.44941
   5    100        -17.43229           0.08530          -1.55911
 
  contribution from  1-th solvent component
   1      0          0.89298           0.17979          -0.00547
   1     60          0.89236           0.17979          -0.00609
   1     80          0.88579           0.17982          -0.01266
   1    100          0.84882           0.18013          -0.04963
   2      0          0.89634           0.17857          -0.00211
   3      0          0.89845           0.17807           0.00000
   4      0          0.89976           0.17772           0.00131
   5      0          0.89985           0.17773           0.00140
   5     60          0.89896           0.17773           0.00051
   5     80          0.89080           0.17776          -0.00766
   5    100          0.86918           0.17784          -0.02927
 
  contribution from  2-th solvent component
   1      0         -2.35531           0.25599          -0.00175
   1     60         -2.35540           0.25598          -0.00184
   1     80         -2.35821           0.25602          -0.00464
   1    100         -2.37974           0.25556          -0.02617
   2      0         -2.35662           0.25426          -0.00306
   3      0         -2.35356           0.25373          -0.00000
   4      0         -2.35372           0.25322          -0.00016
   5      0         -2.35228           0.25335           0.00128
   5     60         -2.35249           0.25335           0.00108
   5     80         -2.35623           0.25338          -0.00266
   5    100         -2.36880           0.25343          -0.01523
 
  contribution from  3-th solvent component
   1      0        -14.38828           0.25514           0.01378
   1     60        -14.41985           0.25519          -0.01778
   1     80        -14.74390           0.25557          -0.34184
   1    100        -16.11528           0.47661          -1.71321
   2      0        -14.38895           0.25482           0.01312
   3      0        -14.40207           0.25431           0.00000
   4      0        -14.39069           0.25306           0.01138
   5      0        -14.39031           0.25387           0.01176
   5     60        -14.43370           0.25394          -0.03163
   5     80        -14.84116           0.25438          -0.43909
   5    100        -15.91667           0.25540          -1.51460
 
 
 group  inft   Estimated free energy: total (kcal/mol)
   1      0     -15.7703     -15.6926     -15.5894     -16.1152     -15.9517
                -15.9654     -15.7280     -16.0540     -15.8057     -15.6526
                -15.7452     -15.7615     -15.7604     -16.0317     -15.4729
                -16.3993     -15.6706     -15.7173     -16.1226     -16.1555
                -16.0601     -15.7253     -16.0237     -15.8825     -15.8121
   1     60     -15.8027     -15.7248     -15.6216     -16.1470     -15.9843
                -15.9978     -15.7605     -16.0863     -15.8381     -15.6851
                -15.7775     -15.7941     -15.7922     -16.0636     -15.5050
                -16.4317     -15.7029     -15.7496     -16.1548     -16.1875
                -16.0920     -15.7578     -16.0561     -15.9150     -15.8447
   1     80     -16.1377     -16.0580     -15.9550     -16.4779     -16.3192
                -16.3310     -16.0944     -16.4201     -16.1722     -16.0188
                -16.1116     -16.1289     -16.1232     -16.3952     -15.8372
                -16.7643     -16.0370     -16.0831     -16.4882     -16.5205
                -16.4231     -16.0918     -16.3904     -16.2494     -16.1797
   1    100     -17.3492     -17.2634     -17.1641     -17.6772     -17.5276
                -17.5346     -17.3005     -17.6260     -17.3786     -17.2245
                -17.3206     -17.3371     -17.3242     -17.5980     -22.6384
                -17.9641     -17.2472     -17.2896     -17.6955     -17.7260
                -17.6231     -17.2976     -17.5983     -17.4590     -17.3905
   2      0     -15.7606     -15.6846     -15.5841     -16.1204     -15.9723
                -15.9601     -15.7325     -16.0598     -15.8056     -15.6483
                -15.7304     -15.7600     -15.7632     -16.0123     -15.4509
                -16.3929     -15.6938     -15.7430     -16.1152     -16.1537
                -16.0418     -15.7259     -16.0056     -15.8984     -15.8153
   3      0     -15.7656     -15.6831     -15.5915     -16.1220     -15.9936
                -15.9698     -15.7367     -16.0642     -15.8109     -15.6501
                -15.7333     -15.7716     -15.7716     -16.0203     -15.4603
                -16.4036     -15.7132     -15.7522     -16.1284     -16.1575
                -16.0511     -15.7482     -16.0028     -15.9071     -15.8207
   4      0     -15.7657     -15.6628     -15.5804     -16.1243     -15.9845
                -15.9637     -15.7245     -16.0460     -15.8007     -15.6360
                -15.7244     -15.7551     -15.7568     -16.0027     -15.4321
                -16.3818     -15.7089     -15.7417     -16.1190     -16.1583
                -16.0400     -15.7350     -15.9888     -15.8850     -15.7982
   5      0     -15.7574     -15.6512     -15.5780     -16.1178     -15.9864
                -15.9640     -15.7224     -16.0445     -15.7921     -15.6345
                -15.7255     -15.7551     -15.7548     -16.0111     -15.4308
                -16.3798     -15.7093     -15.7373     -16.1185     -16.1434
                -16.0420     -15.7312     -15.9933     -15.8835     -15.8045
   5     60     -15.8021     -15.6956     -15.6224     -16.1617     -16.0312
                -16.0086     -15.7671     -16.0891     -15.8368     -15.6792
                -15.7701     -15.8000     -15.7987     -16.0550     -15.4751
                -16.4244     -15.7539     -15.7819     -16.1629     -16.1876
                -16.0861     -15.7759     -16.0379     -15.9282     -15.8493
   5     80     -16.2234     -16.1146     -16.0420     -16.5781     -16.4525
                -16.4275     -16.1868     -16.5091     -16.2569     -16.0989
                -16.1901     -16.2211     -16.2148     -16.4720     -15.8929
                -16.8426     -16.1747     -16.2015     -16.5824     -16.6062
                -16.5027     -16.1959     -16.4582     -16.3491     -16.2708
   5    100     -17.3381     -17.2234     -17.1549     -17.6820     -17.5653
                -17.5347     -17.2961     -17.6194     -17.3670     -17.2082
                -17.3018     -17.3334     -17.3195     -17.5781     -16.9996
                -17.9462     -17.2897     -17.3121     -17.6933     -17.7151
                -17.6066     -17.3054     -17.5695     -17.4625     -17.3853
 
 group  inft   Estimated free energy: 1-th solvent contribution (kcal/mol)
   1      0       0.8030       0.8067       1.0181       0.3617       0.7148
                  1.2794       1.2026       1.3498       0.9854       1.1967
                  1.3881       1.0333       0.1909       0.6266       1.0450
                  1.2669       1.2162       0.9555       0.6381       0.0795
                 -0.2896       1.5537       1.0461       1.2894       0.5665
   1     60       0.8024       0.8061       1.0175       0.3611       0.7141
                  1.2787       1.2020       1.3492       0.9847       1.1961
                  1.3875       1.0327       0.1903       0.6260       1.0444
                  1.2663       1.2155       0.9549       0.6375       0.0789
                 -0.2902       1.5531       1.0455       1.2887       0.5659
   1     80       0.7959       0.7996       1.0113       0.3544       0.7073
                  1.2721       1.1956       1.3425       0.9781       1.1896
                  1.3812       1.0262       0.1835       0.6192       1.0377
                  1.2597       1.2091       0.9483       0.6308       0.0721
                 -0.2969       1.5468       1.0389       1.2823       0.5596
   1    100       0.7729       0.7765       0.9891       0.3309       0.6833
                  1.2488       1.1729       1.3190       0.9545       1.1666
                  1.3590       1.0031       0.1596       0.5950       0.6702
                  1.2365       1.1864       0.9247       0.6073       0.0480
                 -0.3205       1.5244       1.0155       1.2597       0.5372
   2      0       0.8022       0.8141       1.0196       0.3702       0.7156
                  1.2829       1.2020       1.3479       0.9878       1.1951
                  1.3884       1.0416       0.1985       0.6352       1.0572
                  1.2717       1.2164       0.9511       0.6446       0.0861
                 -0.2822       1.5456       1.0570       1.2830       0.5768
   3      0       0.8081       0.8190       1.0186       0.3777       0.7150
                  1.2838       1.2033       1.3495       0.9911       1.1994
                  1.3898       1.0390       0.2033       0.6421       1.0622
                  1.2721       1.2161       0.9487       0.6503       0.0886
                 -0.2804       1.5413       1.0652       1.2815       0.5760
   4      0       0.8009       0.8220       1.0169       0.3770       0.7164
                  1.2808       1.2060       1.3547       0.9917       1.2010
                  1.3884       1.0463       0.2081       0.6433       1.0662
                  1.2755       1.2150       0.9485       0.6513       0.0893
                 -0.2743       1.5417       1.0642       1.2801       0.5828
   5      0       0.8028       0.8226       1.0194       0.3777       0.7191
                  1.2810       1.2058       1.3514       0.9929       1.1995
                  1.3864       1.0439       0.2113       0.6418       1.0664
                  1.2753       1.2157       0.9486       0.6493       0.0925
                 -0.2772       1.5452       1.0647       1.2817       0.5785
   5     60       0.8020       0.8217       1.0185       0.3768       0.7182
                  1.2801       1.2049       1.3505       0.9920       1.1986
                  1.3855       1.0430       0.2104       0.6409       1.0656
                  1.2744       1.2148       0.9477       0.6484       0.0916
                 -0.2781       1.5443       1.0638       1.2808       0.5777
   5     80       0.7938       0.8136       1.0107       0.3685       0.7098
                  1.2719       1.1970       1.3422       0.9837       1.1906
                  1.3776       1.0348       0.2020       0.6326       1.0574
                  1.2661       1.2068       0.9395       0.6401       0.0832
                 -0.2863       1.5364       1.0555       1.2726       0.5697
   5    100       0.7721       0.7922       0.9897       0.3467       0.6876
                  1.2502       1.1758       1.3203       0.9618       1.1692
                  1.3567       1.0132       0.1799       0.6107       1.0361
                  1.2446       1.1853       0.9175       0.6181       0.0610
                 -0.3081       1.5153       1.0338       1.2510       0.5485
 
 group  inft   Estimated free energy: 2-th solvent contribution (kcal/mol)
   1      0      -2.4049      -2.6580      -1.9690      -3.1365      -1.6175
                 -3.1810      -1.8220      -2.3142      -2.5629      -2.2778
                 -2.2009      -2.1633      -1.3707      -2.6811      -2.1419
                 -4.3724      -1.8439      -1.5252      -2.6250      -2.7383
                 -2.6496      -2.6560      -2.5066      -1.6396      -1.8245
   1     60      -2.4051      -2.6581      -1.9691      -3.1365      -1.6175
                 -3.1811      -1.8220      -2.3143      -2.5630      -2.2779
                 -2.2010      -2.1634      -1.3708      -2.6812      -2.1420
                 -4.3725      -1.8439      -1.5253      -2.6250      -2.7384
                 -2.6497      -2.6560      -2.5067      -1.6397      -1.8246
   1     80      -2.4081      -2.6611      -1.9721      -3.1391      -1.6197
                 -3.1838      -1.8247      -2.3171      -2.5659      -2.2808
                 -2.2038      -2.1664      -1.3734      -2.6842      -2.1449
                 -4.3754      -1.8463      -1.5277      -2.6278      -2.7412
                 -2.6529      -2.6587      -2.5099      -1.6425      -1.8275
   1    100      -2.4226      -2.6756      -1.9864      -3.1519      -1.6311
                 -3.1972      -1.8377      -2.3308      -2.5795      -2.2942
                 -2.2182      -2.1801      -1.3859      -2.6984      -2.3583
                 -4.3896      -1.8586      -1.5397      -2.6417      -2.7545
                 -2.6677      -2.6714      -2.5248      -1.6558      -1.8417
   2      0      -2.3906      -2.6575      -1.9641      -3.1426      -1.6382
                 -3.1806      -1.8236      -2.3174      -2.5636      -2.2731
                 -2.1909      -2.1683      -1.3816      -2.6712      -2.1342
                 -4.3738      -1.8620      -1.5468      -2.6254      -2.7398
                 -2.6344      -2.6500      -2.4992      -1.6518      -1.8348
   3      0      -2.3867      -2.6475      -1.9594      -3.1345      -1.6389
                 -3.1747      -1.8225      -2.3121      -2.5592      -2.2663
                 -2.1876      -2.1624      -1.3859      -2.6693      -2.1320
                 -4.3692      -1.8674      -1.5422      -2.6256      -2.7364
                 -2.6314      -2.6537      -2.4951      -1.6480      -1.8311
   4      0      -2.3847      -2.6420      -1.9574      -3.1367      -1.6503
                 -3.1767      -1.8218      -2.3137      -2.5612      -2.2659
                 -2.1902      -2.1649      -1.3904      -2.6679      -2.1277
                 -4.3672      -1.8686      -1.5467      -2.6216      -2.7336
                 -2.6317      -2.6484      -2.4975      -1.6468      -1.8294
   5      0      -2.3842      -2.6402      -1.9571      -3.1366      -1.6469
                 -3.1753      -1.8216      -2.3079      -2.5549      -2.2620
                 -2.1891      -2.1634      -1.3891      -2.6667      -2.1270
                 -4.3656      -1.8729      -1.5398      -2.6239      -2.7307
                 -2.6326      -2.6499      -2.4979      -1.6424      -1.8296
   5     60      -2.3845      -2.6404      -1.9573      -3.1367      -1.6471
                 -3.1754      -1.8218      -2.3081      -2.5551      -2.2622
                 -2.1892      -2.1636      -1.3893      -2.6669      -2.1272
                 -4.3657      -1.8731      -1.5400      -2.6241      -2.7309
                 -2.6329      -2.6501      -2.4981      -1.6426      -1.8298
   5     80      -2.3885      -2.6444      -1.9613      -3.1401      -1.6502
                 -3.1791      -1.8253      -2.3119      -2.5589      -2.2660
                 -2.1930      -2.1675      -1.3928      -2.6709      -2.1311
                 -4.3695      -1.8765      -1.5435      -2.6278      -2.7346
                 -2.6369      -2.6536      -2.5023      -1.6463      -1.8337
   5    100      -2.4018      -2.6578      -1.9749      -3.1518      -1.6612
                 -3.1915      -1.8373      -2.3247      -2.5716      -2.2784
                 -2.2061      -2.1803      -1.4045      -2.6838      -2.1439
                 -4.3824      -1.8885      -1.5554      -2.6404      -2.7468
                 -2.6499      -2.6651      -2.5161      -1.6590      -1.8469
 
 group  inft   Estimated free energy: 3-th solvent contribution (kcal/mol)
   1      0     -14.1524     -13.8253     -14.6225     -13.3244     -15.0330
                -14.0478     -15.0926     -15.0736     -14.2122     -14.5555
                -14.9163     -14.6155     -14.5646     -13.9613     -14.3600
                -13.2778     -15.0269     -15.1316     -14.1197     -13.4807
                -13.1049     -14.6069     -14.5473     -15.5163     -14.5382
   1     60     -14.1841     -13.8568     -14.6539     -13.3556     -15.0649
                -14.0795     -15.1244     -15.1052     -14.2439     -14.5872
                -14.9480     -14.6473     -14.5957     -13.9924     -14.3914
                -13.3095     -15.0585     -15.1632     -14.1512     -13.5120
                -13.1360     -14.6388     -14.5789     -15.5480     -14.5699
   1     80     -14.5094     -14.1804     -14.9781     -13.6772     -15.3908
                -14.4033     -15.4492     -15.4295     -14.5683     -14.9116
                -15.2730     -14.9727     -14.9173     -14.3142     -14.7141
                -13.6326     -15.3838     -15.4877     -14.4752     -13.8353
                -13.4574     -14.9639     -14.9034     -15.8733     -14.8957
   1    100     -15.6834     -15.3482     -16.1507     -14.8402     -16.5638
                -15.5702     -16.6196     -16.5982     -15.7376     -16.0808
                -16.4454     -16.1441     -16.0819     -15.4787     -20.9343
                -14.7951     -16.5590     -16.6585     -15.6452     -15.0035
                -14.6189     -16.1347     -16.0730     -17.0469     -16.0700
   2      0     -14.1562     -13.8252     -14.6237     -13.3320     -15.0337
                -14.0463     -15.0949     -15.0743     -14.2139     -14.5543
                -14.9119     -14.6173     -14.5641     -13.9602     -14.3579
                -13.2749     -15.0321     -15.1314     -14.1184     -13.4840
                -13.1092     -14.6055     -14.5474     -15.5136     -14.5413
   3      0     -14.1710     -13.8386     -14.6347     -13.3492     -15.0536
                -14.0629     -15.1015     -15.0856     -14.2268     -14.5673
                -14.9196     -14.6321     -14.5730     -13.9771     -14.3745
                -13.2905     -15.0459     -15.1427     -14.1371     -13.4938
                -13.1233     -14.6197     -14.5569     -15.5246     -14.5497
   4      0     -14.1658     -13.8267     -14.6240     -13.3486     -15.0346
                -14.0518     -15.0927     -15.0710     -14.2153     -14.5550
                -14.9066     -14.6205     -14.5586     -13.9622     -14.3545
                -13.2741     -15.0393     -15.1275     -14.1326     -13.4980
                -13.1179     -14.6124     -14.5394     -15.5023     -14.5356
   5      0     -14.1600     -13.8176     -14.6243     -13.3429     -15.0425
                -14.0537     -15.0906     -15.0721     -14.2141     -14.5561
                -14.9068     -14.6196     -14.5609     -13.9702     -14.3543
                -13.2736     -15.0361     -15.1301     -14.1279     -13.4891
                -13.1162     -14.6104     -14.5441     -15.5068     -14.5375
   5     60     -14.2036     -13.8609     -14.6676     -13.3858     -15.0864
                -14.0972     -15.1342     -15.1156     -14.2577     -14.5996
                -14.9504     -14.6634     -14.6037     -14.0130     -14.3974
                -13.3170     -15.0797     -15.1736     -14.1712     -13.5322
                -13.1591     -14.6542     -14.5875     -15.5504     -14.5812
   5     80     -14.6127     -14.2678     -15.0753     -13.7905     -15.4962
                -14.5043     -15.5425     -15.5234     -14.6656     -15.0074
                -15.3588     -15.0725     -15.0081     -14.4178     -14.8032
                -13.7232     -15.4889     -15.5814     -14.5787     -13.9387
                -13.5635     -15.0628     -14.9955     -15.9593     -14.9908
   5    100     -15.6924     -15.3419     -16.1538     -14.8609     -16.5758
                -15.5775     -16.6185     -16.5990     -15.7412     -16.0830
                -16.4364     -16.1503     -16.0789     -15.4890     -15.8758
                -14.7924     -16.5706     -16.6582     -15.6549     -15.0133
                -14.6327     -16.1396     -16.0713     -17.0386     -16.0710
 
 
 cumulative average & 95% error for solvation free energy
              total             1st component         2nd component         3rd component
  1   -15.7656     0.0000     0.8081     0.0000    -2.3867     0.0000   -14.1710     0.0000
  2   -15.7244     0.0825     0.8135     0.0109    -2.5171     0.2607   -14.0048     0.3323
  3   -15.6801     0.1006     0.8819     0.1368    -2.3312     0.4011   -14.2148     0.4617
  4   -15.7906     0.2321     0.7558     0.2700    -2.5320     0.4917   -13.9984     0.5421
  5   -15.8312     0.1973     0.7477     0.2098    -2.3534     0.5222   -14.2094     0.5954
  6   -15.8543     0.1676     0.8370     0.2476    -2.4903     0.5067   -14.1850     0.4886
  7   -15.8375     0.1456     0.8893     0.2339    -2.3949     0.4688   -14.3159     0.4890
  8   -15.8658     0.1382     0.9469     0.2330    -2.3845     0.4065   -14.4121     0.4651
  9   -15.8597     0.1225     0.9518     0.2057    -2.4040     0.3606   -14.3916     0.4123
 10   -15.8388     0.1173     0.9765     0.1905    -2.3902     0.3237   -14.4091     0.3704
 11   -15.8292     0.1078     1.0141     0.1880    -2.3718     0.2951   -14.4555     0.3477
 12   -15.8244     0.0989     1.0162     0.1717    -2.3543     0.2717   -14.4702     0.3187
 13   -15.8203     0.0913     0.9537     0.2014    -2.2798     0.2909   -14.4782     0.2936
 14   -15.8346     0.0893     0.9314     0.1917    -2.3076     0.2750   -14.4424     0.2811
 15   -15.8097     0.0969     0.9401     0.1794    -2.2959     0.2571   -14.4378     0.2619
 16   -15.8468     0.1172     0.9609     0.1728    -2.4255     0.3536   -14.3661     0.2838
 17   -15.8389     0.1112     0.9759     0.1651    -2.3927     0.3385   -14.4061     0.2784
 18   -15.8341     0.1053     0.9744     0.1557    -2.3454     0.3329   -14.4470     0.2749
 19   -15.8496     0.1043     0.9573     0.1512    -2.3602     0.3162   -14.4307     0.2621
 20   -15.8650     0.1036     0.9139     0.1677    -2.3790     0.3024   -14.3839     0.2657
 21   -15.8738     0.1001     0.8570     0.1959    -2.3910     0.2886   -14.3238     0.2798
 22   -15.8681     0.0962     0.8881     0.1969    -2.4030     0.2762   -14.3373     0.2681
 23   -15.8740     0.0926     0.8958     0.1887    -2.4070     0.2641   -14.3468     0.2569
 24   -15.8754     0.0887     0.9119     0.1835    -2.3753     0.2606   -14.3959     0.2648
 25   -15.8732     0.0852     0.8985     0.1781    -2.3536     0.2537   -14.4021     0.2543
