 ERmod 0.3.7, Copyright (C) 2000-2019 Nobuyuki Matubayasi
                            2010-2019 Shun Sakuraba
 ERmod comes with ABSOLUTELY NO WARRANTY.
 This is free software, and you can redistribute it
 and/or modify it under certain conditions.
 See LICENSE file for details.
Opening: "/home/hervoe/snic2020-6-15/hervoe/temp/Simulations/NaF/1.50/trajectory_sol_full.xtc"...
  Trying plugin "Gromacs XTC Compressed Trajectory"...OK
 ERmod 0.3.7, Copyright (C) 2000-2019 Nobuyuki Matubayasi
                            2010-2019 Shun Sakuraba
 ERmod comes with ABSOLUTELY NO WARRANTY.
 This is free software, and you can redistribute it
 and/or modify it under certain conditions.
 See LICENSE file for details.
Opening: "/home/hervoe/snic2020-6-15/hervoe/temp/Simulations/NaF/1.50/trajectory_ref_full.xtc"...
  Trying plugin "Gromacs XTC Compressed Trajectory"...OK
Opening: "/home/hervoe/snic2020-6-15/hervoe/temp/Simulations/Solute_new/trajectory_solute.xtc"...
  Trying plugin "Gromacs XTC Compressed Trajectory"...OK
Opening: "/home/hervoe/snic2020-6-15/hervoe/temp/Simulations/Solute_new/trajectory_solute.xtc"...
  Trying plugin "Gromacs XTC Compressed Trajectory"...OK
Opening: "/home/hervoe/snic2020-6-15/hervoe/temp/Simulations/Solute_new/trajectory_solute.xtc"...
  Trying plugin "Gromacs XTC Compressed Trajectory"...OK
Opening: "/home/hervoe/snic2020-6-15/hervoe/temp/Simulations/Solute_new/trajectory_solute.xtc"...
  Trying plugin "Gromacs XTC Compressed Trajectory"...OK
Opening: "/home/hervoe/snic2020-6-15/hervoe/temp/Simulations/Solute_new/trajectory_solute.xtc"...
  Trying plugin "Gromacs XTC Compressed Trajectory"...OK
Opening: "/home/hervoe/snic2020-6-15/hervoe/temp/Simulations/Solute_new/trajectory_solute.xtc"...
  Trying plugin "Gromacs XTC Compressed Trajectory"...OK
Opening: "/home/hervoe/snic2020-6-15/hervoe/temp/Simulations/Solute_new/trajectory_solute.xtc"...
  Trying plugin "Gromacs XTC Compressed Trajectory"...OK
Opening: "/home/hervoe/snic2020-6-15/hervoe/temp/Simulations/Solute_new/trajectory_solute.xtc"...
  Trying plugin "Gromacs XTC Compressed Trajectory"...OK
Opening: "/home/hervoe/snic2020-6-15/hervoe/temp/Simulations/Solute_new/trajectory_solute.xtc"...
  Trying plugin "Gromacs XTC Compressed Trajectory"...OK
Opening: "/home/hervoe/snic2020-6-15/hervoe/temp/Simulations/Solute_new/trajectory_solute.xtc"...
  Trying plugin "Gromacs XTC Compressed Trajectory"...OK
Opening: "/home/hervoe/snic2020-6-15/hervoe/temp/Simulations/Solute_new/trajectory_solute.xtc"...
  Trying plugin "Gromacs XTC Compressed Trajectory"...OK
Opening: "/home/hervoe/snic2020-6-15/hervoe/temp/Simulations/Solute_new/trajectory_solute.xtc"...
  Trying plugin "Gromacs XTC Compressed Trajectory"...OK
Opening: "/home/hervoe/snic2020-6-15/hervoe/temp/Simulations/Solute_new/trajectory_solute.xtc"...
  Trying plugin "Gromacs XTC Compressed Trajectory"...OK
Opening: "/home/hervoe/snic2020-6-15/hervoe/temp/Simulations/Solute_new/trajectory_solute.xtc"...
  Trying plugin "Gromacs XTC Compressed Trajectory"...OK
Opening: "/home/hervoe/snic2020-6-15/hervoe/temp/Simulations/Solute_new/trajectory_solute.xtc"...
  Trying plugin "Gromacs XTC Compressed Trajectory"...OK
 
  Number of the   1-th solvent  =           27
  Number of the   2-th solvent  =           27
  Number of the   3-th solvent  =         1000
 
  Be sure that the solvent distribution is homogeneous (radial distribution function is essentially unity) when the solvent molecule is separated beyond distance of   10.0 Angstrom in any direction from any atom within the solute molecule
 
  LJ long-range correction    =        -0.0252     -0.0108     -0.9180
 
  Self-energy of the solute   =        -0.0168  kcal/mol
 
 
 cumulative average & 95% error for solvation energy
              total             1st component         2nd component         3rd component
  1   -60.1260                2.4679               -7.7047              -54.8724
  2   -60.1050     0.0421     2.9923     1.0488    -6.3582     2.6930   -56.7223     3.6997
  3   -60.1768     0.1458     2.0340     2.0100    -4.9032     3.2994   -57.2909     2.4199
  4   -60.0994     0.1861     2.2455     1.4829    -4.4884     2.4761   -57.8397     2.0329
  5   -60.1197     0.1497     1.4760     1.9203    -3.9345     2.2150   -57.6444     1.6224
  6   -60.1719     0.1608     1.7144     1.6388    -4.4505     2.0822   -57.4190     1.3993
  7   -60.1812     0.1372     1.6622     1.3890    -5.2450     2.3710   -56.5816     2.0502
  8   -60.1864     0.1192     1.7216     1.2088    -4.9868     2.1173   -56.9043     1.8892
  9   -60.2280     0.1341     1.5600     1.1139    -4.7273     1.9381   -57.0439     1.6894
 10   -60.2279     0.1199     1.5065     1.0021    -4.5741     1.7603   -57.1434     1.5241
 11   -60.2278     0.1085     1.6281     0.9385    -4.6229     1.5952   -57.2162     1.3862
 12   -60.2176     0.1012     1.5051     0.8913    -4.4538     1.4950   -57.2520     1.2675
 13   -60.2272     0.0950     1.4393     0.8304    -4.4643     1.3754   -57.1854     1.1735
 14   -60.2214     0.0887     1.3628     0.7838    -4.2760     1.3279   -57.2915     1.1070
 15   -60.2351     0.0870     1.2826     0.7472    -4.2305     1.2395   -57.2703     1.0314
 16   -60.2217     0.0856     1.4340     0.7617    -4.4635     1.2496   -57.1754     0.9833
 17   -60.2141     0.0819     1.5929     0.7829    -4.4540     1.1740   -57.3362     0.9780
 18   -60.2055     0.0791     1.6914     0.7640    -4.5097     1.1124   -57.3703     0.9246
 19   -60.2055     0.0748     1.6530     0.7267    -4.7900     1.1923   -57.0517     1.0821
 20   -60.1940     0.0746     1.6023     0.6968    -4.6575     1.1617   -57.1220     1.0362
 21   -60.2140     0.0814     1.6038     0.6628    -5.2508     1.6214   -56.5502     1.5096
 22   -60.2172     0.0779     1.6885     0.6543    -5.2819     1.5472   -56.6070     1.4438
 23   -60.2364     0.0837     1.6984     0.6255    -5.3347     1.4821   -56.5832     1.3805
 24   -60.2379     0.0802     1.6850     0.5995    -5.2348     1.4330   -56.6713     1.3334
 25   -60.2295     0.0788     1.6815     0.5750    -5.1787     1.3791   -56.7155     1.2820
 
 
 group  inft  solvation free energy     error          difference
  total solvation free energy
   1      0        -15.15796           0.17868           0.03591
   1     60        -16.47149           1.79283          -1.27762
   1     80        -15.54260           0.17900          -0.34872
   1    100        -16.80240           0.18051          -1.60852
   2      0        -15.17432           0.17902           0.01955
   3      0        -15.19388           0.17969           0.00000
   4      0        -15.18376           0.18208           0.01012
   5      0        -15.18450           0.18147           0.00937
   5     60        -15.23245           0.18145          -0.03857
   5     80        -15.67324           0.18185          -0.47937
   5    100        -16.83417           0.18325          -1.64029
 
  contribution from  1-th solvent component
   1      0          1.98579           0.30979           0.00789
   1     60          1.97247           0.31500          -0.00543
   1     80          1.99154           0.30998           0.01365
   1    100          1.99263           0.31073           0.01474
   2      0          1.98063           0.31019           0.00274
   3      0          1.97789           0.31040           0.00000
   4      0          1.97894           0.31103           0.00105
   5      0          1.97768           0.31171          -0.00021
   5     60          1.97894           0.31170           0.00105
   5     80          1.98406           0.31197           0.00617
   5    100          1.98351           0.31270           0.00562
 
  contribution from  2-th solvent component
   1      0         -3.51106           0.69015           0.01472
   1     60         -3.51381           0.68944           0.01197
   1     80         -3.50606           0.69047           0.01972
   1    100         -3.50252           0.69129           0.02326
   2      0         -3.51959           0.68753           0.00619
   3      0         -3.52578           0.68663           0.00000
   4      0         -3.52822           0.68628          -0.00244
   5      0         -3.52862           0.68649          -0.00284
   5     60         -3.52734           0.68655          -0.00156
   5     80         -3.52338           0.68688           0.00241
   5    100         -3.52157           0.68756           0.00421
 
  contribution from  3-th solvent component
   1      0        -13.61586           0.69871           0.01330
   1     60        -14.91332           1.93191          -1.28416
   1     80        -14.01126           0.69875          -0.38210
   1    100        -15.27569           0.70119          -1.64653
   2      0        -13.61853           0.69849           0.01063
   3      0        -13.62916           0.69822           0.00000
   4      0        -13.61766           0.69816           0.01150
   5      0        -13.61673           0.69819           0.01243
   5     60        -13.66722           0.69811          -0.03806
   5     80        -14.11710           0.69834          -0.48794
   5    100        -15.27928           0.70069          -1.65012
 
 
 group  inft   Estimated free energy: total (kcal/mol)
   1      0     -14.7689     -14.7713     -15.2661     -14.2620     -15.3488
                -16.0829     -14.6450     -15.0206     -15.7391     -15.1166
                -15.1722     -15.0686     -15.2632     -15.1596     -16.0068
                -15.2821     -15.5545     -14.4085     -14.7636     -14.7313
                -15.3259     -15.2855     -15.7027     -15.1265     -15.0767
   1     60     -14.8038     -14.8050     -31.3561     -14.2963     -15.3833
                -16.1177     -14.6799     -15.0545     -15.7730     -15.1506
                -15.2064     -15.1020     -31.2238     -15.1934     -16.0410
                -15.3161     -15.5884     -14.4429     -14.7987     -14.7649
                -15.3612     -15.3198     -15.7373     -15.1604     -15.1106
   1     80     -15.1574     -15.1540     -15.6505     -14.6454     -15.7352
                -16.4719     -15.0311     -15.4032     -16.1238     -15.4989
                -15.5568     -15.4484     -15.6498     -15.5412     -16.3923
                -15.6673     -15.9372     -14.7933     -15.1509     -15.1121
                -15.7129     -15.6716     -16.0913     -15.5082     -15.4603
   1    100     -16.4186     -16.4131     -16.9160     -15.8992     -16.9967
                -17.7394     -16.2810     -16.6666     -17.3905     -16.7551
                -16.8165     -16.7038     -16.9149     -16.7990     -17.6583
                -16.9275     -17.1975     -16.0504     -16.3999     -16.3692
                -16.9591     -16.9361     -17.3627     -16.7640     -16.7250
   2      0     -14.7957     -14.7763     -15.2910     -14.2978     -15.3529
                -16.0964     -14.6332     -15.0191     -15.7531     -15.1303
                -15.2046     -15.0976     -15.2760     -15.1835     -16.0533
                -15.3179     -15.5870     -14.4346     -14.7900     -14.7343
                -15.3156     -15.3046     -15.6959     -15.1257     -15.0915
   3      0     -14.8174     -14.8044     -15.3190     -14.3064     -15.3702
                -16.1132     -14.6576     -15.0312     -15.7883     -15.1658
                -15.2334     -15.1274     -15.2885     -15.2000     -16.0567
                -15.3597     -15.6048     -14.4466     -14.7772     -14.7428
                -15.3372     -15.3208     -15.7099     -15.1572     -15.1112
   4      0     -14.7989     -14.7747     -15.2930     -14.2871     -15.3493
                -16.1098     -14.6360     -15.0266     -15.7850     -15.1333
                -15.2106     -15.1236     -15.2876     -15.2037     -16.0766
                -15.3494     -15.6013     -14.4296     -14.7697     -14.7466
                -15.3294     -15.3129     -15.7101     -15.1366     -15.1126
   5      0     -14.7984     -14.7838     -15.3082     -14.2779     -15.3643
                -16.1120     -14.6427     -15.0231     -15.7725     -15.1485
                -15.2221     -15.1229     -15.2808     -15.1944     -16.0599
                -15.3500     -15.5992     -14.4354     -14.7636     -14.7395
                -15.3389     -15.3155     -15.7032     -15.1377     -15.1183
   5     60     -14.8473     -14.8312     -15.3558     -14.3259     -15.4125
                -16.1606     -14.6915     -15.0706     -15.8199     -15.1960
                -15.2701     -15.1698     -15.3288     -15.2417     -16.1079
                -15.3977     -15.6466     -14.4836     -14.8127     -14.7866
                -15.3879     -15.3636     -15.7513     -15.1854     -15.1662
   5     80     -15.2918     -15.2709     -15.7965     -14.7646     -15.8551
                -16.6058     -15.1322     -15.5097     -16.2619     -15.6338
                -15.7106     -15.6062     -15.7711     -15.6795     -16.5500
                -15.8394     -16.0854     -14.9241     -15.2552     -15.2238
                -15.8297     -15.8063     -16.1962     -15.6236     -15.6078
   5    100     -16.4534     -16.4320     -16.9630     -15.9205     -17.0174
                -17.7736     -16.2818     -16.6749     -17.4299     -16.7916
                -16.8708     -16.7635     -16.9365     -16.8393     -17.7164
                -17.0004     -17.2463     -16.0821     -16.4061     -16.3825
                -16.9776     -16.9721     -17.3675     -16.7816     -16.7733
 
 group  inft   Estimated free energy: 1-th solvent contribution (kcal/mol)
   1      0       2.6125       3.3937       1.2493       3.1877       0.5002
                  1.7454       2.0247       2.1530       1.1288       1.6218
                  2.6353       1.3907       1.5320       1.2826       0.9556
                  2.6894       2.9415       3.3539       1.7181       1.7149
                  1.4505       2.7117       1.6940       1.9048       2.0524
   1     60       2.6136       3.3948       1.0750       3.1889       0.5014
                  1.7466       2.0256       2.1543       1.1301       1.6232
                  2.6366       1.3920       1.3467       1.2840       0.9566
                  2.6907       2.9427       3.3549       1.7192       1.7160
                  1.4512       2.7129       1.6948       1.9061       2.0537
   1     80       2.6182       3.3999       1.2540       3.1953       0.5060
                  1.7503       2.0302       2.1596       1.1346       1.6296
                  2.6416       1.3980       1.5359       1.2891       0.9597
                  2.6951       2.9480       3.3600       1.7244       1.7204
                  1.4532       2.7186       1.6973       1.9110       2.0589
   1    100       2.6201       3.4026       1.2525       3.2050       0.5071
                  1.7472       2.0335       2.1596       1.1320       1.6363
                  2.6437       1.4017       1.5327       1.2900       0.9559
                  2.6927       2.9516       3.3662       1.7283       1.7214
                  1.4494       2.7210       1.6925       1.9134       2.0596
   2      0       2.6016       3.4063       1.2274       3.1807       0.5061
                  1.7330       2.0235       2.1624       1.1183       1.6118
                  2.6305       1.3921       1.5255       1.2742       0.9426
                  2.6682       2.9320       3.3487       1.7164       1.7178
                  1.4366       2.7019       1.6865       1.9039       2.0677
   3      0       2.6091       3.4099       1.2350       3.1791       0.5010
                  1.7285       2.0213       2.1566       1.1057       1.6047
                  2.6264       1.3909       1.5236       1.2720       0.9454
                  2.6521       2.9267       3.3510       1.7195       1.7173
                  1.4285       2.6948       1.6800       1.8965       2.0720
   4      0       2.6148       3.4245       1.2448       3.1823       0.5079
                  1.7330       2.0238       2.1549       1.0993       1.6254
                  2.6238       1.3881       1.5205       1.2669       0.9352
                  2.6552       2.9293       3.3476       1.7169       1.7205
                  1.4267       2.6993       1.6717       1.8934       2.0676
   5      0       2.6183       3.4267       1.2413       3.1849       0.4998
                  1.7255       2.0211       2.1503       1.0999       1.6169
                  2.6264       1.3892       1.5222       1.2656       0.9361
                  2.6488       2.9300       3.3529       1.7170       1.7199
                  1.4181       2.6929       1.6716       1.8929       2.0737
   5     60       2.6194       3.4278       1.2425       3.1863       0.5011
                  1.7269       2.0221       2.1517       1.1014       1.6185
                  2.6278       1.3907       1.5234       1.2671       0.9372
                  2.6502       2.9313       3.3540       1.7182       1.7210
                  1.4189       2.6943       1.6727       1.8941       2.0749
   5     80       2.6242       3.4333       1.2465       3.1943       0.5061
                  1.7308       2.0272       2.1575       1.1057       1.6264
                  2.6338       1.3976       1.5268       1.2729       0.9403
                  2.6547       2.9374       3.3603       1.7238       1.7260
                  1.4206       2.7006       1.6755       1.8993       2.0797
   5    100       2.6246       3.4344       1.2436       3.2018       0.5056
                  1.7264       2.0291       2.1561       1.1011       1.6315
                  2.6343       1.3996       1.5223       1.2718       0.9352
                  2.6501       2.9395       3.3647       1.7258       1.7256
                  1.4151       2.7011       1.6694       1.8999       2.0790
 
 group  inft   Estimated free energy: 2-th solvent contribution (kcal/mol)
   1      0      -4.8587      -3.5079      -1.8393      -2.3596      -2.2024
                 -4.6154      -5.9595      -2.1540      -2.4911      -2.2914
                 -3.5404      -2.1721      -3.2765      -1.6765      -3.1125
                 -5.0020      -3.1615      -3.5002      -5.9682      -1.7188
                 -9.2175      -3.9197      -4.1602      -2.2287      -2.8426
   1     60      -4.8577      -3.5063      -1.8776      -2.3586      -2.2014
                 -4.6145      -5.9587      -2.1529      -2.4899      -2.2904
                 -3.5391      -2.1707      -3.3322      -1.6754      -3.1115
                 -5.0005      -3.1603      -3.4991      -5.9674      -1.7174
                 -9.2168      -3.9185      -4.1592      -2.2277      -2.8414
   1     80      -4.8544      -3.5014      -1.8336      -2.3545      -2.1979
                 -4.6120      -5.9562      -2.1483      -2.4860      -2.2861
                 -3.5347      -2.1653      -3.2722      -1.6705      -3.1080
                 -4.9957      -3.1559      -3.4953      -5.9646      -1.7120
                 -9.2150      -3.9148      -4.1568      -2.2229      -2.8375
   1    100      -4.8519      -3.4953      -1.8279      -2.3496      -2.1955
                 -4.6128      -5.9564      -2.1423      -2.4830      -2.2807
                 -3.5303      -2.1586      -3.2692      -1.6629      -3.1055
                 -4.9900      -3.1517      -3.4926      -5.9634      -1.7045
                 -9.2169      -3.9130      -4.1588      -2.2153      -2.8349
   2      0      -4.8708      -3.5275      -1.8420      -2.3850      -2.2145
                 -4.6089      -5.9479      -2.1583      -2.4927      -2.2904
                 -3.5656      -2.2000      -3.2807      -1.6896      -3.1407
                 -5.0190      -3.1916      -3.5176      -5.9867      -1.7185
                 -9.1887      -3.9228      -4.1399      -2.2236      -2.8671
   3      0      -4.8842      -3.5460      -1.8628      -2.3837      -2.2122
                 -4.6127      -5.9590      -2.1552      -2.5077      -2.3084
                 -3.5779      -2.2177      -3.2818      -1.6936      -3.1389
                 -5.0344      -3.1952      -3.5236      -5.9677      -1.7138
                 -9.1884      -3.9242      -4.1352      -2.2378      -2.8825
   4      0      -4.8747      -3.5494      -1.8632      -2.3930      -2.2149
                 -4.6159      -5.9557      -2.1639      -2.5062      -2.3055
                 -3.5673      -2.2176      -3.2845      -1.7053      -3.1521
                 -5.0390      -3.2133      -3.5177      -5.9825      -1.7249
                 -9.1876      -3.9271      -4.1355      -2.2240      -2.8848
   5      0      -4.8843      -3.5574      -1.8727      -2.3776      -2.2153
                 -4.6177      -5.9603      -2.1579      -2.4977      -2.3126
                 -3.5767      -2.2211      -3.2836      -1.6972      -3.1398
                 -5.0388      -3.2082      -3.5307      -5.9699      -1.7197
                 -9.1892      -3.9289      -4.1305      -2.2307      -2.8970
   5     60      -4.8832      -3.5555      -1.8714      -2.3764      -2.2140
                 -4.6166      -5.9594      -2.1566      -2.4962      -2.3113
                 -3.5754      -2.2194      -3.2825      -1.6959      -3.1387
                 -5.0370      -3.2068      -3.5296      -5.9689      -1.7181
                 -9.1884      -3.9274      -4.1294      -2.2296      -2.8958
   5     80      -4.8798      -3.5504      -1.8664      -2.3721      -2.2105
                 -4.6143      -5.9569      -2.1516      -2.4924      -2.3068
                 -3.5710      -2.2139      -3.2790      -1.6906      -3.1353
                 -5.0320      -3.2024      -3.5259      -5.9661      -1.7123
                 -9.1868      -3.9239      -4.1273      -2.2243      -2.8922
   5    100      -4.8789      -3.5465      -1.8629      -2.3692      -2.2099
                 -4.6163      -5.9580      -2.1477      -2.4912      -2.3036
                 -3.5682      -2.2095      -3.2779      -1.6851      -3.1342
                 -5.0282      -3.2003      -3.5247      -5.9661      -1.7067
                 -9.1895      -3.9238      -4.1303      -2.2189      -2.8917
 
 group  inft   Estimated free energy: 3-th solvent contribution (kcal/mol)
   1      0     -12.5059     -14.6403     -14.6593     -15.0732     -13.6298
                -13.1961     -10.6934     -15.0029     -14.3600     -14.4301
                -14.2504     -14.2703     -13.5019     -14.7489     -13.8331
                -12.9527     -15.3177     -14.2453     -10.4966     -14.7106
                 -7.5421     -14.0606     -13.2196     -14.7858     -14.2697
   1     60     -12.5429     -14.6767     -30.5367     -15.1097     -13.6665
                -13.2330     -10.7300     -15.0391     -14.3964     -14.4665
                -14.2870     -14.3065     -29.2215     -14.7851     -13.8693
                -12.9895     -15.3540     -14.2819     -10.5338     -14.7466
                 -7.5788     -14.0974     -13.2561     -14.8219     -14.3061
   1     80     -12.9043     -15.0357     -15.0541     -15.4694     -14.0265
                -13.5933     -11.0882     -15.3977     -14.7555     -14.8256
                -14.6469     -14.6643     -13.8967     -15.1431     -14.2271
                -13.3498     -15.7125     -14.6411     -10.8938     -15.1036
                 -7.9343     -14.4585     -13.6149     -15.1795     -14.6649
   1    100     -14.1700     -16.3036     -16.3238     -16.7377     -15.2915
                -14.8570     -12.3412     -16.6670     -16.0226     -16.0939
                -15.9131     -15.9301     -15.1616     -16.4093     -15.4918
                -14.6133     -16.9806     -15.9071     -12.1479     -16.3693
                 -9.1748     -15.7273     -14.8795     -16.4453     -15.9328
   2      0     -12.5097     -14.6383     -14.6596     -15.0767     -13.6277
                -13.2037     -10.6920     -15.0064     -14.3619     -14.4350
                -14.2528     -14.2729     -13.5040     -14.7513     -13.8384
                -12.9503     -15.3106     -14.2489     -10.5029     -14.7167
                 -7.5466     -14.0669     -13.2256     -14.7892     -14.2753
   3      0     -12.5255     -14.6514     -14.6744     -15.0850     -13.6422
                -13.2121     -10.7031     -15.0158     -14.3695     -14.4453
                -14.2650     -14.2838     -13.5134     -14.7616     -13.8464
                -12.9605     -15.3195     -14.2572     -10.5122     -14.7296
                 -7.5605     -14.0745     -13.2377     -14.7991     -14.2839
   4      0     -12.5222     -14.6329     -14.6578     -15.0596     -13.6255
                -13.2101     -10.6873     -15.0008     -14.3613     -14.4364
                -14.2503     -14.2772     -13.5068     -14.7485     -13.8429
                -12.9488     -15.3005     -14.2427     -10.4872     -14.7254
                 -7.5517     -14.0683     -13.2295     -14.7892     -14.2786
   5      0     -12.5155     -14.6363     -14.6599     -15.0684     -13.6320
                -13.2031     -10.6867     -14.9986     -14.3578     -14.4360
                -14.2550     -14.2742     -13.5026     -14.7459     -13.8394
                -12.9431     -15.3041     -14.2408     -10.4939     -14.7228
                 -7.5509     -14.0627     -13.2274     -14.7831     -14.2782
   5     60     -12.5666     -14.6866     -14.7101     -15.1190     -13.6828
                -13.2541     -10.7373     -15.0488     -14.4082     -14.4864
                -14.3057     -14.3243     -13.5529     -14.7960     -13.8896
                -12.9940     -15.3543     -14.2913     -10.5452     -14.7727
                 -7.6015     -14.1136     -13.2778     -14.8331     -14.3285
   5     80     -13.0193     -15.1370     -15.1597     -15.5700     -14.1338
                -13.7055     -11.1857     -15.4987     -14.8584     -14.9366
                -14.7566     -14.7731     -14.0021     -15.2450     -14.3382
                -13.4452     -15.8037     -14.7417     -10.9961     -15.2206
                 -8.0467     -14.5662     -13.7276     -15.2817     -14.7784
   5    100     -14.1822     -16.3031     -16.3269     -16.7363     -15.2963
                -14.8668     -12.3362     -16.6665     -16.0230     -16.1026
                -15.9201     -15.9368     -15.1641     -16.4092     -15.5006
                -14.6055     -16.9687     -15.9054     -12.1489     -16.3846
                 -9.1864     -15.7325     -14.8897     -16.4457     -15.9438
 
 
 cumulative average & 95% error for solvation free energy
              total             1st component         2nd component         3rd component
  1   -14.8174     0.0000     2.6091     0.0000    -4.8842     0.0000   -12.5255     0.0000
  2   -14.8109     0.0131     3.0095     0.8009    -4.2151     1.3382   -13.5884     2.1260
  3   -14.9802     0.3388     2.4180     1.2702    -3.4310     1.7482   -13.9504     1.4250
  4   -14.8118     0.4134     2.6083     0.9754    -3.1691     1.3425   -14.2341     1.1564
  5   -14.9235     0.3904     2.1868     1.1320    -2.9778     1.1081   -14.1157     0.9265
  6   -15.1218     0.5088     2.1104     0.9368    -3.2503     1.0562   -13.9651     0.8142
  7   -15.0555     0.4500     2.0977     0.7921    -3.6372     1.1815   -13.4991     1.1585
  8   -15.0524     0.3898     2.1050     0.6862    -3.4520     1.0882   -13.6887     1.0726
  9   -15.1342     0.3807     1.9940     0.6446    -3.3471     0.9824   -13.7643     0.9579
 10   -15.1374     0.3405     1.9551     0.5818    -3.2432     0.9029   -13.8324     0.8676
 11   -15.1461     0.3085     2.0161     0.5402    -3.2736     0.8189   -13.8717     0.7887
 12   -15.1445     0.2817     1.9640     0.5040    -3.1856     0.7680   -13.9061     0.7232
 13   -15.1556     0.2600     1.9301     0.4686    -3.1930     0.7066   -13.8759     0.6680
 14   -15.1588     0.2408     1.8831     0.4439    -3.0859     0.6884   -13.9391     0.6313
 15   -15.2186     0.2542     1.8206     0.4317    -3.0894     0.6409   -13.9330     0.5878
 16   -15.2274     0.2384     1.8726     0.4170    -3.2110     0.6469   -13.8722     0.5631
 17   -15.2496     0.2283     1.9346     0.4109    -3.2101     0.6077   -13.9573     0.5557
 18   -15.2050     0.2330     2.0133     0.4181    -3.2275     0.5740   -13.9740     0.5250
 19   -15.1825     0.2249     1.9978     0.3967    -3.3717     0.6148   -13.7918     0.6159
 20   -15.1605     0.2179     1.9838     0.3774    -3.2888     0.6064   -13.8387     0.5918
 21   -15.1689     0.2079     1.9573     0.3629    -3.5698     0.8052   -13.5397     0.8212
 22   -15.1758     0.1987     1.9909     0.3524    -3.5859     0.7684   -13.5640     0.7845
 23   -15.1991     0.1955     1.9773     0.3378    -3.6098     0.7358   -13.5498     0.7501
 24   -15.1973     0.1872     1.9740     0.3235    -3.5526     0.7137   -13.6019     0.7257
 25   -15.1939     0.1797     1.9779     0.3104    -3.5258     0.6866   -13.6292     0.6982
