 ERmod 0.3.7, Copyright (C) 2000-2019 Nobuyuki Matubayasi
                            2010-2019 Shun Sakuraba
 ERmod comes with ABSOLUTELY NO WARRANTY.
 This is free software, and you can redistribute it
 and/or modify it under certain conditions.
 See LICENSE file for details.
Opening: "/home/hervoe/snic2020-6-15/hervoe/temp/Simulations/KF/1.00/trajectory_sol_full.xtc"...
  Trying plugin "Gromacs XTC Compressed Trajectory"...OK
 ERmod 0.3.7, Copyright (C) 2000-2019 Nobuyuki Matubayasi
                            2010-2019 Shun Sakuraba
 ERmod comes with ABSOLUTELY NO WARRANTY.
 This is free software, and you can redistribute it
 and/or modify it under certain conditions.
 See LICENSE file for details.
Opening: "/home/hervoe/snic2020-6-15/hervoe/temp/Simulations/KF/1.00/trajectory_ref_full.xtc"...
  Trying plugin "Gromacs XTC Compressed Trajectory"...OK
Opening: "/home/hervoe/snic2020-6-15/hervoe/temp/Simulations/Solute_new/trajectory_solute.xtc"...
  Trying plugin "Gromacs XTC Compressed Trajectory"...OK
Opening: "/home/hervoe/snic2020-6-15/hervoe/temp/Simulations/Solute_new/trajectory_solute.xtc"...
  Trying plugin "Gromacs XTC Compressed Trajectory"...OK
Opening: "/home/hervoe/snic2020-6-15/hervoe/temp/Simulations/Solute_new/trajectory_solute.xtc"...
  Trying plugin "Gromacs XTC Compressed Trajectory"...OK
Opening: "/home/hervoe/snic2020-6-15/hervoe/temp/Simulations/Solute_new/trajectory_solute.xtc"...
  Trying plugin "Gromacs XTC Compressed Trajectory"...OK
Opening: "/home/hervoe/snic2020-6-15/hervoe/temp/Simulations/Solute_new/trajectory_solute.xtc"...
  Trying plugin "Gromacs XTC Compressed Trajectory"...OK
Opening: "/home/hervoe/snic2020-6-15/hervoe/temp/Simulations/Solute_new/trajectory_solute.xtc"...
  Trying plugin "Gromacs XTC Compressed Trajectory"...OK
Opening: "/home/hervoe/snic2020-6-15/hervoe/temp/Simulations/Solute_new/trajectory_solute.xtc"...
  Trying plugin "Gromacs XTC Compressed Trajectory"...OK
Opening: "/home/hervoe/snic2020-6-15/hervoe/temp/Simulations/Solute_new/trajectory_solute.xtc"...
  Trying plugin "Gromacs XTC Compressed Trajectory"...OK
Opening: "/home/hervoe/snic2020-6-15/hervoe/temp/Simulations/Solute_new/trajectory_solute.xtc"...
  Trying plugin "Gromacs XTC Compressed Trajectory"...OK
Opening: "/home/hervoe/snic2020-6-15/hervoe/temp/Simulations/Solute_new/trajectory_solute.xtc"...
  Trying plugin "Gromacs XTC Compressed Trajectory"...OK
 
  Number of the   1-th solvent  =           18
  Number of the   2-th solvent  =           18
  Number of the   3-th solvent  =         1000
 
  Be sure that the solvent distribution is homogeneous (radial distribution function is essentially unity) when the solvent molecule is separated beyond distance of   10.0 Angstrom in any direction from any atom within the solute molecule
 
  LJ long-range correction    =        -0.0165     -0.0152     -0.9040
 
  Self-energy of the solute   =        -0.0166  kcal/mol
 
 
 cumulative average & 95% error for solvation energy
              total             1st component         2nd component         3rd component
  1   -59.7851                0.7983               -2.1203              -58.4465
  2   -59.6974     0.1754     0.8606     0.1247    -2.6593     1.0780   -57.8821     1.1287
  3   -59.6974     0.1013     1.0738     0.4324    -2.4279     0.7756   -58.3266     1.1023
  4   -59.6929     0.0722     1.1184     0.3185    -2.7668     0.8719   -58.0279     0.9821
  5   -59.7420     0.1130     1.3028     0.4437    -3.1732     1.0568   -57.8550     0.8356
  6   -59.7863     0.1279     1.2609     0.3718    -3.2561     0.8786   -57.7746     0.7010
  7   -59.7766     0.1098     1.1087     0.4375    -3.0747     0.8265   -57.7942     0.5937
  8   -59.7845     0.0964     1.0929     0.3802    -3.1886     0.7512   -57.6723     0.5690
  9   -59.7790     0.0857     1.2099     0.4089    -3.2025     0.6630   -57.7699     0.5385
 10   -59.7629     0.0832     1.1020     0.4247    -3.2019     0.5930   -57.6464     0.5413
 11   -59.7624     0.0752     1.0117     0.4245    -3.2438     0.5429   -57.5137     0.5569
 12   -59.7789     0.0763     0.9659     0.3982    -3.4123     0.5994   -57.3160     0.6441
 13   -59.7794     0.0701     1.0335     0.3904    -3.4826     0.5690   -57.3138     0.5925
 14   -59.7688     0.0683     1.1089     0.3916    -3.4350     0.5353   -57.4261     0.5928
 15   -59.7793     0.0670     0.9996     0.4251    -3.4517     0.4994   -57.3106     0.5983
 16   -59.7665     0.0677     0.9364     0.4173    -3.3862     0.4852   -57.3000     0.5600
 17   -59.7637     0.0638     0.9758     0.3998    -3.2799     0.5030   -57.4432     0.5989
 18   -59.7532     0.0637     1.0016     0.3805    -3.2654     0.4751   -57.4729     0.5677
 19   -59.7600     0.0618     1.0412     0.3685    -3.2750     0.4498   -57.5097     0.5420
 20   -59.7630     0.0589     0.9957     0.3612    -3.2828     0.4270   -57.4593     0.5240
 21   -59.7603     0.0563     1.0016     0.3438    -3.2774     0.4063   -57.4680     0.4987
 22   -59.7497     0.0577     1.0302     0.3328    -3.3001     0.3900   -57.4633     0.4756
 23   -59.7493     0.0552     1.0271     0.3180    -3.2394     0.3919   -57.5205     0.4687
 24   -59.7430     0.0543     1.0165     0.3052    -3.1966     0.3849   -57.5463     0.4517
 25   -59.7503     0.0541     1.0084     0.2932    -3.2440     0.3812   -57.4982     0.4438
 
 
 group  inft  solvation free energy     error          difference
  total solvation free energy
   1      0        -15.55866           0.09966           0.01225
   1     60        -16.16200           1.16756          -0.59108
   1     80        -15.91688           0.09985          -0.34596
   1    100        -17.12514           0.10044          -1.55423
   2      0        -15.56051           0.09977           0.01040
   3      0        -15.57092           0.09937           0.00000
   4      0        -15.56316           0.09959           0.00776
   5      0        -15.55648           0.09984           0.01443
   5     60        -15.59919           0.09986          -0.02828
   5     80        -16.01082           0.10011          -0.43991
   5    100        -17.12812           0.10065          -1.55720
 
  contribution from  1-th solvent component
   1      0          1.21158           0.13595          -0.00300
   1     60          1.20890           0.13658          -0.00568
   1     80          1.21794           0.13617           0.00336
   1    100          1.22446           0.13682           0.00989
   2      0          1.21564           0.13547           0.00107
   3      0          1.21458           0.13587           0.00000
   4      0          1.21534           0.13563           0.00077
   5      0          1.21498           0.13556           0.00041
   5     60          1.21637           0.13558           0.00179
   5     80          1.22260           0.13582           0.00803
   5    100          1.22564           0.13639           0.01106
 
  contribution from  2-th solvent component
   1      0         -2.16874           0.19652           0.00053
   1     60         -2.17708           0.19854          -0.00781
   1     80         -2.17186           0.19663          -0.00259
   1    100         -2.18591           0.19693          -0.01664
   2      0         -2.16892           0.19458           0.00035
   3      0         -2.16927           0.19380           0.00000
   4      0         -2.17178           0.19368          -0.00251
   5      0         -2.16916           0.19386           0.00011
   5     60         -2.16929           0.19388          -0.00002
   5     80         -2.17293           0.19401          -0.00366
   5    100         -2.18660           0.19425          -0.01733
 
  contribution from  3-th solvent component
   1      0        -14.58494           0.22353           0.01472
   1     60        -15.17726           1.13866          -0.57759
   1     80        -14.94640           0.22368          -0.34674
   1    100        -16.14714           0.22429          -1.54748
   2      0        -14.59068           0.22306           0.00898
   3      0        -14.59967           0.22339           0.00000
   4      0        -14.59017           0.22137           0.00950
   5      0        -14.58575           0.22267           0.01392
   5     60        -14.62972           0.22269          -0.03005
   5     80        -15.04394           0.22286          -0.44427
   5    100        -16.15060           0.22347          -1.55093
 
 
 group  inft   Estimated free energy: total (kcal/mol)
   1      0     -15.2697     -15.3682     -15.7286     -15.4712     -16.1032
                -15.7759     -15.6648     -15.7305     -15.8169     -15.4091
                -15.5377     -15.7993     -15.4780     -15.4316     -15.6989
                -15.1734     -15.1932     -15.3576     -15.7774     -15.6172
                -15.5890     -15.4820     -15.1995     -15.3047     -15.9890
   1     60     -15.3005     -15.3990     -15.7593     -15.5020     -16.1340
                -30.1232     -15.6955     -15.7609     -15.8475     -15.4397
                -15.5684     -15.8300     -15.5090     -15.4621     -15.7297
                -15.2040     -15.2236     -15.3881     -15.8082     -15.6479
                -15.6195     -15.5128     -15.2299     -15.3353     -16.0197
   1     80     -15.6280     -15.7272     -16.0872     -15.8300     -16.4622
                -16.1355     -16.0233     -16.0871     -16.1748     -15.7661
                -15.8967     -16.1575     -15.8386     -15.7884     -16.0585
                -15.5310     -15.5489     -15.7153     -16.1365     -15.9753
                -15.9466     -15.8414     -15.5551     -15.6632     -16.3476
   1    100     -16.8337     -16.9370     -17.2964     -17.0383     -17.6730
                -17.3497     -17.2332     -17.2924     -17.3826     -16.9688
                -17.1072     -17.3665     -17.0516     -16.9939     -17.2693
                -16.7378     -16.7515     -16.9226     -17.3471     -17.1825
                -17.1543     -17.0528     -16.7587     -16.8722     -17.5557
   2      0     -15.2675     -15.3801     -15.7387     -15.5005     -16.1104
                -15.7677     -15.6744     -15.7336     -15.8379     -15.4014
                -15.5306     -15.7712     -15.4843     -15.4406     -15.6880
                -15.1691     -15.1914     -15.3755     -15.7771     -15.6056
                -15.5986     -15.4769     -15.2115     -15.2855     -15.9948
   3      0     -15.2809     -15.3803     -15.7637     -15.5045     -16.1165
                -15.7717     -15.6885     -15.7440     -15.8508     -15.4078
                -15.5521     -15.7651     -15.4883     -15.4579     -15.7014
                -15.1811     -15.2051     -15.3825     -15.7814     -15.6241
                -15.6152     -15.4809     -15.2166     -15.3103     -16.0020
   4      0     -15.2572     -15.3790     -15.7390     -15.4964     -16.1046
                -15.7672     -15.6778     -15.7410     -15.8311     -15.4117
                -15.5596     -15.7726     -15.4940     -15.4458     -15.6992
                -15.1670     -15.1848     -15.3799     -15.7829     -15.6164
                -15.6033     -15.4686     -15.2102     -15.3012     -15.9886
   5      0     -15.2566     -15.3644     -15.7439     -15.4858     -16.1045
                -15.7672     -15.6698     -15.7306     -15.8291     -15.4008
                -15.5388     -15.7600     -15.4798     -15.4376     -15.6808
                -15.1593     -15.1836     -15.3754     -15.7760     -15.6038
                -15.6077     -15.4649     -15.2071     -15.2981     -15.9865
   5     60     -15.2994     -15.4073     -15.7867     -15.5287     -16.1473
                -15.8100     -15.7125     -15.7730     -15.8716     -15.4433
                -15.5815     -15.8027     -15.5229     -15.4801     -15.7237
                -15.2020     -15.2260     -15.4180     -15.8189     -15.6466
                -15.6502     -15.5079     -15.2495     -15.3408     -16.0293
   5     80     -15.7107     -15.8195     -16.1985     -15.9415     -16.5599
                -16.2236     -16.1247     -16.1830     -16.2828     -15.8534
                -15.9935     -16.2140     -15.9373     -15.8902     -16.1365
                -15.6126     -15.6349     -15.8291     -16.2317     -16.0582
                -16.0614     -15.9208     -15.6583     -15.7528     -16.4418
   5    100     -16.8256     -16.9378     -17.3170     -17.0605     -17.6803
                -17.3462     -17.2438     -17.2981     -17.4001     -16.9659
                -17.1112     -17.3303     -17.0588     -17.0052     -17.2547
                -16.7281     -16.7473     -16.9459     -17.3512     -17.1744
                -17.1787     -17.0408     -16.7715     -16.8707     -17.5589
 
 group  inft   Estimated free energy: 1-th solvent contribution (kcal/mol)
   1      0       1.3496       1.2493       1.3591       1.3067       1.2169
                  1.1273       0.7473       1.1366       1.6520       0.9727
                  0.8309       0.7323       1.5466       1.8513       0.5282
                  1.0323       1.7856       1.5169       1.4430       0.7966
                  1.3014       1.3663       1.3869       1.2096       0.8439
   1     60       1.3509       1.2505       1.3603       1.3079       1.2180
                  1.0331       0.7483       1.1378       1.6531       0.9738
                  0.8320       0.7334       1.5477       1.8526       0.5291
                  1.0335       1.7868       1.5181       1.4442       0.7976
                  1.3025       1.3675       1.3881       1.2108       0.8450
   1     80       1.3571       1.2560       1.3657       1.3134       1.2225
                  1.1326       0.7528       1.1430       1.6581       0.9792
                  0.8364       0.7381       1.5523       1.8589       0.5329
                  1.0393       1.7932       1.5240       1.4498       0.8025
                  1.3075       1.3733       1.3942       1.2165       0.8493
   1    100       1.3675       1.2628       1.3725       1.3204       1.2258
                  1.1355       0.7559       1.1488       1.6644       0.9881
                  0.8407       0.7423       1.5573       1.8688       0.5365
                  1.0481       1.8042       1.5325       1.4568       0.8073
                  1.3142       1.3809       1.4032       1.2249       0.8520
   2      0       1.3631       1.2355       1.3563       1.3020       1.2162
                  1.1315       0.7468       1.1339       1.6464       0.9809
                  0.8279       0.7579       1.5366       1.8669       0.5305
                  1.0488       1.7929       1.5204       1.4531       0.8107
                  1.2952       1.3690       1.3974       1.2236       0.8474
   3      0       1.3606       1.2402       1.3512       1.3021       1.2142
                  1.1302       0.7444       1.1336       1.6409       0.9805
                  0.8186       0.7599       1.5422       1.8627       0.5261
                  1.0430       1.7910       1.5228       1.4623       0.8028
                  1.2891       1.3731       1.4027       1.2177       0.8525
   4      0       1.3644       1.2411       1.3544       1.3048       1.2137
                  1.1318       0.7506       1.1273       1.6434       0.9751
                  0.8129       0.7601       1.5305       1.8646       0.5286
                  1.0524       1.7963       1.5241       1.4557       0.8106
                  1.2969       1.3731       1.4018       1.2123       0.8571
   5      0       1.3624       1.2420       1.3513       1.3056       1.2096
                  1.1265       0.7470       1.1329       1.6412       0.9767
                  0.8165       0.7607       1.5365       1.8649       0.5307
                  1.0528       1.7963       1.5216       1.4586       0.8071
                  1.2924       1.3706       1.3995       1.2137       0.8578
   5     60       1.3639       1.2435       1.3528       1.3070       1.2109
                  1.1278       0.7483       1.1343       1.6425       0.9781
                  0.8179       0.7620       1.5378       1.8664       0.5319
                  1.0542       1.7977       1.5231       1.4600       0.8084
                  1.2937       1.3720       1.4010       1.2152       0.8590
   5     80       1.3716       1.2501       1.3594       1.3134       1.2162
                  1.1326       0.7534       1.1404       1.6488       0.9849
                  0.8234       0.7679       1.5431       1.8740       0.5364
                  1.0613       1.8052       1.5301       1.4663       0.8140
                  1.2998       1.3790       1.4084       1.2218       0.8636
   5    100       1.3785       1.2533       1.3625       1.3165       1.2157
                  1.1327       0.7533       1.1423       1.6518       0.9902
                  0.8243       0.7698       1.5449       1.8801       0.5371
                  1.0664       1.8122       1.5348       1.4697       0.8155
                  1.3032       1.3830       1.4135       1.2261       0.8634
 
 group  inft   Estimated free energy: 2-th solvent contribution (kcal/mol)
   1      0      -1.5858      -2.1233      -1.6605      -2.4040      -2.9298
                 -2.3577      -1.6197      -2.5379      -2.3276      -2.2417
                 -2.3958      -3.0908      -2.5662      -1.9693      -2.5376
                 -1.7254      -1.2188      -2.0058      -2.3187      -2.3158
                 -2.1815      -2.3563      -1.2976      -1.5743      -2.8768
   1     60      -1.5859      -2.1234      -1.6605      -2.4041      -2.9299
                 -2.5643      -1.6198      -2.5380      -2.3277      -2.2418
                 -2.3958      -3.0909      -2.5663      -1.9693      -2.5377
                 -1.7255      -1.2187      -2.0058      -2.3188      -2.3159
                 -2.1816      -2.3564      -1.2976      -1.5744      -2.8769
   1     80      -1.5892      -2.1266      -1.6633      -2.4072      -2.9332
                 -2.3612      -1.6231      -2.5411      -2.3305      -2.2450
                 -2.3989      -3.0944      -2.5698      -1.9716      -2.5412
                 -1.7284      -1.2205      -2.0086      -2.3217      -2.3192
                 -2.1845      -2.3596      -1.3000      -1.5776      -2.8801
   1    100      -1.6040      -2.1413      -1.6764      -2.4214      -2.9479
                 -2.3769      -1.6377      -2.5550      -2.3437      -2.2600
                 -2.4133      -3.1097      -2.5852      -1.9836      -2.5573
                 -1.7415      -1.2310      -2.0216      -2.3355      -2.3338
                 -2.1981      -2.3743      -1.3124      -1.5917      -2.8943
   2      0      -1.5892      -2.1116      -1.6618      -2.4045      -2.9247
                 -2.3506      -1.6235      -2.5383      -2.3384      -2.2319
                 -2.3882      -3.0822      -2.5536      -1.9882      -2.5255
                 -1.7317      -1.2240      -2.0225      -2.3252      -2.3056
                 -2.1867      -2.3418      -1.3138      -1.5784      -2.8812
   3      0      -1.5920      -2.1111      -1.6715      -2.4038      -2.9230
                 -2.3429      -1.6281      -2.5374      -2.3353      -2.2316
                 -2.3905      -3.0743      -2.5543      -1.9947      -2.5241
                 -1.7312      -1.2250      -2.0210      -2.3291      -2.3068
                 -2.1811      -2.3418      -1.3163      -1.5814      -2.8835
   4      0      -1.5885      -2.1104      -1.6685      -2.4039      -2.9247
                 -2.3445      -1.6361      -2.5366      -2.3346      -2.2342
                 -2.3931      -3.0795      -2.5534      -1.9967      -2.5226
                 -1.7361      -1.2344      -2.0283      -2.3323      -2.3108
                 -2.1906      -2.3413      -1.3175      -1.5844      -2.8915
   5      0      -1.5837      -2.1101      -1.6703      -2.4023      -2.9229
                 -2.3414      -1.6307      -2.5340      -2.3305      -2.2284
                 -2.3895      -3.0758      -2.5536      -1.9960      -2.5216
                 -1.7314      -1.2232      -2.0272      -2.3339      -2.3078
                 -2.1858      -2.3385      -1.3189      -1.5834      -2.8882
   5     60      -1.5839      -2.1103      -1.6704      -2.4024      -2.9231
                 -2.3416      -1.6308      -2.5341      -2.3306      -2.2285
                 -2.3896      -3.0760      -2.5538      -1.9960      -2.5217
                 -1.7315      -1.2232      -2.0273      -2.3340      -2.3080
                 -2.1859      -2.3387      -1.3190      -1.5835      -2.8884
   5     80      -1.5878      -2.1141      -1.6737      -2.4061      -2.9270
                 -2.3458      -1.6348      -2.5377      -2.3339      -2.2324
                 -2.3933      -3.0803      -2.5581      -1.9988      -2.5259
                 -1.7350      -1.2251      -2.0307      -2.3376      -2.3119
                 -2.1894      -2.3426      -1.3218      -1.5873      -2.8922
   5    100      -1.6022      -2.1281      -1.6866      -2.4199      -2.9412
                 -2.3608      -1.6491      -2.5511      -2.3468      -2.2466
                 -2.4070      -3.0950      -2.5732      -2.0110      -2.5411
                 -1.7481      -1.2356      -2.0437      -2.3513      -2.3260
                 -2.2027      -2.3565      -1.3339      -1.6013      -2.9062
 
 group  inft   Estimated free energy: 3-th solvent contribution (kcal/mol)
   1      0     -15.0170     -14.4777     -15.4107     -14.3574     -14.3738
                -14.5291     -14.7758     -14.3127     -15.1247     -14.1236
                -13.9562     -13.4243     -14.4418     -15.2970     -13.6728
                -14.4638     -15.7435     -14.8521     -14.8851     -14.0814
                -14.6923     -14.4755     -15.2723     -14.9234     -13.9395
   1     60     -15.0488     -14.5096     -15.4426     -14.3892     -14.4055
                -28.5754     -14.8074     -14.3442     -15.1564     -14.1552
                -13.9880     -13.4559     -14.4738     -15.3288     -13.7045
                -14.4955     -15.7752     -14.8839     -14.9170     -14.1131
                -14.7239     -14.5074     -15.3038     -14.9551     -13.9712
   1     80     -15.3793     -14.8400     -15.7731     -14.7196     -14.7350
                -14.8903     -15.1364     -14.6724     -15.4859     -14.4837
                -14.3177     -13.7847     -14.8046     -15.6591     -14.0336
                -14.8253     -16.1051     -15.2141     -15.2479     -14.4420
                -15.0530     -14.8386     -15.6328     -15.2855     -14.3002
   1    100     -16.5806     -16.0420     -16.9760     -15.9207     -15.9344
                -16.0918     -16.3349     -15.8697     -16.6868     -15.6804
                -15.5180     -14.9826     -16.0071     -16.8625     -15.2319
                -16.0278     -17.3081     -16.4170     -16.4519     -15.6393
                -16.2538     -16.0428     -16.8329     -16.4889     -15.4968
   2      0     -15.0248     -14.4875     -15.4166     -14.3814     -14.3854
                -14.5320     -14.7812     -14.3126     -15.1293     -14.1339
                -13.9537     -13.4304     -14.4508     -15.3027     -13.6765
                -14.4697     -15.7437     -14.8569     -14.8884     -14.0941
                -14.6905     -14.4876     -15.2786     -14.9142     -13.9445
   3      0     -15.0329     -14.4928     -15.4269     -14.3862     -14.3911
                -14.5425     -14.7883     -14.3237     -15.1399     -14.1402
                -13.9636     -13.4342     -14.4596     -15.3094     -13.6869
                -14.4764     -15.7546     -14.8678     -14.8981     -14.1035
                -14.7066     -14.4957     -15.2864     -14.9300     -13.9545
   4      0     -15.0165     -14.4932     -15.4084     -14.3807     -14.3770
                -14.5380     -14.7757     -14.3152     -15.1233     -14.1361
                -13.9629     -13.4366     -14.4545     -15.2972     -13.6887
                -14.4667     -15.7302     -14.8590     -14.8897     -14.0996
                -14.6930     -14.4838     -15.2779     -14.9125     -13.9376
   5      0     -15.0187     -14.4798     -15.4084     -14.3726     -14.3746
                -14.5357     -14.7695     -14.3129     -15.1232     -14.1325
                -13.9493     -13.4283     -14.4461     -15.2899     -13.6734
                -14.4642     -15.7401     -14.8532     -14.8841     -14.0865
                -14.6977     -14.4804     -15.2712     -14.9119     -13.9395
   5     60     -15.0629     -14.5239     -15.4525     -14.4168     -14.4186
                -14.5796     -14.8134     -14.3566     -15.1671     -14.1763
                -13.9932     -13.4721     -14.4904     -15.3340     -13.7172
                -14.5081     -15.7840     -14.8972     -14.9283     -14.1304
                -14.7415     -14.5246     -15.3150     -14.9559     -13.9834
   5     80     -15.4780     -14.9389     -15.8677     -14.8322     -14.8325
                -14.9938     -15.2268     -14.7691     -15.5811     -14.5893
                -14.4071     -13.8850     -14.9058     -15.7488     -14.1305
                -14.9223     -16.1984     -15.3120     -15.3438     -14.5437
                -15.1553     -14.9406     -15.7284     -15.3708     -14.3967
   5    100     -16.5853     -16.0465     -16.9764     -15.9406     -15.9382
                -16.1015     -16.3314     -15.8727     -16.6886     -15.6929
                -15.5120     -14.9885     -16.0139     -16.8578     -15.2342
                -16.0299     -17.3073     -16.4204     -16.4530     -15.6474
                -16.2627     -16.0507     -16.8345     -16.4790     -15.4995
 
 
 cumulative average & 95% error for solvation free energy
              total             1st component         2nd component         3rd component
  1   -15.2809     0.0000     1.3606     0.0000    -1.5920     0.0000   -15.0329     0.0000
  2   -15.3306     0.0994     1.3004     0.1204    -1.8515     0.5191   -14.7629     0.5401
  3   -15.4750     0.2944     1.3173     0.0773    -1.7915     0.3229   -14.9842     0.5415
  4   -15.4823     0.2087     1.3135     0.0552    -1.9446     0.3819   -14.8347     0.4858
  5   -15.6092     0.3008     1.2936     0.0584    -2.1403     0.4906   -14.7460     0.4161
  6   -15.6363     0.2515     1.2664     0.0724    -2.1740     0.4062   -14.7121     0.3464
  7   -15.6437     0.2131     1.1918     0.1612    -2.0960     0.3771   -14.7229     0.2936
  8   -15.6563     0.1862     1.1846     0.1404    -2.1512     0.3447   -14.6730     0.2731
  9   -15.6779     0.1698     1.2353     0.1600    -2.1717     0.3067   -14.7249     0.2623
 10   -15.6509     0.1612     1.2098     0.1519    -2.1777     0.2746   -14.6664     0.2621
 11   -15.6419     0.1469     1.1742     0.1547    -2.1970     0.2514   -14.6026     0.2693
 12   -15.6522     0.1357     1.1397     0.1572    -2.2701     0.2721   -14.5052     0.3136
 13   -15.6396     0.1273     1.1707     0.1573    -2.2920     0.2541   -14.5017     0.2886
 14   -15.6266     0.1207     1.2201     0.1760    -2.2707     0.2391   -14.5594     0.2910
 15   -15.6316     0.1128     1.1738     0.1882    -2.2876     0.2251   -14.5012     0.2949
 16   -15.6034     0.1196     1.1656     0.1768    -2.2529     0.2217   -14.4997     0.2758
 17   -15.5800     0.1217     1.2024     0.1816    -2.1924     0.2409   -14.5735     0.2982
 18   -15.5690     0.1169     1.2202     0.1749    -2.1829     0.2279   -14.5898     0.2831
 19   -15.5802     0.1128     1.2330     0.1674    -2.1906     0.2161   -14.6061     0.2697
 20   -15.5824     0.1071     1.2115     0.1645    -2.1964     0.2053   -14.5809     0.2607
 21   -15.5840     0.1019     1.2152     0.1567    -2.1957     0.1953   -14.5869     0.2483
 22   -15.5793     0.0976     1.2223     0.1501    -2.2023     0.1867   -14.5828     0.2369
 23   -15.5635     0.0985     1.2302     0.1443    -2.1638     0.1943   -14.6134     0.2345
 24   -15.5530     0.0966     1.2297     0.1381    -2.1395     0.1923   -14.6265     0.2261
 25   -15.5709     0.0994     1.2146     0.1359    -2.1693     0.1938   -14.5997     0.2234
