 ERmod 0.3.7, Copyright (C) 2000-2019 Nobuyuki Matubayasi
                            2010-2019 Shun Sakuraba
 ERmod comes with ABSOLUTELY NO WARRANTY.
 This is free software, and you can redistribute it
 and/or modify it under certain conditions.
 See LICENSE file for details.
Opening: "/home/hervoe/snic2020-6-15/hervoe/Caffeine_solubility/Simulations/opls_simulations/NaCl/2.00/trajectory_sol_full.xtc"...
  Trying plugin "Gromacs XTC Compressed Trajectory"...OK
 ERmod 0.3.7, Copyright (C) 2000-2019 Nobuyuki Matubayasi
                            2010-2019 Shun Sakuraba
 ERmod comes with ABSOLUTELY NO WARRANTY.
 This is free software, and you can redistribute it
 and/or modify it under certain conditions.
 See LICENSE file for details.
Opening: "/home/hervoe/snic2020-6-15/hervoe/Caffeine_solubility/Simulations/opls_simulations/NaCl/2.00/trajectory_ref_full.xtc"...
  Trying plugin "Gromacs XTC Compressed Trajectory"...OK
Opening: "/home/hervoe/snic2020-6-15/hervoe/Caffeine_solubility/Simulations/opls_simulations/Solute/trajectory_solute.xtc"...
  Trying plugin "Gromacs XTC Compressed Trajectory"...OK
Opening: "/home/hervoe/snic2020-6-15/hervoe/Caffeine_solubility/Simulations/opls_simulations/Solute/trajectory_solute.xtc"...
  Trying plugin "Gromacs XTC Compressed Trajectory"...OK
Opening: "/home/hervoe/snic2020-6-15/hervoe/Caffeine_solubility/Simulations/opls_simulations/Solute/trajectory_solute.xtc"...
  Trying plugin "Gromacs XTC Compressed Trajectory"...OK
Opening: "/home/hervoe/snic2020-6-15/hervoe/Caffeine_solubility/Simulations/opls_simulations/Solute/trajectory_solute.xtc"...
  Trying plugin "Gromacs XTC Compressed Trajectory"...OK
Opening: "/home/hervoe/snic2020-6-15/hervoe/Caffeine_solubility/Simulations/opls_simulations/Solute/trajectory_solute.xtc"...
  Trying plugin "Gromacs XTC Compressed Trajectory"...OK
Opening: "/home/hervoe/snic2020-6-15/hervoe/Caffeine_solubility/Simulations/opls_simulations/Solute/trajectory_solute.xtc"...
  Trying plugin "Gromacs XTC Compressed Trajectory"...OK
Opening: "/home/hervoe/snic2020-6-15/hervoe/Caffeine_solubility/Simulations/opls_simulations/Solute/trajectory_solute.xtc"...
  Trying plugin "Gromacs XTC Compressed Trajectory"...OK
Opening: "/home/hervoe/snic2020-6-15/hervoe/Caffeine_solubility/Simulations/opls_simulations/Solute/trajectory_solute.xtc"...
  Trying plugin "Gromacs XTC Compressed Trajectory"...OK
Opening: "/home/hervoe/snic2020-6-15/hervoe/Caffeine_solubility/Simulations/opls_simulations/Solute/trajectory_solute.xtc"...
  Trying plugin "Gromacs XTC Compressed Trajectory"...OK
Opening: "/home/hervoe/snic2020-6-15/hervoe/Caffeine_solubility/Simulations/opls_simulations/Solute/trajectory_solute.xtc"...
  Trying plugin "Gromacs XTC Compressed Trajectory"...OK
 
  Number of the   1-th solvent  =           36
  Number of the   2-th solvent  =           36
  Number of the   3-th solvent  =         1000
 
  Be sure that the solvent distribution is homogeneous (radial distribution function is essentially unity) when the solvent molecule is separated beyond distance of   10.0 Angstrom in any direction from any atom within the solute molecule
 
  LJ long-range correction    =        -0.0847     -0.0056     -0.9949
 
  Self-energy of the solute   =        -0.0380  kcal/mol
 
 
 cumulative average & 95% error for solvation energy
              total             1st component         2nd component         3rd component
  1   -50.4714               -0.0508               -5.1020              -45.2806
  2   -50.5326     0.1224    -1.0641     2.0267    -4.5980     1.0081   -44.8325     0.8961
  3   -50.4529     0.1744    -0.9410     1.1957    -3.9212     1.4734   -45.5528     1.5306
  4   -50.4006     0.1616    -0.3715     1.4184    -3.8063     1.0669   -46.1848     1.6641
  5   -50.3876     0.1279    -0.8222     1.4212    -3.3380     1.2490   -46.1893     1.2891
  6   -50.4060     0.1107    -0.8827     1.1666    -3.3299     1.0200   -46.1555     1.0547
  7   -50.4016     0.0940    -0.3577     1.4403    -3.7959     1.2696   -46.2100     0.8980
  8   -50.3874     0.0862    -0.0900     1.3574    -3.9402     1.1367   -46.3193     0.8078
  9   -50.3848     0.0762     0.1791     1.3125    -4.3295     1.2694   -46.1964     0.7536
 10   -50.3791     0.0691    -0.2961     1.5104    -4.0427     1.2721   -46.0024     0.7778
 11   -50.3799     0.0625    -0.3578     1.3718    -3.8281     1.2281   -46.1560     0.7678
 12   -50.3762     0.0575    -0.1503     1.3193    -3.8559     1.1224   -46.3321     0.7843
 13   -50.3678     0.0556    -0.3928     1.3069    -3.5759     1.1746   -46.3612     0.7238
 14   -50.3674     0.0514    -0.5216     1.2371    -3.4824     1.1034   -46.3254     0.6739
 15   -50.3717     0.0487    -0.5806     1.1577    -3.4835     1.0272   -46.2696     0.6372
 16   -50.3698     0.0457    -0.6358     1.0885    -3.4716     0.9612   -46.2244     0.6029
 17   -50.3708     0.0430    -0.6349     1.0225    -3.6134     0.9464   -46.0845     0.6317
 18   -50.3605     0.0455    -0.8014     1.0199    -3.4225     0.9705   -46.0986     0.5962
 19   -50.3630     0.0433    -0.8179     0.9653    -3.5334     0.9444   -45.9738     0.6168
 20   -50.3658     0.0415    -0.7946     0.9169    -3.5468     0.8963   -45.9864     0.5857
 21   -50.3652     0.0394    -0.7619     0.8746    -3.5627     0.8531   -46.0027     0.5580
 22   -50.3758     0.0432    -0.8390     0.8481    -3.5707     0.8136   -45.9281     0.5526
 23   -50.3729     0.0416    -0.7744     0.8206    -3.6549     0.7954   -45.9056     0.5299
 24   -50.3820     0.0438    -0.8464     0.7987    -3.6536     0.7616   -45.8440     0.5221
 25   -50.3838     0.0422    -0.8124     0.7691    -3.7113     0.7395   -45.8221     0.5027
 
 
 group  inft  solvation free energy     error          difference
  total solvation free energy
   1      0        -10.60119           0.18545          -0.00928
   1     60        -10.64038           0.18543          -0.04848
   1     80        -11.02859           0.18550          -0.43668
   1    100        -12.34881           0.18563          -1.75691
   2      0        -10.59176           0.18320           0.00015
   3      0        -10.59191           0.18331           0.00000
   4      0        -10.58095           0.18469           0.01096
   5      0        -10.57705           0.18540           0.01486
   5     60        -10.63103           0.18539          -0.03912
   5     80        -11.11612           0.18545          -0.52421
   5    100        -12.32761           0.18546          -1.73570
 
  contribution from  1-th solvent component
   1      0          1.16681           0.38196          -0.01618
   1     60          1.16468           0.38196          -0.01831
   1     80          1.14654           0.38203          -0.03645
   1    100          1.08605           0.38223          -0.09694
   2      0          1.17988           0.38110          -0.00311
   3      0          1.18299           0.38039           0.00000
   4      0          1.18553           0.38070           0.00254
   5      0          1.18781           0.38040           0.00482
   5     60          1.18497           0.38040           0.00198
   5     80          1.16252           0.38046          -0.02047
   5    100          1.10702           0.38063          -0.07597
 
  contribution from  2-th solvent component
   1      0         -2.22548           0.39483          -0.00199
   1     60         -2.22393           0.39483          -0.00045
   1     80         -2.22008           0.39499           0.00341
   1    100         -2.21330           0.39536           0.01018
   2      0         -2.22609           0.39517          -0.00260
   3      0         -2.22349           0.39431           0.00000
   4      0         -2.22222           0.39431           0.00126
   5      0         -2.22107           0.39451           0.00242
   5     60         -2.21921           0.39451           0.00428
   5     80         -2.21470           0.39469           0.00879
   5    100         -2.20946           0.39498           0.01403
 
  contribution from  3-th solvent component
   1      0         -9.50457           0.24732           0.00888
   1     60         -9.54317           0.24733          -0.02972
   1     80         -9.91709           0.24747          -0.40364
   1    100        -11.18360           0.24807          -1.67015
   2      0         -9.50760           0.24799           0.00585
   3      0         -9.51345           0.24707           0.00000
   4      0         -9.50630           0.24594           0.00715
   5      0         -9.50582           0.24601           0.00763
   5     60         -9.55883           0.24602          -0.04538
   5     80        -10.02599           0.24624          -0.51254
   5    100        -11.18722           0.24689          -1.67377
 
 
 group  inft   Estimated free energy: total (kcal/mol)
   1      0     -10.7501     -11.5726     -10.7957     -10.3389      -9.7723
                -10.2551     -10.5140     -10.5719     -11.0807     -10.2335
                -10.3072      -9.8607     -10.5895     -10.8794     -10.6983
                -11.0736     -10.8232     -10.6751     -10.7683     -10.6767
                 -9.6868     -11.3601     -10.0394     -10.7588     -10.9480
   1     60     -10.7888     -11.6119     -10.8346     -10.3784      -9.8115
                -10.2945     -10.5533     -10.6110     -11.1201     -10.2726
                -10.3463      -9.9002     -10.6286     -10.9184     -10.7378
                -11.1129     -10.8624     -10.7144     -10.8074     -10.7158
                 -9.7260     -11.3991     -10.0785     -10.7980     -10.9871
   1     80     -11.1750     -12.0017     -11.2221     -10.7684     -10.1987
                -10.6842     -10.9433     -10.9998     -11.5098     -10.6598
                -10.7333     -10.2889     -11.0163     -11.3058     -11.1271
                -11.5017     -11.2507     -11.1035     -11.1943     -11.1034
                -10.1134     -11.7859     -10.4661     -11.1869     -11.3747
   1    100     -12.4924     -13.3262     -12.5415     -12.0947     -11.5177
                -12.0073     -12.2677     -12.3218     -12.8327     -11.9790
                -12.0515     -11.6120     -12.3370     -12.6239     -12.4501
                -12.8218     -12.5688     -12.4243     -12.5094     -12.4224
                -11.4285     -13.1032     -11.7842     -12.5083     -12.6939
   2      0     -10.7160     -11.5504     -10.7833     -10.3256      -9.7830
                -10.2208     -10.4783     -10.5542     -11.0956     -10.1957
                -10.3084      -9.9069     -10.5663     -10.8451     -10.7351
                -11.0948     -10.7945     -10.6696     -10.7448     -10.6826
                 -9.6729     -11.3198     -10.0595     -10.7380     -10.9528
   3      0     -10.7317     -11.5485     -10.7798     -10.3179      -9.7758
                -10.2226     -10.4996     -10.5750     -11.0846     -10.2107
                -10.3121      -9.9008     -10.5848     -10.8622     -10.7265
                -11.0850     -10.7822     -10.6552     -10.7390     -10.6739
                 -9.6601     -11.3113     -10.0510     -10.7496     -10.9577
   4      0     -10.7301     -11.5433     -10.7613     -10.2858      -9.7734
                -10.2131     -10.4955     -10.5441     -11.0814     -10.1796
                -10.3023      -9.8830     -10.5704     -10.8314     -10.7235
                -11.1003     -10.7697     -10.6489     -10.7330     -10.6611
                 -9.6460     -11.3042     -10.0448     -10.7353     -10.9621
   5      0     -10.7188     -11.5548     -10.7640     -10.3023      -9.7544
                -10.2077     -10.4811     -10.5575     -11.0693     -10.1872
                -10.2928      -9.8788     -10.5757     -10.8401     -10.7069
                -11.0888     -10.7630     -10.6316     -10.7235     -10.6678
                 -9.6348     -11.2963     -10.0369     -10.7301     -10.9623
   5     60     -10.7722     -11.6088     -10.8176     -10.3567      -9.8083
                -10.2620     -10.5355     -10.6115     -11.1235     -10.2411
                -10.3467      -9.9329     -10.6296     -10.8939     -10.7612
                -11.1428     -10.8170     -10.6859     -10.7773     -10.7217
                 -9.6886     -11.3500     -10.0908     -10.7841     -11.0162
   5     80     -11.2553     -12.0954     -11.3019     -10.8442     -10.2919
                -10.7489     -11.0228     -11.0975     -11.6103     -10.7252
                -10.8308     -10.4190     -11.1140     -11.3779     -11.2477
                -11.6283     -11.3020     -11.1727     -11.2608     -11.2061
                -10.1720     -11.8331     -10.5751     -11.2696     -11.5003
   5    100     -12.4649     -13.3096     -12.5127     -12.0616     -11.5027
                -11.9629     -12.2381     -12.3111     -12.8239     -11.9359
                -12.0424     -11.6342     -12.3251     -12.5866     -12.4623
                -12.8395     -12.5114     -12.3864     -12.4673     -12.4171
                -11.3775     -13.0407     -11.7850     -12.4812     -12.7100
 
 group  inft   Estimated free energy: 1-th solvent contribution (kcal/mol)
   1      0       1.2597       0.2440       1.1161       2.1415       0.4064
                  1.2659       2.8170       2.4726       2.4618      -0.3587
                  0.9752       3.0404       0.0074       0.4765       0.7528
                  0.8378       1.2933      -0.1302       1.0117       1.3373
                  2.0862       0.0119       1.9886       0.2952       1.3601
   1     60       1.2575       0.2419       1.1140       2.1393       0.4043
                  1.2637       2.8148       2.4705       2.4597      -0.3609
                  0.9731       3.0384       0.0052       0.4743       0.7506
                  0.8357       1.2912      -0.1324       1.0096       1.3351
                  2.0841       0.0098       1.9865       0.2930       1.3579
   1     80       1.2394       0.2239       1.0962       2.1205       0.3859
                  1.2453       2.7964       2.4524       2.4416      -0.3791
                  0.9548       3.0220      -0.0133       0.4562       0.7325
                  0.8176       1.2732      -0.1508       0.9918       1.3165
                  2.0660      -0.0085       1.9687       0.2748       1.3395
   1    100       1.1789       0.1639       1.0366       2.0584       0.3245
                  1.1845       2.7348       2.3919       2.3817      -0.4398
                  0.8937       2.9661      -0.0751       0.3958       0.6717
                  0.7573       1.2138      -0.2122       0.9327       1.2545
                  2.0063      -0.0697       1.9094       0.2138       1.2779
   2      0       1.2721       0.2588       1.1236       2.1555       0.4127
                  1.2950       2.8324       2.4901       2.4717      -0.3339
                  0.9877       3.0256       0.0246       0.4923       0.7475
                  0.8457       1.3184      -0.1284       1.0256       1.3589
                  2.1111       0.0306       1.9890       0.3156       1.3749
   3      0       1.2750       0.2599       1.1313       2.1613       0.4133
                  1.2974       2.8280       2.4834       2.4752      -0.3324
                  0.9854       3.0253       0.0276       0.4981       0.7552
                  0.8508       1.3201      -0.1146       1.0330       1.3587
                  2.1186       0.0347       1.9926       0.3214       1.3755
   4      0       1.2708       0.2642       1.1303       2.1714       0.4223
                  1.2993       2.8368       2.4867       2.4787      -0.3222
                  0.9841       3.0282       0.0301       0.5033       0.7524
                  0.8537       1.3283      -0.1177       1.0284       1.3594
                  2.1228       0.0287       1.9929       0.3282       1.3771
   5      0       1.2781       0.2613       1.1350       2.1717       0.4229
                  1.3012       2.8359       2.4846       2.4783      -0.3252
                  0.9871       3.0239       0.0294       0.5060       0.7574
                  0.8545       1.3348      -0.1102       1.0335       1.3622
                  2.1278       0.0362       1.9987       0.3292       1.3809
   5     60       1.2753       0.2586       1.1323       2.1688       0.4200
                  1.2983       2.8330       2.4817       2.4754      -0.3281
                  0.9842       3.0212       0.0265       0.5032       0.7545
                  0.8517       1.3319      -0.1130       1.0308       1.3593
                  2.1250       0.0334       1.9959       0.3264       1.3780
   5     80       1.2529       0.2364       1.1100       2.1457       0.3971
                  1.2756       2.8103       2.4594       2.4528      -0.3505
                  0.9614       3.0005       0.0037       0.4807       0.7316
                  0.8292       1.3098      -0.1359       1.0087       1.3366
                  2.1030       0.0110       1.9737       0.3039       1.3553
   5    100       1.1976       0.1817       1.0551       2.0893       0.3404
                  1.2204       2.7542       2.4042       2.3975      -0.4060
                  0.9048       2.9479      -0.0528       0.4254       0.6749
                  0.7734       1.2557      -0.1927       0.9543       1.2804
                  2.0489      -0.0447       1.9185       0.2483       1.2991
 
 group  inft   Estimated free energy: 2-th solvent contribution (kcal/mol)
   1      0      -2.7191      -3.0502      -1.7629      -1.8631      -0.3867
                 -1.9257      -3.4360      -2.8941      -4.3176      -1.0579
                 -0.8011      -2.2154      -0.5831      -1.7871      -2.0491
                 -2.4948      -3.6244      -0.8102      -3.2487      -2.2421
                 -1.9717      -2.5601      -2.6472      -2.1850      -3.0039
   1     60      -2.7173      -3.0486      -1.7612      -1.8616      -0.3852
                 -1.9241      -3.4345      -2.8924      -4.3161      -1.0563
                 -0.7995      -2.2141      -0.5815      -1.7854      -2.0479
                 -2.4934      -3.6228      -0.8086      -3.2472      -2.2406
                 -1.9701      -2.5585      -2.6457      -2.1835      -3.0023
   1     80      -2.7127      -3.0454      -1.7570      -1.8579      -0.3796
                 -1.9204      -3.4312      -2.8886      -4.3127      -1.0524
                 -0.7941      -2.2112      -0.5770      -1.7816      -2.0451
                 -2.4901      -3.6195      -0.8050      -3.2441      -2.2368
                 -1.9657      -2.5541      -2.6421      -2.1794      -2.9982
   1    100      -2.7062      -3.0413      -1.7499      -1.8522      -0.3675
                 -1.9140      -3.4245      -2.8819      -4.3061      -1.0468
                 -0.7835      -2.2073      -0.5691      -1.7756      -2.0405
                 -2.4830      -3.6151      -0.7990      -3.2392      -2.2300
                 -1.9559      -2.5467      -2.6355      -2.1712      -2.9904
   2      0      -2.6884      -3.0459      -1.7633      -1.8590      -0.3977
                 -1.9118      -3.4116      -2.8879      -4.3395      -1.0447
                 -0.7974      -2.2358      -0.5870      -1.7796      -2.0781
                 -2.5218      -3.6113      -0.7869      -3.2372      -2.2573
                 -1.9907      -2.5396      -2.6733      -2.1825      -3.0238
   3      0      -2.6969      -3.0341      -1.7630      -1.8547      -0.3846
                 -1.9157      -3.4238      -2.8933      -4.3302      -1.0455
                 -0.8018      -2.2322      -0.5997      -1.7920      -2.0668
                 -2.5148      -3.5984      -0.7884      -3.2298      -2.2445
                 -1.9745      -2.5306      -2.6597      -2.1904      -3.0218
   4      0      -2.6895      -3.0385      -1.7643      -1.8521      -0.3947
                 -1.9129      -3.4237      -2.8819      -4.3245      -1.0334
                 -0.7951      -2.2255      -0.5969      -1.7875      -2.0689
                 -2.5257      -3.5998      -0.7873      -3.2245      -2.2518
                 -1.9767      -2.5265      -2.6641      -2.1824      -3.0276
   5      0      -2.6960      -3.0411      -1.7683      -1.8607      -0.3826
                 -1.9134      -3.4133      -2.8897      -4.3202      -1.0331
                 -0.7886      -2.2220      -0.6029      -1.7902      -2.0590
                 -2.5232      -3.5966      -0.7821      -3.2253      -2.2582
                 -1.9653      -2.5215      -2.6624      -2.1812      -3.0301
   5     60      -2.6938      -3.0390      -1.7663      -1.8589      -0.3807
                 -1.9116      -3.4117      -2.8877      -4.3184      -1.0313
                 -0.7866      -2.2202      -0.6011      -1.7882      -2.0574
                 -2.5214      -3.5946      -0.7804      -3.2234      -2.2564
                 -1.9634      -2.5195      -2.6606      -2.1793      -3.0282
   5     80      -2.6887      -3.0351      -1.7617      -1.8547      -0.3736
                 -1.9074      -3.4080      -2.8834      -4.3143      -1.0271
                 -0.7802      -2.2165      -0.5960      -1.7840      -2.0539
                 -2.5174      -3.5908      -0.7763      -3.2198      -2.2521
                 -1.9580      -2.5142      -2.6563      -2.1745      -3.0235
   5    100      -2.6837      -3.0318      -1.7565      -1.8506      -0.3633
                 -1.9029      -3.4031      -2.8782      -4.3089      -1.0233
                 -0.7715      -2.2135      -0.5901      -1.7796      -2.0503
                 -2.5116      -3.5873      -0.7720      -3.2160      -2.2470
                 -1.9500      -2.5081      -2.6514      -2.1680      -3.0175
 
 group  inft   Estimated free energy: 3-th solvent contribution (kcal/mol)
   1      0      -9.2527      -8.7284     -10.1110     -10.5794      -9.7541
                 -9.5574      -9.8570     -10.1125      -9.1870      -8.7790
                -10.4434     -10.6478      -9.9758      -9.5308      -9.3640
                 -9.3787      -8.4541      -9.6967      -8.4933      -9.7339
                 -9.7635      -8.7739      -9.3428      -8.8310      -9.2662
   1     60      -9.2911      -8.7671     -10.1495     -10.6181      -9.7926
                 -9.5962      -9.8957     -10.1511      -9.2257      -8.8174
                -10.4820     -10.6866     -10.0143      -9.5693      -9.4026
                 -9.4172      -8.4929      -9.7354      -8.5318      -9.7724
                 -9.8021      -8.8125      -9.3813      -8.8696      -9.3047
   1     80      -9.6637      -9.1422     -10.5233     -10.9930     -10.1670
                 -9.9711     -10.2705     -10.5255      -9.6007      -9.1903
                -10.8560     -11.0618     -10.3881      -9.9425      -9.7765
                 -9.7912      -8.8664     -10.1097      -8.9041     -10.1452
                -10.1758      -9.1855      -9.7548      -9.2443      -9.6781
   1    100     -10.9271     -10.4109     -11.7903     -12.2629     -11.4368
                -11.2398     -11.5400     -11.7939     -10.8704     -10.4545
                -12.1237     -12.3327     -11.6549     -11.2062     -11.0433
                -11.0581     -10.1296     -11.3751     -10.1649     -11.4089
                -11.4410     -10.4489     -11.0200     -10.5129     -10.9434
   2      0      -9.2618      -8.7254     -10.1057     -10.5842      -9.7600
                 -9.5661      -9.8612     -10.1185      -9.1899      -8.7790
                -10.4607     -10.6587      -9.9659      -9.5199      -9.3665
                 -9.3807      -8.4636      -9.7163      -8.4953      -9.7462
                 -9.7554      -8.7728      -9.3373      -8.8331      -9.2659
   3      0      -9.2719      -8.7364     -10.1102     -10.5866      -9.7666
                 -9.5663      -9.8659     -10.1271      -9.1916      -8.7948
                -10.4577     -10.6559      -9.9747      -9.5303      -9.3770
                 -9.3831      -8.4658      -9.7143      -8.5042      -9.7502
                 -9.7663      -8.7775      -9.3458      -8.8427      -9.2735
   4      0      -9.2735      -8.7311     -10.0892     -10.5671      -9.7631
                 -9.5616      -9.8707     -10.1109      -9.1976      -8.7861
                -10.4534     -10.6477      -9.9657      -9.5092      -9.3690
                 -9.3904      -8.4602      -9.7059      -8.4990      -9.7309
                 -9.7542      -8.7684      -9.3357      -8.8432      -9.2737
   5      0      -9.2629      -8.7371     -10.0927     -10.5754      -9.7566
                 -9.5575      -9.8657     -10.1144      -9.1894      -8.7909
                -10.4533     -10.6428      -9.9642      -9.5180      -9.3673
                 -9.3821      -8.4632      -9.7014      -8.4938      -9.7337
                 -9.7594      -8.7731      -9.3353      -8.8401      -9.2752
   5     60      -9.3157      -8.7903     -10.1456     -10.6286      -9.8096
                 -9.6107      -9.9188     -10.1675      -9.2425      -8.8437
                -10.5063     -10.6960     -10.0171      -9.5708      -9.4203
                 -9.4351      -8.5164      -9.7545      -8.5467      -9.7866
                 -9.8123      -8.8260      -9.3882      -8.8932      -9.3280
   5     80      -9.7816      -9.2588     -10.6123     -11.0973     -10.2775
                -10.0792     -10.3872     -10.6355      -9.7109      -9.3096
                -10.9740     -11.1649     -10.4837     -10.0367      -9.8874
                 -9.9022      -8.9831     -10.2225      -9.0117     -10.2527
                -10.2790      -9.2919      -9.8546      -9.3610      -9.7942
   5    100     -10.9408     -10.4215     -11.7733     -12.2623     -11.4419
                -11.2424     -11.5513     -11.7991     -10.8746     -10.4686
                -12.1376     -12.3307     -11.6443     -11.1944     -11.0489
                -11.0633     -10.1418     -11.3838     -10.1676     -11.4125
                -11.4384     -10.4500     -11.0141     -10.5235     -10.9536
 
 
 cumulative average & 95% error for solvation free energy
              total             1st component         2nd component         3rd component
  1   -10.7317     0.0000     1.2750     0.0000    -2.6969     0.0000    -9.2719     0.0000
  2   -11.1401     0.8168     0.7675     1.0151    -2.8655     0.3371    -9.0041     0.5355
  3   -11.0200     0.5292     0.8887     0.6343    -2.4980     0.7603    -9.3728     0.7996
  4   -10.8445     0.5131     1.2069     0.7785    -2.3372     0.6265    -9.6762     0.8294
  5   -10.6308     0.5837     1.0482     0.6814    -1.9467     0.9195    -9.6943     0.6435
  6   -10.5627     0.4956     1.0897     0.5626    -1.9415     0.7509    -9.6730     0.5271
  7   -10.5537     0.4193     1.3380     0.6875    -2.1532     0.7629    -9.7005     0.4489
  8   -10.5564     0.3631     1.4812     0.6607    -2.2458     0.6861    -9.7539     0.4031
  9   -10.6151     0.3411     1.5916     0.6232    -2.4774     0.7621    -9.6914     0.3768
 10   -10.5746     0.3156     1.3992     0.6773    -2.3342     0.7393    -9.6017     0.3818
 11   -10.5508     0.2895     1.3616     0.6172    -2.1949     0.7244    -9.6795     0.3788
 12   -10.4966     0.2856     1.5003     0.6280    -2.1980     0.6614    -9.7609     0.3822
 13   -10.5034     0.2630     1.3870     0.6205    -2.0750     0.6562    -9.7774     0.3531
 14   -10.5290     0.2489     1.3235     0.5883    -2.0548     0.6088    -9.7597     0.3288
 15   -10.5422     0.2332     1.2856     0.5529    -2.0556     0.5668    -9.7342     0.3103
 16   -10.5761     0.2284     1.2584     0.5201    -2.0843     0.5333    -9.7122     0.2936
 17   -10.5882     0.2159     1.2621     0.4886    -2.1734     0.5317    -9.6389     0.3123
 18   -10.5919     0.2037     1.1856     0.4854    -2.0964     0.5244    -9.6431     0.2946
 19   -10.5997     0.1933     1.1775     0.4594    -2.1561     0.5101    -9.5832     0.3033
 20   -10.6034     0.1836     1.1866     0.4362    -2.1605     0.4840    -9.5915     0.2883
 21   -10.5585     0.1963     1.2310     0.4243    -2.1517     0.4608    -9.5998     0.2747
 22   -10.5927     0.1993     1.1766     0.4189    -2.1689     0.4407    -9.5625     0.2724
 23   -10.5691     0.1962     1.2121     0.4065    -2.1902     0.4232    -9.5530     0.2609
 24   -10.5767     0.1885     1.1750     0.3962    -2.1902     0.4052    -9.5234     0.2567
 25   -10.5919     0.1833     1.1830     0.3804    -2.2235     0.3943    -9.5135     0.2471
