 ERmod 0.3.7, Copyright (C) 2000-2019 Nobuyuki Matubayasi
                            2010-2019 Shun Sakuraba
 ERmod comes with ABSOLUTELY NO WARRANTY.
 This is free software, and you can redistribute it
 and/or modify it under certain conditions.
 See LICENSE file for details.
Opening: "/home/hervoe/snic2020-6-15/hervoe/temp/Simulations/CsF/2.00/trajectory_sol_full.xtc"...
  Trying plugin "Gromacs XTC Compressed Trajectory"...OK
 ERmod 0.3.7, Copyright (C) 2000-2019 Nobuyuki Matubayasi
                            2010-2019 Shun Sakuraba
 ERmod comes with ABSOLUTELY NO WARRANTY.
 This is free software, and you can redistribute it
 and/or modify it under certain conditions.
 See LICENSE file for details.
Opening: "/home/hervoe/snic2020-6-15/hervoe/temp/Simulations/CsF/2.00/trajectory_ref_full.xtc"...
  Trying plugin "Gromacs XTC Compressed Trajectory"...OK
Opening: "/home/hervoe/snic2020-6-15/hervoe/temp/Simulations/Solute_new/trajectory_solute.xtc"...
  Trying plugin "Gromacs XTC Compressed Trajectory"...OK
Opening: "/home/hervoe/snic2020-6-15/hervoe/temp/Simulations/Solute_new/trajectory_solute.xtc"...
  Trying plugin "Gromacs XTC Compressed Trajectory"...OK
Opening: "/home/hervoe/snic2020-6-15/hervoe/temp/Simulations/Solute_new/trajectory_solute.xtc"...
  Trying plugin "Gromacs XTC Compressed Trajectory"...OK
Opening: "/home/hervoe/snic2020-6-15/hervoe/temp/Simulations/Solute_new/trajectory_solute.xtc"...
  Trying plugin "Gromacs XTC Compressed Trajectory"...OK
Opening: "/home/hervoe/snic2020-6-15/hervoe/temp/Simulations/Solute_new/trajectory_solute.xtc"...
  Trying plugin "Gromacs XTC Compressed Trajectory"...OK
Opening: "/home/hervoe/snic2020-6-15/hervoe/temp/Simulations/Solute_new/trajectory_solute.xtc"...
  Trying plugin "Gromacs XTC Compressed Trajectory"...OK
Opening: "/home/hervoe/snic2020-6-15/hervoe/temp/Simulations/Solute_new/trajectory_solute.xtc"...
  Trying plugin "Gromacs XTC Compressed Trajectory"...OK
Opening: "/home/hervoe/snic2020-6-15/hervoe/temp/Simulations/Solute_new/trajectory_solute.xtc"...
  Trying plugin "Gromacs XTC Compressed Trajectory"...OK
Opening: "/home/hervoe/snic2020-6-15/hervoe/temp/Simulations/Solute_new/trajectory_solute.xtc"...
  Trying plugin "Gromacs XTC Compressed Trajectory"...OK
Opening: "/home/hervoe/snic2020-6-15/hervoe/temp/Simulations/Solute_new/trajectory_solute.xtc"...
  Trying plugin "Gromacs XTC Compressed Trajectory"...OK
 
  Number of the   1-th solvent  =           36
  Number of the   2-th solvent  =           36
  Number of the   3-th solvent  =         1000
 
  Be sure that the solvent distribution is homogeneous (radial distribution function is essentially unity) when the solvent molecule is separated beyond distance of   10.0 Angstrom in any direction from any atom within the solute molecule
 
  LJ long-range correction    =        -0.0325     -0.0445     -0.8886
 
  Self-energy of the solute   =        -0.0163  kcal/mol
 
 
 cumulative average & 95% error for solvation energy
              total             1st component         2nd component         3rd component
  1   -60.0987                3.4866               -5.8000              -57.7689
  2   -59.9946     0.2081     2.4490     2.0750    -4.9651     1.6697   -57.4622     0.6134
  3   -59.9608     0.1378     2.0107     1.4846    -4.9704     0.9641   -56.9848     1.0184
  4   -59.9973     0.1218     1.5963     1.3374    -5.0445     0.6976   -56.5329     1.1556
  5   -59.9869     0.0966     1.7519     1.0817    -5.2935     0.7349   -56.4290     0.9189
  6   -59.9868     0.0789     1.8201     0.8937    -5.5056     0.7348   -56.2851     0.8036
  7   -59.9770     0.0696     1.9757     0.8169    -5.6183     0.6607   -56.3181     0.6823
  8   -59.9574     0.0718     1.9223     0.7154    -5.5313     0.5980   -56.3321     0.5916
  9   -59.9588     0.0634     2.1191     0.7436    -5.7617     0.7004   -56.2999     0.5257
 10   -59.9263     0.0864     2.1397     0.6664    -5.9049     0.6888   -56.1448     0.5633
 11   -59.9400     0.0828     2.0602     0.6234    -5.8108     0.6509   -56.1731     0.5127
 12   -59.9252     0.0812     2.0048     0.5798    -5.7850     0.5964   -56.1287     0.4764
 13   -59.9612     0.1037     2.0798     0.5540    -5.8078     0.5505   -56.2169     0.4724
 14   -59.9556     0.0967     2.1695     0.5434    -5.9376     0.5720   -56.1712     0.4468
 15   -59.9606     0.0906     2.1662     0.5059    -5.8880     0.5417   -56.2225     0.4285
 16   -59.9608     0.0847     2.1879     0.4752    -5.8423     0.5149   -56.2902     0.4230
 17   -59.9749     0.0844     2.2180     0.4504    -6.0534     0.6420   -56.1232     0.5191
 18   -59.9448     0.0998     2.2644     0.4347    -6.0770     0.6072   -56.1160     0.4896
 19   -59.9441     0.0944     2.2229     0.4195    -6.0563     0.5758   -56.0944     0.4651
 20   -59.9371     0.0906     2.1585     0.4183    -6.0220     0.5506   -56.0574     0.4474
 21   -59.9279     0.0882     2.0912     0.4201    -6.0128     0.5240   -55.9900     0.4464
 22   -59.9374     0.0862     2.0809     0.4011    -5.9767     0.5048   -56.0253     0.4315
 23   -59.9290     0.0841     2.0738     0.3835    -5.9733     0.4824   -56.0131     0.4130
 24   -59.9320     0.0807     2.0946     0.3695    -5.8956     0.4873   -56.1147     0.4445
 25   -59.9280     0.0778     2.0906     0.3545    -5.9240     0.4708   -56.0784     0.4325
 
 
 group  inft  solvation free energy     error          difference
  total solvation free energy
   1      0        -14.94868           0.15474           0.01222
   1     60        -14.98559           0.15476          -0.02469
   1     80        -15.35612           0.15508          -0.39522
   1    100        -16.65925           0.15631          -1.69835
   2      0        -14.94936           0.15690           0.01154
   3      0        -14.96090           0.15729           0.00000
   4      0        -14.95147           0.15720           0.00943
   5      0        -14.94905           0.15832           0.01185
   5     60        -15.00018           0.15834          -0.03928
   5     80        -15.46375           0.15880          -0.50285
   5    100        -16.66390           0.16002          -1.70300
 
  contribution from  1-th solvent component
   1      0          2.57324           0.16505           0.00527
   1     60          2.57500           0.16508           0.00704
   1     80          2.58278           0.16538           0.01481
   1    100          2.58625           0.16618           0.01828
   2      0          2.56977           0.16608           0.00181
   3      0          2.56797           0.16714           0.00000
   4      0          2.56818           0.16647           0.00021
   5      0          2.56651           0.16744          -0.00145
   5     60          2.56871           0.16746           0.00075
   5     80          2.57680           0.16779           0.00883
   5    100          2.57743           0.16856           0.00946
 
  contribution from  2-th solvent component
   1      0         -3.86309           0.22605          -0.00773
   1     60         -3.86404           0.22604          -0.00868
   1     80         -3.87536           0.22605          -0.01999
   1    100         -3.91819           0.22606          -0.06283
   2      0         -3.85751           0.22549          -0.00215
   3      0         -3.85536           0.22564           0.00000
   4      0         -3.85451           0.22539           0.00085
   5      0         -3.85217           0.22558           0.00319
   5     60         -3.85348           0.22558           0.00188
   5     80         -3.86733           0.22556          -0.01197
   5    100         -3.90713           0.22554          -0.05177
 
  contribution from  3-th solvent component
   1      0        -13.64255           0.20717           0.01468
   1     60        -13.68028           0.20720          -0.02305
   1     80        -14.04727           0.20747          -0.39004
   1    100        -15.31103           0.20841          -1.65380
   2      0        -13.64535           0.20723           0.01188
   3      0        -13.65723           0.20665           0.00000
   4      0        -13.64886           0.20584           0.00837
   5      0        -13.64712           0.20625           0.01011
   5     60        -13.69913           0.20628          -0.04190
   5     80        -14.15694           0.20665          -0.49971
   5    100        -15.31792           0.20757          -1.66069
 
 
 group  inft   Estimated free energy: total (kcal/mol)
   1      0     -15.4303     -14.4958     -14.6615     -14.7527     -15.2259
                -15.0561     -14.5837     -14.8684     -14.7720     -14.6419
                -15.0303     -14.1586     -15.5474     -15.2066     -15.4454
                -15.3152     -15.6076     -14.2417     -15.1391     -14.8192
                -14.9241     -15.3555     -14.7887     -14.6945     -14.9547
   1     60     -15.4674     -14.5327     -14.6984     -14.7900     -15.2630
                -15.0931     -14.6205     -14.9052     -14.8087     -14.6785
                -15.0676     -14.1955     -15.5847     -15.2436     -15.4826
                -15.3519     -15.6443     -14.2783     -15.1758     -14.8563
                -14.9609     -15.3920     -14.8260     -14.7314     -14.9915
   1     80     -15.8400     -14.9030     -15.0697     -15.1619     -15.6345
                -15.4649     -14.9903     -15.2751     -15.1788     -15.0462
                -15.4409     -14.5633     -15.9575     -15.6140     -15.8560
                -15.7212     -16.0140     -14.6459     -15.5460     -15.2266
                -15.3307     -15.7607     -15.1970     -15.1030     -15.3619
   1    100     -17.1502     -16.2053     -16.3768     -16.4647     -16.9394
                -16.7731     -16.2909     -16.5777     -16.4834     -16.3406
                -16.7511     -15.8530     -17.2642     -16.9163     -17.1686
                -17.0238     -17.3164     -15.9414     -16.8496     -16.5254
                -16.6309     -17.0614     -16.4983     -16.4116     -16.6670
   2      0     -15.4459     -14.5054     -14.6442     -14.7330     -15.2506
                -15.0688     -14.5824     -14.8614     -14.7810     -14.6383
                -15.0392     -14.1569     -15.5388     -15.2051     -15.4623
                -15.3300     -15.6084     -14.2207     -15.1569     -14.8069
                -14.9380     -15.3411     -14.7731     -14.6922     -14.9534
   3      0     -15.4397     -14.5180     -14.6660     -14.7455     -15.2706
                -15.0881     -14.5811     -14.8652     -14.7972     -14.6467
                -15.0459     -14.1645     -15.5598     -15.2252     -15.4736
                -15.3368     -15.6163     -14.2291     -15.1785     -14.8195
                -14.9594     -15.3521     -14.7811     -14.6985     -14.9641
   4      0     -15.4417     -14.5048     -14.6510     -14.7405     -15.2541
                -15.0724     -14.5933     -14.8431     -14.7830     -14.6404
                -15.0387     -14.1639     -15.5542     -15.2070     -15.4670
                -15.3205     -15.6242     -14.2143     -15.1688     -14.8104
                -14.9624     -15.3228     -14.7761     -14.6858     -14.9462
   5      0     -15.4306     -14.5021     -14.6497     -14.7401     -15.2629
                -15.0780     -14.5730     -14.8433     -14.7867     -14.6296
                -15.0348     -14.1472     -15.5584     -15.2091     -15.4600
                -15.3170     -15.6154     -14.2092     -15.1693     -14.8130
                -14.9700     -15.3363     -14.7681     -14.6820     -14.9404
   5     60     -15.4822     -14.5531     -14.7009     -14.7917     -15.3141
                -15.1292     -14.6239     -14.8944     -14.8378     -14.6802
                -15.0863     -14.1981     -15.6102     -15.2602     -15.5112
                -15.3677     -15.6664     -14.2600     -15.2200     -14.8644
                -15.0208     -15.3870     -14.8195     -14.7334     -14.9915
   5     80     -15.9490     -15.0156     -15.1660     -15.2561     -15.7788
                -15.5950     -15.0864     -15.3577     -15.3016     -15.1398
                -15.5533     -14.6575     -16.0770     -15.7232     -15.9776
                -15.8298     -16.1293     -14.7205     -15.6833     -15.3272
                -15.4833     -15.8488     -15.2829     -15.1988     -15.4552
   5    100     -17.1560     -16.2148     -16.3702     -16.4543     -16.9811
                -16.8007     -16.2844     -16.5574     -16.5035     -16.3319
                -16.7598     -15.8447     -17.2814     -16.9219     -17.1868
                -17.0300     -17.3283     -15.9136     -16.8845     -16.5225
                -16.6820     -17.0463     -16.4800     -16.4040     -16.6571
 
 group  inft   Estimated free energy: 1-th solvent contribution (kcal/mol)
   1      0       2.8263       2.6614       2.2219       2.0708       2.4912
                  2.4502       3.2024       2.3240       3.3572       2.8931
                  2.1759       2.8701       2.6395       2.8922       2.2026
                  2.6716       2.4248       3.4419       2.2021       2.1356
                  1.8369       2.4111       2.5757       3.0277       2.3246
   1     60       2.8281       2.6631       2.2237       2.0723       2.4929
                  2.4521       3.2044       2.3258       3.3592       2.8949
                  2.1775       2.8720       2.6411       2.8938       2.2042
                  2.6733       2.4266       3.4439       2.2040       2.1371
                  1.8386       2.4133       2.5772       3.0295       2.3264
   1     80       2.8357       2.6713       2.2311       2.0801       2.5000
                  2.4593       3.2143       2.3334       3.3682       2.9032
                  2.1833       2.8826       2.6484       2.9008       2.2100
                  2.6807       2.4334       3.4536       2.2111       2.1444
                  1.8456       2.4234       2.5850       3.0372       2.3335
   1    100       2.8376       2.6773       2.2313       2.0868       2.5026
                  2.4600       3.2235       2.3358       3.3733       2.9090
                  2.1814       2.8977       2.6509       2.9033       2.2078
                  2.6830       2.4315       3.4619       2.2106       2.1499
                  1.8471       2.4293       2.5917       3.0388       2.3336
   2      0       2.8244       2.6573       2.2298       2.0796       2.4618
                  2.4370       3.2089       2.3262       3.3327       2.8934
                  2.1668       2.8730       2.6474       2.8832       2.1804
                  2.6565       2.4319       3.4524       2.1851       2.1385
                  1.8196       2.4145       2.5779       3.0455       2.3206
   3      0       2.8273       2.6572       2.2189       2.0799       2.4517
                  2.4297       3.2139       2.3296       3.3337       2.8963
                  2.1682       2.8776       2.6395       2.8815       2.1735
                  2.6532       2.4374       3.4556       2.1749       2.1359
                  1.8109       2.4151       2.5790       3.0432       2.3155
   4      0       2.8328       2.6492       2.2297       2.0834       2.4518
                  2.4293       3.1964       2.3293       3.3329       2.8957
                  2.1633       2.8771       2.6385       2.8787       2.1789
                  2.6641       2.4302       3.4539       2.1751       2.1402
                  1.8050       2.4293       2.5678       3.0479       2.3240
   5      0       2.8324       2.6524       2.2208       2.0795       2.4470
                  2.4212       3.2083       2.3272       3.3260       2.8992
                  2.1681       2.8804       2.6349       2.8774       2.1773
                  2.6611       2.4324       3.4547       2.1693       2.1356
                  1.7944       2.4241       2.5733       3.0472       2.3187
   5     60       2.8345       2.6547       2.2230       2.0814       2.4492
                  2.4235       3.2109       2.3293       3.3284       2.9014
                  2.1700       2.8828       2.6369       2.8794       2.1795
                  2.6634       2.4344       3.4570       2.1717       2.1375
                  1.7967       2.4268       2.5753       3.0492       2.3208
   5     80       2.8419       2.6642       2.2301       2.0899       2.4565
                  2.4306       3.2219       2.3368       3.3370       2.9107
                  2.1758       2.8953       2.6440       2.8868       2.1861
                  2.6713       2.4406       3.4670       2.1786       2.1454
                  1.8042       2.4368       2.5840       3.0566       2.3280
   5    100       2.8414       2.6675       2.2273       2.0942       2.4557
                  2.4279       3.2280       2.3365       3.3384       2.9137
                  2.1719       2.9072       2.6440       2.8868       2.1817
                  2.6707       2.4365       3.4721       2.1748       2.1483
                  1.8022       2.4396       2.5882       3.0558       2.3255
 
 group  inft   Estimated free energy: 2-th solvent contribution (kcal/mol)
   1      0      -3.8280      -2.9362      -3.2513      -3.6193      -4.1012
                 -4.1069      -3.9174      -3.3474      -4.4824      -4.4573
                 -3.3902      -3.6001      -4.0352      -4.6624      -3.5840
                 -3.6759      -5.6336      -4.0322      -3.8562      -3.6566
                 -3.7843      -3.7856      -3.8942      -2.9015      -4.0381
   1     60      -3.8289      -2.9371      -3.2523      -3.6203      -4.1022
                 -4.1078      -3.9183      -3.3484      -4.4834      -4.4582
                 -3.3912      -3.6010      -4.0362      -4.6634      -3.5850
                 -3.6768      -5.6345      -4.0331      -3.8570      -3.6576
                 -3.7853      -3.7864      -3.8952      -2.9024      -4.0391
   1     80      -3.8403      -2.9479      -3.2639      -3.6318      -4.1136
                 -4.1194      -3.9296      -3.3600      -4.4951      -4.4693
                 -3.4025      -3.6122      -4.0478      -4.6748      -3.5964
                 -3.6880      -5.6454      -4.0443      -3.8679      -3.6691
                 -3.7968      -3.7972      -3.9068      -2.9132      -4.0507
   1    100      -3.8836      -2.9887      -3.3073      -3.6757      -4.1568
                 -4.1630      -3.9726      -3.4036      -4.5391      -4.5111
                 -3.4452      -3.6546      -4.0918      -4.7181      -3.6396
                 -3.7303      -5.6864      -4.0867      -3.9089      -3.7136
                 -3.8404      -3.8381      -3.9510      -2.9545      -4.0943
   2      0      -3.8280      -2.9400      -3.2439      -3.6111      -4.0947
                 -4.0986      -3.9110      -3.3391      -4.4725      -4.4487
                 -3.3841      -3.5972      -4.0263      -4.6531      -3.5784
                 -3.6756      -5.6354      -4.0224      -3.8586      -3.6425
                 -3.7718      -3.7793      -3.8831      -2.9134      -4.0292
   3      0      -3.8176      -2.9425      -3.2448      -3.6090      -4.0935
                 -4.0996      -3.9059      -3.3347      -4.4770      -4.4463
                 -3.3808      -3.5968      -4.0281      -4.6552      -3.5725
                 -3.6679      -5.6304      -4.0225      -3.8565      -3.6412
                 -3.7737      -3.7774      -3.8799      -2.9065      -4.0236
   4      0      -3.8233      -2.9315      -3.2443      -3.6115      -4.0904
                 -4.0903      -3.9081      -3.3279      -4.4716      -4.4482
                 -3.3793      -3.6005      -4.0304      -4.6477      -3.5782
                 -3.6730      -5.6310      -4.0151      -3.8575      -3.6410
                 -3.7712      -3.7764      -3.8783      -2.9151      -4.0209
   5      0      -3.8205      -2.9353      -3.2386      -3.6100      -4.0908
                 -4.0918      -3.9038      -3.3253      -4.4702      -4.4441
                 -3.3794      -3.5942      -4.0299      -4.6481      -3.5708
                 -3.6658      -5.6294      -4.0129      -3.8528      -3.6424
                 -3.7693      -3.7805      -3.8762      -2.9072      -4.0150
   5     60      -3.8219      -2.9365      -3.2400      -3.6114      -4.0921
                 -4.0931      -3.9051      -3.3267      -4.4716      -4.4454
                 -3.3807      -3.5954      -4.0314      -4.6494      -3.5722
                 -3.6671      -5.6306      -4.0141      -3.8540      -3.6437
                 -3.7707      -3.7817      -3.8776      -2.9084      -4.0164
   5     80      -3.8359      -2.9497      -3.2544      -3.6255      -4.1061
                 -4.1073      -3.9188      -3.3410      -4.4858      -4.4587
                 -3.3947      -3.6092      -4.0458      -4.6633      -3.5863
                 -3.6808      -5.6438      -4.0277      -3.8672      -3.6578
                 -3.7849      -3.7946      -3.8917      -2.9217      -4.0306
   5    100      -3.8759      -2.9881      -3.2950      -3.6663      -4.1464
                 -4.1478      -3.9585      -3.3816      -4.5265      -4.4974
                 -3.4347      -3.6486      -4.0870      -4.7034      -3.6264
                 -3.7202      -5.6819      -4.0671      -3.9056      -3.6986
                 -3.8252      -3.8325      -3.9324      -2.9601      -4.0708
 
 group  inft   Estimated free energy: 3-th solvent contribution (kcal/mol)
   1      0     -14.4124     -14.2047     -13.6158     -13.1879     -13.5997
                -13.3832     -13.8524     -13.8287     -13.6305     -13.0614
                -13.7998     -13.4124     -14.1355     -13.4201     -14.0478
                -14.2946     -12.3826     -13.6352     -13.4688     -13.2819
                -12.9605     -13.9647     -13.4540     -14.8044     -13.2249
   1     60     -14.4503     -14.2425     -13.6535     -13.2258     -13.6375
                -13.4210     -13.8903     -13.8663     -13.6683     -13.0989
                -13.8376     -13.4502     -14.1734     -13.4577     -14.0855
                -14.3320     -12.4201     -13.6728     -13.5064     -13.3195
                -12.9980     -14.0026     -13.4918     -14.8422     -13.2625
   1     80     -14.8191     -14.6102     -14.0206     -13.5938     -14.0047
                -13.7886     -14.2587     -14.2322     -14.0357     -13.4639
                -14.2054     -13.8174     -14.5417     -13.8237     -14.4532
                -14.6977     -12.7857     -14.0390     -13.8729     -13.6856
                -13.3632     -14.3706     -13.8589     -15.2106     -13.6285
   1    100     -16.0879     -15.8776     -15.2845     -14.8596     -15.2690
                -15.0537     -15.5256     -15.4936     -15.3014     -14.7223
                -15.4710     -15.0799     -15.8071     -15.0853     -15.7206
                -15.9602     -14.0452     -15.3004     -15.1350     -14.9455
                -14.6213     -15.6364     -15.1228     -16.4797     -14.8901
   2      0     -14.4260     -14.2064     -13.6138     -13.1852     -13.6014
                -13.3910     -13.8639     -13.8323     -13.6249     -13.0668
                -13.8057     -13.4165     -14.1436     -13.4189     -14.0480
                -14.2947     -12.3887     -13.6344     -13.4672     -13.2866
                -12.9695     -13.9600     -13.4516     -14.8081     -13.2286
   3      0     -14.4332     -14.2165     -13.6238     -13.2001     -13.6125
                -13.4019     -13.8728     -13.8437     -13.6377     -13.0804
                -13.8170     -13.4290     -14.1548     -13.4352     -14.0583
                -14.3059     -12.4070     -13.6459     -13.4806     -13.2980
                -12.9803     -13.9736     -13.4639     -14.8189     -13.2397
   4      0     -14.4348     -14.2062     -13.6201     -13.1961     -13.5992
                -13.3951     -13.8653     -13.8283     -13.6280     -13.0716
                -13.8065     -13.4243     -14.1461     -13.4218     -14.0514
                -14.2953     -12.4071     -13.6368     -13.4702     -13.2933
                -12.9799     -13.9595     -13.4493     -14.8023     -13.2330
   5      0     -14.4262     -14.2030     -13.6156     -13.1933     -13.6029
                -13.3912     -13.8612     -13.8289     -13.6263     -13.0684
                -13.8072     -13.4171     -14.1471     -13.4222     -14.0502
                -14.2960     -12.4021     -13.6348     -13.4696     -13.2900
                -12.9788     -13.9636     -13.4489     -14.8057     -13.2279
   5     60     -14.4785     -14.2550     -13.6676     -13.2455     -13.6550
                -13.4433     -13.9135     -13.8807     -13.6783     -13.1200
                -13.8593     -13.4693     -14.1994     -13.4740     -14.1023
                -14.3477     -12.4539     -13.6867     -13.5215     -13.3420
                -13.0305     -14.0158     -13.5010     -14.8579     -13.2797
   5     80     -14.9387     -14.7138     -14.1254     -13.7043     -14.1129
                -13.9020     -14.3731     -14.3372     -14.1366     -13.5755
                -14.3181     -13.9273     -14.6589     -13.9304     -14.5611
                -14.8041     -12.9098     -14.1435     -13.9785     -13.7986
                -13.4863     -14.4746     -13.9589     -15.3175     -13.7363
   5    100     -16.1053     -15.8779     -15.2862     -14.8660     -15.2741
                -15.0645     -15.5376     -15.4961     -15.2991     -14.7319
                -15.4807     -15.0871     -15.8220     -15.0890     -15.7258
                -15.9643     -14.0666     -15.3023     -15.1374     -14.9559
                -14.6426     -15.6370     -15.1195     -16.4834     -14.8955
 
 
 cumulative average & 95% error for solvation free energy
              total             1st component         2nd component         3rd component
  1   -15.4397     0.0000     2.8273     0.0000    -3.8176     0.0000   -14.4332     0.0000
  2   -14.9789     0.9217     2.7423     0.1701    -3.3801     0.8751   -14.3248     0.2167
  3   -14.8746     0.5716     2.5678     0.3625    -3.3350     0.5132   -14.0911     0.4838
  4   -14.8423     0.4093     2.4458     0.3539    -3.4035     0.3879   -13.8684     0.5617
  5   -14.9280     0.3604     2.4470     0.2741    -3.5415     0.4080   -13.8172     0.4470
  6   -14.9547     0.2990     2.4441     0.2239    -3.6345     0.3816   -13.7480     0.3903
  7   -14.9013     0.2743     2.5541     0.2901    -3.6733     0.3317   -13.7658     0.3318
  8   -14.8968     0.2378     2.5260     0.2574    -3.6310     0.2995   -13.7756     0.2880
  9   -14.8857     0.2108     2.6158     0.2894    -3.7250     0.3242   -13.7602     0.2558
 10   -14.8618     0.1946     2.6438     0.2649    -3.7971     0.3239   -13.6923     0.2662
 11   -14.8786     0.1791     2.6006     0.2547    -3.7593     0.3026   -13.7036     0.2418
 12   -14.8190     0.2022     2.6237     0.2371    -3.7457     0.2775   -13.6807     0.2255
 13   -14.8760     0.2182     2.6249     0.2181    -3.7674     0.2590   -13.7172     0.2199
 14   -14.9010     0.2081     2.6432     0.2052    -3.8309     0.2712   -13.6970     0.2075
 15   -14.9391     0.2082     2.6119     0.2010    -3.8136     0.2548   -13.7211     0.1991
 16   -14.9640     0.2010     2.6145     0.1881    -3.8045     0.2391   -13.7577     0.2001
 17   -15.0024     0.2038     2.6041     0.1779    -3.9119     0.3108   -13.6782     0.2461
 18   -14.9594     0.2105     2.6514     0.1926    -3.9181     0.2932   -13.6764     0.2320
 19   -14.9709     0.2004     2.6263     0.1890    -3.9148     0.2775   -13.6661     0.2205
 20   -14.9634     0.1907     2.6018     0.1858    -3.9011     0.2646   -13.6477     0.2124
 21   -14.9632     0.1814     2.5641     0.1922    -3.8951     0.2520   -13.6159     0.2118
 22   -14.9809     0.1766     2.5573     0.1837    -3.8897     0.2405   -13.6322     0.2045
 23   -14.9722     0.1696     2.5583     0.1756    -3.8893     0.2298   -13.6249     0.1960
 24   -14.9608     0.1640     2.5785     0.1729    -3.8484     0.2348   -13.6746     0.2124
 25   -14.9609     0.1573     2.5680     0.1671    -3.8554     0.2256   -13.6572     0.2067
