Lmod has detected the following error: These module(s) exist but cannot be
loaded as requested: "hwloc/1.11.11"
   Try: "module spider hwloc/1.11.11" to see how to load the module(s).



Lmod has detected the following error: These module(s) exist but cannot be
loaded as requested: "hwloc/1.11.11"
   Try: "module spider hwloc/1.11.11" to see how to load the module(s).



 ERmod 0.3.7, Copyright (C) 2000-2019 Nobuyuki Matubayasi
                            2010-2019 Shun Sakuraba
 ERmod comes with ABSOLUTELY NO WARRANTY.
 This is free software, and you can redistribute it
 and/or modify it under certain conditions.
 See LICENSE file for details.
Opening: "/home/hervoe/snic2020-6-15/hervoe/temp/Simulations/CsI/1.50/trajectory_sol_full.xtc"...
  Trying plugin "Gromacs XTC Compressed Trajectory"...OK
 ERmod 0.3.7, Copyright (C) 2000-2019 Nobuyuki Matubayasi
                            2010-2019 Shun Sakuraba
 ERmod comes with ABSOLUTELY NO WARRANTY.
 This is free software, and you can redistribute it
 and/or modify it under certain conditions.
 See LICENSE file for details.
Opening: "/home/hervoe/snic2020-6-15/hervoe/temp/Simulations/CsI/1.50/trajectory_ref_full.xtc"...
  Trying plugin "Gromacs XTC Compressed Trajectory"...OK
Opening: "/home/hervoe/snic2020-6-15/hervoe/temp/Simulations/Solute_new/trajectory_solute.xtc"...
  Trying plugin "Gromacs XTC Compressed Trajectory"...OK
Opening: "/home/hervoe/snic2020-6-15/hervoe/temp/Simulations/Solute_new/trajectory_solute.xtc"...
  Trying plugin "Gromacs XTC Compressed Trajectory"...OK
Opening: "/home/hervoe/snic2020-6-15/hervoe/temp/Simulations/Solute_new/trajectory_solute.xtc"...
  Trying plugin "Gromacs XTC Compressed Trajectory"...OK
Opening: "/home/hervoe/snic2020-6-15/hervoe/temp/Simulations/Solute_new/trajectory_solute.xtc"...
  Trying plugin "Gromacs XTC Compressed Trajectory"...OK
Opening: "/home/hervoe/snic2020-6-15/hervoe/temp/Simulations/Solute_new/trajectory_solute.xtc"...
  Trying plugin "Gromacs XTC Compressed Trajectory"...OK
Opening: "/home/hervoe/snic2020-6-15/hervoe/temp/Simulations/Solute_new/trajectory_solute.xtc"...
  Trying plugin "Gromacs XTC Compressed Trajectory"...OK
Opening: "/home/hervoe/snic2020-6-15/hervoe/temp/Simulations/Solute_new/trajectory_solute.xtc"...
  Trying plugin "Gromacs XTC Compressed Trajectory"...OK
Opening: "/home/hervoe/snic2020-6-15/hervoe/temp/Simulations/Solute_new/trajectory_solute.xtc"...
  Trying plugin "Gromacs XTC Compressed Trajectory"...OK
Opening: "/home/hervoe/snic2020-6-15/hervoe/temp/Simulations/Solute_new/trajectory_solute.xtc"...
  Trying plugin "Gromacs XTC Compressed Trajectory"...OK
Opening: "/home/hervoe/snic2020-6-15/hervoe/temp/Simulations/Solute_new/trajectory_solute.xtc"...
  Trying plugin "Gromacs XTC Compressed Trajectory"...OK
 
  Number of the   1-th solvent  =           27
  Number of the   2-th solvent  =           27
  Number of the   3-th solvent  =         1000
 
  Be sure that the solvent distribution is homogeneous (radial distribution function is essentially unity) when the solvent molecule is separated beyond distance of   10.0 Angstrom in any direction from any atom within the solute molecule
 
  LJ long-range correction    =        -0.0766     -0.0308     -0.8222
 
  Self-energy of the solute   =        -0.0150  kcal/mol
 
 
 cumulative average & 95% error for solvation energy
              total             1st component         2nd component         3rd component
  1   -58.4119               -1.5875               -6.3658              -50.4436
  2   -58.7952     0.7666    -0.6053     1.9642    -5.6868     1.3580   -52.4881     4.0889
  3   -58.7948     0.4426    -1.0327     1.4201    -5.3241     1.0682   -52.4230     2.3643
  4   -58.8799     0.3562    -1.0650     1.0062    -5.1752     0.8119   -52.6247     1.7198
  5   -58.9401     0.3011    -1.0672     0.7794    -5.0130     0.7076   -52.8449     1.4030
  6   -58.9513     0.2468    -0.8885     0.7299    -4.9722     0.5835   -53.0756     1.2350
  7   -58.9261     0.2146    -0.7882     0.6487    -5.0121     0.4995   -53.1108     1.0461
  8   -58.9295     0.1860    -0.8209     0.5656    -5.0209     0.4330   -53.0727     0.9092
  9   -58.9394     0.1652    -0.6451     0.6101    -5.1033     0.4159   -53.1759     0.8279
 10   -58.9434     0.1480    -0.5765     0.5627    -5.1051     0.3720   -53.2468     0.7540
 11   -58.9157     0.1449    -0.6902     0.5575    -5.0570     0.3500   -53.1535     0.7071
 12   -58.9152     0.1323    -0.7286     0.5147    -5.0022     0.3377   -53.1693     0.6462
 13   -58.9397     0.1312    -0.7170     0.4740    -5.0761     0.3440   -53.1316     0.5992
 14   -58.9355     0.1218    -0.7090     0.4392    -5.0711     0.3186   -53.1403     0.5550
 15   -58.9410     0.1139    -0.6437     0.4292    -5.1202     0.3125   -53.1620     0.5185
 16   -58.9467     0.1071    -0.7647     0.4688    -5.1275     0.2926   -53.0395     0.5435
 17   -58.9413     0.1012    -0.7287     0.4462    -5.1793     0.2937   -53.0183     0.5122
 18   -58.9487     0.0966    -0.7081     0.4227    -5.2004     0.2801   -53.0252     0.4831
 19   -58.9653     0.0972    -0.8616     0.5042    -4.9995     0.4814   -53.0891     0.4746
 20   -58.9806     0.0972    -0.8825     0.4801    -4.9323     0.4760   -53.1508     0.4668
 21   -58.9826     0.0925    -0.8390     0.4649    -4.9353     0.4528   -53.1933     0.4521
 22   -58.9810     0.0883    -0.8463     0.4435    -4.9315     0.4318   -53.1882     0.4312
 23   -58.9917     0.0870    -0.8318     0.4248    -4.8978     0.4181   -53.2470     0.4285
 24   -58.9930     0.0833    -0.8004     0.4115    -4.8738     0.4032   -53.3037     0.4256
 25   -58.9893     0.0803    -0.9010     0.4430    -4.8625     0.3874   -53.2108     0.4486
 
 
 group  inft  solvation free energy     error          difference
  total solvation free energy
   1      0        -16.18615           0.06373          -0.00753
   1     60        -16.22809           0.06372          -0.04947
   1     80        -16.61122           0.06368          -0.43261
   1    100        -17.87979           0.06369          -1.70117
   2      0        -16.17198           0.06306           0.00663
   3      0        -16.17861           0.06265           0.00000
   4      0        -16.16938           0.06238           0.00923
   5      0        -16.16384           0.06311           0.01478
   5     60        -16.22159           0.06309          -0.04297
   5     80        -16.69719           0.06301          -0.51857
   5    100        -17.85948           0.06294          -1.68086
 
  contribution from  1-th solvent component
   1      0          0.87563           0.19114          -0.01021
   1     60          0.87382           0.19114          -0.01202
   1     80          0.85898           0.19114          -0.02686
   1    100          0.81266           0.19115          -0.07318
   2      0          0.88461           0.19139          -0.00123
   3      0          0.88584           0.19100           0.00000
   4      0          0.88982           0.19042           0.00398
   5      0          0.88880           0.19089           0.00296
   5     60          0.88645           0.19088           0.00061
   5     80          0.86813           0.19089          -0.01771
   5    100          0.82574           0.19092          -0.06009
 
  contribution from  2-th solvent component
   1      0         -3.06988           0.17632          -0.01338
   1     60         -3.07054           0.17632          -0.01404
   1     80         -3.07797           0.17634          -0.02147
   1    100         -3.10539           0.17641          -0.04889
   2      0         -3.06018           0.17541          -0.00368
   3      0         -3.05650           0.17507           0.00000
   4      0         -3.05689           0.17463          -0.00039
   5      0         -3.05415           0.17468           0.00235
   5     60         -3.05524           0.17468           0.00127
   5     80         -3.06452           0.17469          -0.00802
   5    100         -3.09000           0.17472          -0.03350
 
  contribution from  3-th solvent component
   1      0        -13.97685           0.20649           0.01605
   1     60        -14.01632           0.20655          -0.02342
   1     80        -14.37719           0.20703          -0.38429
   1    100        -15.57201           0.20833          -1.57911
   2      0        -13.98137           0.20670           0.01153
   3      0        -13.99290           0.20685           0.00000
   4      0        -13.98726           0.20599           0.00564
   5      0        -13.98344           0.20594           0.00946
   5     60        -14.03775           0.20602          -0.04485
   5     80        -14.48575           0.20662          -0.49285
   5    100        -15.58017           0.20788          -1.58727
 
 
 group  inft   Estimated free energy: total (kcal/mol)
   1      0     -16.2699     -16.1913     -16.2486     -16.0562     -16.0872
                -16.4128     -15.9233     -16.0924     -16.2424     -16.3204
                -15.9394     -16.3122     -16.5451     -16.3335     -16.1047
                -16.1105     -16.0513     -16.2159     -16.2353     -16.1001
                -16.4319     -16.3000     -16.1433     -15.9552     -16.0310
   1     60     -16.3113     -16.2333     -16.2905     -16.0980     -16.1294
                -16.4547     -15.9652     -16.1344     -16.2846     -16.3625
                -15.9811     -16.3541     -16.5869     -16.3755     -16.1468
                -16.1521     -16.0931     -16.2581     -16.2773     -16.1424
                -16.4739     -16.3417     -16.1853     -15.9975     -16.0726
   1     80     -16.6903     -16.6169     -16.6729     -16.4804     -16.5141
                -16.8372     -16.3483     -16.5180     -16.6691     -16.7468
                -16.3624     -16.7374     -16.9697     -16.7591     -16.5310
                -16.5331     -16.4751     -16.6432     -16.6616     -16.5286
                -16.8565     -16.7230     -16.5691     -16.3827     -16.4541
   1    100     -17.9490     -17.8873     -17.9384     -17.7452     -17.7871
                -18.1039     -17.6159     -17.7883     -17.9415     -18.0216
                -17.6262     -18.0067     -18.2373     -18.0291     -17.8012
                -17.7955     -17.7401     -17.9163     -17.9336     -17.8059
                -18.1225     -17.9878     -17.8398     -17.6564     -17.7181
   2      0     -16.2469     -16.1838     -16.2289     -16.0528     -16.0740
                -16.3954     -15.9164     -16.0711     -16.2240     -16.3098
                -15.9289     -16.3064     -16.5280     -16.3105     -16.0880
                -16.1013     -16.0245     -16.2017     -16.2219     -16.0974
                -16.4121     -16.2916     -16.1246     -15.9434     -16.0162
   3      0     -16.2484     -16.1887     -16.2360     -16.0567     -16.0818
                -16.4119     -15.9233     -16.0777     -16.2373     -16.3158
                -15.9352     -16.3066     -16.5272     -16.3150     -16.0945
                -16.1061     -16.0388     -16.2091     -16.2314     -16.1035
                -16.4198     -16.2920     -16.1314     -15.9591     -16.0180
   4      0     -16.2457     -16.1722     -16.2229     -16.0492     -16.0656
                -16.3983     -15.9138     -16.0747     -16.2244     -16.3018
                -15.9325     -16.3012     -16.5228     -16.3000     -16.0957
                -16.1026     -16.0276     -16.2037     -16.2205     -16.0976
                -16.4026     -16.2883     -16.1169     -15.9401     -16.0138
   5      0     -16.2516     -16.1740     -16.2176     -16.0407     -16.0703
                -16.3923     -15.9057     -16.0594     -16.2131     -16.2956
                -15.9166     -16.2907     -16.5237     -16.2990     -16.0887
                -16.0838     -16.0247     -16.2002     -16.2184     -16.0805
                -16.3965     -16.2886     -16.1098     -15.9366     -16.0178
   5     60     -16.3086     -16.2318     -16.2752     -16.0984     -16.1283
                -16.4500     -15.9635     -16.1171     -16.2711     -16.3534
                -15.9740     -16.3484     -16.5813     -16.3568     -16.1468
                -16.1411     -16.0823     -16.2584     -16.2763     -16.1387
                -16.4543     -16.3461     -16.1677     -15.9948     -16.0752
   5     80     -16.7789     -16.7081     -16.7496     -16.5735     -16.6059
                -16.9250     -16.4392     -16.5930     -16.7485     -16.8303
                -16.4474     -16.8244     -17.0561     -16.8332     -16.6237
                -16.6140     -16.5566     -16.7363     -16.7534     -16.6181
                -16.9291     -16.8197     -16.6438     -16.4731     -16.5487
   5    100     -17.9315     -17.8726     -17.9085     -17.7335     -17.7726
                -18.0861     -17.6013     -17.7561     -17.9148     -17.9970
                -17.6054     -17.9879     -18.2165     -17.9973     -17.7881
                -17.7703     -17.7157     -17.9028     -17.9186     -17.7884
                -18.0886     -17.9791     -17.8073     -17.6408     -17.7062
 
 group  inft   Estimated free energy: 1-th solvent contribution (kcal/mol)
   1      0       0.3529       1.4831       0.4169       0.8249       0.9036
                  1.2476       1.2967       0.8266       1.5536       1.2128
                  0.4500       0.7026       0.7581       0.7600       1.3994
                  0.2044       1.1625       1.0684      -0.2272       0.8761
                  1.1095       0.9517       1.2736       1.3848      -0.1021
   1     60       0.3511       1.4813       0.4151       0.8231       0.9018
                  1.2458       1.2949       0.8248       1.5518       1.2110
                  0.4482       0.7008       0.7562       0.7582       1.3976
                  0.2026       1.1607       1.0666      -0.2290       0.8743
                  1.1076       0.9500       1.2718       1.3829      -0.1039
   1     80       0.3362       1.4663       0.4002       0.8084       0.8869
                  1.2309       1.2802       0.8098       1.5368       1.1959
                  0.4333       0.6859       0.7413       0.7435       1.3829
                  0.1880       1.1461       1.0518      -0.2440       0.8594
                  1.0926       0.9355       1.2570       1.3680      -0.1186
   1    100       0.2896       1.4196       0.3537       0.7625       0.8405
                  1.1845       1.2345       0.7632       1.4901       1.1486
                  0.3867       0.6394       0.6945       0.6977       1.3370
                  0.1421       1.1003       1.0056      -0.2908       0.8129
                  1.0460       0.8905       1.2108       1.3216      -0.1649
   2      0       0.3646       1.4935       0.4260       0.8229       0.9130
                  1.2605       1.3000       0.8352       1.5656       1.2203
                  0.4560       0.7123       0.7674       0.7659       1.4118
                  0.2089       1.1746       1.0725      -0.2138       0.8854
                  1.1221       0.9577       1.2883       1.3977      -0.0931
   3      0       0.3664       1.4913       0.4264       0.8272       0.9152
                  1.2586       1.3040       0.8369       1.5649       1.2185
                  0.4591       0.7162       0.7684       0.7676       1.4107
                  0.2138       1.1720       1.0724      -0.2155       0.8880
                  1.1238       0.9642       1.2888       1.3963      -0.0893
   4      0       0.3675       1.4933       0.4329       0.8279       0.9255
                  1.2636       1.3068       0.8393       1.5647       1.2229
                  0.4622       0.7238       0.7698       0.7722       1.4117
                  0.2146       1.1784       1.0766      -0.2027       0.8959
                  1.1253       0.9641       1.2889       1.4022      -0.0817
   5      0       0.3662       1.4922       0.4321       0.8277       0.9197
                  1.2661       1.3079       0.8402       1.5650       1.2225
                  0.4593       0.7183       0.7708       0.7695       1.4099
                  0.2196       1.1746       1.0754      -0.2091       0.9010
                  1.1275       0.9646       1.2905       1.3989      -0.0904
   5     60       0.3638       1.4899       0.4297       0.8254       0.9174
                  1.2638       1.3055       0.8379       1.5626       1.2201
                  0.4569       0.7159       0.7684       0.7671       1.4075
                  0.2172       1.1722       1.0730      -0.2114       0.8986
                  1.1251       0.9623       1.2881       1.3965      -0.0927
   5     80       0.3455       1.4714       0.4113       0.8069       0.8990
                  1.2455       1.2872       0.8196       1.5443       1.2017
                  0.4385       0.6975       0.7499       0.7488       1.3893
                  0.1991       1.1542       1.0546      -0.2299       0.8804
                  1.1069       0.9444       1.2699       1.3782      -0.1109
   5    100       0.3028       1.4287       0.3688       0.7643       0.8563
                  1.2032       1.2449       0.7772       1.5020       1.1590
                  0.3956       0.6548       0.7071       0.7064       1.3473
                  0.1571       1.1122       1.0119      -0.2727       0.8381
                  1.0647       0.9030       1.2278       1.3360      -0.1531
 
 group  inft   Estimated free energy: 2-th solvent contribution (kcal/mol)
   1      0      -3.8600      -3.0540      -3.0983      -2.8947      -2.7878
                 -3.1879      -3.1726      -3.1084      -3.4593      -3.1707
                 -2.8483      -2.9874      -3.5503      -3.0780      -3.4317
                 -3.2640      -3.4826      -3.3659      -1.5151      -2.4890
                 -3.1779      -3.2853      -2.7882      -2.7162      -2.9735
   1     60      -3.8607      -3.0547      -3.0989      -2.8954      -2.7884
                 -3.1885      -3.1733      -3.1091      -3.4600      -3.1714
                 -2.8489      -2.9880      -3.5509      -3.0787      -3.4324
                 -3.2647      -3.4833      -3.3665      -1.5157      -2.4897
                 -3.1785      -3.2859      -2.7888      -2.7168      -2.9741
   1     80      -3.8681      -3.0619      -3.1060      -2.9029      -2.7957
                 -3.1956      -3.1807      -3.1167      -3.4677      -3.1789
                 -2.8562      -2.9956      -3.5584      -3.0867      -3.4400
                 -3.2722      -3.4908      -3.3740      -1.5231      -2.4972
                 -3.1861      -3.2932      -2.7959      -2.7243      -2.9812
   1    100      -3.8956      -3.0887      -3.1327      -2.9301      -2.8225
                 -3.2222      -3.2083      -3.1446      -3.4961      -3.2064
                 -2.8829      -3.0236      -3.5860      -3.1154      -3.4680
                 -3.3002      -3.5181      -3.4015      -1.5502      -2.5248
                 -3.2142      -3.3206      -2.8223      -2.7519      -3.0078
   2      0      -3.8459      -3.0497      -3.0873      -2.8836      -2.7836
                 -3.1811      -3.1598      -3.0941      -3.4468      -3.1624
                 -2.8327      -2.9847      -3.5411      -3.0583      -3.4208
                 -3.2524      -3.4681      -3.3561      -1.5133      -2.4852
                 -3.1645      -3.2808      -2.7791      -2.7100      -2.9628
   3      0      -3.8409      -3.0483      -3.0828      -2.8790      -2.7815
                 -3.1796      -3.1561      -3.0882      -3.4444      -3.1576
                 -2.8341      -2.9790      -3.5327      -3.0507      -3.4155
                 -3.2490      -3.4662      -3.3502      -1.5104      -2.4844
                 -3.1615      -3.2749      -2.7766      -2.7091      -2.9598
   4      0      -3.8452      -3.0439      -3.0817      -2.8767      -2.7780
                 -3.1821      -3.1550      -3.0871      -3.4430      -3.1532
                 -2.8352      -2.9828      -3.5329      -3.0500      -3.4167
                 -3.2464      -3.4689      -3.3531      -1.5223      -2.4875
                 -3.1592      -3.2800      -2.7716      -2.7053      -2.9643
   5      0      -3.8468      -3.0441      -3.0791      -2.8709      -2.7795
                 -3.1762      -3.1546      -3.0794      -3.4371      -3.1525
                 -2.8304      -2.9761      -3.5330      -3.0476      -3.4123
                 -3.2448      -3.4606      -3.3482      -1.5171      -2.4858
                 -3.1600      -3.2766      -2.7717      -2.7063      -2.9630
   5     60      -3.8479      -3.0452      -3.0801      -2.8720      -2.7805
                 -3.1772      -3.1557      -3.0805      -3.4383      -3.1536
                 -2.8314      -2.9771      -3.5341      -3.0488      -3.4134
                 -3.2459      -3.4617      -3.3493      -1.5182      -2.4869
                 -3.1611      -3.2776      -2.7727      -2.7074      -2.9641
   5     80      -3.8572      -3.0543      -3.0890      -2.8813      -2.7896
                 -3.1861      -3.1650      -3.0899      -3.4480      -3.1629
                 -2.8404      -2.9866      -3.5434      -3.0586      -3.4229
                 -3.2553      -3.4711      -3.3586      -1.5276      -2.4964
                 -3.1705      -3.2867      -2.7815      -2.7168      -2.9730
   5    100      -3.8825      -3.0796      -3.1135      -2.9066      -2.8147
                 -3.2109      -3.1905      -3.1157      -3.4746      -3.1886
                 -2.8650      -3.0126      -3.5689      -3.0849      -3.4488
                 -3.2810      -3.4966      -3.3841      -1.5531      -2.5225
                 -3.1964      -3.3122      -2.8060      -2.7427      -2.9977
 
 group  inft   Estimated free energy: 3-th solvent contribution (kcal/mol)
   1      0     -12.7478     -14.6054     -13.5522     -13.9713     -14.1879
                -14.4575     -14.0323     -13.7955     -14.3217     -14.3476
                -13.5261     -14.0124     -13.7379     -14.0005     -14.0573
                -13.0359     -13.7161     -13.9033     -14.4780     -14.4722
                -14.3484     -13.9514     -14.6137     -14.6087     -12.9404
   1     60     -12.7867     -14.6448     -13.5917     -14.0107     -14.2276
                -14.4969     -14.0718     -13.8350     -14.3613     -14.3871
                -13.5653     -14.0518     -13.7772     -14.0400     -14.0970
                -13.0751     -13.7555     -13.9431     -14.5176     -14.5120
                -14.3879     -13.9907     -14.6533     -14.6486     -12.9796
   1     80     -13.1433     -15.0063     -13.9520     -14.3709     -14.5903
                -14.8575     -14.4327     -14.1961     -14.7232     -14.7488
                -13.9245     -14.4127     -14.1375     -14.4009     -14.4588
                -13.4339     -14.1154     -14.3059     -14.8795     -14.8757
                -14.7480     -14.3503     -15.0152     -15.0114     -13.3392
   1    100     -14.3280     -16.2031     -15.1444     -15.5626     -15.7901
                -16.0511     -15.6271     -15.3918     -15.9204     -15.9487
                -15.1150     -15.6075     -15.3307     -15.5964     -15.6552
                -14.6224     -15.3072     -15.5054     -16.0775     -16.0789
                -15.9393     -15.5427     -16.2133     -16.2111     -14.5303
   2      0     -12.7505     -14.6125     -13.5526     -13.9770     -14.1883
                -14.4597     -14.0416     -13.7972     -14.3277     -14.3526
                -13.5371     -14.0189     -13.7393     -14.0032     -14.0640
                -13.0427     -13.7158     -13.9031     -14.4797     -14.4825
                -14.3547     -13.9534     -14.6187     -14.6160     -12.9453
   3      0     -12.7589     -14.6167     -13.5645     -13.9899     -14.2005
                -14.4759     -14.0562     -13.8114     -14.3427     -14.3617
                -13.5451     -14.0287     -13.7479     -14.0168     -14.0747
                -13.0558     -13.7295     -13.9162     -14.4904     -14.4920
                -14.3670     -13.9663     -14.6286     -14.6312     -12.9539
   4      0     -12.7529     -14.6065     -13.5590     -13.9854     -14.1980
                -14.4647     -14.0505     -13.8118     -14.3310     -14.3565
                -13.5445     -14.0272     -13.7446     -14.0071     -14.0756
                -13.0557     -13.7221     -13.9122     -14.4804     -14.4909
                -14.3537     -13.9574     -14.6192     -14.6219     -12.9527
   5      0     -12.7559     -14.6071     -13.5556     -13.9824     -14.1955
                -14.4672     -14.0439     -13.8052     -14.3259     -14.3506
                -13.5305     -14.0179     -13.7464     -14.0058     -14.0712
                -13.0434     -13.7236     -13.9123     -14.4772     -14.4806
                -14.3490     -13.9616     -14.6136     -14.6141     -12.9494
   5     60     -12.8094     -14.6614     -13.6098     -14.0367     -14.2501
                -14.5215     -14.0983     -13.8595     -14.3805     -14.4049
                -13.5845     -14.0722     -13.8006     -14.0601     -14.1258
                -13.0974     -13.7778     -13.9670     -14.5316     -14.5354
                -14.4033     -14.0157     -14.6680     -14.6689     -13.0034
   5     80     -13.2521     -15.1101     -14.0570     -14.4841     -14.7003
                -14.9693     -14.5464     -14.3077     -14.8298     -14.8540
                -14.0304     -14.5203     -14.2475     -14.5083     -14.5751
                -13.5428     -14.2246     -14.4172     -14.9808     -14.9870
                -14.8504     -14.4622     -15.1171     -15.1195     -13.4498
   5    100     -14.3368     -16.2066     -15.1488     -15.5762     -15.7992
                -16.0633     -15.6407     -15.4025     -15.9271     -15.9523
                -15.1210     -15.6150     -15.3397     -15.6038     -15.6715
                -14.6313     -15.3162     -15.5155     -16.0777     -16.0890
                -15.9418     -15.5548     -16.2140     -16.2192     -14.5404
 
 
 cumulative average & 95% error for solvation free energy
              total             1st component         2nd component         3rd component
  1   -16.2484     0.0000     0.3664     0.0000    -3.8409     0.0000   -12.7589     0.0000
  2   -16.2185     0.0597     0.9289     1.1249    -3.4446     0.7926   -13.6878     1.8578
  3   -16.2244     0.0364     0.7614     0.7308    -3.3240     0.5173   -13.6467     1.0758
  4   -16.1825     0.0877     0.7778     0.5178    -3.2128     0.4281   -13.7325     0.7798
  5   -16.1623     0.0790     0.8053     0.4048    -3.1265     0.3738   -13.8261     0.6324
  6   -16.2039     0.1052     0.8809     0.3634    -3.1354     0.3057   -13.9344     0.5599
  7   -16.1639     0.1197     0.9413     0.3301    -3.1383     0.2585   -13.9518     0.4745
  8   -16.1531     0.1059     0.9283     0.2871    -3.1321     0.2242   -13.9343     0.4124
  9   -16.1624     0.0953     0.9990     0.2900    -3.1668     0.2095   -13.9796     0.3749
 10   -16.1778     0.0906     1.0210     0.2631    -3.1658     0.1874   -14.0178     0.3439
 11   -16.1557     0.0930     0.9699     0.2590    -3.1357     0.1799   -13.9749     0.3227
 12   -16.1683     0.0886     0.9487     0.2402    -3.1226     0.1663   -13.9794     0.2947
 13   -16.1959     0.0984     0.9349     0.2226    -3.1542     0.1655   -13.9616     0.2735
 14   -16.2044     0.0927     0.9229     0.2075    -3.1468     0.1539   -13.9655     0.2533
 15   -16.1971     0.0875     0.9554     0.2038    -3.1647     0.1477   -13.9728     0.2362
 16   -16.1914     0.0827     0.9091     0.2120    -3.1700     0.1386   -13.9155     0.2489
 17   -16.1824     0.0797     0.9245     0.2015    -3.1874     0.1348   -13.9045     0.2349
 18   -16.1839     0.0752     0.9328     0.1907    -3.1964     0.1283   -13.9052     0.2214
 19   -16.1864     0.0713     0.8723     0.2172    -3.1077     0.2150   -13.9360     0.2183
 20   -16.1823     0.0682     0.8731     0.2060    -3.0765     0.2133   -13.9638     0.2145
 21   -16.1936     0.0687     0.8850     0.1974    -3.0806     0.2030   -13.9830     0.2076
 22   -16.1980     0.0661     0.8886     0.1884    -3.0894     0.1944   -13.9822     0.1979
 23   -16.1951     0.0634     0.9060     0.1833    -3.0758     0.1877   -14.0103     0.1973
 24   -16.1853     0.0638     0.9265     0.1802    -3.0605     0.1823   -14.0362     0.1959
 25   -16.1786     0.0627     0.8858     0.1910    -3.0565     0.1751   -13.9929     0.2069
