Lmod has detected the following error: These module(s) exist but cannot be
loaded as requested: "hwloc/1.11.11"
   Try: "module spider hwloc/1.11.11" to see how to load the module(s).



Lmod has detected the following error: These module(s) exist but cannot be
loaded as requested: "hwloc/1.11.11"
   Try: "module spider hwloc/1.11.11" to see how to load the module(s).



 ERmod 0.3.7, Copyright (C) 2000-2019 Nobuyuki Matubayasi
                            2010-2019 Shun Sakuraba
 ERmod comes with ABSOLUTELY NO WARRANTY.
 This is free software, and you can redistribute it
 and/or modify it under certain conditions.
 See LICENSE file for details.
Opening: "/home/hervoe/snic2020-6-15/hervoe/temp/Simulations/NaCl/1.50/trajectory_sol_full.xtc"...
  Trying plugin "Gromacs XTC Compressed Trajectory"...OK
 ERmod 0.3.7, Copyright (C) 2000-2019 Nobuyuki Matubayasi
                            2010-2019 Shun Sakuraba
 ERmod comes with ABSOLUTELY NO WARRANTY.
 This is free software, and you can redistribute it
 and/or modify it under certain conditions.
 See LICENSE file for details.
Opening: "/home/hervoe/snic2020-6-15/hervoe/temp/Simulations/NaCl/1.50/trajectory_ref_full.xtc"...
  Trying plugin "Gromacs XTC Compressed Trajectory"...OK
Opening: "/home/hervoe/snic2020-6-15/hervoe/temp/Simulations/Solute_new/trajectory_solute.xtc"...
  Trying plugin "Gromacs XTC Compressed Trajectory"...OK
Opening: "/home/hervoe/snic2020-6-15/hervoe/temp/Simulations/Solute_new/trajectory_solute.xtc"...
  Trying plugin "Gromacs XTC Compressed Trajectory"...OK
Opening: "/home/hervoe/snic2020-6-15/hervoe/temp/Simulations/Solute_new/trajectory_solute.xtc"...
  Trying plugin "Gromacs XTC Compressed Trajectory"...OK
Opening: "/home/hervoe/snic2020-6-15/hervoe/temp/Simulations/Solute_new/trajectory_solute.xtc"...
  Trying plugin "Gromacs XTC Compressed Trajectory"...OK
Opening: "/home/hervoe/snic2020-6-15/hervoe/temp/Simulations/Solute_new/trajectory_solute.xtc"...
  Trying plugin "Gromacs XTC Compressed Trajectory"...OK
Opening: "/home/hervoe/snic2020-6-15/hervoe/temp/Simulations/Solute_new/trajectory_solute.xtc"...
  Trying plugin "Gromacs XTC Compressed Trajectory"...OK
Opening: "/home/hervoe/snic2020-6-15/hervoe/temp/Simulations/Solute_new/trajectory_solute.xtc"...
  Trying plugin "Gromacs XTC Compressed Trajectory"...OK
Opening: "/home/hervoe/snic2020-6-15/hervoe/temp/Simulations/Solute_new/trajectory_solute.xtc"...
  Trying plugin "Gromacs XTC Compressed Trajectory"...OK
Opening: "/home/hervoe/snic2020-6-15/hervoe/temp/Simulations/Solute_new/trajectory_solute.xtc"...
  Trying plugin "Gromacs XTC Compressed Trajectory"...OK
Opening: "/home/hervoe/snic2020-6-15/hervoe/temp/Simulations/Solute_new/trajectory_solute.xtc"...
  Trying plugin "Gromacs XTC Compressed Trajectory"...OK
 
  Number of the   1-th solvent  =           27
  Number of the   2-th solvent  =           27
  Number of the   3-th solvent  =         1000
 
  Be sure that the solvent distribution is homogeneous (radial distribution function is essentially unity) when the solvent molecule is separated beyond distance of   10.0 Angstrom in any direction from any atom within the solute molecule
 
  LJ long-range correction    =        -0.0509     -0.0103     -0.8747
 
  Self-energy of the solute   =        -0.0160  kcal/mol
 
 
 cumulative average & 95% error for solvation energy
              total             1st component         2nd component         3rd component
  1   -59.8654                1.0697               -6.6792              -54.2399
  2   -59.8539     0.0229     0.2664     1.6065    -5.2776     2.8031   -54.8267     1.1736
  3   -60.0146     0.3218     0.5743     1.1133    -6.5358     2.9918   -54.0371     1.7184
  4   -60.0057     0.2282     0.0434     1.3218    -5.3538     3.1724   -54.6793     1.7681
  5   -59.9743     0.1876    -0.1370     1.0855    -5.4728     2.4688   -54.3485     1.5210
  6   -59.9668     0.1539    -0.2378     0.9090    -5.5265     2.0187   -54.1865     1.2834
  7   -59.9513     0.1337    -0.2859     0.7742    -5.4818     1.7084   -54.1675     1.0854
  8   -59.9478     0.1160    -0.1443     0.7278    -5.2565     1.5466   -54.5310     1.1882
  9   -59.9365     0.1048    -0.0836     0.6533    -4.9987     1.4582   -54.8382     1.2148
 10   -59.9205     0.0990    -0.0655     0.5854    -4.8523     1.3367   -54.9867     1.1264
 11   -59.8911     0.1072     0.1125     0.6381    -4.8279     1.2101   -55.1597     1.0760
 12   -59.8791     0.1007     0.2753     0.6673    -4.7427     1.1177   -55.3957     1.0898
 13   -59.8738     0.0933     0.3073     0.6172    -4.6059     1.0639   -55.5592     1.0544
 14   -59.8787     0.0869     0.3606     0.5812    -4.6283     0.9860   -55.5949     0.9788
 15   -59.8955     0.0876     0.3301     0.5445    -4.6702     0.9218   -55.5394     0.9180
 16   -59.8968     0.0820     0.3535     0.5115    -4.6999     0.8643   -55.5343     0.8588
 17   -59.9140     0.0843     0.3281     0.4831    -4.5987     0.8367   -55.6274     0.8279
 18   -59.9015     0.0834     0.3952     0.4749    -4.8037     0.8890   -55.4770     0.8365
 19   -59.8965     0.0795     0.4727     0.4752    -4.9235     0.8744   -55.4296     0.7969
 20   -59.9035     0.0767     0.5432     0.4723    -5.0563     0.8710   -55.3745     0.7640
 21   -59.9070     0.0733     0.5361     0.4495    -5.1519     0.8503   -55.2751     0.7534
 22   -59.8913     0.0766     0.5763     0.4361    -5.1145     0.8142   -55.3370     0.7289
 23   -59.8970     0.0741     0.5079     0.4386    -5.0539     0.7874   -55.3350     0.6965
 24   -59.9025     0.0718     0.5137     0.4200    -5.3124     0.9141   -55.0878     0.8301
 25   -59.8977     0.0695     0.4546     0.4199    -5.3180     0.8768   -55.0183     0.8083
 
 
 group  inft  solvation free energy     error          difference
  total solvation free energy
   1      0        -15.49393           0.10735           0.01628
   1     60        -15.53006           0.10732          -0.01986
   1     80        -15.88684           0.10731          -0.37663
   1    100        -17.12818           0.10767          -1.61797
   2      0        -15.49413           0.10814           0.01608
   3      0        -15.51021           0.10857           0.00000
   4      0        -15.50331           0.10871           0.00690
   5      0        -15.49826           0.10897           0.01195
   5     60        -15.54812           0.10893          -0.03791
   5     80        -15.99587           0.10890          -0.48566
   5    100        -17.13812           0.10923          -1.62792
 
  contribution from  1-th solvent component
   1      0          1.60829           0.20285          -0.00721
   1     60          1.60692           0.20285          -0.00858
   1     80          1.59607           0.20289          -0.01943
   1    100          1.55967           0.20303          -0.05583
   2      0          1.61372           0.20203          -0.00178
   3      0          1.61550           0.20130           0.00000
   4      0          1.61879           0.20065           0.00329
   5      0          1.61898           0.20106           0.00348
   5     60          1.61726           0.20106           0.00176
   5     80          1.60367           0.20108          -0.01183
   5    100          1.56901           0.20114          -0.04648
 
  contribution from  2-th solvent component
   1      0         -3.50599           0.45629           0.01085
   1     60         -3.50457           0.45630           0.01227
   1     80         -3.49732           0.45647           0.01952
   1    100         -3.48636           0.45699           0.03048
   2      0         -3.51224           0.45407           0.00460
   3      0         -3.51684           0.45309           0.00000
   4      0         -3.51896           0.45324          -0.00212
   5      0         -3.51962           0.45273          -0.00278
   5     60         -3.51793           0.45275          -0.00110
   5     80         -3.51097           0.45292           0.00587
   5    100         -3.50197           0.45333           0.01487
 
  contribution from  3-th solvent component
   1      0        -13.58021           0.45451           0.01265
   1     60        -13.61640           0.45446          -0.02354
   1     80        -13.96957           0.45445          -0.37672
   1    100        -15.18548           0.45583          -1.59263
   2      0        -13.57960           0.45457           0.01326
   3      0        -13.59285           0.45434           0.00000
   4      0        -13.58713           0.45383           0.00573
   5      0        -13.58160           0.45404           0.01125
   5     60        -13.63143           0.45399          -0.03858
   5     80        -14.07255           0.45407          -0.47970
   5    100        -15.18916           0.45550          -1.59630
 
 
 group  inft   Estimated free energy: total (kcal/mol)
   1      0     -15.6863     -15.3417     -15.9953     -15.5718     -15.2732
                -15.2769     -15.3614     -15.4993     -15.4777     -15.5618
                -15.0914     -15.2827     -15.4126     -16.0570     -15.8215
                -15.6353     -15.7731     -15.3180     -15.3273     -15.5105
                -15.8430     -15.3515     -15.5777     -14.9125     -15.3884
   1     60     -15.7224     -15.3777     -16.0319     -15.6076     -15.3096
                -15.3135     -15.3976     -15.5351     -15.5136     -15.5977
                -15.1274     -15.3186     -15.4488     -16.0925     -15.8574
                -15.6716     -15.8098     -15.3545     -15.3638     -15.5472
                -15.8787     -15.3872     -15.6138     -14.9489     -15.4246
   1     80     -16.0787     -15.7346     -16.3909     -15.9631     -15.6668
                -15.6715     -15.7560     -15.8895     -15.8700     -15.9528
                -15.4828     -15.6740     -15.8060     -16.4466     -16.2132
                -16.0299     -16.1704     -15.7110     -15.7223     -15.9068
                -16.2335     -15.7419     -15.9711     -15.3061     -15.7812
   1    100     -17.3170     -16.9781     -17.6325     -17.2050     -16.9056
                -16.9136     -16.9993     -17.1289     -17.1128     -17.1935
                -16.7232     -16.9167     -17.0520     -17.6875     -17.4514
                -17.2758     -17.4205     -16.9448     -16.9689     -17.1504
                -17.4722     -16.9808     -17.2139     -16.5400     -17.0200
   2      0     -15.6641     -15.3503     -15.9829     -15.5952     -15.2679
                -15.2581     -15.3695     -15.5073     -15.4845     -15.5995
                -15.1170     -15.2748     -15.4132     -16.0529     -15.8307
                -15.6166     -15.7947     -15.3317     -15.2821     -15.5386
                -15.8153     -15.3632     -15.5910     -14.8812     -15.3709
   3      0     -15.6800     -15.3665     -15.9874     -15.6222     -15.2838
                -15.2633     -15.3738     -15.5232     -15.4990     -15.6178
                -15.1335     -15.2965     -15.4278     -16.0735     -15.8579
                -15.6247     -15.8179     -15.3503     -15.2967     -15.5649
                -15.8218     -15.3840     -15.6026     -14.8881     -15.3977
   4      0     -15.6737     -15.3690     -15.9915     -15.6195     -15.2768
                -15.2458     -15.3545     -15.5438     -15.4902     -15.6230
                -15.1364     -15.2785     -15.4160     -16.0687     -15.8388
                -15.6191     -15.7876     -15.3401     -15.2983     -15.5662
                -15.8160     -15.3659     -15.5936     -14.8801     -15.3895
   5      0     -15.6681     -15.3512     -15.9871     -15.6270     -15.2629
                -15.2511     -15.3543     -15.5258     -15.4889     -15.6150
                -15.1285     -15.2765     -15.4168     -16.0589     -15.8414
                -15.6191     -15.7892     -15.3313     -15.2884     -15.5562
                -15.8092     -15.3628     -15.5933     -14.8776     -15.3758
   5     60     -15.7179     -15.4009     -16.0376     -15.6766     -15.3131
                -15.3014     -15.4043     -15.5752     -15.5385     -15.6646
                -15.1782     -15.3261     -15.4666     -16.1078     -15.8910
                -15.6693     -15.8397     -15.3815     -15.3386     -15.6068
                -15.8585     -15.4121     -15.6432     -14.9277     -15.4257
   5     80     -16.1648     -15.8489     -16.4875     -16.1232     -15.7612
                -15.7504     -15.8537     -16.0206     -15.9864     -16.1112
                -15.6243     -15.7728     -15.9151     -16.5525     -16.3374
                -16.1186     -16.2921     -15.8286     -15.7891     -16.0575
                -16.3035     -15.8582     -16.0912     -15.3751     -15.8727
   5    100     -17.3036     -16.9934     -17.6289     -17.2670     -16.9009
                -16.8931     -16.9977     -17.1615     -17.1309     -17.2548
                -16.7661     -16.9176     -17.0617     -17.6938     -17.4772
                -17.2648     -17.4427     -16.9638     -16.9363     -17.2011
                -17.4422     -16.9993     -17.2344     -16.5086     -17.0119
 
 group  inft   Estimated free energy: 1-th solvent contribution (kcal/mol)
   1      0       1.7866       1.1740       1.7675       0.7107       1.1092
                  1.1583       0.9929       1.9906       1.5786       1.3998
                  2.4203       2.4323       1.7291       1.6142       1.2882
                  1.6554       1.2161       2.0769       2.3299       2.3796
                  1.4112       2.2006       0.9533       1.7771       1.0548
   1     60       1.7852       1.1727       1.7661       0.7093       1.1079
                  1.1570       0.9915       1.9892       1.5773       1.3984
                  2.4189       2.4309       1.7277       1.6128       1.2868
                  1.6540       1.2147       2.0755       2.3285       2.3782
                  1.4098       2.1992       0.9519       1.7757       1.0535
   1     80       1.7740       1.1617       1.7549       0.6983       1.0972
                  1.1467       0.9804       1.9789       1.5663       1.3876
                  2.4084       2.4202       1.7170       1.6016       1.2760
                  1.6430       1.2034       2.0652       2.3177       2.3680
                  1.3986       2.1881       0.9406       1.7646       1.0431
   1    100       1.7369       1.1249       1.7182       0.6614       1.0612
                  1.1117       0.9431       1.9441       1.5297       1.3512
                  2.3728       2.3841       1.6809       1.5638       1.2395
                  1.6062       1.1655       2.0300       2.2817       2.3336
                  1.3614       2.1509       0.9031       1.7277       1.0082
   2      0       1.7995       1.1797       1.7882       0.7193       1.1085
                  1.1640       0.9955       1.9927       1.5777       1.3938
                  2.4168       2.4283       1.7298       1.6214       1.2952
                  1.6612       1.2205       2.0672       2.3491       2.3696
                  1.4267       2.2026       0.9625       1.8036       1.0697
   3      0       1.8003       1.1855       1.7937       0.7225       1.1140
                  1.1689       0.9992       1.9907       1.5758       1.3958
                  2.4135       2.4282       1.7306       1.6293       1.2944
                  1.6654       1.2190       2.0651       2.3476       2.3613
                  1.4403       2.2046       0.9658       1.8110       1.0651
   4      0       1.8094       1.1824       1.8011       0.7265       1.1159
                  1.1716       1.0050       1.9866       1.5743       1.3984
                  2.4084       2.4252       1.7384       1.6336       1.3037
                  1.6707       1.2267       2.0631       2.3556       2.3594
                  1.4430       2.2077       0.9685       1.8184       1.0761
   5      0       1.8093       1.1891       1.8021       0.7276       1.1190
                  1.1675       1.0034       1.9887       1.5765       1.3969
                  2.4103       2.4315       1.7348       1.6359       1.3005
                  1.6698       1.2242       2.0664       2.3550       2.3630
                  1.4415       2.2088       0.9679       1.8122       1.0727
   5     60       1.8076       1.1874       1.8003       0.7259       1.1173
                  1.1658       1.0017       1.9870       1.5747       1.3952
                  2.4085       2.4298       1.7331       1.6341       1.2988
                  1.6681       1.2225       2.0647       2.3532       2.3613
                  1.4397       2.2071       0.9661       1.8105       1.0711
   5     80       1.7937       1.1738       1.7864       0.7121       1.1039
                  1.1529       0.9878       1.9739       1.5609       1.3816
                  2.3952       2.4162       1.7195       1.6202       1.2854
                  1.6543       1.2085       2.0516       2.3396       2.3483
                  1.4258       2.1931       0.9522       1.7967       1.0583
   5    100       1.7588       1.1389       1.7519       0.6769       1.0696
                  1.1193       0.9522       1.9402       1.5256       1.3466
                  2.3609       2.3815       1.6847       1.5849       1.2510
                  1.6196       1.1728       2.0177       2.3050       2.3147
                  1.3908       2.1575       0.9169       1.7621       1.0252
 
 group  inft   Estimated free energy: 2-th solvent contribution (kcal/mol)
   1      0      -4.2943      -2.6667      -5.6442      -1.7177      -3.9171
                 -3.8510      -3.3220      -2.7016      -2.2328      -2.5685
                 -2.8746      -2.4862      -2.1953      -3.3219      -3.5922
                 -3.4395      -2.4235      -5.1400      -4.3187      -4.8538
                 -4.3999      -3.0094      -2.7320      -6.2369      -3.7101
   1     60      -4.2930      -2.6654      -5.6428      -1.7162      -3.9157
                 -3.8497      -3.3206      -2.7000      -2.2314      -2.5670
                 -2.8732      -2.4847      -2.1939      -3.3203      -3.5908
                 -3.4381      -2.4220      -5.1386      -4.3173      -4.8522
                 -4.3986      -3.0078      -2.7306      -6.2356      -3.7087
   1     80      -4.2862      -2.6582      -5.6361      -1.7080      -3.9089
                 -3.8437      -3.3149      -2.6912      -2.2237      -2.5587
                 -2.8652      -2.4761      -2.1868      -3.3118      -3.5841
                 -3.4314      -2.4151      -5.1313      -4.3104      -4.8447
                 -4.3924      -2.9992      -2.7238      -6.2293      -3.7015
   1    100      -4.2768      -2.6474      -5.6271      -1.6938      -3.8995
                 -3.8363      -3.3074      -2.6763      -2.2115      -2.5455
                 -2.8518      -2.4619      -2.1761      -3.2971      -3.5747
                 -3.4224      -2.4047      -5.1202      -4.3011      -4.8333
                 -4.3846      -2.9842      -2.7138      -6.2208      -3.6906
   2      0      -4.2897      -2.6795      -5.6491      -1.7480      -3.9076
                 -3.8352      -3.3249      -2.7244      -2.2418      -2.5917
                 -2.8995      -2.4731      -2.2023      -3.3275      -3.6031
                 -3.4307      -2.4449      -5.1429      -4.2925      -4.8773
                 -4.3960      -3.0232      -2.7527      -6.2411      -3.7073
   3      0      -4.2922      -2.6886      -5.6498      -1.7657      -3.9143
                 -3.8346      -3.3240      -2.7200      -2.2423      -2.5965
                 -2.9010      -2.4820      -2.2058      -3.3427      -3.6178
                 -3.4276      -2.4581      -5.1456      -4.2932      -4.8804
                 -4.3988      -3.0343      -2.7542      -6.2379      -3.7136
   4      0      -4.3018      -2.6945      -5.6585      -1.7727      -3.9130
                 -3.8283      -3.3218      -2.7427      -2.2449      -2.6044
                 -2.9032      -2.4709      -2.2097      -3.3430      -3.6153
                 -3.4277      -2.4527      -5.1403      -4.3017      -4.8834
                 -4.4015      -3.0256      -2.7579      -6.2433      -3.7152
   5      0      -4.3006      -2.6918      -5.6595      -1.7819      -3.9101
                 -3.8321      -3.3233      -2.7351      -2.2497      -2.6058
                 -2.9014      -2.4783      -2.2103      -3.3488      -3.6167
                 -3.4324      -2.4503      -5.1424      -4.2975      -4.8838
                 -4.3989      -3.0295      -2.7573      -6.2393      -3.7136
   5     60      -4.2989      -2.6902      -5.6579      -1.7801      -3.9085
                 -3.8307      -3.3217      -2.7332      -2.2480      -2.6040
                 -2.8997      -2.4765      -2.2087      -3.3468      -3.6151
                 -3.4308      -2.4486      -5.1407      -4.2958      -4.8820
                 -4.3974      -3.0275      -2.7557      -6.2378      -3.7119
   5     80      -4.2926      -2.6834      -5.6513      -1.7721      -3.9021
                 -3.8250      -3.3163      -2.7248      -2.2408      -2.5962
                 -2.8917      -2.4680      -2.2019      -3.3384      -3.6085
                 -3.4245      -2.4420      -5.1335      -4.2899      -4.8745
                 -4.3915      -3.0194      -2.7491      -6.2319      -3.7050
   5    100      -4.2850      -2.6747      -5.6436      -1.7604      -3.8945
                 -3.8193      -3.3102      -2.7124      -2.2308      -2.5856
                 -2.8804      -2.4559      -2.1931      -3.3259      -3.6008
                 -3.4176      -2.4335      -5.1242      -4.2827      -4.8644
                 -4.3854      -3.0066      -2.7408      -6.2251      -3.6961
 
 group  inft   Estimated free energy: 3-th solvent contribution (kcal/mol)
   1      0     -13.1626     -13.8330     -12.1026     -14.5488     -12.4494
                -12.5683     -13.0163     -14.7723     -14.8075     -14.3771
                -14.6211     -15.2128     -14.9304     -14.3332     -13.5014
                -13.8352     -14.5498     -12.2389     -13.3225     -13.0202
                -12.8384     -14.5266     -13.7830     -10.4367     -12.7171
   1     60     -13.1987     -13.8690     -12.1391     -14.5848     -12.4858
                -12.6047     -13.0525     -14.8083     -14.8435     -14.4131
                -14.6572     -15.2489     -14.9666     -14.3689     -13.5374
                -13.8715     -14.5865     -12.2754     -13.3589     -13.0571
                -12.8739     -14.5626     -13.8191     -10.4731     -12.7534
   1     80     -13.5506     -14.2221     -12.4937     -14.9374     -12.8391
                -12.9585     -13.4055     -15.1613     -15.1966     -14.7656
                -15.0099     -15.6021     -15.3202     -14.7203     -13.8890
                -14.2255     -14.9427     -12.6289     -13.7136     -13.4141
                -13.2238     -14.9148     -14.1720     -10.8254     -13.1068
   1    100     -14.7611     -15.4396     -13.7076     -16.1565     -14.0513
                -14.1729     -14.6190     -16.3807     -16.4150     -15.9832
                -16.2282     -16.8229     -16.5407     -15.9382     -15.1002
                -15.4436     -16.1653     -13.8386     -14.9335     -14.6348
                -14.4330     -16.1315     -15.3872     -12.0308     -14.3216
   2      0     -13.1578     -13.8346     -12.1060     -14.5506     -12.4528
                -12.5708     -13.0241     -14.7597     -14.8044     -14.3856
                -14.6183     -15.2140     -14.9246     -14.3307     -13.5068
                -13.8311     -14.5542     -12.2399     -13.3227     -13.0149
                -12.8300     -14.5265     -13.7847     -10.4277     -12.7173
   3      0     -13.1720     -13.8474     -12.1153     -14.5630     -12.4675
                -12.5817     -13.0330     -14.7778     -14.8165     -14.4011
                -14.6299     -15.2266     -14.9366     -14.3441     -13.5184
                -13.8465     -14.5627     -12.2538     -13.3352     -13.0298
                -12.8472     -14.5384     -13.7982     -10.4452     -12.7332
   4      0     -13.1653     -13.8410     -12.1180     -14.5573     -12.4637
                -12.5732     -13.0217     -14.7717     -14.8036     -14.4009
                -14.6256     -15.2168     -14.9287     -14.3433     -13.5112
                -13.8461     -14.5456     -12.2469     -13.3361     -13.0262
                -12.8415     -14.5319     -13.7882     -10.4392     -12.7345
   5      0     -13.1608     -13.8325     -12.1137     -14.5568     -12.4558
                -12.5704     -13.0184     -14.7634     -14.7996     -14.3902
                -14.6214     -15.2137     -14.9253     -14.3299     -13.5092
                -13.8405     -14.5471     -12.2393     -13.3298     -13.0193
                -12.8358     -14.5261     -13.7878     -10.4344     -12.7189
   5     60     -13.2105     -13.8821     -12.1640     -14.6063     -12.5059
                -12.6205     -13.0683     -14.8130     -14.8493     -14.4398
                -14.6710     -15.2634     -14.9750     -14.3791     -13.5587
                -13.8905     -14.5976     -12.2895     -13.3799     -13.0701
                -12.8847     -14.5756     -13.8376     -10.4844     -12.7688
   5     80     -13.6499     -14.3233     -12.6065     -15.0472     -12.9470
                -13.0622     -13.5092     -15.2538     -15.2905     -14.8805
                -15.1118     -15.7050     -15.4167     -14.8183     -13.9982
                -14.3325     -15.0426     -12.7307     -13.8228     -13.5153
                -13.3218     -15.0159     -14.2783     -10.9239     -13.2100
   5    100     -14.7614     -15.4416     -13.7212     -16.1675     -14.0600
                -14.1770     -14.6237     -16.3732     -16.4096     -15.9997
                -16.2306     -16.8272     -16.5372     -15.9368     -15.1114
                -15.4507     -16.1659     -13.8413     -14.9426     -14.6354
                -14.4316     -16.1342     -15.3945     -12.0295     -14.3249
 
 
 cumulative average & 95% error for solvation free energy
              total             1st component         2nd component         3rd component
  1   -15.6800     0.0000     1.8003     0.0000    -4.2922     0.0000   -13.1720     0.0000
  2   -15.5232     0.3134     1.4929     0.6147    -3.4904     1.6036   -13.5097     0.6754
  3   -15.6780     0.3585     1.5932     0.4076    -4.2102     1.7116   -13.0449     1.0081
  4   -15.6640     0.2550     1.3755     0.5221    -3.5991     1.7201   -13.4244     1.0413
  5   -15.5880     0.2493     1.3232     0.4177    -3.6621     1.3383   -13.2330     0.8928
  6   -15.5339     0.2305     1.2975     0.3449    -3.6909     1.0943   -13.1245     0.7606
  7   -15.5110     0.2001     1.2549     0.3037    -3.6384     0.9307   -13.1114     0.6434
  8   -15.5125     0.1733     1.3468     0.3210    -3.5236     0.8381   -13.3197     0.6957
  9   -15.5110     0.1529     1.3723     0.2876    -3.3813     0.7921   -13.4860     0.6979
 10   -15.5217     0.1384     1.3746     0.2573    -3.3028     0.7256   -13.5775     0.6505
 11   -15.4864     0.1437     1.4691     0.2997    -3.2663     0.6604   -13.6732     0.6187
 12   -15.4706     0.1350     1.5490     0.3169    -3.2009     0.6169   -13.8027     0.6213
 13   -15.4673     0.1243     1.5630     0.2928    -3.1244     0.5877   -13.8899     0.5976
 14   -15.5106     0.1440     1.5677     0.2713    -3.1400     0.5450   -13.9223     0.5570
 15   -15.5338     0.1419     1.5495     0.2552    -3.1718     0.5114   -13.8954     0.5214
 16   -15.5394     0.1332     1.5567     0.2391    -3.1878     0.4794   -13.8924     0.4877
 17   -15.5558     0.1293     1.5369     0.2281    -3.1449     0.4585   -13.9318     0.4649
 18   -15.5444     0.1241     1.5662     0.2229    -3.2560     0.4860   -13.8386     0.4763
 19   -15.5314     0.1202     1.6073     0.2263    -3.3106     0.4725   -13.8121     0.4536
 20   -15.5330     0.1141     1.6450     0.2276    -3.3891     0.4750   -13.7730     0.4374
 21   -15.5468     0.1119     1.6353     0.2173    -3.4372     0.4619   -13.7289     0.4253
 22   -15.5394     0.1078     1.6612     0.2136    -3.4189     0.4419   -13.7657     0.4121
 23   -15.5421     0.1031     1.6309     0.2129    -3.3900     0.4262   -13.7671     0.3938
 24   -15.5149     0.1128     1.6384     0.2044    -3.5086     0.4721   -13.6287     0.4678
 25   -15.5102     0.1086     1.6155     0.2013    -3.5168     0.4531   -13.5929     0.4543
