 ERmod 0.3.7, Copyright (C) 2000-2019 Nobuyuki Matubayasi
                            2010-2019 Shun Sakuraba
 ERmod comes with ABSOLUTELY NO WARRANTY.
 This is free software, and you can redistribute it
 and/or modify it under certain conditions.
 See LICENSE file for details.
Opening: "/home/hervoe/snic2020-6-15/hervoe/Caffeine_solubility/Simulations/opls_simulations/KF/1.50/trajectory_sol_full.xtc"...
  Trying plugin "Gromacs XTC Compressed Trajectory"...OK
 ERmod 0.3.7, Copyright (C) 2000-2019 Nobuyuki Matubayasi
                            2010-2019 Shun Sakuraba
 ERmod comes with ABSOLUTELY NO WARRANTY.
 This is free software, and you can redistribute it
 and/or modify it under certain conditions.
 See LICENSE file for details.
Opening: "/home/hervoe/snic2020-6-15/hervoe/Caffeine_solubility/Simulations/opls_simulations/KF/1.50/trajectory_ref_full.xtc"...
  Trying plugin "Gromacs XTC Compressed Trajectory"...OK
Opening: "/home/hervoe/snic2020-6-15/hervoe/Caffeine_solubility/Simulations/opls_simulations/Solute/trajectory_solute.xtc"...
  Trying plugin "Gromacs XTC Compressed Trajectory"...OK
Opening: "/home/hervoe/snic2020-6-15/hervoe/Caffeine_solubility/Simulations/opls_simulations/Solute/trajectory_solute.xtc"...
  Trying plugin "Gromacs XTC Compressed Trajectory"...OK
Opening: "/home/hervoe/snic2020-6-15/hervoe/Caffeine_solubility/Simulations/opls_simulations/Solute/trajectory_solute.xtc"...
  Trying plugin "Gromacs XTC Compressed Trajectory"...OK
Opening: "/home/hervoe/snic2020-6-15/hervoe/Caffeine_solubility/Simulations/opls_simulations/Solute/trajectory_solute.xtc"...
  Trying plugin "Gromacs XTC Compressed Trajectory"...OK
Opening: "/home/hervoe/snic2020-6-15/hervoe/Caffeine_solubility/Simulations/opls_simulations/Solute/trajectory_solute.xtc"...
  Trying plugin "Gromacs XTC Compressed Trajectory"...OK
Opening: "/home/hervoe/snic2020-6-15/hervoe/Caffeine_solubility/Simulations/opls_simulations/Solute/trajectory_solute.xtc"...
  Trying plugin "Gromacs XTC Compressed Trajectory"...OK
Opening: "/home/hervoe/snic2020-6-15/hervoe/Caffeine_solubility/Simulations/opls_simulations/Solute/trajectory_solute.xtc"...
  Trying plugin "Gromacs XTC Compressed Trajectory"...OK
Opening: "/home/hervoe/snic2020-6-15/hervoe/Caffeine_solubility/Simulations/opls_simulations/Solute/trajectory_solute.xtc"...
  Trying plugin "Gromacs XTC Compressed Trajectory"...OK
Opening: "/home/hervoe/snic2020-6-15/hervoe/Caffeine_solubility/Simulations/opls_simulations/Solute/trajectory_solute.xtc"...
  Trying plugin "Gromacs XTC Compressed Trajectory"...OK
Opening: "/home/hervoe/snic2020-6-15/hervoe/Caffeine_solubility/Simulations/opls_simulations/Solute/trajectory_solute.xtc"...
  Trying plugin "Gromacs XTC Compressed Trajectory"...OK
 
  Number of the   1-th solvent  =           27
  Number of the   2-th solvent  =           27
  Number of the   3-th solvent  =         1000
 
  Be sure that the solvent distribution is homogeneous (radial distribution function is essentially unity) when the solvent molecule is separated beyond distance of   10.0 Angstrom in any direction from any atom within the solute molecule
 
  LJ long-range correction    =        -0.0394     -0.0049     -1.0533
 
  Self-energy of the solute   =        -0.0402  kcal/mol
 
 
 cumulative average & 95% error for solvation energy
              total             1st component         2nd component         3rd component
  1   -50.2244                0.9030               -1.5158              -49.5714
  2   -50.2663     0.0839     1.2724     0.7389    -2.7850     2.5384   -48.7135     1.7158
  3   -50.2916     0.0700     0.7815     1.0704    -3.0833     1.5824   -47.9496     1.8208
  4   -50.2751     0.0595     0.5364     0.9018    -3.0076     1.1291   -47.7637     1.3402
  5   -50.3236     0.1075     0.6268     0.7216    -3.6581     1.5676   -47.2522     1.4575
  6   -50.3476     0.1000     0.7085     0.6114    -3.5739     1.2910   -47.4419     1.2491
  7   -50.3255     0.0953     0.6178     0.5476    -3.8537     1.2262   -47.0494     1.3156
  8   -50.3388     0.0867     0.1782     0.9988    -3.2400     1.6231   -47.2368     1.1995
  9   -50.3306     0.0782     0.2189     0.8846    -3.3047     1.4372   -47.2047     1.0598
 10   -50.3154     0.0763     0.3365     0.8255    -3.4694     1.3270   -47.1424     0.9561
 11   -50.3122     0.0693     0.5255     0.8368    -3.6934     1.2812   -47.1041     0.8682
 12   -50.3213     0.0658     0.6090     0.7820    -3.8468     1.2092   -47.0433     0.8018
 13   -50.3106     0.0641     0.6160     0.7195    -3.8342     1.1126   -47.0523     0.7378
 14   -50.3091     0.0595     0.5287     0.6886    -3.6593     1.0878   -47.1383     0.7044
 15   -50.2927     0.0643     0.6329     0.6741    -3.6136     1.0168   -47.2719     0.7081
 16   -50.2988     0.0614     0.6209     0.6310    -3.6512     0.9541   -47.2283     0.6681
 17   -50.3119     0.0633     0.5461     0.6113    -3.6925     0.9000   -47.1253     0.6605
 18   -50.3255     0.0655     0.4854     0.5890    -3.7255     0.8511   -47.0452     0.6430
 19   -50.3230     0.0622     0.4890     0.5572    -3.7535     0.8070   -47.0183     0.6106
 20   -50.3315     0.0614     0.4878     0.5286    -3.7671     0.7661   -47.0121     0.5794
 21   -50.3252     0.0597     0.4877     0.5028    -3.7494     0.7296   -47.0233     0.5516
 22   -50.3247     0.0570     0.5484     0.4946    -3.7603     0.6960   -47.0727     0.5351
 23   -50.3250     0.0544     0.4303     0.5283    -3.6696     0.6893   -47.0455     0.5142
 24   -50.3341     0.0552     0.5335     0.5463    -3.7538     0.6811   -47.0737     0.4955
 25   -50.3201     0.0599     0.4396     0.5567    -3.7910     0.6575   -46.9285     0.5569
 
 
 group  inft  solvation free energy     error          difference
  total solvation free energy
   1      0        -10.22481           0.10051           0.00538
   1     60        -10.25925           0.10051          -0.02906
   1     80        -10.61280           0.10067          -0.38262
   1    100        -11.91084           0.10114          -1.68066
   2      0        -10.21993           0.10029           0.01025
   3      0        -10.23018           0.09956           0.00000
   4      0        -10.22307           0.10026           0.00711
   5      0        -10.22044           0.10063           0.00974
   5     60        -10.26807           0.10063          -0.03789
   5     80        -10.71550           0.10079          -0.48532
   5    100        -11.90942           0.10119          -1.67924
 
  contribution from  1-th solvent component
   1      0          1.06058           0.27133           0.01011
   1     60          1.06140           0.27133           0.01093
   1     80          1.07702           0.27131           0.02655
   1    100          1.11488           0.27124           0.06442
   2      0          1.05750           0.27106           0.00704
   3      0          1.05046           0.27282           0.00000
   4      0          1.04947           0.27136          -0.00099
   5      0          1.05162           0.27221           0.00116
   5     60          1.05319           0.27220           0.00272
   5     80          1.07057           0.27217           0.02010
   5    100          1.10371           0.27211           0.05325
 
  contribution from  2-th solvent component
   1      0         -1.99908           0.32151          -0.01185
   1     60         -1.99937           0.32151          -0.01214
   1     80         -2.00513           0.32157          -0.01790
   1    100         -2.03020           0.32182          -0.04297
   2      0         -1.99027           0.32019          -0.00304
   3      0         -1.98723           0.31913           0.00000
   4      0         -1.98389           0.31870           0.00335
   5      0         -1.98262           0.31816           0.00461
   5     60         -1.98330           0.31816           0.00393
   5     80         -1.99122           0.31822          -0.00398
   5    100         -2.01397           0.31838          -0.02673
 
  contribution from  3-th solvent component
   1      0         -9.24611           0.27457           0.00711
   1     60         -9.28109           0.27458          -0.02786
   1     80         -9.64450           0.27483          -0.39128
   1    100        -10.95533           0.27595          -1.70211
   2      0         -9.24697           0.27464           0.00625
   3      0         -9.25322           0.27421           0.00000
   4      0         -9.24847           0.27117           0.00476
   5      0         -9.24925           0.27305           0.00397
   5     60         -9.29777           0.27307          -0.04454
   5     80         -9.75466           0.27342          -0.50144
   5    100        -10.95898           0.27451          -1.70575
 
 
 group  inft   Estimated free energy: total (kcal/mol)
   1      0      -9.7813      -9.8446     -10.2945     -10.0605     -10.2475
                -10.5744      -9.9126     -10.3762     -10.1775     -10.3699
                -10.1707     -10.5432      -9.9615     -10.3995      -9.7144
                -10.5641     -10.5456     -10.3176     -10.5030     -10.4121
                -10.3251     -10.0129     -10.1008     -10.1852     -10.2258
   1     60      -9.8156      -9.8792     -10.3288     -10.0950     -10.2821
                -10.6089      -9.9469     -10.4108     -10.2119     -10.4043
                -10.2051     -10.5776      -9.9960     -10.4340      -9.7487
                -10.5984     -10.5799     -10.3522     -10.5374     -10.4466
                -10.3596     -10.0475     -10.1351     -10.2196     -10.2601
   1     80     -10.1694     -10.2350     -10.6831     -10.4491     -10.6369
                -10.9634     -10.2954     -10.7657     -10.5657     -10.7593
                -10.5605     -10.9317     -10.3486     -10.7885     -10.1014
                -10.9529     -10.9317     -10.7060     -10.8909     -10.8007
                -10.7141     -10.4014     -10.4873     -10.5721     -10.6094
   1    100     -11.4704     -11.5411     -11.9849     -11.7483     -11.9366
                -12.2652     -11.5754     -12.0675     -11.8644     -12.0623
                -11.8662     -12.2326     -11.6438     -12.0891     -11.3982
                -12.2536     -12.2239     -12.0025     -12.1892     -12.1000
                -12.0165     -11.7004     -11.7808     -11.8660     -11.8921
   2      0      -9.8052      -9.8247     -10.2820     -10.0422     -10.2258
                -10.5368      -9.8899     -10.3863     -10.1919     -10.3624
                -10.1694     -10.5486      -9.9449     -10.3997      -9.7101
                -10.5605     -10.5623     -10.2912     -10.4975     -10.4138
                -10.3058     -10.0263     -10.1207     -10.2001     -10.2000
   3      0      -9.8500      -9.8276     -10.3073     -10.0660     -10.2213
                -10.5293      -9.9101     -10.3913     -10.2107     -10.3789
                -10.1707     -10.5445      -9.9635     -10.3786      -9.7030
                -10.5806     -10.5816     -10.2977     -10.5050     -10.4284
                -10.3337     -10.0143     -10.1329     -10.1968     -10.2307
   4      0      -9.8124      -9.8392     -10.3064     -10.0449     -10.2186
                -10.5136      -9.8850     -10.3931     -10.2002     -10.3628
                -10.1626     -10.5392      -9.9472     -10.3633      -9.7044
                -10.5721     -10.5736     -10.2946     -10.4948     -10.4449
                -10.3228     -10.0123     -10.1273     -10.2011     -10.2403
   5      0      -9.8414      -9.8255     -10.2966     -10.0583     -10.2045
                -10.5141      -9.8797     -10.3861     -10.1951     -10.3718
                -10.1465     -10.5507      -9.9360     -10.3669      -9.7101
                -10.5752     -10.5869     -10.2862     -10.4982     -10.4200
                -10.3326      -9.9953     -10.1222     -10.1801     -10.2309
   5     60      -9.8890      -9.8733     -10.3442     -10.1060     -10.2523
                -10.5619      -9.9270     -10.4340     -10.2426     -10.4195
                -10.1941     -10.5984      -9.9836     -10.4147      -9.7576
                -10.6227     -10.6342     -10.3339     -10.5457     -10.4679
                -10.3804     -10.0431     -10.1697     -10.2277     -10.2782
   5     80     -10.3380     -10.3235     -10.7923     -10.5543     -10.7007
                -11.0100     -10.3680     -10.8832     -10.6906     -10.8690
                -10.6439     -11.0457     -10.4295     -10.8630     -10.2041
                -11.0718     -11.0797     -10.7814     -10.9932     -10.9162
                -10.8291     -10.4906     -10.6159     -10.6739     -10.7200
   5    100     -11.5374     -11.5253     -11.9876     -11.7498     -11.8950
                -12.2071     -11.5449     -12.0808     -11.8862     -12.0682
                -11.8446     -12.2403     -11.6194     -12.0590     -11.3966
                -12.2697     -12.2689     -11.9739     -12.1880     -12.1115
                -12.0269     -11.6853     -11.8071     -11.8637     -11.8985
 
 group  inft   Estimated free energy: 1-th solvent contribution (kcal/mol)
   1      0       1.3179       1.7507       0.7058       0.6483       1.1862
                  1.1952       1.3041      -0.3812       0.8199       1.3340
                  1.8268       1.4362       1.3718       0.6256       2.0263
                  0.7990       0.2602       0.6599       0.9620       1.1955
                  1.2316       1.8929      -0.1272       2.4325       0.0404
   1     60       1.3188       1.7515       0.7066       0.6491       1.1870
                  1.1959       1.3049      -0.3804       0.8207       1.3349
                  1.8277       1.4369       1.3726       0.6264       2.0272
                  0.7999       0.2611       0.6607       0.9629       1.1962
                  1.2323       1.8937      -0.1264       2.4332       0.0413
   1     80       1.3335       1.7661       0.7225       0.6646       1.2024
                  1.2109       1.3233      -0.3650       0.8355       1.3496
                  1.8424       1.4514       1.3897       0.6415       2.0440
                  0.8139       0.2770       0.6762       0.9794       1.2108
                  1.2475       1.9094      -0.1102       2.4499       0.0591
   1    100       1.3667       1.8002       0.7603       0.7020       1.2400
                  1.2472       1.3716      -0.3273       0.8705       1.3831
                  1.8769       1.4860       1.4328       0.6780       2.0860
                  0.8459       0.3152       0.7140       1.0197       1.2457
                  1.2835       1.9478      -0.0701       2.4919       0.1044
   2      0       1.3162       1.7513       0.7034       0.6688       1.1902
                  1.2086       1.3160      -0.3968       0.8095       1.3371
                  1.8138       1.4145       1.3700       0.6127       2.0276
                  0.7960       0.2423       0.6635       0.9564       1.2010
                  1.2581       1.8644      -0.1439       2.4087       0.0482
   3      0       1.2830       1.7504       0.6826       0.6463       1.1968
                  1.2201       1.2949      -0.3980       0.7987       1.3260
                  1.8054       1.4255       1.3590       0.6392       2.0400
                  0.7728       0.2177       0.6573       0.9506       1.2005
                  1.2367       1.8639      -0.1420       2.4189       0.0154
   4      0       1.2988       1.7206       0.6916       0.6613       1.1939
                  1.2053       1.3130      -0.4142       0.8049       1.3420
                  1.8013       1.4138       1.3553       0.6264       2.0240
                  0.7816       0.2322       0.6588       0.9557       1.1842
                  1.2426       1.8539      -0.1342       2.4108       0.0132
   5      0       1.2862       1.7363       0.6913       0.6467       1.2032
                  1.2149       1.3127      -0.3965       0.7987       1.3294
                  1.8115       1.4066       1.3663       0.6389       2.0270
                  0.7861       0.2120       0.6661       0.9468       1.1937
                  1.2319       1.8693      -0.1267       2.4266       0.0117
   5     60       1.2878       1.7378       0.6930       0.6482       1.2047
                  1.2164       1.3144      -0.3950       0.8003       1.3310
                  1.8131       1.4080       1.3679       0.6404       2.0286
                  0.7877       0.2137       0.6676       0.9485       1.1951
                  1.2334       1.8708      -0.1250       2.4282       0.0135
   5     80       1.3037       1.7538       0.7104       0.6655       1.2220
                  1.2332       1.3354      -0.3778       0.8166       1.3470
                  1.8292       1.4243       1.3870       0.6572       2.0475
                  0.8029       0.2311       0.6849       0.9668       1.2115
                  1.2501       1.8883      -0.1069       2.4469       0.0335
   5    100       1.3323       1.7831       0.7435       0.6983       1.2550
                  1.2652       1.3787      -0.3446       0.8471       1.3760
                  1.8587       1.4546       1.4250       0.6890       2.0845
                  0.8303       0.2641       0.7181       1.0021       1.2424
                  1.2814       1.9219      -0.0716       2.4840       0.0738
 
 group  inft   Estimated free energy: 2-th solvent contribution (kcal/mol)
   1      0      -0.5053      -1.8660      -1.9623      -1.2992      -3.0383
                 -1.7573      -3.0039       0.0629      -1.7090      -2.6096
                 -2.8070      -2.9388      -1.8894      -1.0936      -1.3311
                 -2.2593      -2.2205      -2.3511      -2.3759      -2.3734
                 -2.0759      -2.0533      -0.8986      -2.9413      -2.6799
   1     60      -0.5055      -1.8664      -1.9625      -1.2995      -3.0386
                 -1.7576      -3.0042       0.0626      -1.7093      -2.6099
                 -2.8072      -2.9391      -1.8897      -1.0939      -1.3314
                 -2.2595      -2.2208      -2.3514      -2.3763      -2.3736
                 -2.0762      -2.0537      -0.8989      -2.9415      -2.6802
   1     80      -0.5099      -1.8726      -1.9680      -1.3054      -3.0446
                 -1.7637      -3.0103       0.0569      -1.7150      -2.6156
                 -2.8129      -2.9448      -1.8955      -1.0999      -1.3367
                 -2.2653      -2.2269      -2.3574      -2.3825      -2.3786
                 -2.0817      -2.0597      -0.9043      -2.9472      -2.6864
   1    100      -0.5305      -1.8990      -1.9933      -1.3307      -3.0705
                 -1.7900      -3.0367       0.0323      -1.7398      -2.6404
                 -2.8379      -2.9698      -1.9205      -1.1260      -1.3602
                 -2.2900      -2.2526      -2.3833      -2.4093      -2.4018
                 -2.1059      -2.0857      -0.9280      -2.9722      -2.7132
   2      0      -0.5142      -1.8476      -1.9522      -1.2885      -3.0206
                 -1.7397      -2.9883       0.0694      -1.7082      -2.6025
                 -2.7946      -2.9295      -1.8826      -1.0864      -1.3327
                 -2.2469      -2.2104      -2.3328      -2.3575      -2.3729
                 -2.0835      -2.0397      -0.8929      -2.9337      -2.6682
   3      0      -0.5245      -1.8482      -1.9470      -1.2840      -3.0165
                 -1.7354      -2.9798       0.0723      -1.7072      -2.6013
                 -2.7812      -2.9324      -1.8839      -1.0874      -1.3349
                 -2.2363      -2.2011      -2.3241      -2.3525      -2.3767
                 -2.0840      -2.0226      -0.8997      -2.9342      -2.6582
   4      0      -0.5208      -1.8368      -1.9500      -1.2806      -3.0028
                 -1.7283      -2.9794       0.0701      -1.7041      -2.5991
                 -2.7748      -2.9171      -1.8760      -1.0799      -1.3384
                 -2.2383      -2.1964      -2.3244      -2.3508      -2.3778
                 -2.0818      -2.0295      -0.8931      -2.9300      -2.6573
   5      0      -0.5249      -1.8396      -1.9427      -1.2779      -3.0103
                 -1.7260      -2.9747       0.0712      -1.6975      -2.5935
                 -2.7700      -2.9227      -1.8747      -1.0862      -1.3392
                 -2.2454      -2.1956      -2.3157      -2.3457      -2.3690
                 -2.0786      -2.0218      -0.9028      -2.9287      -2.6534
   5     60      -0.5256      -1.8403      -1.9433      -1.2786      -3.0110
                 -1.7267      -2.9754       0.0705      -1.6983      -2.5941
                 -2.7707      -2.9234      -1.8753      -1.0869      -1.3399
                 -2.2461      -2.1963      -2.3164      -2.3465      -2.3696
                 -2.0792      -2.0225      -0.9035      -2.9293      -2.6541
   5     80      -0.5322      -1.8488      -1.9510      -1.2865      -3.0191
                 -1.7349      -2.9836       0.0628      -1.7062      -2.6020
                 -2.7785      -2.9313      -1.8833      -1.0951      -1.3473
                 -2.2541      -2.2045      -2.3246      -2.3549      -2.3766
                 -2.0871      -2.0307      -0.9112      -2.9373      -2.6624
   5    100      -0.5519      -1.8736      -1.9729      -1.3091      -3.0425
                 -1.7585      -3.0072       0.0407      -1.7291      -2.6245
                 -2.8010      -2.9540      -1.9063      -1.1188      -1.3687
                 -2.2768      -2.2277      -2.3481      -2.3793      -2.3971
                 -2.1095      -2.0542      -0.9334      -2.9597      -2.6861
 
 group  inft   Estimated free energy: 3-th solvent contribution (kcal/mol)
   1      0     -10.5538      -9.6891      -8.9978      -9.3693      -8.3552
                 -9.9721      -8.1726     -10.0178      -9.2481      -9.0541
                 -9.1503      -9.0003      -9.4037      -9.8914     -10.3694
                 -9.0636      -8.5451      -8.5863      -9.0489      -9.1940
                 -9.4406      -9.8123      -9.0347      -9.6361      -7.5461
   1     60     -10.5887      -9.7242      -9.0328      -9.4044      -8.3903
                -10.0070      -8.2074     -10.0528      -9.2831      -9.0891
                 -9.1853      -9.0353      -9.4387      -9.9264     -10.4044
                 -9.0985      -8.5800      -8.6213      -9.0839      -9.2290
                 -9.4756      -9.8473      -9.0696      -9.6711      -7.5810
   1     80     -10.9528     -10.0883      -9.3974      -9.7681      -8.7545
                -10.3703      -8.5682     -10.4174      -9.6460      -9.4531
                 -9.5497      -9.3982      -9.8026     -10.2899     -10.7685
                 -9.4613      -8.9416      -8.9846      -9.4475      -9.5928
                 -9.8396     -10.2108      -9.4326     -10.0346      -7.9420
   1    100     -12.2664     -11.4020     -10.7118     -11.0794     -10.0660
                -11.6822      -9.8701     -11.7323     -10.9548     -10.7648
                -10.8650     -10.7087     -11.1158     -11.6009     -12.0838
                -10.7694     -10.2463     -10.2930     -10.7594     -10.9038
                -11.1538     -11.5223     -10.7426     -11.3456      -9.2432
   2      0     -10.5670      -9.6882      -8.9930      -9.3823      -8.3552
                 -9.9656      -8.1775     -10.0187      -9.2530      -9.0569
                 -9.1484      -8.9934      -9.3922      -9.8857     -10.3649
                 -9.0694      -8.5540      -8.5818      -9.0562      -9.2017
                 -9.4402      -9.8108      -9.0437      -9.6349      -7.5398
   3      0     -10.5683      -9.6896      -9.0028      -9.3880      -8.3614
                 -9.9738      -8.1850     -10.0254      -9.2620      -9.0634
                 -9.1547      -8.9974      -9.3985      -9.8902     -10.3680
                 -9.0770      -8.5579      -8.5906      -9.0629      -9.2120
                 -9.4461      -9.8155      -9.0510      -9.6414      -7.5477
   4      0     -10.5503      -9.6828      -9.0078      -9.3854      -8.3695
                 -9.9504      -8.1784     -10.0088      -9.2608      -9.0655
                 -9.1489      -8.9957      -9.3863      -9.8696     -10.3498
                 -9.0752      -8.5691      -8.5889      -9.0596      -9.2111
                 -9.4434      -9.7965      -9.0599      -9.6418      -7.5561
   5      0     -10.5625      -9.6820      -9.0051      -9.3868      -8.3572
                 -9.9629      -8.1775     -10.0207      -9.2560      -9.0675
                 -9.1478      -8.9944      -9.3874      -9.8794     -10.3577
                 -9.0756      -8.5631      -8.5963      -9.0591      -9.2046
                 -9.4458      -9.8026      -9.0525      -9.6379      -7.5490
   5     60     -10.6111      -9.7306      -9.0536      -9.4355      -8.4058
                -10.0114      -8.2258     -10.0693      -9.3044      -9.1161
                 -9.1964      -9.0428      -9.4360      -9.9280     -10.4062
                 -9.1241      -8.6114      -8.6449      -9.1076      -9.2532
                 -9.4943      -9.8512      -9.1010      -9.6864      -7.5973
   5     80     -11.0693     -10.1883      -9.5116      -9.8931      -8.8633
                -10.4682      -8.6796     -10.5280      -9.7609      -9.5738
                 -9.6544      -9.4985      -9.8930     -10.3849     -10.8640
                 -9.5804      -9.0661      -9.1015      -9.5649      -9.7110
                 -9.9519     -10.3081      -9.5576     -10.1434      -8.0509
   5    100     -12.2776     -11.3947     -10.7180     -11.0988     -10.0672
                -11.6736      -9.8762     -11.7368     -10.9639     -10.7795
                -10.8621     -10.7007     -11.0979     -11.5890     -12.0722
                -10.7829     -10.2651     -10.3038     -10.7706     -10.9167
                -11.1587     -11.5128     -10.7620     -11.3477      -9.2460
 
 
 cumulative average & 95% error for solvation free energy
              total             1st component         2nd component         3rd component
  1    -9.8500     0.0000     1.2830     0.0000    -0.5245     0.0000   -10.5683     0.0000
  2    -9.8388     0.0224     1.5167     0.4675    -1.1864     1.3237   -10.1290     0.8786
  3    -9.9950     0.3126     1.2387     0.6181    -1.4399     0.9172    -9.7536     0.9061
  4   -10.0127     0.2239     1.0906     0.5280    -1.4009     0.6532    -9.6622     0.6663
  5   -10.0545     0.1924     1.1118     0.4112    -1.7241     0.8207    -9.4020     0.7328
  6   -10.1336     0.2230     1.1299     0.3376    -1.7259     0.6701    -9.4973     0.6280
  7   -10.1017     0.1990     1.1534     0.2892    -1.9051     0.6702    -9.3099     0.6498
  8   -10.1379     0.1870     0.9595     0.4617    -1.6579     0.7624    -9.3993     0.5905
  9   -10.1460     0.1657     0.9416     0.4088    -1.6634     0.6724    -9.3840     0.5217
 10   -10.1692     0.1553     0.9801     0.3736    -1.7572     0.6300    -9.3520     0.4710
 11   -10.1694     0.1405     1.0551     0.3698    -1.8503     0.5995    -9.3340     0.4275
 12   -10.2006     0.1427     1.0860     0.3431    -1.9404     0.5762    -9.3060     0.3943
 13   -10.1824     0.1362     1.1070     0.3184    -1.9361     0.5301    -9.3131     0.3630
 14   -10.1964     0.1292     1.0736     0.3023    -1.8755     0.5056    -9.3543     0.3460
 15   -10.1635     0.1371     1.1380     0.3095    -1.8394     0.4761    -9.4219     0.3493
 16   -10.1896     0.1384     1.1152     0.2931    -1.8642     0.4481    -9.4003     0.3296
 17   -10.2126     0.1380     1.0624     0.2949    -1.8840     0.4228    -9.3508     0.3251
 18   -10.2174     0.1304     1.0399     0.2816    -1.9085     0.4016    -9.3086     0.3179
 19   -10.2325     0.1270     1.0352     0.2666    -1.9319     0.3828    -9.2956     0.3018
 20   -10.2423     0.1221     1.0434     0.2534    -1.9541     0.3658    -9.2914     0.2865
 21   -10.2467     0.1165     1.0526     0.2417    -1.9603     0.3482    -9.2988     0.2729
 22   -10.2361     0.1130     1.0895     0.2420    -1.9631     0.3320    -9.3223     0.2644
 23   -10.2316     0.1084     1.0360     0.2548    -1.9169     0.3305    -9.3105     0.2537
 24   -10.2302     0.1038     1.0936     0.2698    -1.9593     0.3276    -9.3243     0.2445
 25   -10.2302     0.0996     1.0505     0.2728    -1.9872     0.3191    -9.2532     0.2742
