 ERmod 0.3.7, Copyright (C) 2000-2019 Nobuyuki Matubayasi
                            2010-2019 Shun Sakuraba
 ERmod comes with ABSOLUTELY NO WARRANTY.
 This is free software, and you can redistribute it
 and/or modify it under certain conditions.
 See LICENSE file for details.
Opening: "/home/hervoe/snic2020-6-15/hervoe/Caffeine_solubility/Simulations/opls_simulations/CsF/0.50/trajectory_sol_full.xtc"...
  Trying plugin "Gromacs XTC Compressed Trajectory"...OK
 ERmod 0.3.7, Copyright (C) 2000-2019 Nobuyuki Matubayasi
                            2010-2019 Shun Sakuraba
 ERmod comes with ABSOLUTELY NO WARRANTY.
 This is free software, and you can redistribute it
 and/or modify it under certain conditions.
 See LICENSE file for details.
Opening: "/home/hervoe/snic2020-6-15/hervoe/Caffeine_solubility/Simulations/opls_simulations/CsF/0.50/trajectory_ref_full.xtc"...
  Trying plugin "Gromacs XTC Compressed Trajectory"...OK
Opening: "/home/hervoe/snic2020-6-15/hervoe/Caffeine_solubility/Simulations/opls_simulations/Solute/trajectory_solute.xtc"...
  Trying plugin "Gromacs XTC Compressed Trajectory"...OK
Opening: "/home/hervoe/snic2020-6-15/hervoe/Caffeine_solubility/Simulations/opls_simulations/Solute/trajectory_solute.xtc"...
  Trying plugin "Gromacs XTC Compressed Trajectory"...OK
Opening: "/home/hervoe/snic2020-6-15/hervoe/Caffeine_solubility/Simulations/opls_simulations/Solute/trajectory_solute.xtc"...
  Trying plugin "Gromacs XTC Compressed Trajectory"...OK
Opening: "/home/hervoe/snic2020-6-15/hervoe/Caffeine_solubility/Simulations/opls_simulations/Solute/trajectory_solute.xtc"...
  Trying plugin "Gromacs XTC Compressed Trajectory"...OK
Opening: "/home/hervoe/snic2020-6-15/hervoe/Caffeine_solubility/Simulations/opls_simulations/Solute/trajectory_solute.xtc"...
  Trying plugin "Gromacs XTC Compressed Trajectory"...OK
Opening: "/home/hervoe/snic2020-6-15/hervoe/Caffeine_solubility/Simulations/opls_simulations/Solute/trajectory_solute.xtc"...
  Trying plugin "Gromacs XTC Compressed Trajectory"...OK
Opening: "/home/hervoe/snic2020-6-15/hervoe/Caffeine_solubility/Simulations/opls_simulations/Solute/trajectory_solute.xtc"...
  Trying plugin "Gromacs XTC Compressed Trajectory"...OK
Opening: "/home/hervoe/snic2020-6-15/hervoe/Caffeine_solubility/Simulations/opls_simulations/Solute/trajectory_solute.xtc"...
  Trying plugin "Gromacs XTC Compressed Trajectory"...OK
Opening: "/home/hervoe/snic2020-6-15/hervoe/Caffeine_solubility/Simulations/opls_simulations/Solute/trajectory_solute.xtc"...
  Trying plugin "Gromacs XTC Compressed Trajectory"...OK
Opening: "/home/hervoe/snic2020-6-15/hervoe/Caffeine_solubility/Simulations/opls_simulations/Solute/trajectory_solute.xtc"...
  Trying plugin "Gromacs XTC Compressed Trajectory"...OK
 
  Number of the   1-th solvent  =            9
  Number of the   2-th solvent  =            9
  Number of the   3-th solvent  =         1000
 
  Be sure that the solvent distribution is homogeneous (radial distribution function is essentially unity) when the solvent molecule is separated beyond distance of   10.0 Angstrom in any direction from any atom within the solute molecule
 
  LJ long-range correction    =        -0.0130     -0.0020     -1.0396
 
  Self-energy of the solute   =        -0.0397  kcal/mol
 
 
 cumulative average & 95% error for solvation energy
              total             1st component         2nd component         3rd component
  1   -49.8505               -0.4982               -0.3583              -48.9543
  2   -49.8394     0.0222     0.7806     2.5575    -0.6762     0.6358   -49.9041     1.8996
  3   -49.8303     0.0223     0.7759     1.4766    -1.1286     0.9765   -49.4379     1.4395
  4   -49.7641     0.1332     0.8022     1.0455    -1.2389     0.7248   -49.2878     1.0613
  5   -49.7415     0.1127     0.8946     0.8306    -1.2876     0.5699   -49.3088     0.8231
  6   -49.7517     0.0943     0.7685     0.7235    -1.4185     0.5339   -49.0620     0.8338
  7   -49.7881     0.1080     0.6176     0.6819    -1.4771     0.4662   -48.8889     0.7851
  8   -49.8149     0.1077     0.6210     0.5906    -1.6181     0.4925   -48.7781     0.7152
  9   -49.8134     0.0951     0.3426     0.7624    -1.6216     0.4344   -48.4947     0.8479
 10   -49.8134     0.0850     0.3974     0.6906    -1.6845     0.4083   -48.4867     0.7586
 11   -49.8044     0.0790     0.3291     0.6395    -1.6433     0.3784   -48.4506     0.6900
 12   -49.8014     0.0723     0.3318     0.5838    -1.5272     0.4162   -48.5664     0.6711
 13   -49.8264     0.0831     0.1331     0.6680    -1.3696     0.4959   -48.5502     0.6182
 14   -49.8431     0.0840    -0.0230     0.6928    -1.3575     0.4597   -48.4230     0.6263
 15   -49.8490     0.0790    -0.0146     0.6452    -1.3463     0.4286   -48.4484     0.5853
 16   -49.8464     0.0741     0.0008     0.6043    -1.2945     0.4141   -48.5129     0.5624
 17   -49.8488     0.0698     0.0017     0.5676    -1.2984     0.3890   -48.5124     0.5283
 18   -49.8504     0.0659    -0.0031     0.5353    -1.2157     0.4024   -48.5920     0.5229
 19   -49.8567     0.0636     0.0308     0.5108    -1.2233     0.3809   -48.6246     0.4989
 20   -49.8537     0.0606     0.0715     0.4914    -1.2429     0.3635   -48.6426     0.4747
 21   -49.8565     0.0579     0.0605     0.4679    -1.2324     0.3464   -48.6449     0.4516
 22   -49.8458     0.0592     0.0967     0.4520    -1.2467     0.3315   -48.6562     0.4311
 23   -49.8403     0.0577     0.0705     0.4351    -1.2345     0.3177   -48.6365     0.4138
 24   -49.8399     0.0552     0.0295     0.4245    -1.2750     0.3148   -48.5548     0.4286
 25   -49.8421     0.0531     0.0812     0.4201    -1.2862     0.3027   -48.5974     0.4199
 
 
 group  inft  solvation free energy     error          difference
  total solvation free energy
   1      0        -11.27341           0.08525           0.00220
   1     60        -11.30178           0.08527          -0.02617
   1     80        -11.61735           0.08544          -0.34174
   1    100        -12.81523           0.08607          -1.53962
   2      0        -11.26945           0.08250           0.00616
   3      0        -11.27561           0.08554           0.00000
   4      0        -11.26351           0.08543           0.01210
   5      0        -11.26801           0.08588           0.00760
   5     60        -11.30802           0.08589          -0.03241
   5     80        -11.70551           0.08613          -0.42990
   5    100        -12.81016           0.08669          -1.53455
 
  contribution from  1-th solvent component
   1      0          0.22404           0.22684           0.00664
   1     60          0.22485           0.22686           0.00745
   1     80          0.23091           0.22704           0.01350
   1    100          0.24727           0.22765           0.02986
   2      0          0.21886           0.22534           0.00146
   3      0          0.21741           0.22745           0.00000
   4      0          0.21318           0.22725          -0.00423
   5      0          0.21398           0.22760          -0.00342
   5     60          0.21474           0.22762          -0.00267
   5     80          0.22264           0.22789           0.00524
   5    100          0.23745           0.22853           0.02005
 
  contribution from  2-th solvent component
   1      0         -0.65473           0.16100          -0.00509
   1     60         -0.65505           0.16100          -0.00541
   1     80         -0.65769           0.16108          -0.00805
   1    100         -0.66747           0.16135          -0.01783
   2      0         -0.65216           0.15928          -0.00252
   3      0         -0.64964           0.15910           0.00000
   4      0         -0.64881           0.15909           0.00083
   5      0         -0.64794           0.15905           0.00170
   5     60         -0.64826           0.15905           0.00138
   5     80         -0.65139           0.15915          -0.00175
   5    100         -0.66079           0.15935          -0.01116
 
  contribution from  3-th solvent component
   1      0        -10.80306           0.20337           0.00065
   1     60        -10.83192           0.20337          -0.02820
   1     80        -11.15090           0.20356          -0.34719
   1    100        -12.35536           0.20424          -1.55165
   2      0        -10.79649           0.20356           0.00722
   3      0        -10.80371           0.20298           0.00000
   4      0        -10.78821           0.20067           0.01550
   5      0        -10.79439           0.20168           0.00932
   5     60        -10.83484           0.20169          -0.03112
   5     80        -11.23710           0.20194          -0.43338
   5    100        -12.34715           0.20262          -1.54344
 
 
 group  inft   Estimated free energy: total (kcal/mol)
   1      0     -11.4941     -11.1599     -11.3870     -11.1675     -11.0015
                -11.5753     -11.3601     -11.2910     -11.5198     -11.3288
                -10.8794     -11.3825     -11.4392     -11.5115     -11.1734
                -10.8537     -11.2622     -11.2566     -11.3232     -11.4915
                -11.3686     -10.8497     -11.0178     -11.4295     -11.3118
   1     60     -11.5224     -11.1884     -11.4154     -11.1958     -11.0296
                -11.6038     -11.3885     -11.3195     -11.5481     -11.3571
                -10.9077     -11.4107     -11.4676     -11.5399     -11.2017
                -10.8820     -11.2906     -11.2851     -11.3516     -11.5200
                -11.3970     -10.8779     -11.0460     -11.4579     -11.3401
   1     80     -11.8375     -11.5042     -11.7311     -11.5110     -11.3433
                -11.9198     -11.7043     -11.6363     -11.8634     -11.6729
                -11.2234     -11.7267     -11.7825     -11.8559     -11.5169
                -11.1973     -11.6062     -11.6018     -11.6681     -11.8372
                -11.7137     -11.1918     -11.3603     -11.7731     -11.6551
   1    100     -13.0333     -12.7025     -12.9289     -12.7071     -12.5352
                -13.1185     -12.9028     -12.8398     -13.0595     -12.8703
                -12.4211     -12.9270     -12.9786     -13.0549     -12.7147
                -12.3937     -12.8040     -12.8040     -12.8696     -13.0408
                -12.9162     -12.3833     -12.5529     -12.9706     -12.8515
   2      0     -11.4840     -11.1632     -11.3785     -11.1531     -11.0119
                -11.5516     -11.3484     -11.2859     -11.4805     -11.3010
                -10.9002     -11.4297     -11.4352     -11.4742     -11.1589
                -10.8657     -11.2559     -11.2829     -11.3296     -11.4986
                -11.3545     -10.8399     -11.0222     -11.4185     -11.3122
   3      0     -11.5100     -11.1858     -11.3809     -11.1428     -10.9965
                -11.5760     -11.3637     -11.2921     -11.5067     -11.3336
                -10.8820     -11.4401     -11.4558     -11.4844     -11.1811
                -10.8571     -11.2507     -11.2809     -11.3172     -11.4974
                -11.3641     -10.8404     -11.0278     -11.4159     -11.3074
   4      0     -11.4984     -11.1576     -11.3599     -11.1180     -10.9965
                -11.5708     -11.3566     -11.2984     -11.5120     -11.3184
                -10.8861     -11.4146     -11.4432     -11.4744     -11.1702
                -10.8566     -11.2347     -11.2421     -11.3037     -11.4820
                -11.3620     -10.8044     -11.0374     -11.3980     -11.2917
   5      0     -11.5022     -11.1647     -11.3678     -11.1297     -10.9966
                -11.5691     -11.3558     -11.2981     -11.5041     -11.3245
                -10.8751     -11.4342     -11.4509     -11.4773     -11.1799
                -10.8566     -11.2431     -11.2598     -11.3109     -11.4923
                -11.3626     -10.8135     -11.0310     -11.4031     -11.2973
   5     60     -11.5421     -11.2048     -11.4079     -11.1696     -11.0364
                -11.6091     -11.3959     -11.3382     -11.5441     -11.3645
                -10.9152     -11.4742     -11.4909     -11.5173     -11.2199
                -10.8966     -11.2831     -11.3000     -11.3510     -11.5324
                -11.4027     -10.8534     -11.0709     -11.4430     -11.3373
   5     80     -11.9384     -11.6025     -11.8060     -11.5663     -11.4309
                -12.0072     -11.7937     -11.7370     -11.9407     -11.7620
                -11.3129     -11.8722     -11.8873     -11.9157     -11.6169
                -11.2934     -11.6805     -11.6994     -11.7497     -11.9322
                -11.8020     -11.2488     -11.4670     -11.8404     -11.7345
   5    100     -13.0403     -12.7077     -12.9117     -12.6680     -12.5296
                -13.1127     -12.8992     -12.8455     -13.0429     -12.8660
                -12.4181     -12.9788     -12.9901     -13.0214     -12.7219
                -12.3962     -12.7843     -12.8088     -12.8574     -13.0426
                -12.9115     -12.3480     -12.5679     -12.9444     -12.8389
 
 group  inft   Estimated free energy: 1-th solvent contribution (kcal/mol)
   1      0      -0.3085       1.1848       0.4552       0.6237       1.0364
                  0.0813       0.0108       0.5459      -0.8680       0.5680
                  0.1882       0.2463      -0.9387      -0.9059       0.3130
                  0.6734       0.2747       0.0579       0.4225       0.4702
                  0.0868       0.9833       0.0647      -0.3622       0.6972
   1     60      -0.3076       1.1856       0.4559       0.6245       1.0375
                  0.0821       0.0116       0.5466      -0.8671       0.5689
                  0.1889       0.2473      -0.9379      -0.9052       0.3138
                  0.6743       0.2755       0.0586       0.4233       0.4709
                  0.0875       0.9842       0.0656      -0.3615       0.6979
   1     80      -0.3011       1.1923       0.4614       0.6311       1.0455
                  0.0876       0.0178       0.5518      -0.8611       0.5756
                  0.1948       0.2537      -0.9326      -0.9003       0.3199
                  0.6812       0.2818       0.0639       0.4293       0.4766
                  0.0928       0.9913       0.0724      -0.3567       0.7038
   1    100      -0.2833       1.2110       0.4760       0.6495       1.0680
                  0.1022       0.0347       0.5648      -0.8444       0.5941
                  0.2108       0.2708      -0.9188      -0.8884       0.3363
                  0.7005       0.2994       0.0778       0.4454       0.4916
                  0.1065       1.0114       0.0911      -0.3450       0.7196
   2      0      -0.3155       1.1813       0.4557       0.6131       1.0216
                  0.0981       0.0146       0.5225      -0.8448       0.5848
                  0.1618       0.2007      -0.9414      -0.9018       0.3231
                  0.6501       0.2688       0.0455       0.4014       0.4630
                  0.0807       0.9904       0.0772      -0.3715       0.6924
   3      0      -0.3278       1.1730       0.4580       0.6285       1.0406
                  0.0825      -0.0001       0.5278      -0.8644       0.5604
                  0.1758       0.1925      -0.9553      -0.9062       0.3093
                  0.6687       0.2783       0.0505       0.4149       0.4651
                  0.0760       0.9930       0.0672      -0.3664       0.6934
   4      0      -0.3416       1.1713       0.4586       0.6264       1.0224
                  0.0725      -0.0026       0.5169      -0.8723       0.5507
                  0.1662       0.1894      -0.9545      -0.9023       0.3055
                  0.6577       0.2811       0.0550       0.4069       0.4681
                  0.0690       1.0083       0.0481      -0.3602       0.6888
   5      0      -0.3437       1.1756       0.4572       0.6258       1.0295
                  0.0778       0.0007       0.5223      -0.8655       0.5557
                  0.1692       0.1862      -0.9575      -0.9049       0.3089
                  0.6586       0.2779       0.0528       0.4076       0.4670
                  0.0651       1.0058       0.0522      -0.3637       0.6890
   5     60      -0.3429       1.1764       0.4579       0.6266       1.0305
                  0.0786       0.0015       0.5229      -0.8647       0.5565
                  0.1699       0.1870      -0.9568      -0.9042       0.3097
                  0.6594       0.2787       0.0534       0.4083       0.4677
                  0.0658       1.0066       0.0531      -0.3631       0.6897
   5     80      -0.3345       1.1852       0.4650       0.6353       1.0413
                  0.0855       0.0096       0.5295      -0.8566       0.5653
                  0.1780       0.1955      -0.9500      -0.8982       0.3174
                  0.6687       0.2869       0.0602       0.4161       0.4749
                  0.0724       1.0162       0.0620      -0.3570       0.6972
   5    100      -0.3184       1.2025       0.4782       0.6523       1.0628
                  0.0981       0.0250       0.5412      -0.8413       0.5821
                  0.1932       0.2113      -0.9378      -0.8880       0.3319
                  0.6866       0.3029       0.0724       0.4307       0.4883
                  0.0840       1.0347       0.0791      -0.3467       0.7114
 
 group  inft   Estimated free energy: 2-th solvent contribution (kcal/mol)
   1      0      -0.1554      -0.4205      -1.0507      -0.8403      -0.7975
                 -1.1888      -0.8880      -1.2576      -0.9574      -1.1558
                 -0.4808      -0.1774       0.2388      -0.6790      -0.5062
                 -0.2565      -0.7382       0.1691      -0.6295      -0.9490
                 -0.5665      -0.8398      -0.4467      -1.1352      -0.6592
   1     60      -0.1558      -0.4209      -1.0511      -0.8406      -0.7979
                 -1.1891      -0.8883      -1.2580      -0.9577      -1.1561
                 -0.4811      -0.1777       0.2384      -0.6793      -0.5065
                 -0.2568      -0.7385       0.1688      -0.6298      -0.9494
                 -0.5668      -0.8401      -0.4470      -1.1355      -0.6595
   1     80      -0.1581      -0.4233      -1.0539      -0.8434      -0.8007
                 -1.1920      -0.8910      -1.2607      -0.9605      -1.1589
                 -0.4839      -0.1802       0.2366      -0.6822      -0.5090
                 -0.2594      -0.7412       0.1666      -0.6325      -0.9521
                 -0.5697      -0.8429      -0.4497      -1.1382      -0.6621
   1    100      -0.1665      -0.4321      -1.0642      -0.8539      -0.8110
                 -1.2023      -0.9009      -1.2706      -0.9710      -1.1689
                 -0.4943      -0.1899       0.2298      -0.6928      -0.5183
                 -0.2685      -0.7512       0.1581      -0.6427      -0.9622
                 -0.5802      -0.8535      -0.4595      -1.1484      -0.6718
   2      0      -0.1498      -0.4189      -1.0454      -0.8348      -0.7943
                 -1.1846      -0.8848      -1.2513      -0.9512      -1.1591
                 -0.4637      -0.1928       0.2317      -0.6521      -0.5047
                 -0.2629      -0.7377       0.1486      -0.6247      -0.9553
                 -0.5518      -0.8373      -0.4527      -1.1228      -0.6516
   3      0      -0.1525      -0.4299      -1.0438      -0.8308      -0.7945
                 -1.1873      -0.8783      -1.2482      -0.9451      -1.1558
                 -0.4567      -0.1889       0.2352      -0.6473      -0.5059
                 -0.2621      -0.7344       0.1530      -0.6182      -0.9488
                 -0.5507      -0.8367      -0.4488      -1.1174      -0.6471
   4      0      -0.1548      -0.4267      -1.0400      -0.8311      -0.7933
                 -1.1884      -0.8742      -1.2534      -0.9431      -1.1516
                 -0.4564      -0.1865       0.2326      -0.6468      -0.5101
                 -0.2651      -0.7374       0.1584      -0.6148      -0.9430
                 -0.5482      -0.8371      -0.4441      -1.1182      -0.6469
   5      0      -0.1487      -0.4274      -1.0433      -0.8297      -0.7905
                 -1.1858      -0.8738      -1.2518      -0.9400      -1.1538
                 -0.4519      -0.1863       0.2324      -0.6437      -0.5101
                 -0.2591      -0.7379       0.1504      -0.6153      -0.9475
                 -0.5447      -0.8366      -0.4424      -1.1161      -0.6449
   5     60      -0.1490      -0.4277      -1.0436      -0.8301      -0.7908
                 -1.1861      -0.8741      -1.2521      -0.9404      -1.1541
                 -0.4522      -0.1866       0.2321      -0.6441      -0.5104
                 -0.2594      -0.7382       0.1501      -0.6156      -0.9478
                 -0.5450      -0.8370      -0.4428      -1.1165      -0.6453
   5     80      -0.1514      -0.4304      -1.0469      -0.8335      -0.7941
                 -1.1894      -0.8774      -1.2553      -0.9437      -1.1574
                 -0.4556      -0.1899       0.2302      -0.6474      -0.5132
                 -0.2624      -0.7414       0.1473      -0.6189      -0.9511
                 -0.5483      -0.8403      -0.4459      -1.1198      -0.6484
   5    100      -0.1595      -0.4388      -1.0568      -0.8434      -0.8040
                 -1.1990      -0.8871      -1.2648      -0.9536      -1.1672
                 -0.4655      -0.1996       0.2233      -0.6572      -0.5221
                 -0.2713      -0.7510       0.1384      -0.6286      -0.9608
                 -0.5581      -0.8504      -0.4554      -1.1294      -0.6578
 
 group  inft   Estimated free energy: 3-th solvent contribution (kcal/mol)
   1      0     -10.9905     -11.8845     -10.7517     -10.9112     -11.2007
                -10.4282     -10.4433     -10.5396      -9.6548     -10.7013
                -10.5471     -11.4118     -10.6996      -9.8869     -10.9405
                -11.2309     -10.7591     -11.4438     -11.0766     -10.9729
                -10.8492     -10.9536     -10.5962      -9.8925     -11.3102
   1     60     -11.0194     -11.9134     -10.7806     -10.9401     -11.2296
                -10.4570     -10.4722     -10.5685      -9.6836     -10.7302
                -10.5759     -11.4407     -10.7284      -9.9157     -10.9693
                -11.2598     -10.7879     -11.4728     -11.1055     -11.0019
                -10.8780     -10.9823     -10.6250      -9.9212     -11.3389
   1     80     -11.3386     -12.2336     -11.0989     -11.2590     -11.5484
                -10.7757     -10.7915     -10.8877     -10.0021     -11.0499
                -10.8946     -11.7605     -11.0468     -10.2338     -11.2881
                -11.5795     -11.1071     -11.7926     -11.4253     -11.3220
                -11.1972     -11.3006     -10.9433     -10.2385     -11.6571
   1    100     -12.5438     -13.4416     -12.3010     -12.4631     -12.7525
                -11.9787     -11.9970     -12.0942     -11.2045     -12.2559
                -12.0980     -12.9682     -12.2500     -11.4340     -12.4930
                -12.7861     -12.3125     -13.0003     -12.6327     -12.5305
                -12.4028     -12.5015     -12.1447     -11.4375     -12.8597
   2      0     -10.9791     -11.8859     -10.7491     -10.8917     -11.1995
                -10.4255     -10.4385     -10.5174      -9.6448     -10.6869
                -10.5586     -11.3978     -10.6859      -9.8806     -10.9376
                -11.2133     -10.7474     -11.4373     -11.0667     -10.9667
                -10.8438     -10.9533     -10.6070      -9.8846     -11.3134
   3      0     -10.9900     -11.8892     -10.7553     -10.9008     -11.2029
                -10.4316     -10.4457     -10.5320      -9.6574     -10.6985
                -10.5614     -11.4040     -10.6960      -9.8913     -10.9448
                -11.2240     -10.7550     -11.4448     -11.0742     -10.9740
                -10.8497     -10.9570     -10.6066      -9.8924     -11.3141
   4      0     -10.9624     -11.8625     -10.7388     -10.8737     -11.1860
                -10.4153     -10.4401     -10.5222      -9.6569     -10.6778
                -10.5562     -11.3779     -10.6815      -9.8856     -10.9259
                -11.2096     -10.7387     -11.4158     -11.0562     -10.9674
                -10.8431     -10.9360     -10.6017      -9.8799     -11.2940
   5      0     -10.9701     -11.8733     -10.7421     -10.8861     -11.1959
                -10.4215     -10.4431     -10.5289      -9.6589     -10.6867
                -10.5528     -11.3944     -10.6861      -9.8890     -10.9391
                -11.2164     -10.7435     -11.4233     -11.0635     -10.9721
                -10.8433     -10.9430     -10.6012      -9.8836     -11.3017
   5     60     -11.0106     -11.9138     -10.7826     -10.9265     -11.2363
                -10.4619     -10.4836     -10.5693      -9.6993     -10.7273
                -10.5932     -11.4350     -10.7265      -9.9294     -10.9795
                -11.2569     -10.7840     -11.4638     -11.1040     -11.0127
                -10.8838     -10.9834     -10.6416      -9.9238     -11.3420
   5     80     -11.4128     -12.3177     -11.1844     -11.3285     -11.6385
                -10.8637     -10.8863     -10.9716     -10.1008     -11.1302
                -10.9956     -11.8382     -11.1279     -10.3304     -11.3815
                -11.6600     -11.1863     -11.8672     -11.5073     -11.4164
                -11.2864     -11.3850     -11.0434     -10.3239     -11.7436
   5    100     -12.5226     -13.4317     -12.2934     -12.4372     -12.7487
                -11.9722     -11.9974     -12.0822     -11.2083     -12.2413
                -12.1062     -12.9508     -12.2359     -11.4366     -12.4920
                -12.7718     -12.2965     -12.9800     -12.6198     -12.5304
                -12.3977     -12.4926     -12.1519     -11.4286     -12.8528
 
 
 cumulative average & 95% error for solvation free energy
              total             1st component         2nd component         3rd component
  1   -11.5100     0.0000    -0.3278     0.0000    -0.1525     0.0000   -10.9900     0.0000
  2   -11.3479     0.3242     0.4226     1.5008    -0.2912     0.2774   -11.4396     0.8992
  3   -11.3589     0.1885     0.4344     0.8668    -0.5421     0.5267   -11.2115     0.6911
  4   -11.3049     0.1716     0.4829     0.6206    -0.6143     0.3994   -11.1338     0.5128
  5   -11.2432     0.1813     0.5945     0.5299    -0.6503     0.3177   -11.1476     0.3982
  6   -11.2986     0.1850     0.5091     0.4651    -0.7398     0.3151   -11.0283     0.4033
  7   -11.3079     0.1575     0.4364     0.4192    -0.7596     0.2693   -10.9451     0.3793
  8   -11.3060     0.1364     0.4478     0.3637    -0.8207     0.2633   -10.8934     0.3444
  9   -11.3283     0.1283     0.3020     0.4335    -0.8345     0.2338   -10.7561     0.4095
 10   -11.3288     0.1148     0.3278     0.3912    -0.8666     0.2188   -10.7503     0.3664
 11   -11.2882     0.1318     0.3140     0.3549    -0.8294     0.2115   -10.7332     0.3332
 12   -11.3008     0.1230     0.3039     0.3246    -0.7760     0.2206   -10.7891     0.3241
 13   -11.3128     0.1156     0.2070     0.3559    -0.6982     0.2557   -10.7819     0.2985
 14   -11.3250     0.1098     0.1275     0.3659    -0.6946     0.2368   -10.7183     0.3042
 15   -11.3154     0.1040     0.1396     0.3415    -0.6820     0.2219   -10.7334     0.2848
 16   -11.2868     0.1129     0.1727     0.3262    -0.6558     0.2141   -10.7641     0.2734
 17   -11.2847     0.1061     0.1789     0.3067    -0.6604     0.2013   -10.7635     0.2568
 18   -11.2844     0.1001     0.1718     0.2895    -0.6152     0.2102   -10.8014     0.2537
 19   -11.2862     0.0947     0.1846     0.2750    -0.6153     0.1989   -10.8157     0.2417
 20   -11.2967     0.0923     0.1986     0.2624    -0.6320     0.1916   -10.8236     0.2298
 21   -11.2999     0.0880     0.1928     0.2499    -0.6281     0.1824   -10.8249     0.2186
 22   -11.2791     0.0938     0.2291     0.2491    -0.6376     0.1749   -10.8309     0.2088
 23   -11.2681     0.0922     0.2221     0.2384    -0.6294     0.1680   -10.8211     0.2004
 24   -11.2743     0.0891     0.1976     0.2335    -0.6497     0.1659   -10.7824     0.2069
 25   -11.2756     0.0855     0.2174     0.2275    -0.6496     0.1591   -10.8037     0.2030
