Lmod has detected the following error: These module(s) exist but cannot be
loaded as requested: "hwloc/1.11.11"
   Try: "module spider hwloc/1.11.11" to see how to load the module(s).



Lmod has detected the following error: These module(s) exist but cannot be
loaded as requested: "hwloc/1.11.11"
   Try: "module spider hwloc/1.11.11" to see how to load the module(s).



 ERmod 0.3.7, Copyright (C) 2000-2019 Nobuyuki Matubayasi
                            2010-2019 Shun Sakuraba
 ERmod comes with ABSOLUTELY NO WARRANTY.
 This is free software, and you can redistribute it
 and/or modify it under certain conditions.
 See LICENSE file for details.
Opening: "/home/hervoe/snic2020-6-15/hervoe/temp/Simulations/NaI/1.50/trajectory_sol_full.xtc"...
  Trying plugin "Gromacs XTC Compressed Trajectory"...OK
 ERmod 0.3.7, Copyright (C) 2000-2019 Nobuyuki Matubayasi
                            2010-2019 Shun Sakuraba
 ERmod comes with ABSOLUTELY NO WARRANTY.
 This is free software, and you can redistribute it
 and/or modify it under certain conditions.
 See LICENSE file for details.
Opening: "/home/hervoe/snic2020-6-15/hervoe/temp/Simulations/NaI/1.50/trajectory_ref_full.xtc"...
  Trying plugin "Gromacs XTC Compressed Trajectory"...OK
Opening: "/home/hervoe/snic2020-6-15/hervoe/temp/Simulations/Solute_new/trajectory_solute.xtc"...
  Trying plugin "Gromacs XTC Compressed Trajectory"...OK
Opening: "/home/hervoe/snic2020-6-15/hervoe/temp/Simulations/Solute_new/trajectory_solute.xtc"...
  Trying plugin "Gromacs XTC Compressed Trajectory"...OK
Opening: "/home/hervoe/snic2020-6-15/hervoe/temp/Simulations/Solute_new/trajectory_solute.xtc"...
  Trying plugin "Gromacs XTC Compressed Trajectory"...OK
Opening: "/home/hervoe/snic2020-6-15/hervoe/temp/Simulations/Solute_new/trajectory_solute.xtc"...
  Trying plugin "Gromacs XTC Compressed Trajectory"...OK
Opening: "/home/hervoe/snic2020-6-15/hervoe/temp/Simulations/Solute_new/trajectory_solute.xtc"...
  Trying plugin "Gromacs XTC Compressed Trajectory"...OK
Opening: "/home/hervoe/snic2020-6-15/hervoe/temp/Simulations/Solute_new/trajectory_solute.xtc"...
  Trying plugin "Gromacs XTC Compressed Trajectory"...OK
Opening: "/home/hervoe/snic2020-6-15/hervoe/temp/Simulations/Solute_new/trajectory_solute.xtc"...
  Trying plugin "Gromacs XTC Compressed Trajectory"...OK
Opening: "/home/hervoe/snic2020-6-15/hervoe/temp/Simulations/Solute_new/trajectory_solute.xtc"...
  Trying plugin "Gromacs XTC Compressed Trajectory"...OK
Opening: "/home/hervoe/snic2020-6-15/hervoe/temp/Simulations/Solute_new/trajectory_solute.xtc"...
  Trying plugin "Gromacs XTC Compressed Trajectory"...OK
Opening: "/home/hervoe/snic2020-6-15/hervoe/temp/Simulations/Solute_new/trajectory_solute.xtc"...
  Trying plugin "Gromacs XTC Compressed Trajectory"...OK
 
  Number of the   1-th solvent  =           27
  Number of the   2-th solvent  =           27
  Number of the   3-th solvent  =         1000
 
  Be sure that the solvent distribution is homogeneous (radial distribution function is essentially unity) when the solvent molecule is separated beyond distance of   10.0 Angstrom in any direction from any atom within the solute molecule
 
  LJ long-range correction    =        -0.0789     -0.0100     -0.8470
 
  Self-energy of the solute   =        -0.0155  kcal/mol
 
 
 cumulative average & 95% error for solvation energy
              total             1st component         2nd component         3rd component
  1   -59.6380                1.2753               -9.1448              -51.7529
  2   -59.5495     0.1769     0.3037     1.9432    -8.8040     0.6816   -51.0337     1.4385
  3   -59.5313     0.1084    -0.6183     2.1584    -7.8986     1.8531   -50.9989     0.8334
  4   -59.5036     0.0945    -0.4333     1.5705    -7.6081     1.4333   -51.4467     1.0722
  5   -59.6033     0.2122    -0.7810     1.4012    -6.9144     1.7770   -51.8923     1.2182
  6   -59.6018     0.1733    -0.7264     1.1493    -6.7272     1.4984   -52.1327     1.1047
  7   -59.6358     0.1615    -0.8221     0.9900    -6.3319     1.4929   -52.4663     1.1476
  8   -59.6321     0.1401    -0.9595     0.9004    -6.0009     1.4525   -52.6561     1.0638
  9   -59.5584     0.1923    -1.1720     0.9006    -6.2777     1.3955   -52.0932     1.4655
 10   -59.5622     0.1722    -1.0389     0.8483    -6.3310     1.2527   -52.1768     1.3214
 11   -59.5282     0.1699    -1.0806     0.7718    -6.0920     1.2298   -52.3401     1.2391
 12   -59.5303     0.1552    -0.7952     0.9068    -6.4065     1.2868   -52.3131     1.1324
 13   -59.5611     0.1555    -0.9268     0.8746    -6.2686     1.2154   -52.3502     1.0443
 14   -59.5610     0.1439    -0.8759     0.8161    -6.3703     1.1434   -52.2994     0.9722
 15   -59.5590     0.1341    -1.0070     0.8037    -6.1355     1.1634   -52.4009     0.9275
 16   -59.5593     0.1254    -1.0617     0.7597    -6.2537     1.1136   -52.2284     0.9337
 17   -59.5449     0.1213    -1.0005     0.7241    -6.0253     1.1415   -52.5037     1.0355
 18   -59.5304     0.1180    -1.0921     0.7068    -6.1306     1.0966   -52.2922     1.0639
 19   -59.5237     0.1124    -1.1359     0.6743    -5.9649     1.0889   -52.4073     1.0324
 20   -59.5234     0.1066    -1.1284     0.6399    -5.8238     1.0709   -52.5558     1.0234
 21   -59.5248     0.1015    -1.2840     0.6837    -5.7668     1.0250   -52.4584     0.9927
 22   -59.5378     0.1001    -1.1997     0.6733    -5.8752     1.0010   -52.4473     0.9468
 23   -59.5376     0.0957    -1.0928     0.6780    -6.0949     1.0526   -52.3344     0.9325
 24   -59.5321     0.0923    -1.1218     0.6517    -5.9320     1.0592   -52.4628     0.9290
 25   -59.5290     0.0887    -1.1121     0.6254    -5.9186     1.0163   -52.4829     0.8920
 
 
 group  inft  solvation free energy     error          difference
  total solvation free energy
   1      0        -16.04625           0.09651           0.01454
   1     60        -16.09002           0.09646          -0.02924
   1     80        -16.48076           0.09624          -0.41997
   1    100        -17.75550           0.09595          -1.69472
   2      0        -16.05089           0.09763           0.00990
   3      0        -16.06078           0.09819           0.00000
   4      0        -16.05974           0.09865           0.00104
   5      0        -16.05137           0.09914           0.00941
   5     60        -16.11142           0.09908          -0.05064
   5     80        -16.59473           0.09886          -0.53395
   5    100        -17.76266           0.09875          -1.70188
 
  contribution from  1-th solvent component
   1      0          0.84198           0.29100          -0.01348
   1     60          0.84013           0.29100          -0.01533
   1     80          0.82453           0.29102          -0.03092
   1    100          0.77576           0.29107          -0.07970
   2      0          0.85104           0.29045          -0.00441
   3      0          0.85546           0.29023           0.00000
   4      0          0.85674           0.29003           0.00128
   5      0          0.85830           0.28995           0.00285
   5     60          0.85569           0.28995           0.00024
   5     80          0.83649           0.28998          -0.01897
   5    100          0.79222           0.29004          -0.06323
 
  contribution from  2-th solvent component
   1      0         -3.85489           0.53303           0.01067
   1     60         -3.85359           0.53303           0.01197
   1     80         -3.84598           0.53319           0.01958
   1    100         -3.82965           0.53365           0.03591
   2      0         -3.86450           0.53099           0.00106
   3      0         -3.86556           0.53017           0.00000
   4      0         -3.86702           0.52958          -0.00146
   5      0         -3.86610           0.52947          -0.00054
   5     60         -3.86430           0.52948           0.00126
   5     80         -3.85568           0.52964           0.00988
   5    100         -3.84111           0.52998           0.02445
 
  contribution from  3-th solvent component
   1      0        -13.01784           0.48546           0.01735
   1     60        -13.06106           0.48544          -0.02588
   1     80        -13.44381           0.48576          -0.40863
   1    100        -14.68612           0.48808          -1.65094
   2      0        -13.02193           0.48513           0.01326
   3      0        -13.03518           0.48497           0.00000
   4      0        -13.03396           0.48386           0.00122
   5      0        -13.02807           0.48447           0.00711
   5     60        -13.08732           0.48445          -0.05213
   5     80        -13.56004           0.48489          -0.52486
   5    100        -14.69828           0.48708          -1.66310
 
 
 group  inft   Estimated free energy: total (kcal/mol)
   1      0     -15.7865     -15.8920     -16.4554     -15.6541     -16.5483
                -16.2764     -16.2390     -16.0192     -15.8253     -15.7769
                -16.0886     -16.1428     -16.2142     -16.2401     -15.8255
                -16.1144     -15.9027     -15.9340     -15.8530     -16.0186
                -16.5640     -16.0340     -15.9020     -15.9123     -15.9367
   1     60     -15.8306     -15.9362     -16.4989     -15.6984     -16.5923
                -16.3205     -16.2827     -16.0626     -15.8687     -15.8212
                -16.1322     -16.1867     -16.2575     -16.2838     -15.8693
                -16.1581     -15.9461     -15.9775     -15.8968     -16.0621
                -16.6072     -16.0783     -15.9462     -15.9560     -15.9807
   1     80     -16.2234     -16.3279     -16.8885     -16.0905     -16.9841
                -16.7127     -16.6739     -16.4521     -16.2556     -16.2146
                -16.5223     -16.5771     -16.6456     -16.6745     -16.2613
                -16.5477     -16.3356     -16.3657     -16.2885     -16.4530
                -16.9945     -16.4713     -16.3381     -16.3475     -16.3727
   1    100     -17.5031     -17.6002     -18.1615     -17.3646     -18.2629
                -17.9868     -17.9543     -17.7285     -17.5144     -17.4947
                -17.7994     -17.8468     -17.9160     -17.9492     -17.5453
                -17.8146     -17.6139     -17.6271     -17.5705     -17.7337
                -18.2627     -17.7494     -17.6095     -17.6283     -17.6503
   2      0     -15.7729     -15.8867     -16.4538     -15.6566     -16.5622
                -16.2825     -16.2495     -16.0207     -15.8176     -15.7699
                -16.0961     -16.1475     -16.2164     -16.2594     -15.8227
                -16.0947     -15.8931     -15.9408     -15.8750     -16.0564
                -16.5690     -16.0448     -15.9088     -15.9452     -15.9298
   3      0     -15.7735     -15.8902     -16.4605     -15.6650     -16.5775
                -16.3026     -16.2582     -16.0394     -15.8325     -15.7695
                -16.1061     -16.1465     -16.2320     -16.2656     -15.8336
                -16.0996     -15.8999     -15.9380     -15.8889     -16.0663
                -16.5812     -16.0583     -15.9252     -15.9638     -15.9456
   4      0     -15.7707     -15.8881     -16.4638     -15.6530     -16.5750
                -16.2914     -16.2604     -16.0478     -15.8272     -15.7616
                -16.1045     -16.1446     -16.2371     -16.2578     -15.8371
                -16.1093     -15.8850     -15.9590     -15.8947     -16.0645
                -16.5793     -16.0683     -15.9134     -15.9550     -15.9450
   5      0     -15.7544     -15.8847     -16.4570     -15.6546     -16.5749
                -16.2965     -16.2552     -16.0280     -15.8195     -15.7557
                -16.0962     -16.1254     -16.2296     -16.2499     -15.8259
                -16.0957     -15.8815     -15.9406     -15.8869     -16.0563
                -16.5744     -16.0535     -15.9077     -15.9516     -15.9284
   5     60     -15.8149     -15.9453     -16.5168     -15.7152     -16.6351
                -16.3569     -16.3152     -16.0876     -15.8792     -15.8164
                -16.1560     -16.1855     -16.2891     -16.3098     -15.8859
                -16.1557     -15.9411     -16.0004     -15.9469     -16.1160
                -16.6338     -16.1142     -15.9683     -16.0116     -15.9886
   5     80     -16.3000     -16.4295     -16.9990     -16.2004     -17.1201
                -16.8419     -16.8001     -16.5698     -16.3578     -16.3026
                -16.6388     -16.6680     -16.7695     -16.7921     -16.3708
                -16.6376     -16.4231     -16.4808     -16.4315     -16.6002
                -17.1132     -16.6003     -16.4526     -16.4956     -16.4729
   5    100     -17.4706     -17.5952     -18.1657     -17.3680     -18.2929
                -18.0099     -17.9742     -17.7401     -17.5112     -17.4749
                -17.8090     -17.8300     -17.9342     -17.9581     -17.5467
                -17.7976     -17.5940     -17.6368     -17.6064     -17.7750
                -18.2749     -17.7716     -17.6170     -17.6694     -17.6431
 
 group  inft   Estimated free energy: 1-th solvent contribution (kcal/mol)
   1      0       1.9864       1.0356       0.0105       1.5158       0.3502
                  1.0678       0.6524       0.4664      -0.0160       1.5735
                  0.6767       2.2530       0.3352       1.3354       0.1889
                  0.3612       1.2857       0.1088       0.5402       0.9322
                 -0.7801       1.6612       1.8862       0.6326       0.9896
   1     60       1.9846       1.0338       0.0086       1.5139       0.3483
                  1.0660       0.6505       0.4646      -0.0178       1.5717
                  0.6749       2.2511       0.3334       1.3335       0.1871
                  0.3593       1.2838       0.1070       0.5384       0.9303
                 -0.7820       1.6593       1.8844       0.6308       0.9878
   1     80       1.9693       1.0184      -0.0071       1.4985       0.3326
                  1.0505       0.6347       0.4490      -0.0332       1.5563
                  0.6592       2.2355       0.3179       1.3179       0.1714
                  0.3436       1.2678       0.0915       0.5226       0.9144
                 -0.7976       1.6440       1.8689       0.6151       0.9721
   1    100       1.9216       0.9701      -0.0563       1.4501       0.2840
                  1.0021       0.5849       0.4001      -0.0813       1.5079
                  0.6101       2.1872       0.2698       1.2693       0.1222
                  0.2947       1.2174       0.0434       0.4727       0.8647
                 -0.8464       1.5957       1.8204       0.5662       0.9233
   2      0       1.9937       1.0476       0.0233       1.5233       0.3553
                  1.0773       0.6640       0.4731      -0.0046       1.5803
                  0.6859       2.2579       0.3520       1.3424       0.2011
                  0.3784       1.2913       0.1187       0.5440       0.9438
                 -0.7717       1.6621       1.8990       0.6361       1.0018
   3      0       1.9943       1.0516       0.0308       1.5275       0.3641
                  1.0802       0.6655       0.4751       0.0020       1.5822
                  0.6904       2.2663       0.3577       1.3477       0.2042
                  0.3831       1.2941       0.1250       0.5483       0.9463
                 -0.7664       1.6650       1.9044       0.6404       1.0066
   4      0       1.9914       1.0572       0.0306       1.5325       0.3640
                  1.0819       0.6669       0.4775       0.0012       1.5856
                  0.6934       2.2623       0.3567       1.3484       0.2107
                  0.3887       1.2931       0.1251       0.5485       0.9467
                 -0.7666       1.6662       1.9045       0.6456       1.0064
   5      0       1.9979       1.0577       0.0321       1.5299       0.3672
                  1.0825       0.6701       0.4766       0.0049       1.5880
                  0.6957       2.2637       0.3586       1.3501       0.2130
                  0.3872       1.2962       0.1272       0.5512       0.9460
                 -0.7635       1.6647       1.9052       0.6447       1.0108
   5     60       1.9954       1.0552       0.0295       1.5273       0.3645
                  1.0799       0.6675       0.4740       0.0024       1.5855
                  0.6931       2.2610       0.3560       1.3475       0.2103
                  0.3846       1.2936       0.1245       0.5485       0.9434
                 -0.7662       1.6621       1.9026       0.6420       1.0082
   5     80       1.9766       1.0362       0.0103       1.5081       0.3452
                  1.0607       0.6479       0.4548      -0.0166       1.5664
                  0.6739       2.2420       0.3370       1.3284       0.1910
                  0.3654       1.2739       0.1054       0.5290       0.9239
                 -0.7855       1.6431       1.8836       0.6227       0.9890
   5    100       1.9333       0.9925      -0.0339       1.4639       0.3009
                  1.0163       0.6027       0.4104      -0.0603       1.5224
                  0.6296       2.1984       0.2932       1.2845       0.1462
                  0.3211       1.2284       0.0617       0.4836       0.8790
                 -0.8299       1.5989       1.8396       0.5780       0.9450
 
 group  inft   Estimated free energy: 2-th solvent contribution (kcal/mol)
   1      0      -5.2706      -5.2367      -4.1616      -4.1528      -3.2198
                 -4.0403      -2.7567      -2.5117      -5.2869      -4.3315
                 -2.8585      -5.7499      -3.1742      -4.9226      -2.1457
                 -5.0028      -1.7548      -4.9314      -2.1989      -2.2557
                 -3.5396      -4.9730      -6.3486      -1.8807      -3.6675
   1     60      -5.2693      -5.2354      -4.1603      -4.1516      -3.2185
                 -4.0390      -2.7554      -2.5104      -5.2856      -4.3301
                 -2.8572      -5.7486      -3.1729      -4.9213      -2.1444
                 -5.0015      -1.7534      -4.9301      -2.1976      -2.2544
                 -3.5383      -4.9716      -6.3473      -1.8794      -3.6663
   1     80      -5.2624      -5.2282      -4.1529      -4.1444      -3.2111
                 -4.0317      -2.7476      -2.5026      -5.2785      -4.3228
                 -2.8492      -5.7411      -3.1649      -4.9137      -2.1363
                 -4.9947      -1.7440      -4.9228      -2.1895      -2.2464
                 -3.5305      -4.9639      -6.3399      -1.8713      -3.6592
   1    100      -5.2488      -5.2134      -4.1379      -4.1278      -3.1953
                 -4.0152      -2.7312      -2.4867      -5.2635      -4.3080
                 -2.8327      -5.7248      -3.1480      -4.8974      -2.1190
                 -4.9801      -1.7227      -4.9068      -2.1708      -2.2277
                 -3.5144      -4.9476      -6.3241      -1.8525      -3.6447
   2      0      -5.2620      -5.2371      -4.1651      -4.1617      -3.2339
                 -4.0487      -2.7769      -2.5178      -5.2833      -4.3287
                 -2.8734      -5.7568      -3.1903      -4.9499      -2.1532
                 -4.9979      -1.7519      -4.9405      -2.2202      -2.2920
                 -3.5508      -4.9776      -6.3620      -1.9151      -3.6660
   3      0      -5.2529      -5.2308      -4.1641      -4.1638      -3.2403
                 -4.0576      -2.7732      -2.5253      -5.2904      -4.3183
                 -2.8773      -5.7545      -3.1947      -4.9470      -2.1549
                 -4.9981      -1.7511      -4.9288      -2.2230      -2.2933
                 -3.5557      -4.9785      -6.3676      -1.9251      -3.6726
   4      0      -5.2479      -5.2388      -4.1626      -4.1632      -3.2364
                 -4.0619      -2.7812      -2.5297      -5.2872      -4.3213
                 -2.8779      -5.7563      -3.1987      -4.9480      -2.1580
                 -5.0008      -1.7506      -4.9399      -2.2247      -2.2947
                 -3.5506      -4.9845      -6.3539      -1.9335      -3.6731
   5      0      -5.2452      -5.2382      -4.1627      -4.1618      -3.2431
                 -4.0634      -2.7788      -2.5225      -5.2898      -4.3184
                 -2.8797      -5.7492      -3.1962      -4.9455      -2.1607
                 -4.9991      -1.7493      -4.9358      -2.2248      -2.2947
                 -3.5537      -4.9808      -6.3577      -1.9308      -3.6707
   5     60      -5.2434      -5.2364      -4.1610      -4.1601      -3.2413
                 -4.0615      -2.7771      -2.5207      -5.2881      -4.3166
                 -2.8779      -5.7474      -3.1944      -4.9435      -2.1589
                 -4.9974      -1.7473      -4.9341      -2.2230      -2.2929
                 -3.5519      -4.9789      -6.3558      -1.9290      -3.6689
   5     80      -5.2354      -5.2281      -4.1527      -4.1521      -3.2327
                 -4.0530      -2.7688      -2.5121      -5.2803      -4.3082
                 -2.8691      -5.7391      -3.1853      -4.9346      -2.1497
                 -4.9900      -1.7368      -4.9260      -2.2135      -2.2838
                 -3.5434      -4.9701      -6.3471      -1.9195      -3.6607
   5    100      -5.2230      -5.2146      -4.1395      -4.1373      -3.2187
                 -4.0380      -2.7544      -2.4986      -5.2669      -4.2949
                 -2.8547      -5.7245      -3.1706      -4.9195      -2.1344
                 -4.9769      -1.7175      -4.9117      -2.1969      -2.2673
                 -3.5295      -4.9553      -6.3326      -1.9030      -3.6477
 
 group  inft   Estimated free energy: 3-th solvent contribution (kcal/mol)
   1      0     -12.4868     -11.6754     -12.2887     -13.0016     -13.6632
                -13.2884     -14.1192     -13.9585     -10.5069     -13.0035
                -13.8913     -12.6305     -13.3597     -12.6374     -13.8533
                -11.4573     -15.4182     -11.0959     -14.1789     -14.6796
                -12.2287     -12.7067     -11.4241     -14.6487     -13.2433
   1     60     -12.5304     -11.7191     -12.3317     -13.0452     -13.7065
                -13.3320     -14.1623     -14.0013     -10.5497     -13.0473
                -13.9344     -12.6738     -13.4024     -12.6805     -13.8965
                -11.5004     -15.4611     -11.1388     -14.2221     -14.7225
                -12.2714     -12.7505     -11.4679     -14.6919     -13.2867
   1     80     -12.9148     -12.1026     -12.7130     -13.4292     -14.0902
                -13.7160     -14.5455     -14.3829     -10.9284     -13.4326
                -14.3168     -13.0561     -13.7831     -13.0632     -14.2809
                -11.8811     -15.8439     -11.5189     -14.6061     -15.1055
                -12.6509     -13.1359     -11.8516     -15.0758     -13.6701
   1    100     -14.1605     -13.3414     -13.9518     -14.6714     -15.3361
                -14.9582     -15.7926     -15.6264     -12.1541     -14.6791
                -15.5614     -14.2937     -15.0223     -14.3057     -15.5330
                -13.1137     -17.0931     -12.7483     -15.8568     -16.3551
                -13.8863     -14.3819     -13.0903     -16.3265     -14.9134
   2      0     -12.4892     -11.6818     -12.2965     -13.0027     -13.6682
                -13.2956     -14.1212     -13.9605     -10.5142     -13.0060
                -13.8932     -12.6331     -13.3626     -12.6364     -13.8551
                -11.4597     -15.4170     -11.1035     -14.1833     -14.6927
                -12.2310     -12.7138     -11.4304     -14.6507     -13.2502
   3      0     -12.4994     -11.6955     -12.3117     -13.0132     -13.6858
                -13.3097     -14.1350     -13.9736     -10.5285     -13.0178
                -13.9036     -12.6428     -13.3794     -12.6508     -13.8675
                -11.4692     -15.4274     -11.1188     -14.1987     -14.7039
                -12.2436     -12.7294     -11.4465     -14.6637     -13.2641
   4      0     -12.4988     -11.6910     -12.3163     -13.0068     -13.6871
                -13.2959     -14.1306     -13.9802     -10.5257     -13.0104
                -13.9044     -12.6351     -13.3797     -12.6426     -13.8743
                -11.4816     -15.4119     -11.1287     -14.2029     -14.7010
                -12.2467     -12.7346     -11.4484     -14.6516     -13.2627
   5      0     -12.4917     -11.6888     -12.3109     -13.0071     -13.6835
                -13.3001     -14.1310     -13.9667     -10.5191     -13.0098
                -13.8967     -12.6244     -13.3766     -12.6390     -13.8627
                -11.4683     -15.4130     -11.1164     -14.1977     -14.6921
                -12.2417     -12.7219     -11.4398     -14.6499     -13.2529
   5     60     -12.5513     -11.7486     -12.3698     -13.0669     -13.7429
                -13.3598     -14.1901     -14.0254     -10.5779     -13.0697
                -13.9557     -12.6837     -13.4353     -12.6982     -13.9219
                -11.5274     -15.4718     -11.1754     -14.2569     -14.7511
                -12.3002     -12.7819     -11.4997     -14.7091     -13.3123
   5     80     -13.0256     -12.2222     -12.8411     -13.5410     -14.2171
                -13.8341     -14.6637     -14.4970     -11.0455     -13.5453
                -14.4281     -13.1554     -13.9056     -13.1704     -14.3965
                -11.9975     -15.9447     -11.6447     -14.7315     -15.2248
                -12.7689     -13.2578     -11.9735     -15.1833     -13.7857
   5    100     -14.1654     -13.3576     -13.9768     -14.6792     -15.3596
                -14.9727     -15.8070     -15.6364     -12.1686     -14.6870
                -15.5684     -14.2885     -15.0413     -14.3076     -15.5429
                -13.1264     -17.0894     -12.7714     -15.8777     -16.3712
                -13.9001     -14.3997     -13.1084     -16.3289     -14.9249
 
 
 cumulative average & 95% error for solvation free energy
              total             1st component         2nd component         3rd component
  1   -15.7735     0.0000     1.9943     0.0000    -5.2529     0.0000   -12.4994     0.0000
  2   -15.8318     0.1167     1.5230     0.9426    -5.2418     0.0221   -12.0975     0.8039
  3   -16.0414     0.4245     1.0256     1.1339    -4.8826     0.7186   -12.1689     0.4856
  4   -15.9473     0.3543     1.1511     0.8401    -4.7029     0.6224   -12.3800     0.5442
  5   -16.0733     0.3726     0.9937     0.7229    -4.4104     0.7581   -12.6411     0.6712
  6   -16.1115     0.3137     1.0081     0.5909    -4.3516     0.6300   -12.7526     0.5916
  7   -16.1325     0.2684     0.9591     0.5089    -4.1261     0.6978   -12.9501     0.6372
  8   -16.1209     0.2336     0.8986     0.4571    -3.9260     0.7248   -13.0780     0.6083
  9   -16.0888     0.2158     0.7990     0.4497    -4.0776     0.7075   -12.7947     0.7802
 10   -16.0569     0.2033     0.8773     0.4316    -4.1017     0.6346   -12.8170     0.6993
 11   -16.0613     0.1841     0.8603     0.3919    -3.9904     0.6157   -12.9158     0.6626
 12   -16.0684     0.1686     0.9775     0.4277    -4.1374     0.6343   -12.8931     0.6066
 13   -16.0810     0.1572     0.9298     0.4048    -4.0649     0.6012   -12.9305     0.5630
 14   -16.0942     0.1479     0.9597     0.3795    -4.1279     0.5707   -12.9105     0.5228
 15   -16.0768     0.1420     0.9093     0.3673    -3.9963     0.5929   -12.9743     0.5031
 16   -16.0783     0.1328     0.8764     0.3499    -4.0590     0.5685   -12.8802     0.5068
 17   -16.0678     0.1265     0.9010     0.3323    -3.9232     0.5991   -13.0301     0.5626
 18   -16.0606     0.1202     0.8579     0.3249    -3.9791     0.5758   -12.9239     0.5713
 19   -16.0515     0.1151     0.8416     0.3091    -3.8866     0.5752   -12.9910     0.5568
 20   -16.0523     0.1092     0.8468     0.2934    -3.8070     0.5684   -13.0766     0.5553
 21   -16.0775     0.1154     0.7700     0.3186    -3.7950     0.5412   -13.0369     0.5341
 22   -16.0766     0.1101     0.8107     0.3145    -3.8488     0.5271   -13.0230     0.5101
 23   -16.0700     0.1060     0.8582     0.3152    -3.9583     0.5492   -12.9544     0.5063
 24   -16.0656     0.1019     0.8492     0.3023    -3.8736     0.5525   -13.0256     0.5052
 25   -16.0608     0.0982     0.8555     0.2902    -3.8656     0.5302   -13.0352     0.4850
