 ERmod 0.3.7, Copyright (C) 2000-2019 Nobuyuki Matubayasi
                            2010-2019 Shun Sakuraba
 ERmod comes with ABSOLUTELY NO WARRANTY.
 This is free software, and you can redistribute it
 and/or modify it under certain conditions.
 See LICENSE file for details.
 ERmod 0.3.7, Copyright (C) 2000-2019 Nobuyuki Matubayasi
                            2010-2019 Shun Sakuraba
 ERmod comes with ABSOLUTELY NO WARRANTY.
 This is free software, and you can redistribute it
 and/or modify it under certain conditions.
 See LICENSE file for details.
 
  Number of the   1-th solvent  =           18
  Number of the   2-th solvent  =           18
  Number of the   3-th solvent  =         1000
 
  Be sure that the solvent distribution is homogeneous (radial distribution function is essentially unity) when the solvent molecule is separated beyond distance of   10.0 Angstrom in any direction from any atom within the solute molecule
 
  LJ long-range correction    =        -0.0336     -0.0217     -0.8668
 
  Self-energy of the solute   =        -0.0159  kcal/mol
 
 
 cumulative average & 95% error for solvation energy
              total             1st component         2nd component         3rd component
  1   -59.5200                0.0172               -2.4053              -57.1160
  2   -59.4853     0.0694     0.7851     1.5358    -2.7250     0.6394   -57.5295     0.8269
  3   -59.5240     0.0872     0.6569     0.9230    -3.0896     0.8173   -57.0754     1.0260
  4   -59.4988     0.0796     0.6062     0.6605    -3.3529     0.7818   -56.7363     0.9931
  5   -59.4908     0.0637     0.5587     0.5204    -3.3944     0.6113   -56.6392     0.7934
  6   -59.4694     0.0673     0.4667     0.4630    -3.5085     0.5488   -56.4117     0.7916
  7   -59.4461     0.0736     0.3570     0.4486    -3.3958     0.5157   -56.3914     0.6703
  8   -59.4528     0.0652     0.3312     0.3919    -3.3804     0.4476   -56.3878     0.5805
  9   -59.4758     0.0736     0.2046     0.4285    -3.3330     0.4060   -56.3316     0.5242
 10   -59.4463     0.0885     0.1025     0.4342    -3.3252     0.3635   -56.2077     0.5302
 11   -59.4427     0.0803     0.0544     0.4044    -3.3008     0.3324   -56.1804     0.4827
 12   -59.4310     0.0770     0.1229     0.3938    -3.3135     0.3045   -56.2246     0.4494
 13   -59.4336     0.0710     0.1580     0.3689    -3.2447     0.3120   -56.3310     0.4649
 14   -59.4430     0.0684     0.1994     0.3515    -3.3275     0.3329   -56.2990     0.4352
 15   -59.4340     0.0661     0.2060     0.3275    -3.3092     0.3121   -56.3149     0.4064
 16   -59.4430     0.0644     0.2079     0.3063    -3.2449     0.3190   -56.3901     0.4088
 17   -59.4379     0.0614     0.2246     0.2897    -3.1995     0.3131   -56.4472     0.4006
 18   -59.4436     0.0589     0.1855     0.2841    -3.1749     0.2993   -56.4383     0.3781
 19   -59.4338     0.0590     0.1941     0.2693    -3.1845     0.2838   -56.4276     0.3583
 20   -59.4338     0.0560     0.1833     0.2564    -3.0653     0.3595   -56.5359     0.4030
 21   -59.4342     0.0533     0.1170     0.2776    -3.1115     0.3543   -56.4238     0.4441
 22   -59.4281     0.0523     0.0785     0.2757    -3.1095     0.3378   -56.3813     0.4319
 23   -59.4263     0.0501     0.0713     0.2638    -3.1229     0.3239   -56.3588     0.4151
 24   -59.4282     0.0481     0.0528     0.2553    -3.0948     0.3152   -56.3703     0.3981
 25   -59.4352     0.0482     0.0657     0.2462    -3.1105     0.3039   -56.3745     0.3819
 
 
 group  inft  solvation free energy     error          difference
  total solvation free energy
   1      0        -15.89739           0.04743          -0.00491
   1     60        -15.93092           0.04743          -0.03844
   1     80        -16.26198           0.04753          -0.36950
   1    100        -17.45764           0.04787          -1.56516
   2      0        -15.89201           0.04731           0.00047
   3      0        -15.89248           0.04661           0.00000
   4      0        -15.88521           0.04728           0.00728
   5      0        -15.87863           0.04667           0.01385
   5     60        -15.92338           0.04669          -0.03090
   5     80        -16.33913           0.04680          -0.44665
   5    100        -17.44164           0.04711          -1.54916
 
  contribution from  1-th solvent component
   1      0          0.88727           0.11006          -0.00695
   1     60          0.88612           0.11005          -0.00810
   1     80          0.87981           0.11006          -0.01441
   1    100          0.85808           0.11009          -0.03614
   2      0          0.89334           0.10923          -0.00088
   3      0          0.89422           0.10914          -0.00000
   4      0          0.89427           0.10919           0.00005
   5      0          0.89420           0.10911          -0.00002
   5     60          0.89325           0.10911          -0.00098
   5     80          0.88540           0.10911          -0.00882
   5    100          0.86426           0.10912          -0.02996
 
  contribution from  2-th solvent component
   1      0         -2.03556           0.15313          -0.00762
   1     60         -2.03591           0.15313          -0.00798
   1     80         -2.03903           0.15316          -0.01110
   1    100         -2.05565           0.15325          -0.02771
   2      0         -2.03446           0.15124          -0.00652
   3      0         -2.02794           0.15104           0.00000
   4      0         -2.03092           0.15064          -0.00299
   5      0         -2.02845           0.15019          -0.00051
   5     60         -2.02878           0.15018          -0.00084
   5     80         -2.03388           0.15020          -0.00594
   5    100         -2.05041           0.15024          -0.02247
 
  contribution from  3-th solvent component
   1      0        -14.73324           0.18124           0.00966
   1     60        -14.76526           0.18127          -0.02236
   1     80        -15.08690           0.18149          -0.34399
   1    100        -16.24422           0.18209          -1.50131
   2      0        -14.73503           0.18101           0.00788
   3      0        -14.74291           0.18079          -0.00000
   4      0        -14.73269           0.17922           0.01021
   5      0        -14.72852           0.17994           0.01438
   5     60        -14.77199           0.17998          -0.02908
   5     80        -15.17479           0.18025          -0.43188
   5    100        -16.23962           0.18082          -1.49672
 
 
 group  inft   Estimated free energy: total (kcal/mol)
   1      0     -15.8172     -16.0410     -15.9780     -15.8204     -15.8173
                -15.7678     -15.8097     -15.9865     -16.0660     -15.7651
                -15.9709     -15.7252     -16.0470     -16.0493     -15.8179
                -16.1081     -15.8324     -15.8270     -15.7717     -15.8233
                -16.0036     -16.0319     -15.9211     -15.8853     -15.7510
   1     60     -15.8507     -16.0747     -16.0115     -15.8539     -15.8509
                -15.8013     -15.8433     -16.0202     -16.0995     -15.7985
                -16.0044     -15.7586     -16.0806     -16.0828     -15.8515
                -16.1417     -15.8661     -15.8604     -15.8049     -15.8571
                -16.0370     -16.0652     -15.9545     -15.9189     -15.7849
   1     80     -16.1815     -16.4075     -16.3431     -16.1843     -16.1812
                -16.1315     -16.1746     -16.3515     -16.4304     -16.1291
                -16.3353     -16.0887     -16.4123     -16.4138     -16.1827
                -16.4731     -16.1984     -16.1905     -16.1336     -16.1898
                -16.3681     -16.3953     -16.2852     -16.2505     -16.1173
   1    100     -17.3760     -17.6079     -17.5401     -17.3780     -17.3745
                -17.3255     -17.3713     -17.5484     -17.6253     -17.3249
                -17.5293     -17.2821     -17.6102     -17.6104     -17.3795
                -17.6702     -17.3965     -17.3823     -17.3211     -17.3911
                -17.5638     -17.5882     -17.4808     -17.4484     -17.3151
   2      0     -15.8252     -16.0295     -15.9552     -15.8022     -15.8109
                -15.7754     -15.8001     -15.9825     -16.0627     -15.7439
                -15.9623     -15.7115     -16.0591     -16.0454     -15.8146
                -16.1084     -15.8199     -15.8265     -15.7730     -15.8319
                -15.9876     -16.0116     -15.9271     -15.8778     -15.7559
   3      0     -15.8250     -16.0181     -15.9532     -15.7982     -15.8225
                -15.7782     -15.8007     -15.9836     -16.0681     -15.7384
                -15.9593     -15.7166     -16.0514     -16.0435     -15.8288
                -16.1112     -15.8214     -15.8237     -15.7781     -15.8351
                -15.9867     -16.0112     -15.9271     -15.8715     -15.7603
   4      0     -15.8106     -16.0057     -15.9398     -15.7901     -15.8180
                -15.7745     -15.7953     -15.9831     -16.0618     -15.7265
                -15.9458     -15.7172     -16.0513     -16.0385     -15.8256
                -16.0966     -15.8000     -15.8206     -15.7666     -15.8161
                -16.0001     -16.0069     -15.9336     -15.8622     -15.7436
   5      0     -15.8151     -15.9993     -15.9417     -15.7775     -15.8118
                -15.7678     -15.7885     -15.9743     -16.0554     -15.7286
                -15.9413     -15.7067     -16.0499     -16.0277     -15.8054
                -16.0904     -15.7942     -15.8147     -15.7616     -15.8267
                -15.9895     -15.9868     -15.9129     -15.8519     -15.7463
   5     60     -15.8598     -16.0443     -15.9865     -15.8222     -15.8565
                -15.8124     -15.8333     -16.0191     -16.1001     -15.7731
                -15.9861     -15.7513     -16.0948     -16.0724     -15.8502
                -16.1352     -15.8393     -15.8594     -15.8059     -15.8717
                -16.0342     -16.0313     -15.9576     -15.8967     -15.7914
   5     80     -16.2754     -16.4620     -16.4028     -16.2370     -16.2718
                -16.2276     -16.2493     -16.4353     -16.5156     -16.1878
                -16.4014     -16.1658     -16.5115     -16.4881     -16.2664
                -16.5514     -16.2563     -16.2743     -16.2189     -16.2898
                -16.4499     -16.4455     -16.3731     -16.3129     -16.2085
   5    100     -17.3772     -17.5680     -17.5059     -17.3368     -17.3732
                -17.3294     -17.3522     -17.5393     -17.6180     -17.2890
                -17.5019     -17.2664     -17.6167     -17.5913     -17.3705
                -17.6555     -17.3598     -17.3744     -17.3153     -17.3978
                -17.5521     -17.5449     -17.4758     -17.4165     -17.3132
 
 group  inft   Estimated free energy: 1-th solvent contribution (kcal/mol)
   1      0       0.8868       1.3621       0.9767       1.1271       1.0642
                  1.0290       0.7750       0.9737       0.4424       0.5285
                  0.6355       1.2860       0.9634       1.1209       1.0206
                  0.8454       1.0039       0.6777       1.0932       0.8476
                  0.2542       0.4568       0.8064       0.7732       1.2313
   1     60       0.8857       1.3609       0.9756       1.1260       1.0630
                  1.0279       0.7739       0.9726       0.4412       0.5274
                  0.6344       1.2849       0.9623       1.1198       1.0194
                  0.8442       1.0028       0.6766       1.0920       0.8464
                  0.2531       0.4557       0.8053       0.7721       1.2301
   1     80       0.8793       1.3544       0.9693       1.1194       1.0569
                  1.0217       0.7675       0.9663       0.4349       0.5211
                  0.6281       1.2788       0.9561       1.1135       1.0130
                  0.8377       0.9961       0.6703       1.0859       0.8399
                  0.2467       0.4493       0.7990       0.7659       1.2244
   1    100       0.8575       1.3318       0.9473       1.0969       1.0356
                  1.0005       0.7452       0.9449       0.4131       0.4998
                  0.6065       1.2577       0.9347       1.0916       0.9908
                  0.8151       0.9730       0.6486       1.0652       0.8172
                  0.2249       0.4275       0.7773       0.7449       1.2045
   2      0       0.8978       1.3692       0.9864       1.1376       1.0639
                  1.0356       0.7856       0.9802       0.4482       0.5383
                  0.6421       1.2927       0.9626       1.1190       1.0244
                  0.8480       1.0146       0.6853       1.0996       0.8571
                  0.2685       0.4692       0.8038       0.7771       1.2265
   3      0       0.8988       1.3728       0.9882       1.1420       1.0615
                  1.0322       0.7868       0.9800       0.4493       0.5399
                  0.6440       1.2938       0.9645       1.1207       1.0221
                  0.8475       1.0159       0.6876       1.0979       0.8584
                  0.2708       0.4696       0.8041       0.7802       1.2269
   4      0       0.8998       1.3751       0.9869       1.1424       1.0573
                  1.0364       0.7861       0.9791       0.4478       0.5365
                  0.6444       1.2886       0.9636       1.1174       1.0223
                  0.8480       1.0196       0.6893       1.0974       0.8632
                  0.2710       0.4694       0.8019       0.7830       1.2304
   5      0       0.9011       1.3759       0.9848       1.1415       1.0581
                  1.0350       0.7885       0.9775       0.4487       0.5389
                  0.6447       1.2881       0.9590       1.1179       1.0274
                  0.8464       1.0207       0.6882       1.0971       0.8612
                  0.2669       0.4729       0.8040       0.7832       1.2274
   5     60       0.9001       1.3749       0.9838       1.1405       1.0571
                  1.0340       0.7875       0.9766       0.4477       0.5380
                  0.6437       1.2871       0.9580       1.1170       1.0264
                  0.8454       1.0197       0.6873       1.0962       0.8602
                  0.2660       0.4720       0.8030       0.7823       1.2265
   5     80       0.8924       1.3668       0.9759       1.1325       1.0494
                  1.0262       0.7796       0.9688       0.4399       0.5303
                  0.6359       1.2794       0.9502       1.1090       1.0184
                  0.8374       1.0115       0.6794       1.0887       0.8522
                  0.2580       0.4642       0.7951       0.7746       1.2191
   5    100       0.8715       1.3451       0.9547       1.1110       1.0282
                  1.0053       0.7583       0.9479       0.4187       0.5096
                  0.6149       1.2587       0.9291       1.0877       0.9968
                  0.8156       0.9898       0.6582       1.0683       0.8306
                  0.2366       0.4431       0.7736       0.7540       1.1991
 
 group  inft   Estimated free energy: 2-th solvent contribution (kcal/mol)
   1      0      -1.6094      -1.9201      -2.3200      -2.4990      -2.1952
                 -2.5676      -1.9005      -2.2442      -2.0017      -2.1139
                 -2.1050      -2.0639      -1.6629      -2.6242      -1.9963
                 -1.6383      -1.6626      -1.8004      -2.1555      -0.8736
                 -2.5830      -2.1504      -2.2055      -1.7798      -2.2160
   1     60      -1.6098      -1.9205      -2.3204      -2.4994      -2.1955
                 -2.5679      -1.9009      -2.2445      -2.0021      -2.1143
                 -2.1054      -2.0643      -1.6633      -2.6245      -1.9967
                 -1.6386      -1.6630      -1.8007      -2.1558      -0.8739
                 -2.5834      -2.1508      -2.2058      -1.7802      -2.2164
   1     80      -1.6122      -1.9237      -2.3238      -2.5024      -2.1985
                 -2.5705      -1.9038      -2.2475      -2.0053      -2.1183
                 -2.1087      -2.0679      -1.6666      -2.6278      -1.9995
                 -1.6417      -1.6660      -1.8039      -2.1588      -0.8766
                 -2.5867      -2.1541      -2.2087      -1.7833      -2.2195
   1    100      -1.6271      -1.9401      -2.3414      -2.5191      -2.2150
                 -2.5860      -1.9200      -2.2646      -2.0221      -2.1369
                 -2.1258      -2.0857      -1.6832      -2.6445      -2.0152
                 -1.6581      -1.6822      -1.8205      -2.1750      -0.8924
                 -2.6038      -2.1712      -2.2248      -1.8006      -2.2359
   2      0      -1.6271      -1.9212      -2.3075      -2.4923      -2.1833
                 -2.5693      -1.9024      -2.2403      -2.0015      -2.1058
                 -2.0996      -2.0557      -1.6726      -2.6177      -1.9960
                 -1.6387      -1.6634      -1.7966      -2.1591      -0.8891
                 -2.5821      -2.1452      -2.2015      -1.7782      -2.2152
   3      0      -1.6217      -1.9067      -2.2982      -2.4813      -2.1805
                 -2.5623      -1.8928      -2.2367      -1.9979      -2.0955
                 -2.0935      -2.0540      -1.6625      -2.6112      -1.9954
                 -1.6312      -1.6598      -1.7886      -2.1552      -0.8859
                 -2.5742      -2.1338      -2.1936      -1.7717      -2.2144
   4      0      -1.6209      -1.9132      -2.2984      -2.4842      -2.1794
                 -2.5697      -1.8996      -2.2394      -1.9992      -2.0941
                 -2.0982      -2.0537      -1.6716      -2.6103      -1.9938
                 -1.6340      -1.6616      -1.7985      -2.1539      -0.8936
                 -2.5804      -2.1392      -2.1965      -1.7766      -2.2133
   5      0      -1.6300      -1.9076      -2.2975      -2.4792      -2.1795
                 -2.5648      -1.8982      -2.2385      -2.0001      -2.0922
                 -2.0926      -2.0520      -1.6679      -2.6036      -1.9930
                 -1.6294      -1.6568      -1.7906      -2.1548      -0.8961
                 -2.5765      -2.1309      -2.1923      -1.7711      -2.2159
   5     60      -1.6303      -1.9080      -2.2979      -2.4795      -2.1798
                 -2.5650      -1.8985      -2.2388      -2.0005      -2.0926
                 -2.0929      -2.0524      -1.6682      -2.6040      -1.9933
                 -1.6298      -1.6571      -1.7910      -2.1551      -0.8964
                 -2.5769      -2.1312      -2.1925      -1.7714      -2.2162
   5     80      -1.6349      -1.9131      -2.3033      -2.4845      -2.1848
                 -2.5697      -1.9034      -2.2439      -2.0056      -2.0984
                 -2.0981      -2.0580      -1.6735      -2.6091      -1.9982
                 -1.6349      -1.6621      -1.7961      -2.1601      -0.9013
                 -2.5821      -2.1365      -2.1974      -1.7766      -2.2212
   5    100      -1.6505      -1.9295      -2.3204      -2.5009      -2.2011
                 -2.5855      -1.9197      -2.2609      -2.0223      -2.1163
                 -2.1147      -2.0754      -1.6903      -2.6256      -2.0141
                 -1.6513      -1.6783      -1.8124      -2.1767      -0.9173
                 -2.5988      -2.1535      -2.2133      -1.7935      -2.2378
 
 group  inft   Estimated free energy: 3-th solvent contribution (kcal/mol)
   1      0     -15.0787     -15.4671     -14.6189     -14.4326     -14.6705
                -14.2133     -14.6684     -14.7002     -14.4908     -14.1639
                -14.4855     -14.9314     -15.3316     -14.5302     -14.8262
                -15.2994     -15.1578     -14.6885     -14.6935     -15.7814
                -13.6589     -14.3224     -14.5061     -14.8628     -14.7505
   1     60     -15.1107     -15.4993     -14.6509     -14.4646     -14.7025
                -14.2453     -14.7005     -14.7324     -14.5228     -14.1957
                -14.5176     -14.9633     -15.3637     -14.5622     -14.8583
                -15.3315     -15.1900     -14.7205     -14.7252     -15.8137
                -13.6909     -14.3542     -14.5381     -14.8949     -14.7828
   1     80     -15.4327     -15.8223     -14.9726     -14.7855     -15.0237
                -14.5669     -15.0224     -15.0545     -14.8442     -14.5162
                -14.8389     -15.2837     -15.6860     -14.8836     -15.1803
                -15.6532     -15.5127     -15.0410     -15.0448     -16.1372
                -14.0123     -14.6747     -14.8596     -15.2173     -15.1063
   1    100     -16.5905     -16.9836     -16.1301     -15.9400     -16.1792
                -15.7242     -16.1807     -16.2129     -16.0004     -15.6720
                -15.9942     -16.4383     -16.8459     -16.0416     -16.3393
                -16.8113     -16.6715     -16.1946     -16.1954     -17.3001
                -15.1690     -15.8286     -16.0174     -16.3769     -16.2678
   2      0     -15.0800     -15.4616     -14.6183     -14.4317     -14.6756
                -14.2258     -14.6674     -14.7066     -14.4935     -14.1606
                -14.4890     -14.9327     -15.3331     -14.5309     -14.8271
                -15.3019     -15.1552     -14.6994     -14.6975     -15.7841
                -13.6582     -14.3197     -14.5136     -14.8609     -14.7513
   3      0     -15.0862     -15.4683     -14.6273     -14.4431     -14.6876
                -14.2324     -14.6788     -14.7111     -14.5037     -14.1670
                -14.4939     -14.9404     -15.3376     -14.5372     -14.8397
                -15.3116     -15.1617     -14.7069     -14.7049     -15.7918
                -13.6675     -14.3312     -14.5217     -14.8642     -14.7570
   4      0     -15.0736     -15.4518     -14.6123     -14.4325     -14.6801
                -14.2253     -14.6659     -14.7069     -14.4945     -14.1531
                -14.4761     -14.9363     -15.3274     -14.5298     -14.8382
                -15.2948     -15.1421     -14.6955     -14.6942     -15.7699
                -13.6749     -14.3212     -14.5232     -14.8528     -14.7449
   5      0     -15.0702     -15.4516     -14.6131     -14.4240     -14.6745
                -14.2221     -14.6629     -14.6974     -14.4880     -14.1595
                -14.4776     -14.9269     -15.3251     -14.5261     -14.8240
                -15.2915     -15.1423     -14.6965     -14.6880     -15.7759
                -13.6640     -14.3130     -14.5088     -14.8481     -14.7420
   5     60     -15.1137     -15.4953     -14.6566     -14.4673     -14.7180
                -14.2655     -14.7064     -14.7410     -14.5314     -14.2026
                -14.5211     -14.9701     -15.3687     -14.5695     -14.8675
                -15.3350     -15.1860     -14.7398     -14.7311     -15.8196
                -13.7074     -14.3562     -14.5522     -14.8917     -14.7858
   5     80     -15.5170     -15.8998     -15.0596     -14.8691     -15.1205
                -14.6683     -15.1096     -15.1444     -14.9340     -14.6038
                -14.9234     -15.3714     -15.7723     -14.9721     -15.2708
                -15.7380     -15.5898     -15.1417     -15.1316     -16.2248
                -14.1099     -14.7573     -14.9549     -15.2950     -15.1906
   5    100     -16.5823     -16.9677     -16.1243     -15.9311     -16.1845
                -15.7333     -16.1750     -16.2104     -15.9985     -15.6664
                -15.9862     -16.4338     -16.8396     -16.0375     -16.3373
                -16.8039     -16.6554     -16.2043     -16.1910     -17.2952
                -15.1741     -15.8187     -16.0203     -16.3611     -16.2587
 
 
 cumulative average & 95% error for solvation free energy
              total             1st component         2nd component         3rd component
  1   -15.8250     0.0000     0.8988     0.0000    -1.6217     0.0000   -15.0862     0.0000
  2   -15.9215     0.1931     1.1358     0.4739    -1.7642     0.2850   -15.2773     0.3821
  3   -15.9321     0.1135     1.0866     0.2908    -1.9422     0.3922   -15.0606     0.4863
  4   -15.8986     0.1045     1.1004     0.2075    -2.0770     0.3867   -14.9062     0.4621
  5   -15.8834     0.0865     1.0926     0.1615    -2.0977     0.3024   -14.8625     0.3685
  6   -15.8659     0.0788     1.0826     0.1334    -2.1751     0.2915   -14.7575     0.3669
  7   -15.8565     0.0692     1.0403     0.1409    -2.1348     0.2592   -14.7462     0.3109
  8   -15.8724     0.0678     1.0328     0.1229    -2.1475     0.2259   -14.7418     0.2694
  9   -15.8942     0.0739     0.9680     0.1690    -2.1309     0.2020   -14.7154     0.2434
 10   -15.8786     0.0731     0.9252     0.1737    -2.1273     0.1808   -14.6605     0.2438
 11   -15.8859     0.0677     0.8996     0.1652    -2.1243     0.1637   -14.6454     0.2226
 12   -15.8718     0.0680     0.9324     0.1645    -2.1184     0.1499   -14.6700     0.2091
 13   -15.8856     0.0684     0.9349     0.1514    -2.0833     0.1547   -14.7213     0.2180
 14   -15.8969     0.0672     0.9482     0.1427    -2.1210     0.1618   -14.7082     0.2036
 15   -15.8924     0.0632     0.9531     0.1332    -2.1127     0.1516   -14.7169     0.1903
 16   -15.9061     0.0651     0.9465     0.1253    -2.0826     0.1540   -14.7541     0.1929
 17   -15.9011     0.0620     0.9506     0.1180    -2.0577     0.1530   -14.7781     0.1874
 18   -15.8968     0.0591     0.9360     0.1150    -2.0428     0.1473   -14.7741     0.1769
 19   -15.8905     0.0573     0.9445     0.1101    -2.0487     0.1399   -14.7705     0.1675
 20   -15.8878     0.0546     0.9402     0.1048    -1.9905     0.1764   -14.8216     0.1889
 21   -15.8925     0.0528     0.9083     0.1183    -2.0183     0.1768   -14.7666     0.2106
 22   -15.8979     0.0515     0.8884     0.1197    -2.0236     0.1689   -14.7468     0.2047
 23   -15.8991     0.0493     0.8847     0.1146    -2.0310     0.1620   -14.7370     0.1966
 24   -15.8980     0.0472     0.8804     0.1101    -2.0202     0.1566   -14.7423     0.1885
 25   -15.8925     0.0466     0.8942     0.1091    -2.0279     0.1510   -14.7429     0.1808
