 ERmod 0.3.7, Copyright (C) 2000-2019 Nobuyuki Matubayasi
                            2010-2019 Shun Sakuraba
 ERmod comes with ABSOLUTELY NO WARRANTY.
 This is free software, and you can redistribute it
 and/or modify it under certain conditions.
 See LICENSE file for details.
Opening: "/home/hervoe/snic2020-6-15/hervoe/Caffeine_solubility/Simulations/opls_simulations/KCl/1.50/trajectory_sol_full.xtc"...
  Trying plugin "Gromacs XTC Compressed Trajectory"...OK
 ERmod 0.3.7, Copyright (C) 2000-2019 Nobuyuki Matubayasi
                            2010-2019 Shun Sakuraba
 ERmod comes with ABSOLUTELY NO WARRANTY.
 This is free software, and you can redistribute it
 and/or modify it under certain conditions.
 See LICENSE file for details.
Opening: "/home/hervoe/snic2020-6-15/hervoe/Caffeine_solubility/Simulations/opls_simulations/KCl/1.50/trajectory_ref_full.xtc"...
  Trying plugin "Gromacs XTC Compressed Trajectory"...OK
Opening: "/home/hervoe/snic2020-6-15/hervoe/Caffeine_solubility/Simulations/opls_simulations/Solute/trajectory_solute.xtc"...
  Trying plugin "Gromacs XTC Compressed Trajectory"...OK
Opening: "/home/hervoe/snic2020-6-15/hervoe/Caffeine_solubility/Simulations/opls_simulations/Solute/trajectory_solute.xtc"...
  Trying plugin "Gromacs XTC Compressed Trajectory"...OK
Opening: "/home/hervoe/snic2020-6-15/hervoe/Caffeine_solubility/Simulations/opls_simulations/Solute/trajectory_solute.xtc"...
  Trying plugin "Gromacs XTC Compressed Trajectory"...OK
Opening: "/home/hervoe/snic2020-6-15/hervoe/Caffeine_solubility/Simulations/opls_simulations/Solute/trajectory_solute.xtc"...
  Trying plugin "Gromacs XTC Compressed Trajectory"...OK
Opening: "/home/hervoe/snic2020-6-15/hervoe/Caffeine_solubility/Simulations/opls_simulations/Solute/trajectory_solute.xtc"...
  Trying plugin "Gromacs XTC Compressed Trajectory"...OK
Opening: "/home/hervoe/snic2020-6-15/hervoe/Caffeine_solubility/Simulations/opls_simulations/Solute/trajectory_solute.xtc"...
  Trying plugin "Gromacs XTC Compressed Trajectory"...OK
Opening: "/home/hervoe/snic2020-6-15/hervoe/Caffeine_solubility/Simulations/opls_simulations/Solute/trajectory_solute.xtc"...
  Trying plugin "Gromacs XTC Compressed Trajectory"...OK
Opening: "/home/hervoe/snic2020-6-15/hervoe/Caffeine_solubility/Simulations/opls_simulations/Solute/trajectory_solute.xtc"...
  Trying plugin "Gromacs XTC Compressed Trajectory"...OK
Opening: "/home/hervoe/snic2020-6-15/hervoe/Caffeine_solubility/Simulations/opls_simulations/Solute/trajectory_solute.xtc"...
  Trying plugin "Gromacs XTC Compressed Trajectory"...OK
Opening: "/home/hervoe/snic2020-6-15/hervoe/Caffeine_solubility/Simulations/opls_simulations/Solute/trajectory_solute.xtc"...
  Trying plugin "Gromacs XTC Compressed Trajectory"...OK
 
  Number of the   1-th solvent  =           27
  Number of the   2-th solvent  =           27
  Number of the   3-th solvent  =         1000
 
  Be sure that the solvent distribution is homogeneous (radial distribution function is essentially unity) when the solvent molecule is separated beyond distance of   10.0 Angstrom in any direction from any atom within the solute molecule
 
  LJ long-range correction    =        -0.0633     -0.0047     -0.9908
 
  Self-energy of the solute   =        -0.0378  kcal/mol
 
 
 cumulative average & 95% error for solvation energy
              total             1st component         2nd component         3rd component
  1   -49.9260                0.5465               -2.9225              -47.5121
  2   -49.9514     0.0509    -1.0023     3.0975    -3.0345     0.2239   -45.8769     3.2704
  3   -49.9787     0.0620    -0.9279     1.7945    -3.0868     0.1664   -45.9261     1.8908
  4   -49.9294     0.1079    -0.3985     1.6526    -3.7722     1.3757   -45.7209     1.3986
  5   -49.9601     0.1037    -0.6404     1.3684    -3.6594     1.0892   -45.6225     1.1011
  6   -49.9778     0.0918    -0.5649     1.1275    -3.7467     0.9063   -45.6284     0.8991
  7   -49.9593     0.0860    -0.8536     1.1142    -4.0879     1.0257   -44.9800     1.5029
  8   -49.9221     0.1053    -0.5544     1.1354    -4.1247     0.8914   -45.2052     1.3773
  9   -49.9247     0.0930    -0.5729     1.0020    -4.3355     0.8920   -44.9785     1.2965
 10   -49.9332     0.0849    -0.5667     0.8963    -4.0444     0.9877   -45.2844     1.3110
 11   -49.9287     0.0773    -0.5883     0.8119    -4.0910     0.8983   -45.2116     1.1948
 12   -49.9390     0.0736    -0.7680     0.8237    -4.0435     0.8255   -45.0897     1.1176
 13   -49.9468     0.0694    -0.8066     0.7616    -3.8522     0.8503   -45.2502     1.0770
 14   -49.9527     0.0654    -0.8091     0.7051    -3.7155     0.8333   -45.3903     1.0357
 15   -49.9577     0.0617    -0.7807     0.6589    -3.8052     0.7963   -45.3340     0.9708
 16   -49.9515     0.0590    -0.6904     0.6423    -3.8746     0.7577   -45.3487     0.9086
 17   -49.9324     0.0673    -0.5740     0.6466    -4.0166     0.7663   -45.3040     0.8581
 18   -49.9265     0.0645    -0.5810     0.6098    -3.9261     0.7447   -45.3815     0.8238
 19   -49.9238     0.0613    -0.5709     0.5772    -3.8688     0.7137   -45.4463     0.7899
 20   -49.9282     0.0588    -0.6192     0.5560    -3.8536     0.6778   -45.4177     0.7516
 21   -49.9324     0.0566    -0.6961     0.5508    -3.9036     0.6524   -45.2950     0.7558
 22   -49.9307     0.0541    -0.7422     0.5332    -3.8784     0.6241   -45.2723     0.7221
 23   -49.9293     0.0517    -0.6838     0.5227    -3.8707     0.5965   -45.3370     0.7020
 24   -49.9229     0.0511    -0.6748     0.5008    -3.9590     0.5978   -45.2514     0.6936
 25   -49.9178     0.0501    -0.6000     0.5030    -4.0242     0.5881   -45.2558     0.6653
 
 
 group  inft  solvation free energy     error          difference
  total solvation free energy
   1      0        -10.88973           0.09680          -0.01897
   1     60        -10.92367           0.09681          -0.05291
   1     80        -11.28242           0.09688          -0.41166
   1    100        -12.55800           0.09707          -1.68724
   2      0        -10.86980           0.09547           0.00096
   3      0        -10.87076           0.09537           0.00000
   4      0        -10.85987           0.09514           0.01089
   5      0        -10.85741           0.09579           0.01335
   5     60        -10.90478           0.09580          -0.03403
   5     80        -11.35448           0.09587          -0.48372
   5    100        -12.52737           0.09598          -1.65661
 
  contribution from  1-th solvent component
   1      0          0.75460           0.24106          -0.01539
   1     60          0.75345           0.24107          -0.01653
   1     80          0.74131           0.24109          -0.02867
   1    100          0.69990           0.24119          -0.07008
   2      0          0.76667           0.23994          -0.00332
   3      0          0.76998           0.23975           0.00000
   4      0          0.77383           0.23931           0.00385
   5      0          0.77467           0.23938           0.00469
   5     60          0.77303           0.23938           0.00304
   5     80          0.75832           0.23939          -0.01166
   5    100          0.72020           0.23943          -0.04978
 
  contribution from  2-th solvent component
   1      0         -2.12684           0.30364          -0.01144
   1     60         -2.12699           0.30364          -0.01160
   1     80         -2.13206           0.30372          -0.01667
   1    100         -2.15142           0.30399          -0.03603
   2      0         -2.11752           0.30103          -0.00213
   3      0         -2.11539           0.30001           0.00000
   4      0         -2.11308           0.29974           0.00232
   5      0         -2.11172           0.29991           0.00367
   5     60         -2.11220           0.29991           0.00320
   5     80         -2.11855           0.29999          -0.00316
   5    100         -2.13692           0.30018          -0.02153
 
  contribution from  3-th solvent component
   1      0         -9.47969           0.32421           0.00786
   1     60         -9.51233           0.32422          -0.02478
   1     80         -9.85386           0.32443          -0.36632
   1    100        -11.06867           0.32526          -1.58112
   2      0         -9.48114           0.32308           0.00640
   3      0         -9.48754           0.32369           0.00000
   4      0         -9.48282           0.32071           0.00472
   5      0         -9.48256           0.32204           0.00499
   5     60         -9.52781           0.32206          -0.04027
   5     80         -9.95644           0.32234          -0.46890
   5    100        -11.07285           0.32313          -1.58530
 
 
 group  inft   Estimated free energy: total (kcal/mol)
   1      0     -10.5614     -10.7158     -11.1202     -10.9383     -10.5860
                -11.0897     -10.5443     -10.7428     -10.9911     -10.7554
                -10.6793     -11.3447     -10.9912     -10.5123     -11.3795
                -10.6889     -10.9530     -10.9725     -10.8387     -10.8914
                -11.1758     -10.7647     -11.2244     -10.8504     -10.9315
   1     60     -10.5952     -10.7498     -11.1542     -10.9721     -10.6199
                -11.1237     -10.5783     -10.7768     -11.0250     -10.7892
                -10.7133     -11.3788     -11.0252     -10.5463     -11.4136
                -10.7228     -10.9870     -11.0064     -10.8726     -10.9253
                -11.2097     -10.7987     -11.2584     -10.8842     -10.9654
   1     80     -10.9531     -11.1092     -11.5133     -11.3292     -10.9788
                -11.4830     -10.9360     -11.1361     -11.3827     -11.1475
                -11.0731     -11.7379     -11.3847     -10.9061     -11.7732
                -11.0812     -11.3450     -11.3652     -11.2316     -11.2840
                -11.5675     -11.1571     -11.6190     -11.2417     -11.3244
   1    100     -12.2254     -12.3884     -12.7909     -12.5981     -12.2553
                -12.7594     -12.2081     -12.4140     -12.6543     -12.4227
                -12.3515     -13.0136     -12.6639     -12.1845     -13.0512
                -12.3559     -12.6195     -12.6408     -12.5079     -12.5584
                -12.8401     -12.4322     -12.9011     -12.5125     -12.6001
   2      0     -10.5774     -10.6818     -11.1050     -10.9216     -10.5797
                -11.0772     -10.5075     -10.7074     -10.9585     -10.7769
                -10.6556     -11.3189     -10.9533     -10.4827     -11.3473
                -10.6972     -10.9339     -10.9635     -10.8226     -10.8739
                -11.1447     -10.7367     -11.2052     -10.8148     -10.9018
   3      0     -10.5902     -10.6847     -11.1151     -10.9213     -10.5825
                -11.0802     -10.4892     -10.7047     -10.9512     -10.7900
                -10.6553     -11.3114     -10.9620     -10.4854     -11.3442
                -10.7022     -10.9255     -10.9720     -10.8285     -10.8640
                -11.1487     -10.7448     -11.2060     -10.8072     -10.9028
   4      0     -10.5779     -10.6782     -11.1029     -10.9106     -10.5738
                -11.0545     -10.4983     -10.6850     -10.9535     -10.7674
                -10.6511     -11.3101     -10.9273     -10.4649     -11.3313
                -10.6912     -10.9162     -10.9517     -10.8131     -10.8774
                -11.1428     -10.7349     -11.1954     -10.7952     -10.8921
   5      0     -10.5773     -10.6711     -11.0903     -10.9126     -10.5618
                -11.0623     -10.4872     -10.6838     -10.9449     -10.7683
                -10.6375     -11.3069     -10.9368     -10.4708     -11.3325
                -10.6888     -10.9123     -10.9565     -10.8203     -10.8511
                -11.1488     -10.7398     -11.1970     -10.7918     -10.8847
   5     60     -10.6246     -10.7185     -11.1377     -10.9599     -10.6091
                -11.1097     -10.5345     -10.7312     -10.9922     -10.8156
                -10.6850     -11.3544     -10.9843     -10.5183     -11.3801
                -10.7361     -10.9597     -11.0039     -10.8677     -10.8984
                -11.1961     -10.7872     -11.2445     -10.8390     -10.9321
   5     80     -11.0737     -11.1685     -11.5879     -11.4079     -11.0587
                -11.5599     -10.9829     -11.1813     -11.4405     -11.2653
                -11.1357     -11.8046     -11.4350     -10.9694     -11.8307
                -11.1861     -11.4090     -11.4536     -11.3176     -11.3478
                -11.6447     -11.2369     -11.6962     -11.2866     -11.3819
   5    100     -12.2452     -12.3431     -12.7626     -12.5755     -12.2319
                -12.7330     -12.1522     -12.3553     -12.6092     -12.4399
                -12.3107     -12.9774     -12.6111     -12.1449     -13.0055
                -12.3603     -12.5823     -12.6267     -12.4911     -12.5190
                -12.8146     -12.4099     -12.8742     -12.4539     -12.5546
 
 group  inft   Estimated free energy: 1-th solvent contribution (kcal/mol)
   1      0       1.6515      -0.0954       0.4553       1.6388       0.3910
                  1.1121       0.0608       1.7670       0.6258       0.9028
                  0.6783      -0.4578       0.4808       0.7712       0.6779
                  1.4528       1.3461       0.5008       0.9470       0.3956
                 -0.2128       0.2876       1.1708       0.8151       1.5018
   1     60       1.6504      -0.0966       0.4541       1.6377       0.3899
                  1.1110       0.0597       1.7658       0.6246       0.9017
                  0.6772      -0.4590       0.4797       0.7700       0.6768
                  1.4517       1.3449       0.4997       0.9459       0.3945
                 -0.2139       0.2864       1.1696       0.8140       1.5006
   1     80       1.6385      -0.1087       0.4417       1.6260       0.3777
                  1.0991       0.0477       1.7534       0.6123       0.8897
                  0.6652      -0.4713       0.4674       0.7578       0.6647
                  1.4400       1.3327       0.4874       0.9337       0.3824
                 -0.2262       0.2741       1.1572       0.8021       1.4882
   1    100       1.5981      -0.1499       0.3992       1.5864       0.3363
                  1.0583       0.0069       1.7111       0.5704       0.8484
                  0.6244      -0.5134       0.4253       0.7160       0.6232
                  1.4005       1.2912       0.4454       0.8922       0.3414
                 -0.2682       0.2320       1.1147       0.7617       1.4460
   2      0       1.6612      -0.0759       0.4679       1.6453       0.4006
                  1.1178       0.0788       1.7824       0.6409       0.9003
                  0.6862      -0.4414       0.4916       0.7797       0.6942
                  1.4493       1.3603       0.5141       0.9621       0.4098
                 -0.1949       0.3068       1.1814       0.8321       1.5160
   3      0       1.6611      -0.0704       0.4679       1.6502       0.4031
                  1.1204       0.0834       1.7895       0.6458       0.8963
                  0.6869      -0.4358       0.4936       0.7825       0.6968
                  1.4487       1.3674       0.5150       0.9667       0.4171
                 -0.1881       0.3105       1.1846       0.8367       1.5198
   4      0       1.6613      -0.0590       0.4744       1.6448       0.4124
                  1.1321       0.0833       1.7913       0.6476       0.9007
                  0.6905      -0.4309       0.4986       0.7915       0.7057
                  1.4544       1.3698       0.5146       0.9713       0.4198
                 -0.1860       0.3137       1.1880       0.8333       1.5226
   5      0       1.6616      -0.0613       0.4782       1.6527       0.4111
                  1.1269       0.0868       1.7879       0.6511       0.8997
                  0.6914      -0.4333       0.5050       0.7898       0.7011
                  1.4552       1.3727       0.5186       0.9688       0.4256
                 -0.1844       0.3096       1.1885       0.8391       1.5244
   5     60       1.6600      -0.0629       0.4765       1.6510       0.4095
                  1.1253       0.0852       1.7862       0.6494       0.8980
                  0.6898      -0.4350       0.5033       0.7881       0.6995
                  1.4535       1.3710       0.5170       0.9672       0.4240
                 -0.1860       0.3079       1.1868       0.8375       1.5228
   5     80       1.6457      -0.0775       0.4615       1.6366       0.3948
                  1.1106       0.0706       1.7712       0.6346       0.8832
                  0.6754      -0.4499       0.4886       0.7732       0.6848
                  1.4391       1.3562       0.5021       0.9525       0.4095
                 -0.2009       0.2930       1.1720       0.8231       1.5079
   5    100       1.6085      -0.1150       0.4225       1.5992       0.3566
                  1.0725       0.0331       1.7325       0.5963       0.8444
                  0.6382      -0.4885       0.4503       0.7345       0.6469
                  1.4015       1.3181       0.4634       0.9144       0.3721
                 -0.2395       0.2543       1.1335       0.7859       1.4694
 
 group  inft   Estimated free energy: 2-th solvent contribution (kcal/mol)
   1      0      -1.5928      -1.5754      -1.6759      -3.1366      -1.4421
                 -2.4945      -3.1093      -2.2229      -3.1236      -0.7673
                 -2.2520      -2.1019      -1.0220      -0.8453      -2.9369
                 -2.4737      -3.1056      -1.2454      -1.5998      -1.9530
                 -2.5888      -1.7589      -2.1504      -3.1193      -2.8776
   1     60      -1.5928      -1.5756      -1.6760      -3.1367      -1.4422
                 -2.4946      -3.1095      -2.2231      -3.1238      -0.7674
                 -2.2522      -2.1021      -1.0222      -0.8455      -2.9372
                 -2.4738      -3.1058      -1.2455      -1.5999      -1.9531
                 -2.5889      -1.7592      -2.1506      -3.1195      -2.8777
   1     80      -1.5973      -1.5809      -1.6807      -3.1418      -1.4468
                 -2.4997      -3.1150      -2.2281      -3.1291      -0.7717
                 -2.2576      -2.1074      -1.0275      -0.8507      -2.9425
                 -2.4790      -3.1112      -1.2500      -1.6047      -1.9583
                 -2.5939      -1.7643      -2.1557      -3.1247      -2.8830
   1    100      -1.6140      -1.6018      -1.6988      -3.1608      -1.4643
                 -2.5185      -3.1364      -2.2471      -3.1494      -0.7883
                 -2.2784      -2.1276      -1.0480      -0.8709      -2.9633
                 -2.4987      -3.1323      -1.2671      -1.6227      -1.9777
                 -2.6128      -1.7843      -2.1747      -3.1449      -2.9026
   2      0      -1.6194      -1.5586      -1.6783      -3.1251      -1.4472
                 -2.4904      -3.0798      -2.2090      -3.1041      -0.7830
                 -2.2301      -2.0850      -0.9989      -0.8291      -2.9167
                 -2.4669      -3.0920      -1.2522      -1.6036      -1.9418
                 -2.5726      -1.7474      -2.1439      -3.1049      -2.8581
   3      0      -1.6234      -1.5612      -1.6749      -3.1263      -1.4456
                 -2.4874      -3.0683      -2.2065      -3.0972      -0.7896
                 -2.2232      -2.0770      -1.0010      -0.8294      -2.9180
                 -2.4628      -3.0872      -1.2525      -1.6083      -1.9349
                 -2.5766      -1.7451      -2.1380      -3.0970      -2.8532
   4      0      -1.6196      -1.5622      -1.6780      -3.1224      -1.4472
                 -2.4875      -3.0585      -2.2083      -3.0937      -0.7866
                 -2.2216      -2.0768      -0.9914      -0.8239      -2.9081
                 -2.4568      -3.0853      -1.2501      -1.6036      -1.9440
                 -2.5748      -1.7406      -2.1432      -3.0871      -2.8553
   5      0      -1.6150      -1.5594      -1.6701      -3.1258      -1.4406
                 -2.4819      -3.0601      -2.1998      -3.0916      -0.7880
                 -2.2157      -2.0787      -0.9978      -0.8223      -2.9138
                 -2.4579      -3.0833      -1.2518      -1.6049      -1.9345
                 -2.5758      -1.7434      -2.1372      -3.0905      -2.8530
   5     60      -1.6155      -1.5599      -1.6705      -3.1262      -1.4411
                 -2.4823      -3.0606      -2.2003      -3.0921      -0.7884
                 -2.2162      -2.0792      -0.9983      -0.8228      -2.9143
                 -2.4584      -3.0839      -1.2522      -1.6054      -1.9349
                 -2.5763      -1.7439      -2.1376      -3.0910      -2.8535
   5     80      -1.6212      -1.5666      -1.6765      -3.1327      -1.4469
                 -2.4887      -3.0674      -2.2065      -3.0986      -0.7939
                 -2.2229      -2.0857      -1.0048      -0.8293      -2.9211
                 -2.4649      -3.0907      -1.2579      -1.6116      -1.9414
                 -2.5826      -1.7503      -2.1440      -3.0975      -2.8600
   5    100      -1.6380      -1.5862      -1.6942      -3.1507      -1.4640
                 -2.5063      -3.0872      -2.2244      -3.1174      -0.8104
                 -2.2424      -2.1045      -1.0239      -0.8483      -2.9409
                 -2.4837      -3.1105      -1.2745      -1.6293      -1.9597
                 -2.6005      -1.7690      -2.1623      -3.1164      -2.8783
 
 group  inft   Estimated free energy: 3-th solvent contribution (kcal/mol)
   1      0     -10.5823      -9.0072      -9.8618      -9.4028      -9.4972
                 -9.6696      -7.4580     -10.2491      -8.4554     -10.8531
                 -9.0678      -8.7472     -10.4122     -10.4004      -9.0827
                 -9.6302      -9.1557     -10.1901     -10.1481      -9.2962
                 -8.3365      -9.2556     -10.2069      -8.5083      -9.5179
   1     60     -10.6149      -9.0399      -9.8945      -9.4353      -9.5298
                 -9.7023      -7.4906     -10.2818      -8.4880     -10.8858
                 -9.1005      -8.7799     -10.4449     -10.4330      -9.1154
                 -9.6628      -9.1883     -10.2228     -10.1808      -9.3289
                 -8.3690      -9.2882     -10.2396      -8.5409      -9.5505
   1     80     -10.9565      -9.3818     -10.2365      -9.7756      -9.8718
                -10.0445      -7.8309     -10.6236      -8.8281     -11.2277
                 -9.4429      -9.1214     -10.7868     -10.7754      -9.4575
                -10.0044      -9.5287     -10.5648     -10.5228      -9.6703
                 -8.7096      -9.6292     -10.5827      -8.8812      -9.8918
   1    100     -12.1718     -10.5989     -11.4535     -10.9858     -11.0894
                -11.2613      -9.0407     -11.8402     -10.0375     -12.4451
                -10.6597     -10.3348     -12.0034     -11.9918     -10.6734
                -11.2198     -10.7407     -11.7813     -11.7395     -10.8843
                 -9.9214     -10.8421     -11.8033     -10.0915     -11.1057
   2      0     -10.5814      -9.0094      -9.8568      -9.4040      -9.4953
                 -9.6668      -7.4687     -10.2430      -8.4575     -10.8563
                 -9.0740      -8.7547     -10.4082     -10.3955      -9.0870
                 -9.6418      -9.1643     -10.1876     -10.1433      -9.3041
                 -8.3394      -9.2583     -10.2049      -8.5042      -9.5219
   3      0     -10.5901      -9.0153      -9.8703      -9.4074      -9.5022
                 -9.6753      -7.4664     -10.2499      -8.4620     -10.8590
                 -9.0812      -8.7608     -10.4167     -10.4006      -9.0852
                 -9.6503      -9.1679     -10.1966     -10.1491      -9.3083
                 -8.3462      -9.2724     -10.2148      -8.5091      -9.5316
   4      0     -10.5819      -9.0191      -9.8614      -9.3951      -9.5011
                 -9.6613      -7.4853     -10.2302      -8.4696     -10.8437
                 -9.0822      -8.7646     -10.3967     -10.3946      -9.0911
                 -9.6510      -9.1629     -10.1784     -10.1430      -9.3155
                 -8.3442      -9.2702     -10.2024      -8.5036      -9.5216
   5      0     -10.5861      -9.0125      -9.8606      -9.4017      -9.4945
                 -9.6695      -7.4761     -10.2341      -8.4667     -10.8422
                 -9.0754      -8.7571     -10.4062     -10.4005      -9.0821
                 -9.6482      -9.1639     -10.1856     -10.1464      -9.3043
                 -8.3508      -9.2682     -10.2105      -8.5026      -9.5183
   5     60     -10.6314      -9.0578      -9.9059      -9.4469      -9.5397
                 -9.7149      -7.5213     -10.2793      -8.5118     -10.8875
                 -9.1207      -8.8024     -10.4515     -10.4458      -9.1274
                 -9.6935      -9.2090     -10.2308     -10.1916      -9.3496
                 -8.3959      -9.3134     -10.2559      -8.5477      -9.5635
   5     80     -11.0603      -9.4867     -10.3351      -9.8740      -9.9687
                -10.1440      -7.9483     -10.7082      -8.9387     -11.3168
                 -9.5504      -9.2311     -10.8809     -10.8754      -9.5566
                -10.1225      -9.6368     -10.6600     -10.6207      -9.7781
                 -8.8234      -9.7417     -10.6864      -8.9745      -9.9920
   5    100     -12.1778     -10.6041     -11.4531     -10.9862     -11.0867
                -11.2614      -9.0603     -11.8256     -10.0503     -12.4361
                -10.6687     -10.3466     -11.9996     -11.9933     -10.6737
                -11.2403     -10.7521     -11.7779     -11.7383     -10.8936
                 -9.9368     -10.8575     -11.8077     -10.0855     -11.1079
 
 
 cumulative average & 95% error for solvation free energy
              total             1st component         2nd component         3rd component
  1   -10.5902     0.0000     1.6611     0.0000    -1.6234     0.0000   -10.5901     0.0000
  2   -10.6375     0.0945     0.7953     1.7315    -1.5923     0.0622    -9.8027     1.5748
  3   -10.7967     0.3231     0.6862     1.0232    -1.6199     0.0657    -9.8252     0.9103
  4   -10.8278     0.2368     0.9272     0.8694    -1.9965     0.7547    -9.7208     0.6767
  5   -10.7788     0.2080     0.8224     0.7053    -1.8863     0.6247    -9.6770     0.5314
  6   -10.8290     0.1973     0.8720     0.5844    -1.9865     0.5480    -9.6768     0.4339
  7   -10.7805     0.1930     0.7594     0.5429    -2.1410     0.5568    -9.3610     0.7303
  8   -10.7710     0.1682     0.8881     0.5360    -2.1492     0.4825    -9.4721     0.6704
  9   -10.7910     0.1536     0.8612     0.4758    -2.2545     0.4748    -9.3599     0.6324
 10   -10.7909     0.1374     0.8647     0.4256    -2.1080     0.5160    -9.5098     0.6402
 11   -10.7786     0.1267     0.8486     0.3863    -2.1185     0.4672    -9.4708     0.5843
 12   -10.8230     0.1458     0.7415     0.4126    -2.1151     0.4265    -9.4117     0.5463
 13   -10.8337     0.1358     0.7225     0.3814    -2.0294     0.4281    -9.4890     0.5258
 14   -10.8088     0.1353     0.7267     0.3532    -1.9437     0.4319    -9.5541     0.5039
 15   -10.8445     0.1447     0.7248     0.3289    -2.0086     0.4225    -9.5228     0.4733
 16   -10.8356     0.1366     0.7700     0.3207    -2.0370     0.3993    -9.5308     0.4430
 17   -10.8409     0.1287     0.8051     0.3093    -2.0988     0.3949    -9.5094     0.4183
 18   -10.8482     0.1222     0.7890     0.2934    -2.0518     0.3840    -9.5476     0.4017
 19   -10.8471     0.1156     0.7984     0.2781    -2.0284     0.3662    -9.5793     0.3852
 20   -10.8480     0.1097     0.7793     0.2666    -2.0237     0.3475    -9.5657     0.3664
 21   -10.8623     0.1082     0.7332     0.2698    -2.0501     0.3347    -9.5077     0.3674
 22   -10.8570     0.1037     0.7140     0.2601    -2.0362     0.3204    -9.4970     0.3510
 23   -10.8721     0.1037     0.7345     0.2519    -2.0406     0.3062    -9.5282     0.3411
 24   -10.8694     0.0994     0.7387     0.2413    -2.0847     0.3061    -9.4857     0.3374
 25   -10.8708     0.0954     0.7700     0.2397    -2.1154     0.3000    -9.4875     0.3237
