 ERmod 0.3.7, Copyright (C) 2000-2019 Nobuyuki Matubayasi
                            2010-2019 Shun Sakuraba
 ERmod comes with ABSOLUTELY NO WARRANTY.
 This is free software, and you can redistribute it
 and/or modify it under certain conditions.
 See LICENSE file for details.
Opening: "/home/hervoe/snic2020-6-15/hervoe/Caffeine_solubility/Simulations/opls_simulations/KCl/2.00/trajectory_sol_full.xtc"...
  Trying plugin "Gromacs XTC Compressed Trajectory"...OK
 ERmod 0.3.7, Copyright (C) 2000-2019 Nobuyuki Matubayasi
                            2010-2019 Shun Sakuraba
 ERmod comes with ABSOLUTELY NO WARRANTY.
 This is free software, and you can redistribute it
 and/or modify it under certain conditions.
 See LICENSE file for details.
Opening: "/home/hervoe/snic2020-6-15/hervoe/Caffeine_solubility/Simulations/opls_simulations/KCl/2.00/trajectory_ref_full.xtc"...
  Trying plugin "Gromacs XTC Compressed Trajectory"...OK
Opening: "/home/hervoe/snic2020-6-15/hervoe/Caffeine_solubility/Simulations/opls_simulations/Solute/trajectory_solute.xtc"...
  Trying plugin "Gromacs XTC Compressed Trajectory"...OK
Opening: "/home/hervoe/snic2020-6-15/hervoe/Caffeine_solubility/Simulations/opls_simulations/Solute/trajectory_solute.xtc"...
  Trying plugin "Gromacs XTC Compressed Trajectory"...OK
Opening: "/home/hervoe/snic2020-6-15/hervoe/Caffeine_solubility/Simulations/opls_simulations/Solute/trajectory_solute.xtc"...
  Trying plugin "Gromacs XTC Compressed Trajectory"...OK
Opening: "/home/hervoe/snic2020-6-15/hervoe/Caffeine_solubility/Simulations/opls_simulations/Solute/trajectory_solute.xtc"...
  Trying plugin "Gromacs XTC Compressed Trajectory"...OK
Opening: "/home/hervoe/snic2020-6-15/hervoe/Caffeine_solubility/Simulations/opls_simulations/Solute/trajectory_solute.xtc"...
  Trying plugin "Gromacs XTC Compressed Trajectory"...OK
Opening: "/home/hervoe/snic2020-6-15/hervoe/Caffeine_solubility/Simulations/opls_simulations/Solute/trajectory_solute.xtc"...
  Trying plugin "Gromacs XTC Compressed Trajectory"...OK
Opening: "/home/hervoe/snic2020-6-15/hervoe/Caffeine_solubility/Simulations/opls_simulations/Solute/trajectory_solute.xtc"...
  Trying plugin "Gromacs XTC Compressed Trajectory"...OK
Opening: "/home/hervoe/snic2020-6-15/hervoe/Caffeine_solubility/Simulations/opls_simulations/Solute/trajectory_solute.xtc"...
  Trying plugin "Gromacs XTC Compressed Trajectory"...OK
Opening: "/home/hervoe/snic2020-6-15/hervoe/Caffeine_solubility/Simulations/opls_simulations/Solute/trajectory_solute.xtc"...
  Trying plugin "Gromacs XTC Compressed Trajectory"...OK
Opening: "/home/hervoe/snic2020-6-15/hervoe/Caffeine_solubility/Simulations/opls_simulations/Solute/trajectory_solute.xtc"...
  Trying plugin "Gromacs XTC Compressed Trajectory"...OK
 
  Number of the   1-th solvent  =           36
  Number of the   2-th solvent  =           36
  Number of the   3-th solvent  =         1000
 
  Be sure that the solvent distribution is homogeneous (radial distribution function is essentially unity) when the solvent molecule is separated beyond distance of   10.0 Angstrom in any direction from any atom within the solute molecule
 
  LJ long-range correction    =        -0.0829     -0.0061     -0.9734
 
  Self-energy of the solute   =        -0.0371  kcal/mol
 
 
 cumulative average & 95% error for solvation energy
              total             1st component         2nd component         3rd component
  1   -49.9071                0.3621               -5.3938              -44.8382
  2   -49.9703     0.1263    -0.7273     2.1787    -4.0176     2.7523   -45.1882     0.6999
  3   -49.9074     0.1453    -1.6163     2.1781    -3.1573     2.3421   -45.0966     0.4437
  4   -49.8942     0.1061    -1.0669     1.8920    -3.6192     1.8964   -45.1709     0.3471
  5   -49.8974     0.0824    -0.6908     1.6473    -4.1791     1.8470   -44.9905     0.4500
  6   -49.9214     0.0826    -0.9099     1.4146    -3.9690     1.5655   -45.0053     0.3686
  7   -49.9043     0.0778    -0.8694     1.1983    -4.4236     1.6052   -44.5742     0.9169
  8   -49.8706     0.0953    -1.1043     1.1392    -4.2568     1.4296   -44.4723     0.8197
  9   -49.8741     0.0843    -1.0196     1.0188    -4.5812     1.4179   -44.2362     0.8635
 10   -49.8644     0.0778    -1.0920     0.9227    -4.5891     1.2683   -44.1461     0.7931
 11   -49.8715     0.0718    -1.1884     0.8566    -4.5338     1.1525   -44.1122     0.7206
 12   -49.8609     0.0689    -1.2878     0.8068    -4.3172     1.1378   -44.2187     0.6915
 13   -49.8562     0.0641    -1.1952     0.7649    -4.4618     1.0859   -44.1620     0.6461
 14   -49.8517     0.0600    -1.3221     0.7523    -4.1476     1.1856   -44.3449     0.7012
 15   -49.8627     0.0601    -1.1908     0.7479    -4.2887     1.1393   -44.3460     0.6528
 16   -49.8754     0.0616    -1.3233     0.7481    -4.2005     1.0802   -44.3145     0.6139
 17   -49.8721     0.0583    -1.2662     0.7119    -4.2269     1.0161   -44.3419     0.5792
 18   -49.8756     0.0554    -1.3845     0.7116    -4.2629     0.9607   -44.1911     0.6238
 19   -49.8760     0.0524    -1.4431     0.6833    -4.1618     0.9309   -44.2341     0.5963
 20   -49.8693     0.0515    -1.3645     0.6670    -4.0227     0.9259   -44.4449     0.7056
 21   -49.8727     0.0495    -1.2873     0.6530    -4.0834     0.8890   -44.4649     0.6723
 22   -49.8722     0.0472    -1.1841     0.6559    -4.1195     0.8507   -44.5314     0.6547
 23   -49.8724     0.0451    -1.1427     0.6322    -4.1490     0.8150   -44.5436     0.6261
 24   -49.8691     0.0437    -1.0260     0.6487    -4.3703     0.8971   -44.4357     0.6371
 25   -49.8676     0.0420    -1.0479     0.6237    -4.3683     0.8605   -44.4143     0.6126
 
 
 group  inft  solvation free energy     error          difference
  total solvation free energy
   1      0        -10.56737           0.12184          -0.02405
   1     60        -10.60374           0.12185          -0.06042
   1     80        -10.97918           0.12189          -0.43587
   1    100        -12.28446           0.12182          -1.74114
   2      0        -10.54464           0.12129          -0.00132
   3      0        -10.54331           0.11995           0.00000
   4      0        -10.53120           0.11976           0.01212
   5      0        -10.52578           0.12133           0.01754
   5     60        -10.57666           0.12134          -0.03335
   5     80        -11.04591           0.12137          -0.50260
   5    100        -12.24458           0.12125          -1.70127
 
  contribution from  1-th solvent component
   1      0          0.95376           0.29577          -0.01590
   1     60          0.95212           0.29577          -0.01755
   1     80          0.93486           0.29582          -0.03481
   1    100          0.87729           0.29601          -0.09237
   2      0          0.96658           0.29575          -0.00309
   3      0          0.96967           0.29535           0.00000
   4      0          0.97262           0.29460           0.00296
   5      0          0.97539           0.29488           0.00572
   5     60          0.97298           0.29488           0.00332
   5     80          0.95207           0.29493          -0.01759
   5    100          0.89965           0.29506          -0.07002
 
  contribution from  2-th solvent component
   1      0         -2.29657           0.42646          -0.01497
   1     60         -2.29704           0.42646          -0.01544
   1     80         -2.30313           0.42658          -0.02153
   1    100         -2.32856           0.42684          -0.04695
   2      0         -2.28608           0.42426          -0.00448
   3      0         -2.28160           0.42405           0.00000
   4      0         -2.28004           0.42360           0.00156
   5      0         -2.27654           0.42417           0.00506
   5     60         -2.27731           0.42418           0.00429
   5     80         -2.28581           0.42431          -0.00421
   5    100         -2.30993           0.42452          -0.02832
 
  contribution from  3-th solvent component
   1      0         -9.18742           0.29401           0.00681
   1     60         -9.22167           0.29402          -0.02744
   1     80         -9.57377           0.29424          -0.37953
   1    100        -10.79605           0.29497          -1.60182
   2      0         -9.18799           0.29295           0.00624
   3      0         -9.19424           0.29280           0.00000
   4      0         -9.18664           0.29046           0.00760
   5      0         -9.18749           0.29094           0.00675
   5     60         -9.23519           0.29096          -0.04096
   5     80         -9.67503           0.29124          -0.48080
   5    100        -10.79717           0.29195          -1.60293
 
 
 group  inft   Estimated free energy: total (kcal/mol)
   1      0     -10.6262     -10.1349     -10.5159     -10.8800     -10.3097
                -10.8429     -10.5521     -10.0323     -10.4526     -10.9232
                -10.3338     -10.4156     -10.9603     -10.0054     -10.4405
                -11.0619     -11.0348     -10.4829     -10.5379     -10.2283
                -10.8718     -10.6437     -10.5895     -10.4268     -10.8812
   1     60     -10.6625     -10.1711     -10.5523     -10.9164     -10.3459
                -10.8794     -10.5885     -10.0686     -10.4890     -10.9596
                -10.3702     -10.4519     -10.9967     -10.0418     -10.4769
                -11.0982     -11.0711     -10.5193     -10.5744     -10.2647
                -10.9083     -10.6802     -10.6259     -10.4630     -10.9176
   1     80     -11.0374     -10.5454     -10.9283     -11.2918     -10.7200
                -11.2554     -10.9638     -10.4431     -10.8642     -11.3353
                -10.7465     -10.8271     -11.3715     -10.4179     -10.8539
                -11.4729     -11.4465     -10.8947     -10.9510     -10.6405
                -11.2850     -11.0574     -11.0007     -10.8364     -11.2928
   1    100     -12.3400     -11.8476     -12.2332     -12.5961     -12.0209
                -12.5630     -12.2689     -11.7458     -12.1701     -12.6412
                -12.0552     -12.1335     -12.6735     -11.7269     -12.1650
                -12.7756     -12.7507     -12.1996     -12.2625     -11.9475
                -12.5942     -12.3676     -12.3024     -12.1344     -12.5962
   2      0     -10.6169     -10.1105     -10.4887     -10.8692     -10.3076
                -10.8209     -10.5008      -9.9978     -10.4170     -10.9073
                -10.3208     -10.3935     -10.9311     -10.0014     -10.3939
                -11.0462     -10.9974     -10.4634     -10.5136     -10.2073
                -10.8392     -10.6222     -10.5752     -10.4196     -10.8545
   3      0     -10.6162     -10.1198     -10.4795     -10.8615     -10.3111
                -10.8294     -10.4975     -10.0003     -10.4168     -10.8993
                -10.3206     -10.3906     -10.9279     -10.0090     -10.3981
                -11.0447     -10.9840     -10.4634     -10.5067     -10.2097
                -10.8427     -10.6174     -10.5731     -10.4208     -10.8426
   4      0     -10.5940     -10.1163     -10.4605     -10.8375     -10.2997
                -10.8241     -10.4860      -9.9773     -10.4182     -10.9008
                -10.3221     -10.3686     -10.9155      -9.9942     -10.3831
                -11.0202     -10.9585     -10.4598     -10.4888     -10.1874
                -10.8355     -10.6103     -10.5734     -10.4167     -10.8312
   5      0     -10.6015     -10.0989     -10.4596     -10.8367     -10.2950
                -10.8043     -10.4735      -9.9726     -10.4141     -10.8954
                -10.3123     -10.3612     -10.9087      -9.9777     -10.3762
                -11.0255     -10.9713     -10.4511     -10.4778     -10.1811
                -10.8375     -10.6060     -10.5689     -10.4057     -10.8318
   5     60     -10.6523     -10.1497     -10.5105     -10.8876     -10.3457
                -10.8553     -10.5244     -10.0234     -10.4649     -10.9463
                -10.3633     -10.4120     -10.9596     -10.0287     -10.4272
                -11.0763     -11.0222     -10.5019     -10.5287     -10.2320
                -10.8885     -10.6570     -10.6199     -10.4564     -10.8827
   5     80     -11.1211     -10.6173     -10.9802     -11.3570     -10.8138
                -11.3250     -10.9928     -10.4914     -10.9339     -11.4159
                -10.8339     -10.8812     -11.4281     -10.4988     -10.8979
                -11.5445     -11.4913     -10.9707     -10.9996     -10.7018
                -11.3592     -11.1286     -11.0887     -10.9237     -11.3516
   5    100     -12.3185     -11.8130     -12.1784     -12.5553     -12.0098
                -12.5244     -12.1892     -11.6876     -12.1328     -12.6155
                -12.0364     -12.0818     -12.6233     -11.7008     -12.1002
                -12.7405     -12.6888     -12.1681     -12.2036     -11.9022
                -12.5612     -12.3322     -12.2853     -12.1175     -12.5483
 
 group  inft   Estimated free energy: 1-th solvent contribution (kcal/mol)
   1      0       1.5687       0.6920      -0.2266       1.5733       2.1526
                  0.6510       1.1164       0.4385       1.1521       0.3377
                  0.4259       0.4937       1.4179       0.2518       1.6393
                 -0.2445       1.0257      -0.2914       0.3454       1.6943
                  1.3742       1.8450       1.5884       2.2137       0.6090
   1     60       1.5671       0.6904      -0.2283       1.5717       2.1510
                  0.6493       1.1147       0.4369       1.1505       0.3360
                  0.4242       0.4920       1.4162       0.2502       1.6376
                 -0.2461       1.0240      -0.2931       0.3438       1.6926
                  1.3726       1.8433       1.5867       2.2122       0.6073
   1     80       1.5499       0.6728      -0.2461       1.5543       2.1341
                  0.6318       1.0978       0.4199       1.1335       0.3190
                  0.4066       0.4750       1.3990       0.2328       1.6199
                 -0.2635       1.0068      -0.3105       0.3267       1.6755
                  1.3552       1.8260       1.5696       2.1957       0.5899
   1    100       1.4927       0.6145      -0.3059       1.4963       2.0777
                  0.5731       1.0414       0.3632       1.0767       0.2622
                  0.3478       0.4183       1.3416       0.1748       1.5607
                 -0.3215       0.9493      -0.3689       0.2696       1.6184
                  1.2969       1.7682       1.5124       2.1407       0.5321
   2      0       1.5778       0.7045      -0.2055       1.5917       2.1621
                  0.6743       1.1316       0.4540       1.1630       0.3388
                  0.4368       0.5115       1.4359       0.2647       1.6583
                 -0.2425       1.0364      -0.2832       0.3562       1.7031
                  1.3869       1.8642       1.6030       2.2123       0.6285
   3      0       1.5817       0.7100      -0.1979       1.5940       2.1671
                  0.6754       1.1331       0.4551       1.1683       0.3449
                  0.4387       0.5123       1.4380       0.2622       1.6595
                 -0.2375       1.0403      -0.2766       0.3589       1.7025
                  1.3900       1.8653       1.6039       2.2131       0.6396
   4      0       1.5915       0.7106      -0.1946       1.5987       2.1624
                  0.6816       1.1396       0.4585       1.1736       0.3455
                  0.4367       0.5148       1.4448       0.2710       1.6609
                 -0.2342       1.0514      -0.2670       0.3611       1.6995
                  1.3916       1.8639       1.6037       2.2066       0.6433
   5      0       1.5875       0.7137      -0.1912       1.6041       2.1644
                  0.6856       1.1473       0.4654       1.1725       0.3451
                  0.4400       0.5173       1.4468       0.2717       1.6620
                 -0.2312       1.0488      -0.2708       0.3675       1.7070
                  1.3936       1.8680       1.6069       2.2154       0.6472
   5     60       1.5851       0.7113      -0.1936       1.6017       2.1621
                  0.6831       1.1449       0.4630       1.1701       0.3427
                  0.4376       0.5148       1.4444       0.2693       1.6596
                 -0.2335       1.0464      -0.2732       0.3651       1.7046
                  1.3912       1.8656       1.6045       2.2130       0.6448
   5     80       1.5642       0.6901      -0.2149       1.5810       2.1415
                  0.6620       1.1244       0.4423       1.1493       0.3219
                  0.4162       0.4940       1.4237       0.2482       1.6382
                 -0.2545       1.0255      -0.2943       0.3441       1.6840
                  1.3703       1.8446       1.5837       2.1926       0.6239
   5    100       1.5119       0.6368      -0.2684       1.5289       2.0897
                  0.6090       1.0732       0.3904       1.0973       0.2696
                  0.3626       0.4417       1.3718       0.1954       1.5846
                 -0.3071       0.9730      -0.3472       0.2913       1.6321
                  1.3176       1.7921       1.5318       2.1412       0.5718
 
 group  inft   Estimated free energy: 2-th solvent contribution (kcal/mol)
   1      0      -2.7574      -1.0273      -0.8892      -2.7931      -3.2623
                 -1.9376      -3.5955      -1.5453      -3.3544      -2.5747
                 -1.8234      -1.1699      -3.6200       0.0857      -2.8669
                 -1.8907      -2.6755      -2.3154      -1.3443      -0.7678
                 -2.8165      -2.5651      -2.7759      -4.5972      -2.5348
   1     60      -2.7578      -1.0277      -0.8896      -2.7935      -3.2627
                 -1.9381      -3.5960      -1.5458      -3.3549      -2.5752
                 -1.8239      -1.1703      -3.6204       0.0852      -2.8674
                 -1.8912      -2.6759      -2.3159      -1.3448      -0.7683
                 -2.8170      -2.5656      -2.7764      -4.5977      -2.5353
   1     80      -2.7639      -1.0316      -0.8957      -2.7996      -3.2686
                 -1.9435      -3.6027      -1.5524      -3.3616      -2.5817
                 -1.8299      -1.1766      -3.6266       0.0804      -2.8737
                 -1.8974      -2.6825      -2.3224      -1.3514      -0.7742
                 -2.8233      -2.5718      -2.7822      -4.6040      -2.5416
   1    100      -2.7887      -1.0507      -0.9209      -2.8248      -3.2925
                 -1.9659      -3.6304      -1.5797      -3.3893      -2.6089
                 -1.8545      -1.2028      -3.6517       0.0578      -2.8998
                 -1.9235      -2.7095      -2.3491      -1.3790      -0.7998
                 -2.8492      -2.5973      -2.8064      -4.6300      -2.5673
   2      0      -2.7554      -1.0205      -0.8831      -2.7897      -3.2630
                 -1.9464      -3.5687      -1.5249      -3.3293      -2.5544
                 -1.8137      -1.1623      -3.6029       0.0734      -2.8458
                 -1.8795      -2.6491      -2.2999      -1.3282      -0.7717
                 -2.8033      -2.5595      -2.7732      -4.5788      -2.5226
   3      0      -2.7532      -1.0267      -0.8754      -2.7827      -3.2655
                 -1.9438      -3.5596      -1.5227      -3.3237      -2.5478
                 -1.8106      -1.1578      -3.5951       0.0786      -2.8432
                 -1.8781      -2.6371      -2.2969      -1.3202      -0.7666
                 -2.8005      -2.5534      -2.7660      -4.5753      -2.5166
   4      0      -2.7509      -1.0260      -0.8736      -2.7820      -3.2578
                 -1.9427      -3.5540      -1.5159      -3.3248      -2.5472
                 -1.8030      -1.1615      -3.5935       0.0742      -2.8333
                 -1.8782      -2.6407      -2.2944      -1.3141      -0.7682
                 -2.8008      -2.5533      -2.7741      -4.5700      -2.5152
   5      0      -2.7488      -1.0214      -0.8706      -2.7855      -3.2553
                 -1.9390      -3.5488      -1.5146      -3.3204      -2.5456
                 -1.7975      -1.1555      -3.5926       0.0861      -2.8306
                 -1.8754      -2.6359      -2.2903      -1.3101      -0.7608
                 -2.8021      -2.5491      -2.7670      -4.5664      -2.5162
   5     60      -2.7496      -1.0221      -0.8713      -2.7863      -3.2560
                 -1.9398      -3.5496      -1.5153      -3.3212      -2.5464
                 -1.7982      -1.1563      -3.5934       0.0853      -2.8314
                 -1.8762      -2.6367      -2.2911      -1.3109      -0.7615
                 -2.8029      -2.5499      -2.7678      -4.5672      -2.5169
   5     80      -2.7581      -1.0281      -0.8798      -2.7949      -3.2645
                 -1.9477      -3.5586      -1.5242      -3.3303      -2.5554
                 -1.8066      -1.1651      -3.6020       0.0781      -2.8400
                 -1.8848      -2.6456      -2.3000      -1.3197      -0.7699
                 -2.8117      -2.5586      -2.7762      -4.5760      -2.5257
   5    100      -2.7822      -1.0471      -0.9038      -2.8194      -3.2876
                 -1.9695      -3.5841      -1.5495      -3.3559      -2.5809
                 -1.8300      -1.1903      -3.6256       0.0563      -2.8643
                 -1.9094      -2.6704      -2.3250      -1.3449      -0.7944
                 -2.8366      -2.5830      -2.7997      -4.6007      -2.5500
 
 group  inft   Estimated free energy: 3-th solvent contribution (kcal/mol)
   1      0      -9.4004      -9.7624      -9.3630      -9.6232      -9.1629
                 -9.5192      -8.0359      -8.8884      -8.2132      -8.6491
                 -8.8992      -9.7023      -8.7211     -10.3057      -9.1757
                 -8.8896      -9.3479      -7.8389      -9.5019     -11.1176
                 -9.3924      -9.8865      -9.3648      -8.0061      -8.9182
   1     60      -9.4346      -9.7967      -9.3973      -9.6574      -9.1970
                 -9.5535      -8.0702      -8.9226      -8.2474      -8.6833
                 -8.9334      -9.7365      -8.7553     -10.3401      -9.2100
                 -8.9238      -9.3821      -7.8731      -9.5362     -11.1519
                 -9.4267      -9.9209      -9.3991      -8.0403      -8.9524
   1     80      -9.7863     -10.1495      -9.7493     -10.0094      -9.5483
                 -9.9066      -8.4218      -9.2734      -8.5990      -9.0354
                 -9.2861     -10.0884      -9.1067     -10.6939      -9.5629
                 -9.2750      -9.7336      -8.2246      -9.8892     -11.5047
                 -9.7797     -10.2745      -9.7509      -8.3909      -9.3040
   1    100     -11.0068     -11.3742     -10.9693     -11.2304     -10.7690
                -11.1331      -9.6428     -10.4921      -9.8204     -10.2574
                -10.5113     -11.3118     -10.3263     -11.9224     -10.7887
                -10.4935     -10.9533      -9.4445     -11.1159     -12.7290
                -11.0048     -11.5013     -10.9713      -9.6079     -10.5238
   2      0      -9.4023      -9.7575      -9.3630      -9.6341      -9.1696
                 -9.5116      -8.0266      -8.8898      -8.2136      -8.6545
                 -8.9067      -9.7055      -8.7269     -10.3025      -9.1694
                 -8.8871      -9.3475      -7.8432      -9.5045     -11.1016
                 -9.3857      -9.8898      -9.3679      -8.0159      -8.9232
   3      0      -9.4076      -9.7660      -9.3691      -9.6357      -9.1754
                 -9.5238      -8.0338      -8.8956      -8.2243      -8.6593
                 -8.9115      -9.7079      -8.7337     -10.3126      -9.1772
                 -8.8920      -9.3500      -7.8528      -9.5082     -11.1084
                 -9.3950      -9.8922      -9.3738      -8.0214      -8.9285
   4      0      -9.3975      -9.7637      -9.3552      -9.6170      -9.1672
                 -9.5259      -8.0344      -8.8827      -8.2299      -8.6620
                 -8.9186      -9.6847      -8.7297     -10.3023      -9.1737
                 -8.8708      -9.3321      -7.8613      -9.4987     -11.0816
                 -9.3892      -9.8839      -9.3658      -8.0163      -8.9222
   5      0      -9.4030      -9.7540      -9.3607      -9.6181      -9.1670
                 -9.5137      -8.0349      -8.8863      -8.2290      -8.6578
                 -8.9178      -9.6858      -8.7258     -10.2983      -9.1706
                 -8.8818      -9.3471      -7.8528      -9.4981     -11.0902
                 -9.3919      -9.8877      -9.3716      -8.0175      -8.9257
   5     60      -9.4506      -9.8017      -9.4084      -9.6658      -9.2146
                 -9.5615      -8.0826      -8.9339      -8.2767      -8.7055
                 -8.9655      -9.7334      -8.7735     -10.3462      -9.2183
                 -8.9294      -9.3948      -7.9005      -9.5458     -11.1379
                 -9.4398      -9.9356      -9.4194      -8.0651      -8.9734
   5     80      -9.8901     -10.2421      -9.8484     -10.1059      -9.6536
                -10.0022      -8.5214      -9.3723      -8.7158      -9.1453
                 -9.4063     -10.1730      -9.2125     -10.7880      -9.6590
                 -9.3681      -9.8341      -8.3393      -9.9868     -11.5787
                 -9.8806     -10.3775      -9.8590      -8.5031      -9.4127
   5    100     -11.0111     -11.3656     -10.9690     -11.2277     -10.7747
                -11.1268      -9.6412     -10.4914      -9.8371     -10.2670
                -10.5318     -11.2961     -10.3323     -11.9153     -10.7834
                -10.4868     -10.9543      -9.4587     -11.1129     -12.7028
                -11.0051     -11.5041     -10.9803      -9.6208     -10.5330
 
 
 cumulative average & 95% error for solvation free energy
              total             1st component         2nd component         3rd component
  1   -10.6162     0.0000     1.5817     0.0000    -2.7532     0.0000    -9.4076     0.0000
  2   -10.3680     0.4964     1.1458     0.8717    -1.8899     1.7266    -9.5868     0.3584
  3   -10.4052     0.2961     0.6979     1.0275    -1.5518     1.2046    -9.5142     0.2528
  4   -10.5193     0.3097     0.9220     0.8536    -1.8595     1.0509    -9.5446     0.1888
  5   -10.4776     0.2539     1.1710     0.8278    -2.1407     0.9894    -9.4707     0.2078
  6   -10.5363     0.2382     1.0884     0.6958    -2.1079     0.8105    -9.4796     0.1706
  7   -10.5307     0.2016     1.0948     0.5882    -2.3153     0.8008    -9.2731     0.4375
  8   -10.4644     0.2192     1.0148     0.5339    -2.2162     0.7213    -9.2259     0.3905
  9   -10.4591     0.1936     1.0319     0.4721    -2.3393     0.6820    -9.1146     0.4100
 10   -10.5032     0.1943     0.9632     0.4440    -2.3601     0.6115    -9.0690     0.3779
 11   -10.4866     0.1788     0.9155     0.4128    -2.3102     0.5620    -9.0547     0.3430
 12   -10.4786     0.1640     0.8819     0.3828    -2.2141     0.5478    -9.1092     0.3315
 13   -10.5131     0.1660     0.9247     0.3624    -2.3204     0.5469    -9.0803     0.3104
 14   -10.4771     0.1697     0.8773     0.3486    -2.1490     0.6114    -9.1683     0.3370
 15   -10.4718     0.1583     0.9295     0.3408    -2.1953     0.5767    -9.1689     0.3137
 16   -10.5076     0.1645     0.8566     0.3506    -2.1755     0.5409    -9.1516     0.2955
 17   -10.5357     0.1644     0.8674     0.3301    -2.2026     0.5110    -9.1633     0.2785
 18   -10.5317     0.1552     0.8038     0.3361    -2.2079     0.4819    -9.0905     0.3003
 19   -10.5303     0.1468     0.7804     0.3214    -2.1611     0.4653    -9.1125     0.2874
 20   -10.5143     0.1429     0.8265     0.3185    -2.0914     0.4629    -9.2123     0.3379
 21   -10.5299     0.1395     0.8533     0.3077    -2.1252     0.4454    -9.2210     0.3219
 22   -10.5339     0.1332     0.8993     0.3075    -2.1446     0.4265    -9.2515     0.3129
 23   -10.5356     0.1274     0.9300     0.3001    -2.1717     0.4111    -9.2568     0.2992
 24   -10.5308     0.1223     0.9834     0.3066    -2.2718     0.4416    -9.2053     0.3044
 25   -10.5433     0.1199     0.9697     0.2954    -2.2816     0.4241    -9.1942     0.2928
