 ERmod 0.3.7, Copyright (C) 2000-2019 Nobuyuki Matubayasi
                            2010-2019 Shun Sakuraba
 ERmod comes with ABSOLUTELY NO WARRANTY.
 This is free software, and you can redistribute it
 and/or modify it under certain conditions.
 See LICENSE file for details.
Opening: "/home/hervoe/snic2020-6-15/hervoe/temp/Simulations/CsF/0.50/trajectory_sol_full.xtc"...
  Trying plugin "Gromacs XTC Compressed Trajectory"...OK
 ERmod 0.3.7, Copyright (C) 2000-2019 Nobuyuki Matubayasi
                            2010-2019 Shun Sakuraba
 ERmod comes with ABSOLUTELY NO WARRANTY.
 This is free software, and you can redistribute it
 and/or modify it under certain conditions.
 See LICENSE file for details.
Opening: "/home/hervoe/snic2020-6-15/hervoe/temp/Simulations/CsF/0.50/trajectory_ref_full.xtc"...
  Trying plugin "Gromacs XTC Compressed Trajectory"...OK
Opening: "/home/hervoe/snic2020-6-15/hervoe/temp/Simulations/Solute_new/trajectory_solute.xtc"...
  Trying plugin "Gromacs XTC Compressed Trajectory"...OK
Opening: "/home/hervoe/snic2020-6-15/hervoe/temp/Simulations/Solute_new/trajectory_solute.xtc"...
  Trying plugin "Gromacs XTC Compressed Trajectory"...OK
Opening: "/home/hervoe/snic2020-6-15/hervoe/temp/Simulations/Solute_new/trajectory_solute.xtc"...
  Trying plugin "Gromacs XTC Compressed Trajectory"...OK
Opening: "/home/hervoe/snic2020-6-15/hervoe/temp/Simulations/Solute_new/trajectory_solute.xtc"...
  Trying plugin "Gromacs XTC Compressed Trajectory"...OK
Opening: "/home/hervoe/snic2020-6-15/hervoe/temp/Simulations/Solute_new/trajectory_solute.xtc"...
  Trying plugin "Gromacs XTC Compressed Trajectory"...OK
Opening: "/home/hervoe/snic2020-6-15/hervoe/temp/Simulations/Solute_new/trajectory_solute.xtc"...
  Trying plugin "Gromacs XTC Compressed Trajectory"...OK
Opening: "/home/hervoe/snic2020-6-15/hervoe/temp/Simulations/Solute_new/trajectory_solute.xtc"...
  Trying plugin "Gromacs XTC Compressed Trajectory"...OK
Opening: "/home/hervoe/snic2020-6-15/hervoe/temp/Simulations/Solute_new/trajectory_solute.xtc"...
  Trying plugin "Gromacs XTC Compressed Trajectory"...OK
Opening: "/home/hervoe/snic2020-6-15/hervoe/temp/Simulations/Solute_new/trajectory_solute.xtc"...
  Trying plugin "Gromacs XTC Compressed Trajectory"...OK
Opening: "/home/hervoe/snic2020-6-15/hervoe/temp/Simulations/Solute_new/trajectory_solute.xtc"...
  Trying plugin "Gromacs XTC Compressed Trajectory"...OK
 
  Number of the   1-th solvent  =            9
  Number of the   2-th solvent  =            9
  Number of the   3-th solvent  =         1000
 
  Be sure that the solvent distribution is homogeneous (radial distribution function is essentially unity) when the solvent molecule is separated beyond distance of   10.0 Angstrom in any direction from any atom within the solute molecule
 
  LJ long-range correction    =        -0.0082     -0.0112     -0.8991
 
  Self-energy of the solute   =        -0.0165  kcal/mol
 
 
 cumulative average & 95% error for solvation energy
              total             1st component         2nd component         3rd component
  1   -59.6024                0.2998               -1.4056              -58.4801
  2   -59.4784     0.2480     0.5562     0.5129    -1.8666     0.9221   -58.1515     0.6572
  3   -59.4419     0.1607     0.2998     0.5923    -1.6259     0.7178   -58.0993     0.3935
  4   -59.4307     0.1158     0.2378     0.4367    -1.6665     0.5140   -57.9857     0.3593
  5   -59.4330     0.0898     0.3965     0.4639    -1.6876     0.4004   -58.1254     0.3945
  6   -59.4741     0.1102     0.3498     0.3901    -1.8464     0.4557   -57.9611     0.4601
  7   -59.4976     0.1044     0.3678     0.3317    -1.8629     0.3866   -57.9861     0.3921
  8   -59.4644     0.1121     0.3124     0.3079    -1.9622     0.3893   -57.7982     0.5066
  9   -59.4612     0.0991     0.3539     0.2840    -2.1543     0.5151   -57.6444     0.5423
 10   -59.4523     0.0904     0.3693     0.2558    -2.0831     0.4822   -57.7220     0.5093
 11   -59.4743     0.0929     0.4666     0.3024    -2.1052     0.4384   -57.8193     0.5001
 12   -59.4874     0.0888     0.4515     0.2777    -2.0594     0.4105   -57.8630     0.4648
 13   -59.4909     0.0820     0.4408     0.2564    -2.0191     0.3862   -57.8961     0.4327
 14   -59.4883     0.0761     0.4511     0.2382    -2.0014     0.3593   -57.9215     0.4038
 15   -59.4813     0.0722     0.4950     0.2386    -1.9865     0.3358   -57.9734     0.3899
 16   -59.4850     0.0679     0.4866     0.2238    -1.9191     0.3418   -58.0360     0.3857
 17   -59.4826     0.0640     0.4567     0.2186    -1.9732     0.3388   -57.9497     0.4014
 18   -59.4827     0.0603     0.4596     0.2061    -1.9352     0.3284   -57.9906     0.3872
 19   -59.4904     0.0591     0.4839     0.2010    -1.9318     0.3107   -58.0260     0.3730
 20   -59.4806     0.0593     0.4974     0.1925    -1.8998     0.3016   -58.0618     0.3610
 21   -59.4828     0.0566     0.5027     0.1834    -1.8859     0.2882   -58.0831     0.3461
 22   -59.4897     0.0557     0.5096     0.1755    -1.9029     0.2769   -58.0799     0.3300
 23   -59.4952     0.0544     0.5297     0.1724    -1.8950     0.2651   -58.1135     0.3224
 24   -59.5010     0.0533     0.5212     0.1660    -1.8713     0.2582   -58.1344     0.3115
 25   -59.4954     0.0523     0.4949     0.1676    -1.8816     0.2485   -58.0923     0.3105
 
 
 group  inft  solvation free energy     error          difference
  total solvation free energy
   1      0        -15.87180           0.06858           0.00968
   1     60        -15.90089           0.06858          -0.01940
   1     80        -16.20923           0.06875          -0.32775
   1    100        -17.37094           0.06939          -1.48945
   2      0        -15.87008           0.06844           0.01140
   3      0        -15.88149           0.06844           0.00000
   4      0        -15.86806           0.06787           0.01343
   5      0        -15.86698           0.06865           0.01451
   5     60        -15.90729           0.06866          -0.02581
   5     80        -16.29916           0.06887          -0.41767
   5    100        -17.37168           0.06948          -1.49019
 
  contribution from  1-th solvent component
   1      0          0.57708           0.08068          -0.00129
   1     60          0.57770           0.08068          -0.00067
   1     80          0.58218           0.08081           0.00381
   1    100          0.58618           0.08114           0.00782
   2      0          0.58005           0.08095           0.00169
   3      0          0.57837           0.08131           0.00000
   4      0          0.57851           0.08124           0.00014
   5      0          0.57825           0.08169          -0.00011
   5     60          0.57920           0.08170           0.00084
   5     80          0.58343           0.08186           0.00507
   5    100          0.58669           0.08223           0.00832
 
  contribution from  2-th solvent component
   1      0         -1.20806           0.12503          -0.00393
   1     60         -1.20817           0.12503          -0.00404
   1     80         -1.20986           0.12506          -0.00574
   1    100         -1.21845           0.12514          -0.01432
   2      0         -1.20555           0.12375          -0.00143
   3      0         -1.20412           0.12348           0.00000
   4      0         -1.20438           0.12351          -0.00026
   5      0         -1.20332           0.12330           0.00081
   5     60         -1.20342           0.12330           0.00070
   5     80         -1.20588           0.12331          -0.00175
   5    100         -1.21423           0.12335          -0.01010
 
  contribution from  3-th solvent component
   1      0        -15.22436           0.15499           0.01490
   1     60        -15.25395           0.15498          -0.01469
   1     80        -15.56508           0.15503          -0.32582
   1    100        -16.72220           0.15547          -1.48294
   2      0        -15.22811           0.15466           0.01115
   3      0        -15.23926           0.15452           0.00000
   4      0        -15.22572           0.15340           0.01354
   5      0        -15.22545           0.15429           0.01381
   5     60        -15.26661           0.15429          -0.02734
   5     80        -15.66025           0.15436          -0.42099
   5    100        -16.72767           0.15478          -1.48841
 
 
 group  inft   Estimated free energy: total (kcal/mol)
   1      0     -15.9407     -15.7741     -15.8269     -15.8588     -15.7884
                -16.0425     -15.9612     -15.6951     -15.7358     -15.6182
                -16.2619     -16.1678     -15.7785     -15.6641     -15.9847
                -16.0725     -15.7412     -15.7922     -16.1360     -15.6999
                -16.0125     -15.7728     -15.8777     -15.9012     -15.6903
   1     60     -15.9697     -15.8032     -15.8558     -15.8880     -15.8174
                -16.0717     -15.9904     -15.7243     -15.7650     -15.6474
                -16.2912     -16.1969     -15.8075     -15.6931     -16.0135
                -16.1016     -15.7704     -15.8213     -16.1648     -15.7290
                -16.0416     -15.8020     -15.9069     -15.9303     -15.7193
   1     80     -16.2780     -16.1113     -16.1636     -16.1972     -16.1252
                -16.3814     -16.2999     -16.0325     -16.0727     -15.9559
                -16.6014     -16.5057     -16.1150     -16.0007     -16.3198
                -16.4105     -16.0786     -16.1295     -16.4731     -16.0373
                -16.3500     -16.1104     -16.2161     -16.2390     -16.0260
   1    100     -17.4415     -17.2724     -17.3242     -17.3594     -17.2864
                -17.5477     -17.4657     -17.1914     -17.2291     -17.1178
                -17.7673     -17.6699     -17.2746     -17.1616     -17.4766
                -17.5744     -17.2384     -17.2904     -17.6360     -17.2004
                -17.5110     -17.2716     -17.3814     -17.4012     -17.1831
   2      0     -15.9239     -15.7705     -15.8318     -15.8546     -15.7714
                -16.0309     -15.9544     -15.6943     -15.7227     -15.6281
                -16.2656     -16.1629     -15.7995     -15.6604     -15.9830
                -16.0686     -15.7341     -15.8088     -16.1391     -15.7015
                -16.0164     -15.7719     -15.8722     -15.9042     -15.6814
   3      0     -15.9451     -15.7730     -15.8437     -15.8612     -15.7843
                -16.0400     -15.9661     -15.7045     -15.7313     -15.6483
                -16.2802     -16.1742     -15.8201     -15.6768     -15.9800
                -16.0775     -15.7453     -15.8293     -16.1545     -15.7117
                -16.0252     -15.7788     -15.8890     -15.9148     -15.6825
   4      0     -15.9183     -15.7660     -15.8293     -15.8551     -15.7548
                -16.0299     -15.9526     -15.6940     -15.7188     -15.6452
                -16.2648     -16.1617     -15.8108     -15.6593     -15.9573
                -16.0621     -15.7310     -15.8206     -16.1376     -15.6976
                -16.0143     -15.7722     -15.8639     -15.9080     -15.6763
   5      0     -15.9247     -15.7666     -15.8225     -15.8516     -15.7583
                -16.0265     -15.9500     -15.6937     -15.7155     -15.6373
                -16.2573     -16.1627     -15.8122     -15.6550     -15.9707
                -16.0675     -15.7202     -15.8237     -16.1461     -15.6941
                -16.0089     -15.7632     -15.8693     -15.9077     -15.6695
   5     60     -15.9650     -15.8069     -15.8627     -15.8921     -15.7985
                -16.0670     -15.9904     -15.7341     -15.7559     -15.6777
                -16.2979     -16.2029     -15.8523     -15.6952     -16.0107
                -16.1078     -15.7605     -15.8640     -16.1862     -15.7344
                -16.0492     -15.8036     -15.9097     -15.9481     -15.7097
   5     80     -16.3569     -16.1984     -16.2538     -16.2846     -16.1895
                -16.4605     -16.3837     -16.1260     -16.1468     -16.0697
                -16.6921     -16.5952     -16.2433     -16.0864     -16.4001
                -16.5004     -16.1518     -16.2559     -16.5780     -16.1265
                -16.4409     -16.1956     -16.3025     -16.3406     -16.0999
   5    100     -17.4301     -17.2699     -17.3257     -17.3574     -17.2609
                -17.5371     -17.4603     -17.1967     -17.2140     -17.1426
                -17.7691     -17.6698     -17.3145     -17.1581     -17.4677
                -17.5747     -17.2214     -17.3287     -17.6523     -17.2002
                -17.5129     -17.2677     -17.3775     -17.4142     -17.1687
 
 group  inft   Estimated free energy: 1-th solvent contribution (kcal/mol)
   1      0       0.3922       0.7711       0.2236       0.3925       0.9174
                  0.2905       0.5777       0.3623       0.7181       0.7067
                  0.6299       0.2450       0.4808       0.7880       0.7328
                  0.3539       0.4182       0.6107       0.6462       0.8015
                  0.6314       0.7952       0.8565       0.6173       0.4674
   1     60       0.3929       0.7717       0.2242       0.3930       0.9180
                  0.2911       0.5784       0.3629       0.7187       0.7073
                  0.6305       0.2456       0.4813       0.7887       0.7334
                  0.3545       0.4187       0.6114       0.6469       0.8022
                  0.6320       0.7959       0.8572       0.6179       0.4680
   1     80       0.3976       0.7759       0.2283       0.3968       0.9229
                  0.2949       0.5828       0.3675       0.7233       0.7119
                  0.6341       0.2493       0.4858       0.7945       0.7385
                  0.3583       0.4232       0.6159       0.6507       0.8071
                  0.6363       0.8012       0.8619       0.6225       0.4729
   1    100       0.4013       0.7795       0.2314       0.3999       0.9275
                  0.2961       0.5866       0.3719       0.7280       0.7163
                  0.6352       0.2509       0.4906       0.8021       0.7436
                  0.3601       0.4285       0.6202       0.6528       0.8120
                  0.6406       0.8077       0.8665       0.6271       0.4783
   2      0       0.4046       0.7723       0.2216       0.3943       0.9287
                  0.3006       0.5786       0.3660       0.7247       0.7026
                  0.6360       0.2440       0.4725       0.7957       0.7383
                  0.3564       0.4190       0.6156       0.6555       0.8060
                  0.6277       0.7973       0.8569       0.6102       0.4764
   3      0       0.3937       0.7754       0.2168       0.3931       0.9286
                  0.2987       0.5741       0.3706       0.7242       0.6941
                  0.6331       0.2387       0.4632       0.7857       0.7535
                  0.3566       0.4171       0.6129       0.6473       0.8078
                  0.6274       0.8035       0.8496       0.6071       0.4863
   4      0       0.4048       0.7722       0.2194       0.3958       0.9341
                  0.3026       0.5726       0.3726       0.7237       0.6892
                  0.6331       0.2299       0.4546       0.7884       0.7513
                  0.3595       0.4189       0.6096       0.6520       0.8129
                  0.6257       0.7988       0.8507       0.6000       0.4906
   5      0       0.3995       0.7719       0.2183       0.3943       0.9346
                  0.3015       0.5708       0.3662       0.7255       0.6900
                  0.6362       0.2302       0.4567       0.7913       0.7477
                  0.3540       0.4214       0.6103       0.6472       0.8156
                  0.6258       0.8035       0.8494       0.6043       0.4902
   5     60       0.4005       0.7728       0.2192       0.3951       0.9356
                  0.3024       0.5717       0.3671       0.7264       0.6910
                  0.6371       0.2311       0.4577       0.7925       0.7487
                  0.3549       0.4223       0.6113       0.6482       0.8166
                  0.6267       0.8045       0.8504       0.6052       0.4911
   5     80       0.4049       0.7766       0.2229       0.3987       0.9404
                  0.3057       0.5758       0.3712       0.7307       0.6953
                  0.6404       0.2343       0.4620       0.7983       0.7537
                  0.3584       0.4270       0.6155       0.6518       0.8213
                  0.6310       0.8098       0.8549       0.6096       0.4956
   5    100       0.4083       0.7794       0.2247       0.4010       0.9448
                  0.3066       0.5784       0.3744       0.7345       0.6985
                  0.6409       0.2347       0.4660       0.8053       0.7586
                  0.3596       0.4317       0.6185       0.6533       0.8257
                  0.6345       0.8154       0.8588       0.6131       0.5003
 
 group  inft   Estimated free energy: 2-th solvent contribution (kcal/mol)
   1      0      -0.8728      -1.4073      -0.8274      -1.2496      -1.1474
                 -1.5740      -1.2802      -1.6357      -2.0793      -0.9213
                 -1.4020      -1.0456      -0.8885      -1.1144      -1.1469
                 -0.7699      -1.6728      -0.8799      -1.2271      -0.9093
                 -1.2082      -1.3806      -1.1305      -1.0428      -1.3880
   1     60      -0.8729      -1.4074      -0.8275      -1.2497      -1.1476
                 -1.5741      -1.2803      -1.6358      -2.0794      -0.9214
                 -1.4021      -1.0458      -0.8886      -1.1145      -1.1470
                 -0.7701      -1.6729      -0.8799      -1.2272      -0.9094
                 -1.2083      -1.3807      -1.1307      -1.0429      -1.3881
   1     80      -0.8746      -1.4090      -0.8294      -1.2515      -1.1493
                 -1.5759      -1.2823      -1.6373      -2.0813      -0.9231
                 -1.4039      -1.0476      -0.8896      -1.1163      -1.1486
                 -0.7719      -1.6746      -0.8811      -1.2288      -0.9109
                 -1.2100      -1.3824      -1.1325      -1.0447      -1.3898
   1    100      -0.8830      -1.4175      -0.8384      -1.2606      -1.1579
                 -1.5849      -1.2917      -1.6455      -2.0903      -0.9313
                 -1.4129      -1.0565      -0.8962      -1.1255      -1.1563
                 -0.7809      -1.6834      -0.8879      -1.2371      -0.9187
                 -1.2187      -1.3910      -1.1417      -1.0545      -1.3988
   2      0      -0.8701      -1.4040      -0.8246      -1.2448      -1.1431
                 -1.5667      -1.2710      -1.6294      -2.0702      -0.9280
                 -1.4044      -1.0391      -0.8904      -1.1065      -1.1459
                 -0.7684      -1.6632      -0.8997      -1.2302      -0.9133
                 -1.2045      -1.3744      -1.1278      -1.0346      -1.3844
   3      0      -0.8700      -1.4020      -0.8214      -1.2404      -1.1434
                 -1.5625      -1.2678      -1.6309      -2.0663      -0.9258
                 -1.4036      -1.0376      -0.8931      -1.1021      -1.1502
                 -0.7664      -1.6612      -0.9050      -1.2277      -0.9134
                 -1.2018      -1.3747      -1.1226      -1.0320      -1.3811
   4      0      -0.8693      -1.4026      -0.8214      -1.2463      -1.1423
                 -1.5674      -1.2666      -1.6298      -2.0672      -0.9285
                 -1.4047      -1.0340      -0.8925      -1.1005      -1.1507
                 -0.7690      -1.6588      -0.9060      -1.2309      -0.9123
                 -1.2004      -1.3714      -1.1244      -1.0306      -1.3821
   5      0      -0.8691      -1.4026      -0.8184      -1.2440      -1.1433
                 -1.5633      -1.2652      -1.6286      -2.0651      -0.9252
                 -1.4025      -1.0337      -0.8924      -1.1003      -1.1500
                 -0.7678      -1.6584      -0.9079      -1.2279      -0.9142
                 -1.1991      -1.3690      -1.1246      -1.0308      -1.3796
   5     60      -0.8692      -1.4027      -0.8186      -1.2442      -1.1434
                 -1.5634      -1.2654      -1.6287      -2.0652      -0.9253
                 -1.4026      -1.0339      -0.8924      -1.1004      -1.1501
                 -0.7680      -1.6585      -0.9080      -1.2280      -0.9143
                 -1.1992      -1.3691      -1.1247      -1.0309      -1.3797
   5     80      -0.8717      -1.4051      -0.8212      -1.2467      -1.1459
                 -1.5660      -1.2681      -1.6310      -2.0677      -0.9277
                 -1.4052      -1.0365      -0.8941      -1.1029      -1.1524
                 -0.7706      -1.6609      -0.9099      -1.2304      -0.9166
                 -1.2016      -1.3716      -1.1273      -1.0336      -1.3821
   5    100      -0.8801      -1.4134      -0.8297      -1.2553      -1.1542
                 -1.5745      -1.2772      -1.6390      -2.0763      -0.9359
                 -1.4139      -1.0451      -0.9009      -1.1117      -1.1601
                 -0.7795      -1.6692      -0.9172      -1.2384      -0.9245
                 -1.2100      -1.3799      -1.1362      -1.0429      -1.3907
 
 group  inft   Estimated free energy: 3-th solvent contribution (kcal/mol)
   1      0     -15.4436     -15.1215     -15.2067     -14.9852     -15.5419
                -14.7426     -15.2423     -14.4053     -14.3582     -15.3872
                -15.4733     -15.3507     -15.3542     -15.3212     -15.5541
                -15.6400     -14.4702     -15.5066     -15.5387     -15.5757
                -15.4193     -15.1710     -15.5873     -15.4592     -14.7533
   1     60     -15.4732     -15.1511     -15.2361     -15.0148     -15.5714
                -14.7723     -15.2720     -14.4349     -14.3878     -15.4168
                -15.5031     -15.3802     -15.3838     -15.3508     -15.5835
                -15.6696     -14.4998     -15.5362     -15.5681     -15.6053
                -15.4489     -15.2007     -15.6169     -15.4889     -14.7827
   1     80     -15.7846     -15.4617     -15.5461     -15.3260     -15.8823
                -15.0839     -15.5840     -14.7462     -14.6982     -15.7282
                -15.8151     -15.6909     -15.6948     -15.6625     -15.8934
                -15.9805     -14.8108     -15.8479     -15.8786     -15.9171
                -15.7598     -15.5127     -15.9291     -15.8003     -15.0926
   1    100     -16.9433     -16.6179     -16.7007     -16.4823     -17.0395
                -16.2425     -16.7442     -15.9013     -15.8503     -16.8864
                -16.9731     -16.8478     -16.8525     -16.8218     -17.0474
                -17.1371     -15.9671     -17.0062     -17.0353     -17.0771
                -16.9164     -16.6718     -17.0897     -16.9574     -16.2461
   2      0     -15.4419     -15.1223     -15.2123     -14.9877     -15.5405
                -14.7484     -15.2455     -14.4144     -14.3608     -15.3861
                -15.4807     -15.3513     -15.3652     -15.3331     -15.5589
                -15.6401     -14.4734     -15.5082     -15.5478     -15.5777
                -15.4231     -15.1784     -15.5847     -15.4633     -14.7569
   3      0     -15.4524     -15.1299     -15.2226     -14.9975     -15.5530
                -14.7597     -15.2559     -14.4278     -14.3727     -15.4001
                -15.4932     -15.3589     -15.3737     -15.3439     -15.5668
                -15.6511     -14.4847     -15.5208     -15.5576     -15.5896
                -15.4343     -15.1911     -15.5996     -15.4734     -14.7712
   4      0     -15.4373     -15.1191     -15.2108     -14.9881     -15.5301
                -14.7487     -15.2422     -14.4203     -14.3588     -15.3894
                -15.4767     -15.3411     -15.3564     -15.3307     -15.5415
                -15.6360     -14.4746     -15.5078     -15.5423     -15.5817
                -15.4232     -15.1832     -15.5737     -15.4610     -14.7683
   5      0     -15.4387     -15.1194     -15.2059     -14.9854     -15.5331
                -14.7482     -15.2390     -14.4148     -14.3595     -15.3857
                -15.4745     -15.3426     -15.3600     -15.3296     -15.5519
                -15.6372     -14.4668     -15.5095     -15.5490     -15.5790
                -15.4192     -15.1812     -15.5777     -15.4647     -14.7636
   5     60     -15.4798     -15.1605     -15.2468     -15.0266     -15.5741
                -14.7895     -15.2803     -14.4561     -14.4007     -15.4269
                -15.5160     -15.3836     -15.4011     -15.3708     -15.5928
                -15.6783     -14.5079     -15.5508     -15.5900     -15.6202
                -15.4603     -15.2225     -15.6189     -15.5059     -14.8046
   5     80     -15.8736     -15.5534     -15.6391     -15.4202     -15.9675
                -15.1838     -15.6750     -14.8498     -14.7933     -15.8208
                -15.9108     -15.7766     -15.7948     -15.7653     -15.9850
                -16.0716     -14.9013     -15.9450     -15.9830     -16.0147
                -15.8538     -15.6173     -16.0136     -15.9001     -15.1970
   5    100     -16.9418     -16.6194     -16.7043     -16.4867     -17.0350
                -16.2527     -16.7450     -15.9155     -15.8558     -16.8887
                -16.9797     -16.8429     -16.8631     -16.8353     -17.0497
                -17.1384     -15.9674     -17.0135     -17.0507     -17.0850
                -16.9211     -16.6868     -17.0836     -16.9679     -16.2619
 
 
 cumulative average & 95% error for solvation free energy
              total             1st component         2nd component         3rd component
  1   -15.9451     0.0000     0.3937     0.0000    -0.8700     0.0000   -15.4524     0.0000
  2   -15.8591     0.1722     0.5845     0.3817    -1.1360     0.5320   -15.2912     0.3225
  3   -15.8539     0.0999     0.4619     0.3297    -1.0311     0.3719   -15.2683     0.1917
  4   -15.8558     0.0707     0.4447     0.2356    -1.0834     0.2830   -15.2006     0.1916
  5   -15.8415     0.0618     0.5415     0.2660    -1.0954     0.2205   -15.2711     0.2047
  6   -15.8746     0.0832     0.5010     0.2318    -1.1733     0.2381   -15.1859     0.2387
  7   -15.8876     0.0750     0.5115     0.1970    -1.1868     0.2030   -15.1959     0.2027
  8   -15.8647     0.0795     0.4939     0.1742    -1.2423     0.2079   -15.0999     0.2602
  9   -15.8499     0.0761     0.5195     0.1619    -1.3339     0.2591   -15.0191     0.2807
 10   -15.8298     0.0791     0.5369     0.1490    -1.2930     0.2457   -15.0572     0.2623
 11   -15.8707     0.1088     0.5457     0.1359    -1.3031     0.2232   -15.0968     0.2502
 12   -15.8960     0.1114     0.5201     0.1342    -1.2810     0.2085   -15.1187     0.2325
 13   -15.8902     0.1032     0.5157     0.1238    -1.2511     0.2008   -15.1383     0.2175
 14   -15.8749     0.1003     0.5350     0.1209    -1.2405     0.1872   -15.1530     0.2035
 15   -15.8819     0.0944     0.5496     0.1163    -1.2345     0.1747   -15.1806     0.1973
 16   -15.8941     0.0916     0.5375     0.1114    -1.2052     0.1735   -15.2100     0.1937
 17   -15.8854     0.0878     0.5304     0.1056    -1.2320     0.1716   -15.1673     0.2010
 18   -15.8823     0.0830     0.5350     0.1000    -1.2139     0.1658   -15.1869     0.1935
 19   -15.8966     0.0836     0.5409     0.0953    -1.2146     0.1569   -15.2064     0.1871
 20   -15.8873     0.0814     0.5543     0.0943    -1.1995     0.1518   -15.2256     0.1816
 21   -15.8939     0.0786     0.5577     0.0899    -1.1997     0.1444   -15.2355     0.1739
 22   -15.8887     0.0756     0.5689     0.0886    -1.2076     0.1386   -15.2335     0.1659
 23   -15.8887     0.0723     0.5811     0.0881    -1.2039     0.1327   -15.2494     0.1616
 24   -15.8898     0.0692     0.5822     0.0844    -1.1967     0.1278   -15.2588     0.1559
 25   -15.8815     0.0684     0.5784     0.0813    -1.2041     0.1235   -15.2393     0.1545
