 ERmod 0.3.7, Copyright (C) 2000-2019 Nobuyuki Matubayasi
                            2010-2019 Shun Sakuraba
 ERmod comes with ABSOLUTELY NO WARRANTY.
 This is free software, and you can redistribute it
 and/or modify it under certain conditions.
 See LICENSE file for details.
Opening: "/home/hervoe/snic2020-6-15/hervoe/Caffeine_solubility/Simulations/opls_simulations/CsI/1.00/trajectory_sol_full.xtc"...
  Trying plugin "Gromacs XTC Compressed Trajectory"...OK
 ERmod 0.3.7, Copyright (C) 2000-2019 Nobuyuki Matubayasi
                            2010-2019 Shun Sakuraba
 ERmod comes with ABSOLUTELY NO WARRANTY.
 This is free software, and you can redistribute it
 and/or modify it under certain conditions.
 See LICENSE file for details.
Opening: "/home/hervoe/snic2020-6-15/hervoe/Caffeine_solubility/Simulations/opls_simulations/CsI/1.00/trajectory_ref_full.xtc"...
  Trying plugin "Gromacs XTC Compressed Trajectory"...OK
Opening: "/home/hervoe/snic2020-6-15/hervoe/Caffeine_solubility/Simulations/opls_simulations/Solute/trajectory_solute.xtc"...
  Trying plugin "Gromacs XTC Compressed Trajectory"...OK
Opening: "/home/hervoe/snic2020-6-15/hervoe/Caffeine_solubility/Simulations/opls_simulations/Solute/trajectory_solute.xtc"...
  Trying plugin "Gromacs XTC Compressed Trajectory"...OK
Opening: "/home/hervoe/snic2020-6-15/hervoe/Caffeine_solubility/Simulations/opls_simulations/Solute/trajectory_solute.xtc"...
  Trying plugin "Gromacs XTC Compressed Trajectory"...OK
Opening: "/home/hervoe/snic2020-6-15/hervoe/Caffeine_solubility/Simulations/opls_simulations/Solute/trajectory_solute.xtc"...
  Trying plugin "Gromacs XTC Compressed Trajectory"...OK
Opening: "/home/hervoe/snic2020-6-15/hervoe/Caffeine_solubility/Simulations/opls_simulations/Solute/trajectory_solute.xtc"...
  Trying plugin "Gromacs XTC Compressed Trajectory"...OK
Opening: "/home/hervoe/snic2020-6-15/hervoe/Caffeine_solubility/Simulations/opls_simulations/Solute/trajectory_solute.xtc"...
  Trying plugin "Gromacs XTC Compressed Trajectory"...OK
Opening: "/home/hervoe/snic2020-6-15/hervoe/Caffeine_solubility/Simulations/opls_simulations/Solute/trajectory_solute.xtc"...
  Trying plugin "Gromacs XTC Compressed Trajectory"...OK
Opening: "/home/hervoe/snic2020-6-15/hervoe/Caffeine_solubility/Simulations/opls_simulations/Solute/trajectory_solute.xtc"...
  Trying plugin "Gromacs XTC Compressed Trajectory"...OK
Opening: "/home/hervoe/snic2020-6-15/hervoe/Caffeine_solubility/Simulations/opls_simulations/Solute/trajectory_solute.xtc"...
  Trying plugin "Gromacs XTC Compressed Trajectory"...OK
Opening: "/home/hervoe/snic2020-6-15/hervoe/Caffeine_solubility/Simulations/opls_simulations/Solute/trajectory_solute.xtc"...
  Trying plugin "Gromacs XTC Compressed Trajectory"...OK
 
  Number of the   1-th solvent  =           18
  Number of the   2-th solvent  =           18
  Number of the   3-th solvent  =         1000
 
  Be sure that the solvent distribution is homogeneous (radial distribution function is essentially unity) when the solvent molecule is separated beyond distance of   10.0 Angstrom in any direction from any atom within the solute molecule
 
  LJ long-range correction    =        -0.0580     -0.0038     -0.9675
 
  Self-energy of the solute   =        -0.0369  kcal/mol
 
 
 cumulative average & 95% error for solvation energy
              total             1st component         2nd component         3rd component
  1   -49.2632                0.3289               -2.8563              -46.6989
  2   -49.2768     0.0273     0.2552     0.1475    -2.3676     0.9775   -47.1275     0.8573
  3   -49.2533     0.0496    -0.3608     1.2349    -2.0019     0.9238   -46.8537     0.7381
  4   -49.1866     0.1380    -0.7546     1.1759    -2.6006     1.3641   -45.7944     2.1820
  5   -49.1846     0.1070    -0.7937     0.9142    -2.5212     1.0685   -45.8328     1.6919
  6   -49.1787     0.0881    -0.4334     1.0375    -2.8507     1.0934   -45.8577     1.3823
  7   -49.2184     0.1089    -0.6464     0.9748    -2.6866     0.9806   -45.8485     1.1684
  8   -49.2225     0.0947    -0.7074     0.8530    -2.5729     0.8792   -45.9053     1.0182
  9   -49.2023     0.0928    -0.9541     0.8996    -2.4352     0.8228   -45.7760     0.9345
 10   -49.1889     0.0872    -0.7325     0.9187    -2.5461     0.7686   -45.8733     0.8582
 11   -49.1835     0.0796    -0.7290     0.8310    -2.6103     0.7070   -45.8073     0.7874
 12   -49.1810     0.0729    -0.8438     0.7926    -2.5491     0.6569   -45.7512     0.7275
 13   -49.1745     0.0683    -0.7453     0.7552    -2.6809     0.6593   -45.7114     0.6739
 14   -49.1850     0.0666    -0.7655     0.7004    -2.5087     0.7008   -45.8739     0.7035
 15   -49.1883     0.0624    -0.7512     0.6526    -2.4688     0.6573   -45.9314     0.6649
 16   -49.1838     0.0590    -0.9036     0.6824    -2.5128     0.6211   -45.7304     0.7405
 17   -49.1804     0.0559    -0.9429     0.6458    -2.4527     0.5957   -45.7480     0.6965
 18   -49.1852     0.0535    -0.9632     0.6102    -2.4593     0.5618   -45.7258     0.6581
 19   -49.1784     0.0524    -0.8901     0.5954    -2.4926     0.5355   -45.7588     0.6260
 20   -49.1832     0.0507    -0.8927     0.5649    -2.5259     0.5124   -45.7278     0.5971
 21   -49.1859     0.0485    -0.9448     0.5473    -2.4851     0.4942   -45.7190     0.5683
 22   -49.1815     0.0470    -1.0673     0.5764    -2.3846     0.5122   -45.6928     0.5444
 23   -49.1797     0.0451    -1.1396     0.5695    -2.3848     0.4895   -45.6184     0.5410
 24   -49.1856     0.0447    -1.1352     0.5453    -2.3503     0.4737   -45.6632     0.5256
 25   -49.1891     0.0435    -1.1423     0.5232    -2.2848     0.4728   -45.7251     0.5191
 
 
 group  inft  solvation free energy     error          difference
  total solvation free energy
   1      0        -11.43791           0.07305          -0.01824
   1     60        -11.47552           0.07305          -0.05586
   1     80        -11.83514           0.07311          -0.41548
   1    100        -13.08270           0.07339          -1.66304
   2      0        -11.42057           0.07203          -0.00090
   3      0        -11.41966           0.07037           0.00000
   4      0        -11.40559           0.07059           0.01407
   5      0        -11.40426           0.07098           0.01540
   5     60        -11.45573           0.07098          -0.03607
   5     80        -11.90463           0.07099          -0.48496
   5    100        -13.04960           0.07109          -1.62994
 
  contribution from  1-th solvent component
   1      0          0.24261           0.22949          -0.01283
   1     60          0.24153           0.22949          -0.01391
   1     80          0.23171           0.22949          -0.02373
   1    100          0.19842           0.22949          -0.05701
   2      0          0.25251           0.22924          -0.00293
   3      0          0.25544           0.22911           0.00000
   4      0          0.25707           0.22871           0.00163
   5      0          0.25862           0.22882           0.00318
   5     60          0.25713           0.22882           0.00170
   5     80          0.24469           0.22883          -0.01075
   5    100          0.21457           0.22885          -0.04086
 
  contribution from  2-th solvent component
   1      0         -1.13916           0.22818          -0.01114
   1     60         -1.13966           0.22818          -0.01165
   1     80         -1.14519           0.22820          -0.01717
   1    100         -1.16407           0.22820          -0.03605
   2      0         -1.13156           0.22748          -0.00355
   3      0         -1.12801           0.22704           0.00000
   4      0         -1.12626           0.22696           0.00175
   5      0         -1.12501           0.22712           0.00300
   5     60         -1.12569           0.22712           0.00233
   5     80         -1.13246           0.22713          -0.00444
   5    100         -1.14966           0.22710          -0.02164
 
  contribution from  3-th solvent component
   1      0        -10.50444           0.24990           0.00573
   1     60        -10.54048           0.24991          -0.03030
   1     80        -10.88476           0.25016          -0.37458
   1    100        -12.08015           0.25115          -1.56997
   2      0        -10.50460           0.24900           0.00558
   3      0        -10.51018           0.24910           0.00000
   4      0        -10.49949           0.24758           0.01069
   5      0        -10.50096           0.24835           0.00922
   5     60        -10.55026           0.24837          -0.04009
   5     80        -10.97995           0.24868          -0.46977
   5    100        -12.07761           0.24958          -1.56743
 
 
 group  inft   Estimated free energy: total (kcal/mol)
   1      0     -11.6162     -11.1506     -11.6341     -11.3821     -11.3808
                -11.4535     -11.4019     -11.6332     -11.3530     -11.5487
                -11.8676     -11.4584     -11.6660     -11.2911     -11.3194
                -11.0304     -11.4382     -11.4539     -11.2237     -11.6969
                -11.4032     -11.2888     -11.4494     -11.4485     -11.3579
   1     60     -11.6538     -11.1882     -11.6717     -11.4197     -11.4184
                -11.4912     -11.4394     -11.6709     -11.3905     -11.5862
                -11.9052     -11.4961     -11.7036     -11.3287     -11.3570
                -11.0679     -11.4760     -11.4915     -11.2614     -11.7347
                -11.4409     -11.3263     -11.4870     -11.4861     -11.3957
   1     80     -12.0129     -11.5484     -12.0313     -11.7776     -11.7775
                -11.8515     -11.7990     -12.0306     -11.7491     -11.9451
                -12.2644     -11.8562     -12.0629     -11.6894     -11.7173
                -11.4256     -11.8373     -11.8503     -11.6213     -12.0963
                -11.8014     -11.6851     -11.8456     -11.8456     -11.7568
   1    100     -13.2577     -12.7986     -13.2799     -13.0184     -13.0233
                -13.1009     -13.0478     -13.2796     -12.9932     -13.1901
                -13.5100     -13.1057     -13.3101     -12.9409     -12.9665
                -12.6655     -13.0900     -13.0944     -12.8692     -13.3510
                -13.0530     -12.9296     -13.0888     -13.0942     -13.0090
   2      0     -11.6006     -11.1492     -11.6021     -11.3775     -11.3702
                -11.4235     -11.3993     -11.5980     -11.3520     -11.5345
                -11.8506     -11.4313     -11.6509     -11.2758     -11.3050
                -10.9995     -11.4123     -11.4339     -11.2183     -11.6679
                -11.3862     -11.2587     -11.4383     -11.4311     -11.3475
   3      0     -11.5890     -11.1562     -11.6035     -11.3727     -11.3765
                -11.4175     -11.3969     -11.5984     -11.3503     -11.5334
                -11.8318     -11.4265     -11.6532     -11.2741     -11.3143
                -11.0046     -11.4131     -11.4348     -11.2277     -11.6598
                -11.3930     -11.2561     -11.4315     -11.4276     -11.3491
   4      0     -11.5743     -11.1266     -11.5868     -11.3578     -11.3695
                -11.3967     -11.3955     -11.5786     -11.3390     -11.5144
                -11.8129     -11.4225     -11.6481     -11.2557     -11.2912
                -10.9907     -11.3944     -11.4088     -11.2282     -11.6502
                -11.3969     -11.2410     -11.4248     -11.4105     -11.3244
   5      0     -11.5792     -11.1304     -11.5869     -11.3556     -11.3625
                -11.3963     -11.3831     -11.5784     -11.3396     -11.5222
                -11.8130     -11.4203     -11.6502     -11.2607     -11.2858
                -10.9861     -11.3945     -11.4124     -11.2181     -11.6464
                -11.3839     -11.2455     -11.4192     -11.4157     -11.3206
   5     60     -11.6306     -11.1820     -11.6383     -11.4069     -11.4139
                -11.4479     -11.4345     -11.6298     -11.3910     -11.5736
                -11.8643     -11.4719     -11.7017     -11.3122     -11.3373
                -11.0374     -11.4461     -11.4638     -11.2696     -11.6980
                -11.4355     -11.2969     -11.4706     -11.4672     -11.3722
   5     80     -12.0787     -11.6317     -12.0868     -11.8538     -11.8623
                -11.8971     -11.8837     -12.0785     -11.8392     -12.0221
                -12.3120     -11.9213     -12.1503     -11.7625     -11.7868
                -11.4837     -11.8969     -11.9115     -11.7195     -12.1489
                -11.8856     -11.7447     -11.9187     -11.9162     -11.8231
   5    100     -13.2210     -12.7795     -13.2316     -12.9929     -13.0063
                -13.0426     -13.0304     -13.2236     -12.9828     -13.1663
                -13.4535     -13.0677     -13.2953     -12.9112     -12.9332
                -12.6212     -13.0461     -13.0529     -12.8665     -13.2987
                -13.0338     -12.8867     -13.0610     -13.0627     -12.9724
 
 group  inft   Estimated free energy: 1-th solvent contribution (kcal/mol)
   1      0       0.9303       0.9911      -0.0164      -0.2411       0.4057
                  1.2622      -0.0421       0.2400      -0.4777       1.2198
                  0.2796      -0.1906       0.8373       0.3609       0.7059
                 -0.6198       0.0521       0.0477       0.9836       0.2062
                 -0.1445      -0.7767      -0.5385       0.3080       0.2820
   1     60       0.9292       0.9900      -0.0174      -0.2422       0.4046
                  1.2611      -0.0432       0.2389      -0.4788       1.2188
                  0.2785      -0.1917       0.8363       0.3599       0.7049
                 -0.6209       0.0510       0.0466       0.9825       0.2051
                 -0.1455      -0.7778      -0.5396       0.3069       0.2809
   1     80       0.9195       0.9803      -0.0272      -0.2520       0.3946
                  1.2512      -0.0528       0.2290      -0.4884       1.2090
                  0.2687      -0.2014       0.8265       0.3500       0.6951
                 -0.6306       0.0411       0.0367       0.9727       0.1951
                 -0.1553      -0.7877      -0.5493       0.2971       0.2711
   1    100       0.8867       0.9475      -0.0603      -0.2852       0.3605
                  1.2174      -0.0859       0.1956      -0.5213       1.1757
                  0.2355      -0.2346       0.7934       0.3165       0.6619
                 -0.6638       0.0076       0.0031       0.9396       0.1613
                 -0.1884      -0.8213      -0.5825       0.2638       0.2378
   2      0       0.9360       0.9969      -0.0039      -0.2350       0.4234
                  1.2757      -0.0393       0.2522      -0.4719       1.2274
                  0.2882      -0.1805       0.8478       0.3667       0.7169
                 -0.6031       0.0682       0.0563       0.9901       0.2274
                 -0.1353      -0.7620      -0.5321       0.3168       0.2860
   3      0       0.9386       0.9981      -0.0011      -0.2313       0.4216
                  1.2790      -0.0315       0.2556      -0.4694       1.2303
                  0.2951      -0.1783       0.8509       0.3708       0.7197
                 -0.6006       0.0704       0.0582       0.9909       0.2313
                 -0.1328      -0.7592      -0.5278       0.3179       0.2892
   4      0       0.9368       1.0002       0.0005      -0.2272       0.4256
                  1.2803      -0.0328       0.2582      -0.4634       1.2269
                  0.2968      -0.1776       0.8476       0.3704       0.7277
                 -0.6012       0.0726       0.0584       0.9912       0.2336
                 -0.1310      -0.7533      -0.5260       0.3197       0.2928
   5      0       0.9375       1.0013       0.0011      -0.2263       0.4261
                  1.2797      -0.0280       0.2612      -0.4646       1.2299
                  0.2990      -0.1763       0.8512       0.3724       0.7278
                 -0.5980       0.0715       0.0610       0.9950       0.2348
                 -0.1290      -0.7565      -0.5216       0.3195       0.2970
   5     60       0.9361       0.9998      -0.0004      -0.2277       0.4246
                  1.2782      -0.0295       0.2597      -0.4661       1.2284
                  0.2975      -0.1778       0.8497       0.3708       0.7263
                 -0.5995       0.0700       0.0595       0.9935       0.2333
                 -0.1305      -0.7580      -0.5231       0.3181       0.2955
   5     80       0.9237       0.9875      -0.0127      -0.2402       0.4121
                  1.2659      -0.0419       0.2474      -0.4785       1.2159
                  0.2851      -0.1902       0.8373       0.3581       0.7140
                 -0.6119       0.0575       0.0469       0.9810       0.2208
                 -0.1428      -0.7706      -0.5357       0.3056       0.2829
   5    100       0.8938       0.9577      -0.0427      -0.2704       0.3817
                  1.2359      -0.0719       0.2175      -0.5084       1.1857
                  0.2551      -0.2204       0.8073       0.3274       0.6841
                 -0.6419       0.0274       0.0165       0.9507       0.1907
                 -0.1728      -0.8009      -0.5661       0.2756       0.2527
 
 group  inft   Estimated free energy: 2-th solvent contribution (kcal/mol)
   1      0      -1.5326      -0.7296      -0.7619      -2.1075      -1.1143
                 -2.0547      -0.8016      -1.0185      -0.8040      -1.7403
                 -1.8654      -0.9873      -2.1698      -0.0320      -1.0165
                 -1.3342      -0.8306      -1.1636      -1.3869      -1.6546
                 -0.8210      -0.2275      -1.2033      -0.7117      -0.4095
   1     60      -1.5330      -0.7301      -0.7624      -2.1080      -1.1148
                 -2.0553      -0.8021      -1.0190      -0.8045      -1.7408
                 -1.8659      -0.9878      -2.1703      -0.0325      -1.0170
                 -1.3347      -0.8311      -1.1641      -1.3874      -1.6551
                 -0.8215      -0.2280      -1.2038      -0.7122      -0.4100
   1     80      -1.5387      -0.7355      -0.7677      -2.1136      -1.1204
                 -2.0611      -0.8075      -1.0247      -0.8102      -1.7463
                 -1.8715      -0.9933      -2.1758      -0.0379      -1.0226
                 -1.3402      -0.8367      -1.1696      -1.3928      -1.6607
                 -0.8270      -0.2335      -1.2092      -0.7179      -0.4153
   1    100      -1.5576      -0.7543      -0.7860      -2.1327      -1.1391
                 -2.0805      -0.8266      -1.0438      -0.8298      -1.7647
                 -1.8901      -1.0126      -2.1944      -0.0567      -1.0410
                 -1.3589      -0.8559      -1.1886      -1.4110      -1.6800
                 -0.8463      -0.2524      -1.2278      -0.7377      -0.4334
   2      0      -1.5236      -0.7357      -0.7597      -2.0949      -1.1106
                 -2.0376      -0.7957      -1.0066      -0.7939      -1.7277
                 -1.8582      -0.9770      -2.1654      -0.0295      -1.0095
                 -1.3218      -0.8216      -1.1542      -1.3826      -1.6493
                 -0.8221      -0.2174      -1.1923      -0.6980      -0.4041
   3      0      -1.5128      -0.7357      -0.7564      -2.0912      -1.1101
                 -2.0306      -0.7962      -1.0025      -0.7920      -1.7245
                 -1.8482      -0.9685      -2.1653      -0.0273      -1.0117
                 -1.3191      -0.8162      -1.1492      -1.3801      -1.6422
                 -0.8206      -0.2116      -1.1875      -0.6959      -0.4049
   4      0      -1.5170      -0.7320      -0.7553      -2.0884      -1.1095
                 -2.0220      -0.7943      -0.9998      -0.7917      -1.7207
                 -1.8515      -0.9683      -2.1637      -0.0273      -1.0080
                 -1.3044      -0.8139      -1.1445      -1.3844      -1.6455
                 -0.8239      -0.2138      -1.1875      -0.6897      -0.3996
   5      0      -1.5125      -0.7272      -0.7523      -2.0871      -1.1070
                 -2.0246      -0.7918      -1.0009      -0.7909      -1.7195
                 -1.8464      -0.9693      -2.1682      -0.0264      -1.0085
                 -1.3071      -0.8126      -1.1434      -1.3791      -1.6423
                 -0.8189      -0.2110      -1.1866      -0.6923      -0.3994
   5     60      -1.5131      -0.7279      -0.7529      -2.0878      -1.1077
                 -2.0253      -0.7925      -1.0016      -0.7916      -1.7202
                 -1.8470      -0.9700      -2.1689      -0.0271      -1.0092
                 -1.3078      -0.8132      -1.1441      -1.3797      -1.6430
                 -0.8196      -0.2117      -1.1872      -0.6930      -0.4001
   5     80      -1.5198      -0.7345      -0.7595      -2.0946      -1.1144
                 -2.0323      -0.7992      -1.0086      -0.7985      -1.7271
                 -1.8537      -0.9769      -2.1757      -0.0337      -1.0159
                 -1.3145      -0.8201      -1.1508      -1.3865      -1.6498
                 -0.8264      -0.2184      -1.1939      -0.7000      -0.4066
   5    100      -1.5366      -0.7519      -0.7766      -2.1116      -1.1314
                 -2.0496      -0.8166      -1.0261      -0.8163      -1.7440
                 -1.8704      -0.9946      -2.1927      -0.0507      -1.0327
                 -1.3316      -0.8377      -1.1681      -1.4034      -1.6674
                 -0.8443      -0.2357      -1.2108      -0.7178      -0.4230
 
 group  inft   Estimated free energy: 3-th solvent contribution (kcal/mol)
   1      0     -10.9771     -11.3751     -10.8190      -8.9966     -10.6353
                -10.6241     -10.5213     -10.8178     -10.0344     -10.9913
                -10.2449     -10.2436     -10.2966     -11.5831     -10.9719
                 -9.0395     -10.6228     -10.3011     -10.7835     -10.2116
                -10.4008     -10.2477      -9.6707     -11.0078     -11.1935
   1     60     -11.0131     -11.4112     -10.8550      -9.0325     -10.6713
                -10.6602     -10.5573     -10.8538     -10.0703     -11.0272
                -10.2809     -10.2797     -10.3327     -11.6192     -11.0080
                 -9.0754     -10.6590     -10.3371     -10.8195     -10.2478
                -10.4369     -10.2836      -9.7067     -11.0438     -11.2297
   1     80     -11.3568     -11.7563     -11.1995      -9.3751     -11.0148
                -11.0047     -10.9017     -11.1981     -10.4135     -11.3708
                -10.6247     -10.6245     -10.6767     -11.9645     -11.3529
                 -9.4179     -11.0048     -10.6805     -11.1642     -10.5939
                -10.7823     -10.6270     -10.0501     -11.3878     -11.5756
   1    100     -12.5499     -12.9549     -12.3968     -10.5636     -12.2078
                -12.2009     -12.0983     -12.3945     -11.6051     -12.5642
                -11.8185     -11.8216     -11.8723     -13.1638     -12.5506
                -10.6059     -12.2048     -11.8720     -12.3608     -11.7954
                -11.9814     -11.8190     -11.2416     -12.5834     -12.7765
   2      0     -10.9761     -11.3735     -10.8015      -9.0107     -10.6461
                -10.6247     -10.5273     -10.8066     -10.0492     -10.9972
                -10.2438     -10.2370     -10.2964     -11.5760     -10.9756
                 -9.0377     -10.6219     -10.2990     -10.7889     -10.2091
                -10.3918     -10.2423      -9.6770     -11.0130     -11.1925
   3      0     -10.9780     -11.3817     -10.8091      -9.0134     -10.6511
                -10.6290     -10.5324     -10.8146     -10.0520     -11.0023
                -10.2418     -10.2428     -10.3019     -11.5807     -10.9853
                 -9.0479     -10.6303     -10.3070     -10.8016     -10.2120
                -10.4028     -10.2484      -9.6793     -11.0126     -11.1966
   4      0     -10.9572     -11.3579     -10.7952      -9.0053     -10.6487
                -10.6181     -10.5315     -10.8001     -10.0470     -10.9837
                -10.2213     -10.2397     -10.2951     -11.5619     -10.9740
                 -9.0482     -10.6163     -10.2858     -10.7981     -10.2014
                -10.4051     -10.2371      -9.6744     -11.0036     -11.1807
   5      0     -10.9674     -11.3676     -10.7988      -9.0053     -10.6446
                -10.6145     -10.5264     -10.8017     -10.0472     -10.9956
                -10.2287     -10.2378     -10.2963     -11.5697     -10.9681
                 -9.0440     -10.6165     -10.2931     -10.7971     -10.2020
                -10.3992     -10.2411      -9.6740     -11.0060     -11.1812
   5     60     -11.0167     -11.4170     -10.8481      -9.0544     -10.6938
                -10.6639     -10.5757     -10.8510     -10.0964     -11.0449
                -10.2779     -10.2872     -10.3456     -11.6191     -11.0175
                 -9.0931     -10.6659     -10.3423     -10.8465     -10.2514
                -10.4486     -10.2903      -9.7233     -11.0553     -11.2307
   5     80     -11.4457     -11.8478     -11.2776      -9.4821     -11.1230
                -11.0938     -11.0057     -11.2804     -10.5253     -11.4741
                -10.7065     -10.7173     -10.7750     -12.0501     -11.4480
                 -9.5204     -11.0974     -10.7708     -11.2771     -10.6830
                -10.8794     -10.7188     -10.1522     -11.4849     -11.6625
   5    100     -12.5414     -12.9484     -12.3754     -10.5740     -12.2198
                -12.1920     -12.1050     -12.3780     -11.6212     -12.5710
                -11.8014     -11.8158     -11.8730     -13.1511     -12.5477
                -10.6108     -12.1989     -11.8645     -12.3769     -11.7851
                -11.9798     -11.8131     -11.2472     -12.5835     -12.7652
 
 
 cumulative average & 95% error for solvation free energy
              total             1st component         2nd component         3rd component
  1   -11.5890     0.0000     0.9386     0.0000    -1.5128     0.0000   -10.9780     0.0000
  2   -11.3726     0.4329     0.9684     0.0595    -1.1242     0.7771   -11.1798     0.4037
  3   -11.4496     0.2935     0.6452     0.6472    -1.0016     0.5113   -11.0563     0.3397
  4   -11.4304     0.2111     0.4261     0.6337    -1.2740     0.6538   -10.5455     1.0493
  5   -11.4196     0.1649     0.4252     0.4908    -1.2412     0.5107   -10.5666     0.8139
  6   -11.4192     0.1347     0.5675     0.4915    -1.3728     0.4931   -10.5770     0.6649
  7   -11.4160     0.1140     0.4819     0.4493    -1.2904     0.4481   -10.5707     0.5621
  8   -11.4388     0.1087     0.4536     0.3932    -1.2544     0.3947   -10.6011     0.4906
  9   -11.4290     0.0979     0.3511     0.4029    -1.2030     0.3629   -10.5401     0.4495
 10   -11.4394     0.0900     0.4390     0.4010    -1.2552     0.3410   -10.5863     0.4126
 11   -11.4751     0.1083     0.4259     0.3636    -1.3091     0.3267   -10.5550     0.3784
 12   -11.4711     0.0992     0.3756     0.3469    -1.2807     0.3036   -10.5290     0.3493
 13   -11.4851     0.0954     0.4121     0.3274    -1.3488     0.3107   -10.5115     0.3232
 14   -11.4700     0.0933     0.4092     0.3031    -1.2544     0.3440   -10.5879     0.3360
 15   -11.4596     0.0893     0.4299     0.2852    -1.2382     0.3219   -10.6144     0.3172
 16   -11.4312     0.1011     0.3655     0.2963    -1.2433     0.3013   -10.5165     0.3555
 17   -11.4301     0.0950     0.3481     0.2805    -1.2181     0.2874   -10.5232     0.3342
 18   -11.4304     0.0896     0.3320     0.2664    -1.2143     0.2711   -10.5112     0.3160
 19   -11.4197     0.0874     0.3667     0.2613    -1.2230     0.2570   -10.5265     0.3005
 20   -11.4317     0.0863     0.3599     0.2483    -1.2440     0.2474   -10.5107     0.2868
 21   -11.4299     0.0821     0.3365     0.2408    -1.2238     0.2388   -10.5056     0.2730
 22   -11.4220     0.0799     0.2867     0.2503    -1.1778     0.2456   -10.4939     0.2613
 23   -11.4224     0.0764     0.2513     0.2494    -1.1782     0.2346   -10.4585     0.2596
 24   -11.4226     0.0731     0.2540     0.2388    -1.1581     0.2282   -10.4816     0.2528
 25   -11.4197     0.0704     0.2554     0.2291    -1.1280     0.2270   -10.5102     0.2491
