 ERmod 0.3.7, Copyright (C) 2000-2019 Nobuyuki Matubayasi
                            2010-2019 Shun Sakuraba
 ERmod comes with ABSOLUTELY NO WARRANTY.
 This is free software, and you can redistribute it
 and/or modify it under certain conditions.
 See LICENSE file for details.
Opening: "/home/hervoe/snic2020-6-15/hervoe/temp/Simulations/NaI/2.00/trajectory_sol_full.xtc"...
  Trying plugin "Gromacs XTC Compressed Trajectory"...OK
 ERmod 0.3.7, Copyright (C) 2000-2019 Nobuyuki Matubayasi
                            2010-2019 Shun Sakuraba
 ERmod comes with ABSOLUTELY NO WARRANTY.
 This is free software, and you can redistribute it
 and/or modify it under certain conditions.
 See LICENSE file for details.
Opening: "/home/hervoe/snic2020-6-15/hervoe/temp/Simulations/NaI/2.00/trajectory_ref_full.xtc"...
  Trying plugin "Gromacs XTC Compressed Trajectory"...OK
Opening: "/home/hervoe/snic2020-6-15/hervoe/temp/Simulations/Solute_new/trajectory_solute.xtc"...
  Trying plugin "Gromacs XTC Compressed Trajectory"...OK
Opening: "/home/hervoe/snic2020-6-15/hervoe/temp/Simulations/Solute_new/trajectory_solute.xtc"...
  Trying plugin "Gromacs XTC Compressed Trajectory"...OK
Opening: "/home/hervoe/snic2020-6-15/hervoe/temp/Simulations/Solute_new/trajectory_solute.xtc"...
  Trying plugin "Gromacs XTC Compressed Trajectory"...OK
Opening: "/home/hervoe/snic2020-6-15/hervoe/temp/Simulations/Solute_new/trajectory_solute.xtc"...
  Trying plugin "Gromacs XTC Compressed Trajectory"...OK
Opening: "/home/hervoe/snic2020-6-15/hervoe/temp/Simulations/Solute_new/trajectory_solute.xtc"...
  Trying plugin "Gromacs XTC Compressed Trajectory"...OK
Opening: "/home/hervoe/snic2020-6-15/hervoe/temp/Simulations/Solute_new/trajectory_solute.xtc"...
  Trying plugin "Gromacs XTC Compressed Trajectory"...OK
Opening: "/home/hervoe/snic2020-6-15/hervoe/temp/Simulations/Solute_new/trajectory_solute.xtc"...
  Trying plugin "Gromacs XTC Compressed Trajectory"...OK
Opening: "/home/hervoe/snic2020-6-15/hervoe/temp/Simulations/Solute_new/trajectory_solute.xtc"...
  Trying plugin "Gromacs XTC Compressed Trajectory"...OK
Opening: "/home/hervoe/snic2020-6-15/hervoe/temp/Simulations/Solute_new/trajectory_solute.xtc"...
  Trying plugin "Gromacs XTC Compressed Trajectory"...OK
Opening: "/home/hervoe/snic2020-6-15/hervoe/temp/Simulations/Solute_new/trajectory_solute.xtc"...
  Trying plugin "Gromacs XTC Compressed Trajectory"...OK
 
  Number of the   1-th solvent  =           36
  Number of the   2-th solvent  =           36
  Number of the   3-th solvent  =         1000
 
  Be sure that the solvent distribution is homogeneous (radial distribution function is essentially unity) when the solvent molecule is separated beyond distance of   10.0 Angstrom in any direction from any atom within the solute molecule
 
  LJ long-range correction    =        -0.1030     -0.0131     -0.8300
 
  Self-energy of the solute   =        -0.0152  kcal/mol
 
 
 cumulative average & 95% error for solvation energy
              total             1st component         2nd component         3rd component
  1   -59.5570               -0.8972               -4.9026              -53.7420
  2   -59.5645     0.0150    -0.6220     0.5505    -8.4228     7.0405   -50.5045     6.4750
  3   -59.5801     0.0324    -0.4001     0.5459    -8.1312     4.1064   -51.0336     3.8852
  4   -59.5874     0.0272    -0.7628     0.8218    -8.5026     2.9972   -50.3068     3.1081
  5   -59.5008     0.1745    -0.6050     0.7105    -8.3929     2.3319   -50.4878     2.4345
  6   -59.5412     0.1638    -0.7261     0.6287    -8.2961     1.9138   -50.5038     1.9881
  7   -59.5403     0.1384    -1.2842     1.2362    -8.3053     1.6176   -49.9356     2.0285
  8   -59.5260     0.1233    -1.1012     1.1314    -8.5034     1.4558   -49.9061     1.7577
  9   -59.5399     0.1123    -1.0278     1.0085    -8.3281     1.3310   -50.1689     1.6368
 10   -59.5381     0.1005    -0.9581     0.9128    -7.7593     1.6465   -50.8055     1.9402
 11   -59.5498     0.0938    -1.0421     0.8425    -7.5199     1.5644   -50.9726     1.7865
 12   -59.5416     0.0872    -0.9927     0.7755    -8.1072     1.8491   -50.4265     1.9627
 13   -59.5512     0.0824    -1.0607     0.7262    -7.9574     1.7271   -50.5178     1.8147
 14   -59.5529     0.0764    -1.1976     0.7259    -7.8116     1.6254   -50.5285     1.6802
 15   -59.5471     0.0721    -1.2136     0.6765    -7.8410     1.5143   -50.4773     1.5675
 16   -59.5468     0.0674    -1.1259     0.6566    -7.9516     1.4336   -50.4541     1.4670
 17   -59.5489     0.0635    -1.1391     0.6173    -7.8122     1.3752   -50.5824     1.4017
 18   -59.5548     0.0610    -1.1336     0.5821    -7.6983     1.3165   -50.7078     1.3451
 19   -59.5441     0.0616    -1.0632     0.5684    -7.8271     1.2716   -50.6385     1.2799
 20   -59.5369     0.0602    -0.9962     0.5556    -7.9907     1.2499   -50.5348     1.2318
 21   -59.5140     0.0733    -0.9606     0.5333    -7.9639     1.1901   -50.5744     1.1744
 22   -59.5263     0.0740    -1.0141     0.5196    -7.8406     1.1612   -50.6563     1.1316
 23   -59.5183     0.0725    -1.0532     0.5026    -8.0154     1.1633   -50.4346     1.1687
 24   -59.5092     0.0718    -0.9581     0.5174    -7.8953     1.1394   -50.6406     1.1924
 25   -59.4980     0.0724    -0.8704     0.5264    -8.3478     1.4189   -50.2647     1.3688
 
 
 group  inft  solvation free energy     error          difference
  total solvation free energy
   1      0        -15.90119           0.10418           0.00541
   1     60        -15.95017           0.10413          -0.04357
   1     80        -16.36898           0.10393          -0.46238
   1    100        -17.67777           0.10386          -1.77117
   2      0        -15.89457           0.10394           0.01203
   3      0        -15.90660           0.10294           0.00000
   4      0        -15.90043           0.10408           0.00617
   5      0        -15.89388           0.10359           0.01272
   5     60        -15.96050           0.10354          -0.05390
   5     80        -16.47479           0.10339          -0.56819
   5    100        -17.67268           0.10349          -1.76608
 
  contribution from  1-th solvent component
   1      0          1.45197           0.23049          -0.01375
   1     60          1.44913           0.23049          -0.01659
   1     80          1.42636           0.23050          -0.03936
   1    100          1.35955           0.23055          -0.10617
   2      0          1.46233           0.22979          -0.00339
   3      0          1.46572           0.22952           0.00000
   4      0          1.46809           0.22933           0.00237
   5      0          1.46881           0.22946           0.00310
   5     60          1.46501           0.22946          -0.00071
   5     80          1.43749           0.22944          -0.02823
   5    100          1.37688           0.22943          -0.08884
 
  contribution from  2-th solvent component
   1      0         -5.36997           0.69265           0.00308
   1     60         -5.36827           0.69265           0.00478
   1     80         -5.35732           0.69280           0.01573
   1    100         -5.33501           0.69334           0.03804
   2      0         -5.37016           0.69003           0.00288
   3      0         -5.37305           0.68806           0.00000
   4      0         -5.37189           0.68821           0.00116
   5      0         -5.37222           0.68774           0.00082
   5     60         -5.36984           0.68775           0.00321
   5     80         -5.35734           0.68791           0.01571
   5    100         -5.33882           0.68835           0.03423
 
  contribution from  3-th solvent component
   1      0        -11.96800           0.70427           0.01608
   1     60        -12.01584           0.70435          -0.03176
   1     80        -12.42284           0.70546          -0.43876
   1    100        -13.68713           0.70959          -1.70304
   2      0        -11.97154           0.70398           0.01254
   3      0        -11.98409           0.70403          -0.00000
   4      0        -11.98144           0.70218           0.00265
   5      0        -11.97529           0.70313           0.00880
   5     60        -12.04049           0.70324          -0.05640
   5     80        -12.53976           0.70461          -0.55567
   5    100        -13.69556           0.70843          -1.71147
 
 
 group  inft   Estimated free energy: total (kcal/mol)
   1      0     -16.1067     -15.7024     -16.1933     -16.1549     -15.8826
                -15.8941     -16.2720     -15.8842     -15.6316     -15.6916
                -16.0968     -15.5524     -15.7734     -16.0997     -15.8085
                -15.7258     -15.8213     -16.1453     -15.5242     -16.0834
                -15.6274     -15.9864     -15.4715     -15.8839     -16.5163
   1     60     -16.1557     -15.7513     -16.2424     -16.2037     -15.9315
                -15.9436     -16.3206     -15.9327     -15.6809     -15.7406
                -16.1458     -15.6013     -15.8229     -16.1489     -15.8572
                -15.7756     -15.8710     -16.1944     -15.5733     -16.1321
                -15.6764     -16.0355     -15.5198     -15.9328     -16.5642
   1     80     -16.5763     -16.1675     -16.6625     -16.6218     -16.3495
                -16.3658     -16.7372     -16.3485     -16.1024     -16.1618
                -16.5664     -16.0167     -16.2457     -16.5698     -16.2734
                -16.1978     -16.2945     -16.6157     -15.9911     -16.5487
                -16.0952     -16.4563     -15.9334     -16.3532     -16.9733
   1    100     -17.8960     -17.4649     -17.9764     -17.9286     -17.6571
                -17.6798     -18.0401     -17.6481     -17.4177     -17.4843
                -17.8850     -17.3117     -17.5647     -17.8838     -17.5744
                -17.5085     -17.6131     -17.9350     -17.2938     -17.8518
                -17.4052     -17.7728     -17.2280     -17.6712     -18.2523
   2      0     -16.1170     -15.6884     -16.1867     -16.1387     -15.8749
                -15.8808     -16.2536     -15.8703     -15.6425     -15.7052
                -16.0956     -15.5428     -15.7604     -16.0922     -15.8055
                -15.7184     -15.8207     -16.1357     -15.5043     -16.0716
                -15.6153     -15.9839     -15.4522     -15.9092     -16.4985
   3      0     -16.1338     -15.6940     -16.2060     -16.1455     -15.8751
                -15.8881     -16.2565     -15.8844     -15.6525     -15.7460
                -16.1160     -15.5541     -15.7754     -16.0996     -15.8074
                -15.7389     -15.8375     -16.1472     -15.5179     -16.0791
                -15.6370     -16.0049     -15.4599     -15.9141     -16.4942
   4      0     -16.1244     -15.6885     -16.1938     -16.1655     -15.8744
                -15.8797     -16.2555     -15.8745     -15.6400     -15.7224
                -16.1098     -15.5535     -15.7668     -16.1074     -15.7934
                -15.7181     -15.8370     -16.1373     -15.5194     -16.0840
                -15.6242     -15.9881     -15.4556     -15.9007     -16.4968
   5      0     -16.1171     -15.6812     -16.1888     -16.1392     -15.8683
                -15.8733     -16.2456     -15.8694     -15.6342     -15.7337
                -16.1076     -15.5423     -15.7563     -16.0951     -15.7868
                -15.7298     -15.8323     -16.1370     -15.5067     -16.0590
                -15.6167     -15.9861     -15.4470     -15.9025     -16.4910
   5     60     -16.1837     -15.7477     -16.2557     -16.2057     -15.9347
                -15.9407     -16.3118     -15.9354     -15.7012     -15.8003
                -16.1743     -15.6087     -15.8236     -16.1620     -15.8532
                -15.7973     -15.8997     -16.2039     -15.5735     -16.1252
                -15.6832     -16.0529     -15.5129     -15.9692     -16.5563
   5     80     -16.7012     -16.2584     -16.7718     -16.7193     -16.4482
                -16.4587     -16.8234     -16.4458     -16.2189     -16.3178
                -16.6907     -16.1184     -16.3424     -16.6786     -16.3649
                -16.3147     -16.4187     -16.7216     -16.0869     -16.6365
                -16.1973     -16.5700     -16.0213     -16.4857     -17.0588
   5    100     -17.9104     -17.4453     -17.9752     -17.9152     -17.6449
                -17.6607     -18.0159     -17.6346     -17.4227     -17.5293
                -17.8975     -17.3034     -17.5486     -17.8806     -17.5569
                -17.5138     -17.6240     -17.9290     -17.2795     -17.8278
                -17.3958     -17.7756     -17.2071     -17.6938     -18.2291
 
 group  inft   Estimated free energy: 1-th solvent contribution (kcal/mol)
   1      0       1.5272       1.7191       1.7775       0.9077       1.9016
                  1.2996      -0.2850       1.9248       1.8135       2.0468
                  1.0593       1.8971       1.0096       0.5138       1.2271
                  1.8659       1.1837       1.3982       2.1427       1.6402
                  1.8300       0.9567       1.1120       2.3446       1.4856
   1     60       1.5243       1.7162       1.7747       0.9049       1.8987
                  1.2967      -0.2878       1.9220       1.8106       2.0439
                  1.0564       1.8944       1.0067       0.5109       1.2244
                  1.8630       1.1808       1.3953       2.1399       1.6373
                  1.8272       0.9538       1.1093       2.3418       1.4829
   1     80       1.5010       1.6938       1.7524       0.8822       1.8759
                  1.2736      -0.3104       1.8991       1.7874       2.0207
                  1.0334       1.8722       0.9835       0.4879       1.2020
                  1.8400       1.1575       1.3721       2.1175       1.6149
                  1.8043       0.9308       1.0873       2.3190       1.4611
   1    100       1.4328       1.6279       1.6868       0.8153       1.8088
                  1.2063      -0.3767       1.8319       1.7195       1.9528
                  0.9656       1.8070       0.9153       0.4204       1.1359
                  1.7724       1.0891       1.3040       2.0521       1.5491
                  1.7372       0.8633       1.0226       2.2522       1.3971
   2      0       1.5308       1.7309       1.7788       0.9186       1.9190
                  1.3170      -0.2662       1.9376       1.8233       2.0537
                  1.0689       1.9111       1.0229       0.5293       1.2308
                  1.8720       1.1922       1.4043       2.1540       1.6512
                  1.8445       0.9669       1.1226       2.3482       1.4960
   3      0       1.5332       1.7319       1.7784       0.9211       1.9225
                  1.3238      -0.2603       1.9401       1.8274       2.0557
                  1.0710       1.9141       1.0250       0.5344       1.2359
                  1.8773       1.1934       1.4086       2.1563       1.6537
                  1.8507       0.9693       1.1295       2.3496       1.5001
   4      0       1.5372       1.7311       1.7847       0.9210       1.9234
                  1.3297      -0.2534       1.9414       1.8304       2.0610
                  1.0739       1.9219       1.0255       0.5358       1.2379
                  1.8793       1.1968       1.4067       2.1566       1.6484
                  1.8555       0.9718       1.1354       2.3503       1.4999
   5      0       1.5406       1.7331       1.7878       0.9232       1.9234
                  1.3328      -0.2563       1.9418       1.8329       2.0578
                  1.0735       1.9198       1.0262       0.5361       1.2378
                  1.8819       1.1932       1.4117       2.1553       1.6553
                  1.8563       0.9737       1.1341       2.3499       1.4983
   5     60       1.5367       1.7293       1.7840       0.9194       1.9196
                  1.3289      -0.2600       1.9380       1.8290       2.0539
                  1.0697       1.9161       1.0224       0.5323       1.2341
                  1.8781       1.1894       1.4079       2.1515       1.6515
                  1.8525       0.9699       1.1304       2.3460       1.4947
   5     80       1.5087       1.7022       1.7568       0.8919       1.8922
                  1.3011      -0.2872       1.9104       1.8009       2.0257
                  1.0419       1.8893       0.9945       0.5046       1.2066
                  1.8501       1.1613       1.3799       2.1243       1.6244
                  1.8249       0.9421       1.1038       2.3181       1.4683
   5    100       1.4468       1.6426       1.6968       0.8312       1.8320
                  1.2402      -0.3470       1.8495       1.7392       1.9640
                  0.9807       1.8302       0.9330       0.4439       1.1459
                  1.7886       1.0996       1.3184       2.0646       1.5648
                  1.7642       0.8808       1.0450       2.2568       1.4103
 
 group  inft   Estimated free energy: 2-th solvent contribution (kcal/mol)
   1      0      -3.6727      -7.0826      -5.1698      -6.1764      -5.3355
                 -5.2146      -5.7852      -6.0720      -4.4527      -2.3833
                 -3.8524      -8.4449      -4.1625      -4.3823      -5.4005
                 -5.9956      -3.9458      -4.1608      -6.2683      -6.5070
                 -4.8976      -3.8481      -6.9903      -3.5458     -10.5024
   1     60      -3.6709      -7.0809      -5.1681      -6.1747      -5.3338
                 -5.2130      -5.7835      -6.0703      -4.4511      -2.3815
                 -3.8506      -8.4431      -4.1609      -4.3807      -5.3988
                 -5.9938      -3.9442      -4.1591      -6.2665      -6.5054
                 -4.8959      -3.8464      -6.9887      -3.5442     -10.5007
   1     80      -3.6585      -7.0700      -5.1570      -6.1641      -5.3225
                 -5.2032      -5.7731      -6.0593      -4.4407      -2.3683
                 -3.8382      -8.4319      -4.1501      -4.3706      -5.3876
                 -5.9831      -3.9340      -4.1476      -6.2552      -6.4957
                 -4.8851      -3.8348      -6.9786      -3.5332     -10.4904
   1    100      -3.6322      -7.0485      -5.1359      -6.1433      -5.2996
                 -5.1831      -5.7538      -6.0354      -4.4182      -2.3385
                 -3.8130      -8.4088      -4.1281      -4.3504      -5.3654
                 -5.9610      -3.9121      -4.1243      -6.2323      -6.4766
                 -4.8626      -3.8116      -6.9595      -3.5104     -10.4706
   2      0      -3.6840      -7.0778      -5.1601      -6.1623      -5.3464
                 -5.2148      -5.7778      -6.0699      -4.4722      -2.4019
                 -3.8573      -8.4451      -4.1607      -4.3857      -5.3971
                 -5.9895      -3.9536      -4.1531      -6.2591      -6.5041
                 -4.9011      -3.8497      -6.9735      -3.5668     -10.4900
   3      0      -3.6867      -7.0739      -5.1664      -6.1614      -5.3350
                 -5.2194      -5.7727      -6.0741      -4.4723      -2.4324
                 -3.8682      -8.4470      -4.1704      -4.3847      -5.3911
                 -6.0030      -3.9604      -4.1571      -6.2631      -6.5064
                 -4.9131      -3.8564      -6.9747      -3.5612     -10.4752
   4      0      -3.6847      -7.0630      -5.1719      -6.1687      -5.3456
                 -5.2189      -5.7736      -6.0732      -4.4725      -2.4232
                 -3.8640      -8.4438      -4.1660      -4.3935      -5.3904
                 -5.9893      -3.9636      -4.1498      -6.2656      -6.5008
                 -4.9117      -3.8486      -6.9698      -3.5660     -10.4790
   5      0      -3.6861      -7.0678      -5.1749      -6.1609      -5.3394
                 -5.2220      -5.7671      -6.0748      -4.4764      -2.4349
                 -3.8649      -8.4457      -4.1612      -4.3890      -5.3851
                 -6.0060      -3.9608      -4.1568      -6.2547      -6.4983
                 -4.9099      -3.8563      -6.9691      -3.5654     -10.4781
   5     60      -3.6836      -7.0654      -5.1725      -6.1586      -5.3370
                 -5.2197      -5.7648      -6.0724      -4.4742      -2.4323
                 -3.8623      -8.4432      -4.1589      -4.3867      -5.3827
                 -6.0035      -3.9585      -4.1544      -6.2523      -6.4961
                 -4.9075      -3.8539      -6.9668      -3.5630     -10.4758
   5     80      -3.6703      -7.0529      -5.1597      -6.1466      -5.3243
                 -5.2084      -5.7529      -6.0598      -4.4623      -2.4171
                 -3.8483      -8.4302      -4.1467      -4.3753      -5.3702
                 -5.9907      -3.9464      -4.1416      -6.2397      -6.4851
                 -4.8950      -3.8407      -6.9552      -3.5501     -10.4640
   5    100      -3.6490      -7.0349      -5.1423      -6.1291      -5.3054
                 -5.1915      -5.7370      -6.0399      -4.4438      -2.3920
                 -3.8277      -8.4107      -4.1285      -4.3584      -5.3520
                 -5.9721      -3.9277      -4.1224      -6.2207      -6.4693
                 -4.8763      -3.8215      -6.9395      -3.5311     -10.4477
 
 group  inft   Estimated free energy: 3-th solvent contribution (kcal/mol)
   1      0     -13.9461     -10.3237     -12.7858     -10.8709     -12.4335
                -11.9639     -10.1867     -11.7218     -12.9773     -15.3399
                -13.2885      -8.9894     -12.6052     -12.2161     -11.6199
                -11.5810     -13.0441     -13.3674     -11.3835     -11.2014
                -12.5447     -13.0797      -9.5779     -14.6675      -7.4843
   1     60     -13.9939     -10.3715     -12.8339     -10.9186     -12.4812
                -12.0121     -10.2341     -11.7692     -13.0252     -15.3878
                -13.3365      -9.0373     -12.6535     -12.2640     -11.6676
                -11.6296     -13.0924     -13.4154     -11.4315     -11.2488
                -12.5924     -13.1277      -9.6252     -14.7153      -7.5311
   1     80     -14.4036     -10.7761     -13.2427     -11.3247     -12.8876
                -12.4210     -10.6385     -12.1733     -13.4340     -15.7989
                -13.7464      -9.4418     -13.0639     -12.6719     -12.0726
                -12.0395     -13.5029     -13.8251     -11.8382     -11.6526
                -12.9992     -13.5371     -10.0270     -15.1238      -7.9288
   1    100     -15.6815     -12.0292     -14.5121     -12.5854     -14.1511
                -13.6878     -11.8944     -13.4295     -14.7039     -17.0834
                -15.0225     -10.6947     -14.3366     -13.9386     -13.3297
                -13.3047     -14.7748     -15.0995     -13.0985     -12.9091
                -14.2646     -14.8093     -11.2759     -16.3979      -9.1636
   2      0     -13.9486     -10.3263     -12.7902     -10.8797     -12.4322
                -11.9678     -10.1943     -11.7228     -12.9784     -15.3419
                -13.2920      -8.9936     -12.6073     -12.2206     -11.6240
                -11.5857     -13.0440     -13.3717     -11.3839     -11.2035
                -12.5435     -13.0859      -9.5861     -14.6754      -7.4892
   3      0     -13.9652     -10.3367     -12.8028     -10.8900     -12.4474
                -11.9773     -10.2084     -11.7351     -12.9925     -15.3542
                -13.3036      -9.0060     -12.6148     -12.2341     -11.6370
                -11.5980     -13.0553     -13.3836     -11.3958     -11.2113
                -12.5595     -13.1026      -9.5996     -14.6873      -7.5038
   4      0     -13.9617     -10.3413     -12.7914     -10.9027     -12.4371
                -11.9753     -10.2133     -11.7275     -12.9827     -15.3450
                -13.3045      -9.0165     -12.6111     -12.2345     -11.6257
                -11.5929     -13.0550     -13.3789     -11.3953     -11.2165
                -12.5527     -13.0961      -9.6060     -14.6698      -7.5025
   5      0     -13.9564     -10.3314     -12.7865     -10.8863     -12.4371
                -11.9690     -10.2071     -11.7212     -12.9754     -15.3414
                -13.3010      -9.0013     -12.6061     -12.2271     -11.6244
                -11.5905     -13.0495     -13.3768     -11.3921     -11.2008
                -12.5479     -13.0883      -9.5969     -14.6718      -7.4961
   5     60     -14.0217     -10.3965     -12.8521     -10.9513     -12.5022
                -12.0347     -10.2718     -11.7858     -13.0408     -15.4068
                -13.3664      -9.0664     -12.6719     -12.2924     -11.6893
                -11.6567     -13.1154     -13.4422     -11.4575     -11.2654
                -12.6130     -13.1537      -9.6614     -14.7370      -7.5599
   5     80     -14.5244     -10.8926     -13.3536     -11.4494     -13.0009
                -12.5362     -10.7682     -12.2812     -13.5423     -15.9113
                -13.8691      -9.5624     -13.1750     -12.7928     -12.1861
                -12.1590     -13.6184     -13.9448     -11.9562     -11.7606
                -13.1120     -13.6561     -10.1547     -15.2386      -8.0479
   5    100     -15.6931     -12.0378     -14.5145     -12.6020     -14.1562
                -13.6943     -11.9168     -13.4290     -14.7030     -17.0862
                -15.0353     -10.7077     -14.3379     -13.9508     -13.3356
                -13.3152     -14.7806     -15.1098     -13.1082     -12.9082
                -14.2685     -14.8198     -11.2975     -16.4043      -9.1766
 
 
 cumulative average & 95% error for solvation free energy
              total             1st component         2nd component         3rd component
  1   -16.1338     0.0000     1.5332     0.0000    -3.6867     0.0000   -13.9652     0.0000
  2   -15.9139     0.4398     1.6326     0.1986    -5.3803     3.3873   -12.1510     3.6284
  3   -16.0112     0.3200     1.6812     0.1504    -5.3090     1.9608   -12.3682     2.1395
  4   -16.0448     0.2360     1.4912     0.3946    -5.5221     1.4505   -11.9987     1.6837
  5   -16.0109     0.1950     1.5774     0.3510    -5.4847     1.1261   -12.0884     1.3165
  6   -15.9904     0.1644     1.5352     0.2988    -5.4405     0.9237   -12.0699     1.0756
  7   -16.0284     0.1584     1.2787     0.5718    -5.4879     0.7864   -11.8040     1.0532
  8   -16.0104     0.1418     1.3613     0.5220    -5.5612     0.6966   -11.7954     0.9122
  9   -15.9707     0.1482     1.4131     0.4719    -5.4402     0.6603   -11.9284     0.8474
 10   -15.9482     0.1400     1.4774     0.4412    -5.1394     0.8430   -12.2710     1.0217
 11   -15.9634     0.1302     1.4404     0.4059    -5.0239     0.7968   -12.3648     0.9430
 12   -15.9293     0.1371     1.4799     0.3788    -5.3091     0.9244   -12.0849     1.0269
 13   -15.9175     0.1283     1.4449     0.3554    -5.2215     0.8682   -12.1257     0.9481
 14   -15.9305     0.1216     1.3799     0.3538    -5.1618     0.8127   -12.1334     0.8779
 15   -15.9223     0.1144     1.3703     0.3300    -5.1770     0.7572   -12.1003     0.8200
 16   -15.9108     0.1094     1.4020     0.3151    -5.2287     0.7157   -12.0690     0.7696
 17   -15.9065     0.1032     1.3897     0.2970    -5.1541     0.6887   -12.1270     0.7321
 18   -15.9199     0.1009     1.3908     0.2800    -5.0987     0.6587   -12.1968     0.7043
 19   -15.8987     0.1044     1.4310     0.2769    -5.1600     0.6350   -12.1546     0.6715
 20   -15.9077     0.1006     1.4422     0.2636    -5.2273     0.6173   -12.1075     0.6440
 21   -15.8949     0.0991     1.4616     0.2537    -5.2123     0.5879   -12.1290     0.6140
 22   -15.8999     0.0951     1.4393     0.2460    -5.1507     0.5739   -12.1732     0.5921
 23   -15.8807     0.0986     1.4258     0.2366    -5.2300     0.5709   -12.0613     0.6084
 24   -15.8821     0.0944     1.4643     0.2393    -5.1605     0.5640   -12.1708     0.6223
 25   -15.9066     0.1029     1.4657     0.2295    -5.3730     0.6881   -11.9841     0.7040
