 ERmod 0.3.7, Copyright (C) 2000-2019 Nobuyuki Matubayasi
                            2010-2019 Shun Sakuraba
 ERmod comes with ABSOLUTELY NO WARRANTY.
 This is free software, and you can redistribute it
 and/or modify it under certain conditions.
 See LICENSE file for details.
Opening: "/home/hervoe/snic2020-6-15/hervoe/temp/Simulations/KCl/1.50/trajectory_sol_full.xtc"...
  Trying plugin "Gromacs XTC Compressed Trajectory"...OK
 ERmod 0.3.7, Copyright (C) 2000-2019 Nobuyuki Matubayasi
                            2010-2019 Shun Sakuraba
 ERmod comes with ABSOLUTELY NO WARRANTY.
 This is free software, and you can redistribute it
 and/or modify it under certain conditions.
 See LICENSE file for details.
Opening: "/home/hervoe/snic2020-6-15/hervoe/temp/Simulations/KCl/1.50/trajectory_ref_full.xtc"...
  Trying plugin "Gromacs XTC Compressed Trajectory"...OK
Opening: "/home/hervoe/snic2020-6-15/hervoe/temp/Simulations/Solute_new/trajectory_solute.xtc"...
  Trying plugin "Gromacs XTC Compressed Trajectory"...OK
Opening: "/home/hervoe/snic2020-6-15/hervoe/temp/Simulations/Solute_new/trajectory_solute.xtc"...
  Trying plugin "Gromacs XTC Compressed Trajectory"...OK
Opening: "/home/hervoe/snic2020-6-15/hervoe/temp/Simulations/Solute_new/trajectory_solute.xtc"...
  Trying plugin "Gromacs XTC Compressed Trajectory"...OK
Opening: "/home/hervoe/snic2020-6-15/hervoe/temp/Simulations/Solute_new/trajectory_solute.xtc"...
  Trying plugin "Gromacs XTC Compressed Trajectory"...OK
Opening: "/home/hervoe/snic2020-6-15/hervoe/temp/Simulations/Solute_new/trajectory_solute.xtc"...
  Trying plugin "Gromacs XTC Compressed Trajectory"...OK
Opening: "/home/hervoe/snic2020-6-15/hervoe/temp/Simulations/Solute_new/trajectory_solute.xtc"...
  Trying plugin "Gromacs XTC Compressed Trajectory"...OK
Opening: "/home/hervoe/snic2020-6-15/hervoe/temp/Simulations/Solute_new/trajectory_solute.xtc"...
  Trying plugin "Gromacs XTC Compressed Trajectory"...OK
Opening: "/home/hervoe/snic2020-6-15/hervoe/temp/Simulations/Solute_new/trajectory_solute.xtc"...
  Trying plugin "Gromacs XTC Compressed Trajectory"...OK
Opening: "/home/hervoe/snic2020-6-15/hervoe/temp/Simulations/Solute_new/trajectory_solute.xtc"...
  Trying plugin "Gromacs XTC Compressed Trajectory"...OK
Opening: "/home/hervoe/snic2020-6-15/hervoe/temp/Simulations/Solute_new/trajectory_solute.xtc"...
  Trying plugin "Gromacs XTC Compressed Trajectory"...OK
 
  Number of the   1-th solvent  =           27
  Number of the   2-th solvent  =           27
  Number of the   3-th solvent  =         1000
 
  Be sure that the solvent distribution is homogeneous (radial distribution function is essentially unity) when the solvent molecule is separated beyond distance of   10.0 Angstrom in any direction from any atom within the solute molecule
 
  LJ long-range correction    =        -0.0501     -0.0218     -0.8607
 
  Self-energy of the solute   =        -0.0158  kcal/mol
 
 
 cumulative average & 95% error for solvation energy
              total             1st component         2nd component         3rd component
  1   -59.4436                0.3106               -5.4896              -54.2489
  2   -59.4424     0.0023     0.1091     0.4031    -5.2584     0.4623   -54.2773     0.0569
  3   -59.4960     0.1072    -0.1070     0.4910    -5.0446     0.5041   -54.3286     0.1076
  4   -59.5055     0.0781     0.2824     0.8528    -4.9929     0.3711   -54.7792     0.9044
  5   -59.4871     0.0708     0.5665     0.8713    -5.2188     0.5355   -54.8190     0.7050
  6   -59.5010     0.0641     0.6955     0.7568    -5.0533     0.5484   -55.1274     0.8437
  7   -59.5679     0.1443     0.7054     0.6399    -5.0461     0.4637   -55.2114     0.7326
  8   -59.5729     0.1254     0.6528     0.5641    -5.0461     0.4016   -55.1638     0.6416
  9   -59.5771     0.1109     0.6794     0.5003    -4.9625     0.3917   -55.2783     0.6104
 10   -59.5929     0.1041     0.4801     0.5993    -4.8324     0.4364   -55.2248     0.5563
 11   -59.5897     0.0943     0.5114     0.5457    -4.8106     0.3971   -55.2748     0.5131
 12   -59.5965     0.0872     0.4487     0.5137    -4.6926     0.4326   -55.3369     0.4845
 13   -59.6085     0.0837     0.3150     0.5431    -4.7139     0.4002   -55.1939     0.5296
 14   -59.6133     0.0781     0.2590     0.5151    -4.7410     0.3745   -55.1155     0.5147
 15   -59.6123     0.0727     0.2702     0.4800    -4.7481     0.3489   -55.1187     0.4792
 16   -59.6136     0.0681     0.1906     0.4764    -4.7049     0.3376   -55.0835     0.4538
 17   -59.6133     0.0640     0.0910     0.4898    -4.6766     0.3221   -55.0119     0.4497
 18   -59.6135     0.0603     0.1268     0.4673    -4.7993     0.3904   -54.9253     0.4580
 19   -59.6096     0.0576     0.1245     0.4421    -4.8019     0.3693   -54.9165     0.4336
 20   -59.6170     0.0566     0.1177     0.4196    -4.7256     0.3821   -54.9934     0.4391
 21   -59.6309     0.0606     0.1096     0.3994    -4.6889     0.3708   -55.0359     0.4262
 22   -59.6299     0.0578     0.1055     0.3809    -4.6949     0.3538   -55.0247     0.4070
 23   -59.6306     0.0552     0.1794     0.3929    -4.7196     0.3416   -55.0747     0.4016
 24   -59.6293     0.0529     0.1588     0.3784    -4.6723     0.3404   -55.1000     0.3878
 25   -59.6229     0.0524     0.1898     0.3682    -4.7362     0.3506   -55.0608     0.3802
 
 
 group  inft  solvation free energy     error          difference
  total solvation free energy
   1      0        -15.64904           0.07005           0.00271
   1     60        -15.68346           0.07004          -0.03172
   1     80        -16.03603           0.07010          -0.38429
   1    100        -17.28101           0.07046          -1.62927
   2      0        -15.64283           0.07012           0.00892
   3      0        -15.65174           0.07076           0.00000
   4      0        -15.64234           0.07092           0.00941
   5      0        -15.63612           0.07076           0.01563
   5     60        -15.68400           0.07075          -0.03226
   5     80        -16.12538           0.07082          -0.47364
   5    100        -17.27196           0.07117          -1.62022
 
  contribution from  1-th solvent component
   1      0          1.43503           0.17144          -0.00815
   1     60          1.43402           0.17143          -0.00917
   1     80          1.42412           0.17144          -0.01906
   1    100          1.38794           0.17149          -0.05525
   2      0          1.44285           0.16995          -0.00034
   3      0          1.44318           0.16994           0.00000
   4      0          1.44583           0.16981           0.00265
   5      0          1.44541           0.16990           0.00222
   5     60          1.44394           0.16989           0.00076
   5     80          1.43115           0.16989          -0.01204
   5    100          1.39727           0.16989          -0.04591
 
  contribution from  2-th solvent component
   1      0         -3.11054           0.16682          -0.00272
   1     60         -3.11077           0.16682          -0.00294
   1     80         -3.11545           0.16683          -0.00763
   1    100         -3.13625           0.16682          -0.02843
   2      0         -3.11043           0.16608          -0.00261
   3      0         -3.10782           0.16599           0.00000
   4      0         -3.10784           0.16572          -0.00002
   5      0         -3.10600           0.16581           0.00183
   5     60         -3.10638           0.16581           0.00144
   5     80         -3.11238           0.16580          -0.00455
   5    100         -3.13250           0.16578          -0.02468
 
  contribution from  3-th solvent component
   1      0        -13.95778           0.18726           0.01358
   1     60        -13.99096           0.18729          -0.01961
   1     80        -14.32895           0.18748          -0.35759
   1    100        -15.51695           0.18825          -1.54559
   2      0        -13.95949           0.18702           0.01186
   3      0        -13.97135           0.18677           0.00000
   4      0        -13.96458           0.18590           0.00678
   5      0        -13.95978           0.18594           0.01158
   5     60        -14.00581           0.18597          -0.03446
   5     80        -14.42840           0.18620          -0.45705
   5    100        -15.52097           0.18688          -1.54962
 
 
 group  inft   Estimated free energy: total (kcal/mol)
   1      0     -15.5976     -15.5187     -15.6055     -15.6131     -15.5790
                -15.4601     -16.2146     -15.7219     -15.7426     -15.6200
                -15.5829     -15.8694     -15.6903     -15.5610     -15.6788
                -15.8076     -15.7384     -15.6772     -15.5424     -15.8223
                -15.6233     -15.4625     -15.7088     -15.2715     -15.5163
   1     60     -15.6317     -15.5532     -15.6398     -15.6472     -15.6132
                -15.4949     -16.2491     -15.7565     -15.7771     -15.6545
                -15.6174     -15.9038     -15.7245     -15.5954     -15.7131
                -15.8421     -15.7726     -15.7117     -15.5770     -15.8567
                -15.6577     -15.4968     -15.7434     -15.3062     -15.5508
   1     80     -15.9824     -15.9053     -15.9911     -15.9983     -15.9642
                -15.8488     -16.6025     -16.1100     -16.1304     -16.0076
                -15.9700     -16.2569     -16.0762     -15.9479     -16.0655
                -16.1956     -16.1242     -16.0643     -15.9306     -16.2094
                -16.0113     -15.8486     -16.0965     -15.6594     -15.9037
   1    100     -17.2225     -17.1464     -17.2330     -17.2395     -17.2051
                -17.0988     -17.8510     -17.3579     -17.3770     -17.2543
                -17.2131     -17.5048     -17.3186     -17.1918     -17.3104
                -17.4440     -17.3668     -17.3078     -17.1768     -17.4571
                -17.2612     -17.0921     -17.3413     -16.9060     -17.1479
   2      0     -15.5865     -15.5056     -15.5956     -15.6160     -15.5879
                -15.4639     -16.2038     -15.7035     -15.7425     -15.6102
                -15.5759     -15.8755     -15.6856     -15.5524     -15.6801
                -15.7947     -15.7217     -15.6718     -15.5259     -15.8244
                -15.6209     -15.4555     -15.7023     -15.2648     -15.5038
   3      0     -15.5817     -15.5135     -15.6068     -15.6331     -15.6002
                -15.4918     -16.2225     -15.7181     -15.7453     -15.6241
                -15.5838     -15.8854     -15.6852     -15.5612     -15.6776
                -15.8028     -15.7254     -15.6805     -15.5376     -15.8397
                -15.6124     -15.4633     -15.7231     -15.2664     -15.5123
   4      0     -15.5646     -15.4994     -15.6094     -15.6128     -15.5923
                -15.4739     -16.2139     -15.6975     -15.7400     -15.6166
                -15.5726     -15.8765     -15.6785     -15.5556     -15.6756
                -15.8029     -15.7158     -15.6709     -15.5320     -15.8236
                -15.6047     -15.4577     -15.7093     -15.2542     -15.5082
   5      0     -15.5598     -15.4911     -15.6077     -15.6063     -15.5853
                -15.4662     -16.2080     -15.7011     -15.7359     -15.6080
                -15.5683     -15.8671     -15.6695     -15.5476     -15.6647
                -15.7899     -15.7146     -15.6627     -15.5318     -15.8163
                -15.5937     -15.4497     -15.7033     -15.2503     -15.5039
   5     60     -15.6073     -15.5391     -15.6554     -15.6539     -15.6328
                -15.5145     -16.2559     -15.7492     -15.7839     -15.6560
                -15.6163     -15.9150     -15.7172     -15.5954     -15.7124
                -15.8379     -15.7623     -15.7107     -15.5800     -15.8642
                -15.6416     -15.4974     -15.7514     -15.2984     -15.5518
   5     80     -16.0460     -15.9796     -16.0954     -16.0937     -16.0724
                -15.9577     -16.6982     -16.1917     -16.2262     -16.0979
                -16.0577     -16.3573     -16.1577     -16.0366     -16.1537
                -16.2800     -16.2024     -16.1523     -16.0226     -16.3057
                -16.0842     -15.9380     -16.1933     -15.7407     -15.9934
   5    100     -17.1876     -17.1222     -17.2396     -17.2376     -17.2156
                -17.1090     -17.8478     -17.3403     -17.3750     -17.2456
                -17.2030     -17.5069     -17.3018     -17.1824     -17.3006
                -17.4288     -17.3468     -17.2979     -17.1704     -17.4549
                -17.2344     -17.0835     -17.3397     -16.8884     -17.1390
 
 group  inft   Estimated free energy: 1-th solvent contribution (kcal/mol)
   1      0       1.4714       1.3323       1.0748       2.0444       2.1632
                  2.1302       1.3696       1.4925       1.7440       0.7639
                  1.7005       1.0718       0.6661       1.1403       1.5499
                  0.9073       0.7377       1.5945       1.3045       1.4042
                  1.4289       1.3808       2.1134       1.4500       1.8396
   1     60       1.4704       1.3313       1.0738       2.0434       2.1622
                  2.1291       1.3686       1.4914       1.7429       0.7630
                  1.6995       1.0708       0.6651       1.1393       1.5489
                  0.9063       0.7366       1.5935       1.3035       1.4032
                  1.4279       1.3798       2.1123       1.4490       1.8386
   1     80       1.4604       1.3213       1.0643       2.0334       2.1525
                  2.1199       1.3585       1.4814       1.7329       0.7533
                  1.6896       1.0607       0.6553       1.1293       1.5390
                  0.8963       0.7266       1.5838       1.2935       1.3932
                  1.4179       1.3699       2.1022       1.4393       1.8285
   1    100       1.4239       1.2848       1.0288       1.9968       2.1170
                  2.0854       1.3219       1.4450       1.6966       0.7174
                  1.6539       1.0239       0.6194       1.0926       1.5030
                  0.8598       0.6902       1.5482       1.2567       1.3567
                  1.3814       1.3339       2.0654       1.4040       1.7916
   2      0       1.4819       1.3447       1.0826       2.0533       2.1572
                  2.1176       1.3800       1.5027       1.7516       0.7757
                  1.7055       1.0812       0.6729       1.1510       1.5534
                  0.9207       0.7548       1.5947       1.3171       1.4114
                  1.4425       1.3869       2.1194       1.4594       1.8529
   3      0       1.4874       1.3474       1.0802       2.0561       2.1560
                  2.1116       1.3777       1.5043       1.7540       0.7725
                  1.7049       1.0825       0.6760       1.1516       1.5581
                  0.9214       0.7570       1.5979       1.3127       1.4065
                  1.4445       1.3859       2.1227       1.4581       1.8527
   4      0       1.4877       1.3486       1.0851       2.0602       2.1566
                  2.1146       1.3794       1.5099       1.7554       0.7761
                  1.7111       1.0847       0.6746       1.1549       1.5592
                  0.9235       0.7634       1.6028       1.3171       1.4128
                  1.4453       1.3859       2.1208       1.4604       1.8557
   5      0       1.4876       1.3502       1.0812       2.0586       2.1600
                  2.1163       1.3776       1.5074       1.7572       0.7763
                  1.7103       1.0864       0.6736       1.1580       1.5588
                  0.9260       0.7626       1.6005       1.3153       1.4090
                  1.4493       1.3830       2.1221       1.4552       1.8525
   5     60       1.4862       1.3487       1.0798       2.0571       2.1586
                  2.1148       1.3761       1.5060       1.7558       0.7749
                  1.7088       1.0849       0.6722       1.1566       1.5573
                  0.9245       0.7611       1.5990       1.3139       1.4076
                  1.4478       1.3815       2.1206       1.4538       1.8510
   5     80       1.4734       1.3360       1.0673       2.0442       2.1459
                  2.1024       1.3632       1.4931       1.7428       0.7623
                  1.6961       1.0719       0.6594       1.1437       1.5445
                  0.9117       0.7483       1.5864       1.3011       1.3947
                  1.4350       1.3687       2.1075       1.4412       1.8381
   5    100       1.4396       1.3022       1.0340       2.0102       2.1124
                  2.0692       1.3290       1.4593       1.7086       0.7286
                  1.6624       1.0374       0.6253       1.1095       1.5105
                  0.8780       0.7144       1.5528       1.2672       1.3605
                  1.4010       1.3349       2.0729       1.4080       1.8038
 
 group  inft   Estimated free energy: 2-th solvent contribution (kcal/mol)
   1      0      -3.4559      -3.3146      -2.9856      -3.1273      -3.7883
                 -2.8392      -3.2702      -3.3636      -2.9634      -2.5795
                 -2.9941      -2.4904      -3.1375      -3.1902      -3.2044
                 -2.9825      -3.0440      -4.1329      -3.0731      -2.5234
                 -2.6545      -2.9764      -3.3411      -2.4729      -3.8585
   1     60      -3.4562      -3.3149      -2.9859      -3.1275      -3.7885
                 -2.8394      -3.2705      -3.3638      -2.9636      -2.5798
                 -2.9943      -2.4907      -3.1378      -3.1904      -3.2046
                 -2.9827      -3.0442      -4.1331      -3.0734      -2.5235
                 -2.6548      -2.9767      -3.3412      -2.4731      -3.8587
   1     80      -3.4611      -3.3198      -2.9907      -3.1319      -3.7930
                 -2.8436      -3.2753      -3.3685      -2.9681      -2.5844
                 -2.9993      -2.4951      -3.1425      -3.1951      -3.2095
                 -2.9872      -3.0489      -4.1379      -3.0784      -2.5279
                 -2.6596      -2.9817      -3.3455      -2.4780      -3.8633
   1    100      -3.4825      -3.3419      -3.0118      -3.1516      -3.8130
                 -2.8629      -3.2959      -3.3899      -2.9880      -2.6050
                 -3.0212      -2.5155      -3.1632      -3.2158      -3.2309
                 -3.0080      -3.0697      -4.1591      -3.1000      -2.5480
                 -2.6816      -3.0036      -3.3645      -2.4993      -3.8835
   2      0      -3.4558      -3.3130      -2.9793      -3.1393      -3.7880
                 -2.8350      -3.2737      -3.3569      -2.9674      -2.5780
                 -2.9861      -2.5015      -3.1386      -3.1874      -3.2059
                 -2.9853      -3.0390      -4.1274      -3.0662      -2.5311
                 -2.6624      -2.9710      -3.3438      -2.4725      -3.8564
   3      0      -3.4463      -3.3105      -2.9765      -3.1394      -3.7921
                 -2.8435      -3.2733      -3.3558      -2.9672      -2.5797
                 -2.9827      -2.5044      -3.1282      -3.1828      -3.2003
                 -2.9813      -3.0336      -4.1214      -3.0610      -2.5306
                 -2.6475      -2.9685      -3.3509      -2.4664      -3.8514
   4      0      -3.4419      -3.3087      -2.9810      -3.1348      -3.7900
                 -2.8402      -3.2783      -3.3529      -2.9713      -2.5798
                 -2.9812      -2.5044      -3.1268      -3.1823      -3.2047
                 -2.9869      -3.0386      -4.1175      -3.0643      -2.5321
                 -2.6484      -2.9672      -3.3496      -2.4619      -3.8513
   5      0      -3.4372      -3.3048      -2.9790      -3.1300      -3.7881
                 -2.8387      -3.2764      -3.3547      -2.9694      -2.5779
                 -2.9828      -2.5000      -3.1255      -3.1813      -3.1999
                 -2.9814      -3.0369      -4.1175      -3.0636      -2.5289
                 -2.6508      -2.9660      -3.3490      -2.4597      -3.8503
   5     60      -3.4376      -3.3052      -2.9794      -3.1303      -3.7884
                 -2.8391      -3.2769      -3.3551      -2.9698      -2.5783
                 -2.9832      -2.5004      -3.1259      -3.1817      -3.2003
                 -2.9817      -3.0372      -4.1179      -3.0641      -2.5292
                 -2.6513      -2.9664      -3.3493      -2.4602      -3.8506
   5     80      -3.4439      -3.3115      -2.9856      -3.1359      -3.7942
                 -2.8445      -3.2830      -3.3611      -2.9756      -2.5843
                 -2.9895      -2.5063      -3.1319      -3.1878      -3.2065
                 -2.9875      -3.0432      -4.1239      -3.0706      -2.5348
                 -2.6575      -2.9729      -3.3547      -2.4664      -3.8564
   5    100      -3.4646      -3.3328      -3.0062      -3.1551      -3.8138
                 -2.8633      -3.3035      -3.3815      -2.9950      -2.6044
                 -3.0104      -2.5262      -3.1516      -3.2077      -3.2271
                 -3.0077      -3.0631      -4.1440      -3.0916      -2.5544
                 -2.6785      -2.9939      -3.3734      -2.4870      -3.8759
 
 group  inft   Estimated free energy: 3-th solvent contribution (kcal/mol)
   1      0     -13.5974     -13.5207     -13.6789     -14.5144     -13.9381
                -14.7353     -14.2982     -13.8350     -14.5075     -13.7887
                -14.2735     -14.4351     -13.2031     -13.4955     -14.0086
                -13.7167     -13.4163     -13.1230     -13.7580     -14.6874
                -14.3819     -13.8511     -14.4653     -14.2329     -13.4817
   1     60     -13.6303     -13.5539     -13.7120     -14.5474     -13.9711
                -14.7689     -14.3314     -13.8684     -14.5407     -13.8220
                -14.3068     -14.4682     -13.2361     -13.5286     -14.0417
                -13.7500     -13.4493     -13.1563     -13.7913     -14.7206
                -14.4151     -13.8841     -14.4987     -14.2662     -13.5150
   1     80     -13.9660     -13.8910     -14.0489     -14.8840     -14.3079
                -15.1093     -14.6700     -14.2072     -14.8794     -14.1607
                -14.6445     -14.8068     -13.5733     -13.8662     -14.3793
                -14.0889     -13.7861     -13.4945     -14.1299     -15.0590
                -14.7539     -14.2210     -14.8375     -14.6050     -13.8532
   1    100     -15.1482     -15.0736     -15.2343     -16.0689     -15.4934
                -16.3054     -15.8612     -15.3972     -16.0699     -15.3509
                -15.8301     -15.9976     -14.7590     -15.0528     -15.5668
                -15.2801     -14.9716     -14.6812     -15.3177     -16.2501
                -15.9452     -15.4067     -16.0265     -15.7950     -15.0402
   2      0     -13.5969     -13.5215     -13.6832     -14.5143     -13.9414
                -14.7307     -14.2943     -13.8335     -14.5109     -13.7921
                -14.2796     -14.4395     -13.2041     -13.5002     -14.0119
                -13.7144     -13.4218     -13.1234     -13.7610     -14.6890
                -14.3852     -13.8556     -14.4622     -14.2360     -13.4846
   3      0     -13.6070     -13.5346     -13.6947     -14.5342     -13.9483
                -14.7442     -14.3112     -13.8508     -14.5164     -13.8012
                -14.2902     -14.4477     -13.2172     -13.5141     -14.0196
                -13.7271     -13.4330     -13.1413     -13.7735     -14.6998
                -14.3936     -13.8649     -14.4791     -14.2423     -13.4979
   4      0     -13.5947     -13.5235     -13.6978     -14.5224     -13.9431
                -14.7324     -14.2992     -13.8387     -14.5084     -13.7972
                -14.2868     -14.4411     -13.2105     -13.5124     -14.0143
                -13.7238     -13.4249     -13.1405     -13.7691     -14.6886
                -14.3859     -13.8606     -14.4647     -14.2370     -13.4969
   5      0     -13.5945     -13.5208     -13.6941     -14.5192     -13.9415
                -14.7281     -14.2933     -13.8381     -14.5080     -13.7907
                -14.2800     -14.4377     -13.2019     -13.5085     -14.0078
                -13.7188     -13.4246     -13.1299     -13.7678     -14.6807
                -14.3764     -13.8510     -14.4606     -14.2300     -13.4903
   5     60     -13.6401     -13.5668     -13.7400     -14.5650     -13.9873
                -14.7745     -14.3394     -13.8843     -14.5541     -13.8369
                -14.3262     -14.4837     -13.2477     -13.5545     -14.0537
                -13.7649     -13.4704     -13.1761     -13.8140     -14.7267
                -14.4225     -13.8968     -14.5069     -14.2762     -13.5365
   5     80     -14.0598     -13.9883     -14.1614     -14.9863     -14.4084
                -15.1999     -14.7626     -14.3079     -14.9777     -14.2602
                -14.7485     -14.9071     -13.6694     -13.9768     -14.4759
                -14.1885     -13.8917     -13.5990     -14.2373     -15.1498
                -14.8459     -14.3182     -14.9304     -14.6997     -13.9593
   5    100     -15.1468     -15.0759     -15.2516     -16.0770     -15.4985
                -16.2991     -15.8577     -15.4024     -16.0728     -15.3541
                -15.8393     -16.0024     -14.7598     -15.0684     -15.5683
                -15.2834     -14.9823     -14.6909     -15.3303     -16.2452
                -15.9412     -15.4088     -16.0235     -15.7936     -15.0512
 
 
 cumulative average & 95% error for solvation free energy
              total             1st component         2nd component         3rd component
  1   -15.5817     0.0000     1.4874     0.0000    -3.4463     0.0000   -13.6070     0.0000
  2   -15.5476     0.0682     1.4174     0.1400    -3.3784     0.1358   -13.5708     0.0724
  3   -15.5673     0.0557     1.3050     0.2389    -3.2445     0.2792   -13.6121     0.0926
  4   -15.5838     0.0514     1.4928     0.4118    -3.2182     0.2043   -13.8426     0.4657
  5   -15.5870     0.0403     1.6254     0.4149    -3.3330     0.2788   -13.8637     0.3632
  6   -15.5712     0.0457     1.7065     0.3755    -3.2514     0.2801   -14.0105     0.4172
  7   -15.6642     0.1901     1.6595     0.3310    -3.2545     0.2368   -14.0534     0.3629
  8   -15.6710     0.1652     1.6401     0.2893    -3.2672     0.2066   -14.0281     0.3184
  9   -15.6792     0.1466     1.6527     0.2564    -3.2339     0.1940   -14.0824     0.3010
 10   -15.6737     0.1316     1.5647     0.2891    -3.1684     0.2173   -14.0542     0.2750
 11   -15.6655     0.1201     1.5775     0.2627    -3.1515     0.1995   -14.0757     0.2524
 12   -15.6839     0.1156     1.5362     0.2536    -3.0976     0.2116   -14.1067     0.2386
 13   -15.6840     0.1064     1.4700     0.2682    -3.1000     0.1947   -14.0383     0.2587
 14   -15.6752     0.1000     1.4473     0.2525    -3.1059     0.1807   -14.0008     0.2509
 15   -15.6753     0.0931     1.4547     0.2355    -3.1122     0.1687   -14.0021     0.2336
 16   -15.6833     0.0885     1.4214     0.2302    -3.1040     0.1586   -13.9849     0.2212
 17   -15.6858     0.0833     1.3823     0.2299    -3.0999     0.1492   -13.9524     0.2177
 18   -15.6855     0.0786     1.3943     0.2181    -3.1566     0.1808   -13.9074     0.2242
 19   -15.6777     0.0759     1.3900     0.2064    -3.1516     0.1713   -13.9003     0.2125
 20   -15.6858     0.0738     1.3908     0.1959    -3.1205     0.1740   -13.9403     0.2169
 21   -15.6823     0.0706     1.3933     0.1864    -3.0980     0.1715   -13.9619     0.2108
 22   -15.6724     0.0702     1.3930     0.1777    -3.0921     0.1639   -13.9575     0.2011
 23   -15.6746     0.0672     1.4247     0.1813    -3.1034     0.1583   -13.9802     0.1975
 24   -15.6576     0.0728     1.4261     0.1736    -3.0768     0.1605   -13.9911     0.1903
 25   -15.6517     0.0708     1.4432     0.1699    -3.1078     0.1660   -13.9714     0.1868
