 ERmod 0.3.7, Copyright (C) 2000-2019 Nobuyuki Matubayasi
                            2010-2019 Shun Sakuraba
 ERmod comes with ABSOLUTELY NO WARRANTY.
 This is free software, and you can redistribute it
 and/or modify it under certain conditions.
 See LICENSE file for details.
Opening: "/home/hervoe/snic2020-6-15/hervoe/Caffeine_solubility/Simulations/opls_simulations/NaI/0.50/trajectory_sol_full.xtc"...
  Trying plugin "Gromacs XTC Compressed Trajectory"...OK
 ERmod 0.3.7, Copyright (C) 2000-2019 Nobuyuki Matubayasi
                            2010-2019 Shun Sakuraba
 ERmod comes with ABSOLUTELY NO WARRANTY.
 This is free software, and you can redistribute it
 and/or modify it under certain conditions.
 See LICENSE file for details.
Opening: "/home/hervoe/snic2020-6-15/hervoe/Caffeine_solubility/Simulations/opls_simulations/NaI/0.50/trajectory_ref_full.xtc"...
  Trying plugin "Gromacs XTC Compressed Trajectory"...OK
Opening: "/home/hervoe/snic2020-6-15/hervoe/Caffeine_solubility/Simulations/opls_simulations/Solute/trajectory_solute.xtc"...
  Trying plugin "Gromacs XTC Compressed Trajectory"...OK
Opening: "/home/hervoe/snic2020-6-15/hervoe/Caffeine_solubility/Simulations/opls_simulations/Solute/trajectory_solute.xtc"...
  Trying plugin "Gromacs XTC Compressed Trajectory"...OK
Opening: "/home/hervoe/snic2020-6-15/hervoe/Caffeine_solubility/Simulations/opls_simulations/Solute/trajectory_solute.xtc"...
  Trying plugin "Gromacs XTC Compressed Trajectory"...OK
Opening: "/home/hervoe/snic2020-6-15/hervoe/Caffeine_solubility/Simulations/opls_simulations/Solute/trajectory_solute.xtc"...
  Trying plugin "Gromacs XTC Compressed Trajectory"...OK
Opening: "/home/hervoe/snic2020-6-15/hervoe/Caffeine_solubility/Simulations/opls_simulations/Solute/trajectory_solute.xtc"...
  Trying plugin "Gromacs XTC Compressed Trajectory"...OK
Opening: "/home/hervoe/snic2020-6-15/hervoe/Caffeine_solubility/Simulations/opls_simulations/Solute/trajectory_solute.xtc"...
  Trying plugin "Gromacs XTC Compressed Trajectory"...OK
Opening: "/home/hervoe/snic2020-6-15/hervoe/Caffeine_solubility/Simulations/opls_simulations/Solute/trajectory_solute.xtc"...
  Trying plugin "Gromacs XTC Compressed Trajectory"...OK
Opening: "/home/hervoe/snic2020-6-15/hervoe/Caffeine_solubility/Simulations/opls_simulations/Solute/trajectory_solute.xtc"...
  Trying plugin "Gromacs XTC Compressed Trajectory"...OK
Opening: "/home/hervoe/snic2020-6-15/hervoe/Caffeine_solubility/Simulations/opls_simulations/Solute/trajectory_solute.xtc"...
  Trying plugin "Gromacs XTC Compressed Trajectory"...OK
Opening: "/home/hervoe/snic2020-6-15/hervoe/Caffeine_solubility/Simulations/opls_simulations/Solute/trajectory_solute.xtc"...
  Trying plugin "Gromacs XTC Compressed Trajectory"...OK
 
  Number of the   1-th solvent  =            9
  Number of the   2-th solvent  =            9
  Number of the   3-th solvent  =         1000
 
  Be sure that the solvent distribution is homogeneous (radial distribution function is essentially unity) when the solvent molecule is separated beyond distance of   10.0 Angstrom in any direction from any atom within the solute molecule
 
  LJ long-range correction    =        -0.0305     -0.0014     -1.0180
 
  Self-energy of the solute   =        -0.0388  kcal/mol
 
 
 cumulative average & 95% error for solvation energy
              total             1st component         2nd component         3rd component
  1   -49.7479               -0.1646               -2.1577              -47.3868
  2   -49.7121     0.0717    -0.6084     0.8876    -2.7037     1.0919   -46.3612     2.0512
  3   -49.7905     0.1622    -0.0620     1.2069    -3.0022     0.8683   -46.6874     1.3521
  4   -49.7884     0.1148     0.0820     0.9007    -2.9337     0.6291   -46.8978     1.0446
  5   -49.7617     0.1037     0.0321     0.7048    -2.4242     1.1294   -47.3307     1.1850
  6   -49.7448     0.0911    -0.0956     0.6296    -2.2643     0.9761   -47.3461     0.9680
  7   -49.7202     0.0915    -0.2302     0.5963    -2.3236     0.8334   -47.1275     0.9276
  8   -49.7092     0.0822    -0.3175     0.5452    -2.0675     0.8850   -47.2853     0.8631
  9   -49.7117     0.0727    -0.3367     0.4823    -1.9740     0.8026   -47.3621     0.7765
 10   -49.7316     0.0762    -0.4107     0.4561    -2.0644     0.7403   -47.2177     0.7522
 11   -49.7412     0.0716    -0.3966     0.4135    -1.9086     0.7385   -47.3972     0.7693
 12   -49.7373     0.0658    -0.4885     0.4198    -1.8365     0.6894   -47.3735     0.7038
 13   -49.7456     0.0627    -0.4797     0.3866    -1.8128     0.6360   -47.4142     0.6525
 14   -49.7410     0.0588    -0.4795     0.3579    -1.8387     0.5911   -47.3839     0.6072
 15   -49.7322     0.0575    -0.3949     0.3737    -1.7840     0.5610   -47.5144     0.6226
 16   -49.7410     0.0566    -0.4535     0.3687    -1.7429     0.5312   -47.5058     0.5827
 17   -49.7408     0.0532    -0.4252     0.3509    -1.7050     0.5047   -47.5717     0.5630
 18   -49.7443     0.0507    -0.5529     0.4178    -1.7693     0.4929   -47.3833     0.6509
 19   -49.7447     0.0479    -0.6873     0.4781    -1.8532     0.4955   -47.1653     0.7544
 20   -49.7446     0.0455    -0.6909     0.4536    -1.8270     0.4730   -47.1878     0.7171
 21   -49.7390     0.0447    -0.7040     0.4322    -1.7885     0.4564   -47.2076     0.6833
 22   -49.7451     0.0444    -0.6710     0.4173    -1.7777     0.4357   -47.2576     0.6591
 23   -49.7337     0.0482    -0.7101     0.4064    -1.6611     0.4772   -47.3236     0.6434
 24   -49.7341     0.0462    -0.6549     0.4044    -1.6748     0.4577   -47.3656     0.6218
 25   -49.7326     0.0444    -0.6825     0.3918    -1.7242     0.4500   -47.2871     0.6167
 
 
 group  inft  solvation free energy     error          difference
  total solvation free energy
   1      0        -11.59356           0.07526          -0.01686
   1     60        -11.62658           0.07528          -0.04988
   1     80        -12.43200           0.94267          -0.85530
   1    100        -13.19194           0.07609          -1.61524
   2      0        -11.57813           0.07669          -0.00143
   3      0        -11.57670           0.07647           0.00000
   4      0        -11.56521           0.07558           0.01149
   5      0        -11.56589           0.07610           0.01081
   5     60        -11.61175           0.07612          -0.03505
   5     80        -12.03729           0.07638          -0.46059
   5    100        -13.16526           0.07693          -1.58856
 
  contribution from  1-th solvent component
   1      0          0.02139           0.16787          -0.01191
   1     60          0.02085           0.16787          -0.01244
   1     80          0.00588           0.16424          -0.02742
   1    100         -0.00021           0.16790          -0.03350
   2      0          0.03050           0.16737          -0.00280
   3      0          0.03330           0.16733          -0.00000
   4      0          0.03500           0.16754           0.00170
   5      0          0.03637           0.16751           0.00308
   5     60          0.03564           0.16751           0.00234
   5     80          0.02972           0.16752          -0.00358
   5    100          0.01480           0.16755          -0.01850
 
  contribution from  2-th solvent component
   1      0         -1.04482           0.22648          -0.00984
   1     60         -1.04445           0.22649          -0.00947
   1     80         -1.04545           0.22752          -0.01047
   1    100         -1.03813           0.22702          -0.00315
   2      0         -1.03790           0.22514          -0.00291
   3      0         -1.03498           0.22499           0.00000
   4      0         -1.03596           0.22533          -0.00098
   5      0         -1.03469           0.22443           0.00029
   5     60         -1.03433           0.22445           0.00065
   5     80         -1.03231           0.22462           0.00267
   5    100         -1.02797           0.22495           0.00701
 
  contribution from  3-th solvent component
   1      0        -10.53129           0.31191           0.00488
   1     60        -10.56413           0.31189          -0.02796
   1     80        -11.35359           0.96841          -0.81742
   1    100        -12.11475           0.31254          -1.57859
   2      0        -10.53188           0.31106           0.00428
   3      0        -10.53617           0.31102           0.00000
   4      0        -10.52540           0.30791           0.01077
   5      0        -10.52872           0.30940           0.00745
   5     60        -10.57421           0.30938          -0.03805
   5     80        -10.99585           0.30947          -0.45968
   5    100        -12.11324           0.31002          -1.57708
 
 
 group  inft   Estimated free energy: total (kcal/mol)
   1      0     -11.5810     -11.3710     -12.1487     -11.6537     -11.4426
                -11.7041     -11.4711     -11.6483     -11.7115     -11.3688
                -11.3515     -11.5605     -11.9687     -11.5462     -11.4744
                -11.6724     -11.5602     -11.3950     -11.4622     -11.6062
                -11.5619     -11.6477     -11.4194     -11.7929     -11.7188
   1     60     -11.6140     -11.4042     -12.1820     -11.6868     -11.4755
                -11.7371     -11.5041     -11.6813     -11.7445     -11.4020
                -11.3844     -11.5935     -12.0019     -11.5792     -11.5071
                -11.7054     -11.5930     -11.4282     -11.4954     -11.6392
                -11.5948     -11.6808     -11.4523     -11.8261     -11.7516
   1     80     -11.9524     -11.7434     -12.5215     -23.7079     -11.8134
                -12.0749     -11.8409     -12.0197     -12.0836     -11.7408
                -11.7221     -11.9322     -12.3416     -11.9171     -11.8429
                -12.0436     -11.9295     -11.7664     -11.8333     -11.9771
                -11.9321     -12.0200     -11.7890     -12.1662     -12.0884
   1    100     -13.1808     -12.9735     -13.7516     -13.2569     -13.0416
                -13.3008     -13.0637     -13.2477     -13.3145     -12.9680
                -12.9493     -13.1636     -13.5728     -13.1427     -13.0642
                -13.2717     -13.1532     -12.9901     -13.0563     -13.2041
                -13.1580     -13.2498     -13.0130     -13.3977     -13.3128
   2      0     -11.5537     -11.3476     -12.1430     -11.6391     -11.4191
                -11.6702     -11.4553     -11.6338     -11.7146     -11.3417
                -11.3181     -11.5580     -11.9592     -11.5267     -11.4670
                -11.6561     -11.5677     -11.3799     -11.4440     -11.6047
                -11.5411     -11.6319     -11.4065     -11.7728     -11.7014
   3      0     -11.5517     -11.3556     -12.1342     -11.6384     -11.4048
                -11.6694     -11.4438     -11.6384     -11.7122     -11.3367
                -11.3394     -11.5514     -11.9662     -11.5172     -11.4627
                -11.6522     -11.5720     -11.3723     -11.4431     -11.6037
                -11.5497     -11.6186     -11.4046     -11.7627     -11.7162
   4      0     -11.5456     -11.3437     -12.1127     -11.6198     -11.3921
                -11.6480     -11.4450     -11.6258     -11.7005     -11.3433
                -11.3216     -11.5462     -11.9491     -11.5112     -11.4325
                -11.6376     -11.5439     -11.3779     -11.4477     -11.6120
                -11.5432     -11.5967     -11.3672     -11.7470     -11.7199
   5      0     -11.5410     -11.3457     -12.1231     -11.6244     -11.3977
                -11.6492     -11.4427     -11.6333     -11.7033     -11.3326
                -11.3218     -11.5495     -11.9469     -11.5104     -11.4471
                -11.6410     -11.5498     -11.3649     -11.4335     -11.6003
                -11.5452     -11.5973     -11.3840     -11.7540     -11.7082
   5     60     -11.5869     -11.3917     -12.1692     -11.6704     -11.4434
                -11.6951     -11.4885     -11.6792     -11.7492     -11.3787
                -11.3676     -11.5954     -11.9930     -11.5562     -11.4926
                -11.6869     -11.5953     -11.4109     -11.4796     -11.6461
                -11.5909     -11.6433     -11.4297     -11.8001     -11.7538
   5     80     -12.0124     -11.8180     -12.5964     -12.0974     -11.8689
                -12.1202     -11.9122     -12.1051     -12.1761     -11.8049
                -11.7932     -12.0216     -12.4208     -11.9814     -11.9151
                -12.1123     -12.0186     -11.8364     -11.9051     -12.0717
                -12.0156     -12.0700     -11.8532     -12.2279     -12.1778
   5    100     -13.1415     -12.9469     -13.7272     -13.2286     -12.9976
                -13.2460     -13.0363     -13.2349     -13.3077     -12.9328
                -12.9229     -13.1524     -13.5532     -13.1080     -13.0381
                -13.2402     -13.1423     -12.9611     -13.0307     -13.2001
                -13.1425     -13.2005     -12.9779     -13.3592     -13.3028
 
 group  inft   Estimated free energy: 1-th solvent contribution (kcal/mol)
   1      0       0.2632      -0.0649       0.4087       0.4954       0.3863
                 -0.0261      -0.1992       0.0281      -0.1086      -0.0192
                  0.3922      -0.3886       0.0716       0.0218       0.7519
                 -0.2198       0.4214      -0.8432      -1.0343       0.0496
                 -0.0279       0.4200      -0.4145       0.4737      -0.3027
   1     60       0.2627      -0.0654       0.4082       0.4948       0.3857
                 -0.0267      -0.1997       0.0276      -0.1091      -0.0198
                  0.3916      -0.3891       0.0711       0.0212       0.7514
                 -0.2204       0.4208      -0.8437      -1.0348       0.0490
                 -0.0284       0.4195      -0.4151       0.4732      -0.3033
   1     80       0.2580      -0.0700       0.4037       0.2310       0.3811
                 -0.0312      -0.2044       0.0230      -0.1138      -0.0244
                  0.3871      -0.3937       0.0665       0.0166       0.7469
                 -0.2251       0.4163      -0.8483      -1.0393       0.0444
                 -0.0330       0.4148      -0.4199       0.4686      -0.3078
   1    100       0.2413      -0.0862       0.3879       0.4738       0.3645
                 -0.0473      -0.2212       0.0068      -0.1305      -0.0410
                  0.3707      -0.4105       0.0502       0.0004       0.7308
                 -0.2419       0.3999      -0.8648      -1.0552       0.0278
                 -0.0496       0.3983      -0.4371       0.4524      -0.3247
   2      0       0.2739      -0.0550       0.4133       0.5017       0.3979
                 -0.0175      -0.1868       0.0360      -0.1014      -0.0055
                  0.4005      -0.3829       0.0805       0.0347       0.7520
                 -0.2073       0.4276      -0.8362      -1.0249       0.0603
                 -0.0156       0.4347      -0.3995       0.4747      -0.2928
   3      0       0.2777      -0.0530       0.4179       0.5054       0.4049
                 -0.0130      -0.1841       0.0384      -0.0978      -0.0032
                  0.4031      -0.3822       0.0827       0.0362       0.7541
                 -0.2043       0.4249      -0.8325      -1.0190       0.0665
                 -0.0110       0.4381      -0.3980       0.4765      -0.2959
   4      0       0.2778      -0.0473       0.4212       0.5091       0.4049
                 -0.0128      -0.1842       0.0410      -0.0962      -0.0060
                  0.4044      -0.3794       0.0865       0.0374       0.7555
                 -0.2013       0.4294      -0.8325      -1.0195       0.0671
                 -0.0091       0.4397      -0.3972       0.4793      -0.2931
   5      0       0.2800      -0.0476       0.4222       0.5095       0.4064
                 -0.0104      -0.1833       0.0417      -0.0968      -0.0023
                  0.4068      -0.3798       0.0849       0.0383       0.7587
                 -0.2000       0.4314      -0.8304      -1.0154       0.0694
                 -0.0090       0.4438      -0.3955       0.4789      -0.2921
   5     60       0.2792      -0.0483       0.4215       0.5088       0.4056
                 -0.0111      -0.1841       0.0410      -0.0976      -0.0030
                  0.4061      -0.3805       0.0841       0.0376       0.7580
                 -0.2007       0.4307      -0.8312      -1.0161       0.0687
                 -0.0098       0.4430      -0.3963       0.4781      -0.2929
   5     80       0.2732      -0.0542       0.4158       0.5029       0.3997
                 -0.0170      -0.1899       0.0351      -0.1036      -0.0090
                  0.4002      -0.3865       0.0783       0.0318       0.7522
                 -0.2067       0.4248      -0.8371      -1.0220       0.0627
                 -0.0157       0.4372      -0.4023       0.4722      -0.2988
   5    100       0.2579      -0.0689       0.4014       0.4879       0.3849
                 -0.0320      -0.2048       0.0203      -0.1188      -0.0239
                  0.3853      -0.4017       0.0634       0.0171       0.7375
                 -0.2217       0.4099      -0.8522      -1.0366       0.0476
                 -0.0308       0.4226      -0.4176       0.4572      -0.3139
 
 group  inft   Estimated free energy: 2-th solvent contribution (kcal/mol)
   1      0      -1.1970      -1.7068      -2.0227      -1.4822      -0.3533
                 -1.0465      -1.3653      -0.6048      -0.7003      -1.5207
                 -0.2218      -0.6534      -1.2155      -1.1777      -0.5725
                 -0.8081      -0.6916      -1.6002      -1.9159      -0.9098
                 -0.7709      -1.0132       0.3865      -1.2570      -1.6996
   1     60      -1.1967      -1.7065      -2.0224      -1.4819      -0.3529
                 -1.0462      -1.3650      -0.6044      -0.6999      -1.5204
                 -0.2214      -0.6530      -1.2152      -1.1773      -0.5720
                 -0.8078      -0.6911      -1.5999      -1.9156      -0.9095
                 -0.7705      -1.0129       0.3869      -1.2567      -1.6992
   1     80      -1.1955      -1.7053      -2.0212      -1.5445      -0.3506
                 -1.0448      -1.3638      -0.6030      -0.6983      -1.5192
                 -0.2193      -0.6514      -1.2139      -1.1760      -0.5695
                 -0.8063      -0.6884      -1.5987      -1.9145      -0.9078
                 -0.7688      -1.0116       0.3893      -1.2556      -1.6977
   1    100      -1.1912      -1.7014      -2.0174      -1.4771      -0.3440
                 -1.0410      -1.3598      -0.5984      -0.6945      -1.5151
                 -0.2125      -0.6475      -1.2099      -1.1732      -0.5611
                 -0.8019      -0.6801      -1.5948      -1.9109      -0.9031
                 -0.7641      -1.0074       0.3968      -1.2518      -1.6920
   2      0      -1.1818      -1.7005      -2.0211      -1.4678      -0.3382
                 -1.0275      -1.3581      -0.6015      -0.7037      -1.5070
                 -0.2019      -0.6557      -1.2122      -1.1690      -0.5673
                 -0.8072      -0.7098      -1.5845      -1.8983      -0.9136
                 -0.7711      -1.0045       0.3818      -1.2418      -1.6851
   3      0      -1.1818      -1.7020      -2.0190      -1.4659      -0.3319
                 -1.0291      -1.3500      -0.5984      -0.7086      -1.4995
                 -0.2018      -0.6567      -1.2118      -1.1603      -0.5559
                 -0.8037      -0.7116      -1.5770      -1.8930      -0.9163
                 -0.7727      -0.9930       0.3851      -1.2334      -1.6861
   4      0      -1.1863      -1.6990      -2.0177      -1.4629      -0.3367
                 -1.0299      -1.3494      -0.5996      -0.7118      -1.4981
                 -0.1986      -0.6578      -1.2159      -1.1679      -0.5497
                 -0.8046      -0.7070      -1.5768      -1.8929      -0.9299
                 -0.7811      -0.9928       0.3942      -1.2356      -1.6912
   5      0      -1.1771      -1.7010      -2.0167      -1.4643      -0.3388
                 -1.0253      -1.3481      -0.6020      -0.7117      -1.4971
                 -0.1939      -0.6568      -1.2130      -1.1618      -0.5616
                 -0.8045      -0.7068      -1.5716      -1.8864      -0.9207
                 -0.7776      -0.9929       0.3834      -1.2321      -1.6890
   5     60      -1.1768      -1.7007      -2.0163      -1.4640      -0.3384
                 -1.0250      -1.3478      -0.6016      -0.7113      -1.4967
                 -0.1935      -0.6565      -1.2127      -1.1613      -0.5611
                 -0.8042      -0.7063      -1.5713      -1.8861      -0.9204
                 -0.7772      -0.9926       0.3839      -1.2317      -1.6886
   5     80      -1.1751      -1.6992      -2.0148      -1.4624      -0.3358
                 -1.0234      -1.3461      -0.5994      -0.7093      -1.4950
                 -0.1907      -0.6547      -1.2112      -1.1597      -0.5576
                 -0.8023      -0.7027      -1.5698      -1.8846      -0.9183
                 -0.7750      -0.9910       0.3869      -1.2302      -1.6865
   5    100      -1.1719      -1.6955      -2.0111      -1.4588      -0.3297
                 -1.0197      -1.3429      -0.5954      -0.7058      -1.4914
                 -0.1846      -0.6513      -1.2075      -1.1570      -0.5500
                 -0.7982      -0.6947      -1.5661      -1.8812      -0.9142
                 -0.7707      -0.9873       0.3935      -1.2267      -1.6809
 
 group  inft   Estimated free energy: 3-th solvent contribution (kcal/mol)
   1      0     -10.6084      -9.5604     -10.4959     -10.6281     -11.4367
                -10.5926      -9.8678     -11.0328     -10.8638      -9.7900
                -11.4831     -10.4798     -10.7860     -10.3514     -11.6150
                -10.6056     -11.2511      -8.9128      -8.4732     -10.7071
                -10.7243     -11.0156     -11.3525     -10.9708      -9.6776
   1     60     -10.6412      -9.5934     -10.5290     -10.6610     -11.4695
                -10.6255      -9.9005     -11.0657     -10.8967      -9.8229
                -11.5158     -10.5126     -10.8189     -10.3843     -11.6476
                -10.6385     -11.2838      -8.9457      -8.5061     -10.7399
                -10.7570     -11.0485     -11.3853     -11.0038      -9.7102
   1     80     -10.9761      -9.9293     -10.8651     -22.3556     -11.8050
                -10.9601     -10.2338     -11.4010     -11.2326     -10.1584
                -11.8511     -10.8483     -11.1554     -10.7188     -11.9814
                -10.9734     -11.6185      -9.2806      -8.8407     -11.0749
                -11.0914     -11.3843     -11.7195     -11.3404     -10.0440
   1    100     -12.1921     -11.1470     -12.0833     -12.2147     -13.0233
                -12.1737     -11.4438     -12.6172     -12.4506     -11.3730
                -13.0687     -12.0668     -12.3743     -11.9310     -13.1950
                -12.1891     -12.8343     -10.4916     -10.0513     -12.2900
                -12.3054     -12.6019     -12.9339     -12.5594     -11.2572
   2      0     -10.6070      -9.5532     -10.4964     -10.6341     -11.4399
                -10.5864      -9.8715     -11.0295     -10.8706      -9.7903
                -11.4780     -10.4805     -10.7887     -10.3535     -11.6129
                -10.6027     -11.2466      -8.9203      -8.4820     -10.7126
                -10.7157     -11.0232     -11.3498     -10.9669      -9.6847
   3      0     -10.6088      -9.5618     -10.4943     -10.6390     -11.4389
                -10.5884      -9.8708     -11.0396     -10.8669      -9.7952
                -11.5019     -10.4737     -10.7983     -10.3542     -11.6220
                -10.6053     -11.2465      -8.9240      -8.4922     -10.7151
                -10.7271     -11.0249     -11.3529     -10.9670      -9.6953
   4      0     -10.5983      -9.5585     -10.4773     -10.6272     -11.4214
                -10.5665      -9.8726     -11.0284     -10.8537      -9.8003
                -11.4886     -10.4701     -10.7809     -10.3418     -11.5994
                -10.5929     -11.2274      -8.9298      -8.4965     -10.7103
                -10.7143     -11.0048     -11.3253     -10.9518      -9.6968
   5      0     -10.6051      -9.5582     -10.4898     -10.6308     -11.4263
                -10.5747      -9.8725     -11.0342     -10.8559      -9.7944
                -11.4959     -10.4741     -10.7799     -10.3482     -11.6054
                -10.5977     -11.2356      -8.9240      -8.4929     -10.7102
                -10.7198     -11.0093     -11.3331     -10.9620      -9.6883
   5     60     -10.6505      -9.6038     -10.5355     -10.6764     -11.4718
                -10.6201      -9.9178     -11.0797     -10.9015      -9.8401
                -11.5414     -10.5195     -10.8256     -10.3937     -11.6506
                -10.6431     -11.2809      -8.9696      -8.5386     -10.7556
                -10.7651     -11.0548     -11.3784     -11.0077      -9.7336
   5     80     -11.0716     -10.0259     -10.9585     -11.0990     -11.8940
                -11.0409     -10.3373     -11.5019     -11.3243     -10.2620
                -11.9638     -10.9416     -11.2491     -10.8146     -12.0708
                -11.0645     -11.7018      -9.3907      -8.9598     -11.1772
                -11.1860     -11.4774     -11.7989     -11.4310     -10.1536
   5    100     -12.1887     -11.1436     -12.0787     -12.2188     -13.0140
                -12.1555     -11.4498     -12.6209     -12.4442     -11.3786
                -13.0848     -12.0606     -12.3703     -11.9292     -13.1868
                -12.1814     -12.8187     -10.5040     -10.0740     -12.2946
                -12.3021     -12.5969     -12.9150     -12.5509     -11.2692
 
 
 cumulative average & 95% error for solvation free energy
              total             1st component         2nd component         3rd component
  1   -11.5517     0.0000     0.2777     0.0000    -1.1818     0.0000   -10.6088     0.0000
  2   -11.4537     0.1962     0.1124     0.3307    -1.4419     0.5202   -10.0853     1.0471
  3   -11.6805     0.4676     0.2142     0.2792    -1.6342     0.4881   -10.2216     0.6632
  4   -11.6700     0.3313     0.2870     0.2453    -1.5922     0.3552   -10.3260     0.5133
  5   -11.6170     0.2777     0.3106     0.1958    -1.3401     0.5743   -10.5486     0.5969
  6   -11.6257     0.2274     0.2566     0.1928    -1.2883     0.4802   -10.5552     0.4875
  7   -11.5997     0.1991     0.1937     0.2060    -1.2971     0.4063   -10.4574     0.4561
  8   -11.6045     0.1727     0.1743     0.1825    -1.2098     0.3928   -10.5302     0.4209
  9   -11.6165     0.1542     0.1440     0.1720    -1.1541     0.3639   -10.5676     0.3787
 10   -11.5885     0.1488     0.1293     0.1566    -1.1886     0.3327   -10.4904     0.3723
 11   -11.5659     0.1420     0.1542     0.1501    -1.0989     0.3504   -10.5823     0.3837
 12   -11.5647     0.1297     0.1095     0.1636    -1.0621     0.3282   -10.5733     0.3507
 13   -11.5956     0.1343     0.1074     0.1506    -1.0736     0.3028   -10.5906     0.3245
 14   -11.5900     0.1249     0.1024     0.1398    -1.0798     0.2806   -10.5737     0.3023
 15   -11.5815     0.1175     0.1458     0.1565    -1.0449     0.2704   -10.6436     0.3142
 16   -11.5859     0.1103     0.1239     0.1528    -1.0298     0.2547   -10.6412     0.2940
 17   -11.5851     0.1036     0.1416     0.1478    -1.0111     0.2422   -10.6768     0.2852
 18   -11.5733     0.1005     0.0875     0.1765    -1.0425     0.2368   -10.5794     0.3320
 19   -11.5664     0.0960     0.0293     0.2035    -1.0873     0.2413   -10.4696     0.3833
 20   -11.5683     0.0912     0.0311     0.1931    -1.0787     0.2295   -10.4818     0.3644
 21   -11.5674     0.0867     0.0291     0.1837    -1.0642     0.2203   -10.4935     0.3474
 22   -11.5697     0.0828     0.0477     0.1791    -1.0609     0.2101   -10.5177     0.3347
 23   -11.5625     0.0804     0.0283     0.1755    -0.9980     0.2369   -10.5540     0.3280
 24   -11.5709     0.0788     0.0470     0.1721    -1.0079     0.2276   -10.5712     0.3159
 25   -11.5767     0.0765     0.0333     0.1673    -1.0350     0.2250   -10.5362     0.3110
