Lmod has detected the following error: These module(s) exist but cannot be
loaded as requested: "hwloc/1.11.11"
   Try: "module spider hwloc/1.11.11" to see how to load the module(s).



Lmod has detected the following error: These module(s) exist but cannot be
loaded as requested: "hwloc/1.11.11"
   Try: "module spider hwloc/1.11.11" to see how to load the module(s).



 ERmod 0.3.7, Copyright (C) 2000-2019 Nobuyuki Matubayasi
                            2010-2019 Shun Sakuraba
 ERmod comes with ABSOLUTELY NO WARRANTY.
 This is free software, and you can redistribute it
 and/or modify it under certain conditions.
 See LICENSE file for details.
Opening: "/home/hervoe/snic2020-6-15/hervoe/temp/Simulations/KI/2.00/trajectory_sol_full.xtc"...
  Trying plugin "Gromacs XTC Compressed Trajectory"...OK
 ERmod 0.3.7, Copyright (C) 2000-2019 Nobuyuki Matubayasi
                            2010-2019 Shun Sakuraba
 ERmod comes with ABSOLUTELY NO WARRANTY.
 This is free software, and you can redistribute it
 and/or modify it under certain conditions.
 See LICENSE file for details.
Opening: "/home/hervoe/snic2020-6-15/hervoe/temp/Simulations/KI/2.00/trajectory_ref_full.xtc"...
  Trying plugin "Gromacs XTC Compressed Trajectory"...OK
Opening: "/home/hervoe/snic2020-6-15/hervoe/temp/Simulations/Solute_new/trajectory_solute.xtc"...
  Trying plugin "Gromacs XTC Compressed Trajectory"...OK
Opening: "/home/hervoe/snic2020-6-15/hervoe/temp/Simulations/Solute_new/trajectory_solute.xtc"...
  Trying plugin "Gromacs XTC Compressed Trajectory"...OK
Opening: "/home/hervoe/snic2020-6-15/hervoe/temp/Simulations/Solute_new/trajectory_solute.xtc"...
  Trying plugin "Gromacs XTC Compressed Trajectory"...OK
Opening: "/home/hervoe/snic2020-6-15/hervoe/temp/Simulations/Solute_new/trajectory_solute.xtc"...
  Trying plugin "Gromacs XTC Compressed Trajectory"...OK
Opening: "/home/hervoe/snic2020-6-15/hervoe/temp/Simulations/Solute_new/trajectory_solute.xtc"...
  Trying plugin "Gromacs XTC Compressed Trajectory"...OK
Opening: "/home/hervoe/snic2020-6-15/hervoe/temp/Simulations/Solute_new/trajectory_solute.xtc"...
  Trying plugin "Gromacs XTC Compressed Trajectory"...OK
Opening: "/home/hervoe/snic2020-6-15/hervoe/temp/Simulations/Solute_new/trajectory_solute.xtc"...
  Trying plugin "Gromacs XTC Compressed Trajectory"...OK
Opening: "/home/hervoe/snic2020-6-15/hervoe/temp/Simulations/Solute_new/trajectory_solute.xtc"...
  Trying plugin "Gromacs XTC Compressed Trajectory"...OK
Opening: "/home/hervoe/snic2020-6-15/hervoe/temp/Simulations/Solute_new/trajectory_solute.xtc"...
  Trying plugin "Gromacs XTC Compressed Trajectory"...OK
Opening: "/home/hervoe/snic2020-6-15/hervoe/temp/Simulations/Solute_new/trajectory_solute.xtc"...
  Trying plugin "Gromacs XTC Compressed Trajectory"...OK
 
  Number of the   1-th solvent  =           36
  Number of the   2-th solvent  =           36
  Number of the   3-th solvent  =         1000
 
  Be sure that the solvent distribution is homogeneous (radial distribution function is essentially unity) when the solvent molecule is separated beyond distance of   10.0 Angstrom in any direction from any atom within the solute molecule
 
  LJ long-range correction    =        -0.1008     -0.0274     -0.8117
 
  Self-energy of the solute   =        -0.0148  kcal/mol
 
 
 cumulative average & 95% error for solvation energy
              total             1st component         2nd component         3rd component
  1   -59.3552               -0.9319               -6.1094              -52.2990
  2   -59.2896     0.1310     0.3287     2.5211    -7.9780     3.7371   -51.6255     1.3471
  3   -59.2646     0.0907    -0.1491     1.7411    -7.6794     2.2388   -51.4213     0.8784
  4   -59.2578     0.0656    -0.4711     1.3894    -7.0926     1.9706   -51.6793     0.8076
  5   -59.2728     0.0589    -0.4185     1.0814    -7.1581     1.5321   -51.6813     0.6255
  6   -59.2611     0.0535    -0.2995     0.9145    -7.0786     1.2610   -51.8682     0.6329
  7   -59.2513     0.0493    -0.3906     0.7941    -6.6671     1.3466   -52.1788     0.8197
  8   -59.2325     0.0569    -0.2981     0.7122    -6.7101     1.1693   -52.2094     0.7125
  9   -59.2290     0.0507    -0.3686     0.6437    -6.6552     1.0371   -52.1904     0.6295
 10   -59.2270     0.0455    -0.4159     0.5835    -6.6013     0.9338   -52.1949     0.5631
 11   -59.2158     0.0468    -0.5503     0.5923    -6.6847     0.8610   -51.9660     0.6848
 12   -59.2142     0.0429    -0.7207     0.6391    -6.7934     0.8155   -51.6852     0.8404
 13   -59.2052     0.0433    -0.7449     0.5899    -6.6864     0.7801   -51.7591     0.7871
 14   -59.2156     0.0451    -0.9289     0.6586    -6.4425     0.8715   -51.8293     0.7421
 15   -59.2057     0.0464    -0.8935     0.6172    -6.5298     0.8298   -51.7676     0.7017
 16   -59.1813     0.0653    -0.9361     0.5836    -6.7097     0.8556   -51.5207     0.8214
 17   -59.1968     0.0687    -0.8821     0.5587    -6.7430     0.8065   -51.5568     0.7750
 18   -59.1935     0.0651    -0.8977     0.5277    -6.5482     0.8543   -51.7328     0.8110
 19   -59.2024     0.0642    -0.9455     0.5082    -6.5123     0.8113   -51.7298     0.7671
 20   -59.1954     0.0625    -1.0360     0.5150    -6.5829     0.7825   -51.5616     0.8017
 21   -59.1834     0.0641    -1.0071     0.4933    -6.5749     0.7445   -51.5865     0.7642
 22   -59.1844     0.0611    -1.0044     0.4704    -6.5372     0.7138   -51.6280     0.7334
 23   -59.1818     0.0586    -0.9622     0.4573    -6.5870     0.6893   -51.6177     0.7011
 24   -59.1783     0.0566    -0.9595     0.4379    -6.5511     0.6639   -51.6528     0.6749
 25   -59.1692     0.0572    -0.9729     0.4208    -6.6137     0.6490   -51.5677     0.6693
 
 
 group  inft  solvation free energy     error          difference
  total solvation free energy
   1      0        -16.16842           0.07891          -0.00133
   1     60        -16.21422           0.07888          -0.04714
   1     80        -16.62433           0.07866          -0.45724
   1    100        -17.94323           0.07799          -1.77614
   2      0        -16.15780           0.07823           0.00929
   3      0        -16.16709           0.07821           0.00000
   4      0        -16.16197           0.07766           0.00511
   5      0        -16.15253           0.07915           0.01456
   5     60        -16.21565           0.07911          -0.04856
   5     80        -16.72209           0.07888          -0.55500
   5    100        -17.93074           0.07836          -1.76365
 
  contribution from  1-th solvent component
   1      0          1.33522           0.20498          -0.01258
   1     60          1.33264           0.20498          -0.01516
   1     80          1.31158           0.20498          -0.03621
   1    100          1.24730           0.20501          -0.10049
   2      0          1.34419           0.20513          -0.00361
   3      0          1.34779           0.20547           0.00000
   4      0          1.34924           0.20502           0.00145
   5      0          1.35144           0.20545           0.00365
   5     60          1.34793           0.20544           0.00014
   5     80          1.32190           0.20546          -0.02590
   5    100          1.26278           0.20554          -0.08501
 
  contribution from  2-th solvent component
   1      0         -4.28397           0.31942          -0.00393
   1     60         -4.28435           0.31942          -0.00431
   1     80         -4.29016           0.31950          -0.01012
   1    100         -4.31628           0.31972          -0.03624
   2      0         -4.27827           0.31787           0.00176
   3      0         -4.28004           0.31711           0.00000
   4      0         -4.27752           0.31745           0.00252
   5      0         -4.27716           0.31683           0.00288
   5     60         -4.27778           0.31684           0.00226
   5     80         -4.28561           0.31691          -0.00558
   5    100         -4.30983           0.31704          -0.02979
 
  contribution from  3-th solvent component
   1      0        -13.20481           0.32008           0.01518
   1     60        -13.24766           0.32011          -0.02767
   1     80        -13.63090           0.32044          -0.41091
   1    100        -14.85941           0.32151          -1.63942
   2      0        -13.20886           0.32018           0.01113
   3      0        -13.21999           0.32015           0.00000
   4      0        -13.21885           0.31891           0.00114
   5      0        -13.21196           0.31917           0.00803
   5     60        -13.27095           0.31921          -0.05096
   5     80        -13.74352           0.31965          -0.52353
   5    100        -14.86884           0.32073          -1.64885
 
 
 group  inft   Estimated free energy: total (kcal/mol)
   1      0     -15.8773     -16.1257     -16.7476     -15.9308     -16.2335
                -16.1535     -16.0049     -16.1397     -16.4446     -16.0503
                -16.1532     -16.1605     -16.1727     -16.2644     -15.9952
                -16.2490     -16.2600     -16.0407     -16.2873     -16.2693
                -16.2358     -16.4291     -15.9865     -15.8051     -16.1938
   1     60     -15.9235     -16.1717     -16.7934     -15.9769     -16.2793
                -16.1998     -16.0508     -16.1856     -16.4901     -16.0960
                -16.1988     -16.2061     -16.2185     -16.3100     -16.0411
                -16.2946     -16.3062     -16.0864     -16.3329     -16.3151
                -16.2813     -16.4749     -16.0324     -15.8509     -16.2396
   1     80     -16.3357     -16.5821     -17.2031     -16.3889     -16.6896
                -16.6125     -16.4614     -16.5959     -16.8993     -16.5060
                -16.6071     -16.6146     -16.6284     -16.7200     -16.4525
                -16.7021     -16.7179     -16.4966     -16.7427     -16.7244
                -16.6898     -16.8846     -16.4431     -16.2615     -16.6487
   1    100     -17.6596     -17.9016     -18.5204     -17.7126     -18.0079
                -17.9372     -17.7830     -17.9154     -18.2167     -17.8247
                -17.9215     -17.9281     -17.9467     -18.0395     -17.7770
                -18.0134     -18.0381     -17.8168     -18.0624     -18.0399
                -18.0033     -18.2031     -17.7648     -17.5828     -17.9641
   2      0     -15.8794     -16.1077     -16.7340     -15.9211     -16.2187
                -16.1435     -16.0003     -16.1373     -16.4268     -16.0499
                -16.1327     -16.1458     -16.1594     -16.2619     -15.9689
                -16.2278     -16.2567     -16.0314     -16.2762     -16.2547
                -16.2312     -16.4225     -15.9736     -15.8036     -16.1801
   3      0     -15.8798     -16.1299     -16.7439     -15.9472     -16.2238
                -16.1396     -16.0170     -16.1500     -16.4360     -16.0604
                -16.1417     -16.1502     -16.1642     -16.2784     -15.9779
                -16.2291     -16.2606     -16.0453     -16.2855     -16.2661
                -16.2432     -16.4331     -15.9765     -15.8088     -16.1894
   4      0     -15.8800     -16.1162     -16.7310     -15.9457     -16.2175
                -16.1448     -16.0012     -16.1515     -16.4248     -16.0518
                -16.1446     -16.1630     -16.1488     -16.2693     -15.9679
                -16.2317     -16.2614     -16.0349     -16.2761     -16.2612
                -16.2330     -16.4242     -15.9815     -15.7995     -16.1876
   5      0     -15.8682     -16.1057     -16.7362     -15.9337     -16.2053
                -16.1431     -15.9904     -16.1438     -16.4216     -16.0379
                -16.1254     -16.1336     -16.1436     -16.2626     -15.9543
                -16.2242     -16.2463     -16.0317     -16.2699     -16.2622
                -16.2294     -16.4140     -15.9625     -15.7849     -16.1828
   5     60     -15.9318     -16.1689     -16.7993     -15.9971     -16.2684
                -16.2068     -16.0536     -16.2070     -16.4844     -16.1009
                -16.1882     -16.1964     -16.2067     -16.3255     -16.0175
                -16.2869     -16.3099     -16.0948     -16.3328     -16.3252
                -16.2922     -16.4770     -16.0258     -15.8480     -16.2459
   5     80     -16.4407     -16.6754     -17.3056     -16.5061     -16.7745
                -16.7164     -16.5608     -16.7141     -16.9898     -16.6074
                -16.6922     -16.7002     -16.7125     -16.8324     -16.5253
                -16.7898     -16.8182     -16.6020     -16.8389     -16.8306
                -16.7969     -16.9832     -16.5331     -16.3549     -16.7512
   5    100     -17.6537     -17.8841     -18.5138     -17.7203     -17.9814
                -17.9306     -17.7724     -17.9245     -18.1968     -17.8159
                -17.8959     -17.9019     -17.9197     -18.0426     -17.7377
                -17.9907     -18.0287     -17.8127     -18.0485     -18.0361
                -18.0015     -18.1920     -17.7444     -17.5655     -17.9568
 
 group  inft   Estimated free energy: 1-th solvent contribution (kcal/mol)
   1      0       1.5103       2.6132       0.9107       1.2135       1.7422
                  1.8198       1.5870       1.8707       1.2566       1.4277
                  0.9159       0.6187       1.3532       0.2480       1.5879
                  0.8805       1.8107       1.3471       0.9753       0.4508
                  1.4941       1.2249       1.8372       1.5753       1.1091
   1     60       1.5077       2.6107       0.9082       1.2109       1.7397
                  1.8171       1.5844       1.8681       1.2541       1.4251
                  0.9134       0.6161       1.3506       0.2454       1.5853
                  0.8779       1.8080       1.3445       0.9727       0.4483
                  1.4915       1.2223       1.8347       1.5727       1.1065
   1     80       1.4867       2.5898       0.8873       1.1895       1.7189
                  1.7959       1.5632       1.8468       1.2332       1.4039
                  0.8924       0.5952       1.3296       0.2241       1.5640
                  0.8571       1.7867       1.3236       0.9517       0.4272
                  1.4705       1.2011       1.8138       1.5516       1.0856
   1    100       1.4226       2.5263       0.8237       1.1242       1.6557
                  1.7311       1.4989       1.7820       1.1694       1.3391
                  0.8283       0.5314       1.2655       0.1590       1.4991
                  0.7933       1.7217       1.2597       0.8874       0.3627
                  1.4066       1.1362       1.7498       1.4872       1.0216
   2      0       1.5159       2.6261       0.9159       1.2209       1.7487
                  1.8265       1.5974       1.8803       1.2653       1.4320
                  0.9259       0.6301       1.3621       0.2572       1.6006
                  0.8915       1.8196       1.3604       0.9855       0.4579
                  1.5000       1.2324       1.8477       1.5873       1.1171
   3      0       1.5236       2.6270       0.9192       1.2226       1.7538
                  1.8333       1.6020       1.8843       1.2679       1.4334
                  0.9281       0.6285       1.3672       0.2574       1.6050
                  0.8997       1.8251       1.3621       0.9893       0.4610
                  1.5033       1.2352       1.8554       1.5916       1.1188
   4      0       1.5216       2.6304       0.9210       1.2217       1.7519
                  1.8314       1.6027       1.8859       1.2710       1.4377
                  0.9280       0.6368       1.3683       0.2612       1.6084
                  0.9013       1.8230       1.3689       0.9915       0.4635
                  1.5049       1.2362       1.8509       1.5913       1.1213
   5      0       1.5275       2.6328       0.9227       1.2238       1.7552
                  1.8289       1.6097       1.8847       1.2687       1.4407
                  0.9335       0.6348       1.3731       0.2628       1.6148
                  0.9008       1.8277       1.3666       0.9909       0.4617
                  1.5065       1.2387       1.8572       1.5994       1.1228
   5     60       1.5240       2.6293       0.9192       1.2202       1.7518
                  1.8253       1.6062       1.8812       1.2652       1.4372
                  0.9300       0.6313       1.3697       0.2592       1.6112
                  0.8974       1.8241       1.3631       0.9874       0.4581
                  1.5029       1.2351       1.8537       1.5960       1.1194
   5     80       1.4980       2.6037       0.8932       1.1937       1.7261
                  1.7990       1.5801       1.8549       1.2394       1.4110
                  0.9040       0.6055       1.3439       0.2327       1.5851
                  0.8718       1.7978       1.3370       0.9613       0.4321
                  1.4768       1.2088       1.8278       1.5702       1.0935
   5    100       1.4391       2.5455       0.8341       1.1334       1.6682
                  1.7394       1.5212       1.7951       1.1806       1.3515
                  0.8448       0.5467       1.2855       0.1722       1.5259
                  0.8136       1.7384       1.2779       0.9021       0.3728
                  1.4177       1.1489       1.7688       1.5116       1.0347
 
 group  inft   Estimated free energy: 2-th solvent contribution (kcal/mol)
   1      0      -3.8746      -5.8576      -4.7058      -3.4873      -4.7066
                 -4.2276      -3.1704      -4.3862      -4.2401      -3.9224
                 -4.7328      -4.9803      -3.8025      -2.6831      -4.6330
                 -5.7047      -4.6695      -2.6803      -3.9157      -5.0292
                 -4.2276      -3.9790      -4.6807      -3.7054      -5.0971
   1     60      -3.8750      -5.8579      -4.7062      -3.4876      -4.7070
                 -4.2280      -3.1707      -4.3866      -4.2404      -3.9228
                 -4.7332      -4.9806      -3.8029      -2.6834      -4.6334
                 -5.7052      -4.6698      -2.6806      -3.9161      -5.0295
                 -4.2280      -3.9794      -4.6811      -3.7058      -5.0975
   1     80      -3.8809      -5.8635      -4.7124      -3.4932      -4.7128
                 -4.2342      -3.1754      -4.3921      -4.2463      -3.9284
                 -4.7391      -4.9865      -3.8090      -2.6888      -4.6399
                 -5.7113      -4.6755      -2.6859      -3.9221      -5.0355
                 -4.2337      -3.9851      -4.6870      -3.7116      -5.1037
   1    100      -3.9075      -5.8893      -4.7393      -3.5171      -4.7395
                 -4.2607      -3.1992      -4.4169      -4.2734      -3.9537
                 -4.7658      -5.0130      -3.8357      -2.7135      -4.6678
                 -5.7384      -4.7012      -2.7116      -3.9490      -5.0617
                 -4.2590      -4.0109      -4.7136      -3.7377      -5.1314
   2      0      -3.8774      -5.8522      -4.6954      -3.4803      -4.6971
                 -4.2176      -3.1746      -4.3832      -4.2288      -3.9246
                 -4.7201      -4.9727      -3.7974      -2.6830      -4.6168
                 -5.6920      -4.6650      -2.6822      -3.9084      -5.0171
                 -4.2217      -3.9790      -4.6723      -3.7104      -5.0876
   3      0      -3.8732      -5.8586      -4.6988      -3.4970      -4.7012
                 -4.2134      -3.1816      -4.3861      -4.2315      -3.9213
                 -4.7201      -4.9678      -3.7986      -2.6918      -4.6178
                 -5.6914      -4.6648      -2.6902      -3.9079      -5.0205
                 -4.2280      -3.9795      -4.6661      -3.7080      -5.0858
   4      0      -3.8722      -5.8577      -4.6961      -3.4880      -4.6930
                 -4.2124      -3.1747      -4.3820      -4.2280      -3.9230
                 -4.7200      -4.9722      -3.7970      -2.6858      -4.6102
                 -5.6921      -4.6633      -2.6908      -3.9065      -5.0179
                 -4.2240      -3.9756      -4.6700      -3.7062      -5.0792
   5      0      -3.8719      -5.8523      -4.6996      -3.4945      -4.6925
                 -4.2156      -3.1753      -4.3858      -4.2262      -3.9216
                 -4.7129      -4.9653      -3.7970      -2.6884      -4.6087
                 -5.6901      -4.6619      -2.6920      -3.9094      -5.0201
                 -4.2261      -3.9696      -4.6641      -3.7072      -5.0809
   5     60      -3.8725      -5.8528      -4.7003      -3.4952      -4.6931
                 -4.2163      -3.1758      -4.3863      -4.2268      -3.9222
                 -4.7135      -4.9659      -3.7976      -2.6890      -4.6094
                 -5.6907      -4.6625      -2.6926      -3.9101      -5.0208
                 -4.2267      -3.9702      -4.6647      -3.7079      -5.0816
   5     80      -3.8805      -5.8604      -4.7086      -3.5027      -4.7010
                 -4.2245      -3.1826      -4.3938      -4.2347      -3.9299
                 -4.7214      -4.9737      -3.8057      -2.6963      -4.6179
                 -5.6989      -4.6702      -2.7001      -3.9182      -5.0287
                 -4.2344      -3.9779      -4.6726      -3.7158      -5.0899
   5    100      -3.9052      -5.8843      -4.7339      -3.5257      -4.7253
                 -4.2491      -3.2049      -4.4170      -4.2594      -3.9533
                 -4.7458      -4.9977      -3.8308      -2.7192      -4.6433
                 -5.7240      -4.6939      -2.7245      -3.9431      -5.0528
                 -4.2582      -4.0017      -4.6969      -3.7404      -5.1152
 
 group  inft   Estimated free energy: 3-th solvent contribution (kcal/mol)
   1      0     -13.4982     -12.8664     -12.9377     -13.6422     -13.2542
                -13.7309     -14.4067     -13.6093     -13.4463     -13.5408
                -12.3215     -11.7840     -13.7085     -13.8144     -12.9353
                -11.4099     -13.3864     -14.6926     -13.3321     -11.6762
                -13.4874     -13.6602     -13.1281     -13.6601     -12.1910
   1     60     -13.5414     -12.9095     -12.9805     -13.6852     -13.2971
                -13.7741     -14.4496     -13.6522     -13.4889     -13.5835
                -12.3641     -11.8267     -13.7513     -13.8571     -12.9781
                -11.4525     -13.4296     -14.7354     -13.3747     -11.7190
                -13.5300     -13.7029     -13.1711     -13.7030     -12.2338
   1     80     -13.9267     -13.2935     -13.3632     -14.0704     -13.6807
                -14.1593     -14.8343     -14.0358     -13.8714     -13.9666
                -12.7455     -12.2085     -14.1342     -14.2405     -13.3618
                -11.8330     -13.8142     -15.1195     -13.7573     -12.1012
                -13.9118     -14.0857     -13.5550     -14.0866     -12.6157
   1    100     -15.1598     -14.5238     -14.5900     -15.3049     -14.9093
                -15.3927     -16.0679     -15.2657     -15.0979     -15.1953
                -13.9691     -13.4318     -15.3616     -15.4701     -14.5935
                -13.0536     -15.0438     -16.3501     -14.9858     -13.3261
                -15.1360     -15.3135     -14.7862     -15.3176     -13.8394
   2      0     -13.5031     -12.8667     -12.9396     -13.6469     -13.2554
                -13.7376     -14.4083     -13.6196     -13.4485     -13.5424
                -12.3236     -11.7883     -13.7092     -13.8213     -12.9379
                -11.4125     -13.3964     -14.6948     -13.3384     -11.6807
                -13.4947     -13.6611     -13.1341     -13.6657     -12.1948
   3      0     -13.5152     -12.8834     -12.9494     -13.6580     -13.2616
                -13.7446     -14.4226     -13.6333     -13.4575     -13.5577
                -12.3349     -11.7960     -13.7179     -13.8291     -12.9503
                -11.4226     -13.4060     -14.7023     -13.3520     -11.6917
                -13.5036     -13.6740     -13.1510     -13.6775     -12.2077
   4      0     -13.5146     -12.8740     -12.9411     -13.6646     -13.2615
                -13.7489     -14.4143     -13.6406     -13.4530     -13.5516
                -12.3378     -11.8128     -13.7053     -13.8299     -12.9512
                -11.4260     -13.4063     -14.6981     -13.3463     -11.6920
                -13.4991     -13.6699     -13.1476     -13.6698     -12.2148
   5      0     -13.5090     -12.8713     -12.9444     -13.6481     -13.2532
                -13.7416     -14.4099     -13.6279     -13.4492     -13.5421
                -12.3312     -11.7883     -13.7049     -13.8221     -12.9455
                -11.4201     -13.3972     -14.6914     -13.3366     -11.6888
                -13.4949     -13.6682     -13.1408     -13.6623     -12.2098
   5     60     -13.5684     -12.9306     -13.0033     -13.7074     -13.3122
                -13.8010     -14.4691     -13.6870     -13.5079     -13.6010
                -12.3899     -11.8470     -13.7639     -13.8809     -13.0045
                -11.4787     -13.4566     -14.7505     -13.3953     -11.7478
                -13.5536     -13.7271     -13.1999     -13.7213     -12.2688
   5     80     -14.0434     -13.4039     -13.4752     -14.1823     -13.7848
                -14.2761     -14.9435     -14.1603     -13.9796     -14.0736
                -12.8600     -12.3172     -14.2358     -14.3539     -13.4776
                -11.9479     -13.9310     -15.2241     -13.8672     -12.2192
                -14.0245     -14.1993     -13.6734     -14.1944     -12.7400
   5    100     -15.1728     -14.5304     -14.5991     -15.3131     -14.9094
                -15.4060     -16.0738     -15.2878     -15.1032     -15.1993
                -13.9800     -13.4361     -15.3595     -15.4807     -14.6055
                -13.0655     -15.0583     -16.3514     -14.9926     -13.3412
                -15.1462     -15.3244     -14.8014     -15.3218     -13.8615
 
 
 cumulative average & 95% error for solvation free energy
              total             1st component         2nd component         3rd component
  1   -15.8798     0.0000     1.5236     0.0000    -3.8732     0.0000   -13.5152     0.0000
  2   -16.0048     0.2501     2.0753     1.1034    -4.8659     1.9853   -13.1993     0.6318
  3   -16.2512     0.5134     1.6899     0.9999    -4.8102     1.1516   -13.1160     0.4010
  4   -16.1752     0.3936     1.5731     0.7447    -4.4819     1.0461   -13.2515     0.3922
  5   -16.1849     0.3055     1.6092     0.5813    -4.5258     0.8150   -13.2535     0.3039
  6   -16.1773     0.2499     1.6466     0.4805    -4.4737     0.6736   -13.3354     0.2972
  7   -16.1544     0.2161     1.6402     0.4063    -4.2891     0.6785   -13.4907     0.3995
  8   -16.1539     0.1872     1.6707     0.3571    -4.3012     0.5881   -13.5085     0.3478
  9   -16.1852     0.1766     1.6260     0.3274    -4.2935     0.5189   -13.5029     0.3069
 10   -16.1727     0.1599     1.6067     0.2954    -4.2563     0.4700   -13.5083     0.2748
 11   -16.1699     0.1447     1.5450     0.2943    -4.2984     0.4334   -13.4017     0.3275
 12   -16.1683     0.1322     1.4686     0.3090    -4.3542     0.4111   -13.2678     0.4013
 13   -16.1680     0.1216     1.4608     0.2847    -4.3115     0.3877   -13.3025     0.3756
 14   -16.1758     0.1136     1.3749     0.3147    -4.1958     0.4271   -13.3401     0.3557
 15   -16.1626     0.1090     1.3902     0.2946    -4.2239     0.4015   -13.3141     0.3352
 16   -16.1668     0.1023     1.3596     0.2823    -4.3156     0.4180   -13.1959     0.3927
 17   -16.1723     0.0968     1.3869     0.2708    -4.3362     0.3948   -13.2082     0.3697
 18   -16.1653     0.0923     1.3856     0.2553    -4.2447     0.4147   -13.2912     0.3861
 19   -16.1716     0.0882     1.3647     0.2451    -4.2270     0.3939   -13.2944     0.3653
 20   -16.1763     0.0842     1.3195     0.2494    -4.2667     0.3820   -13.2143     0.3818
 21   -16.1795     0.0804     1.3283     0.2379    -4.2648     0.3634   -13.2281     0.3642
 22   -16.1910     0.0800     1.3240     0.2270    -4.2519     0.3474   -13.2483     0.3496
 23   -16.1817     0.0787     1.3471     0.2218    -4.2699     0.3339   -13.2441     0.3342
 24   -16.1662     0.0815     1.3573     0.2133    -4.2465     0.3231   -13.2622     0.3220
 25   -16.1671     0.0782     1.3478     0.2055    -4.2800     0.3171   -13.2200     0.3201
