 ERmod 0.3.7, Copyright (C) 2000-2019 Nobuyuki Matubayasi
                            2010-2019 Shun Sakuraba
 ERmod comes with ABSOLUTELY NO WARRANTY.
 This is free software, and you can redistribute it
 and/or modify it under certain conditions.
 See LICENSE file for details.
Opening: "/home/hervoe/snic2020-6-15/hervoe/Caffeine_solubility/Simulations/opls_simulations/NaF/1.00/trajectory_sol_full.xtc"...
  Trying plugin "Gromacs XTC Compressed Trajectory"...OK
 ERmod 0.3.7, Copyright (C) 2000-2019 Nobuyuki Matubayasi
                            2010-2019 Shun Sakuraba
 ERmod comes with ABSOLUTELY NO WARRANTY.
 This is free software, and you can redistribute it
 and/or modify it under certain conditions.
 See LICENSE file for details.
Opening: "/home/hervoe/snic2020-6-15/hervoe/Caffeine_solubility/Simulations/opls_simulations/NaF/1.00/trajectory_ref_full.xtc"...
  Trying plugin "Gromacs XTC Compressed Trajectory"...OK
Opening: "/home/hervoe/snic2020-6-15/hervoe/Caffeine_solubility/Simulations/opls_simulations/Solute/trajectory_solute.xtc"...
  Trying plugin "Gromacs XTC Compressed Trajectory"...OK
Opening: "/home/hervoe/snic2020-6-15/hervoe/Caffeine_solubility/Simulations/opls_simulations/Solute/trajectory_solute.xtc"...
  Trying plugin "Gromacs XTC Compressed Trajectory"...OK
Opening: "/home/hervoe/snic2020-6-15/hervoe/Caffeine_solubility/Simulations/opls_simulations/Solute/trajectory_solute.xtc"...
  Trying plugin "Gromacs XTC Compressed Trajectory"...OK
Opening: "/home/hervoe/snic2020-6-15/hervoe/Caffeine_solubility/Simulations/opls_simulations/Solute/trajectory_solute.xtc"...
  Trying plugin "Gromacs XTC Compressed Trajectory"...OK
Opening: "/home/hervoe/snic2020-6-15/hervoe/Caffeine_solubility/Simulations/opls_simulations/Solute/trajectory_solute.xtc"...
  Trying plugin "Gromacs XTC Compressed Trajectory"...OK
Opening: "/home/hervoe/snic2020-6-15/hervoe/Caffeine_solubility/Simulations/opls_simulations/Solute/trajectory_solute.xtc"...
  Trying plugin "Gromacs XTC Compressed Trajectory"...OK
Opening: "/home/hervoe/snic2020-6-15/hervoe/Caffeine_solubility/Simulations/opls_simulations/Solute/trajectory_solute.xtc"...
  Trying plugin "Gromacs XTC Compressed Trajectory"...OK
Opening: "/home/hervoe/snic2020-6-15/hervoe/Caffeine_solubility/Simulations/opls_simulations/Solute/trajectory_solute.xtc"...
  Trying plugin "Gromacs XTC Compressed Trajectory"...OK
Opening: "/home/hervoe/snic2020-6-15/hervoe/Caffeine_solubility/Simulations/opls_simulations/Solute/trajectory_solute.xtc"...
  Trying plugin "Gromacs XTC Compressed Trajectory"...OK
Opening: "/home/hervoe/snic2020-6-15/hervoe/Caffeine_solubility/Simulations/opls_simulations/Solute/trajectory_solute.xtc"...
  Trying plugin "Gromacs XTC Compressed Trajectory"...OK
 
  Number of the   1-th solvent  =           18
  Number of the   2-th solvent  =           18
  Number of the   3-th solvent  =         1000
 
  Be sure that the solvent distribution is homogeneous (radial distribution function is essentially unity) when the solvent molecule is separated beyond distance of   10.0 Angstrom in any direction from any atom within the solute molecule
 
  LJ long-range correction    =        -0.0265     -0.0030     -1.0636
 
  Self-energy of the solute   =        -0.0406  kcal/mol
 
 
 cumulative average & 95% error for solvation energy
              total             1st component         2nd component         3rd component
  1   -50.3623                1.0713               -1.9102              -49.4828
  2   -50.4862     0.2478     1.4545     0.7663    -2.5953     1.3704   -49.3047     0.3562
  3   -50.4154     0.2012     1.1316     0.7828    -2.7376     0.8408   -48.7688     1.0914
  4   -50.4258     0.1438     0.9790     0.6321    -2.8990     0.6765   -48.4651     0.9821
  5   -50.4326     0.1122     0.9755     0.4897    -2.9069     0.5243   -48.4605     0.7608
  6   -50.4494     0.0976     0.9215     0.4141    -2.6566     0.6586   -48.6737     0.7534
  7   -50.4538     0.0830     0.8971     0.3534    -2.6680     0.5571   -48.6423     0.6398
  8   -50.4488     0.0725     0.8273     0.3364    -2.5663     0.5237   -48.6693     0.5567
  9   -50.4524     0.0644     0.7962     0.3031    -2.7855     0.6369   -48.4225     0.6962
 10   -50.4443     0.0598     0.7717     0.2755    -2.6330     0.6462   -48.5424     0.6673
 11   -50.4640     0.0670     0.6588     0.3363    -2.4978     0.6440   -48.5844     0.6094
 12   -50.4710     0.0627     0.8197     0.4447    -2.8749     0.9563   -48.3753     0.6960
 13   -50.4772     0.0590     0.7628     0.4246    -2.8878     0.8800   -48.3117     0.6528
 14   -50.4581     0.0667     0.8975     0.4765    -2.9305     0.8192   -48.3845     0.6217
 15   -50.4551     0.0624     0.8470     0.4550    -2.9818     0.7695   -48.2798     0.6155
 16   -50.4675     0.0634     0.9117     0.4448    -3.1098     0.7640   -48.2288     0.5847
 17   -50.4656     0.0597     0.9361     0.4207    -3.1406     0.7203   -48.2205     0.5495
 18   -50.4716     0.0575     0.9319     0.3967    -3.1214     0.6802   -48.2416     0.5198
 19   -50.4691     0.0547     0.9170     0.3765    -3.1205     0.6434   -48.2249     0.4928
 20   -50.4792     0.0557     0.8471     0.3835    -3.1539     0.6140   -48.1318     0.5032
 21   -50.4814     0.0532     0.8943     0.3768    -3.1102     0.5906   -48.2249     0.5135
 22   -50.4771     0.0514     0.8028     0.4031    -2.9222     0.6771   -48.3171     0.5232
 23   -50.4803     0.0495     0.8336     0.3901    -2.9092     0.6475   -48.3641     0.5087
 24   -50.4762     0.0481     0.8715     0.3810    -2.9085     0.6199   -48.3986     0.4919
 25   -50.4647     0.0515     0.9113     0.3740    -2.9089     0.5946   -48.4265     0.4751
 
 
 group  inft  solvation free energy     error          difference
  total solvation free energy
   1      0        -10.88471           0.15804           0.01367
   1     60        -10.91687           0.15805          -0.01849
   1     80        -11.25864           0.15836          -0.36025
   1    100        -12.52173           0.15943          -1.62335
   2      0        -10.90056           0.15822          -0.00217
   3      0        -10.89839           0.15845           0.00000
   4      0        -10.88925           0.15753           0.00914
   5      0        -10.89239           0.15969           0.00599
   5     60        -10.93741           0.15972          -0.03903
   5     80        -11.37054           0.16015          -0.47216
   5    100        -12.53439           0.16120          -1.63600
 
  contribution from  1-th solvent component
   1      0          0.87470           0.22303           0.01965
   1     60          0.87564           0.22303           0.02059
   1     80          0.88546           0.22328           0.03041
   1    100          0.90950           0.22433           0.05445
   2      0          0.85161           0.22300          -0.00344
   3      0          0.85505           0.22346           0.00000
   4      0          0.85009           0.22451          -0.00496
   5      0          0.85427           0.22464          -0.00078
   5     60          0.85586           0.22465           0.00081
   5     80          0.86727           0.22501           0.01222
   5    100          0.88907           0.22606           0.03402
 
  contribution from  2-th solvent component
   1      0         -1.67787           0.31191          -0.00981
   1     60         -1.67696           0.31190          -0.00890
   1     80         -1.67463           0.31199          -0.00657
   1    100         -1.66934           0.31232          -0.00128
   2      0         -1.67264           0.30961          -0.00458
   3      0         -1.66806           0.30975           0.00000
   4      0         -1.66372           0.30930           0.00434
   5      0         -1.66658           0.30960           0.00148
   5     60         -1.66608           0.30961           0.00198
   5     80         -1.66428           0.30973           0.00378
   5    100         -1.66151           0.30997           0.00655
 
  contribution from  3-th solvent component
   1      0        -10.04096           0.24428           0.00383
   1     60        -10.07497           0.24426          -0.03018
   1     80        -10.42888           0.24428          -0.38409
   1    100        -11.72131           0.24475          -1.67652
   2      0        -10.03895           0.24379           0.00585
   3      0        -10.04479           0.24326           0.00000
   4      0        -10.03504           0.24053           0.00976
   5      0        -10.03950           0.24163           0.00529
   5     60        -10.08662           0.24161          -0.04182
   5     80        -10.53295           0.24165          -0.48816
   5    100        -11.72137           0.24213          -1.67658
 
 
 group  inft   Estimated free energy: total (kcal/mol)
   1      0     -10.4155     -11.4618     -10.3677     -11.0243     -10.7220
                -10.7440     -10.9127     -10.5939     -11.6513     -10.7535
                -11.3531     -11.0768     -11.5647     -10.2485     -10.5147
                -11.5391     -10.5697     -10.7941     -10.9184     -10.7209
                -11.0339     -11.0330     -11.0383     -10.6571     -10.4089
   1     60     -10.4478     -11.4939     -10.3997     -11.0567     -10.7541
                -10.7764     -10.9449     -10.6259     -11.6830     -10.7856
                -11.3850     -11.1090     -11.5972     -10.2804     -10.5471
                -11.5716     -10.6017     -10.8264     -10.9507     -10.7532
                -11.0662     -11.0650     -11.0705     -10.6893     -10.4405
   1     80     -10.7905     -11.8354     -10.7396     -11.3999     -11.0947
                -11.1202     -11.2876     -10.9671     -12.0243     -11.1267
                -11.7269     -11.4504     -11.9406     -10.6202     -10.8893
                -11.9167     -10.9420     -11.1693     -11.2920     -11.0970
                -11.4093     -11.4054     -11.4128     -11.0309     -10.7773
   1    100     -12.0554     -13.1010     -11.9963     -12.6664     -12.3546
                -12.3912     -12.5540     -12.2311     -13.2883     -12.3871
                -12.9935     -12.7086     -13.2063     -11.8785     -12.1508
                -13.1894     -12.1997     -12.4354     -12.5508     -12.3672
                -12.6770     -12.6647     -12.6769     -12.2943     -12.0247
   2      0     -10.4292     -11.4574     -10.3443     -11.0577     -10.7435
                -10.7358     -10.9263     -10.5972     -11.6916     -10.8054
                -11.3546     -11.0433     -11.5816     -10.2956     -10.5647
                -11.5280     -10.5463     -10.8482     -10.8972     -10.7155
                -11.0784     -11.0864     -11.0892     -10.6791     -10.4177
   3      0     -10.4325     -11.4618     -10.3399     -11.0590     -10.7418
                -10.7438     -10.9347     -10.6000     -11.7009     -10.7897
                -11.3576     -11.0411     -11.5671     -10.2859     -10.5453
                -11.5204     -10.5447     -10.8414     -10.9049     -10.7303
                -11.0899     -11.0574     -11.0824     -10.6660     -10.4213
   4      0     -10.4348     -11.4445     -10.3366     -11.0585     -10.7221
                -10.7214     -10.9324     -10.5865     -11.6847     -10.7913
                -11.3259     -11.0441     -11.5698     -10.2477     -10.5525
                -11.4997     -10.5286     -10.8531     -10.8969     -10.7485
                -11.0469     -11.0444     -11.0747     -10.6681     -10.4176
   5      0     -10.4415     -11.4594     -10.3315     -11.0495     -10.7185
                -10.7288     -10.9410     -10.5891     -11.7095     -10.7859
                -11.3479     -11.0510     -11.5673     -10.2538     -10.5562
                -11.5096     -10.5384     -10.8394     -10.9016     -10.7325
                -11.0684     -11.0533     -11.0760     -10.6594     -10.4003
   5     60     -10.4867     -11.5045     -10.3763     -11.0948     -10.7634
                -10.7740     -10.9861     -10.6339     -11.7542     -10.8309
                -11.3924     -11.0961     -11.6127     -10.2986     -10.6014
                -11.5551     -10.5833     -10.8847     -10.9467     -10.7777
                -11.1137     -11.0981     -11.1211     -10.7044     -10.4445
   5     80     -10.9211     -11.9377     -10.8063     -11.5297     -11.1950
                -11.2096     -11.4204     -11.0665     -12.1874     -11.2635
                -11.8259     -11.5282     -12.0475     -10.7292     -11.0347
                -11.9926     -11.0146     -11.3194     -11.3793     -11.2134
                -11.5484     -11.5294     -11.5547     -11.1373     -10.8718
   5    100     -12.0870     -13.1042     -11.9642     -12.6970     -12.3555
                -12.3811     -12.5870     -12.2317     -13.3533     -12.4249
                -12.9924     -12.6861     -13.2132     -11.8880     -12.1954
                -13.1656     -12.1732     -12.4862     -12.5389     -12.3845
                -12.7163     -12.6905     -12.7195     -12.3022     -12.0216
 
 group  inft   Estimated free energy: 1-th solvent contribution (kcal/mol)
   1      0       1.1953       1.0867       0.7707       0.5263       1.1862
                  0.7381       0.8370       0.4916       0.2795       0.8633
                 -0.1871       1.4539       0.2812       2.2175       0.7970
                  0.7381       1.2346       1.0162       0.8506       0.2718
                  1.3117      -0.1591       0.8906       1.3344       1.8415
   1     60       1.1962       1.0875       0.7715       0.5272       1.1872
                  0.7389       0.8379       0.4925       0.2805       0.8643
                 -0.1859       1.4549       0.2819       2.2185       0.7981
                  0.7388       1.2355       1.0171       0.8516       0.2727
                  1.3126      -0.1581       0.8915       1.3353       1.8427
   1     80       1.2062       1.0961       0.7810       0.5364       1.1985
                  0.7474       0.8475       0.5018       0.2895       0.8750
                 -0.1763       1.4652       0.2907       2.2296       0.8096
                  0.7458       1.2461       1.0266       0.8625       0.2808
                  1.3220      -0.1482       0.9016       1.3450       1.8558
   1    100       1.2312       1.1157       0.8048       0.5584       1.2282
                  0.7662       0.8708       0.5231       0.3100       0.9023
                 -0.1554       1.4918       0.3113       2.2591       0.8395
                  0.7595       1.2739       1.0493       0.8909       0.2987
                  1.3447      -0.1231       0.9269       1.3687       1.8912
   2      0       1.1945       1.0759       0.7510       0.4916       1.1639
                  0.7282       0.8134       0.4850       0.2531       0.8116
                 -0.1972       1.4501       0.2504       2.1682       0.7378
                  0.7194       1.2513       0.9777       0.8723       0.2638
                  1.2656      -0.2022       0.8372       1.2982       1.8296
   3      0       1.1966       1.0770       0.7595       0.4976       1.1688
                  0.7193       0.8160       0.4793       0.2507       0.8284
                 -0.2088       1.4470       0.2601       2.1787       0.7528
                  0.7215       1.2510       0.9869       0.8678       0.2559
                  1.2683      -0.1866       0.8515       1.3053       1.8317
   4      0       1.1866       1.0799       0.7574       0.4911       1.1793
                  0.7145       0.7984       0.4858       0.2573       0.8162
                 -0.2089       1.4393       0.2477       2.1938       0.7397
                  0.7150       1.2497       0.9618       0.8618       0.2453
                  1.2673      -0.1977       0.8436       1.2931       1.8342
   5      0       1.1907       1.0775       0.7601       0.4965       1.1846
                  0.7197       0.8037       0.4853       0.2499       0.8232
                 -0.2076       1.4395       0.2561       2.1966       0.7485
                  0.7158       1.2499       0.9773       0.8674       0.2497
                  1.2698      -0.1921       0.8517       1.3032       1.8397
   5     60       1.1922       1.0789       0.7616       0.4980       1.1863
                  0.7211       0.8053       0.4869       0.2515       0.8248
                 -0.2056       1.4412       0.2575       2.1982       0.7504
                  0.7171       1.2516       0.9788       0.8691       0.2511
                  1.2713      -0.1905       0.8533       1.3047       1.8418
   5     80       1.2039       1.0887       0.7728       0.5088       1.1997
                  0.7305       0.8163       0.4973       0.2616       0.8375
                 -0.1948       1.4533       0.2677       2.2116       0.7642
                  0.7248       1.2642       0.9898       0.8820       0.2603
                  1.2819      -0.1787       0.8651       1.3160       1.8574
   5    100       1.2264       1.1062       0.7945       0.5286       1.2271
                  0.7466       0.8369       0.5161       0.2793       0.8627
                 -0.1759       1.4774       0.2862       2.2390       0.7924
                  0.7364       1.2898       1.0106       0.9080       0.2759
                  1.3018      -0.1556       0.8882       1.3376       1.8906
 
 group  inft   Estimated free energy: 2-th solvent contribution (kcal/mol)
   1      0      -1.0285      -2.0748      -1.3470      -1.9413      -1.7532
                 -0.7325      -1.6449      -0.7227      -2.7961      -0.9461
                 -0.7615      -3.6695      -2.2887      -1.8914      -2.1285
                 -2.7917      -1.8700      -1.6566      -1.9834      -1.9310
                 -1.4359       0.1085      -1.3765      -1.5199      -1.7637
   1     60      -1.0275      -2.0738      -1.3460      -1.9405      -1.7523
                 -0.7317      -1.6439      -0.7217      -2.7949      -0.9452
                 -0.7606      -3.6686      -2.2878      -1.8904      -2.1277
                 -2.7908      -1.8690      -1.6558      -1.9826      -1.9302
                 -1.4350       0.1094      -1.3755      -1.5191      -1.7626
   1     80      -1.0250      -2.0714      -1.3431      -1.9387      -1.7501
                 -0.7297      -1.6415      -0.7185      -2.7916      -0.9430
                 -0.7581      -3.6670      -2.2860      -1.8874      -2.1260
                 -2.7891      -1.8667      -1.6538      -1.9807      -1.9283
                 -1.4329       0.1123      -1.3729      -1.5168      -1.7595
   1    100      -1.0197      -2.0664      -1.3352      -1.9345      -1.7445
                 -0.7249      -1.6359      -0.7104      -2.7844      -0.9384
                 -0.7518      -3.6639      -2.2826      -1.8813      -2.1232
                 -2.7863      -1.8616      -1.6493      -1.9771      -1.9248
                 -1.4277       0.1195      -1.3662      -1.5116      -1.7512
   2      0      -1.0495      -2.0653      -1.3188      -1.9375      -1.7560
                 -0.7287      -1.6474      -0.7218      -2.8071      -0.9376
                 -0.7592      -3.6441      -2.2800      -1.8833      -2.1184
                 -2.7598      -1.8622      -1.6669      -1.9783      -1.9063
                 -1.4479       0.1001      -1.3853      -1.5009      -1.7536
   3      0      -1.0499      -2.0655      -1.3107      -1.9386      -1.7531
                 -0.7190      -1.6454      -0.7143      -2.8043      -0.9391
                 -0.7476      -3.6300      -2.2689      -1.8821      -2.1062
                 -2.7505      -1.8558      -1.6652      -1.9783      -1.9048
                 -1.4540       0.1178      -1.3832      -1.4923      -1.7606
   4      0      -1.0467      -2.0612      -1.3047      -1.9335      -1.7585
                 -0.7189      -1.6344      -0.7215      -2.7902      -0.9368
                 -0.7372      -3.6308      -2.2648      -1.8798      -2.0943
                 -2.7400      -1.8448      -1.6550      -1.9669      -1.9094
                 -1.4398       0.1216      -1.3810      -1.4940      -1.7704
   5      0      -1.0530      -2.0715      -1.3080      -1.9314      -1.7524
                 -0.7183      -1.6435      -0.7131      -2.8071      -0.9388
                 -0.7465      -3.6312      -2.2655      -1.8822      -2.1053
                 -2.7450      -1.8523      -1.6562      -1.9732      -1.9060
                 -1.4502       0.1147      -1.3824      -1.4906      -1.7553
   5     60      -1.0524      -2.0710      -1.3074      -1.9310      -1.7520
                 -0.7179      -1.6430      -0.7125      -2.8064      -0.9384
                 -0.7460      -3.6307      -2.2651      -1.8816      -2.1049
                 -2.7445      -1.8519      -1.6558      -1.9728      -1.9055
                 -1.4498       0.1153      -1.3819      -1.4901      -1.7547
   5     80      -1.0504      -2.0694      -1.3046      -1.9297      -1.7503
                 -0.7162      -1.6411      -0.7097      -2.8038      -0.9370
                 -0.7439      -3.6298      -2.2639      -1.8792      -2.1038
                 -2.7434      -1.8503      -1.6545      -1.9717      -1.9041
                 -1.4483       0.1181      -1.3798      -1.4881      -1.7521
   5    100      -1.0476      -2.0667      -1.2998      -1.9278      -1.7476
                 -0.7139      -1.6383      -0.7046      -2.7996      -0.9346
                 -0.7402      -3.6286      -2.2626      -1.8754      -2.1026
                 -2.7423      -1.8479      -1.6523      -1.9701      -1.9029
                 -1.4457       0.1223      -1.3765      -1.4852      -1.7472
 
 group  inft   Estimated free energy: 3-th solvent contribution (kcal/mol)
   1      0     -10.5417     -10.4331      -9.7508      -9.5686     -10.1144
                -10.7090     -10.0642     -10.3222      -9.0941     -10.6301
                -10.3639      -8.8206      -9.5166     -10.5340      -9.1426
                 -9.4449      -9.8937     -10.1131      -9.7451      -9.0211
                -10.8692     -10.9417     -10.5119     -10.4310     -10.4461
   1     60     -10.5759     -10.4670      -9.7846      -9.6027     -10.1484
                -10.7431     -10.0983     -10.3562      -9.1280     -10.6641
                -10.3979      -8.8547      -9.5507     -10.5679      -9.1769
                 -9.4790      -9.9276     -10.1471      -9.7792      -9.0551
                -10.9032     -10.9756     -10.5460     -10.4650     -10.4800
   1     80     -10.9311     -10.8194     -10.1369      -9.9571     -10.5025
                -11.0973     -10.4530     -10.7097      -9.4816     -11.0181
                -10.7519      -9.2081      -9.9047     -10.9218      -9.5323
                 -9.8329     -10.2809     -10.5015     -10.1332      -9.4089
                -11.2578     -11.3289     -10.9009     -10.8186     -10.8330
   1    100     -12.2263     -12.1097     -11.4253     -11.2497     -11.7977
                -12.3920     -11.7483     -12.0032     -10.7733     -12.3105
                -12.0458     -10.4958     -11.1944     -12.2157     -10.8265
                -11.1221     -11.5714     -11.7948     -11.4240     -10.7005
                -12.5535     -12.6205     -12.1970     -12.1108     -12.1241
   2      0     -10.5336     -10.4273      -9.7360      -9.5712     -10.1109
                -10.6947     -10.0517     -10.3198      -9.0970     -10.6389
                -10.3576      -8.8087      -9.5113     -10.5399      -9.1435
                 -9.4469      -9.8948     -10.1185      -9.7505      -9.0324
                -10.8555     -10.9437     -10.5005     -10.4357     -10.4530
   3      0     -10.5386     -10.4328      -9.7482      -9.5774     -10.1170
                -10.7035     -10.0648     -10.3244      -9.1067     -10.6384
                -10.3607      -8.8174      -9.5178     -10.5418      -9.1513
                 -9.4508      -9.8993     -10.1225      -9.7539      -9.0408
                -10.8636     -10.9481     -10.5101     -10.4384     -10.4517
   4      0     -10.5341     -10.4226      -9.7487      -9.5756     -10.1023
                -10.6765     -10.0557     -10.3103      -9.1112     -10.6301
                -10.3392      -8.8121      -9.5122     -10.5211      -9.1573
                 -9.4340      -9.8929     -10.1192      -9.7512      -9.0438
                -10.8338     -10.9277     -10.4967     -10.4267     -10.4408
   5      0     -10.5386     -10.4249      -9.7430      -9.5740     -10.1101
                -10.6895     -10.0607     -10.3206      -9.1117     -10.6296
                -10.3532      -8.8187      -9.5173     -10.5276      -9.1589
                 -9.4398      -9.8954     -10.1199      -9.7552      -9.0356
                -10.8475     -10.9353     -10.5047     -10.4314     -10.4442
   5     60     -10.5860     -10.4717      -9.7899      -9.6213     -10.1572
                -10.7366     -10.1079     -10.3676      -9.1587     -10.6767
                -10.4002      -8.8659      -9.5645     -10.5746      -9.2064
                 -9.4871      -9.9424     -10.1671      -9.8025      -9.0827
                -10.8946     -10.9823     -10.5520     -10.4785     -10.4911
   5     80     -11.0340     -10.9164     -10.2340     -10.0682     -10.6037
                -11.1833     -10.5550     -10.8135      -9.6046     -11.1234
                -10.8466      -9.3111     -10.0107     -11.0210      -9.6545
                 -9.9334     -10.3879     -10.6141     -10.2490      -9.5290
                -11.3415     -11.4282     -10.9994     -10.9247     -10.9365
   5    100     -12.2253     -12.1032     -11.4184     -11.2571     -11.7945
                -12.3732     -11.7450     -12.0026     -10.7925     -12.3124
                -12.0357     -10.4944     -11.1963     -12.2111     -10.8447
                -11.1191     -11.5746     -11.8039     -11.4362     -10.7169
                -12.5318     -12.6166     -12.1907     -12.1140     -12.1244
 
 
 cumulative average & 95% error for solvation free energy
              total             1st component         2nd component         3rd component
  1   -10.4325     0.0000     1.1966     0.0000    -1.0499     0.0000   -10.5386     0.0000
  2   -10.9472     1.0293     1.1368     0.1196    -1.5577     1.0155   -10.4857     0.1058
  3   -10.7447     0.7191     1.0110     0.2608    -1.4753     0.6090   -10.2399     0.4955
  4   -10.8233     0.5322     0.8827     0.3161    -1.5912     0.4890   -10.0742     0.4821
  5   -10.8070     0.4135     0.9399     0.2703    -1.6235     0.3843   -10.0828     0.3738
  6   -10.7965     0.3383     0.9031     0.2326    -1.4728     0.4351   -10.1862     0.3687
  7   -10.8162     0.2886     0.8907     0.1982    -1.4974     0.3710   -10.1689     0.3136
  8   -10.7892     0.2557     0.8393     0.2001    -1.3996     0.3763   -10.1883     0.2743
  9   -10.8905     0.3032     0.7739     0.2196    -1.5556     0.4556   -10.0681     0.3410
 10   -10.8804     0.2719     0.7793     0.1968    -1.4940     0.4258   -10.1252     0.3257
 11   -10.9238     0.2608     0.6895     0.2529    -1.4261     0.4083   -10.1466     0.2977
 12   -10.9336     0.2389     0.7526     0.2631    -1.6098     0.5233   -10.0358     0.3506
 13   -10.9823     0.2404     0.7147     0.2536    -1.6605     0.4919    -9.9960     0.3322
 14   -10.9326     0.2438     0.8193     0.3144    -1.6763     0.4565   -10.0350     0.3173
 15   -10.9067     0.2327     0.8149     0.2929    -1.7050     0.4289    -9.9760     0.3180
 16   -10.9451     0.2308     0.8090     0.2742    -1.7703     0.4219    -9.9432     0.3046
 17   -10.9215     0.2219     0.8350     0.2628    -1.7754     0.3965    -9.9406     0.2862
 18   -10.9171     0.2094     0.8435     0.2483    -1.7692     0.3740    -9.9507     0.2706
 19   -10.9164     0.1981     0.8447     0.2349    -1.7802     0.3544    -9.9404     0.2568
 20   -10.9071     0.1888     0.8153     0.2305    -1.7865     0.3365    -9.8954     0.2597
 21   -10.9158     0.1804     0.8369     0.2234    -1.7706     0.3216    -9.9415     0.2637
 22   -10.9223     0.1725     0.7904     0.2325    -1.6848     0.3514    -9.9873     0.2675
 23   -10.9292     0.1654     0.7930     0.2222    -1.6717     0.3368   -10.0100     0.2596
 24   -10.9183     0.1599     0.8144     0.2170    -1.6642     0.3228   -10.0278     0.2511
 25   -10.8984     0.1584     0.8550     0.2235    -1.6681     0.3098   -10.0448     0.2433
