 ERmod 0.3.7, Copyright (C) 2000-2019 Nobuyuki Matubayasi
                            2010-2019 Shun Sakuraba
 ERmod comes with ABSOLUTELY NO WARRANTY.
 This is free software, and you can redistribute it
 and/or modify it under certain conditions.
 See LICENSE file for details.
Opening: "/home/hervoe/snic2020-6-15/hervoe/Caffeine_solubility/Simulations/opls_simulations/NaI/2.00/trajectory_sol_full.xtc"...
  Trying plugin "Gromacs XTC Compressed Trajectory"...OK
 ERmod 0.3.7, Copyright (C) 2000-2019 Nobuyuki Matubayasi
                            2010-2019 Shun Sakuraba
 ERmod comes with ABSOLUTELY NO WARRANTY.
 This is free software, and you can redistribute it
 and/or modify it under certain conditions.
 See LICENSE file for details.
Opening: "/home/hervoe/snic2020-6-15/hervoe/Caffeine_solubility/Simulations/opls_simulations/NaI/2.00/trajectory_ref_full.xtc"...
  Trying plugin "Gromacs XTC Compressed Trajectory"...OK
Opening: "/home/hervoe/snic2020-6-15/hervoe/Caffeine_solubility/Simulations/opls_simulations/Solute/trajectory_solute.xtc"...
  Trying plugin "Gromacs XTC Compressed Trajectory"...OK
Opening: "/home/hervoe/snic2020-6-15/hervoe/Caffeine_solubility/Simulations/opls_simulations/Solute/trajectory_solute.xtc"...
  Trying plugin "Gromacs XTC Compressed Trajectory"...OK
Opening: "/home/hervoe/snic2020-6-15/hervoe/Caffeine_solubility/Simulations/opls_simulations/Solute/trajectory_solute.xtc"...
  Trying plugin "Gromacs XTC Compressed Trajectory"...OK
Opening: "/home/hervoe/snic2020-6-15/hervoe/Caffeine_solubility/Simulations/opls_simulations/Solute/trajectory_solute.xtc"...
  Trying plugin "Gromacs XTC Compressed Trajectory"...OK
Opening: "/home/hervoe/snic2020-6-15/hervoe/Caffeine_solubility/Simulations/opls_simulations/Solute/trajectory_solute.xtc"...
  Trying plugin "Gromacs XTC Compressed Trajectory"...OK
Opening: "/home/hervoe/snic2020-6-15/hervoe/Caffeine_solubility/Simulations/opls_simulations/Solute/trajectory_solute.xtc"...
  Trying plugin "Gromacs XTC Compressed Trajectory"...OK
Opening: "/home/hervoe/snic2020-6-15/hervoe/Caffeine_solubility/Simulations/opls_simulations/Solute/trajectory_solute.xtc"...
  Trying plugin "Gromacs XTC Compressed Trajectory"...OK
Opening: "/home/hervoe/snic2020-6-15/hervoe/Caffeine_solubility/Simulations/opls_simulations/Solute/trajectory_solute.xtc"...
  Trying plugin "Gromacs XTC Compressed Trajectory"...OK
Opening: "/home/hervoe/snic2020-6-15/hervoe/Caffeine_solubility/Simulations/opls_simulations/Solute/trajectory_solute.xtc"...
  Trying plugin "Gromacs XTC Compressed Trajectory"...OK
Opening: "/home/hervoe/snic2020-6-15/hervoe/Caffeine_solubility/Simulations/opls_simulations/Solute/trajectory_solute.xtc"...
  Trying plugin "Gromacs XTC Compressed Trajectory"...OK
 
  Number of the   1-th solvent  =           36
  Number of the   2-th solvent  =           36
  Number of the   3-th solvent  =         1000
 
  Be sure that the solvent distribution is homogeneous (radial distribution function is essentially unity) when the solvent molecule is separated beyond distance of   10.0 Angstrom in any direction from any atom within the solute molecule
 
  LJ long-range correction    =        -0.1137     -0.0053     -0.9490
 
  Self-energy of the solute   =        -0.0362  kcal/mol
 
 
 cumulative average & 95% error for solvation energy
              total             1st component         2nd component         3rd component
  1   -49.6014               -3.0044               -5.0135              -41.5473
  2   -49.5363     0.1302    -2.4738     1.0611    -6.5355     3.0441   -40.4907     2.1132
  3   -49.6376     0.2162    -2.7526     0.8283    -6.4609     1.7638   -40.3879     1.2373
  4   -49.6150     0.1595    -2.0006     1.6139    -5.9836     1.5707   -41.5946     2.5669
  5   -49.5936     0.1307    -2.3590     1.4410    -5.7759     1.2856   -41.4225     2.0179
  6   -49.5832     0.1087    -2.2167     1.2105    -5.6310     1.0889   -41.6993     1.7381
  7   -49.5672     0.0973    -2.1448     1.0331    -5.1571     1.3211   -42.2291     1.8112
  8   -49.5632     0.0846    -2.0519     0.9138    -5.2301     1.1533   -42.2451     1.5689
  9   -49.5742     0.0778    -2.2136     0.8684    -4.8657     1.2513   -42.4588     1.4481
 10   -49.5857     0.0733    -2.5543     1.0333    -4.6735     1.1833   -42.3216     1.3240
 11   -49.5960     0.0694    -2.5349     0.9355    -4.3947     1.2070   -42.6302     1.3472
 12   -49.6027     0.0648    -2.5880     0.8605    -4.3923     1.1018   -42.5861     1.2330
 13   -49.6055     0.0598    -2.4180     0.8615    -4.4309     1.0164   -42.7204     1.1655
 14   -49.6165     0.0597    -2.2505     0.8651    -4.6978     1.0820   -42.6320     1.0934
 15   -49.6407     0.0736    -2.2919     0.8097    -4.7417     1.0111   -42.5708     1.0253
 16   -49.6425     0.0689    -2.2689     0.7588    -4.8393     0.9657   -42.4981     0.9700
 17   -49.6350     0.0664    -2.5427     0.8988    -4.6233     1.0047   -42.4328     0.9205
 18   -49.6396     0.0633    -2.4169     0.8840    -4.6865     0.9556   -42.5000     0.8782
 19   -49.6327     0.0615    -2.4898     0.8488    -4.5427     0.9486   -42.5640     0.8405
 20   -49.6304     0.0585    -2.4667     0.8065    -4.4800     0.9086   -42.6475     0.8147
 21   -49.6348     0.0563    -2.3525     0.8004    -4.6022     0.8981   -42.6439     0.7749
 22   -49.6327     0.0539    -2.3437     0.7634    -4.5888     0.8568   -42.6640     0.7400
 23   -49.6345     0.0516    -2.2060     0.7797    -4.6583     0.8304   -42.7340     0.7208
 24   -49.6353     0.0494    -2.1613     0.7519    -4.6451     0.7954   -42.7927     0.7000
 25   -49.6326     0.0477    -2.3069     0.7778    -4.5401     0.7914   -42.7494     0.6770
 
 
 group  inft  solvation free energy     error          difference
  total solvation free energy
   1      0        -11.43216           0.13854          -0.00869
   1     60        -11.48404           0.13857          -0.06057
   1     80        -11.92224           0.13848          -0.49877
   1    100        -13.28433           0.13800          -1.86087
   2      0        -11.42190           0.13839           0.00156
   3      0        -11.42347           0.13798          -0.00000
   4      0        -11.41541           0.13822           0.00806
   5      0        -11.41311           0.13880           0.01036
   5     60        -11.48419           0.13881          -0.06073
   5     80        -12.02112           0.13869          -0.59765
   5    100        -13.47737           0.42586          -2.05390
 
  contribution from  1-th solvent component
   1      0          0.47759           0.37245          -0.01796
   1     60          0.47440           0.37245          -0.02116
   1     80          0.44940           0.37249          -0.04616
   1    100          0.37476           0.37263          -0.12079
   2      0          0.49152           0.37304          -0.00403
   3      0          0.49556           0.37304           0.00000
   4      0          0.49649           0.37292           0.00093
   5      0          0.49788           0.37289           0.00232
   5     60          0.49352           0.37289          -0.00204
   5     80          0.46279           0.37295          -0.03277
   5    100          0.38384           0.36475          -0.11172
 
  contribution from  2-th solvent component
   1      0         -2.86685           0.37686           0.00007
   1     60         -2.86485           0.37688           0.00207
   1     80         -2.85775           0.37697           0.00916
   1    100         -2.84183           0.37708           0.02509
   2      0         -2.86731           0.37482          -0.00039
   3      0         -2.86692           0.37385           0.00000
   4      0         -2.86245           0.37369           0.00447
   5      0         -2.86213           0.37335           0.00479
   5     60         -2.85982           0.37338           0.00709
   5     80         -2.85086           0.37343           0.01606
   5    100         -2.84133           0.37525           0.02559
 
  contribution from  3-th solvent component
   1      0         -9.00669           0.33471           0.00920
   1     60         -9.05738           0.33470          -0.04148
   1     80         -9.47767           0.33488          -0.46177
   1    100        -10.78106           0.33587          -1.76516
   2      0         -9.00991           0.33447           0.00599
   3      0         -9.01590           0.33436           0.00000
   4      0         -9.01324           0.33267           0.00266
   5      0         -9.01265           0.33329           0.00325
   5     60         -9.08168           0.33329          -0.06578
   5     80         -9.59684           0.33352          -0.58094
   5    100        -10.98367           0.55928          -1.96777
 
 
 group  inft   Estimated free energy: total (kcal/mol)
   1      0     -11.7349     -11.5722     -11.3408     -10.8493     -11.3479
                -11.3272     -10.8459     -11.5186     -11.4138     -11.1123
                -10.7497     -11.6709     -11.2203     -11.5158     -11.6893
                -11.8011     -12.1444     -11.4498     -11.5570     -12.0875
                -11.6022     -11.1117     -11.2010     -11.3466     -11.5938
   1     60     -11.7869     -11.6240     -11.3930     -10.9012     -11.4000
                -11.3788     -10.8974     -11.5707     -11.4653     -11.1639
                -10.8013     -11.7228     -11.2725     -11.5677     -11.7415
                -11.8531     -12.1962     -11.5017     -11.6089     -12.1394
                -11.6539     -11.1637     -11.2530     -11.3982     -11.6457
   1     80     -12.2247     -12.0614     -11.8325     -11.3396     -11.8373
                -11.8176     -11.3345     -12.0089     -11.9033     -11.6017
                -11.2409     -12.1591     -11.7109     -12.0065     -12.1803
                -12.2891     -12.6334     -11.9421     -12.0460     -12.5788
                -12.0925     -11.6012     -11.6925     -11.8378     -12.0832
   1    100     -13.5856     -13.4172     -13.1955     -12.7045     -13.1932
                -13.1825     -12.6963     -13.3705     -13.2696     -12.9635
                -12.6080     -13.5164     -13.0741     -13.3679     -13.5440
                -13.6432     -13.9933     -13.3102     -13.4053     -13.9447
                -13.4543     -12.9607     -13.0591     -13.2037     -13.4448
   2      0     -11.7142     -11.5591     -11.3272     -10.8370     -11.3324
                -11.3454     -10.8530     -11.5138     -11.4069     -11.1053
                -10.7422     -11.6612     -11.1848     -11.4905     -11.6691
                -11.7826     -12.1376     -11.4384     -11.5489     -12.0905
                -11.5910     -11.1105     -11.1731     -11.3389     -11.5939
   3      0     -11.7107     -11.5591     -11.3182     -10.8327     -11.3457
                -11.3421     -10.8722     -11.5033     -11.4125     -11.1142
                -10.7467     -11.6693     -11.1744     -11.4967     -11.6661
                -11.7892     -12.1326     -11.4347     -11.5519     -12.0975
                -11.5882     -11.1048     -11.1805     -11.3463     -11.5972
   4      0     -11.6846     -11.5398     -11.3409     -10.8224     -11.3367
                -11.3602     -10.8460     -11.4900     -11.4167     -11.1090
                -10.7219     -11.6537     -11.1747     -11.5022     -11.6639
                -11.7808     -12.1142     -11.4299     -11.5532     -12.0754
                -11.5977     -11.0901     -11.1484     -11.3428     -11.5899
   5      0     -11.6903     -11.5307     -11.3334     -10.8124     -11.3331
                -11.3393     -10.8473     -11.4842     -11.4223     -11.1026
                -10.7279     -11.6452     -11.1735     -11.5026     -11.6436
                -11.7871     -12.1167     -11.4223     -11.5496     -12.0921
                -11.5943     -11.0838     -11.1580     -11.3467     -11.5889
   5     60     -11.7614     -11.6018     -11.4049     -10.8834     -11.4044
                -11.4102     -10.9180     -11.5555     -11.4929     -11.1733
                -10.7987     -11.7163     -11.2448     -11.5737     -11.7150
                -11.8583     -12.1875     -11.4935     -11.6208     -12.1632
                -11.6654     -11.1550     -11.2293     -11.4175     -11.6599
   5     80     -12.2979     -12.1372     -11.9437     -11.4209     -11.9402
                -11.9484     -11.4535     -12.0919     -12.0304     -11.7094
                -11.3373     -12.2509     -11.7820     -12.1117     -12.2521
                -12.3923     -12.7234     -12.0334     -12.1567     -12.7015
                -12.2021     -11.6910     -11.7675     -11.9559     -12.1965
   5    100     -13.5414     -13.3747     -13.1894     -12.6680     -13.1800
                -13.1963     -12.6972     -13.3348     -13.2795     -12.9525
                -12.5860     -13.4904     -13.0277     -13.3559     -13.4961
                -13.6284     -13.9649     -13.2838     -13.3995     -13.9484
                -13.4448     -12.9329     -18.3176     -13.2031     -13.4409
 
 group  inft   Estimated free energy: 1-th solvent contribution (kcal/mol)
   1      0       0.0604       0.4264       0.0881       1.8138      -0.1207
                  0.6319       1.0357       0.9038      -0.1184      -0.8340
                  0.9298      -0.0660       1.5655       1.2912       0.1314
                  0.4044      -1.7679       1.2825      -0.1629       0.1524
                  1.4490       0.7311       2.2364       1.0294      -1.1536
   1     60       0.0573       0.4233       0.0850       1.8105      -0.1239
                  0.6287       1.0325       0.9007      -0.1216      -0.8373
                  0.9266      -0.0692       1.5623       1.2880       0.1282
                  0.4012      -1.7711       1.2793      -0.1660       0.1492
                  1.4458       0.7279       2.2332       1.0261      -1.1568
   1     80       0.0325       0.3986       0.0602       1.7854      -0.1487
                  0.6035       1.0076       0.8760      -0.1471      -0.8624
                  0.9015      -0.0941       1.5375       1.2629       0.1030
                  0.3760      -1.7963       1.2543      -0.1909       0.1240
                  1.4212       0.7029       2.2086       1.0008      -1.1823
   1    100      -0.0415       0.3252      -0.0140       1.7100      -0.2227
                  0.5281       0.9332       0.8027      -0.2230      -0.9373
                  0.8268      -0.1688       1.4638       1.1880       0.0278
                  0.3007      -1.8714       1.1797      -0.2653       0.0488
                  1.3477       0.6284       2.1352       0.9255      -1.2586
   2      0       0.0688       0.4385       0.0920       1.8291      -0.1043
                  0.6371       1.0463       0.9139      -0.1011      -0.8145
                  0.9479      -0.0595       1.5898       1.3141       0.1452
                  0.4280      -1.7537       1.2934      -0.1529       0.1648
                  1.4629       0.7441       2.2580       1.0420      -1.1420
   3      0       0.0753       0.4398       0.0951       1.8325      -0.1029
                  0.6379       1.0484       0.9255      -0.0988      -0.8131
                  0.9549      -0.0561       1.5940       1.3125       0.1513
                  0.4363      -1.7484       1.2982      -0.1479       0.1693
                  1.4691       0.7513       2.2591       1.0453      -1.1397
   4      0       0.0751       0.4390       0.0934       1.8314      -0.1063
                  0.6373       1.0486       0.9268      -0.0949      -0.8057
                  0.9614      -0.0516       1.5907       1.3126       0.1506
                  0.4334      -1.7458       1.2977      -0.1536       0.1711
                  1.4711       0.7548       2.2642       1.0480      -1.1371
   5      0       0.0791       0.4447       0.0905       1.8322      -0.1022
                  0.6422       1.0589       0.9292      -0.0987      -0.8038
                  0.9623      -0.0498       1.5877       1.3121       0.1568
                  0.4328      -1.7479       1.2992      -0.1474       0.1703
                  1.4719       0.7571       2.2613       1.0468      -1.1384
   5     60       0.0747       0.4404       0.0862       1.8279      -0.1065
                  0.6378       1.0545       0.9248      -0.1031      -0.8081
                  0.9579      -0.0542       1.5834       1.3078       0.1524
                  0.4285      -1.7523       1.2948      -0.1518       0.1659
                  1.4676       0.7527       2.2570       1.0424      -1.1428
   5     80       0.0440       0.4099       0.0553       1.7972      -0.1370
                  0.6066       1.0237       0.8944      -0.1343      -0.8386
                  0.9271      -0.0847       1.5530       1.2771       0.1215
                  0.3978      -1.7833       1.2639      -0.1825       0.1350
                  1.4373       0.7222       2.2268       1.0114      -1.1740
   5    100      -0.0237       0.3429      -0.0126       1.7295      -0.2039
                  0.5378       0.9558       0.8274      -0.2031      -0.9057
                  0.8595      -0.1522       1.4862       1.2097       0.0534
                  0.3303      -1.8515       1.1958      -0.2503       0.0671
                  1.3705       0.6552       1.8779       0.9432      -1.2430
 
 group  inft   Estimated free energy: 2-th solvent contribution (kcal/mol)
   1      0      -3.3403      -4.6031      -3.6972      -2.4149      -3.1850
                 -2.7243      -1.4531      -3.5666      -1.4789      -1.9645
                 -1.2041      -2.8540      -2.9953      -4.4039      -3.3274
                 -3.8985      -1.9859      -3.2823      -1.8477      -2.5275
                 -4.0915      -2.6695      -3.6718      -2.6480      -1.8360
   1     60      -3.3385      -4.6011      -3.6952      -2.4128      -3.1832
                 -2.7221      -1.4509      -3.5647      -1.4767      -1.9624
                 -1.2018      -2.8522      -2.9935      -4.4019      -3.3255
                 -3.8967      -1.9839      -3.2801      -1.8459      -2.5253
                 -4.0894      -2.6676      -3.6699      -2.6458      -1.8341
   1     80      -3.3313      -4.5946      -3.6883      -2.4054      -3.1758
                 -2.7150      -1.4431      -3.5577      -1.4687      -1.9555
                 -1.1951      -2.8449      -2.9859      -4.3952      -3.3184
                 -3.8894      -1.9769      -3.2737      -1.8385      -2.5183
                 -4.0831      -2.6604      -3.6628      -2.6393      -1.8265
   1    100      -3.3150      -4.5802      -3.6727      -2.3890      -3.1576
                 -2.6991      -1.4251      -3.5415      -1.4518      -1.9404
                 -1.1805      -2.8285      -2.9686      -4.3801      -3.3026
                 -3.8732      -1.9626      -3.2592      -1.8210      -2.5039
                 -4.0680      -2.6444      -3.6468      -2.6243      -1.8094
   2      0      -3.3271      -4.6059      -3.6809      -2.4140      -3.1816
                 -2.7371      -1.4714      -3.5711      -1.4821      -1.9676
                 -1.2141      -2.8447      -2.9849      -4.3925      -3.3212
                 -3.8981      -1.9922      -3.2759      -1.8448      -2.5457
                 -4.0915      -2.6726      -3.6641      -2.6557      -1.8456
   3      0      -3.3251      -4.6010      -3.6656      -2.4081      -3.1853
                 -2.7290      -1.4833      -3.5670      -1.4857      -1.9733
                 -1.2190      -2.8537      -2.9764      -4.3917      -3.3172
                 -3.9046      -1.9900      -3.2724      -1.8467      -2.5537
                 -4.0909      -2.6658      -3.6645      -2.6581      -1.8448
   4      0      -3.3042      -4.5856      -3.6823      -2.4073      -3.1701
                 -2.7392      -1.4788      -3.5599      -1.4913      -1.9615
                 -1.2127      -2.8393      -2.9748      -4.3873      -3.3108
                 -3.9063      -1.9800      -3.2684      -1.8461      -2.5510
                 -4.0974      -2.6668      -3.6476      -2.6570      -1.8355
   5      0      -3.3125      -4.5833      -3.6735      -2.3978      -3.1697
                 -2.7304      -1.4836      -3.5579      -1.4941      -1.9643
                 -1.2164      -2.8379      -2.9704      -4.3908      -3.3066
                 -3.9046      -1.9806      -3.2632      -1.8438      -2.5606
                 -4.0983      -2.6629      -3.6531      -2.6614      -1.8357
   5     60      -3.3103      -4.5809      -3.6712      -2.3954      -3.1676
                 -2.7278      -1.4811      -3.5558      -1.4914      -1.9618
                 -1.2138      -2.8358      -2.9682      -4.3884      -3.3045
                 -3.9026      -1.9782      -3.2607      -1.8418      -2.5582
                 -4.0960      -2.6607      -3.6509      -2.6588      -1.8334
   5     80      -3.3014      -4.5726      -3.6624      -2.3864      -3.1582
                 -2.7188      -1.4711      -3.5468      -1.4819      -1.9531
                 -1.2053      -2.8265      -2.9589      -4.3800      -3.2954
                 -3.8932      -1.9697      -3.2524      -1.8324      -2.5494
                 -4.0873      -2.6516      -3.6417      -2.6505      -1.8243
   5    100      -3.2875      -4.5590      -3.6481      -2.3721      -3.1423
                 -2.7044      -1.4550      -3.5321      -1.4674      -1.9393
                 -1.1920      -2.8113      -2.9441      -4.3661      -3.2806
                 -3.8777      -1.9570      -3.2392      -1.8169      -2.5365
                 -4.0726      -2.6372      -3.7479      -2.6368      -1.8100
 
 group  inft   Estimated free energy: 3-th solvent contribution (kcal/mol)
   1      0      -8.4188      -7.3593      -7.6955     -10.2120      -8.0060
                 -9.1985     -10.3923      -8.8197      -9.7803      -8.2775
                -10.4393      -8.7147      -9.7542      -8.3668      -8.4571
                 -8.2708      -8.3544      -9.4138      -9.5102      -9.6763
                 -8.9234      -9.1372      -9.7293      -9.6917      -8.5681
   1     60      -8.4694      -7.4100      -7.7465     -10.2627      -8.0568
                 -9.2492     -10.4428      -8.8705      -9.8307      -8.3281
                -10.4900      -8.7653      -9.8050      -8.4176      -8.5079
                 -8.3214      -8.4050      -9.4647      -9.5608      -9.7271
                 -8.9742      -9.1878      -9.7802      -9.7423      -8.6186
   1     80      -8.8897      -7.8292      -8.1681     -10.6833      -8.4765
                 -9.6699     -10.8629      -9.2910     -10.2513      -8.7476
                -10.9111      -9.1839     -10.2262      -8.8379      -8.9288
                 -8.7395      -8.8241      -9.8866      -9.9804     -10.1483
                 -9.3944      -9.6076     -10.2020     -10.1631      -9.0383
   1    100     -10.1929      -9.1260      -9.4726     -11.9893      -9.7767
                -10.9753     -12.1682     -10.5955     -11.5586     -10.0495
                -12.2181     -10.4828     -11.5332     -10.1397     -10.2329
                -10.0345     -10.1231     -11.1945     -11.2828     -11.4534
                -10.6979     -10.9085     -11.5113     -11.4686     -10.3407
   2      0      -8.4197      -7.3554      -7.7021     -10.2159      -8.0103
                 -9.2092     -10.3917      -8.8204      -9.7875      -8.2871
                -10.4398      -8.7208      -9.7535      -8.3759      -8.4569
                 -8.2762      -8.3555      -9.4197      -9.5150      -9.6735
                 -8.9261      -9.1457      -9.7308      -9.6889      -8.5701
   3      0      -8.4246      -7.3616      -7.7115     -10.2208      -8.0213
                 -9.2148     -10.4010      -8.8255      -9.7918      -8.2916
                -10.4465      -8.7232      -9.7558      -8.3813      -8.4640
                 -8.2847      -8.3580      -9.4243      -9.5211      -9.6768
                 -8.9301      -9.1541      -9.7389      -9.6973      -8.5766
   4      0      -8.4193      -7.3570      -7.7158     -10.2103      -8.0242
                 -9.2222     -10.3796      -8.8208      -9.7943      -8.3055
                -10.4343      -8.7266      -9.7543      -8.3913      -8.4675
                 -8.2718      -8.3521      -9.4230      -9.5173      -9.6593
                 -8.9352      -9.1418      -9.7289      -9.6975      -8.5811
   5      0      -8.4207      -7.3560      -7.7142     -10.2106      -8.0249
                 -9.2149     -10.3864      -8.8192      -9.7933      -8.2983
                -10.4377      -8.7213      -9.7546      -8.3877      -8.4575
                 -8.2790      -8.3520      -9.4221      -9.5221      -9.6656
                 -8.9317      -9.1418      -9.7300      -9.6959      -8.5787
   5     60      -8.4896      -7.4250      -7.7837     -10.2797      -8.0940
                 -9.2839     -10.4552      -8.8883      -9.8621      -8.3672
                -10.5067      -8.7901      -9.8238      -8.4569      -8.5267
                 -8.3480      -8.4208      -9.4914      -9.5910      -9.7347
                 -9.0008      -9.2108      -9.7992      -9.7649      -8.6475
   5     80      -9.0043      -7.9384      -8.3004     -10.7954      -8.6088
                 -9.8000     -10.9698      -9.4032     -10.3779      -8.8815
                -11.0230      -9.3035     -10.3399      -8.9726      -9.0421
                 -8.8607      -8.9342     -10.0087     -10.1056     -10.2509
                 -9.5158      -9.7254     -10.3164     -10.2806      -9.1619
   5    100     -10.1940      -9.1224      -9.4924     -11.9892      -9.7975
                -10.9934     -12.1617     -10.5939     -11.5728     -10.0713
                -12.2173     -10.4907     -11.5335     -10.1633     -10.2327
                -10.0448     -10.1202     -11.2041     -11.2961     -11.4427
                -10.7065     -10.9147     -16.4114     -11.4734     -10.3517
 
 
 cumulative average & 95% error for solvation free energy
              total             1st component         2nd component         3rd component
  1   -11.7107     0.0000     0.0753     0.0000    -3.3251     0.0000    -8.4246     0.0000
  2   -11.6349     0.1516     0.2575     0.3645    -3.9631     1.2759    -7.8931     1.0630
  3   -11.5293     0.2285     0.2034     0.2367    -3.8639     0.7628    -7.8326     0.6255
  4   -11.3552     0.3840     0.6107     0.8316    -3.5000     0.9060    -8.4296     1.2734
  5   -11.3533     0.2975     0.4679     0.7046    -3.4370     0.7130    -8.3480     0.9998
  6   -11.3514     0.2429     0.4963     0.5780    -3.3190     0.6282    -8.4924     0.8660
  7   -11.2830     0.2468     0.5751     0.5134    -3.0568     0.7463    -8.7651     0.9127
  8   -11.3105     0.2207     0.6189     0.4531    -3.1206     0.6588    -8.7727     0.7906
  9   -11.3218     0.1959     0.5392     0.4303    -2.9389     0.6852    -8.8859     0.7331
 10   -11.3011     0.1801     0.4040     0.4704    -2.8423     0.6426    -8.8265     0.6664
 11   -11.2507     0.1916     0.4540     0.4371    -2.6948     0.6519    -8.9737     0.6709
 12   -11.2856     0.1883     0.4115     0.4080    -2.7080     0.5957    -8.9529     0.6138
 13   -11.2770     0.1740     0.5025     0.4171    -2.7287     0.5495    -9.0146     0.5780
 14   -11.2927     0.1642     0.5604     0.4031    -2.8474     0.5615    -8.9694     0.5427
 15   -11.3176     0.1607     0.5331     0.3792    -2.8788     0.5264    -8.9357     0.5097
 16   -11.3471     0.1615     0.5270     0.3549    -2.9429     0.5089    -8.8950     0.4837
 17   -11.3933     0.1776     0.3932     0.4276    -2.8868     0.4910    -8.8634     0.4587
 18   -11.3956     0.1675     0.4435     0.4155    -2.9083     0.4649    -8.8946     0.4370
 19   -11.4038     0.1593     0.4123     0.3979    -2.8524     0.4537    -8.9276     0.4185
 20   -11.4385     0.1663     0.4002     0.3783    -2.8374     0.4314    -8.9650     0.4041
 21   -11.4456     0.1588     0.4511     0.3739    -2.8971     0.4274    -8.9634     0.3844
 22   -11.4301     0.1546     0.4647     0.3576    -2.8866     0.4080    -8.9720     0.3669
 23   -11.4193     0.1493     0.5427     0.3756    -2.9204     0.3957    -9.0054     0.3569
 24   -11.4162     0.1431     0.5637     0.3620    -2.9095     0.3795    -9.0342     0.3465
 25   -11.4235     0.1380     0.4956     0.3730    -2.8669     0.3738    -9.0159     0.3344
