Lmod has detected the following error: These module(s) exist but cannot be
loaded as requested: "hwloc/1.11.11"
   Try: "module spider hwloc/1.11.11" to see how to load the module(s).



Lmod has detected the following error: These module(s) exist but cannot be
loaded as requested: "hwloc/1.11.11"
   Try: "module spider hwloc/1.11.11" to see how to load the module(s).



 ERmod 0.3.7, Copyright (C) 2000-2019 Nobuyuki Matubayasi
                            2010-2019 Shun Sakuraba
 ERmod comes with ABSOLUTELY NO WARRANTY.
 This is free software, and you can redistribute it
 and/or modify it under certain conditions.
 See LICENSE file for details.
Opening: "/home/hervoe/snic2020-6-15/hervoe/temp/Simulations/KI/1.50/trajectory_sol_full.xtc"...
  Trying plugin "Gromacs XTC Compressed Trajectory"...OK
 ERmod 0.3.7, Copyright (C) 2000-2019 Nobuyuki Matubayasi
                            2010-2019 Shun Sakuraba
 ERmod comes with ABSOLUTELY NO WARRANTY.
 This is free software, and you can redistribute it
 and/or modify it under certain conditions.
 See LICENSE file for details.
Opening: "/home/hervoe/snic2020-6-15/hervoe/temp/Simulations/KI/1.50/trajectory_ref_full.xtc"...
  Trying plugin "Gromacs XTC Compressed Trajectory"...OK
Opening: "/home/hervoe/snic2020-6-15/hervoe/temp/Simulations/Solute_new/trajectory_solute.xtc"...
  Trying plugin "Gromacs XTC Compressed Trajectory"...OK
Opening: "/home/hervoe/snic2020-6-15/hervoe/temp/Simulations/Solute_new/trajectory_solute.xtc"...
  Trying plugin "Gromacs XTC Compressed Trajectory"...OK
Opening: "/home/hervoe/snic2020-6-15/hervoe/temp/Simulations/Solute_new/trajectory_solute.xtc"...
  Trying plugin "Gromacs XTC Compressed Trajectory"...OK
Opening: "/home/hervoe/snic2020-6-15/hervoe/temp/Simulations/Solute_new/trajectory_solute.xtc"...
  Trying plugin "Gromacs XTC Compressed Trajectory"...OK
Opening: "/home/hervoe/snic2020-6-15/hervoe/temp/Simulations/Solute_new/trajectory_solute.xtc"...
  Trying plugin "Gromacs XTC Compressed Trajectory"...OK
Opening: "/home/hervoe/snic2020-6-15/hervoe/temp/Simulations/Solute_new/trajectory_solute.xtc"...
  Trying plugin "Gromacs XTC Compressed Trajectory"...OK
Opening: "/home/hervoe/snic2020-6-15/hervoe/temp/Simulations/Solute_new/trajectory_solute.xtc"...
  Trying plugin "Gromacs XTC Compressed Trajectory"...OK
Opening: "/home/hervoe/snic2020-6-15/hervoe/temp/Simulations/Solute_new/trajectory_solute.xtc"...
  Trying plugin "Gromacs XTC Compressed Trajectory"...OK
Opening: "/home/hervoe/snic2020-6-15/hervoe/temp/Simulations/Solute_new/trajectory_solute.xtc"...
  Trying plugin "Gromacs XTC Compressed Trajectory"...OK
Opening: "/home/hervoe/snic2020-6-15/hervoe/temp/Simulations/Solute_new/trajectory_solute.xtc"...
  Trying plugin "Gromacs XTC Compressed Trajectory"...OK
 
  Number of the   1-th solvent  =           27
  Number of the   2-th solvent  =           27
  Number of the   3-th solvent  =         1000
 
  Be sure that the solvent distribution is homogeneous (radial distribution function is essentially unity) when the solvent molecule is separated beyond distance of   10.0 Angstrom in any direction from any atom within the solute molecule
 
  LJ long-range correction    =        -0.0775     -0.0211     -0.8326
 
  Self-energy of the solute   =        -0.0152  kcal/mol
 
 
 cumulative average & 95% error for solvation energy
              total             1st component         2nd component         3rd component
  1   -59.2040               -0.8455               -3.9433              -54.4000
  2   -59.1318     0.1444    -1.2686     0.8462    -4.2269     0.5672   -53.6211     1.5578
  3   -59.1141     0.0906    -1.3064     0.4944    -4.7126     1.0251   -53.0798     1.4075
  4   -59.1721     0.1327    -1.0370     0.6423    -5.1436     1.1262   -52.9763     1.0165
  5   -59.1780     0.1034    -1.0627     0.5002    -4.8750     1.0245   -53.2251     0.9314
  6   -59.1541     0.0970    -0.9383     0.4781    -4.7725     0.8613   -53.4281     0.8621
  7   -59.1438     0.0845    -0.9748     0.4106    -4.6306     0.7813   -53.5232     0.7530
  8   -59.1284     0.0795    -0.7676     0.5461    -4.6929     0.6880   -53.6527     0.7016
  9   -59.1360     0.0717    -0.7259     0.4888    -4.5272     0.6913   -53.8677     0.7535
 10   -59.0960     0.1025    -0.8497     0.5024    -4.7307     0.7403   -53.5003     0.9970
 11   -59.1166     0.1015    -0.7243     0.5191    -5.0257     0.8924   -53.3514     0.9497
 12   -59.1298     0.0964    -0.8040     0.5000    -4.9931     0.8172   -53.3175     0.8696
 13   -59.1307     0.0887    -0.6505     0.5529    -5.1438     0.8099   -53.3211     0.8000
 14   -59.1172     0.0864    -0.7135     0.5272    -5.2702     0.7913   -53.1182     0.8445
 15   -59.1260     0.0824    -0.7710     0.5040    -5.1626     0.7674   -53.1772     0.7950
 16   -59.1069     0.0860    -0.6647     0.5172    -5.2977     0.7670   -53.1293     0.7498
 17   -59.1138     0.0819    -0.6738     0.4862    -5.2119     0.7407   -53.2129     0.7239
 18   -59.1383     0.0915    -0.6531     0.4602    -5.2094     0.6983   -53.2606     0.6891
 19   -59.1397     0.0866    -0.7342     0.4646    -5.0856     0.7055   -53.3047     0.6578
 20   -59.1301     0.0844    -0.7374     0.4408    -5.0955     0.6696   -53.2819     0.6257
 21   -59.1319     0.0803    -0.6799     0.4348    -5.1308     0.6408   -53.3060     0.5971
 22   -59.1486     0.0836    -0.6658     0.4155    -5.0794     0.6196   -53.3882     0.5926
 23   -59.1406     0.0815    -0.6381     0.4009    -5.1706     0.6195   -53.3167     0.5840
 24   -59.1411     0.0780    -0.6724     0.3899    -5.0904     0.6144   -53.3631     0.5668
 25   -59.1417     0.0748    -0.6446     0.3781    -5.0737     0.5903   -53.4082     0.5511
 
 
 group  inft  solvation free energy     error          difference
  total solvation free energy
   1      0        -16.10873           0.07143          -0.00488
   1     60        -16.15050           0.07143          -0.04664
   1     80        -16.53697           0.07137          -0.43311
   1    100        -17.81651           0.07113          -1.71265
   2      0        -16.09568           0.07093           0.00817
   3      0        -16.10385           0.07055           0.00000
   4      0        -16.09574           0.07141           0.00812
   5      0        -16.08861           0.07207           0.01525
   5     60        -16.14601           0.07206          -0.04216
   5     80        -16.62536           0.07197          -0.52151
   5    100        -17.79794           0.07173          -1.69409
 
  contribution from  1-th solvent component
   1      0          1.03832           0.17595          -0.01112
   1     60          1.03646           0.17595          -0.01298
   1     80          1.02118           0.17598          -0.02826
   1    100          0.97358           0.17605          -0.07586
   2      0          1.04635           0.17571          -0.00309
   3      0          1.04944           0.17535           0.00000
   4      0          1.05182           0.17521           0.00238
   5      0          1.05244           0.17518           0.00300
   5     60          1.05007           0.17518           0.00063
   5     80          1.03149           0.17520          -0.01795
   5    100          0.98820           0.17525          -0.06124
 
  contribution from  2-th solvent component
   1      0         -3.27193           0.29129          -0.00622
   1     60         -3.27213           0.29129          -0.00641
   1     80         -3.27612           0.29131          -0.01040
   1    100         -3.29496           0.29138          -0.02925
   2      0         -3.26649           0.29053          -0.00077
   3      0         -3.26571           0.29039           0.00000
   4      0         -3.26560           0.29048           0.00011
   5      0         -3.26322           0.29051           0.00249
   5     60         -3.26370           0.29051           0.00201
   5     80         -3.26951           0.29052          -0.00379
   5    100         -3.28761           0.29058          -0.02190
 
  contribution from  3-th solvent component
   1      0        -13.85989           0.26898           0.01246
   1     60        -13.89960           0.26901          -0.02725
   1     80        -14.26679           0.26934          -0.39445
   1    100        -15.47989           0.27056          -1.60755
   2      0        -13.86031           0.26907           0.01203
   3      0        -13.87235           0.26894           0.00000
   4      0        -13.86673           0.26785           0.00562
   5      0        -13.86259           0.26841           0.00976
   5     60        -13.91714           0.26845          -0.04480
   5     80        -14.37211           0.26889          -0.49976
   5    100        -15.48330           0.27006          -1.61095
 
 
 group  inft   Estimated free energy: total (kcal/mol)
   1      0     -16.0099     -15.9714     -15.7425     -16.6589     -15.9419
                -16.0559     -16.1666     -15.9443     -16.0258     -16.3194
                -16.3119     -16.0482     -16.1970     -16.1782     -16.1861
                -16.1309     -16.2141     -16.2041     -16.2476     -15.9793
                -15.8774     -16.1060     -16.1182     -16.0903     -15.9925
   1     60     -16.0517     -16.0130     -15.7842     -16.7006     -15.9834
                -16.0975     -16.2083     -15.9861     -16.0676     -16.3609
                -16.3537     -16.0901     -16.2388     -16.2199     -16.2279
                -16.1725     -16.2558     -16.2463     -16.2894     -16.0213
                -15.9193     -16.1479     -16.1597     -16.1322     -16.0343
   1     80     -16.4384     -16.3991     -16.1701     -17.0868     -16.3688
                -16.4830     -16.5952     -16.3732     -16.4545     -16.7442
                -16.7395     -16.4775     -16.6253     -16.6052     -16.6146
                -16.5576     -16.6427     -16.6358     -16.6764     -16.4085
                -16.3065     -16.5359     -16.5444     -16.5201     -16.4210
   1    100     -17.7201     -17.6790     -17.4470     -18.3656     -17.6472
                -17.7598     -17.8754     -17.6545     -17.7370     -18.0139
                -18.0160     -17.7599     -17.9047     -17.8787     -17.8954
                -17.8330     -17.9236     -17.9233     -17.9569     -17.6894
                -17.5872     -17.8197     -17.8188     -17.8052     -17.7014
   2      0     -16.0041     -15.9628     -15.7364     -16.6543     -15.9220
                -16.0536     -16.1465     -15.9347     -16.0215     -16.3020
                -16.2909     -16.0350     -16.1629     -16.1661     -16.1674
                -16.1151     -16.2006     -16.1835     -16.2339     -15.9714
                -15.8541     -16.0961     -16.1069     -16.0745     -15.9958
   3      0     -16.0080     -15.9640     -15.7452     -16.6584     -15.9366
                -16.0651     -16.1469     -15.9444     -16.0307     -16.3058
                -16.3024     -16.0529     -16.1719     -16.1703     -16.1720
                -16.1231     -16.2142     -16.1907     -16.2416     -15.9722
                -15.8722     -16.1069     -16.1226     -16.0861     -15.9923
   4      0     -15.9908     -15.9740     -15.7369     -16.6547     -15.9211
                -16.0474     -16.1344     -15.9311     -16.0210     -16.3010
                -16.2955     -16.0466     -16.1704     -16.1782     -16.1631
                -16.1153     -16.2025     -16.1845     -16.2346     -15.9715
                -15.8480     -16.0940     -16.1196     -16.0741     -15.9831
   5      0     -15.9801     -15.9552     -15.7238     -16.6553     -15.9146
                -16.0467     -16.1261     -15.9327     -16.0150     -16.2955
                -16.2804     -16.0307     -16.1623     -16.1651     -16.1595
                -16.1075     -16.2041     -16.1741     -16.2350     -15.9621
                -15.8434     -16.0861     -16.1146     -16.0725     -15.9727
   5     60     -16.0375     -16.0124     -15.7812     -16.7127     -15.9717
                -16.1039     -16.1835     -15.9902     -16.0724     -16.3524
                -16.3378     -16.0883     -16.2197     -16.2225     -16.2169
                -16.1647     -16.2615     -16.2320     -16.2925     -16.0197
                -15.9011     -16.1437     -16.1718     -16.1301     -16.0302
   5     80     -16.5171     -16.4913     -16.2600     -17.1920     -16.4498
                -16.5825     -16.6631     -16.4702     -16.5527     -16.8276
                -16.8158     -16.5687     -16.6987     -16.6999     -16.6967
                -16.6425     -16.7413     -16.7148     -16.7728     -16.4998
                -16.3813     -16.6251     -16.6490     -16.6111     -16.5102
   5    100     -17.6917     -17.6638     -17.4304     -18.3650     -17.6214
                -17.7537     -17.8356     -17.6441     -17.7285     -17.9906
                -17.9843     -17.7438     -17.8702     -17.8662     -17.8704
                -17.8118     -17.9150     -17.8941     -17.9464     -17.6735
                -17.5548     -17.8024     -17.8173     -17.7886     -17.6850
 
 group  inft   Estimated free energy: 1-th solvent contribution (kcal/mol)
   1      0       0.9892       0.7244       0.7945       0.8942       0.9303
                  1.1777       0.7264       1.7443       1.3637       0.1894
                  1.5314       0.6499       1.7996       0.5263       0.6627
                  1.6502       0.9409       1.1563       0.2739       0.9637
                  1.6225       1.2267       1.2451       0.7550       1.4194
   1     60       0.9873       0.7226       0.7926       0.8923       0.9285
                  1.1759       0.7245       1.7424       1.3618       0.1876
                  1.5296       0.6480       1.7977       0.5245       0.6609
                  1.6484       0.9390       1.1544       0.2721       0.9618
                  1.6207       1.2248       1.2433       0.7531       1.4175
   1     80       0.9718       0.7073       0.7774       0.8772       0.9131
                  1.1607       0.7090       1.7273       1.3466       0.1722
                  1.5143       0.6329       1.7825       0.5092       0.6457
                  1.6332       0.9236       1.1390       0.2566       0.9464
                  1.6057       1.2094       1.2282       0.7379       1.4022
   1    100       0.9232       0.6599       0.7298       0.8301       0.8653
                  1.1132       0.6609       1.6799       1.2992       0.1242
                  1.4670       0.5857       1.7351       0.4619       0.5985
                  1.5860       0.8757       1.0908       0.2084       0.8982
                  1.5593       1.1613       1.1809       0.6904       1.3544
   2      0       0.9979       0.7313       0.7989       0.9000       0.9411
                  1.1845       0.7376       1.7444       1.3757       0.1977
                  1.5428       0.6559       1.8120       0.5318       0.6731
                  1.6576       0.9448       1.1702       0.2864       0.9739
                  1.6269       1.2345       1.2491       0.7668       1.4238
   3      0       1.0034       0.7419       0.8007       0.9017       0.9420
                  1.1851       0.7447       1.7450       1.3740       0.2027
                  1.5457       0.6546       1.8148       0.5377       0.6783
                  1.6614       0.9484       1.1686       0.2881       0.9815
                  1.6261       1.2401       1.2513       0.7693       1.4289
   4      0       1.0047       0.7428       0.8005       0.9031       0.9465
                  1.1909       0.7466       1.7447       1.3797       0.2013
                  1.5479       0.6617       1.8133       0.5400       0.6826
                  1.6628       0.9486       1.1743       0.2942       0.9801
                  1.6306       1.2435       1.2515       0.7729       1.4307
   5      0       1.0096       0.7465       0.8041       0.9032       0.9475
                  1.1875       0.7496       1.7422       1.3819       0.2043
                  1.5530       0.6623       1.8133       0.5408       0.6799
                  1.6645       0.9496       1.1745       0.2900       0.9810
                  1.6279       1.2482       1.2497       0.7703       1.4295
   5     60       1.0072       0.7441       0.8017       0.9008       0.9451
                  1.1851       0.7472       1.7399       1.3796       0.2020
                  1.5507       0.6599       1.8109       0.5384       0.6776
                  1.6622       0.9472       1.1722       0.2876       0.9787
                  1.6255       1.2458       1.2474       0.7680       1.4271
   5     80       0.9885       0.7256       0.7831       0.8823       0.9265
                  1.1665       0.7284       1.7213       1.3611       0.1835
                  1.5324       0.6414       1.7926       0.5198       0.6591
                  1.6438       0.9284       1.1534       0.2688       0.9600
                  1.6071       1.2270       1.2289       0.7494       1.4085
   5    100       0.9448       0.6825       0.7397       0.8391       0.8831
                  1.1230       0.6848       1.6779       1.3180       0.1403
                  1.4897       0.5982       1.7498       0.4766       0.6163
                  1.6008       0.8848       1.1098       0.2250       0.9166
                  1.5643       1.1831       1.1857       0.7059       1.3651
 
 group  inft   Estimated free energy: 2-th solvent contribution (kcal/mol)
   1      0      -2.6068      -3.0396      -3.3537      -4.0365      -2.5206
                 -2.8311      -2.6676      -3.2674      -2.4406      -4.1875
                 -4.7402      -3.0510      -4.1648      -4.2511      -2.6744
                 -4.4203      -2.7061      -3.2154      -2.3610      -3.3684
                 -3.4908      -2.6365      -4.2795      -2.4587      -3.0285
   1     60      -2.6070      -3.0398      -3.3539      -4.0367      -2.5208
                 -2.8313      -2.6679      -3.2676      -2.4407      -4.1877
                 -4.7404      -3.0513      -4.1649      -4.2513      -2.6746
                 -4.4205      -2.7063      -3.2157      -2.3612      -3.3686
                 -3.4911      -2.6367      -4.2797      -2.4589      -3.0287
   1     80      -2.6112      -3.0435      -3.3581      -4.0410      -2.5246
                 -2.8350      -2.6720      -3.2713      -2.4440      -4.1918
                 -4.7442      -3.0555      -4.1690      -4.2551      -2.6789
                 -4.4244      -2.7102      -3.2200      -2.3652      -3.3729
                 -3.4957      -2.6404      -4.2837      -2.4628      -3.0328
   1    100      -2.6302      -3.0620      -3.3770      -4.0610      -2.5428
                 -2.8527      -2.6907      -3.2892      -2.4611      -4.2108
                 -4.7631      -3.0749      -4.1884      -4.2728      -2.6991
                 -4.4433      -2.7282      -3.2395      -2.3845      -3.3923
                 -3.5165      -2.6581      -4.3024      -2.4817      -3.0518
   2      0      -2.6042      -3.0317      -3.3480      -4.0327      -2.5165
                 -2.8308      -2.6626      -3.2668      -2.4477      -4.1772
                 -4.7383      -3.0437      -4.1432      -4.2460      -2.6601
                 -4.4129      -2.7076      -3.2086      -2.3565      -3.3657
                 -3.4755      -2.6361      -4.2758      -2.4567      -3.0173
   3      0      -2.6051      -3.0339      -3.3478      -4.0305      -2.5154
                 -2.8319      -2.6591      -3.2631      -2.4460      -4.1726
                 -4.7364      -3.0472      -4.1462      -4.2482      -2.6578
                 -4.4092      -2.7109      -3.2010      -2.3573      -3.3622
                 -3.4788      -2.6364      -4.2751      -2.4562      -3.0146
   4      0      -2.6008      -3.0388      -3.3478      -4.0276      -2.5139
                 -2.8298      -2.6581      -3.2621      -2.4487      -4.1713
                 -4.7357      -3.0498      -4.1474      -4.2514      -2.6614
                 -4.4125      -2.7098      -3.2017      -2.3599      -3.3584
                 -3.4730      -2.6352      -4.2769      -2.4543      -3.0136
   5      0      -2.5986      -3.0374      -3.3446      -4.0286      -2.5119
                 -2.8271      -2.6544      -3.2609      -2.4452      -4.1684
                 -4.7335      -3.0433      -4.1404      -4.2489      -2.6560
                 -4.4109      -2.7085      -3.2048      -2.3557      -3.3604
                 -3.4695      -2.6331      -4.2739      -2.4544      -3.0100
   5     60      -2.5991      -3.0379      -3.3451      -4.0291      -2.5123
                 -2.8276      -2.6549      -3.2614      -2.4456      -4.1689
                 -4.7340      -3.0438      -4.1409      -4.2493      -2.6566
                 -4.4114      -2.7090      -3.2053      -2.3562      -3.3609
                 -3.4700      -2.6336      -4.2743      -2.4549      -3.0105
   5     80      -2.6051      -3.0434      -3.3511      -4.0353      -2.5180
                 -2.8331      -2.6608      -3.2669      -2.4508      -4.1747
                 -4.7396      -3.0498      -4.1467      -4.2548      -2.6627
                 -4.4171      -2.7146      -3.2114      -2.3620      -3.3669
                 -3.4765      -2.6391      -4.2801      -2.4606      -3.0164
   5    100      -2.6236      -3.0611      -3.3694      -4.0545      -2.5357
                 -2.8503      -2.6788      -3.2842      -2.4676      -4.1927
                 -4.7578      -3.0688      -4.1650      -4.2720      -2.6817
                 -4.4354      -2.7322      -3.2300      -2.3802      -3.3854
                 -3.4962      -2.6563      -4.2983      -2.4785      -3.0346
 
 group  inft   Estimated free energy: 3-th solvent contribution (kcal/mol)
   1      0     -14.3771     -13.6410     -13.1680     -13.5014     -14.3364
                -14.3873     -14.2101     -14.4059     -14.9337     -12.3062
                -13.0879     -13.6318     -13.8166     -12.4382     -14.1592
                -13.3456     -14.4336     -14.1297     -14.1453     -13.5594
                -13.9938     -14.6810     -13.0685     -14.3713     -14.3682
   1     60     -14.4168     -13.6806     -13.2076     -13.5410     -14.3758
                -14.4268     -14.2497     -14.4458     -14.9735     -12.3456
                -13.1277     -13.6716     -13.8563     -12.4779     -14.1989
                -13.3851     -14.4733     -14.1698     -14.1850     -13.5992
                -14.0337     -14.7208     -13.1081     -14.4112     -14.4079
   1     80     -14.7838     -14.0476     -13.5742     -13.9078     -14.7421
                -14.7934     -14.6170     -14.8139     -15.3419     -12.7094
                -13.4944     -14.0397     -14.2235     -12.8441     -14.5661
                -13.7512     -14.8409     -14.5396     -14.5526     -13.9668
                -14.4013     -15.0897     -13.4737     -14.7799     -14.7751
   1    100     -15.9979     -15.2617     -14.7846     -15.1195     -15.9545
                -16.0051     -15.8303     -16.0300     -16.5599     -13.9120
                -14.7047     -15.2555     -15.4362     -14.0525     -15.7795
                -14.9605     -16.0559     -15.7594     -15.7655     -15.1800
                -15.6148     -16.3077     -14.6820     -15.9987     -15.9888
   2      0     -14.3825     -13.6472     -13.1720     -13.5064     -14.3313
                -14.3920     -14.2063     -14.3971     -14.9342     -12.3073
                -13.0801     -13.6320     -13.8165     -12.4366     -14.1651
                -13.3445     -14.4226     -14.1299     -14.1486     -13.5643
                -13.9903     -14.6792     -13.0650     -14.3695     -14.3871
   3      0     -14.3911     -13.6567     -13.1829     -13.5144     -14.3479
                -14.4031     -14.2172     -14.4111     -14.9434     -12.3206
                -13.0964     -13.6452     -13.8253     -12.4446     -14.1772
                -13.3601     -14.4365     -14.1431     -14.1571     -13.5763
                -14.0042     -14.6954     -13.0835     -14.3840     -14.3913
   4      0     -14.3794     -13.6628     -13.1743     -13.5149     -14.3384
                -14.3933     -14.2077     -14.3984     -14.9369     -12.3158
                -13.0925     -13.6433     -13.8211     -12.4515     -14.1691
                -13.3503     -14.4260     -14.1419     -14.1537     -13.5780
                -13.9904     -14.6870     -13.0789     -14.3774     -14.3850
   5      0     -14.3758     -13.6490     -13.1681     -13.5146     -14.3350
                -14.3918     -14.2061     -14.3988     -14.9365     -12.3162
                -13.0847     -13.6345     -13.8200     -12.4418     -14.1681
                -13.3459     -14.4300     -14.1286     -14.1540     -13.5675
                -13.9866     -14.6859     -13.0752     -14.3732     -14.3769
   5     60     -14.4303     -13.7035     -13.2226     -13.5691     -14.3892
                -14.4462     -14.2605     -14.4535     -14.9911     -12.3702
                -13.1393     -13.6892     -13.8746     -12.4963     -14.2227
                -13.4003     -14.4845     -14.1836     -14.2087     -13.6222
                -14.0413     -14.7406     -13.1296     -14.4279     -14.4315
   5     80     -14.8853     -14.1582     -13.6768     -14.0237     -14.8431
                -14.9007     -14.7155     -14.9093     -15.4477     -12.8211
                -13.5933     -14.1450     -14.3293     -12.9496     -14.6779
                -13.8540     -14.9399     -14.6416     -14.6644     -14.0776
                -14.4967     -15.1978     -13.5825     -14.8846     -14.8871
   5    100     -15.9977     -15.2700     -14.7855     -15.1344     -15.9536
                -16.0112     -15.8264     -16.0225     -16.5637     -13.9230
                -14.7010     -15.2581     -15.4397     -14.0555     -15.7898
                -14.9619     -16.0523     -15.7586     -15.7760     -15.1894
                -15.6077     -16.3140     -14.6894     -16.0007     -16.0003
 
 
 cumulative average & 95% error for solvation free energy
              total             1st component         2nd component         3rd component
  1   -16.0080     0.0000     1.0034     0.0000    -2.6051     0.0000   -14.3911     0.0000
  2   -15.9860     0.0440     0.8726     0.2615    -2.8195     0.4288   -14.0239     0.7343
  3   -15.9057     0.1625     0.8487     0.1584    -2.9956     0.4305   -13.7435     0.7029
  4   -16.0939     0.3935     0.8619     0.1151    -3.2543     0.6004   -13.6863     0.5101
  5   -16.0624     0.3112     0.8779     0.0947    -3.1065     0.5510   -13.8186     0.4756
  6   -16.0629     0.2541     0.9291     0.1283    -3.0607     0.4591   -13.9160     0.4344
  7   -16.0749     0.2161     0.9028     0.1206    -3.0034     0.4046   -13.9590     0.3771
  8   -16.0586     0.1900     1.0081     0.2350    -3.0358     0.3564   -14.0155     0.3456
  9   -16.0555     0.1677     1.0487     0.2227    -2.9703     0.3405   -14.1186     0.3680
 10   -16.0805     0.1581     0.9641     0.2613    -3.0905     0.3881   -13.9388     0.4875
 11   -16.1007     0.1486     1.0170     0.2590    -3.2402     0.4613   -13.8623     0.4668
 12   -16.0967     0.1359     0.9868     0.2440    -3.2241     0.4223   -13.8442     0.4277
 13   -16.1025     0.1255     1.0505     0.2581    -3.2950     0.4136   -13.8427     0.3934
 14   -16.1073     0.1166     1.0139     0.2499    -3.3631     0.4064   -13.7429     0.4154
 15   -16.1116     0.1089     0.9915     0.2369    -3.3161     0.3898   -13.7718     0.3910
 16   -16.1123     0.1019     1.0334     0.2369    -3.3844     0.3894   -13.7461     0.3694
 17   -16.1183     0.0964     1.0284     0.2227    -3.3448     0.3743   -13.7867     0.3563
 18   -16.1224     0.0913     1.0361     0.2106    -3.3368     0.3532   -13.8065     0.3383
 19   -16.1286     0.0873     0.9968     0.2142    -3.2852     0.3497   -13.8249     0.3221
 20   -16.1208     0.0842     0.9960     0.2032    -3.2891     0.3318   -13.8125     0.3066
 21   -16.1090     0.0836     1.0260     0.2024    -3.2981     0.3161   -13.8216     0.2922
 22   -16.1089     0.0797     1.0358     0.1940    -3.2680     0.3074   -13.8614     0.2897
 23   -16.1095     0.0761     1.0451     0.1863    -3.3118     0.3065   -13.8275     0.2850
 24   -16.1085     0.0729     1.0336     0.1798    -3.2762     0.3020   -13.8507     0.2767
 25   -16.1039     0.0706     1.0494     0.1754    -3.2657     0.2904   -13.8723     0.2689
