 ERmod 0.3.7, Copyright (C) 2000-2019 Nobuyuki Matubayasi
                            2010-2019 Shun Sakuraba
 ERmod comes with ABSOLUTELY NO WARRANTY.
 This is free software, and you can redistribute it
 and/or modify it under certain conditions.
 See LICENSE file for details.
Opening: "/home/hervoe/snic2020-6-15/hervoe/Caffeine_solubility/Simulations/opls_simulations/CsI/0.50/trajectory_ref_full.xtc"...
  Trying plugin "Gromacs XTC Compressed Trajectory"...OK
Opening: "/home/hervoe/snic2020-6-15/hervoe/Caffeine_solubility/Simulations/opls_simulations/Solute/trajectory_solute.xtc"...
  Trying plugin "Gromacs XTC Compressed Trajectory"...OK
Opening: "/home/hervoe/snic2020-6-15/hervoe/Caffeine_solubility/Simulations/opls_simulations/Solute/trajectory_solute.xtc"...
  Trying plugin "Gromacs XTC Compressed Trajectory"...OK
Opening: "/home/hervoe/snic2020-6-15/hervoe/Caffeine_solubility/Simulations/opls_simulations/Solute/trajectory_solute.xtc"...
  Trying plugin "Gromacs XTC Compressed Trajectory"...OK
Opening: "/home/hervoe/snic2020-6-15/hervoe/Caffeine_solubility/Simulations/opls_simulations/Solute/trajectory_solute.xtc"...
  Trying plugin "Gromacs XTC Compressed Trajectory"...OK
Opening: "/home/hervoe/snic2020-6-15/hervoe/Caffeine_solubility/Simulations/opls_simulations/Solute/trajectory_solute.xtc"...
  Trying plugin "Gromacs XTC Compressed Trajectory"...OK
Opening: "/home/hervoe/snic2020-6-15/hervoe/Caffeine_solubility/Simulations/opls_simulations/Solute/trajectory_solute.xtc"...
  Trying plugin "Gromacs XTC Compressed Trajectory"...OK
Opening: "/home/hervoe/snic2020-6-15/hervoe/Caffeine_solubility/Simulations/opls_simulations/Solute/trajectory_solute.xtc"...
  Trying plugin "Gromacs XTC Compressed Trajectory"...OK
Opening: "/home/hervoe/snic2020-6-15/hervoe/Caffeine_solubility/Simulations/opls_simulations/Solute/trajectory_solute.xtc"...
  Trying plugin "Gromacs XTC Compressed Trajectory"...OK
Opening: "/home/hervoe/snic2020-6-15/hervoe/Caffeine_solubility/Simulations/opls_simulations/Solute/trajectory_solute.xtc"...
  Trying plugin "Gromacs XTC Compressed Trajectory"...OK
Opening: "/home/hervoe/snic2020-6-15/hervoe/Caffeine_solubility/Simulations/opls_simulations/Solute/trajectory_solute.xtc"...
  Trying plugin "Gromacs XTC Compressed Trajectory"...OK
 
  Number of the   1-th solvent  =            9
  Number of the   2-th solvent  =            9
  Number of the   3-th solvent  =         1000
 
  Be sure that the solvent distribution is homogeneous (radial distribution function is essentially unity) when the solvent molecule is separated beyond distance of   10.0 Angstrom in any direction from any atom within the solute molecule
 
  LJ long-range correction    =        -0.0301     -0.0020     -1.0040
 
  Self-energy of the solute   =        -0.0383  kcal/mol
 
 
 cumulative average & 95% error for solvation energy
              total             1st component         2nd component         3rd component
  1   -49.4094                0.1434               -1.5454              -47.9691
  2   -49.5140     0.2093    -0.7025     1.6919    -1.3826     0.3257   -47.3906     1.1569
  3   -49.4457     0.1823    -0.7869     0.9913    -1.1132     0.5706   -47.5074     0.7076
  4   -49.4444     0.1289    -0.6530     0.7503    -1.0943     0.4052   -47.6587     0.5848
  5   -49.4505     0.1006    -0.7257     0.5991    -1.3993     0.6859   -47.2872     0.8701
  6   -49.4942     0.1199    -0.9509     0.6649    -1.1317     0.7746   -47.3733     0.7310
  7   -49.4838     0.1035    -0.9740     0.5638    -1.2504     0.6964   -47.2210     0.6888
  8   -49.4600     0.1014    -0.8186     0.5788    -1.4747     0.7515   -47.1285     0.6246
  9   -49.4486     0.0923    -0.5876     0.6885    -1.5265     0.6709   -47.2962     0.6449
 10   -49.4456     0.0828    -0.7363     0.6840    -1.4891     0.6047   -47.1818     0.6206
 11   -49.4535     0.0766    -0.7538     0.6197    -1.3722     0.5948   -47.2892     0.6010
 12   -49.4497     0.0703    -0.7473     0.5658    -1.3605     0.5435   -47.3036     0.5494
 13   -49.4527     0.0649    -0.8213     0.5411    -1.3332     0.5029   -47.2599     0.5129
 14   -49.4547     0.0603    -0.8279     0.5011    -1.3036     0.4694   -47.2849     0.4775
 15   -49.4372     0.0662    -0.7213     0.5130    -1.3350     0.4415   -47.3426     0.4592
 16   -49.4435     0.0632    -0.6414     0.5057    -1.4001     0.4330   -47.3637     0.4316
 17   -49.4556     0.0641    -0.6894     0.4847    -1.3634     0.4133   -47.3646     0.4055
 18   -49.4540     0.0605    -0.6395     0.4677    -1.4392     0.4182   -47.3370     0.3862
 19   -49.4505     0.0577    -0.6622     0.4447    -1.4029     0.4022   -47.3471     0.3659
 20   -49.4598     0.0579    -0.6700     0.4222    -1.3832     0.3835   -47.3683     0.3497
 21   -49.4595     0.0550    -0.6110     0.4186    -1.4188     0.3717   -47.3915     0.3358
 22   -49.4641     0.0533    -0.6247     0.4000    -1.3822     0.3619   -47.4189     0.3249
 23   -49.4699     0.0522    -0.6023     0.3849    -1.3676     0.3470   -47.4617     0.3220
 24   -49.4833     0.0567    -0.6924     0.4102    -1.3335     0.3392   -47.4191     0.3199
 25   -49.4743     0.0573    -0.7503     0.4101    -1.3043     0.3305   -47.3814     0.3159
 
 
 group  inft  solvation free energy     error          difference
  total solvation free energy
   1      0        -11.57332           0.06378          -0.01119
   1     60        -11.60543           0.06379          -0.04330
   1     80        -12.31030           0.76351          -0.74816
   1    100        -13.14796           0.06444          -1.58583
   2      0        -11.55899           0.06261           0.00314
   3      0        -11.56213           0.06223           0.00000
   4      0        -11.54950           0.06186           0.01263
   5      0        -11.54975           0.06335           0.01238
   5     60        -11.59450           0.06336          -0.03237
   5     80        -12.01165           0.06355          -0.44952
   5    100        -13.12656           0.06397          -1.56443
 
  contribution from  1-th solvent component
   1      0          0.00709           0.19483          -0.01223
   1     60          0.00657           0.19483          -0.01275
   1     80         -0.00832           0.19312          -0.02765
   1    100         -0.01370           0.19500          -0.03302
   2      0          0.01715           0.19424          -0.00217
   3      0          0.01932           0.19420          -0.00000
   4      0          0.02052           0.19390           0.00119
   5      0          0.02149           0.19415           0.00217
   5     60          0.02082           0.19415           0.00150
   5     80          0.01516           0.19420          -0.00417
   5    100          0.00042           0.19429          -0.01890
 
  contribution from  2-th solvent component
   1      0         -0.68532           0.16528          -0.00310
   1     60         -0.68556           0.16529          -0.00333
   1     80         -0.70188           0.17923          -0.01965
   1    100         -0.69774           0.16548          -0.01551
   2      0         -0.68313           0.16401          -0.00090
   3      0         -0.68222           0.16352          -0.00000
   4      0         -0.68138           0.16303           0.00085
   5      0         -0.68029           0.16317           0.00194
   5     60         -0.68063           0.16318           0.00159
   5     80         -0.68359           0.16323          -0.00136
   5    100         -0.69237           0.16331          -0.01014
 
  contribution from  3-th solvent component
   1      0        -10.85678           0.15021           0.00414
   1     60        -10.88814           0.15021          -0.02721
   1     80        -11.56179           0.68225          -0.70087
   1    100        -12.39822           0.15043          -1.53730
   2      0        -10.85471           0.14990           0.00622
   3      0        -10.86092           0.14964           0.00000
   4      0        -10.85034           0.14787           0.01059
   5      0        -10.85265           0.14840           0.00827
   5     60        -10.89638           0.14840          -0.03546
   5     80        -11.30491           0.14846          -0.44399
   5    100        -12.39631           0.14862          -1.53539
 
 
 group  inft   Estimated free energy: total (kcal/mol)
   1      0     -11.2964     -11.5997     -11.2333     -11.7482     -11.5936
                -11.4962     -11.3941     -11.7657     -11.7772     -11.8903
                -11.5657     -11.5088     -11.6063     -11.8135     -11.7107
                -11.3473     -11.5781     -11.4681     -11.4827     -11.6257
                -11.6569     -11.5517     -11.5553     -11.4946     -11.5730
   1     60     -11.3284     -11.6318     -11.2653     -11.7803     -11.6256
                -11.5284     -11.4262     -11.7978     -11.8093     -11.9224
                -11.5979     -11.5409     -11.6385     -11.8456     -11.7428
                -11.3794     -11.6102     -11.5001     -11.5148     -11.6578
                -11.6892     -11.5838     -11.5874     -11.5267     -11.6051
   1     80     -11.6588     -11.9649     -11.5959     -12.1131     -11.9573
                -11.8611     -11.7583     -21.4422     -12.1416     -12.2549
                -11.9310     -11.8734     -11.9718     -12.1785     -12.0741
                -11.7120     -11.9437     -11.8318     -11.8471     -11.9905
                -12.0229     -11.9166     -11.9201     -11.8581     -11.9376
   1    100     -12.8626     -13.1779     -12.8011     -13.3252     -13.1659
                -13.0726     -12.9672     -13.3415     -13.3514     -13.4644
                -13.1427     -13.0828     -13.1844     -13.3903     -13.2808
                -12.9232     -13.1586     -13.0391     -13.0562     -13.2009
                -13.2371     -13.1274     -13.1325     -13.0650     -13.1484
   2      0     -11.2887     -11.5819     -11.2225     -11.7094     -11.5801
                -11.4833     -11.3769     -11.7413     -11.7651     -11.8837
                -11.5473     -11.4973     -11.5858     -11.7948     -11.6942
                -11.3346     -11.5693     -11.4578     -11.4751     -11.6032
                -11.6285     -11.5623     -11.5487     -11.4901     -11.5527
   3      0     -11.3031     -11.5905     -11.2307     -11.7026     -11.5827
                -11.4806     -11.3702     -11.7447     -11.7755     -11.8840
                -11.5466     -11.5090     -11.5943     -11.7918     -11.6978
                -11.3276     -11.5674     -11.4533     -11.4872     -11.6084
                -11.6290     -11.5632     -11.5500     -11.5146     -11.5485
   4      0     -11.2829     -11.5910     -11.2080     -11.6802     -11.5806
                -11.4732     -11.3742     -11.7235     -11.7564     -11.8724
                -11.5217     -11.4968     -11.5793     -11.7810     -11.6742
                -11.3141     -11.5599     -11.4462     -11.4800     -11.5870
                -11.6175     -11.5574     -11.5318     -11.5107     -11.5377
   5      0     -11.2851     -11.5769     -11.2076     -11.6851     -11.5796
                -11.4716     -11.3649     -11.7296     -11.7625     -11.8896
                -11.5261     -11.4958     -11.5921     -11.7875     -11.6797
                -11.3112     -11.5557     -11.4314     -11.4867     -11.5890
                -11.6116     -11.5480     -11.5288     -11.5044     -11.5435
   5     60     -11.3297     -11.6217     -11.2522     -11.7299     -11.6243
                -11.5163     -11.4096     -11.7743     -11.8072     -11.9344
                -11.5710     -11.5405     -11.6370     -11.8322     -11.7243
                -11.3559     -11.6006     -11.4760     -11.5315     -11.6338
                -11.6564     -11.5929     -11.5735     -11.5491     -11.5882
   5     80     -11.7441     -12.0392     -11.6675     -12.1477     -12.0408
                -11.9335     -11.8264     -12.1910     -12.2245     -12.3519
                -11.9889     -11.9576     -12.0554     -12.2500     -12.1403
                -11.7732     -12.0191     -11.8920     -11.9487     -12.0516
                -12.0749     -12.0110     -11.9908     -11.9655     -12.0056
   5    100     -12.8539     -13.1554     -12.7787     -13.2642     -13.1551
                -13.0488     -12.9398     -13.3063     -13.3401     -13.4666
                -13.1051     -13.0719     -13.1725     -13.3663     -13.2522
                -12.8889     -13.1381     -13.0034     -13.0628     -13.1670
                -13.1924     -13.1278     -13.1071     -13.0791     -13.1209
 
 group  inft   Estimated free energy: 1-th solvent contribution (kcal/mol)
   1      0       0.7211      -0.2785       0.0575       0.0318      -0.1692
                 -0.6011      -0.1014       0.3295       0.7829      -0.8504
                 -0.0027       0.1262      -0.4708      -0.1568       0.5125
                  0.7867      -0.3393       0.5127      -0.1614      -0.1265
                  0.5722       0.0662       0.4369      -0.8827      -0.6183
   1     60       0.7207      -0.2790       0.0570       0.0313      -0.1697
                 -0.6017      -0.1019       0.3290       0.7824      -0.8509
                 -0.0032       0.1257      -0.4713      -0.1573       0.5120
                  0.7862      -0.3398       0.5122      -0.1619      -0.1270
                  0.5717       0.0656       0.4364      -0.8833      -0.6188
   1     80       0.7171      -0.2836       0.0524       0.0266      -0.1743
                 -0.6064      -0.1065       0.0659       0.7777      -0.8557
                 -0.0078       0.1211      -0.4761      -0.1619       0.5074
                  0.7820      -0.3444       0.5076      -0.1665      -0.1317
                  0.5672       0.0611       0.4318      -0.8879      -0.6235
   1    100       0.7040      -0.2992       0.0369       0.0106      -0.1903
                 -0.6224      -0.1221       0.3081       0.7618      -0.8718
                 -0.0236       0.1053      -0.4924      -0.1778       0.4915
                  0.7673      -0.3602       0.4918      -0.1825      -0.1478
                  0.5518       0.0456       0.4161      -0.9038      -0.6393
   2      0       0.7154      -0.2659       0.0712       0.0473      -0.1613
                 -0.5852      -0.0910       0.3404       0.7981      -0.8413
                  0.0195       0.1421      -0.4601      -0.1473       0.5216
                  0.7852      -0.3369       0.5254      -0.1549      -0.1136
                  0.5794       0.0715       0.4482      -0.8712      -0.6079
   3      0       0.7167      -0.2650       0.0733       0.0517      -0.1585
                 -0.5850      -0.0858       0.3421       0.7949      -0.8384
                  0.0194       0.1496      -0.4578      -0.1445       0.5213
                  0.7909      -0.3343       0.5260      -0.1520      -0.1121
                  0.5803       0.0765       0.4509      -0.8728      -0.6045
   4      0       0.7097      -0.2658       0.0763       0.0507      -0.1564
                 -0.5822      -0.0883       0.3447       0.7977      -0.8367
                  0.0271       0.1524      -0.4563      -0.1412       0.5261
                  0.7867      -0.3345       0.5266      -0.1547      -0.1101
                  0.5800       0.0776       0.4549      -0.8698      -0.6016
   5      0       0.7116      -0.2635       0.0766       0.0557      -0.1557
                 -0.5845      -0.0863       0.3449       0.7992      -0.8391
                  0.0301       0.1558      -0.4572      -0.1426       0.5265
                  0.7887      -0.3340       0.5288      -0.1537      -0.1099
                  0.5807       0.0806       0.4541      -0.8680      -0.6014
   5     60       0.7109      -0.2642       0.0759       0.0550      -0.1564
                 -0.5852      -0.0870       0.3442       0.7985      -0.8398
                  0.0294       0.1551      -0.4579      -0.1433       0.5258
                  0.7881      -0.3347       0.5282      -0.1544      -0.1106
                  0.5801       0.0800       0.4534      -0.8687      -0.6021
   5     80       0.7063      -0.2699       0.0703       0.0491      -0.1622
                 -0.5909      -0.0927       0.3385       0.7928      -0.8457
                  0.0238       0.1494      -0.4637      -0.1490       0.5202
                  0.7826      -0.3405       0.5225      -0.1602      -0.1163
                  0.5745       0.0743       0.4478      -0.8744      -0.6078
   5    100       0.6930      -0.2848       0.0558       0.0341      -0.1770
                 -0.6058      -0.1074       0.3237       0.7780      -0.8608
                  0.0094       0.1347      -0.4789      -0.1638       0.5057
                  0.7682      -0.3556       0.5080      -0.1752      -0.1312
                  0.5599       0.0595       0.4332      -0.8894      -0.6226
 
 group  inft   Estimated free energy: 2-th solvent contribution (kcal/mol)
   1      0      -0.8231      -0.7153      -0.1944      -0.5237      -1.2614
                  0.1990      -0.9320      -1.5680      -1.0630      -0.7285
                 -0.2159      -0.7142      -0.5712      -0.6604      -0.9272
                 -1.0925      -0.3362      -1.3316      -0.3962      -0.4381
                 -1.1300      -0.4710      -0.5887      -0.1577      -0.4917
   1     60      -0.8233      -0.7156      -0.1946      -0.5239      -1.2616
                  0.1988      -0.9323      -1.5683      -1.0632      -0.7288
                 -0.2161      -0.7145      -0.5715      -0.6607      -0.9274
                 -1.0928      -0.3364      -1.3319      -0.3964      -0.4383
                 -1.1303      -0.4713      -0.5889      -0.1579      -0.4919
   1     80      -0.8262      -0.7182      -0.1968      -0.5267      -1.2643
                  0.1968      -0.9350      -1.9136      -1.0659      -0.7313
                 -0.2187      -0.7172      -0.5741      -0.6634      -0.9301
                 -1.0956      -0.3389      -1.3346      -0.3989      -0.4408
                 -1.1330      -0.4739      -0.5915      -0.1604      -0.4946
   1    100      -0.8360      -0.7278      -0.2054      -0.5371      -1.2742
                  0.1891      -0.9449      -1.5808      -1.0753      -0.7406
                 -0.2281      -0.7267      -0.5835      -0.6735      -0.9397
                 -1.1057      -0.3484      -1.3446      -0.4081      -0.4503
                 -1.1431      -0.4833      -0.6011      -0.1696      -0.5046
   2      0      -0.8217      -0.7164      -0.1985      -0.5046      -1.2537
                  0.1943      -0.9248      -1.5604      -1.0665      -0.7285
                 -0.2195      -0.7231      -0.5651      -0.6528      -0.9243
                 -1.0802      -0.3299      -1.3295      -0.4005      -0.4312
                 -1.1139      -0.4830      -0.5947      -0.1639      -0.4860
   3      0      -0.8222      -0.7157      -0.2008      -0.4997      -1.2486
                  0.1912      -0.9241      -1.5590      -1.0645      -0.7295
                 -0.2172      -0.7250      -0.5678      -0.6475      -0.9217
                 -1.0769      -0.3267      -1.3249      -0.4041      -0.4306
                 -1.1144      -0.4815      -0.5955      -0.1673      -0.4817
   4      0      -0.8201      -0.7186      -0.1988      -0.4928      -1.2496
                  0.1911      -0.9197      -1.5542      -1.0634      -0.7300
                 -0.2161      -0.7254      -0.5649      -0.6506      -0.9220
                 -1.0764      -0.3287      -1.3205      -0.4050      -0.4258
                 -1.1080      -0.4868      -0.5952      -0.1744      -0.4787
   5      0      -0.8185      -0.7169      -0.1970      -0.4911      -1.2463
                  0.1919      -0.9187      -1.5583      -1.0622      -0.7347
                 -0.2169      -0.7269      -0.5693      -0.6458      -0.9171
                 -1.0707      -0.3248      -1.3214      -0.4074      -0.4262
                 -1.1057      -0.4830      -0.5948      -0.1679      -0.4775
   5     60      -0.8189      -0.7172      -0.1974      -0.4915      -1.2467
                  0.1916      -0.9190      -1.5587      -1.0625      -0.7351
                 -0.2172      -0.7273      -0.5696      -0.6462      -0.9175
                 -1.0710      -0.3252      -1.3218      -0.4077      -0.4265
                 -1.1061      -0.4833      -0.5951      -0.1682      -0.4779
   5     80      -0.8217      -0.7201      -0.1999      -0.4947      -1.2498
                  0.1896      -0.9221      -1.5617      -1.0655      -0.7379
                 -0.2202      -0.7302      -0.5726      -0.6493      -0.9206
                 -1.0741      -0.3282      -1.3248      -0.4106      -0.4296
                 -1.1092      -0.4863      -0.5980      -0.1711      -0.4810
   5    100      -0.8304      -0.7288      -0.2081      -0.5038      -1.2588
                  0.1823      -0.9312      -1.5706      -1.0742      -0.7464
                 -0.2290      -0.7388      -0.5813      -0.6583      -0.9296
                 -1.0832      -0.3372      -1.3337      -0.4193      -0.4385
                 -1.1183      -0.4950      -0.6067      -0.1799      -0.4902
 
 group  inft   Estimated free energy: 3-th solvent contribution (kcal/mol)
   1      0     -11.1562     -10.5675     -11.0580     -11.2180     -10.1247
                -11.0558     -10.3223     -10.4890     -11.4588     -10.2731
                -11.3088     -10.8826     -10.5259     -10.9581     -11.2577
                -11.0032     -10.8643     -10.6108     -10.8868     -11.0228
                -11.0608     -11.1085     -11.3653     -10.4159     -10.4247
   1     60     -11.1874     -10.5989     -11.0893     -11.2494     -10.1560
                -11.0872     -10.3537     -10.5203     -11.4901     -10.3044
                -11.3403     -10.9139     -10.5574     -10.9894     -11.2890
                -11.0346     -10.8957     -10.6421     -10.9182     -11.0542
                -11.0923     -11.1399     -11.3966     -10.4471     -10.4560
   1     80     -11.5114     -10.9248     -11.4132     -11.5747     -10.4803
                -11.4132     -10.6786     -19.5563     -11.8151     -10.6297
                -11.6662     -11.2390     -10.8834     -11.3149     -11.6131
                -11.3601     -11.2220     -10.9665     -11.2434     -11.3797
                -11.4188     -11.4656     -11.7222     -10.7715     -10.7813
   1    100     -12.6923     -12.1125     -12.5943     -12.7603     -11.6630
                -12.6009     -11.8619     -12.0304     -12.9996     -11.8138
                -12.8527     -12.4230     -12.0702     -12.5008     -12.7943
                -12.5466     -12.4116     -12.1480     -12.4272     -12.5646
                -12.6075     -12.6514     -12.9092     -11.9533     -11.9662
   2      0     -11.1441     -10.5613     -11.0569     -11.2138     -10.1267
                -11.0541     -10.3228     -10.4830     -11.4584     -10.2757
                -11.3090     -10.8780     -10.5223     -10.9565     -11.2532
                -11.0013     -10.8642     -10.6153     -10.8815     -11.0200
                -11.0558     -11.1126     -11.3639     -10.4167     -10.4205
   3      0     -11.1593     -10.5715     -11.0649     -11.2162     -10.1373
                -11.0485     -10.3220     -10.4894     -11.4676     -10.2778
                -11.3105     -10.8952     -10.5304     -10.9615     -11.2592
                -11.0033     -10.8681     -10.6162     -10.8928     -11.0275
                -11.0566     -11.1200     -11.3672     -10.4362     -10.4240
   4      0     -11.1342     -10.5683     -11.0472     -11.1998     -10.1363
                -11.0438     -10.3279     -10.4756     -11.4524     -10.2674
                -11.2944     -10.8855     -10.5198     -10.9508     -11.2400
                -10.9861     -10.8583     -10.6140     -10.8821     -11.0128
                -11.0512     -11.1098     -11.3532     -10.4282     -10.4192
   5      0     -11.1399     -10.5583     -11.0488     -11.2113     -10.1393
                -11.0407     -10.3216     -10.4779     -11.4612     -10.2775
                -11.3011     -10.8864     -10.5273     -10.9607     -11.2507
                -10.9909     -10.8585     -10.6005     -10.8873     -11.0147
                -11.0482     -11.1074     -11.3498     -10.4302     -10.4262
   5     60     -11.1835     -10.6020     -11.0925     -11.2551     -10.1829
                -11.0845     -10.3653     -10.5215     -11.5049     -10.3212
                -11.3449     -10.9301     -10.5712     -11.0044     -11.2943
                -11.0346     -10.9024     -10.6441     -10.9311     -11.0584
                -11.0921     -11.1512     -11.3935     -10.4739     -10.4700
   5     80     -11.5904     -11.0110     -11.4996     -11.6639     -10.5906
                -11.4938     -10.7733     -10.9294     -11.9135     -10.7300
                -11.7543     -11.3385     -10.9808     -11.4134     -11.7016
                -11.4434     -11.3120     -11.0514     -11.3396     -11.4674
                -11.5019     -11.5606     -11.8023     -10.8817     -10.8785
   5    100     -12.6781     -12.1036     -12.5881     -12.7562     -11.6809
                -12.5869     -11.8629     -12.0210     -13.0055     -11.8210
                -12.8471     -12.4294     -12.0740     -12.5059     -12.7900
                -12.5356     -12.4071     -12.1394     -12.4300     -12.5590
                -12.5957     -12.6540     -12.8953     -11.9714     -11.9698
 
 
 cumulative average & 95% error for solvation free energy
              total             1st component         2nd component         3rd component
  1   -11.3031     0.0000     0.7167     0.0000    -0.8222     0.0000   -11.1593     0.0000
  2   -11.4468     0.2874     0.2259     0.9817    -0.7690     0.1065   -10.8654     0.5878
  3   -11.3747     0.2198     0.1750     0.5758    -0.5796     0.3838   -10.9319     0.3645
  4   -11.4567     0.2259     0.1442     0.4118    -0.5596     0.2743   -11.0030     0.2944
  5   -11.4819     0.1821     0.0837     0.3412    -0.6974     0.3480   -10.8298     0.4146
  6   -11.4817     0.1487    -0.0278     0.3568    -0.5493     0.4104   -10.8663     0.3463
  7   -11.4658     0.1296    -0.0361     0.3020    -0.6029     0.3630   -10.7885     0.3314
  8   -11.5006     0.1321     0.0112     0.2781    -0.7224     0.3950   -10.7511     0.2966
  9   -11.5312     0.1316     0.0983     0.3008    -0.7604     0.3565   -10.8307     0.3062
 10   -11.5664     0.1372     0.0046     0.3278    -0.7573     0.3189   -10.7754     0.2954
 11   -11.5646     0.1242     0.0060     0.2966    -0.7082     0.3047   -10.8241     0.2843
 12   -11.5600     0.1137     0.0179     0.2718    -0.7096     0.2782   -10.8300     0.2598
 13   -11.5626     0.1048    -0.0187     0.2605    -0.6987     0.2568   -10.8070     0.2434
 14   -11.5790     0.1024    -0.0277     0.2418    -0.6950     0.2379   -10.8180     0.2264
 15   -11.5869     0.0966     0.0089     0.2367    -0.7101     0.2235   -10.8474     0.2188
 16   -11.5707     0.0960     0.0578     0.2421    -0.7331     0.2141   -10.8572     0.2056
 17   -11.5705     0.0902     0.0347     0.2320    -0.7092     0.2067   -10.8578     0.1932
 18   -11.5640     0.0860     0.0620     0.2254    -0.7434     0.2065   -10.8444     0.1841
 19   -11.5600     0.0818     0.0508     0.2144    -0.7255     0.1986   -10.8469     0.1742
 20   -11.5624     0.0777     0.0426     0.2041    -0.7108     0.1907   -10.8560     0.1662
 21   -11.5656     0.0742     0.0682     0.2008    -0.7300     0.1854   -10.8655     0.1593
 22   -11.5655     0.0707     0.0686     0.1914    -0.7187     0.1782   -10.8771     0.1536
 23   -11.5648     0.0676     0.0852     0.1859    -0.7133     0.1706   -10.8984     0.1529
 24   -11.5627     0.0649     0.0453     0.1951    -0.6906     0.1696   -10.8791     0.1513
 25   -11.5621     0.0622     0.0193     0.1942    -0.6822     0.1635   -10.8609     0.1496
