Lmod has detected the following error: These module(s) exist but cannot be
loaded as requested: "hwloc/1.11.11"
   Try: "module spider hwloc/1.11.11" to see how to load the module(s).



Lmod has detected the following error: These module(s) exist but cannot be
loaded as requested: "hwloc/1.11.11"
   Try: "module spider hwloc/1.11.11" to see how to load the module(s).



 ERmod 0.3.7, Copyright (C) 2000-2019 Nobuyuki Matubayasi
                            2010-2019 Shun Sakuraba
 ERmod comes with ABSOLUTELY NO WARRANTY.
 This is free software, and you can redistribute it
 and/or modify it under certain conditions.
 See LICENSE file for details.
Opening: "/home/hervoe/snic2020-6-15/hervoe/temp/Simulations/KCl/0.50/trajectory_sol_full.xtc"...
  Trying plugin "Gromacs XTC Compressed Trajectory"...OK
 ERmod 0.3.7, Copyright (C) 2000-2019 Nobuyuki Matubayasi
                            2010-2019 Shun Sakuraba
 ERmod comes with ABSOLUTELY NO WARRANTY.
 This is free software, and you can redistribute it
 and/or modify it under certain conditions.
 See LICENSE file for details.
Opening: "/home/hervoe/snic2020-6-15/hervoe/temp/Simulations/KCl/0.50/trajectory_ref_full.xtc"...
  Trying plugin "Gromacs XTC Compressed Trajectory"...OK
Opening: "/home/hervoe/snic2020-6-15/hervoe/temp/Simulations/Solute_new/trajectory_solute.xtc"...
  Trying plugin "Gromacs XTC Compressed Trajectory"...OK
Opening: "/home/hervoe/snic2020-6-15/hervoe/temp/Simulations/Solute_new/trajectory_solute.xtc"...
  Trying plugin "Gromacs XTC Compressed Trajectory"...OK
Opening: "/home/hervoe/snic2020-6-15/hervoe/temp/Simulations/Solute_new/trajectory_solute.xtc"...
  Trying plugin "Gromacs XTC Compressed Trajectory"...OK
Opening: "/home/hervoe/snic2020-6-15/hervoe/temp/Simulations/Solute_new/trajectory_solute.xtc"...
  Trying plugin "Gromacs XTC Compressed Trajectory"...OK
Opening: "/home/hervoe/snic2020-6-15/hervoe/temp/Simulations/Solute_new/trajectory_solute.xtc"...
  Trying plugin "Gromacs XTC Compressed Trajectory"...OK
Opening: "/home/hervoe/snic2020-6-15/hervoe/temp/Simulations/Solute_new/trajectory_solute.xtc"...
  Trying plugin "Gromacs XTC Compressed Trajectory"...OK
Opening: "/home/hervoe/snic2020-6-15/hervoe/temp/Simulations/Solute_new/trajectory_solute.xtc"...
  Trying plugin "Gromacs XTC Compressed Trajectory"...OK
Opening: "/home/hervoe/snic2020-6-15/hervoe/temp/Simulations/Solute_new/trajectory_solute.xtc"...
  Trying plugin "Gromacs XTC Compressed Trajectory"...OK
Opening: "/home/hervoe/snic2020-6-15/hervoe/temp/Simulations/Solute_new/trajectory_solute.xtc"...
  Trying plugin "Gromacs XTC Compressed Trajectory"...OK
Opening: "/home/hervoe/snic2020-6-15/hervoe/temp/Simulations/Solute_new/trajectory_solute.xtc"...
  Trying plugin "Gromacs XTC Compressed Trajectory"...OK
 
  Number of the   1-th solvent  =            9
  Number of the   2-th solvent  =            9
  Number of the   3-th solvent  =         1000
 
  Be sure that the solvent distribution is homogeneous (radial distribution function is essentially unity) when the solvent molecule is separated beyond distance of   10.0 Angstrom in any direction from any atom within the solute molecule
 
  LJ long-range correction    =        -0.0172     -0.0075     -0.8878
 
  Self-energy of the solute   =        -0.0163  kcal/mol
 
 
 cumulative average & 95% error for solvation energy
              total             1st component         2nd component         3rd component
  1   -59.4335               -0.4500               -0.9100              -58.0573
  2   -59.4190     0.0291    -0.3649     0.1703    -1.0531     0.2863   -57.9848     0.1450
  3   -59.3936     0.0534    -0.2269     0.2929    -1.7273     1.3586   -57.4231     1.1264
  4   -59.4441     0.1077     0.0855     0.6582    -2.3620     1.5919   -57.1512     0.9644
  5   -59.4450     0.0834    -0.1150     0.6487    -2.1383     1.3118   -57.1754     0.7486
  6   -59.4377     0.0697    -0.0712     0.5368    -2.1442     1.0711   -57.2061     0.6143
  7   -59.4636     0.0784    -0.0945     0.4561    -2.1091     0.9080   -57.2438     0.5246
  8   -59.4455     0.0769    -0.0985     0.3951    -2.0115     0.8102   -57.3193     0.4787
  9   -59.4287     0.0757     0.0339     0.4377    -2.1675     0.7797   -57.2789     0.4299
 10   -59.4433     0.0737     0.0577     0.3944    -2.1462     0.6987   -57.3385     0.4025
 11   -59.4423     0.0667     0.0896     0.3624    -2.1511     0.6320   -57.3645     0.3678
 12   -59.4567     0.0674     0.1308     0.3409    -2.1140     0.5817   -57.4572     0.3836
 13   -59.4571     0.0620     0.1482     0.3155    -2.0693     0.5425   -57.5198     0.3744
 14   -59.4491     0.0596     0.1020     0.3064    -2.1203     0.5125   -57.4146     0.4055
 15   -59.4634     0.0624     0.0409     0.3103    -2.0801     0.4838   -57.4079     0.3777
 16   -59.4597     0.0588    -0.0331     0.3258    -1.9822     0.4931   -57.4281     0.3556
 17   -59.4728     0.0612    -0.1077     0.3405    -1.9579     0.4657   -57.3910     0.3422
 18   -59.4693     0.0581    -0.0682     0.3306    -1.8706     0.4725   -57.5143     0.4060
 19   -59.4603     0.0579    -0.0327     0.3207    -1.9124     0.4547   -57.4989     0.3853
 20   -59.4539     0.0564    -0.0662     0.3115    -1.8782     0.4368   -57.4933     0.3657
 21   -59.4551     0.0537    -0.0674     0.2963    -1.8611     0.4169   -57.5104     0.3495
 22   -59.4530     0.0513    -0.0516     0.2843    -1.9029     0.4061   -57.4823     0.3380
 23   -59.4525     0.0491    -0.0479     0.2717    -1.8520     0.4012   -57.5364     0.3406
 24   -59.4514     0.0470    -0.0496     0.2602    -1.8511     0.3841   -57.5344     0.3262
 25   -59.4491     0.0453    -0.1244     0.2909    -1.8260     0.3718   -57.4826     0.3296
 
 
 group  inft  solvation free energy     error          difference
  total solvation free energy
   1      0        -15.97036           0.05160           0.01043
   1     60        -15.99988           0.05158          -0.01909
   1     80        -16.31309           0.05158          -0.33231
   1    100        -17.47501           0.05184          -1.49423
   2      0        -15.97459           0.05074           0.00619
   3      0        -15.98078           0.04992           0.00000
   4      0        -15.96943           0.05045           0.01135
   5      0        -15.96741           0.04983           0.01337
   5     60        -16.00838           0.04981          -0.02760
   5     80        -16.40329           0.04981          -0.42251
   5    100        -17.47499           0.05000          -1.49421
 
  contribution from  1-th solvent component
   1      0          0.35200           0.12191          -0.00567
   1     60          0.35166           0.12191          -0.00602
   1     80          0.34875           0.12192          -0.00892
   1    100          0.33815           0.12196          -0.01953
   2      0          0.35573           0.12131          -0.00194
   3      0          0.35767           0.12137           0.00000
   4      0          0.35804           0.12110           0.00037
   5      0          0.35860           0.12118           0.00093
   5     60          0.35819           0.12118           0.00051
   5     80          0.35452           0.12119          -0.00315
   5    100          0.34423           0.12122          -0.01344
 
  contribution from  2-th solvent component
   1      0         -1.18021           0.17917           0.00043
   1     60         -1.18026           0.17918           0.00038
   1     80         -1.18126           0.17925          -0.00063
   1    100         -1.18737           0.17950          -0.00673
   2      0         -1.18104           0.17636          -0.00040
   3      0         -1.18064           0.17491           0.00000
   4      0         -1.18186           0.17423          -0.00123
   5      0         -1.18141           0.17393          -0.00078
   5     60         -1.18151           0.17394          -0.00087
   5     80         -1.18293           0.17401          -0.00230
   5    100         -1.18892           0.17418          -0.00828
 
  contribution from  3-th solvent component
   1      0        -15.12590           0.16544           0.01567
   1     60        -15.15502           0.16544          -0.01346
   1     80        -15.46433           0.16551          -0.32276
   1    100        -16.60954           0.16589          -1.46797
   2      0        -15.13303           0.16551           0.00853
   3      0        -15.14157           0.16529           0.00000
   4      0        -15.12936           0.16440           0.01221
   5      0        -15.12835           0.16482           0.01322
   5     60        -15.16881           0.16482          -0.02724
   5     80        -15.55863           0.16492          -0.41706
   5    100        -16.61405           0.16527          -1.47249
 
 
 group  inft   Estimated free energy: total (kcal/mol)
   1      0     -16.1095     -15.9616     -15.9001     -16.2528     -15.9246
                -15.9886     -16.2461     -15.7279     -15.8282     -15.9811
                -16.2122     -15.9125     -16.0204     -15.8491     -15.9914
                -15.9977     -16.0193     -15.9087     -15.8197     -15.8354
                -15.9852     -16.0228     -15.9316     -15.9151     -15.9173
   1     60     -16.1391     -15.9911     -15.9297     -16.2822     -15.9541
                -16.0182     -16.2757     -15.7575     -15.8579     -16.0105
                -16.2416     -15.9422     -16.0497     -15.8784     -16.0210
                -16.0269     -16.0489     -15.9382     -15.8494     -15.8650
                -16.0146     -16.0525     -15.9612     -15.9447     -15.9467
   1     80     -16.4532     -16.3042     -16.2429     -16.5946     -16.2674
                -16.3326     -16.5894     -16.0706     -16.1715     -16.3236
                -16.5541     -16.2557     -16.3625     -16.1905     -16.3353
                -16.3387     -16.3626     -16.2510     -16.1629     -16.1782
                -16.3271     -16.3664     -16.2747     -16.2583     -16.2593
   1    100     -17.6203     -17.4667     -17.4019     -17.7548     -17.4295
                -17.4989     -17.7530     -17.2313     -17.3339     -17.4861
                -17.7152     -17.4164     -17.5230     -17.3491     -17.5006
                -17.4982     -17.5265     -17.4125     -17.3241     -17.3384
                -17.4866     -17.5302     -17.4377     -17.4205     -17.4200
   2      0     -16.1062     -15.9786     -15.8916     -16.2443     -15.9295
                -15.9857     -16.2488     -15.7394     -15.8183     -15.9724
                -16.2141     -15.9266     -16.0323     -15.8422     -16.0086
                -16.0007     -16.0167     -15.9322     -15.8264     -15.8459
                -15.9906     -16.0156     -15.9480     -15.9213     -15.9289
   3      0     -16.1144     -15.9853     -15.8927     -16.2402     -15.9398
                -15.9800     -16.2571     -15.7557     -15.8229     -15.9798
                -16.2136     -15.9357     -16.0374     -15.8524     -16.0085
                -16.0089     -16.0239     -15.9433     -15.8246     -15.8563
                -16.0000     -16.0142     -15.9713     -15.9310     -15.9307
   4      0     -16.0971     -15.9871     -15.8826     -16.2318     -15.9228
                -15.9711     -16.2503     -15.7351     -15.8059     -15.9699
                -16.1928     -15.9139     -16.0231     -15.8358     -16.0026
                -16.0081     -16.0115     -15.9267     -15.8116     -15.8480
                -15.9866     -16.0138     -15.9589     -15.9196     -15.9291
   5      0     -16.0885     -15.9869     -15.8745     -16.2262     -15.9288
                -15.9679     -16.2534     -15.7430     -15.8075     -15.9589
                -16.1927     -15.9190     -16.0201     -15.8296     -15.9934
                -16.0026     -16.0114     -15.9295     -15.8151     -15.8488
                -15.9776     -16.0018     -15.9586     -15.9184     -15.9311
   5     60     -16.1296     -16.0278     -15.9156     -16.2669     -15.9697
                -16.0090     -16.2944     -15.7841     -15.8486     -15.9998
                -16.2335     -15.9601     -16.0609     -15.8704     -16.0345
                -16.0432     -16.0524     -15.9704     -15.8563     -15.8898
                -16.0184     -16.0429     -15.9997     -15.9595     -15.9720
   5     80     -16.5255     -16.4227     -16.3104     -16.6608     -16.3647
                -16.4051     -16.6899     -16.1787     -16.2439     -16.3945
                -16.6278     -16.3556     -16.4553     -16.2637     -16.4306
                -16.4365     -16.4480     -16.3649     -16.2517     -16.2846
                -16.4124     -16.4388     -16.3950     -16.3551     -16.3664
   5    100     -17.6010     -17.4949     -17.3792     -17.7305     -17.4364
                -17.4798     -17.7630     -17.2493     -17.3153     -17.4662
                -17.6989     -17.4271     -17.5257     -17.3317     -17.5054
                -17.5060     -17.5213     -17.4368     -17.3236     -17.3554
                -17.4821     -17.5123     -17.4675     -17.4277     -17.4376
 
 group  inft   Estimated free energy: 1-th solvent contribution (kcal/mol)
   1      0       0.2335       0.2662       0.4341       0.6492      -0.0170
                  0.4565       0.2199       0.4290       0.9272       0.5899
                  0.4242       0.7141       0.4816       0.2405       0.1151
                 -0.0612      -0.1458       0.7108       0.7394       0.1404
                  0.3817       0.4117       0.4727       0.3895      -0.4033
   1     60       0.2331       0.2658       0.4338       0.6489      -0.0173
                  0.4562       0.2196       0.4287       0.9268       0.5896
                  0.4239       0.7137       0.4813       0.2401       0.1148
                 -0.0615      -0.1461       0.7105       0.7391       0.1401
                  0.3813       0.4113       0.4724       0.3892      -0.4037
   1     80       0.2303       0.2629       0.4310       0.6459      -0.0203
                  0.4531       0.2166       0.4263       0.9241       0.5869
                  0.4208       0.7107       0.4781       0.2374       0.1118
                 -0.0646      -0.1491       0.7076       0.7362       0.1374
                  0.3783       0.4083       0.4695       0.3863      -0.4066
   1    100       0.2199       0.2521       0.4207       0.6348      -0.0310
                  0.4420       0.2057       0.4172       0.9142       0.5769
                  0.4095       0.6998       0.4667       0.2271       0.1010
                 -0.0758      -0.1599       0.6971       0.7258       0.1275
                  0.3673       0.3975       0.4591       0.3758      -0.4174
   2      0       0.2449       0.2674       0.4365       0.6584      -0.0148
                  0.4609       0.2246       0.4245       0.9249       0.5989
                  0.4288       0.7133       0.4878       0.2402       0.1192
                 -0.0498      -0.1410       0.7091       0.7442       0.1425
                  0.3827       0.4149       0.4746       0.3954      -0.3948
   3      0       0.2464       0.2678       0.4387       0.6623      -0.0141
                  0.4645       0.2286       0.4230       0.9249       0.6018
                  0.4336       0.7174       0.4917       0.2402       0.1258
                 -0.0471      -0.1419       0.7089       0.7455       0.1394
                  0.3842       0.4168       0.4765       0.3991      -0.3921
   4      0       0.2509       0.2645       0.4356       0.6613      -0.0150
                  0.4683       0.2275       0.4261       0.9253       0.5995
                  0.4366       0.7164       0.4914       0.2382       0.1263
                 -0.0438      -0.1376       0.7092       0.7469       0.1395
                  0.3848       0.4135       0.4783       0.3967      -0.3895
   5      0       0.2535       0.2659       0.4387       0.6616      -0.0142
                  0.4659       0.2282       0.4263       0.9236       0.6021
                  0.4377       0.7176       0.4935       0.2393       0.1302
                 -0.0417      -0.1412       0.7081       0.7461       0.1386
                  0.3860       0.4121       0.4797       0.3997      -0.3923
   5     60       0.2531       0.2654       0.4383       0.6612      -0.0147
                  0.4655       0.2278       0.4259       0.9232       0.6017
                  0.4373       0.7172       0.4931       0.2388       0.1298
                 -0.0421      -0.1416       0.7077       0.7457       0.1382
                  0.3856       0.4116       0.4793       0.3992      -0.3927
   5     80       0.2496       0.2617       0.4347       0.6574      -0.0184
                  0.4617       0.2241       0.4229       0.9198       0.5984
                  0.4335       0.7134       0.4893       0.2353       0.1261
                 -0.0458      -0.1455       0.7039       0.7419       0.1347
                  0.3818       0.4079       0.4757       0.3956      -0.3964
   5    100       0.2397       0.2512       0.4246       0.6468      -0.0289
                  0.4511       0.2137       0.4138       0.9100       0.5888
                  0.4230       0.7028       0.4786       0.2252       0.1156
                 -0.0562      -0.1561       0.6935       0.7315       0.1248
                  0.3711       0.3973       0.4656       0.3852      -0.4069
 
 group  inft   Estimated free energy: 2-th solvent contribution (kcal/mol)
   1      0      -0.8865      -0.8568      -1.8458      -2.3160      -0.8512
                 -1.3638      -1.3257      -0.8612      -1.9328      -1.2145
                 -1.4063      -1.0253      -0.9708      -1.6264      -1.0303
                 -0.6341      -1.0535      -0.3979      -1.5731      -0.8915
                 -1.0345      -1.6210      -0.6408      -1.1848      -0.9605
   1     60      -0.8866      -0.8568      -1.8458      -2.3161      -0.8513
                 -1.3638      -1.3258      -0.8612      -1.9328      -1.2145
                 -1.4063      -1.0253      -0.9708      -1.6264      -1.0304
                 -0.6342      -1.0536      -0.3980      -1.5731      -0.8916
                 -1.0346      -1.6211      -0.6408      -1.1849      -0.9605
   1     80      -0.8876      -0.8574      -1.8471      -2.3174      -0.8524
                 -1.3650      -1.3268      -0.8620      -1.9341      -1.2157
                 -1.4076      -1.0263      -0.9718      -1.6276      -1.0311
                 -0.6349      -1.0547      -0.3986      -1.5743      -0.8927
                 -1.0356      -1.6224      -0.6412      -1.1859      -0.9615
   1    100      -0.8943      -0.8623      -1.8541      -2.3241      -0.8589
                 -1.3718      -1.3328      -0.8672      -1.9415      -1.2224
                 -1.4146      -1.0317      -0.9773      -1.6341      -1.0359
                 -0.6407      -1.0613      -0.4031      -1.5809      -0.8988
                 -1.0417      -1.6298      -0.6455      -1.1920      -0.9674
   2      0      -0.8929      -0.8622      -1.8337      -2.3084      -0.8537
                 -1.3622      -1.3260      -0.8627      -1.9189      -1.2092
                 -1.3991      -1.0277      -0.9845      -1.6203      -1.0470
                 -0.6389      -1.0499      -0.4112      -1.5685      -0.8946
                 -1.0319      -1.6054      -0.6588      -1.1882      -0.9701
   3      0      -0.8906      -0.8706      -1.8310      -2.3035      -0.8543
                 -1.3550      -1.3266      -0.8699      -1.9161      -1.2085
                 -1.3951      -1.0300      -0.9859      -1.6131      -1.0421
                 -0.6425      -1.0474      -0.4169      -1.5617      -0.8954
                 -1.0343      -1.5948      -0.6722      -1.1945      -0.9640
   4      0      -0.8903      -0.8723      -1.8278      -2.3041      -0.8539
                 -1.3575      -1.3293      -0.8695      -1.9112      -1.2060
                 -1.3947      -1.0278      -0.9897      -1.6117      -1.0490
                 -0.6524      -1.0466      -0.4221      -1.5621      -0.8986
                 -1.0354      -1.5980      -0.6750      -1.1916      -0.9700
   5      0      -0.8911      -0.8782      -1.8246      -2.3041      -0.8566
                 -1.3557      -1.3283      -0.8725      -1.9107      -1.2049
                 -1.3905      -1.0304      -0.9857      -1.6094      -1.0501
                 -0.6527      -1.0443      -0.4197      -1.5628      -0.8963
                 -1.0332      -1.5932      -0.6769      -1.1953      -0.9681
   5     60      -0.8912      -0.8783      -1.8247      -2.3043      -0.8567
                 -1.3558      -1.3284      -0.8726      -1.9108      -1.2050
                 -1.3906      -1.0305      -0.9858      -1.6095      -1.0502
                 -0.6527      -1.0444      -0.4198      -1.5629      -0.8964
                 -1.0333      -1.5933      -0.6769      -1.1954      -0.9682
   5     80      -0.8928      -0.8792      -1.8264      -2.3059      -0.8583
                 -1.3575      -1.3298      -0.8738      -1.9126      -1.2066
                 -1.3923      -1.0318      -0.9873      -1.6110      -1.0513
                 -0.6539      -1.0459      -0.4208      -1.5644      -0.8980
                 -1.0347      -1.5951      -0.6777      -1.1969      -0.9696
   5    100      -0.8992      -0.8843      -1.8332      -2.3123      -0.8646
                 -1.3639      -1.3354      -0.8793      -1.9196      -1.2130
                 -1.3988      -1.0375      -0.9932      -1.6169      -1.0564
                 -0.6597      -1.0522      -0.4255      -1.5705      -0.9042
                 -1.0405      -1.6018      -0.6824      -1.2032      -0.9755
 
 group  inft   Estimated free energy: 3-th solvent contribution (kcal/mol)
   1      0     -15.4402     -15.3546     -14.4721     -14.5698     -15.0401
                -15.0652     -15.1241     -15.2795     -14.8064     -15.3402
                -15.2139     -15.5851     -15.5150     -14.4469     -15.0599
                -15.2861     -14.8037     -16.2054     -14.9698     -15.0681
                -15.3161     -14.7972     -15.7473     -15.1035     -14.5372
   1     60     -15.4694     -15.3838     -14.5014     -14.5987     -15.0692
                -15.0944     -15.1533     -15.3088     -14.8356     -15.3693
                -15.2429     -15.6143     -15.5439     -14.4759     -15.0891
                -15.3149     -14.8329     -16.2345     -14.9991     -15.0973
                -15.3451     -14.8264     -15.7765     -15.1327     -14.5662
   1     80     -15.7796     -15.6934     -14.8105     -14.9069     -15.3784
                -15.4045     -15.4629     -15.6187     -15.1453     -15.6786
                -15.5511     -15.9239     -15.8526     -14.7840     -15.3997
                -15.6230     -15.1425     -16.5437     -15.3085     -15.4066
                -15.6535     -15.1361     -16.0868     -15.4425     -14.8749
   1    100     -16.9296     -16.8402     -15.9522     -16.0493     -16.5234
                -16.5529     -16.6096     -16.7651     -16.2904     -16.8244
                -16.6939     -17.0683     -16.9960     -15.9259     -16.5494
                -16.7654     -16.2891     -17.6902     -16.4528     -16.5508
                -16.7960     -16.2817     -17.2351     -16.5880     -16.0189
   2      0     -15.4419     -15.3675     -14.4782     -14.5780     -15.0447
                -15.0682     -15.1312     -15.2850     -14.8080     -15.3458
                -15.2276     -15.5959     -15.5193     -14.4459     -15.0645
                -15.2957     -14.8095     -16.2138     -14.9860     -15.0776
                -15.3252     -14.8088     -15.7476     -15.1122     -14.5478
   3      0     -15.4539     -15.3662     -14.4841     -14.5828     -15.0551
                -15.0732     -15.1429     -15.2925     -14.8155     -15.3569
                -15.2359     -15.6069     -15.5269     -14.4633     -15.0759
                -15.3031     -14.8183     -16.2191     -14.9921     -15.0840
                -15.3337     -14.8199     -15.7594     -15.1194     -14.5584
   4      0     -15.4415     -15.3631     -14.4741     -14.5727     -15.0377
                -15.0656     -15.1322     -15.2755     -14.8037     -15.3472
                -15.2184     -15.5862     -15.5085     -14.4461     -15.0637
                -15.2956     -14.8111     -16.1975     -14.9802     -15.0726
                -15.3197     -14.8131     -15.7460     -15.1085     -14.5534
   5      0     -15.4347     -15.3583     -14.4724     -14.5674     -15.0417
                -15.0618     -15.1370     -15.2805     -14.8041     -15.3399
                -15.2236     -15.5900     -15.5117     -14.4432     -15.0572
                -15.2920     -14.8097     -16.2017     -14.9822     -15.0749
                -15.3141     -14.8044     -15.7452     -15.1066     -14.5545
   5     60     -15.4752     -15.3987     -14.5130     -14.6076     -15.0821
                -15.1024     -15.1776     -15.3211     -14.8447     -15.3803
                -15.2639     -15.6306     -15.5520     -14.4834     -15.0979
                -15.3322     -14.8501     -16.2421     -15.0229     -15.1154
                -15.3544     -14.8449     -15.7858     -15.1472     -14.5948
   5     80     -15.8661     -15.7889     -14.9024     -14.9959     -15.4717
                -15.4931     -15.5680     -15.7116     -15.2348     -15.7700
                -15.6527     -16.0209     -15.9410     -14.8717     -15.4891
                -15.7206     -15.2403     -16.6319     -15.4130     -15.5051
                -15.7432     -15.2353     -16.1767     -15.5375     -14.9840
   5    100     -16.9253     -16.8456     -15.9543     -16.0487     -16.5268
                -16.5507     -16.6250     -16.7675     -16.2895     -16.8259
                -16.7067     -17.0762     -16.9948     -15.9237     -16.5484
                -16.7739     -16.2968     -17.6886     -16.4684     -16.5597
                -16.7965     -16.2915     -17.2344     -16.5934     -16.0389
 
 
 cumulative average & 95% error for solvation free energy
              total             1st component         2nd component         3rd component
  1   -16.1144     0.0000     0.2464     0.0000    -0.8906     0.0000   -15.4539     0.0000
  2   -16.0498     0.1291     0.2571     0.0214    -0.8806     0.0200   -15.4100     0.0877
  3   -15.9974     0.1286     0.3176     0.1217    -1.1974     0.6337   -15.1014     0.6194
  4   -16.0581     0.1517     0.4038     0.1926    -1.4739     0.7118   -14.9718     0.5090
  5   -16.0345     0.1267     0.3202     0.2241    -1.3500     0.6045   -14.9884     0.3956
  6   -16.0254     0.1050     0.3442     0.1892    -1.3508     0.4936   -15.0025     0.3243
  7   -16.0585     0.1107     0.3277     0.1633    -1.3474     0.4172   -15.0226     0.2770
  8   -16.0206     0.1222     0.3396     0.1434    -1.2877     0.3805   -15.0563     0.2492
  9   -15.9987     0.1163     0.4047     0.1814    -1.3575     0.3635   -15.0296     0.2262
 10   -15.9968     0.1041     0.4244     0.1670    -1.3426     0.3265   -15.0623     0.2126
 11   -16.0165     0.1021     0.4252     0.1510    -1.3474     0.2955   -15.0781     0.1949
 12   -16.0098     0.0942     0.4496     0.1462    -1.3209     0.2748   -15.1221     0.1985
 13   -16.0119     0.0867     0.4528     0.1347    -1.2952     0.2580   -15.1533     0.1930
 14   -16.0005     0.0835     0.4376     0.1283    -1.3179     0.2432   -15.1040     0.2040
 15   -16.0010     0.0777     0.4168     0.1265    -1.2995     0.2293   -15.1021     0.1900
 16   -16.0015     0.0727     0.3878     0.1318    -1.2584     0.2297   -15.1147     0.1795
 17   -16.0028     0.0683     0.3567     0.1386    -1.2460     0.2172   -15.0972     0.1722
 18   -15.9995     0.0648     0.3762     0.1364    -1.1999     0.2245   -15.1596     0.2047
 19   -15.9903     0.0640     0.3957     0.1347    -1.2190     0.2158   -15.1508     0.1944
 20   -15.9836     0.0622     0.3829     0.1304    -1.2028     0.2073   -15.1474     0.1845
 21   -15.9844     0.0591     0.3829     0.1240    -1.1948     0.1978   -15.1563     0.1764
 22   -15.9858     0.0565     0.3845     0.1183    -1.2130     0.1921   -15.1410     0.1710
 23   -15.9851     0.0540     0.3885     0.1133    -1.1895     0.1894   -15.1679     0.1720
 24   -15.9829     0.0519     0.3889     0.1085    -1.1897     0.1814   -15.1659     0.1647
 25   -15.9808     0.0499     0.3577     0.1214    -1.1806     0.1749   -15.1416     0.1653
