 ERmod 0.3.7, Copyright (C) 2000-2019 Nobuyuki Matubayasi
                            2010-2019 Shun Sakuraba
 ERmod comes with ABSOLUTELY NO WARRANTY.
 This is free software, and you can redistribute it
 and/or modify it under certain conditions.
 See LICENSE file for details.
Opening: "/home/hervoe/snic2020-6-15/hervoe/Caffeine_solubility/Simulations/opls_simulations/NaCl/1.50/trajectory_sol_full.xtc"...
  Trying plugin "Gromacs XTC Compressed Trajectory"...OK
 ERmod 0.3.7, Copyright (C) 2000-2019 Nobuyuki Matubayasi
                            2010-2019 Shun Sakuraba
 ERmod comes with ABSOLUTELY NO WARRANTY.
 This is free software, and you can redistribute it
 and/or modify it under certain conditions.
 See LICENSE file for details.
Opening: "/home/hervoe/snic2020-6-15/hervoe/Caffeine_solubility/Simulations/opls_simulations/NaCl/1.50/trajectory_ref_full.xtc"...
  Trying plugin "Gromacs XTC Compressed Trajectory"...OK
Opening: "/home/hervoe/snic2020-6-15/hervoe/Caffeine_solubility/Simulations/opls_simulations/Solute/trajectory_solute.xtc"...
  Trying plugin "Gromacs XTC Compressed Trajectory"...OK
Opening: "/home/hervoe/snic2020-6-15/hervoe/Caffeine_solubility/Simulations/opls_simulations/Solute/trajectory_solute.xtc"...
  Trying plugin "Gromacs XTC Compressed Trajectory"...OK
Opening: "/home/hervoe/snic2020-6-15/hervoe/Caffeine_solubility/Simulations/opls_simulations/Solute/trajectory_solute.xtc"...
  Trying plugin "Gromacs XTC Compressed Trajectory"...OK
Opening: "/home/hervoe/snic2020-6-15/hervoe/Caffeine_solubility/Simulations/opls_simulations/Solute/trajectory_solute.xtc"...
  Trying plugin "Gromacs XTC Compressed Trajectory"...OK
Opening: "/home/hervoe/snic2020-6-15/hervoe/Caffeine_solubility/Simulations/opls_simulations/Solute/trajectory_solute.xtc"...
  Trying plugin "Gromacs XTC Compressed Trajectory"...OK
Opening: "/home/hervoe/snic2020-6-15/hervoe/Caffeine_solubility/Simulations/opls_simulations/Solute/trajectory_solute.xtc"...
  Trying plugin "Gromacs XTC Compressed Trajectory"...OK
Opening: "/home/hervoe/snic2020-6-15/hervoe/Caffeine_solubility/Simulations/opls_simulations/Solute/trajectory_solute.xtc"...
  Trying plugin "Gromacs XTC Compressed Trajectory"...OK
Opening: "/home/hervoe/snic2020-6-15/hervoe/Caffeine_solubility/Simulations/opls_simulations/Solute/trajectory_solute.xtc"...
  Trying plugin "Gromacs XTC Compressed Trajectory"...OK
Opening: "/home/hervoe/snic2020-6-15/hervoe/Caffeine_solubility/Simulations/opls_simulations/Solute/trajectory_solute.xtc"...
  Trying plugin "Gromacs XTC Compressed Trajectory"...OK
Opening: "/home/hervoe/snic2020-6-15/hervoe/Caffeine_solubility/Simulations/opls_simulations/Solute/trajectory_solute.xtc"...
  Trying plugin "Gromacs XTC Compressed Trajectory"...OK
 
  Number of the   1-th solvent  =           27
  Number of the   2-th solvent  =           27
  Number of the   3-th solvent  =         1000
 
  Be sure that the solvent distribution is homogeneous (radial distribution function is essentially unity) when the solvent molecule is separated beyond distance of   10.0 Angstrom in any direction from any atom within the solute molecule
 
  LJ long-range correction    =        -0.0644     -0.0042     -1.0081
 
  Self-energy of the solute   =        -0.0385  kcal/mol
 
 
 cumulative average & 95% error for solvation energy
              total             1st component         2nd component         3rd component
  1   -50.3999               -1.1603               -3.9769              -45.2242
  2   -50.3382     0.1234    -0.2365     1.8476    -3.9318     0.0901   -46.1313     1.8143
  3   -50.3333     0.0719     0.3120     1.5302    -4.5642     1.2657   -46.0427     1.0624
  4   -50.2832     0.1125    -0.2421     1.5489    -3.8843     1.6278   -46.1183     0.7663
  5   -50.2844     0.0872    -0.1828     1.2056    -4.2713     1.4795   -45.7918     0.8824
  6   -50.2943     0.0739    -0.2365     0.9902    -4.2077     1.2147   -45.8116     0.7215
  7   -50.2734     0.0751    -0.2796     0.8413    -4.1024     1.0480   -45.8530     0.6154
  8   -50.2769     0.0654    -0.5468     0.9036    -3.9018     0.9923   -45.7899     0.5477
  9   -50.2742     0.0579    -0.7933     0.9371    -3.5971     1.0663   -45.8453     0.4956
 10   -50.2906     0.0613    -0.8405     0.8434    -3.7243     0.9871   -45.6873     0.5443
 11   -50.3044     0.0619    -0.9968     0.8245    -3.6926     0.8951   -45.5765     0.5400
 12   -50.3022     0.0567    -0.9733     0.7541    -3.7197     0.8189   -45.5708     0.4930
 13   -50.2939     0.0547    -1.0450     0.7083    -3.6974     0.7546   -45.5131     0.4680
 14   -50.3019     0.0532    -1.1175     0.6717    -3.5965     0.7272   -45.5494     0.4394
 15   -50.2944     0.0518    -1.2006     0.6470    -3.5501     0.6833   -45.5052     0.4185
 16   -50.2961     0.0485    -1.1340     0.6197    -3.4694     0.6592   -45.6542     0.4920
 17   -50.3040     0.0483    -1.0867     0.5897    -3.5770     0.6556   -45.6018     0.4739
 18   -50.2914     0.0520    -1.0243     0.5698    -3.5058     0.6343   -45.7229     0.5082
 19   -50.3082     0.0595    -1.2005     0.6440    -3.5391     0.6036   -45.5301     0.6162
 20   -50.3080     0.0565    -1.1954     0.6110    -3.4992     0.5782   -45.5750     0.5914
 21   -50.3080     0.0537    -1.2605     0.5956    -3.4042     0.5819   -45.6047     0.5657
 22   -50.3017     0.0527    -1.2514     0.5682    -3.3614     0.5614   -45.6505     0.5471
 23   -50.2857     0.0597    -1.2308     0.5445    -3.3172     0.5436   -45.6991     0.5317
 24   -50.2767     0.0600    -1.1482     0.5469    -3.3542     0.5257   -45.7358     0.5143
 25   -50.2764     0.0575    -1.1815     0.5287    -3.3703     0.5053   -45.6862     0.5032
 
 
 group  inft  solvation free energy     error          difference
  total solvation free energy
   1      0        -10.96490           0.09275          -0.01932
   1     60        -11.00073           0.09276          -0.05515
   1     80        -11.36850           0.09287          -0.42293
   1    100        -12.66086           0.09307          -1.71529
   2      0        -10.94412           0.09091           0.00146
   3      0        -10.94557           0.09025           0.00000
   4      0        -10.93802           0.09099           0.00755
   5      0        -10.93171           0.09198           0.01386
   5     60        -10.98156           0.09199          -0.03599
   5     80        -11.44347           0.09208          -0.49789
   5    100        -12.62956           0.09218          -1.68398
 
  contribution from  1-th solvent component
   1      0          0.50091           0.24245          -0.01428
   1     60          0.49949           0.24245          -0.01570
   1     80          0.48692           0.24249          -0.02827
   1    100          0.44306           0.24262          -0.07213
   2      0          0.51137           0.24210          -0.00382
   3      0          0.51519           0.24143           0.00000
   4      0          0.51779           0.24123           0.00260
   5      0          0.51995           0.24117           0.00476
   5     60          0.51804           0.24117           0.00285
   5     80          0.50203           0.24118          -0.01316
   5    100          0.46131           0.24119          -0.05388
 
  contribution from  2-th solvent component
   1      0         -2.04377           0.24847          -0.00987
   1     60         -2.04253           0.24849          -0.00863
   1     80         -2.03954           0.24865          -0.00563
   1    100         -2.03586           0.24909          -0.00196
   2      0         -2.03581           0.24683          -0.00191
   3      0         -2.03390           0.24736           0.00000
   4      0         -2.03471           0.24658          -0.00081
   5      0         -2.02953           0.24748           0.00437
   5     60         -2.02828           0.24749           0.00562
   5     80         -2.02533           0.24766           0.00857
   5    100         -2.02184           0.24806           0.01207
 
  contribution from  3-th solvent component
   1      0         -9.38358           0.25469           0.00482
   1     60         -9.41923           0.25468          -0.03083
   1     80         -9.77742           0.25465          -0.38903
   1    100        -11.02960           0.25490          -1.64120
   2      0         -9.38122           0.25461           0.00718
   3      0         -9.38840           0.25426           0.00000
   4      0         -9.38263           0.25233           0.00577
   5      0         -9.38366           0.25326           0.00474
   5     60         -9.43286           0.25324          -0.04447
   5     80         -9.88170           0.25324          -0.49330
   5    100        -11.03057           0.25354          -1.64217
 
 
 group  inft   Estimated free energy: total (kcal/mol)
   1      0     -11.1872     -10.5099     -11.0017     -10.7013     -11.2913
                -10.9892     -10.8821     -10.7185     -11.5030     -10.7941
                -10.9537     -11.0423     -10.8642     -11.2621     -11.1127
                -11.0292     -10.9973     -10.5503     -11.1180     -11.1107
                -10.9547     -10.9050     -10.6363     -10.9461     -11.0614
   1     60     -11.2232     -10.5459     -11.0375     -10.7371     -11.3275
                -11.0250     -10.9178     -10.7542     -11.5388     -10.8300
                -10.9894     -11.0781     -10.8999     -11.2979     -11.1487
                -11.0649     -11.0331     -10.5863     -11.1542     -11.1464
                -10.9905     -10.9407     -10.6717     -10.9821     -11.0974
   1     80     -11.5924     -10.9161     -11.4049     -11.1048     -11.6972
                -11.3921     -11.2846     -11.1202     -11.9069     -11.1980
                -11.3564     -11.4460     -11.2673     -11.6653     -11.5177
                -11.4321     -11.4006     -10.9546     -11.5238     -11.5126
                -11.3585     -11.3072     -11.0366     -11.3506     -11.4660
   1    100     -12.8881     -12.2169     -12.6951     -12.3946     -12.9938
                -12.6837     -12.5745     -12.4094     -13.2005     -12.4888
                -12.6479     -12.7383     -12.5611     -12.9580     -12.8107
                -12.7250     -12.6904     -12.2486     -12.8196     -12.8011
                -12.6518     -12.5978     -12.3220     -12.6443     -12.7594
   2      0     -11.1587     -10.5072     -10.9923     -10.6825     -11.2569
                -10.9904     -10.8585     -10.6953     -11.4895     -10.7616
                -10.9310     -11.0229     -10.8387     -11.2268     -11.0869
                -11.0082     -10.9796     -10.5499     -11.0750     -11.0923
                -10.9341     -10.8768     -10.6304     -10.9117     -11.0457
   3      0     -11.1621     -10.5189     -11.0023     -10.6789     -11.2409
                -11.0116     -10.8689     -10.7012     -11.4908     -10.7664
                -10.9283     -11.0165     -10.8291     -11.2271     -11.0908
                -11.0183     -10.9823     -10.5665     -11.0814     -11.0830
                -10.9234     -10.8689     -10.6179     -10.9165     -11.0473
   4      0     -11.1576     -10.5168     -10.9825     -10.6475     -11.2424
                -11.0132     -10.8633     -10.7161     -11.4883     -10.7682
                -10.9282     -10.9995     -10.8301     -11.2061     -11.0846
                -11.0007     -10.9638     -10.5291     -11.0888     -11.0908
                -10.9111     -10.8568     -10.6243     -10.8974     -11.0434
   5      0     -11.1555     -10.5072     -10.9881     -10.6455     -11.2434
                -11.0058     -10.8480     -10.6875     -11.4900     -10.7652
                -10.9130     -10.9985     -10.8244     -11.2021     -11.0805
                -11.0141     -10.9597     -10.5331     -11.0660     -11.0713
                -10.9143     -10.8482     -10.5982     -10.9012     -11.0320
   5     60     -11.2054     -10.5574     -11.0379     -10.6954     -11.2935
                -11.0555     -10.8978     -10.7371     -11.5398     -10.8152
                -10.9627     -11.0483     -10.8740     -11.2518     -11.1307
                -11.0638     -11.0096     -10.5831     -11.1162     -11.1210
                -10.9641     -10.8978     -10.6477     -10.9511     -11.0820
   5     80     -11.6687     -11.0229     -11.4994     -11.1573     -11.7576
                -11.5171     -11.3591     -11.1976     -12.0023     -11.2772
                -11.4234     -11.5102     -11.3355     -11.7130     -11.5940
                -11.5249     -11.4714     -11.0458     -11.5796     -11.5808
                -11.4258     -11.3585     -11.1059     -11.4137     -11.5450
   5    100     -12.8570     -12.2175     -12.6843     -12.3413     -12.9470
                -12.7045     -12.5441     -12.3820     -13.1898     -12.4616
                -12.6074     -12.6964     -12.5226     -12.8985     -12.7805
                -12.7104     -12.6565     -12.2343     -12.7671     -12.7631
                -12.6115     -12.5438     -12.2844     -12.6010     -12.7323
 
 group  inft   Estimated free energy: 1-th solvent contribution (kcal/mol)
   1      0       0.4424       1.6257       1.6635       0.3339       0.7940
                  0.6907       0.9317      -0.0067      -0.3185       0.5886
                 -0.1129       0.5914       0.1042       0.0955      -0.0220
                  0.8266       0.9177       1.1941      -0.9039       0.4117
                 -0.0987       0.4837       0.7943       1.3114       0.1843
   1     60       0.4409       1.6243       1.6621       0.3325       0.7925
                  0.6893       0.9303      -0.0081      -0.3199       0.5872
                 -0.1143       0.5900       0.1027       0.0941      -0.0234
                  0.8252       0.9163       1.1927      -0.9053       0.4103
                 -0.1001       0.4823       0.7929       1.3099       0.1829
   1     80       0.4281       1.6118       1.6499       0.3198       0.7796
                  0.6769       0.9176      -0.0203      -0.3325       0.5748
                 -0.1270       0.5776       0.0900       0.0815      -0.0361
                  0.8127       0.9036       1.1800      -0.9183       0.3976
                 -0.1130       0.4698       0.7807       1.2974       0.1705
   1    100       0.3835       1.5683       1.6074       0.2759       0.7351
                  0.6334       0.8735      -0.0630      -0.3763       0.5317
                 -0.1716       0.5342       0.0455       0.0375      -0.0805
                  0.7688       0.8597       1.1362      -0.9634       0.3534
                 -0.1578       0.4263       0.7375       1.2538       0.1274
   2      0       0.4632       1.6360       1.6692       0.3511       0.8092
                  0.6969       0.9521      -0.0036      -0.3091       0.5979
                 -0.1018       0.5992       0.1146       0.1038      -0.0125
                  0.8343       0.9334       1.2005      -0.8886       0.4212
                 -0.0814       0.4935       0.8023       1.3158       0.1872
   3      0       0.4692       1.6328       1.6692       0.3506       0.8161
                  0.6931       0.9571      -0.0004      -0.3008       0.6014
                 -0.0984       0.6017       0.1174       0.1068      -0.0031
                  0.8351       0.9375       1.2011      -0.8848       0.4278
                 -0.0715       0.5013       0.8078       1.3192       0.1934
   4      0       0.4757       1.6381       1.6684       0.3588       0.8146
                  0.6938       0.9615       0.0039      -0.2956       0.6034
                 -0.0883       0.6069       0.1186       0.1114      -0.0032
                  0.8357       0.9463       1.2012      -0.8860       0.4270
                 -0.0633       0.4999       0.8051       1.3206       0.1903
   5      0       0.4737       1.6341       1.6694       0.3564       0.8221
                  0.6969       0.9666       0.0053      -0.2958       0.6051
                 -0.0858       0.6079       0.1206       0.1128       0.0031
                  0.8389       0.9494       1.2073      -0.8851       0.4298
                 -0.0619       0.5044       0.8096       1.3185       0.1954
   5     60       0.4718       1.6322       1.6675       0.3545       0.8202
                  0.6950       0.9646       0.0034      -0.2977       0.6032
                 -0.0877       0.6060       0.1187       0.1109       0.0012
                  0.8370       0.9475       1.2053      -0.8870       0.4279
                 -0.0638       0.5025       0.8077       1.3166       0.1936
   5     80       0.4556       1.6162       1.6517       0.3386       0.8040
                  0.6788       0.9486      -0.0123      -0.3136       0.5872
                 -0.1036       0.5901       0.1025       0.0949      -0.0149
                  0.8210       0.9314       1.1891      -0.9034       0.4118
                 -0.0797       0.4866       0.7919       1.3005       0.1778
   5    100       0.4147       1.5755       1.6116       0.2982       0.7632
                  0.6377       0.9078      -0.0523      -0.3540       0.5465
                 -0.1442       0.5498       0.0612       0.0542      -0.0558
                  0.7801       0.8906       1.1480      -0.9449       0.3706
                 -0.1201       0.4461       0.7515       1.2594       0.1376
 
 group  inft   Estimated free energy: 2-th solvent contribution (kcal/mol)
   1      0      -2.4749      -2.0853      -3.1621      -1.3324      -3.3554
                 -2.1300      -2.1333      -1.4256      -1.4887      -2.6705
                 -1.9654      -2.2936      -1.9281      -1.7523      -2.1190
                 -1.3256      -2.9780      -1.2617      -2.5948      -1.6916
                 -1.1621      -1.4837      -1.3643      -2.4292      -2.4866
   1     60      -2.4737      -2.0841      -3.1609      -1.3311      -3.3542
                 -2.1288      -2.1320      -1.4244      -1.4874      -2.6693
                 -1.9641      -2.2924      -1.9267      -1.7511      -2.1178
                 -1.3242      -2.9768      -1.2606      -2.5936      -1.6904
                 -1.1609      -1.4824      -1.3628      -2.4280      -2.4854
   1     80      -2.4710      -2.0812      -3.1585      -1.3284      -3.3516
                 -2.1259      -2.1293      -1.4209      -1.4841      -2.6667
                 -1.9611      -2.2900      -1.9231      -1.7478      -2.1150
                 -1.3203      -2.9744      -1.2576      -2.5914      -1.6870
                 -1.1580      -1.4788      -1.3578      -2.4256      -2.4827
   1    100      -2.4685      -2.0781      -3.1561      -1.3256      -3.3497
                 -2.1228      -2.1255      -1.4169      -1.4804      -2.6637
                 -1.9575      -2.2878      -1.9184      -1.7438      -2.1113
                 -1.3147      -2.9722      -1.2526      -2.5895      -1.6820
                 -1.1552      -1.4743      -1.3463      -2.4234      -2.4804
   2      0      -2.4657      -2.0956      -3.1550      -1.3213      -3.3320
                 -2.1294      -2.1302      -1.4060      -1.4913      -2.6518
                 -1.9599      -2.2856      -1.9070      -1.7328      -2.1069
                 -1.3267      -2.9710      -1.2617      -2.5797      -1.6935
                 -1.1665      -1.4680      -1.3750      -2.4082      -2.4745
   3      0      -2.4709      -2.0953      -3.1649      -1.3201      -3.3233
                 -2.1416      -2.1358      -1.4004      -1.4956      -2.6514
                 -1.9538      -2.2737      -1.8991      -1.7262      -2.1100
                 -1.3340      -2.9696      -1.2770      -2.5765      -1.6800
                 -1.1540      -1.4586      -1.3556      -2.4091      -2.4712
   4      0      -2.4748      -2.0988      -3.1507      -1.3170      -3.3174
                 -2.1364      -2.1436      -1.4111      -1.5009      -2.6602
                 -1.9647      -2.2707      -1.8936      -1.7282      -2.1092
                 -1.3337      -2.9720      -1.2569      -2.5749      -1.6900
                 -1.1601      -1.4640      -1.3654      -2.4024      -2.4710
   5      0      -2.4735      -2.0886      -3.1572      -1.3032      -3.3213
                 -2.1379      -2.1300      -1.3905      -1.4980      -2.6560
                 -1.9550      -2.2678      -1.8948      -1.7197      -2.1099
                 -1.3415      -2.9645      -1.2596      -2.5637      -1.6817
                 -1.1612      -1.4523      -1.3449      -2.4026      -2.4632
   5     60      -2.4723      -2.0874      -3.1559      -1.3019      -3.3200
                 -2.1366      -2.1288      -1.3892      -1.4966      -2.6548
                 -1.9537      -2.2665      -1.8934      -1.7183      -2.1087
                 -1.3401      -2.9633      -1.2584      -2.5627      -1.6804
                 -1.1599      -1.4509      -1.3436      -2.4014      -2.4620
   5     80      -2.4697      -2.0848      -3.1535      -1.2994      -3.3175
                 -2.1336      -2.1263      -1.3860      -1.4935      -2.6523
                 -1.9510      -2.2642      -1.8898      -1.7150      -2.1061
                 -1.3363      -2.9610      -1.2552      -2.5606      -1.6769
                 -1.1573      -1.4472      -1.3379      -2.3990      -2.4595
   5    100      -2.4673      -2.0820      -3.1510      -1.2967      -3.3154
                 -2.1307      -2.1227      -1.3825      -1.4902      -2.6494
                 -1.9478      -2.2619      -1.8854      -1.7111      -2.1027
                 -1.3312      -2.9588      -1.2505      -2.5587      -1.6720
                 -1.1548      -1.4429      -1.3262      -2.3967      -2.4573
 
 group  inft   Estimated free energy: 3-th solvent contribution (kcal/mol)
   1      0      -9.1162     -10.0118      -9.4646      -9.6643      -8.6914
                 -9.5115      -9.6421      -9.2478      -9.6573      -8.6738
                 -8.8369      -9.3017      -9.0019      -9.5668      -8.9333
                -10.4918      -8.8985     -10.4442      -7.5809      -9.7923
                 -9.6555      -9.8666     -10.0278      -9.7898      -8.7207
   1     60      -9.1520     -10.0476      -9.5002      -9.7000      -8.7273
                 -9.5470      -9.6776      -9.2833      -9.6930      -8.7095
                 -8.8724      -9.3373      -9.0375      -9.6025      -8.9691
                -10.5274      -8.9341     -10.4799      -7.6167      -9.8278
                 -9.6911      -9.9021     -10.0633      -9.8255      -8.7565
   1     80      -9.5110     -10.4083      -9.8578     -10.0578      -9.0867
                 -9.9046     -10.0345      -9.6406     -10.0518      -9.0677
                 -9.2298      -9.6951      -9.3957      -9.9605      -9.3281
                -10.8860      -9.2913     -10.8386      -7.9756     -10.1848
                -10.0490     -10.2598     -10.4210     -10.1839      -9.1154
   1    100     -10.7646     -11.6687     -11.1080     -11.3065     -10.3407
                -11.1559     -11.2841     -10.8910     -11.3053     -10.3183
                -10.4803     -10.9462     -10.6498     -11.2133     -10.5804
                -12.1406     -10.5395     -12.0938      -9.2283     -11.4340
                -11.3003     -11.5113     -11.6747     -11.4362     -10.3679
   2      0      -9.1177     -10.0091      -9.4680      -9.6739      -8.6957
                 -9.5194      -9.6420      -9.2472      -9.6507      -8.6692
                 -8.8309      -9.2981      -9.0079      -9.5593      -8.9291
                -10.4773      -8.9035     -10.4503      -7.5682      -9.7814
                 -9.6477      -9.8638     -10.0192      -9.7808      -8.7199
   3      0      -9.1220     -10.0180      -9.4682      -9.6710      -8.6953
                 -9.5247      -9.6518      -9.2619      -9.6560      -8.6780
                 -8.8377      -9.3060      -9.0089      -9.5692      -8.9392
                -10.4810      -8.9117     -10.4522      -7.5816      -9.7923
                 -9.6594      -9.8731     -10.0317      -9.7881      -8.7310
   4      0      -9.1200     -10.0177      -9.4617      -9.6508      -8.7011
                 -9.5321      -9.6427      -9.2705      -9.6534      -8.6729
                 -8.8368      -9.2972      -9.0166      -9.5508      -8.9338
                -10.4641      -8.8997     -10.4350      -7.5894      -9.7893
                 -9.6492      -9.8542     -10.0255      -9.7771      -8.7242
   5      0      -9.1172     -10.0143      -9.4618      -9.6603      -8.7058
                 -9.5263      -9.6461      -9.2638      -9.6577      -8.6758
                 -8.8338      -9.3001      -9.0117      -9.5568      -8.9353
                -10.4731      -8.9062     -10.4423      -7.5787      -9.7810
                 -9.6528      -9.8618     -10.0244      -9.7786      -8.7258
   5     60      -9.1665     -10.0638      -9.5110      -9.7096      -8.7553
                 -9.5754      -9.6952      -9.3129      -9.7070      -8.7251
                 -8.8828      -9.3493      -9.0609      -9.6059      -8.9847
                -10.5222      -8.9553     -10.4915      -7.6280      -9.8300
                 -9.7019      -9.9109     -10.0734      -9.8279      -8.7752
   5     80      -9.6162     -10.5158      -9.9591     -10.1580      -9.2057
                -10.0238     -10.1429      -9.7609     -10.1567      -9.1736
                 -9.3304      -9.7977      -9.5097     -10.0544      -9.4345
                -10.9711      -9.4033     -10.9412      -8.0772     -10.2772
                -10.1504     -10.3594     -10.5215     -10.2767      -9.2249
   5    100     -10.7659     -11.6726     -11.1064     -11.3043     -10.3563
                -11.1730     -11.2907     -10.9087     -11.3070     -10.3203
                -10.4769     -10.9458     -10.6599     -11.2032     -10.5835
                -12.1209     -10.5498     -12.0934      -9.2251     -11.4233
                -11.2981     -11.5085     -11.6712     -11.4252     -10.3741
 
 
 cumulative average & 95% error for solvation free energy
              total             1st component         2nd component         3rd component
  1   -11.1621     0.0000     0.4692     0.0000    -2.4709     0.0000    -9.1220     0.0000
  2   -10.8405     0.6432     1.0510     1.1636    -2.2831     0.3757    -9.5700     0.8960
  3   -10.8944     0.3867     1.2571     0.7881    -2.5770     0.6266    -9.5360     0.5217
  4   -10.8406     0.2939     1.0304     0.7183    -2.2628     0.7690    -9.5698     0.3750
  5   -10.9206     0.2784     0.9876     0.5630    -2.4749     0.7312    -9.3949     0.4547
  6   -10.9358     0.2293     0.9385     0.4700    -2.4193     0.6073    -9.4165     0.3738
  7   -10.9262     0.1947     0.9412     0.3973    -2.3788     0.5196    -9.4501     0.3230
  8   -10.8981     0.1778     0.8235     0.4169    -2.2565     0.5122    -9.4266     0.2836
  9   -10.9640     0.2048     0.6986     0.4445    -2.1720     0.4823    -9.4521     0.2553
 10   -10.9442     0.1874     0.6888     0.3980    -2.2199     0.4419    -9.3747     0.2759
 11   -10.9428     0.1695     0.6173     0.3875    -2.1957     0.4027    -9.3259     0.2679
 12   -10.9489     0.1552     0.6160     0.3537    -2.2022     0.3678    -9.3242     0.2446
 13   -10.9397     0.1440     0.5776     0.3343    -2.1789     0.3415    -9.3000     0.2302
 14   -10.9602     0.1395     0.5440     0.3167    -2.1466     0.3227    -9.3192     0.2166
 15   -10.9689     0.1310     0.5075     0.3037    -2.1441     0.3005    -9.2938     0.2079
 16   -10.9720     0.1227     0.5280     0.2871    -2.0935     0.2988    -9.3680     0.2446
 17   -10.9726     0.1153     0.5521     0.2739    -2.1450     0.2990    -9.3412     0.2359
 18   -10.9501     0.1177     0.5881     0.2681    -2.0968     0.2979    -9.4029     0.2544
 19   -10.9570     0.1121     0.5106     0.2973    -2.1221     0.2863    -9.3071     0.3077
 20   -10.9633     0.1071     0.5065     0.2821    -2.1000     0.2752    -9.3313     0.2959
 21   -10.9614     0.1020     0.4790     0.2739    -2.0549     0.2768    -9.3470     0.2832
 22   -10.9572     0.0976     0.4800     0.2612    -2.0278     0.2694    -9.3709     0.2742
 23   -10.9424     0.0978     0.4942     0.2512    -1.9986     0.2640    -9.3996     0.2682
 24   -10.9413     0.0937     0.5286     0.2501    -2.0157     0.2551    -9.4158     0.2589
 25   -10.9456     0.0902     0.5152     0.2414    -2.0339     0.2474    -9.3884     0.2543
