 ERmod 0.3.7, Copyright (C) 2000-2019 Nobuyuki Matubayasi
                            2010-2019 Shun Sakuraba
 ERmod comes with ABSOLUTELY NO WARRANTY.
 This is free software, and you can redistribute it
 and/or modify it under certain conditions.
 See LICENSE file for details.
Opening: "/home/hervoe/snic2020-6-15/hervoe/Caffeine_solubility/Simulations/opls_simulations/NaI/1.50/trajectory_sol_full.xtc"...
  Trying plugin "Gromacs XTC Compressed Trajectory"...OK
 ERmod 0.3.7, Copyright (C) 2000-2019 Nobuyuki Matubayasi
                            2010-2019 Shun Sakuraba
 ERmod comes with ABSOLUTELY NO WARRANTY.
 This is free software, and you can redistribute it
 and/or modify it under certain conditions.
 See LICENSE file for details.
Opening: "/home/hervoe/snic2020-6-15/hervoe/Caffeine_solubility/Simulations/opls_simulations/NaI/1.50/trajectory_ref_full.xtc"...
  Trying plugin "Gromacs XTC Compressed Trajectory"...OK
Opening: "/home/hervoe/snic2020-6-15/hervoe/Caffeine_solubility/Simulations/opls_simulations/Solute/trajectory_solute.xtc"...
  Trying plugin "Gromacs XTC Compressed Trajectory"...OK
Opening: "/home/hervoe/snic2020-6-15/hervoe/Caffeine_solubility/Simulations/opls_simulations/Solute/trajectory_solute.xtc"...
  Trying plugin "Gromacs XTC Compressed Trajectory"...OK
Opening: "/home/hervoe/snic2020-6-15/hervoe/Caffeine_solubility/Simulations/opls_simulations/Solute/trajectory_solute.xtc"...
  Trying plugin "Gromacs XTC Compressed Trajectory"...OK
Opening: "/home/hervoe/snic2020-6-15/hervoe/Caffeine_solubility/Simulations/opls_simulations/Solute/trajectory_solute.xtc"...
  Trying plugin "Gromacs XTC Compressed Trajectory"...OK
Opening: "/home/hervoe/snic2020-6-15/hervoe/Caffeine_solubility/Simulations/opls_simulations/Solute/trajectory_solute.xtc"...
  Trying plugin "Gromacs XTC Compressed Trajectory"...OK
Opening: "/home/hervoe/snic2020-6-15/hervoe/Caffeine_solubility/Simulations/opls_simulations/Solute/trajectory_solute.xtc"...
  Trying plugin "Gromacs XTC Compressed Trajectory"...OK
Opening: "/home/hervoe/snic2020-6-15/hervoe/Caffeine_solubility/Simulations/opls_simulations/Solute/trajectory_solute.xtc"...
  Trying plugin "Gromacs XTC Compressed Trajectory"...OK
Opening: "/home/hervoe/snic2020-6-15/hervoe/Caffeine_solubility/Simulations/opls_simulations/Solute/trajectory_solute.xtc"...
  Trying plugin "Gromacs XTC Compressed Trajectory"...OK
Opening: "/home/hervoe/snic2020-6-15/hervoe/Caffeine_solubility/Simulations/opls_simulations/Solute/trajectory_solute.xtc"...
  Trying plugin "Gromacs XTC Compressed Trajectory"...OK
Opening: "/home/hervoe/snic2020-6-15/hervoe/Caffeine_solubility/Simulations/opls_simulations/Solute/trajectory_solute.xtc"...
  Trying plugin "Gromacs XTC Compressed Trajectory"...OK
 
  Number of the   1-th solvent  =           27
  Number of the   2-th solvent  =           27
  Number of the   3-th solvent  =         1000
 
  Be sure that the solvent distribution is homogeneous (radial distribution function is essentially unity) when the solvent molecule is separated beyond distance of   10.0 Angstrom in any direction from any atom within the solute molecule
 
  LJ long-range correction    =        -0.0873     -0.0041     -0.9711
 
  Self-energy of the solute   =        -0.0371  kcal/mol
 
 
 cumulative average & 95% error for solvation energy
              total             1st component         2nd component         3rd component
  1   -49.9523               -2.7031               -1.3388              -45.8734
  2   -49.6713     0.5621    -3.7532     2.1001    -1.0254     0.6267   -44.8556     2.0356
  3   -49.6609     0.3252    -3.3622     1.4427    -2.0190     2.0199   -44.2426     1.6983
  4   -49.6176     0.2457    -2.8325     1.4707    -2.7941     2.1078   -43.9539     1.3325
  5   -49.5964     0.1950    -2.5999     1.2306    -2.7817     1.6329   -44.1777     1.1250
  6   -49.5955     0.1593    -2.1612     1.3339    -3.2709     1.6537   -44.1264     0.9243
  7   -49.5872     0.1356    -2.1069     1.1326    -3.5027     1.4726   -43.9405     0.8651
  8   -49.6149     0.1299    -1.9204     1.0494    -3.6237     1.2980   -44.0338     0.7720
  9   -49.6307     0.1188    -2.1249     1.0119    -3.4567     1.1925   -44.0121     0.6822
 10   -49.6492     0.1125    -2.1872     0.9136    -3.3311     1.0958   -44.0939     0.6318
 11   -49.6484     0.1018    -2.0686     0.8597    -3.5285     1.0669   -44.0142     0.5933
 12   -49.6502     0.0930    -2.0312     0.7883    -3.4146     1.0002   -44.1673     0.6221
 13   -49.6394     0.0883    -1.8470     0.8134    -3.5294     0.9483   -44.2259     0.5842
 14   -49.6618     0.0932    -1.9835     0.8010    -3.5145     0.8784   -44.1267     0.5761
 15   -49.6635     0.0868    -1.8851     0.7713    -3.7050     0.9021   -44.0364     0.5659
 16   -49.6487     0.0865    -1.8674     0.7223    -3.8071     0.8682   -43.9371     0.5654
 17   -49.6433     0.0819    -1.9946     0.7246    -3.7973     0.8158   -43.8143     0.5851
 18   -49.6568     0.0818    -1.8694     0.7276    -3.8566     0.7782   -43.8937     0.5740
 19   -49.6554     0.0775    -1.8995     0.6909    -3.7977     0.7455   -43.9213     0.5458
 20   -49.6668     0.0769    -1.7870     0.6929    -3.9208     0.7489   -43.9219     0.5178
 21   -49.6695     0.0734    -1.7447     0.6645    -3.8370     0.7318   -44.0507     0.5558
 22   -49.6715     0.0701    -1.6872     0.6439    -3.9122     0.7137   -44.0351     0.5308
 23   -49.6613     0.0700    -1.6380     0.6231    -3.9344     0.6835   -44.0518     0.5083
 24   -49.6622     0.0671    -1.6015     0.6010    -4.0043     0.6691   -44.0193     0.4910
 25   -49.6572     0.0651    -1.6291     0.5791    -3.9531     0.6499   -44.0380     0.4725
 
 
 group  inft  solvation free energy     error          difference
  total solvation free energy
   1      0        -11.38530           0.13672          -0.01330
   1     60        -11.43113           0.13675          -0.05913
   1     80        -11.83667           0.13701          -0.46467
   1    100        -13.43489           0.61109          -2.06289
   2      0        -11.37177           0.13404           0.00023
   3      0        -11.37201           0.13428          -0.00000
   4      0        -11.35960           0.13402           0.01241
   5      0        -11.35816           0.13501           0.01384
   5     60        -11.42107           0.13505          -0.04907
   5     80        -11.92276           0.13531          -0.55075
   5    100        -13.13320           0.13582          -1.76120
 
  contribution from  1-th solvent component
   1      0          0.42283           0.25271          -0.01736
   1     60          0.42073           0.25272          -0.01946
   1     80          0.40346           0.25278          -0.03672
   1    100          0.32181           0.25619          -0.11837
   2      0          0.43605           0.25264          -0.00413
   3      0          0.44019           0.25250           0.00000
   4      0          0.44231           0.25193           0.00212
   5      0          0.44373           0.25248           0.00354
   5     60          0.44081           0.25249           0.00063
   5     80          0.41952           0.25255          -0.02066
   5    100          0.37097           0.25272          -0.06922
 
  contribution from  2-th solvent component
   1      0         -2.34337           0.32323          -0.00520
   1     60         -2.34223           0.32326          -0.00406
   1     80         -2.33648           0.32344           0.00169
   1    100         -2.33123           0.32889           0.00694
   2      0         -2.33991           0.31904          -0.00174
   3      0         -2.33817           0.31863          -0.00000
   4      0         -2.33389           0.31774           0.00428
   5      0         -2.33400           0.31763           0.00416
   5     60         -2.33260           0.31767           0.00557
   5     80         -2.32630           0.31785           0.01187
   5    100         -2.31517           0.31809           0.02300
 
  contribution from  3-th solvent component
   1      0         -9.42771           0.22613           0.00926
   1     60         -9.47258           0.22614          -0.03561
   1     80         -9.86661           0.22638          -0.42963
   1    100        -11.38842           0.48632          -1.95145
   2      0         -9.43086           0.22573           0.00611
   3      0         -9.43697           0.22596           0.00000
   4      0         -9.43097           0.22391           0.00600
   5      0         -9.43084           0.22514           0.00614
   5     60         -9.49224           0.22516          -0.05526
   5     80         -9.97893           0.22549          -0.54196
   5    100        -11.15195           0.22638          -1.71497
 
 
 group  inft   Estimated free energy: total (kcal/mol)
   1      0     -11.2347     -11.1776     -11.4028     -11.1104     -10.7406
                -11.3464     -10.9313     -11.9067     -10.9215     -11.5269
                -11.0888     -11.4263     -11.2838     -11.4954     -11.8707
                -11.3763     -11.5053     -11.5590     -11.4136     -11.7278
                -11.3191     -11.1527     -11.1376     -11.6947     -12.2829
   1     60     -11.2805     -11.2232     -11.4482     -11.1563     -10.7857
                -11.3922     -10.9773     -11.9526     -10.9670     -11.5729
                -11.1349     -11.4720     -11.3296     -11.5414     -11.9166
                -11.4221     -11.5509     -11.6050     -11.4593     -11.7738
                -11.3653     -11.1986     -11.1835     -11.7406     -12.3288
   1     80     -11.6865     -11.6264     -11.8503     -11.5612     -11.1884
                -11.7975     -11.3829     -12.3589     -11.3700     -11.9803
                -11.5409     -11.8785     -11.7346     -11.9488     -12.3222
                -11.8276     -11.9542     -12.0124     -11.8652     -12.1802
                -11.7738     -11.6042     -11.5895     -12.1472     -12.7349
   1    100     -13.0098     -12.9404     -13.1639     -12.8789     -12.5017
                -13.1160     -12.7031     -13.6792     -12.6849     -13.3060
                -12.8575     -13.2015     -13.0546     -13.2740     -20.5959
                -13.1466     -13.2677     -13.3387     -13.1886     -13.4984
                -13.1037     -12.9229     -12.9102     -13.4705     -14.0575
   2      0     -11.2466     -11.1793     -11.4131     -11.0889     -10.7666
                -11.3214     -10.9078     -11.8755     -10.9299     -11.5135
                -11.0504     -11.4289     -11.2948     -11.4757     -11.8570
                -11.3563     -11.5002     -11.5376     -11.4030     -11.6690
                -11.3123     -11.1288     -11.0969     -11.6870     -12.2536
   3      0     -11.2485     -11.1841     -11.3992     -11.0851     -10.7584
                -11.3244     -10.9075     -11.8832     -10.9339     -11.5235
                -11.0564     -11.4200     -11.3011     -11.4672     -11.8475
                -11.3449     -11.5393     -11.5359     -11.4160     -11.6533
                -11.3075     -11.1233     -11.1022     -11.6770     -12.2606
   4      0     -11.2385     -11.1890     -11.3986     -11.0732     -10.7443
                -11.3128     -10.8942     -11.8621     -10.9398     -11.4997
                -11.0463     -11.4040     -11.2704     -11.4645     -11.8544
                -11.3389     -11.5258     -11.5179     -11.3946     -11.6305
                -11.2750     -11.1136     -11.0749     -11.6880     -12.2388
   5      0     -11.2365     -11.1851     -11.3968     -11.0613     -10.7425
                -11.3137     -10.9016     -11.8638     -10.9301     -11.5095
                -11.0300     -11.4036     -11.2777     -11.4565     -11.8549
                -11.3343     -11.5149     -11.5114     -11.3995     -11.6403
                -11.2851     -11.1063     -11.0736     -11.6747     -12.2505
   5     60     -11.2994     -11.2477     -11.4592     -11.1242     -10.8046
                -11.3766     -10.9647     -11.9269     -10.9927     -11.5727
                -11.0932     -11.4664     -11.3407     -11.5195     -11.9180
                -11.3973     -11.5773     -11.5745     -11.4622     -11.7034
                -11.3486     -11.1693     -11.1366     -11.7378     -12.3134
   5     80     -11.8026     -11.7464     -11.9570     -11.6246     -11.3026
                -11.8777     -11.4664     -12.4291     -11.4923     -12.0768
                -11.5948     -11.9689     -11.8421     -12.0232     -12.4200
                -11.8982     -12.0773     -12.0783     -11.9647     -12.2057
                -11.8546     -11.6713     -11.6385     -12.2402     -12.8155
   5    100     -13.0177     -12.9514     -13.1619     -12.8322     -12.5071
                -13.0866     -12.6765     -13.6402     -12.7005     -13.2924
                -12.8021     -13.1808     -13.0525     -13.2371     -13.6315
                -13.1058     -13.2836     -13.2935     -13.1786     -13.4132
                -13.0754     -12.8807     -12.8492     -13.4516     -14.0279
 
 group  inft   Estimated free energy: 1-th solvent contribution (kcal/mol)
   1      0       0.1599      -0.8230      -0.2041       0.6576       0.3696
                  1.1510       0.5190       0.7257      -0.3625       0.0955
                  0.9316       0.5539       1.3335      -0.5133       0.5893
                  0.2169      -0.6653       1.2242       0.0194       1.1771
                  0.8827       1.1109       0.9332       0.7600      -0.2724
   1     60       0.1579      -0.8251      -0.2061       0.6556       0.3674
                  1.1490       0.5169       0.7236      -0.3645       0.0934
                  0.9296       0.5518       1.3315      -0.5154       0.5872
                  0.2148      -0.6674       1.2221       0.0173       1.1751
                  0.8806       1.1088       0.9312       0.7578      -0.2746
   1     80       0.1408      -0.8423      -0.2234       0.6385       0.3497
                  1.1317       0.4995       0.7063      -0.3817       0.0757
                  0.9125       0.5345       1.3145      -0.5330       0.5700
                  0.1975      -0.6849       1.2049      -0.0002       1.1583
                  0.8632       1.0921       0.9143       0.7405      -0.2924
   1    100       0.0878      -0.8956      -0.2768       0.5856       0.2946
                  1.0783       0.4457       0.6525      -0.4349       0.0213
                  0.8599       0.4814       1.2622      -0.5873      -0.1907
                  0.1442      -0.7391       1.1518      -0.0543       1.1068
                  0.8095       1.0404       0.8622       0.6872      -0.3473
   2      0       0.1666      -0.8044      -0.1986       0.6683       0.3794
                  1.1666       0.5316       0.7336      -0.3495       0.1149
                  0.9479       0.5688       1.3435      -0.4924       0.6041
                  0.2317      -0.6579       1.2378       0.0330       1.1986
                  0.8954       1.1233       0.9434       0.7716      -0.2561
   3      0       0.1705      -0.8037      -0.1931       0.6719       0.3826
                  1.1677       0.5366       0.7367      -0.3498       0.1277
                  0.9483       0.5742       1.3426      -0.4831       0.6100
                  0.2416      -0.6565       1.2404       0.0341       1.2027
                  0.9031       1.1276       0.9467       0.7779      -0.2520
   4      0       0.1710      -0.7971      -0.1913       0.6750       0.3834
                  1.1696       0.5382       0.7349      -0.3455       0.1358
                  0.9536       0.5792       1.3455      -0.4841       0.6074
                  0.2410      -0.6506       1.2405       0.0356       1.2001
                  0.9060       1.1286       0.9503       0.7718      -0.2413
   5      0       0.1778      -0.7944      -0.1919       0.6758       0.3866
                  1.1664       0.5367       0.7342      -0.3424       0.1336
                  0.9591       0.5788       1.3451      -0.4847       0.6065
                  0.2427      -0.6515       1.2470       0.0343       1.2045
                  0.9066       1.1370       0.9546       0.7812      -0.2503
   5     60       0.1749      -0.7973      -0.1948       0.6730       0.3836
                  1.1636       0.5338       0.7313      -0.3453       0.1307
                  0.9562       0.5759       1.3422      -0.4877       0.6036
                  0.2398      -0.6545       1.2441       0.0313       1.2016
                  0.9037       1.1341       0.9517       0.7782      -0.2532
   5     80       0.1534      -0.8185      -0.2162       0.6520       0.3618
                  1.1424       0.5126       0.7098      -0.3667       0.1091
                  0.9353       0.5546       1.3211      -0.5092       0.5825
                  0.2187      -0.6763       1.2229       0.0095       1.1809
                  0.8820       1.1132       0.9307       0.7569      -0.2747
   5    100       0.1044      -0.8668      -0.2650       0.6041       0.3119
                  1.0941       0.4642       0.6607      -0.4154       0.0601
                  0.8878       0.5063       1.2731      -0.5582       0.5343
                  0.1708      -0.7261       1.1745      -0.0402       1.1339
                  0.8327       1.0657       0.8829       0.7083      -0.3237
 
 group  inft   Estimated free energy: 2-th solvent contribution (kcal/mol)
   1      0      -1.0248      -0.9043      -2.1258      -2.7348      -1.0699
                 -3.1306      -2.6240      -2.9110      -1.1366      -1.7953
                 -3.0747      -1.6674      -2.6974      -2.1515      -3.6164
                 -2.9298      -2.3213      -2.7736      -1.7108      -3.5691
                 -1.5459      -2.9556      -2.4309      -3.3618      -2.3211
   1     60      -1.0236      -0.9032      -2.1245      -2.7338      -1.0683
                 -3.1296      -2.6229      -2.9100      -1.1355      -1.7942
                 -3.0737      -1.6661      -2.6963      -2.1504      -3.6153
                 -2.9287      -2.3201      -2.7725      -1.7096      -3.5680
                 -1.5448      -2.9545      -2.4299      -3.3606      -2.3200
   1     80      -1.0172      -0.8967      -2.1173      -2.7283      -1.0609
                 -3.1242      -2.6173      -2.9049      -1.1288      -1.7883
                 -3.0684      -1.6606      -2.6905      -2.1450      -3.6099
                 -2.9234      -2.3138      -2.7669      -1.7043      -3.5630
                 -1.5390      -2.9494      -2.4244      -3.3553      -2.3144
   1    100      -1.0031      -0.8822      -2.1016      -2.7156      -1.0440
                 -3.1117      -2.6060      -2.8920      -1.1144      -1.7750
                 -3.0559      -1.6495      -2.6784      -2.1347      -3.7832
                 -2.9131      -2.2987      -2.7557      -1.6937      -3.5500
                 -1.5273      -2.9368      -2.4116      -3.3441      -2.3024
   2      0      -1.0405      -0.9221      -2.1294      -2.7230      -1.0913
                 -3.1163      -2.6110      -2.8878      -1.1482      -1.7997
                 -3.0532      -1.6876      -2.7178      -2.1490      -3.6059
                 -2.9240      -2.3102      -2.7664      -1.7066      -3.5408
                 -1.5477      -2.9393      -2.4058      -3.3672      -2.3072
   3      0      -1.0369      -0.9206      -2.1158      -2.7183      -1.0794
                 -3.1128      -2.6092      -2.8927      -1.1440      -1.8134
                 -3.0498      -1.6806      -2.7159      -2.1448      -3.5988
                 -2.9197      -2.3420      -2.7619      -1.7142      -3.5262
                 -1.5422      -2.9297      -2.4100      -3.3623      -2.3130
   4      0      -1.0369      -0.9324      -2.1109      -2.7215      -1.0753
                 -3.1081      -2.5970      -2.8775      -1.1495      -1.8063
                 -3.0504      -1.6827      -2.7059      -2.1394      -3.5935
                 -2.9154      -2.3346      -2.7591      -1.7082      -3.5137
                 -1.5267      -2.9238      -2.4003      -3.3639      -2.3141
   5      0      -1.0416      -0.9310      -2.1117      -2.7121      -1.0774
                 -3.1082      -2.6048      -2.8770      -1.1507      -1.8077
                 -3.0448      -1.6818      -2.7081      -2.1381      -3.5958
                 -2.9161      -2.3318      -2.7584      -1.7078      -3.5197
                 -1.5291      -2.9207      -2.4003      -3.3651      -2.3102
   5     60      -1.0402      -0.9297      -2.1102      -2.7108      -1.0754
                 -3.1069      -2.6034      -2.8757      -1.1491      -1.8063
                 -3.0435      -1.6803      -2.7068      -2.1366      -3.5946
                 -2.9148      -2.3301      -2.7571      -1.7063      -3.5184
                 -1.5278      -2.9193      -2.3990      -3.3638      -2.3089
   5     80      -1.0333      -0.9227      -2.1020      -2.7048      -1.0664
                 -3.1009      -2.5974      -2.8698      -1.1422      -1.8000
                 -3.0375      -1.6742      -2.7007      -2.1309      -3.5886
                 -2.9089      -2.3239      -2.7511      -1.7005      -3.5128
                 -1.5215      -2.9137      -2.3929      -3.3579      -2.3028
   5    100      -1.0215      -0.9104      -2.0877      -2.6942      -1.0500
                 -3.0902      -2.5873      -2.8591      -1.1306      -1.7886
                 -3.0271      -1.6642      -2.6894      -2.1219      -3.5782
                 -2.8991      -2.3119      -2.7412      -1.6910      -3.5012
                 -1.5109      -2.9018      -2.3821      -3.3471      -2.2928
 
 group  inft   Estimated free energy: 3-th solvent contribution (kcal/mol)
   1      0     -10.3328      -9.4133      -9.0359      -8.9962     -10.0032
                 -9.3297      -8.7892      -9.6843      -9.3853      -9.7900
                 -8.9086     -10.2757      -9.8830      -8.7935      -8.8066
                 -8.6263      -8.4817      -9.9726      -9.6852      -9.2987
                -10.6188      -9.2710      -9.6028      -9.0558      -9.6523
   1     60     -10.3777      -9.4580      -9.0805      -9.0411     -10.0478
                 -9.3746      -8.8342      -9.7292      -9.4299      -9.8350
                 -8.9537     -10.3206      -9.9278      -8.8385      -8.8515
                 -8.6712      -8.5264     -10.0176      -9.7299      -9.3438
                -10.6640      -9.3159      -9.6478      -9.1008      -9.6971
   1     80     -10.7731      -9.8502      -9.4726      -9.4344     -10.4401
                 -9.7680      -9.2281     -10.1233      -9.8225     -10.2307
                 -9.3479     -10.7154     -10.3215      -9.2337      -9.2453
                 -9.0647      -8.9186     -10.4134     -10.1237      -9.7385
                -11.0609      -9.7098     -10.0424      -9.4954     -10.0911
   1    100     -12.0574     -11.1256     -10.7485     -10.7118     -11.7153
                -11.0456     -10.5057     -11.4026     -11.0986     -11.5153
                -10.6244     -11.9964     -11.6013     -10.5149     -16.5850
                -10.3407     -10.1928     -11.6978     -11.4035     -11.0181
                -12.3489     -10.9894     -11.3238     -10.7766     -11.3708
   2      0     -10.3357      -9.4157      -9.0480      -8.9972     -10.0177
                 -9.3346      -8.7914      -9.6842      -9.3952      -9.7916
                 -8.9081     -10.2731      -9.8836      -8.7973      -8.8182
                 -8.6270      -8.4951      -9.9720      -9.6924      -9.2898
                -10.6230      -9.2758      -9.5973      -9.0544      -9.6533
   3      0     -10.3450      -9.4227      -9.0533      -9.0017     -10.0246
                 -9.3422      -8.7979      -9.6902      -9.4030      -9.8008
                 -8.9178     -10.2766      -9.8907      -8.8023      -8.8216
                 -8.6297      -8.5038      -9.9773      -9.6988      -9.2928
                -10.6313      -9.2842      -9.6018      -9.0555      -9.6586
   4      0     -10.3355      -9.4224      -9.0594      -8.9896     -10.0153
                 -9.3373      -8.7984      -9.6825      -9.4078      -9.7923
                 -8.9124     -10.2634      -9.8729      -8.8040      -8.8313
                 -8.6275      -8.5035      -9.9624      -9.6850      -9.2799
                -10.6173      -9.2813      -9.5879      -9.0589      -9.6464
   5      0     -10.3356      -9.4226      -9.0562      -8.9880     -10.0147
                 -9.3349      -8.7964      -9.6840      -9.4000      -9.7984
                 -8.9073     -10.2635      -9.8776      -8.7966      -8.8286
                 -8.6239      -8.4945      -9.9628      -9.6890      -9.2880
                -10.6256      -9.2856      -9.5908      -9.0537      -9.6529
   5     60     -10.3971      -9.4837      -9.1171      -9.0494     -10.0758
                 -9.3962      -8.8579      -9.7454      -9.4611      -9.8600
                 -8.9689     -10.3249      -9.9390      -8.8582      -8.8900
                 -8.6853      -8.5556     -10.0244      -9.7502      -9.3496
                -10.6874      -9.3470      -9.6522      -9.1151      -9.7142
   5     80     -10.8856      -9.9682      -9.6018      -9.5348     -10.5610
                 -9.8821      -9.3445     -10.2320      -9.9464     -10.3489
                 -9.4556     -10.8123     -10.4254      -9.3460      -9.3768
                 -9.1711      -9.0401     -10.5130     -10.2367      -9.8367
                -11.1781      -9.8338     -10.1393      -9.6022     -10.2010
   5    100     -12.0635     -11.1372     -10.7721     -10.7050     -11.7319
                -11.0534     -10.5164     -11.4047     -11.1174     -11.5268
                -10.6258     -11.9859     -11.5991     -10.5199     -10.5505
                -10.3404     -10.2086     -11.6898     -11.4104     -11.0089
                -12.3601     -11.0076     -11.3129     -10.7758     -11.3744
 
 
 cumulative average & 95% error for solvation free energy
              total             1st component         2nd component         3rd component
  1   -11.2485     0.0000     0.1705     0.0000    -1.0369     0.0000   -10.3450     0.0000
  2   -11.2163     0.0644    -0.3166     0.9742    -0.9788     0.1163    -9.8839     0.9223
  3   -11.2773     0.1275    -0.2754     0.5685    -1.3578     0.7610    -9.6070     0.7682
  4   -11.2292     0.1317    -0.0386     0.6213    -1.6979     0.8674    -9.4557     0.6218
  5   -11.1351     0.2142     0.0457     0.5099    -1.5742     0.7160    -9.5695     0.5327
  6   -11.1666     0.1859     0.2327     0.5596    -1.8306     0.7777    -9.5316     0.4415
  7   -11.1296     0.1737     0.2761     0.4809    -1.9418     0.6939    -9.4268     0.4280
  8   -11.2238     0.2411     0.3337     0.4321    -2.0607     0.6462    -9.4597     0.3765
  9   -11.1916     0.2222     0.2577     0.4102    -1.9589     0.6052    -9.4534     0.3322
 10   -11.2248     0.2095     0.2447     0.3678    -1.9443     0.5421    -9.4881     0.3052
 11   -11.2095     0.1920     0.3087     0.3565    -2.0448     0.5300    -9.4363     0.2949
 12   -11.2270     0.1787     0.3308     0.3284    -2.0145     0.4876    -9.5063     0.3034
 13   -11.2327     0.1648     0.4086     0.3398    -2.0684     0.4613    -9.5359     0.2853
 14   -11.2495     0.1562     0.3449     0.3394    -2.0739     0.4272    -9.4835     0.2842
 15   -11.2893     0.1658     0.3626     0.3180    -2.1755     0.4467    -9.4394     0.2789
 16   -11.2928     0.1553     0.3551     0.2978    -2.2220     0.4281    -9.3888     0.2798
 17   -11.3073     0.1487     0.2955     0.3040    -2.2291     0.4023    -9.3367     0.2827
 18   -11.3200     0.1425     0.3480     0.3052    -2.2587     0.3839    -9.3723     0.2759
 19   -11.3251     0.1352     0.3315     0.2906    -2.2300     0.3677    -9.3895     0.2632
 20   -11.3415     0.1324     0.3751     0.2891    -2.2948     0.3721    -9.3846     0.2499
 21   -11.3399     0.1260     0.4002     0.2796    -2.2590     0.3611    -9.4440     0.2657
 22   -11.3300     0.1217     0.4333     0.2747    -2.2895     0.3497    -9.4367     0.2538
 23   -11.3201     0.1180     0.4556     0.2662    -2.2947     0.3343    -9.4439     0.2429
 24   -11.3350     0.1168     0.4690     0.2563    -2.3392     0.3322    -9.4277     0.2348
 25   -11.3720     0.1343     0.4402     0.2525    -2.3382     0.3186    -9.4370     0.2260
