 ERmod 0.3.7, Copyright (C) 2000-2019 Nobuyuki Matubayasi
                            2010-2019 Shun Sakuraba
 ERmod comes with ABSOLUTELY NO WARRANTY.
 This is free software, and you can redistribute it
 and/or modify it under certain conditions.
 See LICENSE file for details.
Opening: "/home/hervoe/snic2020-6-15/hervoe/temp/Simulations/KF/0.50/trajectory_sol_full.xtc"...
  Trying plugin "Gromacs XTC Compressed Trajectory"...OK
 ERmod 0.3.7, Copyright (C) 2000-2019 Nobuyuki Matubayasi
                            2010-2019 Shun Sakuraba
 ERmod comes with ABSOLUTELY NO WARRANTY.
 This is free software, and you can redistribute it
 and/or modify it under certain conditions.
 See LICENSE file for details.
Opening: "/home/hervoe/snic2020-6-15/hervoe/temp/Simulations/KF/0.50/trajectory_ref_full.xtc"...
  Trying plugin "Gromacs XTC Compressed Trajectory"...OK
Opening: "/home/hervoe/snic2020-6-15/hervoe/temp/Simulations/Solute_new/trajectory_solute.xtc"...
  Trying plugin "Gromacs XTC Compressed Trajectory"...OK
Opening: "/home/hervoe/snic2020-6-15/hervoe/temp/Simulations/Solute_new/trajectory_solute.xtc"...
  Trying plugin "Gromacs XTC Compressed Trajectory"...OK
Opening: "/home/hervoe/snic2020-6-15/hervoe/temp/Simulations/Solute_new/trajectory_solute.xtc"...
  Trying plugin "Gromacs XTC Compressed Trajectory"...OK
Opening: "/home/hervoe/snic2020-6-15/hervoe/temp/Simulations/Solute_new/trajectory_solute.xtc"...
  Trying plugin "Gromacs XTC Compressed Trajectory"...OK
Opening: "/home/hervoe/snic2020-6-15/hervoe/temp/Simulations/Solute_new/trajectory_solute.xtc"...
  Trying plugin "Gromacs XTC Compressed Trajectory"...OK
Opening: "/home/hervoe/snic2020-6-15/hervoe/temp/Simulations/Solute_new/trajectory_solute.xtc"...
  Trying plugin "Gromacs XTC Compressed Trajectory"...OK
Opening: "/home/hervoe/snic2020-6-15/hervoe/temp/Simulations/Solute_new/trajectory_solute.xtc"...
  Trying plugin "Gromacs XTC Compressed Trajectory"...OK
Opening: "/home/hervoe/snic2020-6-15/hervoe/temp/Simulations/Solute_new/trajectory_solute.xtc"...
  Trying plugin "Gromacs XTC Compressed Trajectory"...OK
Opening: "/home/hervoe/snic2020-6-15/hervoe/temp/Simulations/Solute_new/trajectory_solute.xtc"...
  Trying plugin "Gromacs XTC Compressed Trajectory"...OK
Opening: "/home/hervoe/snic2020-6-15/hervoe/temp/Simulations/Solute_new/trajectory_solute.xtc"...
  Trying plugin "Gromacs XTC Compressed Trajectory"...OK
 
  Number of the   1-th solvent  =            9
  Number of the   2-th solvent  =            9
  Number of the   3-th solvent  =         1000
 
  Be sure that the solvent distribution is homogeneous (radial distribution function is essentially unity) when the solvent molecule is separated beyond distance of   10.0 Angstrom in any direction from any atom within the solute molecule
 
  LJ long-range correction    =        -0.0083     -0.0076     -0.9031
 
  Self-energy of the solute   =        -0.0165  kcal/mol
 
 
 cumulative average & 95% error for solvation energy
              total             1st component         2nd component         3rd component
  1   -59.7009               -0.2688               -2.3973              -57.0183
  2   -59.6650     0.0718    -0.0482     0.4412    -2.0431     0.7083   -57.5572     1.0777
  3   -59.5880     0.1595     0.1259     0.4313    -2.1704     0.4817   -57.5270     0.6251
  4   -59.5726     0.1169     0.1775     0.3220    -1.8786     0.6757   -57.8550     0.7911
  5   -59.5215     0.1366     0.2414     0.2802    -1.9148     0.5284   -57.8316     0.6146
  6   -59.5308     0.1130     0.2979     0.2552    -2.1979     0.7119   -57.6142     0.6640
  7   -59.5459     0.1002     0.1879     0.3080    -2.1343     0.6149   -57.5830     0.5646
  8   -59.5896     0.1231     0.2094     0.2702    -1.9974     0.5989   -57.7851     0.6344
  9   -59.5626     0.1213     0.1585     0.2591    -2.0022     0.5282   -57.7024     0.5834
 10   -59.5454     0.1138     0.1517     0.2321    -1.9425     0.4873   -57.7382     0.5267
 11   -59.5474     0.1030     0.1120     0.2245    -1.9328     0.4412   -57.7101     0.4797
 12   -59.5369     0.0963     0.1433     0.2143    -1.9601     0.4065   -57.7036     0.4381
 13   -59.5466     0.0907     0.2082     0.2359    -1.9661     0.3741   -57.7721     0.4256
 14   -59.5734     0.0995     0.2018     0.2188    -1.9739     0.3467   -57.7848     0.3949
 15   -59.5583     0.0974     0.2826     0.2600    -1.9603     0.3239   -57.8640     0.4003
 16   -59.5535     0.0917     0.2840     0.2432    -1.9408     0.3055   -57.8801     0.3758
 17   -59.5550     0.0861     0.3106     0.2346    -1.9627     0.2902   -57.8864     0.3533
 18   -59.5549     0.0812     0.3541     0.2377    -1.9929     0.2802   -57.8995     0.3341
 19   -59.5510     0.0772     0.3683     0.2266    -1.9718     0.2684   -57.9309     0.3222
 20   -59.5473     0.0736     0.4151     0.2345    -1.9846     0.2559   -57.9613     0.3116
 21   -59.5428     0.0706     0.4371     0.2273    -1.9690     0.2454   -57.9944     0.3037
 22   -59.5449     0.0674     0.4631     0.2229    -2.0056     0.2452   -57.9858     0.2901
 23   -59.5474     0.0646     0.5222     0.2436    -2.0844     0.2824   -57.9686     0.2794
 24   -59.5526     0.0628     0.5118     0.2342    -2.0756     0.2709   -57.9722     0.2676
 25   -59.5527     0.0602     0.5002     0.2258    -2.0176     0.2846   -58.0187     0.2729
 
 
 group  inft  solvation free energy     error          difference
  total solvation free energy
   1      0        -15.89478           0.04393           0.00605
   1     60        -15.92353           0.04393          -0.02270
   1     80        -16.23223           0.04407          -0.33140
   1    100        -17.58927           0.38438          -1.68844
   2      0        -15.89036           0.04395           0.01047
   3      0        -15.90083           0.04288          -0.00000
   4      0        -15.88714           0.04325           0.01368
   5      0        -15.88480           0.04313           0.01603
   5     60        -15.92477           0.04314          -0.02394
   5     80        -16.31546           0.04325          -0.41463
   5    100        -17.38771           0.04358          -1.48688
 
  contribution from  1-th solvent component
   1      0          0.54802           0.11140          -0.00633
   1     60          0.54865           0.11140          -0.00570
   1     80          0.55250           0.11141          -0.00184
   1    100          0.55584           0.11086           0.00149
   2      0          0.55230           0.11166          -0.00204
   3      0          0.55435           0.11104           0.00000
   4      0          0.55570           0.11092           0.00136
   5      0          0.55602           0.11083           0.00167
   5     60          0.55682           0.11083           0.00247
   5     80          0.56074           0.11086           0.00639
   5    100          0.56502           0.11097           0.01067
 
  contribution from  2-th solvent component
   1      0         -1.30094           0.14447           0.00055
   1     60         -1.30112           0.14447           0.00037
   1     80         -1.30204           0.14451          -0.00055
   1    100         -1.31376           0.14482          -0.01227
   2      0         -1.30093           0.14349           0.00056
   3      0         -1.30149           0.14270          -0.00000
   4      0         -1.30211           0.14236          -0.00062
   5      0         -1.30141           0.14251           0.00009
   5     60         -1.30144           0.14251           0.00005
   5     80         -1.30303           0.14255          -0.00154
   5    100         -1.30955           0.14267          -0.00806
 
  contribution from  3-th solvent component
   1      0        -15.12532           0.13875           0.01183
   1     60        -15.15453           0.13876          -0.01738
   1     80        -15.46615           0.13889          -0.32900
   1    100        -16.81481           0.42201          -1.67766
   2      0        -15.12520           0.13828           0.01195
   3      0        -15.13715           0.13831           0.00000
   4      0        -15.12420           0.13779           0.01295
   5      0        -15.12287           0.13840           0.01428
   5     60        -15.16361           0.13841          -0.02646
   5     80        -15.55663           0.13857          -0.41948
   5    100        -16.62664           0.13917          -1.48949
 
 
 group  inft   Estimated free energy: total (kcal/mol)
   1      0     -16.1207     -15.8035     -15.9274     -15.9693     -15.7899
                -15.9424     -15.8239     -15.8745     -15.7694     -15.7439
                -15.9399     -15.8836     -15.8577     -16.1312     -15.7441
                -16.0018     -16.0054     -15.8746     -15.7900     -15.8095
                -16.0605     -15.8431     -15.8614     -15.8282     -15.9734
   1     60     -16.1496     -15.8323     -15.9560     -15.9979     -15.8187
                -15.9711     -15.8527     -15.9034     -15.7982     -15.7726
                -15.9687     -15.9123     -15.8864     -16.1600     -15.7730
                -16.0305     -16.0340     -15.9033     -15.8187     -15.8383
                -16.0892     -15.8720     -15.8902     -15.8570     -16.0023
   1     80     -16.4590     -16.1409     -16.2634     -16.3068     -16.1261
                -16.2793     -16.1600     -16.2130     -16.1066     -16.0803
                -16.2780     -16.2209     -16.1938     -16.4701     -16.0823
                -16.3391     -16.3418     -16.2123     -16.1272     -16.1484
                -16.3987     -16.1802     -16.1987     -16.1659     -16.3131
   1    100     -17.6239     -17.3064     -17.4225     -17.4739     -17.2855
                -17.4402     -17.3194     -17.3793     -17.2695     -17.2434
                -17.4436     -17.3842     -22.1711     -17.6373     -17.2480
                -17.5062     -17.5051     -17.3775     -17.2920     -17.3171
                -17.5661     -17.3425     -17.3608     -17.3312     -17.4852
   2      0     -16.1185     -15.8025     -15.9190     -15.9633     -15.7952
                -15.9421     -15.8188     -15.8916     -15.7743     -15.7343
                -15.9430     -15.8772     -15.8658     -16.1142     -15.7314
                -16.0123     -15.9952     -15.8642     -15.7721     -15.7971
                -16.0428     -15.8462     -15.8497     -15.8102     -15.9781
   3      0     -16.1261     -15.8128     -15.9134     -15.9885     -15.8078
                -15.9485     -15.8308     -15.9046     -15.7853     -15.7467
                -15.9525     -15.8880     -15.8890     -16.1138     -15.7451
                -16.0225     -15.9953     -15.8629     -15.7887     -15.8102
                -16.0498     -15.8613     -15.8603     -15.8298     -15.9871
   4      0     -16.1258     -15.8051     -15.9054     -15.9703     -15.8083
                -15.9164     -15.8079     -15.8998     -15.7708     -15.7295
                -15.9378     -15.8817     -15.8685     -16.1008     -15.7267
                -16.0162     -15.9845     -15.8525     -15.7722     -15.7921
                -16.0219     -15.8500     -15.8499     -15.8123     -15.9722
   5      0     -16.1119     -15.8005     -15.8933     -15.9781     -15.8070
                -15.9221     -15.8059     -15.8905     -15.7601     -15.7284
                -15.9432     -15.8748     -15.8778     -16.0993     -15.7321
                -16.0067     -15.9846     -15.8461     -15.7712     -15.7844
                -16.0254     -15.8493     -15.8501     -15.8066     -15.9706
   5     60     -16.1520     -15.8404     -15.9331     -16.0180     -15.8469
                -15.9620     -15.8458     -15.9306     -15.8002     -15.7681
                -15.9833     -15.9147     -15.9176     -16.1395     -15.7722
                -16.0465     -16.0243     -15.8861     -15.8112     -15.8245
                -16.0654     -15.8893     -15.8901     -15.8466     -16.0109
   5     80     -16.5430     -16.2313     -16.3221     -16.4090     -16.2365
                -16.3518     -16.2350     -16.3225     -16.1911     -16.1578
                -16.3749     -16.3050     -16.3068     -16.5314     -16.1633
                -16.4371     -16.4141     -16.2771     -16.2020     -16.2166
                -16.4566     -16.2797     -16.2801     -16.2376     -16.4040
   5    100     -17.6148     -17.3051     -17.3897     -17.4844     -17.3051
                -17.4210     -17.3025     -17.3979     -17.2636     -17.2278
                -17.4490     -17.3760     -17.3758     -17.6057     -17.2358
                -17.5108     -17.4852     -17.3504     -17.2752     -17.2925
                -17.5308     -17.3502     -17.3503     -17.3099     -17.4833
 
 group  inft   Estimated free energy: 1-th solvent contribution (kcal/mol)
   1      0       0.1246       0.5070       0.4962       0.4658       0.5720
                  0.4629       0.1665       0.4880       0.2224       0.3973
                  0.1158       0.5326       0.8690       0.2147       0.9926
                  0.4972       0.6783       0.8178       0.6872       0.8885
                  0.5707       0.8547       1.1915       0.5628       0.3244
   1     60       0.1252       0.5076       0.4969       0.4663       0.5726
                  0.4635       0.1672       0.4886       0.2230       0.3980
                  0.1164       0.5333       0.8696       0.2154       0.9933
                  0.4978       0.6788       0.8184       0.6879       0.8891
                  0.5713       0.8554       1.1920       0.5635       0.3250
   1     80       0.1286       0.5112       0.5012       0.4694       0.5767
                  0.4668       0.1725       0.4919       0.2276       0.4031
                  0.1201       0.5367       0.8743       0.2186       0.9974
                  0.5012       0.6824       0.8221       0.6920       0.8924
                  0.5743       0.8598       1.1959       0.5682       0.3282
   1    100       0.1316       0.5156       0.5075       0.4722       0.5823
                  0.4696       0.1821       0.4946       0.2352       0.4113
                  0.1238       0.5400       0.8459       0.2211       1.0027
                  0.5039       0.6862       0.8268       0.6976       0.8954
                  0.5760       0.8667       1.2021       0.5756       0.3303
   2      0       0.1237       0.5170       0.5022       0.4712       0.5695
                  0.4617       0.1704       0.4876       0.2234       0.4004
                  0.1189       0.5409       0.8687       0.2230       1.0015
                  0.5024       0.6836       0.8157       0.7010       0.8955
                  0.5789       0.8586       1.1949       0.5708       0.3262
   3      0       0.1283       0.5182       0.5191       0.4720       0.5690
                  0.4605       0.1687       0.4865       0.2224       0.4041
                  0.1235       0.5443       0.8635       0.2313       0.9985
                  0.5116       0.6913       0.8171       0.7082       0.8935
                  0.5778       0.8576       1.1935       0.5696       0.3284
   4      0       0.1267       0.5226       0.5154       0.4712       0.5667
                  0.4727       0.1743       0.4858       0.2298       0.4039
                  0.1231       0.5390       0.8690       0.2282       1.0003
                  0.5082       0.6892       0.8151       0.7091       0.8964
                  0.5911       0.8568       1.1920       0.5748       0.3310
   5      0       0.1310       0.5211       0.5206       0.4693       0.5642
                  0.4657       0.1725       0.4889       0.2296       0.4068
                  0.1201       0.5418       0.8632       0.2300       0.9993
                  0.5133       0.6904       0.8156       0.7118       0.8994
                  0.5867       0.8564       1.1932       0.5745       0.3351
   5     60       0.1317       0.5218       0.5215       0.4700       0.5650
                  0.4664       0.1734       0.4896       0.2304       0.4077
                  0.1209       0.5426       0.8641       0.2308       1.0002
                  0.5141       0.6911       0.8164       0.7126       0.9001
                  0.5874       0.8572       1.1940       0.5754       0.3359
   5     80       0.1351       0.5254       0.5260       0.4730       0.5690
                  0.4697       0.1789       0.4929       0.2350       0.4128
                  0.1245       0.5462       0.8691       0.2342       1.0045
                  0.5175       0.6946       0.8201       0.7168       0.9035
                  0.5904       0.8618       1.1982       0.5802       0.3392
   5    100       0.1377       0.5289       0.5319       0.4749       0.5737
                  0.4721       0.1880       0.4948       0.2417       0.4206
                  0.1277       0.5491       0.8760       0.2367       1.0098
                  0.5198       0.6977       0.8238       0.7220       0.9061
                  0.5921       0.8680       1.2039       0.5869       0.3414
 
 group  inft   Estimated free energy: 2-th solvent contribution (kcal/mol)
   1      0      -1.6360      -1.1007      -1.5511      -0.8398      -1.3703
                 -2.0705      -1.1482      -0.6582      -1.3164      -0.9410
                 -1.2197      -1.4593      -1.2819      -1.2884      -1.1503
                 -1.2453      -1.5394      -1.4960      -1.0684      -1.3068
                 -1.1941      -1.6718      -2.1407      -1.2149      -0.6145
   1     60      -1.6361      -1.1008      -1.5512      -0.8400      -1.3705
                 -2.0706      -1.1483      -0.6583      -1.3165      -0.9412
                 -1.2199      -1.4594      -1.2820      -1.2886      -1.1505
                 -1.2456      -1.5396      -1.4962      -1.0686      -1.3070
                 -1.1943      -1.6720      -2.1409      -1.2151      -0.6147
   1     80      -1.6372      -1.1011      -1.5523      -0.8408      -1.3712
                 -2.0718      -1.1494      -0.6586      -1.3177      -0.9421
                 -1.2209      -1.4602      -1.2830      -1.2899      -1.1514
                 -1.2457      -1.5405      -1.4976      -1.0695      -1.3081
                 -1.1956      -1.6727      -2.1421      -1.2160      -0.6157
   1    100      -1.6447      -1.1074      -1.5598      -0.8478      -1.3787
                 -2.0793      -1.1571      -0.6634      -1.3257      -0.9497
                 -1.2285      -1.4673      -1.3969      -1.2982      -1.1588
                 -1.2518      -1.5484      -1.5066      -1.0768      -1.3160
                 -1.2039      -1.6803      -2.1503      -1.2237      -0.6229
   2      0      -1.6355      -1.1027      -1.5469      -0.8429      -1.3698
                 -2.0662      -1.1459      -0.6713      -1.3144      -0.9404
                 -1.2197      -1.4610      -1.2887      -1.2777      -1.1508
                 -1.2660      -1.5353      -1.4821      -1.0659      -1.3038
                 -1.1890      -1.6775      -2.1374      -1.2131      -0.6194
   3      0      -1.6368      -1.1038      -1.5428      -0.8550      -1.3715
                 -2.0610      -1.1437      -0.6712      -1.3112      -0.9449
                 -1.2216      -1.4596      -1.2925      -1.2782      -1.1521
                 -1.2737      -1.5336      -1.4733      -1.0718      -1.3020
                 -1.1852      -1.6788      -2.1359      -1.2166      -0.6205
   4      0      -1.6419      -1.1115      -1.5421      -0.8533      -1.3747
                 -2.0604      -1.1437      -0.6738      -1.3101      -0.9425
                 -1.2195      -1.4619      -1.2930      -1.2744      -1.1534
                 -1.2786      -1.5301      -1.4722      -1.0686      -1.3041
                 -1.1915      -1.6765      -2.1339      -1.2150      -0.6263
   5      0      -1.6395      -1.1084      -1.5407      -0.8569      -1.3744
                 -2.0590      -1.1391      -0.6700      -1.3067      -0.9449
                 -1.2217      -1.4579      -1.2949      -1.2743      -1.1578
                 -1.2755      -1.5310      -1.4717      -1.0661      -1.2998
                 -1.1871      -1.6787      -2.1380      -1.2149      -0.6263
   5     60      -1.6396      -1.1084      -1.5407      -0.8570      -1.3744
                 -2.0590      -1.1391      -0.6700      -1.3068      -0.9450
                 -1.2217      -1.4579      -1.2950      -1.2744      -1.1578
                 -1.2754      -1.5310      -1.4718      -1.0661      -1.2998
                 -1.1872      -1.6787      -2.1381      -1.2150      -0.6264
   5     80      -1.6412      -1.1093      -1.5424      -0.8585      -1.3758
                 -2.0608      -1.1408      -0.6707      -1.3086      -0.9465
                 -1.2235      -1.4593      -1.2966      -1.2764      -1.1595
                 -1.2763      -1.5325      -1.4738      -1.0677      -1.3016
                 -1.1891      -1.6801      -2.1399      -1.2166      -0.6281
   5    100      -1.6478      -1.1146      -1.5490      -0.8649      -1.3820
                 -2.0674      -1.1476      -0.6751      -1.3156      -0.9533
                 -1.2304      -1.4652      -1.3032      -1.2839      -1.1662
                 -1.2811      -1.5390      -1.4816      -1.0742      -1.3084
                 -1.1962      -1.6866      -2.1474      -1.2232      -0.6346
 
 group  inft   Estimated free energy: 3-th solvent contribution (kcal/mol)
   1      0     -14.5928     -15.1933     -14.8561     -15.5787     -14.9751
                -14.3184     -14.8258     -15.6878     -14.6589     -15.1837
                -14.8194     -14.9404     -15.4283     -15.0410     -15.5699
                -15.2371     -15.1277     -15.1798     -15.3923     -15.3746
                -15.4206     -15.0095     -14.8956     -15.1596     -15.6667
   1     60     -14.6221     -15.2225     -14.8852     -15.6077     -15.0043
                -14.3474     -14.8550     -15.7171     -14.6881     -15.2128
                -14.8487     -14.9696     -15.4575     -15.0703     -15.5993
                -15.2663     -15.1567     -15.2090     -15.4215     -15.4039
                -15.4497     -15.0388     -14.9248     -15.1889     -15.6961
   1     80     -14.9338     -15.5345     -15.1958     -15.9189     -15.3151
                -14.6577     -15.1666     -16.0297     -15.0000     -15.5247
                -15.1606     -15.2809     -15.7686     -15.3823     -15.9117
                -15.5781     -15.4672     -15.5203     -15.7332     -15.7161
                -15.7608     -15.3508     -15.2359     -15.5015     -16.0090
   1    100     -16.0942     -16.6981     -16.3537     -17.0818     -16.4726
                -15.8140     -16.3278     -17.1939     -16.1625     -16.6885
                -16.3223     -16.4403     -21.6035     -16.5436     -17.0753
                -16.7418     -16.6264     -16.6811     -16.8962     -16.8800
                -16.9218     -16.5124     -16.3961     -16.6666     -17.1760
   2      0     -14.5901     -15.2003     -14.8577     -15.5751     -14.9784
                -14.3210     -14.8268     -15.6913     -14.6668     -15.1777
                -14.8256     -14.9405     -15.4292     -15.0430     -15.5656
                -15.2322     -15.1270     -15.1813     -15.3906     -15.3723
                -15.4162     -15.0108     -14.8907     -15.1514     -15.6684
   3      0     -14.6012     -15.2107     -14.8731     -15.5890     -14.9888
                -14.3315     -14.8392     -15.7034     -14.6799     -15.1894
                -14.8378     -14.9562     -15.4434     -15.0504     -15.5750
                -15.2438     -15.1365     -15.1901     -15.4085     -15.3852
                -15.4259     -15.0236     -14.9014     -15.1663     -15.6785
   4      0     -14.5941     -15.1997     -14.8622     -15.5717     -14.9839
                -14.3121     -14.8221     -15.6952     -14.6740     -15.1744
                -14.8248     -14.9423     -15.4279     -15.0381     -15.5571
                -15.2293     -15.1271     -15.1789     -15.3962     -15.3678
                -15.4050     -15.0139     -14.8915     -15.1556     -15.6603
   5      0     -14.5868     -15.1966     -14.8567     -15.5740     -14.9803
                -14.3124     -14.8227     -15.6928     -14.6664     -15.1737
                -14.8251     -14.9422     -15.4295     -15.0386     -15.5571
                -15.2280     -15.1274     -15.1735     -15.4004     -15.3674
                -15.4084     -15.0105     -14.8888     -15.1497     -15.6629
   5     60     -14.6276     -15.2374     -14.8973     -15.6145     -15.0210
                -14.3529     -14.8635     -15.7337     -14.7072     -15.2143
                -14.8660     -14.9829     -15.4701     -15.0794     -15.5980
                -15.2687     -15.1679     -15.2142     -15.4411     -15.4082
                -15.4490     -15.0514     -14.9295     -15.1906     -15.7039
   5     80     -15.0203     -15.6309     -15.2892     -16.0070     -15.4131
                -14.7442     -15.2566     -16.1281     -15.1009     -15.6075
                -15.2594     -15.3753     -15.8627     -15.4727     -15.9918
                -15.6618     -15.5596     -15.6068     -15.8345     -15.8019
                -15.8413     -15.4448     -15.3219     -15.5846     -16.0986
   5    100     -16.0881     -16.7029     -16.3562     -17.0779     -16.4802
                -15.8091     -16.3264     -17.2011     -16.1732     -16.6785
                -16.3298     -16.4433     -16.9321     -16.5420     -17.0628
                -16.7330     -16.6273     -16.6760     -16.9065     -16.8736
                -16.9102     -16.5151     -16.3902     -16.6572     -17.1735
 
 
 cumulative average & 95% error for solvation free energy
              total             1st component         2nd component         3rd component
  1   -16.1261     0.0000     0.1283     0.0000    -1.6368     0.0000   -14.6012     0.0000
  2   -15.9695     0.3134     0.3233     0.3899    -1.3703     0.5330   -14.9059     0.6096
  3   -15.9508     0.1847     0.3885     0.2602    -1.4278     0.3285   -14.8950     0.3526
  4   -15.9602     0.1320     0.4094     0.1887    -1.2846     0.3688   -15.0685     0.4273
  5   -15.9297     0.1190     0.4413     0.1595    -1.3020     0.2878   -15.0525     0.3325
  6   -15.9329     0.0974     0.4445     0.1304    -1.4285     0.3453   -14.9324     0.3626
  7   -15.9183     0.0873     0.4051     0.1355    -1.3878     0.3029   -14.9191     0.3076
  8   -15.9166     0.0757     0.4153     0.1191    -1.2982     0.3177   -15.0171     0.3308
  9   -15.9020     0.0729     0.3939     0.1134    -1.2997     0.2802   -14.9796     0.3012
 10   -15.8864     0.0722     0.3949     0.1015    -1.2642     0.2605   -15.0006     0.2726
 11   -15.8924     0.0664     0.3702     0.1042    -1.2603     0.2357   -14.9858     0.2484
 12   -15.8921     0.0606     0.3847     0.0995    -1.2769     0.2177   -14.9833     0.2268
 13   -15.8918     0.0558     0.4216     0.1175    -1.2781     0.2003   -15.0187     0.2203
 14   -15.9077     0.0606     0.4080     0.1121    -1.2781     0.1854   -15.0210     0.2040
 15   -15.8969     0.0604     0.4473     0.1307    -1.2697     0.1735   -15.0579     0.2038
 16   -15.9047     0.0587     0.4513     0.1225    -1.2700     0.1622   -15.0695     0.1920
 17   -15.9100     0.0561     0.4655     0.1185    -1.2855     0.1555   -15.0735     0.1806
 18   -15.9074     0.0532     0.4850     0.1184    -1.2959     0.1481   -15.0800     0.1707
 19   -15.9012     0.0518     0.4967     0.1144    -1.2841     0.1421   -15.0973     0.1651
 20   -15.8966     0.0500     0.5166     0.1156    -1.2850     0.1348   -15.1117     0.1593
 21   -15.9039     0.0497     0.5195     0.1101    -1.2803     0.1286   -15.1266     0.1544
 22   -15.9020     0.0476     0.5349     0.1094    -1.2984     0.1278   -15.1219     0.1476
 23   -15.9002     0.0456     0.5635     0.1192    -1.3348     0.1422   -15.1123     0.1423
 24   -15.8972     0.0441     0.5638     0.1141    -1.3299     0.1365   -15.1146     0.1363
 25   -15.9008     0.0429     0.5543     0.1110    -1.3015     0.1427   -15.1371     0.1383
