 ERmod 0.3.7, Copyright (C) 2000-2019 Nobuyuki Matubayasi
                            2010-2019 Shun Sakuraba
 ERmod comes with ABSOLUTELY NO WARRANTY.
 This is free software, and you can redistribute it
 and/or modify it under certain conditions.
 See LICENSE file for details.
Opening: "/home/hervoe/snic2020-6-15/hervoe/Caffeine_solubility/Simulations/opls_simulations/CsI/1.50/trajectory_sol_full.xtc"...
  Trying plugin "Gromacs XTC Compressed Trajectory"...OK
 ERmod 0.3.7, Copyright (C) 2000-2019 Nobuyuki Matubayasi
                            2010-2019 Shun Sakuraba
 ERmod comes with ABSOLUTELY NO WARRANTY.
 This is free software, and you can redistribute it
 and/or modify it under certain conditions.
 See LICENSE file for details.
Opening: "/home/hervoe/snic2020-6-15/hervoe/Caffeine_solubility/Simulations/opls_simulations/CsI/1.50/trajectory_ref_full.xtc"...
  Trying plugin "Gromacs XTC Compressed Trajectory"...OK
Opening: "/home/hervoe/snic2020-6-15/hervoe/Caffeine_solubility/Simulations/opls_simulations/Solute/trajectory_solute.xtc"...
  Trying plugin "Gromacs XTC Compressed Trajectory"...OK
Opening: "/home/hervoe/snic2020-6-15/hervoe/Caffeine_solubility/Simulations/opls_simulations/Solute/trajectory_solute.xtc"...
  Trying plugin "Gromacs XTC Compressed Trajectory"...OK
Opening: "/home/hervoe/snic2020-6-15/hervoe/Caffeine_solubility/Simulations/opls_simulations/Solute/trajectory_solute.xtc"...
  Trying plugin "Gromacs XTC Compressed Trajectory"...OK
Opening: "/home/hervoe/snic2020-6-15/hervoe/Caffeine_solubility/Simulations/opls_simulations/Solute/trajectory_solute.xtc"...
  Trying plugin "Gromacs XTC Compressed Trajectory"...OK
Opening: "/home/hervoe/snic2020-6-15/hervoe/Caffeine_solubility/Simulations/opls_simulations/Solute/trajectory_solute.xtc"...
  Trying plugin "Gromacs XTC Compressed Trajectory"...OK
Opening: "/home/hervoe/snic2020-6-15/hervoe/Caffeine_solubility/Simulations/opls_simulations/Solute/trajectory_solute.xtc"...
  Trying plugin "Gromacs XTC Compressed Trajectory"...OK
Opening: "/home/hervoe/snic2020-6-15/hervoe/Caffeine_solubility/Simulations/opls_simulations/Solute/trajectory_solute.xtc"...
  Trying plugin "Gromacs XTC Compressed Trajectory"...OK
Opening: "/home/hervoe/snic2020-6-15/hervoe/Caffeine_solubility/Simulations/opls_simulations/Solute/trajectory_solute.xtc"...
  Trying plugin "Gromacs XTC Compressed Trajectory"...OK
Opening: "/home/hervoe/snic2020-6-15/hervoe/Caffeine_solubility/Simulations/opls_simulations/Solute/trajectory_solute.xtc"...
  Trying plugin "Gromacs XTC Compressed Trajectory"...OK
Opening: "/home/hervoe/snic2020-6-15/hervoe/Caffeine_solubility/Simulations/opls_simulations/Solute/trajectory_solute.xtc"...
  Trying plugin "Gromacs XTC Compressed Trajectory"...OK
 
  Number of the   1-th solvent  =           27
  Number of the   2-th solvent  =           27
  Number of the   3-th solvent  =         1000
 
  Be sure that the solvent distribution is homogeneous (radial distribution function is essentially unity) when the solvent molecule is separated beyond distance of   10.0 Angstrom in any direction from any atom within the solute molecule
 
  LJ long-range correction    =        -0.0839     -0.0055     -0.9334
 
  Self-energy of the solute   =        -0.0356  kcal/mol
 
 
 cumulative average & 95% error for solvation energy
              total             1st component         2nd component         3rd component
  1   -48.8400               -2.1987               -2.4501              -44.1556
  2   -48.7938     0.0923    -2.0244     0.3487    -3.1154     1.3307   -43.6184     1.0743
  3   -48.8625     0.1473    -1.7227     0.6360    -2.6585     1.1939   -44.4457     1.7669
  4   -48.8885     0.1165    -2.2346     1.1182    -2.5234     0.8864   -44.0949     1.4328
  5   -48.8711     0.0967    -2.4396     0.9583    -2.4765     0.6930   -43.9193     1.1641
  6   -48.8251     0.1212    -2.1966     0.9212    -2.6979     0.7184   -43.8951     0.9518
  7   -48.8473     0.1116    -2.2420     0.7839    -2.6611     0.6116   -43.9086     0.8048
  8   -48.8267     0.1050    -1.9500     0.8956    -3.0929     1.0131   -43.7483     0.7672
  9   -48.8464     0.1006    -1.9295     0.7909    -3.1885     0.9137   -43.6928     0.6856
 10   -48.8529     0.0909    -1.9425     0.7079    -3.1045     0.8343   -43.7703     0.6325
 11   -48.8694     0.0886    -1.9393     0.6403    -2.9142     0.8452   -43.9803     0.7098
 12   -48.8802     0.0837    -2.0414     0.6192    -3.0244     0.8025   -43.7787     0.7631
 13   -48.8817     0.0771    -1.8702     0.6645    -2.9587     0.7498   -44.0172     0.8487
 14   -48.8856     0.0718    -1.8595     0.6156    -2.8005     0.7628   -44.1899     0.8583
 15   -48.8765     0.0692    -1.7591     0.6073    -2.8836     0.7294   -44.1981     0.7992
 16   -48.8917     0.0715    -1.8334     0.5871    -2.7251     0.7523   -44.2976     0.7736
 17   -48.9038     0.0714    -1.8704     0.5565    -2.7118     0.7072   -44.2861     0.7270
 18   -48.9001     0.0677    -1.8464     0.5268    -2.7311     0.6679   -44.2869     0.6854
 19   -48.8951     0.0649    -2.0125     0.5989    -2.6406     0.6572   -44.2064     0.6681
 20   -48.8721     0.0768    -2.0541     0.5742    -2.6882     0.6307   -44.0942     0.6724
 21   -48.8830     0.0762    -1.9966     0.5581    -2.7429     0.6098   -44.1079     0.6401
 22   -48.8697     0.0774    -2.0335     0.5373    -2.7326     0.5818   -44.0679     0.6156
 23   -48.8738     0.0744    -2.0616     0.5164    -2.6937     0.5614   -44.0830     0.5889
 24   -48.8665     0.0728    -2.0628     0.4945    -2.6785     0.5383   -44.0896     0.5640
 25   -48.8635     0.0700    -1.8985     0.5769    -2.7764     0.5522   -44.1530     0.5557
 
 
 group  inft  solvation free energy     error          difference
  total solvation free energy
   1      0        -11.29042           0.10120          -0.02002
   1     60        -11.33203           0.10120          -0.06164
   1     80        -11.71525           0.10117          -0.44486
   1    100        -12.99303           0.10105          -1.72264
   2      0        -11.27050           0.10148          -0.00010
   3      0        -11.27040           0.09982          -0.00000
   4      0        -11.25646           0.10105           0.01394
   5      0        -11.25486           0.10215           0.01553
   5     60        -11.31238           0.10215          -0.04198
   5     80        -11.78697           0.10211          -0.51657
   5    100        -12.95854           0.10201          -1.68814
 
  contribution from  1-th solvent component
   1      0          0.25742           0.25711          -0.01223
   1     60          0.25564           0.25711          -0.01401
   1     80          0.23941           0.25713          -0.03024
   1    100          0.18878           0.25720          -0.08087
   2      0          0.26684           0.25705          -0.00281
   3      0          0.26965           0.25656           0.00000
   4      0          0.27246           0.25670           0.00281
   5      0          0.27360           0.25696           0.00395
   5     60          0.27104           0.25696           0.00139
   5     80          0.25150           0.25699          -0.01815
   5    100          0.20503           0.25705          -0.06462
 
  contribution from  2-th solvent component
   1      0         -1.33983           0.28097          -0.01157
   1     60         -1.34063           0.28098          -0.01237
   1     80         -1.34808           0.28104          -0.01982
   1    100         -1.37589           0.28117          -0.04763
   2      0         -1.32987           0.27993          -0.00161
   3      0         -1.32826           0.27871           0.00000
   4      0         -1.32442           0.27885           0.00384
   5      0         -1.32347           0.27872           0.00479
   5     60         -1.32450           0.27873           0.00376
   5     80         -1.33428           0.27878          -0.00602
   5    100         -1.35946           0.27887          -0.03120
 
  contribution from  3-th solvent component
   1      0        -10.17240           0.26361           0.00377
   1     60        -10.21143           0.26362          -0.03526
   1     80        -10.57097           0.26384          -0.39479
   1    100        -11.77031           0.26467          -1.59413
   2      0        -10.17186           0.26232           0.00431
   3      0        -10.17617           0.26211           0.00000
   4      0        -10.16888           0.25940           0.00729
   5      0        -10.16938           0.26071           0.00680
   5     60        -10.22331           0.26073          -0.04713
   5     80        -10.66858           0.26099          -0.49241
   5    100        -11.76849           0.26170          -1.59231
 
 
 group  inft   Estimated free energy: total (kcal/mol)
   1      0     -11.1318     -11.3515     -11.0556     -11.1653     -11.3067
                -11.8048     -10.6861     -11.4060     -11.3746     -11.4803
                -10.9051     -11.1887     -11.5572     -10.9457     -11.4351
                -11.2923     -11.0327     -11.4861     -11.2229     -11.5889
                -11.1808     -11.6693     -11.2926     -11.4479     -11.2526
   1     60     -11.1733     -11.3931     -11.0972     -11.2070     -11.3482
                -11.8464     -10.7277     -11.4476     -11.4163     -11.5219
                -10.9468     -11.2303     -11.5989     -10.9874     -11.4767
                -11.3340     -11.0743     -11.5279     -11.2645     -11.6304
                -11.2224     -11.7109     -11.3341     -11.4895     -11.2942
   1     80     -11.5561     -11.7758     -11.4801     -11.5910     -11.7295
                -12.2293     -11.1103     -11.8302     -11.8000     -11.9058
                -11.3303     -11.6131     -11.9837     -11.3719     -11.8599
                -11.7173     -11.4577     -11.9134     -11.6470     -12.0117
                -11.6061     -12.0930     -11.7176     -11.8726     -11.6780
   1    100     -12.8332     -13.0513     -12.7578     -12.8711     -13.0007
                -13.5064     -12.3859     -13.1058     -13.0786     -13.1851
                -12.6099     -12.8888     -13.2669     -12.6545     -13.1386
                -12.9963     -12.7356     -13.1979     -12.9222     -13.2820
                -12.8851     -13.3673     -12.9953     -13.1511     -12.9583
   2      0     -11.1079     -11.3344     -11.0449     -11.1543     -11.2941
                -11.7812     -10.6581     -11.3955     -11.3556     -11.4603
                -10.8853     -11.1722     -11.5287     -10.9134     -11.3990
                -11.2714     -11.0177     -11.4552     -11.1951     -11.5787
                -11.1586     -11.6578     -11.2874     -11.4221     -11.2336
   3      0     -11.1121     -11.3302     -11.0527     -11.1454     -11.2967
                -11.7714     -10.6682     -11.3893     -11.3595     -11.4697
                -10.8944     -11.1752     -11.5265     -10.9088     -11.4087
                -11.2762     -11.0232     -11.4526     -11.1946     -11.5724
                -11.1613     -11.6389     -11.2854     -11.4132     -11.2330
   4      0     -11.0910     -11.3202     -11.0239     -11.1443     -11.2903
                -11.7595     -10.6540     -11.3925     -11.3482     -11.4500
                -10.8692     -11.1785     -11.5016     -10.8828     -11.3849
                -11.2508     -11.0031     -11.4347     -11.1879     -11.5660
                -11.1484     -11.6405     -11.2786     -11.4024     -11.2081
   5      0     -11.0847     -11.3246     -11.0255     -11.1318     -11.2821
                -11.7640     -10.6521     -11.3863     -11.3480     -11.4590
                -10.8633     -11.1620     -11.5085     -10.8812     -11.3894
                -11.2618     -11.0009     -11.4280     -11.1821     -11.5673
                -11.1335     -11.6442     -11.2783     -11.4045     -11.2086
   5     60     -11.1421     -11.3820     -11.0830     -11.1894     -11.3394
                -11.8215     -10.7096     -11.4439     -11.4055     -11.5165
                -10.9208     -11.2195     -11.5662     -10.9388     -11.4468
                -11.3193     -11.0585     -11.4858     -11.2395     -11.6247
                -11.1911     -11.7016     -11.3358     -11.4620     -11.2662
   5     80     -11.6157     -11.8560     -11.5575     -11.6649     -11.8117
                -12.2957     -11.1837     -11.9184     -11.8807     -11.9920
                -11.3959     -11.6934     -12.0424     -11.4146     -11.9213
                -11.7942     -11.5333     -11.9627     -11.7129     -12.0972
                -11.6662     -12.1750     -11.8109     -11.9364     -11.7416
   5    100     -12.7852     -13.0257     -12.7293     -12.8383     -12.9774
                -13.4667     -12.3540     -13.0899     -13.0526     -13.1651
                -12.5690     -12.8626     -13.2184     -12.5895     -13.0932
                -12.9670     -12.7053     -13.1394     -12.8814     -13.2633
                -12.8387     -13.3440     -12.9832     -13.1086     -12.9158
 
 group  inft   Estimated free energy: 1-th solvent contribution (kcal/mol)
   1      0       0.2119       0.3149       0.8871      -0.5201      -0.2263
                  0.3895       0.3045       0.9261       0.3565      -0.0744
                  0.5038      -0.1665       0.9362       0.5559       1.0007
                 -0.0555       0.0979       0.2878      -1.1897      -0.5787
                  0.8914      -0.3527      -0.0731       0.0478       1.9606
   1     60       0.2101       0.3132       0.8853      -0.5219      -0.2281
                  0.3877       0.3027       0.9244       0.3547      -0.0762
                  0.5020      -0.1682       0.9344       0.5541       0.9990
                 -0.0573       0.0961       0.2860      -1.1915      -0.5805
                  0.8896      -0.3545      -0.0748       0.0460       1.9588
   1     80       0.1939       0.2974       0.8695      -0.5380      -0.2441
                  0.3714       0.2867       0.9085       0.3385      -0.0928
                  0.4854      -0.1845       0.9179       0.5376       0.9828
                 -0.0735       0.0797       0.2696      -1.2079      -0.5969
                  0.8735      -0.3707      -0.0912       0.0295       1.9427
   1    100       0.1433       0.2480       0.8203      -0.5885      -0.2939
                  0.3208       0.2370       0.8591       0.2881      -0.1445
                  0.4338      -0.2350       0.8664       0.4864       0.9324
                 -0.1241       0.0285       0.2184      -1.2588      -0.6483
                  0.8231      -0.4213      -0.1422      -0.0220       1.8923
   2      0       0.2223       0.3228       0.8965      -0.5165      -0.2197
                  0.4021       0.3185       0.9323       0.3649      -0.0705
                  0.5171      -0.1539       0.9453       0.5683       1.0122
                 -0.0403       0.1069       0.2948      -1.1802      -0.5697
                  0.9012      -0.3447      -0.0658       0.0625       1.9647
   3      0       0.2207       0.3244       0.8970      -0.5116      -0.2151
                  0.4057       0.3166       0.9365       0.3661      -0.0670
                  0.5233      -0.1497       0.9500       0.5726       1.0114
                 -0.0372       0.1068       0.2963      -1.1774      -0.5649
                  0.9015      -0.3367      -0.0602       0.0690       1.9631
   4      0       0.2265       0.3255       0.9032      -0.5076      -0.2168
                  0.4101       0.3212       0.9335       0.3716      -0.0625
                  0.5234      -0.1502       0.9520       0.5776       1.0172
                 -0.0348       0.1112       0.3001      -1.1727      -0.5648
                  0.9053      -0.3377      -0.0585       0.0724       1.9664
   5      0       0.2278       0.3251       0.9058      -0.5095      -0.2122
                  0.4054       0.3241       0.9314       0.3716      -0.0641
                  0.5340      -0.1459       0.9551       0.5791       1.0168
                 -0.0318       0.1104       0.3024      -1.1709      -0.5660
                  0.9126      -0.3404      -0.0580       0.0694       1.9680
   5     60       0.2252       0.3226       0.9033      -0.5121      -0.2148
                  0.4028       0.3216       0.9288       0.3690      -0.0668
                  0.5314      -0.1484       0.9525       0.5765       1.0142
                 -0.0343       0.1078       0.2999      -1.1735      -0.5686
                  0.9100      -0.3430      -0.0606       0.0668       1.9655
   5     80       0.2057       0.3035       0.8844      -0.5318      -0.2340
                  0.3834       0.3022       0.9094       0.3495      -0.0868
                  0.5116      -0.1680       0.9327       0.5569       0.9948
                 -0.0539       0.0881       0.2802      -1.1932      -0.5883
                  0.8905      -0.3624      -0.0801       0.0471       1.9460
   5    100       0.1592       0.2581       0.8393      -0.5786      -0.2798
                  0.3373       0.2563       0.8633       0.3030      -0.1345
                  0.4646      -0.2145       0.8856       0.5103       0.9486
                 -0.1004       0.0412       0.2334      -1.2400      -0.6352
                  0.8442      -0.4087      -0.1267       0.0002       1.8997
 
 group  inft   Estimated free energy: 2-th solvent contribution (kcal/mol)
   1      0      -1.1235      -2.0001      -0.8272      -0.9816      -1.3033
                 -2.1409      -0.8620      -2.8768      -1.9654      -1.0450
                 -0.3142      -2.0546      -0.9782      -0.2258      -2.1407
                 -0.2354      -0.9486      -1.5122      -0.4480      -1.8390
                 -1.7427      -1.5123      -0.9376      -1.2119      -2.2688
   1     60      -1.1243      -2.0009      -0.8280      -0.9824      -1.3041
                 -2.1417      -0.8628      -2.8776      -1.9662      -1.0457
                 -0.3150      -2.0553      -0.9790      -0.2266      -2.1415
                 -0.2362      -0.9494      -1.5131      -0.4488      -1.8398
                 -1.7435      -1.5131      -0.9384      -1.2127      -2.2696
   1     80      -1.1318      -2.0085      -0.8351      -0.9901      -1.3114
                 -2.1494      -0.8700      -2.8855      -1.9735      -1.0528
                 -0.3219      -2.0627      -0.9864      -0.2339      -2.1492
                 -0.2435      -0.9571      -1.5209      -0.4560      -1.8474
                 -1.7509      -1.5205      -0.9458      -1.2204      -2.2773
   1    100      -1.1603      -2.0367      -0.8626      -1.0185      -1.3387
                 -2.1778      -0.8972      -2.9143      -2.0006      -1.0790
                 -0.3492      -2.0898      -1.0139      -0.2615      -2.1783
                 -0.2710      -0.9856      -1.5497      -0.4829      -1.8751
                 -1.7784      -1.5479      -0.9738      -1.2488      -2.3059
   2      0      -1.1138      -1.9901      -0.8276      -0.9757      -1.2974
                 -2.1265      -0.8469      -2.8622      -1.9549      -1.0336
                 -0.3084      -2.0434      -0.9714      -0.2106      -2.1196
                 -0.2350      -0.9411      -1.4972      -0.4367      -1.8294
                 -1.7275      -1.5065      -0.9357      -1.2014      -2.2540
   3      0      -1.1153      -1.9837      -0.8324      -0.9728      -1.2978
                 -2.1198      -0.8498      -2.8532      -1.9540      -1.0387
                 -0.3187      -2.0431      -0.9714      -0.2104      -2.1166
                 -0.2388      -0.9373      -1.4905      -0.4338      -1.8230
                 -1.7273      -1.5001      -0.9325      -1.1979      -2.2478
   4      0      -1.1092      -1.9774      -0.8285      -0.9693      -1.2967
                 -2.1227      -0.8435      -2.8498      -1.9519      -1.0291
                 -0.3062      -2.0336      -0.9689      -0.2084      -2.1129
                 -0.2315      -0.9351      -1.4892      -0.4395      -1.8219
                 -1.7218      -1.4971      -0.9272      -1.1968      -2.2424
   5      0      -1.1015      -1.9799      -0.8300      -0.9612      -1.2958
                 -2.1184      -0.8462      -2.8494      -1.9499      -1.0331
                 -0.3111      -2.0328      -0.9672      -0.2069      -2.1149
                 -0.2338      -0.9339      -1.4854      -0.4339      -1.8206
                 -1.7190      -1.4991      -0.9292      -1.1931      -2.2404
   5     60      -1.1026      -1.9810      -0.8309      -0.9623      -1.2968
                 -2.1194      -0.8472      -2.8505      -1.9509      -1.0341
                 -0.3121      -2.0338      -0.9683      -0.2079      -2.1159
                 -0.2349      -0.9349      -1.4864      -0.4349      -1.8217
                 -1.7201      -1.5001      -0.9302      -1.1942      -2.2414
   5     80      -1.1124      -1.9909      -0.8405      -0.9722      -1.3065
                 -2.1295      -0.8568      -2.8607      -1.9605      -1.0435
                 -0.3214      -2.0434      -0.9781      -0.2176      -2.1259
                 -0.2445      -0.9449      -1.4965      -0.4444      -1.8316
                 -1.7297      -1.5099      -0.9400      -1.2042      -2.2514
   5    100      -1.1379      -2.0165      -0.8657      -0.9978      -1.3314
                 -2.1554      -0.8818      -2.8867      -1.9848      -1.0674
                 -0.3460      -2.0677      -1.0033      -0.2427      -2.1518
                 -0.2694      -0.9705      -1.5224      -0.4687      -1.8570
                 -1.7543      -1.5351      -0.9654      -1.2299      -2.2771
 
 group  inft   Estimated free energy: 3-th solvent contribution (kcal/mol)
   1      0     -10.1846      -9.6307     -11.0798      -9.6279      -9.7415
                -10.0177     -10.0929      -9.4197      -9.7300     -10.3254
                -11.0591      -8.9321     -11.4796     -11.2401     -10.2595
                -10.9658     -10.1464     -10.2260      -9.5496      -9.1356
                -10.2939      -9.7687     -10.2463     -10.2481     -10.9088
   1     60     -10.2236      -9.6698     -11.1189      -9.6671      -9.7804
                -10.0568     -10.1320      -9.4587      -9.7691     -10.3644
                -11.0982      -8.9711     -11.5187     -11.2793     -10.2985
                -11.0049     -10.1854     -10.2652      -9.5886      -9.1744
                -10.3329      -9.8077     -10.2853     -10.2871     -10.9478
   1     80     -10.5826     -10.0291     -11.4789     -10.0273     -10.1384
                -10.4158     -10.4914      -9.8177     -10.1294     -10.7247
                -11.4581      -9.3303     -11.8795     -11.6400     -10.6579
                -11.3648     -10.5447     -10.6265      -9.9475      -9.5317
                -10.6930     -10.1662     -10.6450     -10.6461     -11.3077
   1    100     -11.7806     -11.2270     -12.6799     -11.2286     -11.3325
                -11.6138     -11.6902     -11.0150     -11.3305     -11.9260
                -12.6589     -10.5283     -13.0838     -12.8438     -11.8571
                -12.5656     -11.7430     -11.8311     -11.1449     -10.7230
                -11.8942     -11.3625     -11.8438     -11.8447     -12.5092
   2      0     -10.1808      -9.6314     -11.0782      -9.6265      -9.7415
                -10.0212     -10.0941      -9.4299      -9.7300     -10.3205
                -11.0583      -8.9392     -11.4670     -11.2355     -10.2560
                -10.9605     -10.1478     -10.2172      -9.5426      -9.1440
                -10.2966      -9.7710     -10.2504     -10.2477     -10.9086
   3      0     -10.1820      -9.6354     -11.0817      -9.6255      -9.7482
                -10.0218     -10.0994      -9.4370      -9.7360     -10.3284
                -11.0634      -8.9467     -11.4695     -11.2354     -10.2679
                -10.9647     -10.1570     -10.2228      -9.5478      -9.1490
                -10.2999      -9.7665     -10.2571     -10.2487     -10.9128
   4      0     -10.1727      -9.6327     -11.0631      -9.6318      -9.7412
                -10.0113     -10.0962      -9.4405      -9.7323     -10.3227
                -11.0508      -8.9591     -11.4491     -11.2164     -10.2537
                -10.9489     -10.1435     -10.2100      -9.5402      -9.1436
                -10.2963      -9.7701     -10.2573     -10.2424     -10.8965
   5      0     -10.1753      -9.6342     -11.0657      -9.6254      -9.7384
                -10.0154     -10.0945      -9.4326      -9.7341     -10.3261
                -11.0506      -8.9477     -11.4608     -11.2177     -10.2557
                -10.9606     -10.1418     -10.2095      -9.5417      -9.1450
                -10.2914      -9.7691     -10.2555     -10.2451     -10.9006
   5     60     -10.2291      -9.6881     -11.1198      -9.6794      -9.7922
                -10.0693     -10.1484      -9.4866      -9.7881     -10.3800
                -11.1045      -9.0017     -11.5147     -11.2718     -10.3096
                -11.0145     -10.1957     -10.2636      -9.5955      -9.1988
                -10.3454      -9.8229     -10.3095     -10.2989     -10.9546
   5     80     -10.6734     -10.1330     -11.5657     -10.1253     -10.2356
                -10.5140     -10.5935      -9.9315     -10.2341     -10.8261
                -11.5505      -9.4464     -11.9614     -11.7183     -10.7546
                -11.4603     -10.6409     -10.7108     -10.0397      -9.6417
                -10.7914     -10.2671     -10.7552     -10.7437     -11.4005
   5    100     -11.7709     -11.2316     -12.6672     -11.2263     -11.3305
                -11.6130     -11.6929     -11.0308     -11.3352     -11.9275
                -12.6520     -10.5448     -13.0651     -12.8215     -11.8545
                -12.5616     -11.7404     -11.8148     -11.1371     -10.7355
                -11.8930     -11.3646     -11.8555     -11.8433     -12.5028
 
 
 cumulative average & 95% error for solvation free energy
              total             1st component         2nd component         3rd component
  1   -11.1121     0.0000     0.2207     0.0000    -1.1153     0.0000   -10.1820     0.0000
  2   -11.2212     0.2181     0.2726     0.1037    -1.5495     0.8684    -9.9087     0.5466
  3   -11.1650     0.1687     0.4807     0.4206    -1.3105     0.6927   -10.2997     0.8433
  4   -11.1601     0.1197     0.2326     0.5785    -1.2260     0.5181   -10.1311     0.6850
  5   -11.1874     0.1076     0.1431     0.4826    -1.2404     0.4024   -10.0545     0.5523
  6   -11.2848     0.2136     0.1869     0.4036    -1.3869     0.4403   -10.0491     0.4511
  7   -11.1967     0.2522     0.2054     0.3431    -1.3102     0.4025   -10.0563     0.3815
  8   -11.2208     0.2237     0.2968     0.3489    -1.5031     0.5199    -9.9789     0.3649
  9   -11.2362     0.1996     0.3045     0.3081    -1.5532     0.4693    -9.9519     0.3263
 10   -11.2595     0.1846     0.2673     0.2854    -1.5017     0.4322    -9.9895     0.3014
 11   -11.2263     0.1797     0.2906     0.2623    -1.3942     0.4462   -10.0871     0.3353
 12   -11.2221     0.1642     0.2539     0.2504    -1.4483     0.4215    -9.9921     0.3603
 13   -11.2455     0.1582     0.3075     0.2540    -1.4116     0.3946   -10.1058     0.4019
 14   -11.2214     0.1541     0.3264     0.2382    -1.3258     0.4036   -10.1864     0.4056
 15   -11.2339     0.1456     0.3721     0.2398    -1.3785     0.3902   -10.1919     0.3777
 16   -11.2366     0.1363     0.3465     0.2301    -1.3073     0.3919   -10.2402     0.3663
 17   -11.2240     0.1305     0.3324     0.2180    -1.2855     0.3707   -10.2353     0.3442
 18   -11.2367     0.1256     0.3304     0.2056    -1.2969     0.3502   -10.2346     0.3245
 19   -11.2345     0.1189     0.2510     0.2510    -1.2515     0.3435   -10.1984     0.3154
 20   -11.2514     0.1178     0.2102     0.2517    -1.2800     0.3308   -10.1460     0.3171
 21   -11.2471     0.1124     0.2431     0.2483    -1.3013     0.3176   -10.1533     0.3019
 22   -11.2649     0.1129     0.2168     0.2425    -1.3104     0.3033   -10.1357     0.2900
 23   -11.2658     0.1079     0.2047     0.2330    -1.2939     0.2917   -10.1410     0.2773
 24   -11.2720     0.1040     0.1991     0.2234    -1.2899     0.2794   -10.1455     0.2657
 25   -11.2704     0.0998     0.2696     0.2566    -1.3283     0.2787   -10.1762     0.2621
