 ERmod 0.3.7, Copyright (C) 2000-2019 Nobuyuki Matubayasi
                            2010-2019 Shun Sakuraba
 ERmod comes with ABSOLUTELY NO WARRANTY.
 This is free software, and you can redistribute it
 and/or modify it under certain conditions.
 See LICENSE file for details.
Opening: "/home/hervoe/snic2020-6-15/hervoe/Caffeine_solubility/Simulations/opls_simulations/CsF/1.00/trajectory_sol_full.xtc"...
  Trying plugin "Gromacs XTC Compressed Trajectory"...OK
 ERmod 0.3.7, Copyright (C) 2000-2019 Nobuyuki Matubayasi
                            2010-2019 Shun Sakuraba
 ERmod comes with ABSOLUTELY NO WARRANTY.
 This is free software, and you can redistribute it
 and/or modify it under certain conditions.
 See LICENSE file for details.
Opening: "/home/hervoe/snic2020-6-15/hervoe/Caffeine_solubility/Simulations/opls_simulations/CsF/1.00/trajectory_ref_full.xtc"...
  Trying plugin "Gromacs XTC Compressed Trajectory"...OK
Opening: "/home/hervoe/snic2020-6-15/hervoe/Caffeine_solubility/Simulations/opls_simulations/Solute/trajectory_solute.xtc"...
  Trying plugin "Gromacs XTC Compressed Trajectory"...OK
Opening: "/home/hervoe/snic2020-6-15/hervoe/Caffeine_solubility/Simulations/opls_simulations/Solute/trajectory_solute.xtc"...
  Trying plugin "Gromacs XTC Compressed Trajectory"...OK
Opening: "/home/hervoe/snic2020-6-15/hervoe/Caffeine_solubility/Simulations/opls_simulations/Solute/trajectory_solute.xtc"...
  Trying plugin "Gromacs XTC Compressed Trajectory"...OK
Opening: "/home/hervoe/snic2020-6-15/hervoe/Caffeine_solubility/Simulations/opls_simulations/Solute/trajectory_solute.xtc"...
  Trying plugin "Gromacs XTC Compressed Trajectory"...OK
Opening: "/home/hervoe/snic2020-6-15/hervoe/Caffeine_solubility/Simulations/opls_simulations/Solute/trajectory_solute.xtc"...
  Trying plugin "Gromacs XTC Compressed Trajectory"...OK
Opening: "/home/hervoe/snic2020-6-15/hervoe/Caffeine_solubility/Simulations/opls_simulations/Solute/trajectory_solute.xtc"...
  Trying plugin "Gromacs XTC Compressed Trajectory"...OK
Opening: "/home/hervoe/snic2020-6-15/hervoe/Caffeine_solubility/Simulations/opls_simulations/Solute/trajectory_solute.xtc"...
  Trying plugin "Gromacs XTC Compressed Trajectory"...OK
Opening: "/home/hervoe/snic2020-6-15/hervoe/Caffeine_solubility/Simulations/opls_simulations/Solute/trajectory_solute.xtc"...
  Trying plugin "Gromacs XTC Compressed Trajectory"...OK
Opening: "/home/hervoe/snic2020-6-15/hervoe/Caffeine_solubility/Simulations/opls_simulations/Solute/trajectory_solute.xtc"...
  Trying plugin "Gromacs XTC Compressed Trajectory"...OK
Opening: "/home/hervoe/snic2020-6-15/hervoe/Caffeine_solubility/Simulations/opls_simulations/Solute/trajectory_solute.xtc"...
  Trying plugin "Gromacs XTC Compressed Trajectory"...OK
 
  Number of the   1-th solvent  =           18
  Number of the   2-th solvent  =           18
  Number of the   3-th solvent  =         1000
 
  Be sure that the solvent distribution is homogeneous (radial distribution function is essentially unity) when the solvent molecule is separated beyond distance of   10.0 Angstrom in any direction from any atom within the solute molecule
 
  LJ long-range correction    =        -0.0258     -0.0041     -1.0350
 
  Self-energy of the solute   =        -0.0395  kcal/mol
 
 
 cumulative average & 95% error for solvation energy
              total             1st component         2nd component         3rd component
  1   -49.8306               -3.1210               -0.4743              -46.1958
  2   -49.7558     0.1496    -1.5348     3.1724    -1.3415     1.7343   -46.8400     1.2884
  3   -49.7763     0.0956    -1.0811     2.0440    -2.0276     1.6987   -46.6281     0.8562
  4   -49.8398     0.1439    -1.0048     1.4534    -1.9978     1.2026   -46.7977     0.6940
  5   -49.8902     0.1504    -1.2421     1.2218    -1.5076     1.3524   -47.1010     0.8105
  6   -49.8893     0.1228    -0.9802     1.1268    -1.5666     1.1105   -47.3030     0.7754
  7   -49.8869     0.1039    -0.7527     1.0554    -1.9309     1.1882   -47.1638     0.7120
  8   -49.9029     0.0955    -0.6900     0.9226    -1.8407     1.0447   -47.3327     0.7031
  9   -49.9147     0.0875    -0.4341     0.9612    -2.0335     0.9988   -47.4076     0.6379
 10   -49.9338     0.0870    -0.5280     0.8799    -1.9761     0.9007   -47.3902     0.5716
 11   -49.9413     0.0801    -0.6140     0.8143    -1.9082     0.8259   -47.3796     0.5175
 12   -49.9313     0.0758    -0.5339     0.7605    -1.9196     0.7543   -47.4383     0.4868
 13   -49.9267     0.0703    -0.5177     0.7003    -1.9375     0.6948   -47.4320     0.4480
 14   -49.9145     0.0695    -0.3445     0.7351    -2.0743     0.6990   -47.4563     0.4176
 15   -49.9102     0.0653    -0.2527     0.7085    -2.2063     0.7022   -47.4117     0.3988
 16   -49.9049     0.0620    -0.2585     0.6629    -2.2132     0.6570   -47.3937     0.3748
 17   -49.9133     0.0606    -0.1520     0.6581    -2.3295     0.6595   -47.3923     0.3521
 18   -49.9013     0.0619    -0.1562     0.6205    -2.3526     0.6235   -47.3530     0.3411
 19   -49.8941     0.0603    -0.0421     0.6297    -2.4954     0.6553   -47.3170     0.3306
 20   -49.9081     0.0637    -0.0769     0.6014    -2.4536     0.6273   -47.3382     0.3165
 21   -49.9121     0.0611    -0.1103     0.5759    -2.5094     0.6070   -47.2530     0.3459
 22   -49.9215     0.0612    -0.0943     0.5501    -2.4489     0.5913   -47.3389     0.3718
 23   -49.9164     0.0594    -0.1698     0.5469    -2.3908     0.5768   -47.3164     0.3581
 24   -49.9215     0.0577    -0.1929     0.5256    -2.3769     0.5529   -47.3123     0.3430
 25   -49.9201     0.0555    -0.1551     0.5098    -2.3898     0.5310   -47.3357     0.3323
 
 
 group  inft  solvation free energy     error          difference
  total solvation free energy
   1      0        -10.96431           0.10870          -0.00193
   1     60        -10.99545           0.10870          -0.03307
   1     80        -11.32412           0.10890          -0.36175
   1    100        -12.55801           0.10956          -1.59563
   2      0        -10.95933           0.10923           0.00305
   3      0        -10.96238           0.10872           0.00000
   4      0        -10.94978           0.10952           0.01259
   5      0        -10.95525           0.10976           0.00712
   5     60        -10.99842           0.10976          -0.03605
   5     80        -11.41575           0.10999          -0.45338
   5    100        -12.55023           0.11061          -1.58785
 
  contribution from  1-th solvent component
   1      0          0.30430           0.27763          -0.00238
   1     60          0.30533           0.27762          -0.00135
   1     80          0.31806           0.27771           0.01139
   1    100          0.34685           0.27808           0.04017
   2      0          0.30535           0.27815          -0.00133
   3      0          0.30668           0.27639           0.00000
   4      0          0.31125           0.27625           0.00457
   5      0          0.30658           0.27680          -0.00010
   5     60          0.30809           0.27679           0.00141
   5     80          0.32175           0.27693           0.01507
   5    100          0.34907           0.27730           0.04239
 
  contribution from  2-th solvent component
   1      0         -1.19779           0.27878          -0.00964
   1     60         -1.19834           0.27879          -0.01019
   1     80         -1.20363           0.27886          -0.01549
   1    100         -1.22431           0.27909          -0.03616
   2      0         -1.19095           0.27690          -0.00281
   3      0         -1.18814           0.27640           0.00000
   4      0         -1.18728           0.27589           0.00086
   5      0         -1.18551           0.27628           0.00264
   5     60         -1.18625           0.27629           0.00190
   5     80         -1.19322           0.27636          -0.00508
   5    100         -1.21237           0.27651          -0.02423
 
  contribution from  3-th solvent component
   1      0        -10.03133           0.16376           0.01008
   1     60        -10.06295           0.16376          -0.02153
   1     80        -10.39906           0.16388          -0.35764
   1    100        -11.64106           0.16440          -1.59964
   2      0        -10.03423           0.16402           0.00719
   3      0        -10.04142           0.16279           0.00000
   4      0        -10.03426           0.16181           0.00716
   5      0        -10.03683           0.16215           0.00459
   5     60        -10.08077           0.16216          -0.03936
   5     80        -10.50479           0.16231          -0.46337
   5    100        -11.64743           0.16276          -1.60601
 
 
 group  inft   Estimated free energy: total (kcal/mol)
   1      0     -10.9719     -10.6668     -10.9004     -11.0006     -11.1936
                -10.8010     -10.7909     -10.9462     -10.9224     -11.4238
                -10.5520     -11.0140     -10.3836     -11.1890     -11.1733
                -11.0222     -10.9179     -11.4663     -10.6358     -11.2611
                -11.2704     -10.8883     -11.1631     -10.9877     -10.5657
   1     60     -11.0029     -10.6980     -10.9315     -11.0318     -11.2244
                -10.8320     -10.8222     -10.9776     -10.9536     -11.4549
                -10.5830     -11.0448     -10.4148     -11.2201     -11.2046
                -11.0532     -10.9491     -11.4975     -10.6668     -11.2923
                -11.3016     -10.9197     -11.1942     -11.0190     -10.5969
   1     80     -11.3307     -11.0257     -11.2595     -11.3620     -11.5505
                -11.1588     -11.1519     -11.3087     -11.2837     -11.7839
                -10.9096     -11.3695     -10.7434     -11.5481     -11.5342
                -11.3806     -11.2784     -11.8278     -10.9925     -11.6221
                -11.6332     -11.2497     -11.5235     -11.3485     -10.9264
   1    100     -12.5620     -12.2566     -12.4910     -12.6009     -12.7776
                -12.3856     -12.3888     -12.5515     -12.5236     -13.0191
                -12.1360     -12.5918     -11.9781     -12.7801     -12.7693
                -12.6106     -12.5143     -13.0673     -12.2162     -12.8596
                -12.8756     -12.4889     -12.7589     -12.5830     -12.1642
   2      0     -10.9871     -10.6497     -10.8743     -10.9794     -11.2360
                -10.7785     -10.7796     -10.9293     -10.9096     -11.4122
                -10.5639     -11.0350     -10.3620     -11.1825     -11.1651
                -11.0277     -10.9271     -11.4498     -10.6256     -11.2513
                -11.2588     -10.9017     -11.1400     -10.9914     -10.5657
   3      0     -10.9951     -10.6426     -10.8791     -10.9841     -11.2275
                -10.7805     -10.7936     -10.9262     -10.9114     -11.4035
                -10.5779     -11.0264     -10.3666     -11.1919     -11.1809
                -11.0164     -10.9341     -11.4541     -10.6377     -11.2683
                -11.2678     -10.8978     -11.1305     -10.9946     -10.5708
   4      0     -10.9688     -10.6065     -10.8685     -10.9893     -11.1962
                -10.7644     -10.7895     -10.8914     -10.8999     -11.4035
                -10.5587     -11.0164     -10.3416     -11.1503     -11.1619
                -11.0220     -10.9287     -11.4492     -10.6295     -11.2622
                -11.2424     -10.9066     -11.1293     -11.0048     -10.5628
   5      0     -10.9878     -10.6326     -10.8623     -10.9825     -11.2166
                -10.7795     -10.7966     -10.8985     -10.8961     -11.4136
                -10.5700     -11.0349     -10.3416     -11.1574     -11.1781
                -11.0112     -10.9337     -11.4484     -10.6322     -11.2651
                -11.2523     -10.8851     -11.1304     -11.0134     -10.5615
   5     60     -11.0309     -10.6757     -10.9055     -11.0257     -11.2594
                -10.8225     -10.8400     -10.9420     -10.9394     -11.4568
                -10.6130     -11.0776     -10.3848     -11.2005     -11.2214
                -11.0542     -10.9769     -11.4916     -10.6751     -11.3084
                -11.2957     -10.9285     -11.1735     -11.0567     -10.6048
   5     80     -11.4473     -11.0917     -11.3214     -11.4451     -11.6745
                -11.2377     -11.2585     -11.3620     -11.3582     -11.8744
                -11.0281     -11.4907     -10.8020     -11.6171     -11.6401
                -11.4704     -11.3950     -11.9105     -11.0890     -11.7272
                -11.7164     -11.3471     -11.5915     -11.4749     -11.0230
   5    100     -12.5802     -12.2213     -12.4527     -12.5839     -12.8035
                -12.3666     -12.3960     -12.5040     -12.4975     -13.0103
                -12.1571     -12.6133     -11.9364     -12.7508     -12.7770
                -12.6018     -12.5320     -13.0493     -12.2141     -12.8649
                -12.8593     -12.4858     -12.7269     -12.6103     -12.1607
 
 group  inft   Estimated free energy: 1-th solvent contribution (kcal/mol)
   1      0      -1.1398       0.5247       0.4268      -0.0945      -1.0175
                  0.4498       0.8394       0.2289       1.2348      -0.4758
                 -0.1804       0.5939       0.6216       1.0761       0.8376
                  0.0415       1.0615      -0.0147       1.6258       0.1044
                 -0.1729       0.6248      -0.7082       0.1112       1.0087
   1     60      -1.1388       0.5258       0.4278      -0.0934      -1.0163
                  0.4509       0.8403       0.2298       1.2357      -0.4748
                 -0.1794       0.5953       0.6226       1.0770       0.8385
                  0.0425       1.0625      -0.0137       1.6268       0.1055
                 -0.1719       0.6258      -0.7072       0.1122       1.0097
   1     80      -1.1262       0.5408       0.4406      -0.0806      -1.0025
                  0.4645       0.8528       0.2409       1.2481      -0.4628
                 -0.1667       0.6124       0.6359       1.0886       0.8502
                  0.0557       1.0740      -0.0024       1.6414       0.1186
                 -0.1619       0.6385      -0.6952       0.1245       1.0226
   1    100      -1.0976       0.5766       0.4703      -0.0520      -0.9719
                  0.4958       0.8814       0.2649       1.2762      -0.4364
                 -0.1373       0.6529       0.6668       1.1140       0.8759
                  0.0853       1.0989       0.0221       1.6760       0.1484
                 -0.1421       0.6676      -0.6696       0.1524       1.0525
   2      0      -1.1498       0.5321       0.4429      -0.0941      -1.0430
                  0.4764       0.8487       0.2325       1.2379      -0.4614
                 -0.1726       0.5705       0.6298       1.0660       0.8411
                  0.0379       1.0505      -0.0165       1.6335       0.1055
                 -0.1715       0.6209      -0.6979       0.1166       0.9979
   3      0      -1.1393       0.5389       0.4415      -0.0931      -1.0278
                  0.4758       0.8451       0.2463       1.2372      -0.4554
                 -0.1682       0.5790       0.6300       1.0621       0.8320
                  0.0543       1.0451      -0.0192       1.6250       0.1024
                 -0.1644       0.6107      -0.7010       0.1146       0.9955
   4      0      -1.1289       0.5644       0.4546      -0.1003      -1.0046
                  0.4753       0.8476       0.2554       1.2425      -0.4552
                 -0.1548       0.5747       0.6440       1.0772       0.8331
                  0.0388       1.0427      -0.0203       1.6358       0.0908
                 -0.1495       0.6082      -0.7007       0.1116       0.9988
   5      0      -1.1406       0.5379       0.4479      -0.0905      -1.0289
                  0.4672       0.8359       0.2536       1.2391      -0.4603
                 -0.1615       0.5650       0.6323       1.0782       0.8320
                  0.0532       1.0464      -0.0150       1.6264       0.0966
                 -0.1574       0.6134      -0.7053       0.1012       0.9974
   5     60      -1.1390       0.5396       0.4493      -0.0889      -1.0271
                  0.4688       0.8373       0.2550       1.2405      -0.4589
                 -0.1600       0.5671       0.6338       1.0797       0.8334
                  0.0547       1.0478      -0.0136       1.6280       0.0981
                 -0.1560       0.6148      -0.7037       0.1026       0.9989
   5     80      -1.1255       0.5560       0.4633      -0.0754      -1.0126
                  0.4833       0.8509       0.2669       1.2539      -0.4461
                 -0.1462       0.5855       0.6482       1.0919       0.8458
                  0.0686       1.0602      -0.0016       1.6439       0.1121
                 -0.1456       0.6287      -0.6914       0.1160       1.0128
   5    100      -1.0984       0.5906       0.4916      -0.0487      -0.9833
                  0.5132       0.8781       0.2896       1.2804      -0.4212
                 -0.1181       0.6253       0.6778       1.1155       0.8697
                  0.0969       1.0840       0.0212       1.6774       0.1402
                 -0.1271       0.6565      -0.6677       0.1426       1.0407
 
 group  inft   Estimated free energy: 2-th solvent contribution (kcal/mol)
   1      0      -0.3129      -1.0566      -1.7752      -0.8767       0.3770
                 -0.7060      -2.0439      -0.5306      -1.7261      -0.9388
                 -0.3202      -1.1820      -0.8957      -1.9543      -2.2429
                 -1.0805      -1.8926      -1.7011      -2.4829      -1.1039
                 -1.9381      -0.5604      -0.6547      -1.1350      -1.2106
   1     60      -0.3134      -1.0572      -1.7758      -0.8772       0.3765
                 -0.7066      -2.0445      -0.5311      -1.7266      -0.9393
                 -0.3208      -1.1825      -0.8963      -1.9548      -2.2435
                 -1.0811      -1.8931      -1.7017      -2.4835      -1.1044
                 -1.9387      -0.5609      -0.6553      -1.1356      -1.2112
   1     80      -0.3186      -1.0625      -1.7812      -0.8828       0.3717
                 -0.7118      -2.0499      -0.5358      -1.7321      -0.9447
                 -0.3250      -1.1879      -0.9018      -1.9604      -2.2489
                 -1.0865      -1.8984      -1.7071      -2.4888      -1.1098
                 -1.9441      -0.5660      -0.6607      -1.1409      -1.2167
   1    100      -0.3390      -1.0832      -1.8019      -0.9043       0.3527
                 -0.7324      -2.0711      -0.5547      -1.7534      -0.9657
                 -0.3421      -1.2089      -0.9233      -1.9821      -2.2700
                 -1.1076      -1.9190      -1.7279      -2.5097      -1.1307
                 -1.9654      -0.5859      -0.6818      -1.1616      -1.2385
   2      0      -0.3207      -1.0427      -1.7694      -0.8604       0.3702
                 -0.7057      -2.0361      -0.5255      -1.7113      -0.9396
                 -0.3331      -1.1746      -0.8798      -1.9405      -2.2254
                 -1.0719      -1.8836      -1.6898      -2.4778      -1.0970
                 -1.9266      -0.5636      -0.6404      -1.1319      -1.1967
   3      0      -0.3192      -1.0403      -1.7576      -0.8627       0.3686
                 -0.7051      -2.0355      -0.5259      -1.7050      -0.9309
                 -0.3429      -1.1690      -0.8783      -1.9374      -2.2286
                 -1.0712      -1.8810      -1.6859      -2.4686      -1.1001
                 -1.9253      -0.5533      -0.6294      -1.1278      -1.1915
   4      0      -0.3213      -1.0356      -1.7614      -0.8596       0.3661
                 -0.7005      -2.0303      -0.5288      -1.7033      -0.9338
                 -0.3420      -1.1695      -0.8717      -1.9356      -2.2177
                 -1.0666      -1.8790      -1.6810      -2.4749      -1.0971
                 -1.9213      -0.5580      -0.6345      -1.1287      -1.1962
   5      0      -0.3191      -1.0367      -1.7518      -0.8586       0.3721
                 -0.7009      -2.0343      -0.5235      -1.6943      -0.9371
                 -0.3443      -1.1659      -0.8662      -1.9297      -2.2270
                 -1.0654      -1.8832      -1.6859      -2.4676      -1.0976
                 -1.9205      -0.5488      -0.6299      -1.1280      -1.1937
   5     60      -0.3199      -1.0374      -1.7525      -0.8593       0.3714
                 -0.7016      -2.0351      -0.5242      -1.6951      -0.9378
                 -0.3450      -1.1666      -0.8670      -1.9304      -2.2278
                 -1.0662      -1.8839      -1.6867      -2.4683      -1.0983
                 -1.9212      -0.5495      -0.6306      -1.1287      -1.1944
   5     80      -0.3268      -1.0443      -1.7596      -0.8666       0.3650
                 -0.7087      -2.0422      -0.5304      -1.7022      -0.9450
                 -0.3510      -1.1736      -0.8742      -1.9376      -2.2349
                 -1.0733      -1.8910      -1.6937      -2.4754      -1.1055
                 -1.9283      -0.5562      -0.6377      -1.1357      -1.2016
   5    100      -0.3462      -1.0633      -1.7786      -0.8863       0.3470
                 -0.7280      -2.0616      -0.5480      -1.7215      -0.9647
                 -0.3677      -1.1927      -0.8939      -1.9572      -2.2542
                 -1.0930      -1.9105      -1.7130      -2.4948      -1.1251
                 -1.9478      -0.5746      -0.6570      -1.1549      -1.2216
 
 group  inft   Estimated free energy: 3-th solvent contribution (kcal/mol)
   1      0      -9.4797     -10.0954      -9.5125      -9.9899     -10.5135
                -10.5053      -9.5468     -10.6050     -10.3916      -9.9698
                -10.0118     -10.3864     -10.0699     -10.2713      -9.7285
                 -9.9436     -10.0474      -9.7110      -9.7392     -10.2221
                 -9.1199     -10.9133      -9.7606      -9.9244     -10.3243
   1     60      -9.5112     -10.1271      -9.5440     -10.0216     -10.5450
                -10.5369      -9.5785     -10.6367     -10.4232     -10.0014
                -10.0433     -10.4180     -10.1016     -10.3028      -9.7602
                 -9.9752     -10.0789      -9.7426      -9.7707     -10.2539
                 -9.1516     -10.9450      -9.7922      -9.9560     -10.3559
   1     80      -9.8465     -10.4646      -9.8794     -10.3592     -10.8802
                -10.8719      -9.9153     -10.9744     -10.7602     -10.3369
                -10.3784     -10.7544     -10.4381     -10.6369     -10.0960
                -10.3102     -10.4145     -10.0789     -10.1055     -10.5913
                 -9.4877     -11.2827     -10.1281     -10.2925     -10.6928
   1    100     -11.0858     -11.7104     -11.1199     -11.6051     -12.1189
                -12.1096     -11.1597     -12.2223     -12.0068     -11.5775
                -11.6171     -11.9963     -11.6822     -11.8725     -11.3356
                -11.5488     -11.6547     -11.3220     -11.3429     -11.8378
                -10.7287     -12.5311     -11.3679     -11.5343     -11.9386
   2      0      -9.4772     -10.0996      -9.5084      -9.9853     -10.5238
                -10.5097      -9.5527     -10.5968     -10.3967      -9.9717
                -10.0187     -10.3913     -10.0724     -10.2685      -9.7413
                 -9.9542     -10.0546      -9.7041      -9.7418     -10.2203
                 -9.1213     -10.9195      -9.7621      -9.9365     -10.3274
   3      0      -9.4971     -10.1018      -9.5234      -9.9888     -10.5289
                -10.5117      -9.5636     -10.6071     -10.4042      -9.9777
                -10.0273     -10.3968     -10.0787     -10.2771      -9.7449
                 -9.9601     -10.0587      -9.7095      -9.7546     -10.2311
                 -9.1386     -10.9157      -9.7606      -9.9420     -10.3354
   4      0      -9.4791     -10.0958      -9.5223      -9.9899     -10.5182
                -10.4998      -9.5673     -10.5786     -10.3997      -9.9751
                -10.0225     -10.3821     -10.0745     -10.2524      -9.7378
                 -9.9547     -10.0529      -9.7084      -9.7509     -10.2164
                 -9.1321     -10.9173      -9.7546      -9.9483     -10.3259
   5      0      -9.4887     -10.0944      -9.5190      -9.9939     -10.5204
                -10.5063      -9.5587     -10.5892     -10.4014      -9.9767
                -10.0247     -10.3946     -10.0682     -10.2665      -9.7436
                 -9.9595     -10.0574      -9.7080      -9.7515     -10.2246
                 -9.1350     -10.9101      -9.7558      -9.9471     -10.3258
   5     60      -9.5325     -10.1385      -9.5628     -10.0380     -10.5642
                -10.5501      -9.6027     -10.6333     -10.4454     -10.0206
                -10.0685     -10.4386     -10.1121     -10.3102      -9.7876
                -10.0033     -10.1013      -9.7519      -9.7954     -10.2687
                 -9.1790     -10.9542      -9.7997      -9.9911     -10.3698
   5     80      -9.9555     -10.5639      -9.9857     -10.4636     -10.9873
                -10.9729     -10.0277     -11.0590     -10.8704     -10.4438
                -10.4914     -10.8631     -10.5365     -10.7320     -10.2115
                -10.4262     -10.5247     -10.1757     -10.2180     -10.6943
                 -9.6030     -11.3801     -10.2230     -10.4157     -10.7947
   5    100     -11.0962     -11.7091     -11.1262     -11.6093     -12.1278
                -12.1123     -11.1730     -12.2061     -12.0169     -11.5849
                -11.6317     -12.0064     -11.6807     -11.8696     -11.3530
                -11.5663     -11.6660     -11.3180     -11.3572     -11.8406
                -10.7449     -12.5282     -11.3627     -11.5586     -11.9403
 
 
 cumulative average & 95% error for solvation free energy
              total             1st component         2nd component         3rd component
  1   -10.9951     0.0000    -1.1393     0.0000    -0.3192     0.0000    -9.4971     0.0000
  2   -10.8189     0.3525    -0.3002     1.6782    -0.6797     0.7211    -9.7994     0.6047
  3   -10.8389     0.2074    -0.0530     1.0878    -1.0390     0.8305    -9.7074     0.3946
  4   -10.8752     0.1637    -0.0630     0.7695    -0.9949     0.5938    -9.7778     0.3125
  5   -10.9457     0.1895    -0.2560     0.7100    -0.7222     0.7135    -9.9280     0.3858
  6   -10.9182     0.1643    -0.1340     0.6290    -0.7194     0.5826   -10.0253     0.3703
  7   -10.9004     0.1433     0.0059     0.6007    -0.9074     0.6195    -9.9593     0.3396
  8   -10.9036     0.1243     0.0359     0.5237    -0.8597     0.5450   -10.0403     0.3357
  9   -10.9045     0.1096     0.1694     0.5334    -0.9536     0.5160   -10.0807     0.3069
 10   -10.9544     0.1399     0.1069     0.4932    -0.9513     0.4616   -10.0704     0.2753
 11   -10.9201     0.1439     0.0819     0.4489    -0.8960     0.4319   -10.0665     0.2491
 12   -10.9290     0.1325     0.1233     0.4181    -0.9188     0.3969   -10.0940     0.2340
 13   -10.8857     0.1495     0.1623     0.3924    -0.9157     0.3651   -10.0929     0.2153
 14   -10.9076     0.1452     0.2266     0.3854    -0.9886     0.3682   -10.1060     0.2010
 15   -10.9258     0.1400     0.2669     0.3677    -1.0713     0.3806   -10.0820     0.1932
 16   -10.9315     0.1314     0.2536     0.3450    -1.0713     0.3560   -10.0743     0.1814
 17   -10.9316     0.1234     0.3002     0.3372    -1.1189     0.3477   -10.0734     0.1704
 18   -10.9607     0.1301     0.2825     0.3199    -1.1504     0.3338   -10.0532     0.1657
 19   -10.9437     0.1276     0.3531     0.3340    -1.2198     0.3449   -10.0375     0.1598
 20   -10.9599     0.1254     0.3406     0.3178    -1.2138     0.3274   -10.0472     0.1529
 21   -10.9746     0.1228     0.3165     0.3061    -1.2477     0.3187   -10.0039     0.1692
 22   -10.9711     0.1173     0.3299     0.2931    -1.2161     0.3104   -10.0453     0.1814
 23   -10.9780     0.1129     0.2851     0.2940    -1.1906     0.3009   -10.0330     0.1751
 24   -10.9787     0.1081     0.2780     0.2819    -1.1880     0.2882   -10.0292     0.1678
 25   -10.9624     0.1087     0.3067     0.2764    -1.1881     0.2764   -10.0414     0.1628
