 ERmod 0.3.7, Copyright (C) 2000-2019 Nobuyuki Matubayasi
                            2010-2019 Shun Sakuraba
 ERmod comes with ABSOLUTELY NO WARRANTY.
 This is free software, and you can redistribute it
 and/or modify it under certain conditions.
 See LICENSE file for details.
Opening: "/home/hervoe/snic2020-6-15/hervoe/Caffeine_solubility/Simulations/opls_simulations/CsCl/2.00/trajectory_sol_full.xtc"...
  Trying plugin "Gromacs XTC Compressed Trajectory"...OK
 ERmod 0.3.7, Copyright (C) 2000-2019 Nobuyuki Matubayasi
                            2010-2019 Shun Sakuraba
 ERmod comes with ABSOLUTELY NO WARRANTY.
 This is free software, and you can redistribute it
 and/or modify it under certain conditions.
 See LICENSE file for details.
Opening: "/home/hervoe/snic2020-6-15/hervoe/Caffeine_solubility/Simulations/opls_simulations/CsCl/2.00/trajectory_ref_full.xtc"...
  Trying plugin "Gromacs XTC Compressed Trajectory"...OK
Opening: "/home/hervoe/snic2020-6-15/hervoe/Caffeine_solubility/Simulations/opls_simulations/Solute/trajectory_solute.xtc"...
  Trying plugin "Gromacs XTC Compressed Trajectory"...OK
Opening: "/home/hervoe/snic2020-6-15/hervoe/Caffeine_solubility/Simulations/opls_simulations/Solute/trajectory_solute.xtc"...
  Trying plugin "Gromacs XTC Compressed Trajectory"...OK
Opening: "/home/hervoe/snic2020-6-15/hervoe/Caffeine_solubility/Simulations/opls_simulations/Solute/trajectory_solute.xtc"...
  Trying plugin "Gromacs XTC Compressed Trajectory"...OK
Opening: "/home/hervoe/snic2020-6-15/hervoe/Caffeine_solubility/Simulations/opls_simulations/Solute/trajectory_solute.xtc"...
  Trying plugin "Gromacs XTC Compressed Trajectory"...OK
Opening: "/home/hervoe/snic2020-6-15/hervoe/Caffeine_solubility/Simulations/opls_simulations/Solute/trajectory_solute.xtc"...
  Trying plugin "Gromacs XTC Compressed Trajectory"...OK
Opening: "/home/hervoe/snic2020-6-15/hervoe/Caffeine_solubility/Simulations/opls_simulations/Solute/trajectory_solute.xtc"...
  Trying plugin "Gromacs XTC Compressed Trajectory"...OK
Opening: "/home/hervoe/snic2020-6-15/hervoe/Caffeine_solubility/Simulations/opls_simulations/Solute/trajectory_solute.xtc"...
  Trying plugin "Gromacs XTC Compressed Trajectory"...OK
Opening: "/home/hervoe/snic2020-6-15/hervoe/Caffeine_solubility/Simulations/opls_simulations/Solute/trajectory_solute.xtc"...
  Trying plugin "Gromacs XTC Compressed Trajectory"...OK
Opening: "/home/hervoe/snic2020-6-15/hervoe/Caffeine_solubility/Simulations/opls_simulations/Solute/trajectory_solute.xtc"...
  Trying plugin "Gromacs XTC Compressed Trajectory"...OK
Opening: "/home/hervoe/snic2020-6-15/hervoe/Caffeine_solubility/Simulations/opls_simulations/Solute/trajectory_solute.xtc"...
  Trying plugin "Gromacs XTC Compressed Trajectory"...OK
 
  Number of the   1-th solvent  =           36
  Number of the   2-th solvent  =           36
  Number of the   3-th solvent  =         1000
 
  Be sure that the solvent distribution is homogeneous (radial distribution function is essentially unity) when the solvent molecule is separated beyond distance of   10.0 Angstrom in any direction from any atom within the solute molecule
 
  LJ long-range correction    =        -0.0806     -0.0074     -0.9464
 
  Self-energy of the solute   =        -0.0361  kcal/mol
 
 
 cumulative average & 95% error for solvation energy
              total             1st component         2nd component         3rd component
  1   -49.3217               -2.4366               -3.9467              -42.9023
  2   -49.3683     0.0932    -3.0280     1.1827    -4.3548     0.8161   -41.9494     1.9057
  3   -49.2660     0.2115    -2.5029     1.2527    -4.4920     0.5453   -42.2351     1.2397
  4   -49.2387     0.1592    -2.8005     1.0673    -4.0715     0.9251   -42.3306     0.8972
  5   -49.2509     0.1257    -2.6187     0.9031    -4.4280     1.0109   -42.1681     0.7672
  6   -49.2815     0.1195    -2.2102     1.1006    -4.7441     1.0397   -42.2910     0.6729
  7   -49.3341     0.1458    -2.2262     0.9307    -4.4952     1.0100   -42.5765     0.8059
  8   -49.3282     0.1268    -2.1096     0.8391    -4.3434     0.9259   -42.8391     0.8735
  9   -49.3269     0.1119    -1.8616     0.8908    -4.5051     0.8782   -42.9241     0.7889
 10   -49.3346     0.1012    -1.7659     0.8195    -4.4421     0.7956   -43.0905     0.7802
 11   -49.3372     0.0917    -1.9407     0.8195    -4.2100     0.8564   -43.1504     0.7158
 12   -49.3377     0.0837    -1.9286     0.7485    -4.2392     0.7839   -43.1338     0.6543
 13   -49.3241     0.0817    -1.8714     0.6980    -4.3235     0.7405   -43.0931     0.6073
 14   -49.3343     0.0783    -1.8341     0.6505    -4.2926     0.6884   -43.1715     0.5837
 15   -49.3550     0.0838    -1.7883     0.6125    -4.2581     0.6446   -43.2725     0.5798
 16   -49.3534     0.0785    -1.9455     0.6535    -4.0905     0.6899   -43.2814     0.5426
 17   -49.3548     0.0738    -1.9014     0.6202    -4.1013     0.6484   -43.3161     0.5144
 18   -49.3473     0.0712    -1.8572     0.5914    -4.2642     0.6928   -43.1897     0.5468
 19   -49.3581     0.0707    -1.9178     0.5724    -4.1498     0.6940   -43.2544     0.5332
 20   -49.3542     0.0676    -1.8477     0.5608    -4.2419     0.6837   -43.2285     0.5084
 21   -49.3734     0.0749    -1.8358     0.5340    -4.1731     0.6647   -43.3284     0.5232
 22   -49.3659     0.0729    -1.7525     0.5357    -4.2261     0.6426   -43.3512     0.5009
 23   -49.3647     0.0697    -1.6908     0.5265    -4.2705     0.6204   -43.3672     0.4797
 24   -49.3617     0.0670    -1.6322     0.5176    -4.3026     0.5974   -43.3908     0.4617
 25   -49.3734     0.0684    -1.7009     0.5152    -4.2012     0.6078   -43.4351     0.4517
 
 
 group  inft  solvation free energy     error          difference
  total solvation free energy
   1      0        -10.70797           0.11454          -0.01832
   1     60        -10.74399           0.11454          -0.05434
   1     80        -11.10920           0.11450          -0.41954
   1    100        -12.38312           0.11438          -1.69346
   2      0        -10.69249           0.11280          -0.00284
   3      0        -10.68965           0.11170           0.00000
   4      0        -10.68141           0.11286           0.00825
   5      0        -10.67224           0.11329           0.01742
   5     60        -10.72221           0.11328          -0.03256
   5     80        -11.17894           0.11320          -0.48928
   5    100        -12.34860           0.11301          -1.65894
 
  contribution from  1-th solvent component
   1      0          0.51469           0.23563          -0.01337
   1     60          0.51326           0.23562          -0.01480
   1     80          0.49807           0.23565          -0.02999
   1    100          0.44499           0.23578          -0.08307
   2      0          0.52118           0.23483          -0.00688
   3      0          0.52806           0.23479          -0.00000
   4      0          0.52848           0.23449           0.00041
   5      0          0.53226           0.23450           0.00419
   5     60          0.53015           0.23450           0.00209
   5     80          0.51094           0.23452          -0.01713
   5    100          0.46199           0.23457          -0.06608
 
  contribution from  2-th solvent component
   1      0         -1.97824           0.30499          -0.01386
   1     60         -1.97933           0.30499          -0.01495
   1     80         -1.99034           0.30503          -0.02595
   1    100         -2.02920           0.30509          -0.06482
   2      0         -1.96721           0.30356          -0.00282
   3      0         -1.96438           0.30343           0.00000
   4      0         -1.96135           0.30329           0.00303
   5      0         -1.95910           0.30289           0.00528
   5     60         -1.96057           0.30289           0.00381
   5     80         -1.97445           0.30293          -0.01007
   5    100         -2.01043           0.30298          -0.04605
 
  contribution from  3-th solvent component
   1      0         -9.20831           0.21309           0.00891
   1     60         -9.24182           0.21312          -0.02459
   1     80         -9.58082           0.21347          -0.36360
   1    100        -10.76280           0.21462          -1.54557
   2      0         -9.21036           0.21322           0.00687
   3      0         -9.21723           0.21269           0.00000
   4      0         -9.21243           0.21157           0.00480
   5      0         -9.20929           0.21139           0.00794
   5     60         -9.25569           0.21143          -0.03846
   5     80         -9.67932           0.21185          -0.46209
   5    100        -10.76405           0.21283          -1.54682
 
 
 group  inft   Estimated free energy: total (kcal/mol)
   1      0     -10.4677     -10.9607     -10.7634     -10.5017     -10.5638
                -10.7021     -10.7096     -10.5024     -11.1814     -10.9255
                -10.5256     -11.5199     -10.7946     -10.8303     -10.6338
                -10.7182     -10.5846     -10.6391     -10.9644     -10.9370
                -10.5199     -10.2643     -10.7811     -10.5986     -10.1096
   1     60     -10.5039     -10.9966     -10.7993     -10.5376     -10.5997
                -10.7379     -10.7457     -10.5384     -11.2175     -10.9616
                -10.5617     -11.5559     -10.8306     -10.8663     -10.6699
                -10.7542     -10.6207     -10.6750     -11.0005     -10.9731
                -10.5560     -10.3004     -10.8171     -10.6346     -10.1457
   1     80     -10.8702     -11.3607     -11.1635     -10.9015     -10.9624
                -11.1018     -11.1109     -10.9037     -11.5836     -11.3275
                -10.9288     -11.9212     -11.1951     -11.2321     -11.0358
                -11.1189     -10.9869     -11.0382     -11.3659     -11.3384
                -10.9230     -10.6667     -11.1821     -10.9996     -10.5114
   1    100     -12.1482     -12.6310     -12.4340     -12.1723     -12.2273
                -12.3722     -12.3858     -12.1779     -12.8605     -12.6031
                -12.2087     -13.1960     -12.4663     -12.5071     -12.3109
                -12.3911     -12.2639     -12.3051     -12.6401     -12.6128
                -12.2024     -11.9445     -12.4559     -12.2743     -11.7864
   2      0     -10.4413     -10.9402     -10.7356     -10.4851     -10.5560
                -10.6942     -10.7123     -10.4967     -11.1537     -10.9090
                -10.4956     -11.4944     -10.7789     -10.7939     -10.6204
                -10.7030     -10.5802     -10.6162     -10.9595     -10.9022
                -10.5342     -10.2573     -10.7720     -10.5801     -10.1006
   3      0     -10.4420     -10.9335     -10.7326     -10.4836     -10.5652
                -10.6939     -10.7173     -10.4958     -11.1402     -10.8932
                -10.5015     -11.4836     -10.7718     -10.7970     -10.6192
                -10.7018     -10.5702     -10.6201     -10.9490     -10.8994
                -10.5338     -10.2399     -10.7786     -10.5723     -10.1061
   4      0     -10.4417     -10.9292     -10.7128     -10.4759     -10.5523
                -10.6815     -10.7196     -10.4826     -11.1255     -10.8919
                -10.4929     -11.4874     -10.7618     -10.7755     -10.6242
                -10.6818     -10.5689     -10.6243     -10.9554     -10.8857
                -10.5281     -10.2335     -10.7716     -10.5530     -10.0780
   5      0     -10.4249     -10.9242     -10.7018     -10.4574     -10.5405
                -10.6839     -10.6940     -10.4697     -11.1137     -10.8819
                -10.4942     -11.4775     -10.7553     -10.7811     -10.6161
                -10.6824     -10.5550     -10.6035     -10.9407     -10.8967
                -10.5102     -10.2130     -10.7603     -10.5494     -10.0784
   5     60     -10.4750     -10.9740     -10.7516     -10.5072     -10.5902
                -10.7337     -10.7440     -10.5197     -11.1638     -10.9320
                -10.5444     -11.5274     -10.8053     -10.8311     -10.6662
                -10.7324     -10.6051     -10.6533     -10.9908     -10.9467
                -10.5604     -10.2631     -10.8103     -10.5993     -10.1284
   5     80     -10.9326     -11.4296     -11.2068     -10.9623     -11.0442
                -11.1890     -11.2011     -10.9766     -11.6215     -11.3894
                -11.0032     -11.9837     -11.2611     -11.2881     -11.1239
                -11.1890     -11.0634     -11.1076     -11.4478     -11.4035
                -11.0193     -10.7212     -11.2670     -11.0558     -10.5858
   5    100     -12.1043     -12.5965     -12.3725     -12.1292     -12.2066
                -12.3565     -12.3724     -12.1469     -12.7935     -12.5602
                -12.1776     -13.1524     -12.4286     -12.4577     -12.2951
                -12.3583     -12.2364     -12.2711     -12.6178     -12.5732
                -12.1939     -11.8943     -12.4372     -12.2261     -11.7567
 
 group  inft   Estimated free energy: 1-th solvent contribution (kcal/mol)
   1      0       0.2609      -0.6022       0.6142      -0.3681       0.6153
                  1.2451       0.2966       0.8764       1.0443       0.7804
                 -0.2757       0.0297       0.6294       0.6640       0.8707
                 -0.7261       0.7067       0.8117       0.0323       0.7100
                  0.7537       1.5395       1.1334       1.1985       0.0264
   1     60       0.2595      -0.6036       0.6128      -0.3695       0.6139
                  1.2436       0.2951       0.8750       1.0428       0.7789
                 -0.2772       0.0282       0.6280       0.6626       0.8693
                 -0.7274       0.7052       0.8103       0.0309       0.7085
                  0.7523       1.5382       1.1320       1.1971       0.0250
   1     80       0.2441      -0.6189       0.5976      -0.3845       0.5989
                  1.2285       0.2799       0.8598       1.0277       0.7633
                 -0.2925       0.0127       0.6129       0.6473       0.8540
                 -0.7427       0.6899       0.7953       0.0157       0.6931
                  0.7372       1.5236       1.1168       1.1822       0.0099
   1    100       0.1904      -0.6727       0.5444      -0.4368       0.5468
                  1.1757       0.2267       0.8066       0.9750       0.7086
                 -0.3463      -0.0415       0.5605       0.5938       0.8005
                 -0.7961       0.6363       0.7429      -0.0374       0.6393
                  0.6844       1.4727       1.0637       1.1299      -0.0429
   2      0       0.2734      -0.5960       0.6262      -0.3673       0.6179
                  1.2502       0.3044       0.8858       1.0435       0.7948
                 -0.2613       0.0444       0.6266       0.6766       0.8728
                 -0.7182       0.7076       0.8237       0.0378       0.7195
                  0.7529       1.5328       1.1392       1.2044       0.0377
   3      0       0.2766      -0.5898       0.6336      -0.3578       0.6242
                  1.2543       0.3110       0.8872       1.0610       0.8023
                 -0.2545       0.0529       0.6360       0.6761       0.8766
                 -0.7073       0.7210       0.8258       0.0462       0.7280
                  0.7587       1.5462       1.1425       1.2105       0.0403
   4      0       0.2782      -0.5847       0.6337      -0.3592       0.6266
                  1.2567       0.3123       0.8905       1.0567       0.8034
                 -0.2499       0.0490       0.6325       0.6863       0.8740
                 -0.7064       0.7169       0.8344       0.0448       0.7263
                  0.7509       1.5457       1.1406       1.2088       0.0437
   5      0       0.2808      -0.5817       0.6420      -0.3523       0.6292
                  1.2569       0.3200       0.8944       1.0661       0.8086
                 -0.2505       0.0530       0.6386       0.6801       0.8771
                 -0.7031       0.7203       0.8296       0.0514       0.7307
                  0.7600       1.5504       1.1442       1.2139       0.0469
   5     60       0.2787      -0.5838       0.6399      -0.3544       0.6271
                  1.2548       0.3179       0.8923       1.0640       0.8064
                 -0.2526       0.0509       0.6364       0.6780       0.8750
                 -0.7052       0.7181       0.8275       0.0493       0.7286
                  0.7579       1.5483       1.1421       1.2118       0.0449
   5     80       0.2593      -0.6031       0.6207      -0.3734       0.6082
                  1.2357       0.2986       0.8732       1.0446       0.7868
                 -0.2719       0.0317       0.6173       0.6586       0.8556
                 -0.7243       0.6985       0.8086       0.0300       0.7091
                  0.7386       1.5296       1.1228       1.1930       0.0256
   5    100       0.2098      -0.6524       0.5720      -0.4219       0.5601
                  1.1871       0.2494       0.8245       0.9955       0.7367
                 -0.3209      -0.0174       0.5685       0.6093       0.8061
                 -0.7731       0.6487       0.7603      -0.0192       0.6594
                  0.6894       1.4822       1.0737       1.1451      -0.0231
 
 group  inft   Estimated free energy: 2-th solvent contribution (kcal/mol)
   1      0      -1.7537      -2.2794      -2.4479      -1.2330      -2.8498
                 -2.9196      -1.3405      -1.5361      -2.8874      -1.9255
                 -0.8835      -2.5224      -2.5577      -1.9030      -1.6847
                 -0.7850      -1.8588      -3.3298      -1.2954      -2.7471
                 -1.1343      -2.3739      -2.5145      -2.2846      -0.4085
   1     60      -1.7548      -2.2805      -2.4490      -1.2341      -2.8508
                 -2.9207      -1.3415      -1.5371      -2.8885      -1.9266
                 -0.8846      -2.5235      -2.5588      -1.9041      -1.6857
                 -0.7861      -1.8599      -3.3309      -1.2965      -2.7482
                 -1.1354      -2.3750      -2.5156      -2.2857      -0.4096
   1     80      -1.7660      -2.2917      -2.4602      -1.2453      -2.8617
                 -2.9315      -1.3522      -1.5479      -2.8998      -1.9372
                 -0.8959      -2.5346      -2.5700      -1.9152      -1.6966
                 -0.7974      -1.8710      -3.3418      -1.3070      -2.7593
                 -1.1457      -2.3865      -2.5265      -2.2971      -0.4203
   1    100      -1.8059      -2.3310      -2.4999      -1.2849      -2.8998
                 -2.9697      -1.3900      -1.5860      -2.9398      -1.9743
                 -0.9358      -2.5737      -2.6096      -1.9540      -1.7344
                 -0.8372      -1.9100      -3.3799      -1.3446      -2.7985
                 -1.1827      -2.4276      -2.5647      -2.3377      -0.4584
   2      0      -1.7363      -2.2582      -2.4294      -1.2190      -2.8377
                 -2.9100      -1.3439      -1.5290      -2.8671      -1.9232
                 -0.8720      -2.5116      -2.5422      -1.8803      -1.6648
                 -0.7700      -1.8505      -3.3184      -1.2949      -2.7298
                 -1.1464      -2.3551      -2.5105      -2.2709      -0.4089
   3      0      -1.7364      -2.2532      -2.4280      -1.2158      -2.8387
                 -2.9109      -1.3481      -1.5241      -2.8644      -1.9132
                 -0.8741      -2.5105      -2.5382      -1.8806      -1.6616
                 -0.7655      -1.8448      -3.3111      -1.2878      -2.7246
                 -1.1474      -2.3479      -2.5126      -2.2650      -0.4051
   4      0      -1.7343      -2.2483      -2.4142      -1.2136      -2.8319
                 -2.9015      -1.3453      -1.5205      -2.8616      -1.9255
                 -0.8676      -2.5047      -2.5330      -1.8755      -1.6613
                 -0.7628      -1.8425      -3.3175      -1.2977      -2.7200
                 -1.1449      -2.3454      -2.5088      -2.2589      -0.3966
   5      0      -1.7305      -2.2480      -2.4120      -1.2065      -2.8238
                 -2.9046      -1.3421      -1.5197      -2.8584      -1.9205
                 -0.8732      -2.5055      -2.5296      -1.8769      -1.6604
                 -0.7586      -1.8406      -3.3032      -1.2945      -2.7289
                 -1.1413      -2.3391      -2.5076      -2.2524      -0.3992
   5     60      -1.7320      -2.2495      -2.4135      -1.2080      -2.8253
                 -2.9061      -1.3436      -1.5211      -2.8598      -1.9219
                 -0.8747      -2.5070      -2.5311      -1.8784      -1.6618
                 -0.7601      -1.8421      -3.3047      -1.2960      -2.7304
                 -1.1428      -2.3406      -2.5091      -2.2539      -0.4006
   5     80      -1.7459      -2.2636      -2.4276      -1.2221      -2.8389
                 -2.9199      -1.3573      -1.5347      -2.8740      -1.9354
                 -0.8890      -2.5209      -2.5453      -1.8922      -1.6754
                 -0.7743      -1.8561      -3.3185      -1.3093      -2.7445
                 -1.1558      -2.3551      -2.5230      -2.2683      -0.4141
   5    100      -1.7821      -2.3000      -2.4638      -1.2587      -2.8739
                 -2.9554      -1.3929      -1.5700      -2.9106      -1.9702
                 -0.9261      -2.5571      -2.5822      -1.9279      -1.7102
                 -0.8112      -1.8922      -3.3539      -1.3440      -2.7810
                 -1.1903      -2.3928      -2.5590      -2.3057      -0.4496
 
 group  inft   Estimated free energy: 3-th solvent contribution (kcal/mol)
   1      0      -8.9388      -8.0430      -8.8936      -8.8645      -8.2933
                 -8.9914      -9.6297      -9.8066      -9.3021      -9.7443
                 -9.3303      -8.9910      -8.8303      -9.5551      -9.7837
                 -9.1711      -9.3963      -8.0849      -9.6653      -8.8638
                -10.1032      -9.3938      -9.3639      -9.4765      -9.6913
   1     60      -8.9724      -8.0764      -8.9270      -8.8979      -8.3266
                 -9.0248      -9.6632      -9.8402      -9.3357      -9.7778
                 -9.3639      -9.0245      -8.8637      -9.5887      -9.8173
                 -9.2045      -9.4299      -8.1183      -9.6988      -8.8973
                -10.1369      -9.4274      -9.3974      -9.5099      -9.7249
   1     80      -9.3122      -8.4140      -9.2648      -9.2357      -8.6636
                 -9.3627     -10.0025     -10.1795      -9.6753     -10.1175
                 -9.7043      -9.3632      -9.2019      -9.9281     -10.1571
                 -9.5428      -9.7697      -8.4556     -10.0384      -9.2361
                -10.4784      -9.7677      -9.7363      -9.8486     -10.0649
   1    100     -10.4966      -9.5912     -10.4424     -10.4145      -9.8382
                -10.5421     -11.1863     -11.3624     -10.8597     -11.3012
                -10.8905     -10.5447     -10.3811     -11.1108     -11.3409
                -10.7217     -10.9541      -9.6320     -11.2220     -10.4174
                -11.6681     -10.9536     -10.9188     -11.0304     -11.2490
   2      0      -8.9423      -8.0499      -8.8963      -8.8627      -8.3000
                 -8.9983      -9.6367      -9.8173      -9.2941      -9.7444
                 -9.3262      -8.9911      -8.8271      -9.5541      -9.7923
                 -9.1787      -9.4012      -8.0854      -9.6662      -8.8557
                -10.1047      -9.3989      -9.3647      -9.4774      -9.6933
   3      0      -8.9461      -8.0544      -8.9021      -8.8739      -8.3146
                 -9.0012      -9.6441      -9.8228      -9.3007      -9.7462
                 -9.3367      -8.9898      -8.8335      -9.5564      -9.7981
                 -9.1929      -9.4103      -8.0986      -9.6713      -8.8666
                -10.1090      -9.4020      -9.3724      -9.4817      -9.7052
   4      0      -8.9495      -8.0601      -8.8962      -8.8670      -8.3109
                 -9.0006      -9.6505      -9.8165      -9.2845      -9.7337
                 -9.3393      -8.9956      -8.8251      -9.5501      -9.8009
                 -9.1765      -9.4072      -8.1051      -9.6664      -8.8559
                -10.0980      -9.3977      -9.3674      -9.4667      -9.6890
   5      0      -8.9390      -8.0584      -8.8957      -8.8625      -8.3097
                 -9.0000      -9.6359      -9.8083      -9.2853      -9.7339
                 -9.3343      -8.9889      -8.8282      -9.5481      -9.7967
                 -9.1846      -9.3985      -8.0938      -9.6615      -8.8623
                -10.0928      -9.3882      -9.3608      -9.4747      -9.6900
   5     60      -8.9855      -8.1046      -8.9419      -8.9087      -8.3559
                 -9.0462      -9.6823      -9.8548      -9.3318      -9.7804
                 -9.3809      -9.0352      -8.8745      -9.5946      -9.8432
                 -9.2309      -9.4450      -8.1400      -9.7080      -8.9088
                -10.1394      -9.4347      -9.4072      -9.5211      -9.7365
   5     80      -9.4099      -8.5268      -9.3639      -9.3307      -8.7774
                 -9.4687     -10.1063     -10.2790      -9.7560     -10.2047
                 -9.8062      -9.4583      -9.2970     -10.0184     -10.2680
                 -9.6542      -9.8697      -8.5616     -10.1323      -9.3320
                -10.5659      -9.8597      -9.8307      -9.9444     -10.1612
   5    100     -10.4960      -9.6080     -10.4445     -10.4125      -9.8566
                -10.5520     -11.1928     -11.3653     -10.8423     -11.2906
                -10.8945     -10.5418     -10.3787     -11.1030     -11.3549
                -10.7379     -10.9568      -9.6414     -11.2185     -10.4155
                -11.6570     -10.9475     -10.9159     -11.0293     -11.2479
 
 
 cumulative average & 95% error for solvation free energy
              total             1st component         2nd component         3rd component
  1   -10.4420     0.0000     0.2766     0.0000    -1.7364     0.0000    -8.9461     0.0000
  2   -10.6877     0.4915    -0.1566     0.8664    -1.9948     0.5168    -8.5003     0.8917
  3   -10.7027     0.2853     0.1068     0.7264    -2.1392     0.4153    -8.6342     0.5804
  4   -10.6479     0.2296    -0.0093     0.5637    -1.9083     0.5471    -8.6941     0.4275
  5   -10.6314     0.1809     0.1174     0.5049    -2.0944     0.5640    -8.6182     0.3643
  6   -10.6418     0.1492     0.3068     0.5600    -2.2305     0.5349    -8.6820     0.3237
  7   -10.6526     0.1279     0.3074     0.4733    -2.1044     0.5176    -8.8195     0.3878
  8   -10.6330     0.1175     0.3799     0.4347    -2.0319     0.4712    -8.9449     0.4192
  9   -10.6893     0.1531     0.4556     0.4122    -2.1244     0.4549    -8.9844     0.3780
 10   -10.7097     0.1429     0.4903     0.3751    -2.1033     0.4090    -9.0606     0.3709
 11   -10.6908     0.1347     0.4226     0.3653    -1.9915     0.4322    -9.0857     0.3392
 12   -10.7569     0.1805     0.3917     0.3392    -2.0348     0.4039    -9.0777     0.3101
 13   -10.7580     0.1660     0.4105     0.3142    -2.0735     0.3796    -9.0589     0.2877
 14   -10.7608     0.1538     0.4295     0.2934    -2.0597     0.3525    -9.0945     0.2757
 15   -10.7513     0.1444     0.4593     0.2796    -2.0332     0.3324    -9.1414     0.2732
 16   -10.7482     0.1352     0.3864     0.2994    -1.9539     0.3490    -9.1446     0.2557
 17   -10.7378     0.1288     0.4061     0.2840    -1.9475     0.3281    -9.1602     0.2422
 18   -10.7312     0.1221     0.4294     0.2718    -2.0233     0.3444    -9.1012     0.2570
 19   -10.7427     0.1177     0.4092     0.2602    -1.9846     0.3349    -9.1312     0.2504
 20   -10.7505     0.1128     0.4252     0.2489    -2.0216     0.3262    -9.1180     0.2390
 21   -10.7402     0.1093     0.4410     0.2389    -1.9799     0.3212    -9.1652     0.2462
 22   -10.7175     0.1137     0.4913     0.2489    -1.9967     0.3081    -9.1760     0.2357
 23   -10.7201     0.1087     0.5196     0.2445    -2.0191     0.2978    -9.1845     0.2259
 24   -10.7140     0.1048     0.5484     0.2411    -2.0294     0.2859    -9.1969     0.2177
 25   -10.6897     0.1117     0.5281     0.2348    -1.9644     0.3034    -9.2172     0.2127
