Lmod has detected the following error: These module(s) exist but cannot be
loaded as requested: "hwloc/1.11.11"
   Try: "module spider hwloc/1.11.11" to see how to load the module(s).



Lmod has detected the following error: These module(s) exist but cannot be
loaded as requested: "hwloc/1.11.11"
   Try: "module spider hwloc/1.11.11" to see how to load the module(s).



 ERmod 0.3.7, Copyright (C) 2000-2019 Nobuyuki Matubayasi
                            2010-2019 Shun Sakuraba
 ERmod comes with ABSOLUTELY NO WARRANTY.
 This is free software, and you can redistribute it
 and/or modify it under certain conditions.
 See LICENSE file for details.
Opening: "/home/hervoe/snic2020-6-15/hervoe/temp/Simulations/CsI/1.00/trajectory_sol_full.xtc"...
  Trying plugin "Gromacs XTC Compressed Trajectory"...OK
 ERmod 0.3.7, Copyright (C) 2000-2019 Nobuyuki Matubayasi
                            2010-2019 Shun Sakuraba
 ERmod comes with ABSOLUTELY NO WARRANTY.
 This is free software, and you can redistribute it
 and/or modify it under certain conditions.
 See LICENSE file for details.
Opening: "/home/hervoe/snic2020-6-15/hervoe/temp/Simulations/CsI/1.00/trajectory_ref_full.xtc"...
  Trying plugin "Gromacs XTC Compressed Trajectory"...OK
Opening: "/home/hervoe/snic2020-6-15/hervoe/temp/Simulations/Solute_new/trajectory_solute.xtc"...
  Trying plugin "Gromacs XTC Compressed Trajectory"...OK
Opening: "/home/hervoe/snic2020-6-15/hervoe/temp/Simulations/Solute_new/trajectory_solute.xtc"...
  Trying plugin "Gromacs XTC Compressed Trajectory"...OK
Opening: "/home/hervoe/snic2020-6-15/hervoe/temp/Simulations/Solute_new/trajectory_solute.xtc"...
  Trying plugin "Gromacs XTC Compressed Trajectory"...OK
Opening: "/home/hervoe/snic2020-6-15/hervoe/temp/Simulations/Solute_new/trajectory_solute.xtc"...
  Trying plugin "Gromacs XTC Compressed Trajectory"...OK
Opening: "/home/hervoe/snic2020-6-15/hervoe/temp/Simulations/Solute_new/trajectory_solute.xtc"...
  Trying plugin "Gromacs XTC Compressed Trajectory"...OK
Opening: "/home/hervoe/snic2020-6-15/hervoe/temp/Simulations/Solute_new/trajectory_solute.xtc"...
  Trying plugin "Gromacs XTC Compressed Trajectory"...OK
Opening: "/home/hervoe/snic2020-6-15/hervoe/temp/Simulations/Solute_new/trajectory_solute.xtc"...
  Trying plugin "Gromacs XTC Compressed Trajectory"...OK
Opening: "/home/hervoe/snic2020-6-15/hervoe/temp/Simulations/Solute_new/trajectory_solute.xtc"...
  Trying plugin "Gromacs XTC Compressed Trajectory"...OK
Opening: "/home/hervoe/snic2020-6-15/hervoe/temp/Simulations/Solute_new/trajectory_solute.xtc"...
  Trying plugin "Gromacs XTC Compressed Trajectory"...OK
Opening: "/home/hervoe/snic2020-6-15/hervoe/temp/Simulations/Solute_new/trajectory_solute.xtc"...
  Trying plugin "Gromacs XTC Compressed Trajectory"...OK
 
  Number of the   1-th solvent  =           18
  Number of the   2-th solvent  =           18
  Number of the   3-th solvent  =         1000
 
  Be sure that the solvent distribution is homogeneous (radial distribution function is essentially unity) when the solvent molecule is separated beyond distance of   10.0 Angstrom in any direction from any atom within the solute molecule
 
  LJ long-range correction    =        -0.0526     -0.0212     -0.8471
 
  Self-energy of the solute   =        -0.0155  kcal/mol
 
 
 cumulative average & 95% error for solvation energy
              total             1st component         2nd component         3rd component
  1   -59.1975               -0.4346               -3.0235              -55.7239
  2   -59.1994     0.0037    -0.8176     0.7659    -2.3645     1.3179   -56.0017     0.5556
  3   -59.1436     0.1116    -1.2345     0.9438    -2.7486     1.0813   -55.1450     1.7433
  4   -59.1653     0.0900    -1.3046     0.6820    -3.1347     1.0866   -54.7105     1.5082
  5   -59.1963     0.0933    -1.1464     0.6157    -3.0499     0.8586   -54.9845     1.2903
  6   -59.2039     0.0777    -1.1874     0.5094    -3.1697     0.7409   -54.8313     1.0972
  7   -59.1690     0.0958    -1.2289     0.4384    -3.3295     0.7030   -54.5951     1.0407
  8   -59.1649     0.0833    -1.0461     0.5270    -3.2398     0.6348   -54.8635     1.0490
  9   -59.1558     0.0757    -0.9124     0.5362    -3.0708     0.6539   -55.1571     1.0958
 10   -59.1300     0.0852    -1.0117     0.5191    -3.0934     0.5866   -55.0094     1.0236
 11   -59.0987     0.0993    -1.0413     0.4733    -3.2215     0.5893   -54.8203     1.0002
 12   -59.0968     0.0907    -0.9950     0.4418    -3.1718     0.5470   -54.9145     0.9322
 13   -59.1200     0.0955    -1.0998     0.4573    -2.9804     0.6322   -55.0243     0.8852
 14   -59.1380     0.0955    -1.0534     0.4334    -2.9410     0.5906   -55.1282     0.8454
 15   -59.1528     0.0937    -0.9282     0.4749    -2.9223     0.5511   -55.2869     0.8487
 16   -59.1535     0.0876    -0.9184     0.4446    -2.9384     0.5165   -55.2812     0.7939
 17   -59.1532     0.0823    -0.9892     0.4410    -2.8780     0.5000   -55.2706     0.7461
 18   -59.1600     0.0788    -0.9091     0.4455    -2.8634     0.4723   -55.3719     0.7320
 19   -59.1453     0.0802    -1.0696     0.5297    -2.8752     0.4474   -55.1850     0.7870
 20   -59.1354     0.0786    -1.0912     0.5044    -2.9246     0.4358   -55.1042     0.7639
 21   -59.1221     0.0793    -1.0683     0.4820    -2.9902     0.4348   -55.0482     0.7352
 22   -59.1319     0.0781    -1.0479     0.4613    -2.9566     0.4200   -55.1118     0.7124
 23   -59.1273     0.0752    -1.0470     0.4408    -2.9030     0.4153   -55.1617     0.6880
 24   -59.1238     0.0723    -1.0193     0.4257    -2.9071     0.3977   -55.1818     0.6600
 25   -59.1190     0.0700    -1.0648     0.4183    -2.9282     0.3838   -55.1105     0.6489
 
 
 group  inft  solvation free energy     error          difference
  total solvation free energy
   1      0        -16.17965           0.06988           0.00491
   1     60        -16.21754           0.06987          -0.03298
   1     80        -16.57389           0.06982          -0.38933
   1    100        -17.80068           0.06967          -1.61612
   2      0        -16.17550           0.06948           0.00906
   3      0        -16.18456           0.06891           0.00000
   4      0        -16.17390           0.06823           0.01065
   5      0        -16.16818           0.06975           0.01638
   5     60        -16.22018           0.06974          -0.03562
   5     80        -16.66410           0.06966          -0.47954
   5    100        -17.79121           0.06948          -1.60665
 
  contribution from  1-th solvent component
   1      0          0.40795           0.19770          -0.00924
   1     60          0.40689           0.19770          -0.01031
   1     80          0.39766           0.19770          -0.01953
   1    100          0.36763           0.19770          -0.04957
   2      0          0.41436           0.19735          -0.00283
   3      0          0.41719           0.19706           0.00000
   4      0          0.41823           0.19699           0.00104
   5      0          0.41909           0.19712           0.00190
   5     60          0.41764           0.19712           0.00045
   5     80          0.40622           0.19711          -0.01097
   5    100          0.37852           0.19710          -0.03867
 
  contribution from  2-th solvent component
   1      0         -1.96376           0.21349          -0.00169
   1     60         -1.96431           0.21349          -0.00223
   1     80         -1.96884           0.21356          -0.00677
   1    100         -1.98657           0.21379          -0.02450
   2      0         -1.96228           0.21166          -0.00020
   3      0         -1.96207           0.21099           0.00000
   4      0         -1.96172           0.21083           0.00036
   5      0         -1.96079           0.21113           0.00128
   5     60         -1.96136           0.21114           0.00071
   5     80         -1.96705           0.21119          -0.00497
   5    100         -1.98340           0.21132          -0.02132
 
  contribution from  3-th solvent component
   1      0        -14.60834           0.30706           0.01584
   1     60        -14.64462           0.30710          -0.02044
   1     80        -14.98721           0.30748          -0.36303
   1    100        -16.16624           0.30878          -1.54206
   2      0        -14.61209           0.30639           0.01209
   3      0        -14.62418           0.30653          -0.00000
   4      0        -14.61492           0.30423           0.00926
   5      0        -14.61098           0.30535           0.01320
   5     60        -14.66096           0.30540          -0.03678
   5     80        -15.08777           0.30588          -0.46360
   5    100        -16.17084           0.30709          -1.54666
 
 
 group  inft   Estimated free energy: total (kcal/mol)
   1      0     -16.4541     -16.1303     -16.4887     -16.5072     -15.9424
                -16.0031     -16.4230     -16.0750     -16.0295     -16.3069
                -15.9420     -15.9987     -16.0117     -16.1594     -16.2869
                -16.2914     -16.1207     -16.1098     -16.0631     -16.3687
                -16.0731     -16.2650     -16.2969     -16.0577     -16.0858
   1     60     -16.4922     -16.1681     -16.5264     -16.5451     -15.9807
                -16.0410     -16.4608     -16.1132     -16.0676     -16.3445
                -15.9798     -16.0366     -16.0498     -16.1974     -16.3247
                -16.3294     -16.1586     -16.1479     -16.1006     -16.4065
                -16.1109     -16.3026     -16.3350     -16.0954     -16.1237
   1     80     -16.8507     -16.5243     -16.8821     -16.9013     -16.3392
                -16.3975     -16.8164     -16.4712     -16.4250     -16.6987
                -16.3348     -16.3932     -16.4071     -16.5548     -16.6814
                -16.6861     -16.5148     -16.5053     -16.4544     -16.7617
                -16.4667     -16.6575     -16.6926     -16.4507     -16.4797
   1    100     -18.0845     -17.7511     -18.1063     -18.1250     -17.5713
                -17.6256     -18.0427     -17.7038     -17.6568     -17.9196
                -17.5567     -17.6209     -17.6364     -17.7847     -17.9100
                -17.9133     -17.7407     -17.7342     -17.6721     -17.9849
                -17.6933     -17.8813     -17.9233     -17.6741     -17.7045
   2      0     -16.4417     -16.1183     -16.4749     -16.5103     -15.9330
                -15.9956     -16.4113     -16.0679     -16.0324     -16.2984
                -15.9309     -16.0054     -16.0193     -16.1477     -16.2845
                -16.2815     -16.1147     -16.1108     -16.0592     -16.3579
                -16.0675     -16.2916     -16.2943     -16.0516     -16.0867
   3      0     -16.4428     -16.1360     -16.4853     -16.5215     -15.9425
                -16.0027     -16.4147     -16.0788     -16.0531     -16.3039
                -15.9403     -16.0089     -16.0377     -16.1616     -16.2967
                -16.2861     -16.1286     -16.1177     -16.0607     -16.3571
                -16.0760     -16.3100     -16.2972     -16.0647     -16.0893
   4      0     -16.4294     -16.1122     -16.4756     -16.5161     -15.9356
                -16.0016     -16.3985     -16.0594     -16.0378     -16.2947
                -15.9381     -16.0044     -16.0223     -16.1459     -16.2728
                -16.2760     -16.1250     -16.1033     -16.0670     -16.3462
                -16.0644     -16.2938     -16.2858     -16.0470     -16.0949
   5      0     -16.4303     -16.1097     -16.4679     -16.5127     -15.9260
                -15.9851     -16.4026     -16.0508     -16.0319     -16.2963
                -15.9271     -15.9954     -16.0181     -16.1410     -16.2772
                -16.2693     -16.1164     -16.1007     -16.0507     -16.3411
                -16.0593     -16.3005     -16.2834     -16.0345     -16.0765
   5     60     -16.4826     -16.1616     -16.5197     -16.5649     -15.9785
                -16.0371     -16.4545     -16.1031     -16.0841     -16.3478
                -15.9788     -16.0475     -16.0704     -16.1932     -16.3292
                -16.3214     -16.1684     -16.1530     -16.1023     -16.3929
                -16.1111     -16.3522     -16.3357     -16.0863     -16.1285
   5     80     -16.9290     -16.6056     -16.9628     -17.0088     -16.4251
                -16.4811     -16.8972     -16.5490     -16.5295     -16.7890
                -16.4208     -16.4918     -16.5157     -16.6384     -16.7736
                -16.7655     -16.6120     -16.5983     -16.5430     -16.8350
                -16.5541     -16.7950     -16.7810     -16.5293     -16.5720
   5    100     -18.0618     -17.7328     -18.0872     -18.1341     -17.5572
                -17.6088     -18.0227     -17.6812     -17.6614     -17.9106
                -17.5430     -17.6201     -17.6459     -17.7687     -17.9024
                -17.8925     -17.7380     -17.7278     -17.6614     -17.9577
                -17.6805     -17.9210     -17.9113     -17.6544     -17.6976
 
 group  inft   Estimated free energy: 1-th solvent contribution (kcal/mol)
   1      0       0.5223       0.3670      -0.2463       0.0472       0.8533
                  0.3977       0.1314       1.0731       1.0177      -0.0340
                  0.3098       0.7805      -0.0777       0.7593       1.1942
                  0.5893      -0.0320       1.1569      -0.8492       0.1068
                  0.6160       0.5514       0.3400       0.7209      -0.0968
   1     60       0.5212       0.3660      -0.2474       0.0461       0.8522
                  0.3967       0.1304       1.0720       1.0166      -0.0351
                  0.3087       0.7794      -0.0788       0.7582       1.1932
                  0.5883      -0.0331       1.1558      -0.8503       0.1058
                  0.6149       0.5503       0.3389       0.7199      -0.0978
   1     80       0.5118       0.3568      -0.2566       0.0369       0.8431
                  0.3875       0.1213       1.0628       1.0074      -0.0442
                  0.2993       0.7704      -0.0880       0.7490       1.1839
                  0.5791      -0.0424       1.1465      -0.8595       0.0966
                  0.6058       0.5411       0.3295       0.7106      -0.1071
   1    100       0.4812       0.3267      -0.2866       0.0068       0.8134
                  0.3574       0.0918       1.0330       0.9772      -0.0741
                  0.2687       0.7408      -0.1180       0.7190       1.1536
                  0.5493      -0.0726       1.1164      -0.8895       0.0669
                  0.5759       0.5108       0.2991       0.6805      -0.1370
   2      0       0.5300       0.3754      -0.2333       0.0498       0.8593
                  0.4061       0.1342       1.0764       1.0193      -0.0285
                  0.3248       0.7802      -0.0738       0.7693       1.2004
                  0.5972      -0.0244       1.1645      -0.8424       0.1127
                  0.6188       0.5534       0.3504       0.7265      -0.0874
   3      0       0.5359       0.3747      -0.2325       0.0533       0.8634
                  0.4079       0.1397       1.0799       1.0151      -0.0219
                  0.3295       0.7814      -0.0709       0.7696       1.2019
                  0.5988      -0.0209       1.1678      -0.8383       0.1176
                  0.6236       0.5560       0.3538       0.7296      -0.0852
   4      0       0.5368       0.3794      -0.2311       0.0552       0.8623
                  0.4092       0.1430       1.0791       1.0167      -0.0211
                  0.3330       0.7801      -0.0729       0.7698       1.2040
                  0.6054      -0.0212       1.1674      -0.8376       0.1183
                  0.6226       0.5568       0.3538       0.7300      -0.0830
   5      0       0.5352       0.3783      -0.2298       0.0549       0.8661
                  0.4116       0.1440       1.0802       1.0186      -0.0241
                  0.3327       0.7807      -0.0692       0.7700       1.2074
                  0.6035      -0.0210       1.1681      -0.8360       0.1175
                  0.6272       0.5585       0.3528       0.7311      -0.0811
   5     60       0.5338       0.3768      -0.2313       0.0534       0.8647
                  0.4102       0.1426       1.0788       1.0171      -0.0255
                  0.3313       0.7793      -0.0706       0.7686       1.2060
                  0.6020      -0.0225       1.1666      -0.8374       0.1161
                  0.6257       0.5571       0.3513       0.7297      -0.0826
   5     80       0.5222       0.3654      -0.2427       0.0420       0.8533
                  0.3988       0.1313       1.0674       1.0056      -0.0369
                  0.3198       0.7680      -0.0821       0.7572       1.1946
                  0.5907      -0.0341       1.1551      -0.8488       0.1048
                  0.6144       0.5455       0.3397       0.7182      -0.0939
   5    100       0.4941       0.3375      -0.2703       0.0141       0.8258
                  0.3711       0.1040       1.0399       0.9777      -0.0645
                  0.2919       0.7404      -0.1100       0.7294       1.1669
                  0.5633      -0.0621       1.1274      -0.8763       0.0774
                  0.5868       0.5176       0.3119       0.6903      -0.1214
 
 group  inft   Estimated free energy: 2-th solvent contribution (kcal/mol)
   1      0      -2.0799      -1.3001      -2.3927      -2.8193      -1.7520
                 -2.2576      -2.8446      -1.7547      -1.2651      -2.2905
                 -2.6571      -1.7795      -0.7252      -1.6636      -1.7286
                 -2.2462      -1.4600      -1.7125      -2.1167      -2.5779
                 -2.6075      -1.5043      -1.4687      -1.8931      -2.1967
   1     60      -2.0804      -1.3006      -2.3933      -2.8199      -1.7525
                 -2.2582      -2.8451      -1.7553      -1.2657      -2.2910
                 -2.6577      -1.7800      -0.7257      -1.6641      -1.7291
                 -2.2468      -1.4606      -1.7131      -2.1172      -2.5784
                 -2.6080      -1.5048      -1.4692      -1.8936      -2.1973
   1     80      -2.0851      -1.3052      -2.3978      -2.8246      -1.7570
                 -2.2628      -2.8500      -1.7600      -1.2699      -2.2957
                 -2.6622      -1.7846      -0.7297      -1.6688      -1.7336
                 -2.2514      -1.4648      -1.7174      -2.1218      -2.5833
                 -2.6126      -1.5085      -1.4738      -1.8983      -2.2021
   1    100      -2.1033      -1.3229      -2.4154      -2.8430      -1.7744
                 -2.2809      -2.8691      -1.7783      -1.2869      -2.3138
                 -2.6794      -1.8022      -0.7460      -1.6866      -1.7515
                 -2.2698      -1.4814      -1.7342      -2.1396      -2.6025
                 -2.6304      -1.5238      -1.4916      -1.9162      -2.2211
   2      0      -2.0774      -1.2968      -2.3886      -2.8113      -1.7461
                 -2.2557      -2.8336      -1.7511      -1.2715      -2.2823
                 -2.6548      -1.7803      -0.7343      -1.6571      -1.7310
                 -2.2426      -1.4650      -1.7170      -2.1139      -2.5697
                 -2.6014      -1.5263      -1.4713      -1.8836      -2.1942
   3      0      -2.0720      -1.2994      -2.3859      -2.8136      -1.7471
                 -2.2492      -2.8319      -1.7556      -1.2776      -2.2848
                 -2.6526      -1.7747      -0.7388      -1.6602      -1.7314
                 -2.2416      -1.4677      -1.7153      -2.1097      -2.5652
                 -2.6045      -1.5312      -1.4687      -1.8838      -2.1896
   4      0      -2.0712      -1.2990      -2.3884      -2.8106      -1.7439
                 -2.2489      -2.8295      -1.7532      -1.2765      -2.2852
                 -2.6540      -1.7785      -0.7364      -1.6584      -1.7316
                 -2.2394      -1.4704      -1.7176      -2.1111      -2.5635
                 -2.5988      -1.5339      -1.4704      -1.8787      -2.1938
   5      0      -2.0710      -1.2969      -2.3859      -2.8130      -1.7433
                 -2.2461      -2.8327      -1.7508      -1.2748      -2.2866
                 -2.6533      -1.7744      -0.7368      -1.6554      -1.7329
                 -2.2411      -1.4669      -1.7160      -2.1086      -2.5651
                 -2.6007      -1.5367      -1.4676      -1.8779      -2.1852
   5     60      -2.0716      -1.2975      -2.3865      -2.8135      -1.7439
                 -2.2467      -2.8333      -1.7514      -1.2753      -2.2872
                 -2.6539      -1.7749      -0.7374      -1.6560      -1.7335
                 -2.2417      -1.4674      -1.7166      -2.1092      -2.5657
                 -2.6013      -1.5372      -1.4682      -1.8784      -2.1859
   5     80      -2.0774      -1.3034      -2.3921      -2.8193      -1.7495
                 -2.2525      -2.8393      -1.7574      -1.2807      -2.2930
                 -2.6594      -1.7806      -0.7426      -1.6618      -1.7393
                 -2.2475      -1.4727      -1.7220      -2.1150      -2.5717
                 -2.6069      -1.5420      -1.4740      -1.8842      -2.1919
   5    100      -2.0942      -1.3200      -2.4082      -2.8360      -1.7656
                 -2.2689      -2.8565      -1.7746      -1.2965      -2.3096
                 -2.6751      -1.7969      -0.7579      -1.6785      -1.7560
                 -2.2645      -1.4880      -1.7377      -2.1314      -2.5890
                 -2.6230      -1.5566      -1.4904      -1.9006      -2.2091
 
 group  inft   Estimated free energy: 3-th solvent contribution (kcal/mol)
   1      0     -14.8810     -15.1817     -13.8342     -13.7195     -15.0282
                -14.1277     -13.6943     -15.3779     -15.7666     -13.9669
                -13.5792     -14.9842     -15.1933     -15.2396     -15.7370
                -14.6190     -14.6131     -15.5386     -13.0817     -13.8822
                -14.0661     -15.2966     -15.1527     -14.8700     -13.7768
   1     60     -14.9175     -15.2179     -13.8703     -13.7558     -15.0649
                -14.1640     -13.7305     -15.4144     -15.8031     -14.0029
                -13.6153     -15.0205     -15.2298     -15.2760     -15.7733
                -14.6554     -14.6494     -15.5751     -13.1176     -13.9184
                -14.1023     -15.3327     -15.1892     -14.9062     -13.8130
   1     80     -15.2619     -15.5603     -14.2122     -14.0980     -15.4098
                -14.5067     -14.0723     -15.7586     -16.1470     -14.3432
                -13.9564     -15.3636     -15.5738     -15.6195     -16.1162
                -14.9982     -14.9921     -15.9189     -13.4576     -14.2595
                -14.4444     -15.6746     -15.5328     -15.2476     -14.1550
   1    100     -16.4468     -16.7395     -15.3888     -15.2733     -16.5948
                -15.6866     -15.2499     -16.9431     -17.3316     -15.5162
                -15.1305     -16.5440     -16.7568     -16.8016     -17.2966
                -16.1773     -16.1712     -17.1008     -14.6275     -15.4338
                -15.6233     -16.8529     -16.7153     -16.4229     -15.3309
   2      0     -14.8789     -15.1815     -13.8375     -13.7332     -15.0307
                -14.1305     -13.6964     -15.3777     -15.7647     -13.9721
                -13.5854     -14.9898     -15.1957     -15.2444     -15.7384
                -14.6206     -14.6098     -15.5429     -13.0873     -13.8854
                -14.0694     -15.3032     -15.1580     -14.8790     -13.7896
   3      0     -14.8912     -15.1958     -13.8514     -13.7458     -15.0434
                -14.1459     -13.7070     -15.3877     -15.7751     -13.9817
                -13.6017     -15.0001     -15.2125     -15.2554     -15.7517
                -14.6277     -14.6245     -15.5547     -13.0972     -13.8940
                -14.0797     -15.3193     -15.1668     -14.8950     -13.7991
   4      0     -14.8795     -15.1771     -13.8406     -13.7452     -15.0385
                -14.1464     -13.6964     -15.3698     -15.7625     -13.9729
                -13.6015     -14.9905     -15.1974     -15.2418     -15.7297
                -14.6265     -14.6179     -15.5376     -13.1028     -13.8855
                -14.0726     -15.3011     -15.1536     -14.8829     -13.8025
   5      0     -14.8791     -15.1755     -13.8366     -13.7392     -15.0333
                -14.1351     -13.6984     -15.3647     -15.7602     -13.9700
                -13.5909     -14.9863     -15.1967     -15.2401     -15.7362
                -14.6162     -14.6130     -15.5372     -13.0906     -13.8780
                -14.0702     -15.3068     -15.1531     -14.8722     -13.7946
   5     60     -14.9293     -15.2254     -13.8865     -13.7893     -15.0838
                -14.1850     -13.7483     -15.4150     -15.8104     -14.0196
                -13.6407     -15.0364     -15.2469     -15.2902     -15.7861
                -14.6662     -14.6630     -15.5875     -13.1402     -13.9278
                -14.1200     -15.3566     -15.2032     -14.9221     -13.8445
   5     80     -15.3582     -15.6520     -14.3125     -14.2159     -15.5134
                -14.6119     -14.1738     -15.8435     -16.2389     -14.4436
                -14.0657     -15.4637     -15.6756     -15.7182     -16.2134
                -15.0931     -15.0897     -16.0159     -13.5638     -14.3526
                -14.5461     -15.7830     -15.6313     -15.3477     -14.2707
   5    100     -16.4462     -16.7348     -15.3932     -15.2967     -16.6019
                -15.6955     -15.2547     -16.9310     -17.3271     -15.5210
                -15.1443     -16.5481     -16.7626     -16.8041     -17.2978
                -16.1758     -16.1723     -17.1020     -14.6383     -15.4307
                -15.6288     -16.8666     -16.7173     -16.4286     -15.3516
 
 
 cumulative average & 95% error for solvation free energy
              total             1st component         2nd component         3rd component
  1   -16.4428     0.0000     0.5359     0.0000    -2.0720     0.0000   -14.8912     0.0000
  2   -16.2894     0.3068     0.4553     0.1612    -1.6857     0.7726   -15.0435     0.3046
  3   -16.3547     0.2200     0.2260     0.4679    -1.9191     0.6457   -14.6462     0.8140
  4   -16.3964     0.1765     0.1829     0.3419    -2.1427     0.6391   -14.4211     0.7307
  5   -16.3056     0.2273     0.3190     0.3798    -2.0636     0.5197   -14.5455     0.6183
  6   -16.2552     0.2113     0.3338     0.3115    -2.0945     0.4288   -14.4789     0.5221
  7   -16.2780     0.1843     0.3061     0.2691    -2.1999     0.4192   -14.3687     0.4933
  8   -16.2531     0.1672     0.4028     0.3029    -2.1443     0.3797   -14.4960     0.4974
  9   -16.2308     0.1540     0.4708     0.2998    -2.0480     0.3863   -14.6382     0.5227
 10   -16.2382     0.1385     0.4216     0.2856    -2.0717     0.3487   -14.5725     0.4856
 11   -16.2111     0.1365     0.4132     0.2589    -2.1245     0.3327   -14.4843     0.4734
 12   -16.1942     0.1291     0.4439     0.2442    -2.0954     0.3092   -14.5272     0.4406
 13   -16.1822     0.1211     0.4043     0.2382    -1.9910     0.3528   -14.5800     0.4188
 14   -16.1807     0.1122     0.4304     0.2266    -1.9674     0.3300   -14.6282     0.3996
 15   -16.1884     0.1056     0.4818     0.2347    -1.9516     0.3088   -14.7031     0.4010
 16   -16.1945     0.0995     0.4891     0.2200    -1.9698     0.2912   -14.6984     0.3752
 17   -16.1907     0.0938     0.4591     0.2152    -1.9402     0.2798   -14.6940     0.3526
 18   -16.1866     0.0888     0.4985     0.2176    -1.9277     0.2650   -14.7419     0.3459
 19   -16.1800     0.0850     0.4281     0.2494    -1.9373     0.2514   -14.6553     0.3702
 20   -16.1888     0.0826     0.4126     0.2386    -1.9687     0.2466   -14.6172     0.3593
 21   -16.1835     0.0793     0.4226     0.2278    -1.9990     0.2423   -14.5916     0.3456
 22   -16.1892     0.0765     0.4287     0.2176    -1.9777     0.2349   -14.6247     0.3361
 23   -16.1939     0.0737     0.4255     0.2080    -1.9556     0.2287   -14.6483     0.3246
 24   -16.1885     0.0714     0.4381     0.2008    -1.9526     0.2191   -14.6586     0.3114
 25   -16.1846     0.0689     0.4172     0.1971    -1.9621     0.2110   -14.6242     0.3065
