 ERmod 0.3.7, Copyright (C) 2000-2019 Nobuyuki Matubayasi
                            2010-2019 Shun Sakuraba
 ERmod comes with ABSOLUTELY NO WARRANTY.
 This is free software, and you can redistribute it
 and/or modify it under certain conditions.
 See LICENSE file for details.
Opening: "/home/hervoe/snic2020-6-15/hervoe/Caffeine_solubility/Simulations/opls_simulations/KF/2.00/trajectory_ref_full.xtc"...
  Trying plugin "Gromacs XTC Compressed Trajectory"...OK
Opening: "/home/hervoe/snic2020-6-15/hervoe/Caffeine_solubility/Simulations/opls_simulations/Solute/trajectory_solute.xtc"...
  Trying plugin "Gromacs XTC Compressed Trajectory"...OK
Opening: "/home/hervoe/snic2020-6-15/hervoe/Caffeine_solubility/Simulations/opls_simulations/Solute/trajectory_solute.xtc"...
  Trying plugin "Gromacs XTC Compressed Trajectory"...OK
Opening: "/home/hervoe/snic2020-6-15/hervoe/Caffeine_solubility/Simulations/opls_simulations/Solute/trajectory_solute.xtc"...
  Trying plugin "Gromacs XTC Compressed Trajectory"...OK
Opening: "/home/hervoe/snic2020-6-15/hervoe/Caffeine_solubility/Simulations/opls_simulations/Solute/trajectory_solute.xtc"...
  Trying plugin "Gromacs XTC Compressed Trajectory"...OK
Opening: "/home/hervoe/snic2020-6-15/hervoe/Caffeine_solubility/Simulations/opls_simulations/Solute/trajectory_solute.xtc"...
  Trying plugin "Gromacs XTC Compressed Trajectory"...OK
Opening: "/home/hervoe/snic2020-6-15/hervoe/Caffeine_solubility/Simulations/opls_simulations/Solute/trajectory_solute.xtc"...
  Trying plugin "Gromacs XTC Compressed Trajectory"...OK
Opening: "/home/hervoe/snic2020-6-15/hervoe/Caffeine_solubility/Simulations/opls_simulations/Solute/trajectory_solute.xtc"...
  Trying plugin "Gromacs XTC Compressed Trajectory"...OK
Opening: "/home/hervoe/snic2020-6-15/hervoe/Caffeine_solubility/Simulations/opls_simulations/Solute/trajectory_solute.xtc"...
  Trying plugin "Gromacs XTC Compressed Trajectory"...OK
Opening: "/home/hervoe/snic2020-6-15/hervoe/Caffeine_solubility/Simulations/opls_simulations/Solute/trajectory_solute.xtc"...
  Trying plugin "Gromacs XTC Compressed Trajectory"...OK
Opening: "/home/hervoe/snic2020-6-15/hervoe/Caffeine_solubility/Simulations/opls_simulations/Solute/trajectory_solute.xtc"...
  Trying plugin "Gromacs XTC Compressed Trajectory"...OK
 
  Number of the   1-th solvent  =           36
  Number of the   2-th solvent  =           36
  Number of the   3-th solvent  =         1000
 
  Be sure that the solvent distribution is homogeneous (radial distribution function is essentially unity) when the solvent molecule is separated beyond distance of   10.0 Angstrom in any direction from any atom within the solute molecule
 
  LJ long-range correction    =        -0.0526     -0.0066     -1.0547
 
  Self-energy of the solute   =        -0.0402  kcal/mol
 
 
 cumulative average & 95% error for solvation energy
              total             1st component         2nd component         3rd component
  1   -50.6593                2.5085               -6.6892              -46.4384
  2   -50.5352     0.2482     2.7214     0.4257    -6.3581     0.6622   -46.8582     0.8396
  3   -50.4806     0.1801     2.7531     0.2538    -6.3721     0.3833   -46.8214     0.4903
  4   -50.5214     0.1512     2.2642     0.9941    -6.2250     0.4000   -46.5204     0.6947
  5   -50.4550     0.1771     2.3730     0.8002    -6.1521     0.3424   -46.6357     0.5854
  6   -50.4894     0.1601     2.2038     0.7358    -6.0437     0.3538   -46.6093     0.4809
  7   -50.5520     0.1844     2.2685     0.6352    -6.3368     0.6580   -46.4434     0.5246
  8   -50.5502     0.1597     2.3202     0.5597    -6.2091     0.6245   -46.6211     0.5767
  9   -50.5422     0.1418     2.0263     0.7675    -5.6986     1.1601   -46.8298     0.6579
 10   -50.5567     0.1300     2.1480     0.7284    -5.8293     1.0701   -46.8352     0.5886
 11   -50.5460     0.1195     2.0050     0.7182    -5.6599     1.0254   -46.8508     0.5333
 12   -50.5517     0.1097     1.7699     0.8068    -5.5098     0.9831   -46.7716     0.5120
 13   -50.5338     0.1070     1.6177     0.8021    -5.3381     0.9673   -46.7733     0.4710
 14   -50.5284     0.0997     1.2772     1.0076    -5.1381     0.9808   -46.6273     0.5248
 15   -50.5513     0.1035     1.2910     0.9385    -5.3416     0.9996   -46.4606     0.5915
 16   -50.5645     0.1003     1.1968     0.8979    -5.2950     0.9397   -46.4260     0.5576
 17   -50.5692     0.0947     0.9752     0.9527    -5.0496     1.0099   -46.4546     0.5269
 18   -50.5862     0.0956     0.9774     0.8982    -5.1178     0.9619   -46.4056     0.5063
 19   -50.5951     0.0921     0.9582     0.8505    -5.1291     0.9101   -46.3840     0.4809
 20   -50.5981     0.0876     1.0035     0.8119    -5.1957     0.8737   -46.3657     0.4576
 21   -50.5891     0.0853     1.0409     0.7759    -5.1498     0.8361   -46.4399     0.4599
 22   -50.5974     0.0830     1.0000     0.7443    -5.2157     0.8080   -46.3415     0.4807
 23   -50.5833     0.0842     1.0567     0.7202    -5.1814     0.7751   -46.4184     0.4843
 24   -50.5839     0.0806     1.0743     0.6904    -5.1942     0.7426   -46.4237     0.4638
 25   -50.5905     0.0785     1.0996     0.6642    -5.2623     0.7251   -46.3876     0.4507
 
 
 group  inft  solvation free energy     error          difference
  total solvation free energy
   1      0         -9.99685           0.18168          -0.00120
   1     60        -10.03451           0.18168          -0.03886
   1     80        -10.41081           0.18208          -0.41517
   1    100        -11.76428           0.18367          -1.76863
   2      0         -9.99136           0.17872           0.00428
   3      0         -9.99565           0.17884           0.00000
   4      0         -9.99722           0.18044          -0.00157
   5      0         -9.99214           0.18016           0.00351
   5     60        -10.04346           0.18017          -0.04782
   5     80        -10.51819           0.18069          -0.52254
   5    100        -11.76316           0.18218          -1.76751
 
  contribution from  1-th solvent component
   1      0          1.46331           0.36164           0.00816
   1     60          1.46488           0.36160           0.00973
   1     80          1.48205           0.36164           0.02690
   1    100          1.52348           0.36202           0.06833
   2      0          1.45864           0.36075           0.00349
   3      0          1.45515           0.35922           0.00000
   4      0          1.44762           0.35860          -0.00753
   5      0          1.45102           0.35799          -0.00413
   5     60          1.45358           0.35795          -0.00157
   5     80          1.47359           0.35802           0.01844
   5    100          1.50814           0.35840           0.05299
 
  contribution from  2-th solvent component
   1      0         -2.73646           0.36519          -0.01609
   1     60         -2.73711           0.36519          -0.01674
   1     80         -2.74571           0.36524          -0.02534
   1    100         -2.78109           0.36541          -0.06072
   2      0         -2.72464           0.36401          -0.00426
   3      0         -2.72037           0.36447           0.00000
   4      0         -2.71778           0.36389           0.00259
   5      0         -2.71550           0.36418           0.00487
   5     60         -2.71643           0.36418           0.00395
   5     80         -2.72760           0.36425          -0.00723
   5    100         -2.75899           0.36446          -0.03862
 
  contribution from  3-th solvent component
   1      0         -8.68345           0.22294           0.00673
   1     60         -8.72203           0.22294          -0.03185
   1     80         -9.10691           0.22299          -0.41673
   1    100        -10.46643           0.22322          -1.77625
   2      0         -8.68513           0.22177           0.00506
   3      0         -8.69018           0.22161           0.00000
   4      0         -8.68681           0.21947           0.00338
   5      0         -8.68743           0.22061           0.00276
   5     60         -8.74037           0.22061          -0.05019
   5     80         -9.22394           0.22067          -0.53376
   5    100        -10.47205           0.22086          -1.78187
 
 
 group  inft   Estimated free energy: total (kcal/mol)
   1      0      -9.9765      -9.8374      -9.8410     -10.4483      -9.2241
                 -9.9655     -10.7697      -9.6724      -9.4680     -10.4675
                 -9.8617     -10.4427      -9.1096     -10.0949     -10.4368
                 -9.8243     -10.0208     -10.6127     -10.1079      -9.8919
                 -9.6541     -10.9327      -9.7026      -9.5792      -9.9790
   1     60     -10.0140      -9.8750      -9.8787     -10.4856      -9.2616
                -10.0031     -10.8073      -9.7102      -9.5058     -10.5053
                 -9.8993     -10.4804      -9.1470     -10.1322     -10.4745
                 -9.8622     -10.0585     -10.6506     -10.1458      -9.9298
                 -9.6917     -10.9703      -9.7403      -9.6169     -10.0168
   1     80     -10.3884     -10.2524     -10.2557     -10.8602      -9.6353
                -10.3801     -11.1832     -10.0865      -9.8825     -10.8825
                -10.2759     -10.8573      -9.5179     -10.5053     -10.8547
                -10.2398     -10.4364     -11.0294     -10.5243     -10.3060
                -10.0650     -11.3474     -10.1169      -9.9922     -10.3951
   1    100     -11.7360     -11.6106     -11.6132     -12.2091     -10.9794
                -11.7360     -12.5343     -11.4367     -11.2352     -12.2392
                -11.6332     -12.2118     -10.8531     -11.8471     -12.2230
                -11.5961     -11.7974     -12.3917     -11.8855     -11.6574
                -11.4082     -12.7058     -11.4707     -11.3415     -11.7549
   2      0      -9.9704      -9.8218      -9.8456     -10.4387      -9.2670
                 -9.9520     -10.7327      -9.6806      -9.4881     -10.4544
                 -9.8395     -10.4199      -9.1117     -10.1025     -10.4310
                 -9.8203     -10.0137     -10.6150     -10.0802      -9.8676
                 -9.6534     -10.9352      -9.6901      -9.5712      -9.9816
   3      0     -10.0098      -9.8356      -9.8499     -10.4559      -9.2875
                 -9.9576     -10.7261      -9.6903      -9.4658     -10.4629
                 -9.8462     -10.4341      -9.1016     -10.1019     -10.4405
                 -9.8207     -10.0141     -10.6032     -10.0865      -9.8741
                 -9.6308     -10.9242      -9.6953      -9.5736     -10.0031
   4      0     -10.0027      -9.8385      -9.8554     -10.4914      -9.2722
                 -9.9555     -10.7441      -9.6656      -9.4901     -10.4599
                 -9.8459     -10.4260      -9.1060     -10.0920     -10.4545
                 -9.7961     -10.0117     -10.6072     -10.0876      -9.8694
                 -9.6591     -10.9354      -9.6865      -9.5726     -10.0052
   5      0     -10.0002      -9.8295      -9.8509     -10.4594      -9.2766
                 -9.9480     -10.7422      -9.6762      -9.4751     -10.4590
                 -9.8482     -10.4264      -9.0880     -10.0743     -10.4419
                 -9.8059     -10.0154     -10.6113     -10.0894      -9.8826
                 -9.6287     -10.9201      -9.6868      -9.5681      -9.9991
   5     60     -10.0511      -9.8808      -9.9023     -10.5102      -9.3278
                 -9.9994     -10.7935      -9.7278      -9.5267     -10.5105
                 -9.8995     -10.4778      -9.1388     -10.1250     -10.4934
                 -9.8575     -10.0667     -10.6630     -10.1411      -9.9342
                 -9.6799     -10.9714      -9.7382      -9.6194     -10.0506
   5     80     -10.5237     -10.3568     -10.3786     -10.9831      -9.7994
                -10.4752     -11.2675     -10.2029     -10.0012     -10.9858
                -10.3745     -10.9530      -9.6065     -10.5959     -10.9736
                -10.3342     -10.5435     -11.1406     -10.6185     -10.4084
                -10.1507     -11.4472     -10.2131     -10.0929     -10.5280
   5    100     -11.7640     -11.6056     -11.6290     -12.2245     -11.0362
                -11.7234     -12.5101     -11.4465     -11.2436     -12.2319
                -11.6218     -12.1983     -10.8338     -11.8311     -12.2338
                -11.5836     -11.7946     -12.3932     -11.8702     -11.6509
                -11.3859     -12.6966     -11.4578     -11.3337     -11.7788
 
 group  inft   Estimated free energy: 1-th solvent contribution (kcal/mol)
   1      0       2.1902       2.3857       2.2763       0.7795       2.8887
                  1.6625       1.6077       2.4797       1.3328       2.3003
                  1.2146       0.3818       1.2706      -0.8987       1.0848
                  1.0912      -0.3944       1.1454       1.5551       1.9457
                  2.1654       0.3785       2.0965       1.9116       1.7313
   1     60       2.1919       2.3873       2.2778       0.7814       2.8902
                  1.6640       1.6092       2.4811       1.3343       2.3018
                  1.2162       0.3834       1.2724      -0.8968       1.0863
                  1.0926      -0.3928       1.1468       1.5565       1.9471
                  2.1669       0.3801       2.0980       1.9132       1.7329
   1     80       2.2110       2.4038       2.2939       0.8003       2.9086
                  1.6804       1.6253       2.4992       1.3521       2.3191
                  1.2332       0.4003       1.2943      -0.8766       1.1000
                  1.1083      -0.3771       1.1620       1.5719       1.9653
                  2.1860       0.3956       2.1146       1.9308       1.7492
   1    100       2.2589       2.4427       2.3312       0.8459       2.9556
                  1.7186       1.6630       2.5451       1.3966       2.3611
                  1.2733       0.4405       1.3530      -0.8256       1.1278
                  1.1449      -0.3422       1.1957       1.6074       2.0115
                  2.2355       0.4298       2.1544       1.9747       1.7877
   2      0       2.1975       2.3784       2.2708       0.7767       2.8464
                  1.6819       1.6245       2.4648       1.3030       2.2825
                  1.2064       0.3845       1.2650      -0.9009       1.0884
                  1.1010      -0.4014       1.1268       1.5687       1.9526
                  2.1705       0.3639       2.0847       1.9185       1.7108
   3      0       2.1658       2.3668       2.2720       0.7668       2.8307
                  1.6783       1.6389       2.4692       1.3068       2.2649
                  1.1916       0.3740       1.2742      -0.8898       1.0826
                  1.0998      -0.4018       1.1429       1.5614       1.9494
                  2.1802       0.3687       2.0736       1.9194       1.6924
   4      0       2.1630       2.3560       2.2577       0.7530       2.8291
                  1.6815       1.6066       2.4690       1.2903       2.2580
                  1.1861       0.3884       1.2682      -0.8902       1.0760
                  1.1116      -0.4119       1.1253       1.5574       1.9539
                  2.1504       0.3560       2.0600       1.9098       1.6852
   5      0       2.1621       2.3563       2.2631       0.7627       2.8324
                  1.6829       1.6200       2.4709       1.2955       2.2549
                  1.1846       0.3801       1.2738      -0.8742       1.0798
                  1.1055      -0.4086       1.1368       1.5546       1.9475
                  2.1699       0.3652       2.0609       1.9135       1.6855
   5     60       2.1649       2.3589       2.2656       0.7658       2.8349
                  1.6853       1.6224       2.4734       1.2980       2.2573
                  1.1872       0.3827       1.2769      -0.8710       1.0823
                  1.1078      -0.4061       1.1392       1.5569       1.9499
                  2.1724       0.3677       2.0633       1.9160       1.6880
   5     80       2.1873       2.3778       2.2841       0.7877       2.8564
                  1.7043       1.6412       2.4949       1.3190       2.2776
                  1.2069       0.4023       1.3029      -0.8473       1.0976
                  1.1259      -0.3882       1.1568       1.5745       1.9714
                  2.1951       0.3856       2.0826       1.9367       1.7068
   5    100       2.2278       2.4097       2.3145       0.8258       2.8958
                  1.7359       1.6728       2.5339       1.3566       2.3130
                  1.2399       0.4357       1.3534      -0.8044       1.1194
                  1.1559      -0.3599       1.1846       1.6032       2.0109
                  2.2375       0.4137       2.1156       1.9735       1.7384
 
 group  inft   Estimated free energy: 2-th solvent contribution (kcal/mol)
   1      0      -3.4112      -3.0372      -3.1776      -2.8553      -2.9811
                 -2.8548      -4.1610      -2.7572      -1.0542      -3.8238
                 -2.0039      -2.3665      -1.4218      -1.2771      -3.9000
                 -2.4535      -0.6317      -3.4806      -3.1331      -3.3116
                 -2.3092      -3.6195      -2.2541      -2.6923      -3.4434
   1     60      -3.4118      -3.0378      -3.1782      -2.8559      -2.9817
                 -2.8555      -4.1617      -2.7578      -1.0549      -3.8245
                 -2.0046      -2.3671      -1.4224      -1.2777      -3.9006
                 -2.4542      -0.6324      -3.4812      -3.1337      -3.3122
                 -2.3099      -3.6202      -2.2548      -2.6929      -3.4441
   1     80      -3.4204      -3.0467      -3.1867      -2.8643      -2.9899
                 -2.8639      -4.1705      -2.7663      -1.0634      -3.8334
                 -2.0134      -2.3757      -1.4300      -1.2864      -3.9092
                 -2.4630      -0.6408      -3.4899      -3.1425      -3.3210
                 -2.3182      -3.6292      -2.2636      -2.7014      -3.4530
   1    100      -3.4565      -3.0832      -3.2217      -2.8986      -3.0237
                 -2.8980      -4.2064      -2.8013      -1.0982      -3.8703
                 -2.0501      -2.4108      -1.4631      -1.3218      -3.9438
                 -2.4982      -0.6754      -3.5256      -3.1786      -3.3567
                 -2.3527      -3.6660      -2.3000      -2.7367      -3.4899
   2      0      -3.4070      -3.0128      -3.1690      -2.8365      -2.9860
                 -2.8563      -4.1395      -2.7463      -1.0491      -3.7998
                 -1.9823      -2.3443      -1.4195      -1.2773      -3.8854
                 -2.4479      -0.6150      -3.4635      -3.1180      -3.2965
                 -2.3162      -3.6029      -2.2333      -2.6879      -3.4237
   3      0      -3.4054      -3.0105      -3.1652      -2.8389      -2.9836
                 -2.8502      -4.1437      -2.7511      -1.0330      -3.7883
                 -1.9690      -2.3433      -1.4119      -1.2794      -3.8863
                 -2.4440      -0.6183      -3.4626      -3.1129      -3.2920
                 -2.2994      -3.5915      -2.2233      -2.6825      -3.4232
   4      0      -3.4002      -2.9998      -3.1594      -2.8471      -2.9824
                 -2.8505      -4.1339      -2.7407      -1.0453      -3.7951
                 -1.9654      -2.3506      -1.4145      -1.2690      -3.8793
                 -2.4330      -0.6091      -3.4520      -3.1096      -3.2883
                 -2.3134      -3.5926      -2.2198      -2.6813      -3.4123
   5      0      -3.3966      -2.9966      -3.1619      -2.8349      -2.9781
                 -2.8487      -4.1399      -2.7475      -1.0366      -3.7784
                 -1.9645      -2.3477      -1.4063      -1.2709      -3.8790
                 -2.4389      -0.6138      -3.4663      -3.1094      -3.2899
                 -2.2948      -3.5896      -2.2123      -2.6766      -3.4081
   5     60      -3.3975      -2.9975      -3.1628      -2.8358      -2.9790
                 -2.8496      -4.1409      -2.7484      -1.0375      -3.7793
                 -1.9654      -2.3487      -1.4071      -1.2719      -3.8800
                 -2.4398      -0.6148      -3.4672      -3.1103      -3.2909
                 -2.2957      -3.5906      -2.2132      -2.6775      -3.4091
   5     80      -3.4089      -3.0089      -3.1739      -2.8467      -2.9898
                 -2.8606      -4.1524      -2.7597      -1.0484      -3.7907
                 -1.9768      -2.3597      -1.4170      -1.2833      -3.8912
                 -2.4513      -0.6257      -3.4785      -3.1216      -3.3022
                 -2.3066      -3.6023      -2.2246      -2.6885      -3.4206
   5    100      -3.4413      -3.0406      -3.2050      -2.8774      -3.0199
                 -2.8912      -4.1848      -2.7913      -1.0788      -3.8228
                 -2.0087      -2.3907      -1.4458      -1.3155      -3.9229
                 -2.4833      -0.6562      -3.5100      -3.1532      -3.3342
                 -2.3367      -3.6352      -2.2564      -2.7195      -3.4533
 
 group  inft   Estimated free energy: 3-th solvent contribution (kcal/mol)
   1      0      -8.7153      -9.1457      -8.8995      -8.3323      -9.0915
                 -8.7328      -8.1761      -9.3546      -9.7063      -8.9038
                 -9.0321      -8.4178      -8.9182      -7.8789      -7.5813
                 -8.4218      -8.9545      -8.2373      -8.4898      -8.4857
                 -9.4700      -7.6515      -9.5047      -8.7583      -8.2267
   1     60      -8.7538      -9.1842      -8.9380      -8.3708      -9.1299
                 -8.7714      -8.2146      -9.3933      -9.7450      -8.9424
                 -9.0707      -8.4564      -8.9568      -7.9175      -7.6199
                 -8.4604      -8.9931      -8.2759      -8.5284      -8.5244
                 -9.5085      -7.6900      -9.5433      -8.7969      -8.2653
   1     80      -9.1387      -9.5692      -9.3227      -8.7560      -9.5137
                 -9.1563      -8.5978      -9.7792     -10.1310      -9.3279
                 -9.4554      -8.8417      -9.3420      -8.3020      -8.0052
                 -8.8449      -9.3782      -8.6612      -8.9135      -8.9100
                 -9.8925      -8.0736      -9.9276      -9.1814      -8.6511
   1    100     -10.4982     -10.9299     -10.6825     -10.1162     -10.8710
                -10.5163      -9.9506     -11.1404     -11.4935     -10.6897
                -10.8161     -10.2013     -10.7027      -9.6594      -9.3667
                -10.2026     -10.7395     -10.0216     -10.2741     -10.2720
                -11.2508      -9.4293     -11.2848     -10.5392     -10.0125
   2      0      -8.7206      -9.1472      -8.9072      -8.3387      -9.0872
                 -8.7374      -8.1774      -9.3588      -9.7017      -8.8968
                 -9.0233      -8.4199      -8.9170      -7.8841      -7.5937
                 -8.4332      -8.9570      -8.2381      -8.4906      -8.4836
                 -9.4675      -7.6559      -9.5013      -8.7616      -8.2284
   3      0      -8.7300      -9.1517      -8.9165      -8.3435      -9.0944
                 -8.7455      -8.1810      -9.3682      -9.6993      -8.8992
                 -9.0285      -8.4246      -8.9236      -7.8925      -7.5966
                 -8.4362      -8.9537      -8.2433      -8.4948      -8.4912
                 -9.4714      -7.6612      -9.5054      -8.7702      -8.2321
   4      0      -8.7253      -9.1545      -8.9134      -8.3571      -9.0786
                 -8.7462      -8.1766      -9.3537      -9.6948      -8.8826
                 -9.0264      -8.4236      -8.9195      -7.8925      -7.6110
                 -8.4344      -8.9504      -8.2401      -8.4951      -8.4948
                 -9.4559      -7.6586      -9.4864      -8.7609      -8.2379
   5      0      -8.7254      -9.1490      -8.9118      -8.3470      -9.0906
                 -8.7419      -8.1820      -9.3594      -9.6939      -8.8953
                 -9.0282      -8.4186      -8.9153      -7.8889      -7.6025
                 -8.4323      -8.9527      -8.2416      -8.4944      -8.4999
                 -9.4635      -7.6554      -9.4951      -8.7647      -8.2362
   5     60      -8.7783      -9.2019      -8.9648      -8.4000      -9.1434
                 -8.7949      -8.2347      -9.4125      -9.7469      -8.9483
                 -9.0811      -8.4716      -8.9683      -7.9419      -7.6555
                 -8.4852      -9.0056      -8.2947      -8.5474      -8.5530
                 -9.5163      -7.7083      -9.5480      -8.8177      -8.2893
   5     80      -9.2619      -9.6855      -9.4485      -8.8838      -9.6257
                 -9.2787      -8.7161      -9.8978     -10.2315      -9.4324
                 -9.5643      -8.9554      -9.4522      -8.4250      -8.1397
                 -8.9687      -9.4893      -8.7786      -9.0312      -9.0373
                 -9.9990      -8.1902     -10.0309      -9.3008      -8.7739
   5    100     -10.5103     -10.9344     -10.6983     -10.1326     -10.8718
                -10.5278      -9.9578     -11.1488     -11.4812     -10.6818
                -10.8128     -10.2031     -10.7012      -9.6710      -9.3901
                -10.2159     -10.7382     -10.0275     -10.2800     -10.2874
                -11.2464      -9.4350     -11.2768     -10.5475     -10.0236
 
 
 cumulative average & 95% error for solvation free energy
              total             1st component         2nd component         3rd component
  1   -10.0098     0.0000     2.1658     0.0000    -3.4054     0.0000    -8.7300     0.0000
  2    -9.9227     0.1741     2.2663     0.2010    -3.2079     0.3949    -8.9408     0.4218
  3    -9.8984     0.1116     2.2682     0.1161    -3.1937     0.2298    -8.9327     0.2440
  4   -10.0378     0.2897     1.8929     0.7552    -3.1050     0.2406    -8.7854     0.3414
  5    -9.8877     0.3747     2.0804     0.6949    -3.0807     0.1926    -8.8472     0.2919
  6    -9.8994     0.3069     2.0134     0.5830    -3.0423     0.1750    -8.8303     0.2407
  7   -10.0175     0.3508     1.9599     0.5042    -3.1996     0.3477    -8.7375     0.2753
  8    -9.9766     0.3146     2.0236     0.4549    -3.1436     0.3213    -8.8164     0.2859
  9    -9.9198     0.2998     1.9439     0.4316    -2.9091     0.5480    -8.9145     0.3195
 10    -9.9741     0.2893     1.9760     0.3914    -2.9970     0.5207    -8.9129     0.2857
 11    -9.9625     0.2627     1.9047     0.3816    -2.9035     0.5067    -8.9234     0.2593
 12   -10.0018     0.2524     1.7772     0.4318    -2.8568     0.4719    -8.8819     0.2509
 13    -9.9326     0.2703     1.7385     0.4047    -2.7457     0.4877    -8.8851     0.2309
 14    -9.9447     0.2514     1.5507     0.5304    -2.6410     0.4978    -8.8142     0.2565
 15    -9.9777     0.2432     1.5195     0.4977    -2.7240     0.4922    -8.7330     0.2888
 16    -9.9679     0.2284     1.4933     0.4685    -2.7065     0.4618    -8.7145     0.2726
 17    -9.9706     0.2146     1.3818     0.4934    -2.5836     0.4985    -8.7285     0.2576
 18   -10.0058     0.2142     1.3685     0.4659    -2.6325     0.4800    -8.7016     0.2488
 19   -10.0100     0.2028     1.3787     0.4412    -2.6578     0.4569    -8.6907     0.2364
 20   -10.0032     0.1928     1.4072     0.4224    -2.6895     0.4380    -8.6807     0.2251
 21    -9.9855     0.1868     1.4440     0.4085    -2.6709     0.4183    -8.7184     0.2270
 22   -10.0281     0.1975     1.3952     0.4015    -2.7127     0.4075    -8.6703     0.2368
 23   -10.0137     0.1909     1.4247     0.3882    -2.6915     0.3917    -8.7066     0.2376
 24    -9.9953     0.1865     1.4453     0.3739    -2.6911     0.3750    -8.7093     0.2276
 25    -9.9956     0.1788     1.4552     0.3592    -2.7204     0.3645    -8.6902     0.2216
