Lmod has detected the following error: These module(s) exist but cannot be
loaded as requested: "hwloc/1.11.11"
   Try: "module spider hwloc/1.11.11" to see how to load the module(s).



Lmod has detected the following error: These module(s) exist but cannot be
loaded as requested: "hwloc/1.11.11"
   Try: "module spider hwloc/1.11.11" to see how to load the module(s).



 ERmod 0.3.7, Copyright (C) 2000-2019 Nobuyuki Matubayasi
                            2010-2019 Shun Sakuraba
 ERmod comes with ABSOLUTELY NO WARRANTY.
 This is free software, and you can redistribute it
 and/or modify it under certain conditions.
 See LICENSE file for details.
Opening: "/home/hervoe/snic2020-6-15/hervoe/temp/Simulations/KI/1.00/trajectory_sol_full.xtc"...
  Trying plugin "Gromacs XTC Compressed Trajectory"...OK
 ERmod 0.3.7, Copyright (C) 2000-2019 Nobuyuki Matubayasi
                            2010-2019 Shun Sakuraba
 ERmod comes with ABSOLUTELY NO WARRANTY.
 This is free software, and you can redistribute it
 and/or modify it under certain conditions.
 See LICENSE file for details.
Opening: "/home/hervoe/snic2020-6-15/hervoe/temp/Simulations/KI/1.00/trajectory_ref_full.xtc"...
  Trying plugin "Gromacs XTC Compressed Trajectory"...OK
Opening: "/home/hervoe/snic2020-6-15/hervoe/temp/Simulations/Solute_new/trajectory_solute.xtc"...
  Trying plugin "Gromacs XTC Compressed Trajectory"...OK
Opening: "/home/hervoe/snic2020-6-15/hervoe/temp/Simulations/Solute_new/trajectory_solute.xtc"...
  Trying plugin "Gromacs XTC Compressed Trajectory"...OK
Opening: "/home/hervoe/snic2020-6-15/hervoe/temp/Simulations/Solute_new/trajectory_solute.xtc"...
  Trying plugin "Gromacs XTC Compressed Trajectory"...OK
Opening: "/home/hervoe/snic2020-6-15/hervoe/temp/Simulations/Solute_new/trajectory_solute.xtc"...
  Trying plugin "Gromacs XTC Compressed Trajectory"...OK
Opening: "/home/hervoe/snic2020-6-15/hervoe/temp/Simulations/Solute_new/trajectory_solute.xtc"...
  Trying plugin "Gromacs XTC Compressed Trajectory"...OK
Opening: "/home/hervoe/snic2020-6-15/hervoe/temp/Simulations/Solute_new/trajectory_solute.xtc"...
  Trying plugin "Gromacs XTC Compressed Trajectory"...OK
Opening: "/home/hervoe/snic2020-6-15/hervoe/temp/Simulations/Solute_new/trajectory_solute.xtc"...
  Trying plugin "Gromacs XTC Compressed Trajectory"...OK
Opening: "/home/hervoe/snic2020-6-15/hervoe/temp/Simulations/Solute_new/trajectory_solute.xtc"...
  Trying plugin "Gromacs XTC Compressed Trajectory"...OK
Opening: "/home/hervoe/snic2020-6-15/hervoe/temp/Simulations/Solute_new/trajectory_solute.xtc"...
  Trying plugin "Gromacs XTC Compressed Trajectory"...OK
Opening: "/home/hervoe/snic2020-6-15/hervoe/temp/Simulations/Solute_new/trajectory_solute.xtc"...
  Trying plugin "Gromacs XTC Compressed Trajectory"...OK
 
  Number of the   1-th solvent  =           18
  Number of the   2-th solvent  =           18
  Number of the   3-th solvent  =         1000
 
  Be sure that the solvent distribution is homogeneous (radial distribution function is essentially unity) when the solvent molecule is separated beyond distance of   10.0 Angstrom in any direction from any atom within the solute molecule
 
  LJ long-range correction    =        -0.0530     -0.0144     -0.8545
 
  Self-energy of the solute   =        -0.0156  kcal/mol
 
 
 cumulative average & 95% error for solvation energy
              total             1st component         2nd component         3rd component
  1   -59.3450               -1.0826               -4.0016              -54.2451
  2   -59.3536     0.0172    -2.0404     1.9155    -3.1655     1.6722   -54.1321     0.2261
  3   -59.3359     0.0366    -1.4256     1.6537    -3.5559     1.2416   -54.3388     0.4337
  4   -59.3265     0.0321    -0.9152     1.5522    -3.4383     0.9089   -54.9573     1.2744
  5   -59.2762     0.1036    -0.7957     1.2259    -3.3676     0.7181   -55.0973     1.0261
  6   -59.2550     0.0945    -0.7639     1.0030    -3.2366     0.6421   -55.2389     0.8844
  7   -59.2475     0.0813    -0.7147     0.8533    -3.2605     0.5448   -55.2566     0.7483
  8   -59.2544     0.0718    -0.6919     0.7404    -3.3628     0.5143   -55.1840     0.6641
  9   -59.2547     0.0633    -0.7841     0.6785    -3.4804     0.5109   -54.9745     0.7201
 10   -59.2363     0.0674    -0.8535     0.6225    -3.4744     0.4571   -54.8928     0.6645
 11   -59.2316     0.0617    -0.8363     0.5642    -3.5136     0.4208   -54.8661     0.6034
 12   -59.2675     0.0912    -0.7811     0.5267    -3.5675     0.3990   -54.9033     0.5559
 13   -59.2612     0.0848    -0.8483     0.5028    -3.5013     0.3902   -54.8961     0.5115
 14   -59.2470     0.0835    -0.8489     0.4655    -3.5652     0.3832   -54.8173     0.4991
 15   -59.2306     0.0844    -0.7821     0.4535    -3.5230     0.3666   -54.9098     0.5002
 16   -59.2362     0.0797    -0.7308     0.4364    -3.5227     0.3429   -54.9671     0.4817
 17   -59.2226     0.0797    -0.8652     0.4903    -3.4403     0.3618   -54.9014     0.4711
 18   -59.2191     0.0754    -0.8197     0.4711    -3.3862     0.3579   -54.9975     0.4840
 19   -59.2302     0.0747    -0.7869     0.4504    -3.3653     0.3411   -55.0624     0.4759
 20   -59.2471     0.0785    -0.7735     0.4281    -3.3133     0.3398   -55.1446     0.4804
 21   -59.2530     0.0756    -0.8229     0.4191    -3.3043     0.3238   -55.1101     0.4621
 22   -59.2634     0.0750    -0.7862     0.4063    -3.3451     0.3193   -55.1165     0.4408
 23   -59.2678     0.0722    -0.7254     0.4068    -3.4122     0.3333   -55.1146     0.4212
 24   -59.2627     0.0699    -0.8086     0.4235    -3.4953     0.3598   -54.9431     0.5293
 25   -59.2599     0.0673    -0.8028     0.4064    -3.4907     0.3453   -54.9508     0.5080
 
 
 group  inft  solvation free energy     error          difference
  total solvation free energy
   1      0        -16.10566           0.06416          -0.00004
   1     60        -16.14307           0.06416          -0.03745
   1     80        -16.49985           0.06421          -0.39423
   1    100        -17.73334           0.06436          -1.62772
   2      0        -16.09616           0.06219           0.00946
   3      0        -16.10562           0.06248           0.00000
   4      0        -16.09449           0.06282           0.01113
   5      0        -16.08924           0.06357           0.01639
   5     60        -16.14063           0.06358          -0.03501
   5     80        -16.58640           0.06366          -0.48078
   5    100        -17.71877           0.06379          -1.61315
 
  contribution from  1-th solvent component
   1      0          0.55885           0.18924          -0.00797
   1     60          0.55783           0.18924          -0.00898
   1     80          0.54863           0.18925          -0.01819
   1    100          0.51808           0.18929          -0.04874
   2      0          0.56516           0.18824          -0.00166
   3      0          0.56682           0.18798           0.00000
   4      0          0.56887           0.18749           0.00205
   5      0          0.56953           0.18807           0.00271
   5     60          0.56812           0.18807           0.00130
   5     80          0.55665           0.18807          -0.01017
   5    100          0.52875           0.18809          -0.03807
 
  contribution from  2-th solvent component
   1      0         -2.27142           0.18069          -0.00481
   1     60         -2.27171           0.18069          -0.00510
   1     80         -2.27401           0.18072          -0.00739
   1    100         -2.28686           0.18081          -0.02025
   2      0         -2.26769           0.17950          -0.00107
   3      0         -2.26662           0.17874           0.00000
   4      0         -2.26615           0.17894           0.00047
   5      0         -2.26459           0.17915           0.00203
   5     60         -2.26483           0.17915           0.00179
   5     80         -2.26863           0.17916          -0.00201
   5    100         -2.28048           0.17920          -0.01386
 
  contribution from  3-th solvent component
   1      0        -14.37745           0.25213           0.01273
   1     60        -14.41355           0.25213          -0.02336
   1     80        -14.75882           0.25226          -0.36864
   1    100        -15.94892           0.25307          -1.55873
   2      0        -14.37799           0.25168           0.01219
   3      0        -14.39018           0.25196           0.00000
   4      0        -14.38157           0.24991           0.00861
   5      0        -14.37853           0.25087           0.01165
   5     60        -14.42828           0.25087          -0.03810
   5     80        -14.85878           0.25106          -0.46860
   5    100        -15.95140           0.25186          -1.56122
 
 
 group  inft   Estimated free energy: total (kcal/mol)
   1      0     -16.0872     -16.0811     -16.0608     -15.9935     -15.9860
                -15.9967     -16.3192     -16.3984     -16.1804     -16.0666
                -16.3479     -16.2294     -15.9313     -16.1404     -15.8236
                -16.0283     -15.9002     -15.9541     -16.2899     -15.9524
                -16.1468     -16.2889     -16.3554     -15.9475     -16.1355
   1     60     -16.1246     -16.1185     -16.0984     -16.0312     -16.0234
                -16.0340     -16.3568     -16.4359     -16.2180     -16.1040
                -16.3850     -16.2668     -15.9685     -16.1777     -15.8610
                -16.0656     -15.9375     -15.9913     -16.3272     -15.9901
                -16.1841     -16.3266     -16.3929     -15.9850     -16.1728
   1     80     -16.4817     -16.4752     -16.4562     -16.3893     -16.3802
                -16.3911     -16.7146     -16.7936     -16.5751     -16.4607
                -16.7403     -16.6245     -16.3242     -16.5332     -16.2182
                -16.4220     -16.2935     -16.3469     -16.6833     -16.3476
                -16.5409     -16.6843     -16.7498     -16.3411     -16.5287
   1    100     -17.7154     -17.7089     -17.6930     -17.6276     -17.6156
                -17.6268     -17.9510     -18.0297     -17.8071     -17.6943
                -17.9694     -17.8625     -17.5545     -17.7616     -17.4545
                -17.6562     -17.5226     -17.5782     -17.9164     -17.5830
                -17.7738     -17.9201     -17.9832     -17.5689     -17.7591
   2      0     -16.0817     -16.0575     -16.0625     -15.9972     -15.9868
                -15.9950     -16.2928     -16.3707     -16.1663     -16.0535
                -16.3331     -16.2170     -15.9203     -16.1277     -15.8208
                -16.0177     -15.8839     -15.9642     -16.2750     -15.9498
                -16.1296     -16.2879     -16.3465     -15.9449     -16.1216
   3      0     -16.0898     -16.0755     -16.0734     -16.0172     -15.9880
                -15.9986     -16.3045     -16.3896     -16.1619     -16.0513
                -16.3473     -16.2377     -15.9418     -16.1247     -15.8332
                -16.0243     -15.8874     -15.9768     -16.2877     -15.9680
                -16.1338     -16.2979     -16.3554     -15.9526     -16.1221
   4      0     -16.0825     -16.0688     -16.0715     -16.0043     -15.9715
                -15.9815     -16.2885     -16.3691     -16.1678     -16.0548
                -16.3345     -16.2142     -15.9246     -16.1154     -15.8182
                -16.0119     -15.8657     -15.9542     -16.2733     -15.9497
                -16.1292     -16.3005     -16.3430     -15.9547     -16.1128
   5      0     -16.0730     -16.0643     -16.0584     -15.9938     -15.9717
                -15.9800     -16.2892     -16.3764     -16.1549     -16.0369
                -16.3381     -16.2160     -15.9158     -16.1125     -15.8120
                -16.0033     -15.8664     -15.9498     -16.2697     -15.9476
                -16.1247     -16.2848     -16.3419     -15.9419     -16.1078
   5     60     -16.1245     -16.1156     -16.1100     -16.0455     -16.0230
                -16.0313     -16.3408     -16.4280     -16.2065     -16.0883
                -16.3892     -16.2675     -15.9670     -16.1637     -15.8634
                -16.0545     -15.9178     -16.0010     -16.3209     -15.9992
                -16.1761     -16.3365     -16.3934     -15.9934     -16.1590
   5     80     -16.5707     -16.5610     -16.5567     -16.4931     -16.4689
                -16.4774     -16.7876     -16.8748     -16.6526     -16.5338
                -16.8332     -16.7147     -16.4116     -16.6076     -16.3099
                -16.4997     -16.3623     -16.4456     -16.7661     -16.4463
                -16.6214     -16.7839     -16.8394     -16.4381     -16.6035
   5    100     -17.7036     -17.6924     -17.6919     -17.6303     -17.6038
                -17.6117     -17.9224     -18.0094     -17.7839     -17.6652
                -17.9613     -17.8520     -17.5416     -17.7352     -17.4452
                -17.6321     -17.4905     -17.5765     -17.8985     -17.5811
                -17.7525     -17.9191     -17.9717     -17.5651     -17.7322
 
 group  inft   Estimated free energy: 1-th solvent contribution (kcal/mol)
   1      0       0.4110      -0.4584       0.9038       1.3647       0.7875
                  0.6586       0.6689       0.4457       0.1150       0.2858
                  0.4258       0.8986       0.2385       0.3958       1.0797
                  1.0606      -0.3860       1.0088       0.8733       0.8322
                  0.1246       0.8878       1.0012      -0.2414       0.5892
   1     60       0.4100      -0.4594       0.9028       1.3637       0.7865
                  0.6575       0.6679       0.4446       0.1140       0.2847
                  0.4248       0.8977       0.2375       0.3948       1.0787
                  1.0596      -0.3870       1.0078       0.8723       0.8311
                  0.1236       0.8868       1.0002      -0.2424       0.5882
   1     80       0.4009      -0.4689       0.8939       1.3546       0.7771
                  0.6481       0.6586       0.4353       0.1048       0.2754
                  0.4155       0.8887       0.2283       0.3855       1.0696
                  1.0503      -0.3961       0.9987       0.8632       0.8220
                  0.1143       0.8775       0.9909      -0.2515       0.5789
   1    100       0.3705      -0.5004       0.8638       1.3242       0.7461
                  0.6171       0.6283       0.4047       0.0741       0.2450
                  0.3849       0.8588       0.1978       0.3548       1.0393
                  1.0196      -0.4265       0.9682       0.8329       0.7917
                  0.0836       0.8468       0.9601      -0.2817       0.5482
   2      0       0.4163      -0.4473       0.9059       1.3658       0.7974
                  0.6643       0.6826       0.4510       0.1187       0.2953
                  0.4299       0.9058       0.2497       0.4023       1.0817
                  1.0685      -0.3755       1.0101       0.8795       0.8355
                  0.1354       0.8869       1.0001      -0.2310       0.6003
   3      0       0.4167      -0.4464       0.9060       1.3663       0.8026
                  0.6693       0.6821       0.4519       0.1218       0.3009
                  0.4317       0.9002       0.2484       0.4059       1.0803
                  1.0719      -0.3705       1.0093       0.8825       0.8380
                  0.1367       0.8884       1.0011      -0.2296       0.6052
   4      0       0.4193      -0.4420       0.9086       1.3623       0.8037
                  0.6700       0.6850       0.4558       0.1237       0.2997
                  0.4314       0.9062       0.2548       0.4074       1.0813
                  1.0752      -0.3646       1.0105       0.8831       0.8399
                  0.1394       0.8864       1.0013      -0.2266       0.6101
   5      0       0.4190      -0.4454       0.9116       1.3704       0.8048
                  0.6745       0.6869       0.4536       0.1244       0.3044
                  0.4313       0.9032       0.2544       0.4083       1.0815
                  1.0766      -0.3692       1.0124       0.8856       0.8404
                  0.1384       0.8878       1.0000      -0.2258       0.6093
   5     60       0.4176      -0.4468       0.9103       1.3690       0.8034
                  0.6730       0.6855       0.4521       0.1230       0.3030
                  0.4299       0.9018       0.2530       0.4069       1.0801
                  1.0752      -0.3706       1.0110       0.8842       0.8389
                  0.1370       0.8864       0.9985      -0.2272       0.6078
   5     80       0.4062      -0.4586       0.8991       1.3576       0.7919
                  0.6615       0.6740       0.4405       0.1115       0.2915
                  0.4183       0.8903       0.2415       0.3955       1.0686
                  1.0637      -0.3819       0.9996       0.8728       0.8275
                  0.1255       0.8748       0.9869      -0.2385       0.5963
   5    100       0.3784      -0.4873       0.8716       1.3299       0.7639
                  0.6334       0.6462       0.4122       0.0836       0.2638
                  0.3903       0.8625       0.2137       0.3677       1.0408
                  1.0359      -0.4096       0.9717       0.8452       0.7996
                  0.0976       0.8466       0.9587      -0.2660       0.5684
 
 group  inft   Estimated free energy: 2-th solvent contribution (kcal/mol)
   1      0      -2.4669      -1.6499      -2.6852      -2.0818      -1.9817
                 -1.7443      -2.4124      -2.5764      -2.7878      -2.3149
                 -2.5036      -2.5689      -1.7963      -2.6926      -1.8993
                 -2.2319      -1.6716      -1.7288      -2.1574      -1.5885
                 -2.1135      -2.6547      -2.9381      -3.3131      -2.2259
   1     60      -2.4672      -1.6502      -2.6855      -2.0820      -1.9820
                 -1.7446      -2.4127      -2.5767      -2.7881      -2.3152
                 -2.5039      -2.5692      -1.7966      -2.6929      -1.8996
                 -2.2322      -1.6719      -1.7291      -2.1577      -1.5888
                 -2.1138      -2.6550      -2.9384      -3.3133      -2.2262
   1     80      -2.4697      -1.6525      -2.6876      -2.0839      -1.9846
                 -1.7469      -2.4152      -2.5790      -2.7908      -2.3173
                 -2.5061      -2.5717      -1.7988      -2.6955      -1.9022
                 -2.2343      -1.6746      -1.7308      -2.1599      -1.5906
                 -2.1162      -2.6570      -2.9409      -3.3156      -2.2284
   1    100      -2.4831      -1.6652      -2.6996      -2.0959      -1.9980
                 -1.7596      -2.4290      -2.5922      -2.8049      -2.3300
                 -2.5186      -2.5855      -1.8108      -2.7082      -1.9158
                 -2.2470      -1.6884      -1.7422      -2.1734      -1.6024
                 -2.1292      -2.6687      -2.9546      -3.3287      -2.2408
   2      0      -2.4591      -1.6422      -2.6896      -2.0869      -1.9906
                 -1.7496      -2.4077      -2.5556      -2.7718      -2.3121
                 -2.4954      -2.5595      -1.7955      -2.6885      -1.8941
                 -2.2316      -1.6648      -1.7374      -2.1537      -1.5887
                 -2.1090      -2.6432      -2.9251      -3.3137      -2.2268
   3      0      -2.4566      -1.6492      -2.6854      -2.0913      -1.9808
                 -1.7485      -2.4021      -2.5638      -2.7639      -2.3095
                 -2.4991      -2.5610      -1.7996      -2.6763      -1.8950
                 -2.2284      -1.6639      -1.7378      -2.1513      -1.5952
                 -2.1025      -2.6440      -2.9260      -3.3076      -2.2267
   4      0      -2.4565      -1.6472      -2.6892      -2.0882      -1.9817
                 -1.7504      -2.4039      -2.5541      -2.7671      -2.3096
                 -2.4993      -2.5565      -1.7997      -2.6783      -1.8936
                 -2.2303      -1.6582      -1.7330      -2.1517      -1.5916
                 -2.1097      -2.6444      -2.9224      -3.3072      -2.2301
   5      0      -2.4496      -1.6475      -2.6889      -2.0879      -1.9807
                 -1.7507      -2.3991      -2.5596      -2.7645      -2.3052
                 -2.4981      -2.5615      -1.7948      -2.6764      -1.8908
                 -2.2269      -1.6577      -1.7302      -2.1488      -1.5885
                 -2.1062      -2.6434      -2.9242      -3.3053      -2.2282
   5     60      -2.4498      -1.6478      -2.6891      -2.0881      -1.9810
                 -1.7510      -2.3993      -2.5599      -2.7648      -2.3054
                 -2.4984      -2.5617      -1.7951      -2.6766      -1.8911
                 -2.2272      -1.6579      -1.7304      -2.1490      -1.5887
                 -2.1065      -2.6436      -2.9245      -3.3055      -2.2284
   5     80      -2.4538      -1.6516      -2.6927      -2.0916      -1.9851
                 -1.7548      -2.4033      -2.5637      -2.7690      -2.3091
                 -2.5020      -2.5657      -1.7988      -2.6807      -1.8951
                 -2.2308      -1.6621      -1.7338      -2.1528      -1.5921
                 -2.1103      -2.6471      -2.9284      -3.3092      -2.2321
   5    100      -2.4660      -1.6632      -2.7040      -2.1027      -1.9979
                 -1.7669      -2.4159      -2.5757      -2.7818      -2.3206
                 -2.5134      -2.5783      -1.8100      -2.6929      -1.9076
                 -2.2424      -1.6749      -1.7444      -2.1650      -1.6032
                 -2.1222      -2.6578      -2.9406      -3.3212      -2.2436
 
 group  inft   Estimated free energy: 3-th solvent contribution (kcal/mol)
   1      0     -14.0156     -13.9572     -14.2638     -15.2608     -14.7762
                -14.8953     -14.5600     -14.2520     -13.4920     -14.0218
                -14.2545     -14.5435     -14.3579     -13.8280     -14.9883
                -14.8414     -13.8269     -15.2185     -14.9901     -15.1805
                -14.1423     -14.5064     -14.4028     -12.3774     -14.4831
   1     60     -14.0518     -13.9933     -14.3001     -15.2972     -14.8122
                -14.9313     -14.5963     -14.2882     -13.5282     -14.0579
                -14.2902     -14.5796     -14.3938     -13.8639     -15.0244
                -14.8774     -13.8629     -15.2545     -15.0261     -15.2168
                -14.1783     -14.5427     -14.4390     -12.4136     -14.5191
   1     80     -14.3972     -14.3382     -14.6467     -15.6443     -15.1571
                -15.2767     -14.9424     -14.6342     -13.8734     -14.4032
                -14.6342     -14.9258     -14.7381     -14.2076     -15.3700
                -15.2223     -14.2071     -15.5991     -15.3709     -15.5634
                -14.5233     -14.8892     -14.7841     -12.7584     -14.8635
   1    100     -15.5871     -15.5276     -15.8415     -16.8403     -16.3481
                -16.4687     -16.1346     -15.8266     -15.0607     -15.5935
                -15.8201     -16.1203     -15.9259     -15.3927     -16.5624
                -16.4132     -15.3921     -16.7886     -16.5602     -16.7565
                -15.7126     -16.0826     -15.9730     -13.9429     -16.0509
   2      0     -14.0233     -13.9524     -14.2632     -15.2605     -14.7780
                -14.8940     -14.5521     -14.2505     -13.4975     -14.0211
                -14.2519     -14.5477     -14.3588     -13.8258     -14.9927
                -14.8389     -13.8280     -15.2212     -14.9851     -15.1810
                -14.1404     -14.5159     -14.4058     -12.3846     -14.4793
   3      0     -14.0343     -13.9642     -14.2784     -15.2765     -14.7942
                -14.9038     -14.5689     -14.2621     -13.5041     -14.0271
                -14.2641     -14.5613     -14.3750     -13.8387     -15.0028
                -14.8522     -13.8373     -15.2326     -15.0033     -15.1952
                -14.1523     -14.5267     -14.4149     -12.3997     -14.4849
   4      0     -14.0296     -13.9639     -14.2752     -15.2628     -14.7778
                -14.8856     -14.5540     -14.2552     -13.5087     -14.0293
                -14.2510     -14.5483     -14.3640     -13.8289     -14.9902
                -14.8412     -13.8273     -15.2160     -14.9891     -15.1824
                -14.1432     -14.5269     -14.4062     -12.4053     -14.4772
   5      0     -14.0268     -13.9557     -14.2656     -15.2607     -14.7801
                -14.8881     -14.5613     -14.2547     -13.4991     -14.0205
                -14.2556     -14.5420     -14.3597     -13.8288     -14.9870
                -14.8373     -13.8239     -15.2164     -14.9908     -15.1838
                -14.1412     -14.5136     -14.4020     -12.3952     -14.4732
   5     60     -14.0766     -14.0053     -14.3155     -15.3108     -14.8297
                -14.9377     -14.6113     -14.3046     -13.5490     -14.0702
                -14.3050     -14.5919     -14.4092     -13.8783     -15.0367
                -14.8869     -13.8736     -15.2660     -15.0405     -15.2339
                -14.1909     -14.5636     -14.4519     -12.4451     -14.5228
   5     80     -14.5075     -14.4352     -14.7475     -15.7435     -15.2601
                -15.3685     -15.0426     -14.7360     -13.9795     -14.5006
                -14.7339     -15.0237     -14.8388     -14.3067     -15.4678
                -15.3169     -14.3026     -15.6957     -15.4705     -15.6661
                -14.6210     -14.9959     -14.8823     -12.8748     -14.9521
   5    100     -15.6004     -15.5263     -15.8438     -16.8418     -16.3542
                -16.4626     -16.1370     -15.8303     -15.0701     -15.5927
                -15.8226     -16.1205     -15.9296     -15.3943     -16.5628
                -16.4100     -15.3904     -16.7881     -16.5631     -16.7620
                -15.7123     -16.0923     -15.9742     -13.9623     -16.0414
 
 
 cumulative average & 95% error for solvation free energy
              total             1st component         2nd component         3rd component
  1   -16.0898     0.0000     0.4167     0.0000    -2.4566     0.0000   -14.0343     0.0000
  2   -16.0826     0.0143    -0.0149     0.8631    -2.0529     0.8073   -13.9992     0.0700
  3   -16.0796     0.0103     0.2921     0.7907    -2.2637     0.6285   -14.0923     0.1904
  4   -16.0640     0.0320     0.5606     0.7753    -2.2206     0.4527   -14.3883     0.6072
  5   -16.0488     0.0392     0.6090     0.6083    -2.1726     0.3636   -14.4695     0.4976
  6   -16.0404     0.0361     0.6191     0.4971    -2.1019     0.3288   -14.5419     0.4313
  7   -16.0781     0.0814     0.6281     0.4205    -2.1448     0.2908   -14.5457     0.3646
  8   -16.1171     0.1050     0.6060     0.3668    -2.1972     0.2728   -14.5103     0.3236
  9   -16.1221     0.0932     0.5522     0.3409    -2.2602     0.2715   -14.3985     0.3626
 10   -16.1150     0.0845     0.5271     0.3090    -2.2651     0.2431   -14.3613     0.3327
 11   -16.1361     0.0873     0.5184     0.2801    -2.2864     0.2239   -14.3525     0.3014
 12   -16.1446     0.0815     0.5502     0.2635    -2.3093     0.2095   -14.3699     0.2774
 13   -16.1290     0.0812     0.5270     0.2468    -2.2701     0.2080   -14.3703     0.2551
 14   -16.1287     0.0752     0.5184     0.2291    -2.2991     0.2012   -14.3323     0.2481
 15   -16.1090     0.0803     0.5558     0.2261    -2.2721     0.1949   -14.3770     0.2477
 16   -16.1037     0.0759     0.5881     0.2211    -2.2694     0.1824   -14.4067     0.2392
 17   -16.0910     0.0757     0.5317     0.2363    -2.2338     0.1855   -14.3732     0.2344
 18   -16.0846     0.0725     0.5582     0.2290    -2.2062     0.1834   -14.4210     0.2408
 19   -16.0953     0.0718     0.5753     0.2193    -2.2033     0.1736   -14.4516     0.2359
 20   -16.0889     0.0693     0.5884     0.2097    -2.1729     0.1755   -14.4888     0.2358
 21   -16.0911     0.0661     0.5669     0.2041    -2.1696     0.1671   -14.4728     0.2266
 22   -16.1005     0.0657     0.5815     0.1968    -2.1911     0.1651   -14.4752     0.2161
 23   -16.1116     0.0666     0.5998     0.1915    -2.2231     0.1702   -14.4726     0.2065
 24   -16.1049     0.0651     0.5652     0.1960    -2.2683     0.1863   -14.3862     0.2626
 25   -16.1056     0.0625     0.5668     0.1880    -2.2666     0.1787   -14.3902     0.2520
