 
  Number of the   1-th solvent  =           36
  Number of the   2-th solvent  =           36
  Number of the   3-th solvent  =         1000
 
  Be sure that the solvent distribution is homogeneous (radial distribution function is essentially unity) when the solvent molecule is separated beyond distance of   10.0 Angstrom in any direction from any atom within the solute molecule
 
  LJ long-range correction    =        -0.0646     -0.0417     -0.8334
 
  Self-energy of the solute   =        -0.0152  kcal/mol
 
 
 cumulative average & 95% error for solvation energy
              total             1st component         2nd component         3rd component
  1   -59.5505                0.8266               -7.4998              -52.8621
  2   -59.6573     0.2135     0.9732     0.2932    -6.5260     1.9476   -54.0892     2.4543
  3   -59.5720     0.2105     1.0241     0.1975    -6.9820     1.4478   -53.5988     1.7234
  4   -59.5445     0.1587     1.1106     0.2223    -6.4859     1.4257   -54.1539     1.6485
  5   -59.5636     0.1287     1.0633     0.1964    -6.6205     1.1366   -53.9911     1.3178
  6   -59.5808     0.1106     0.9240     0.3215    -6.3410     1.0834   -54.1486     1.1211
  7   -59.5650     0.0987     0.5766     0.7460    -6.1545     0.9887   -53.9719     1.0113
  8   -59.5318     0.1082     0.4860     0.6709    -6.2559     0.8799   -53.7467     0.9848
  9   -59.5364     0.0959     0.5618     0.6108    -6.2535     0.7760   -53.8295     0.8841
 10   -59.5268     0.0879     0.4400     0.5982    -6.3622     0.7274   -53.5893     0.9252
 11   -59.5193     0.0809     0.4637     0.5431    -6.4249     0.6698   -53.5429     0.8420
 12   -59.5080     0.0773     0.4402     0.4980    -6.3833     0.6170   -53.5496     0.7688
 13   -59.5067     0.0711     0.5408     0.5003    -6.4023     0.5688   -53.6299     0.7252
 14   -59.5130     0.0670     0.4555     0.4936    -6.2715     0.5880   -53.6817     0.6793
 15   -59.5265     0.0680     0.4866     0.4637    -6.2816     0.5478   -53.7163     0.6362
 16   -59.5302     0.0641     0.4291     0.4488    -6.1740     0.5558   -53.7701     0.6048
 17   -59.5370     0.0617     0.3537     0.4477    -6.0778     0.5564   -53.7976     0.5707
 18   -59.5255     0.0625     0.4338     0.4515    -6.1154     0.5299   -53.8287     0.5417
 19   -59.5194     0.0604     0.4122     0.4292    -6.0287     0.5304   -53.8876     0.5258
 20   -59.5218     0.0575     0.4339     0.4095    -6.0809     0.5139   -53.8595     0.5020
 21   -59.5152     0.0563     0.3971     0.3964    -6.1701     0.5203   -53.7271     0.5460
 22   -59.5072     0.0560     0.4065     0.3784    -6.2327     0.5117   -53.6657     0.5349
 23   -59.5115     0.0542     0.3423     0.3837    -6.2444     0.4895   -53.5941     0.5308
 24   -59.5302     0.0640     0.3252     0.3689    -6.2079     0.4743   -53.6322     0.5139
 25   -59.5257     0.0620     0.2579     0.3786    -6.1687     0.4617   -53.5997     0.4971
 
 
 group  inft  solvation free energy     error          difference
  total solvation free energy
   1      0        -15.67618           0.05306           0.00033
   1     60        -15.71475           0.05303          -0.03824
   1     80        -16.08527           0.05293          -0.40875
   1    100        -17.35791           0.05278          -1.68140
   2      0        -15.66559           0.05277           0.01092
   3      0        -15.67651           0.05256           0.00000
   4      0        -15.66776           0.05276           0.00876
   5      0        -15.66141           0.05273           0.01510
   5     60        -15.71409           0.05270          -0.03758
   5     80        -16.17586           0.05258          -0.49935
   5    100        -17.34334           0.05245          -1.66683
 
  contribution from  1-th solvent component
   1      0          1.79684           0.17205          -0.00287
   1     60          1.79509           0.17205          -0.00463
   1     80          1.78083           0.17206          -0.01888
   1    100          1.73177           0.17215          -0.06794
   2      0          1.80003           0.17171           0.00031
   3      0          1.79971           0.17191           0.00000
   4      0          1.80340           0.17155           0.00369
   5      0          1.80228           0.17150           0.00257
   5     60          1.80021           0.17149           0.00049
   5     80          1.78271           0.17150          -0.01700
   5    100          1.73789           0.17157          -0.06182
 
  contribution from  2-th solvent component
   1      0         -3.92058           0.21813          -0.00919
   1     60         -3.92128           0.21812          -0.00989
   1     80         -3.93030           0.21812          -0.01891
   1    100         -3.96840           0.21811          -0.05701
   2      0         -3.91418           0.21794          -0.00279
   3      0         -3.91139           0.21751           0.00000
   4      0         -3.91220           0.21728          -0.00081
   5      0         -3.91009           0.21749           0.00130
   5     60         -3.91112           0.21749           0.00027
   5     80         -3.92294           0.21748          -0.01155
   5    100         -3.95764           0.21748          -0.04625
 
  contribution from  3-th solvent component
   1      0        -13.53719           0.23242           0.01240
   1     60        -13.57331           0.23249          -0.02372
   1     80        -13.92055           0.23290          -0.37096
   1    100        -15.10603           0.23397          -1.55644
   2      0        -13.53619           0.23201           0.01340
   3      0        -13.54959           0.23183           0.00000
   4      0        -13.54371           0.23029           0.00588
   5      0        -13.53835           0.23138           0.01124
   5     60        -13.58793           0.23146          -0.03834
   5     80        -14.02038           0.23194          -0.47080
   5    100        -15.10835           0.23291          -1.55876
 
 
 group  inft   Estimated free energy: total (kcal/mol)
   1      0     -15.8410     -15.5588     -15.7007     -15.5301     -15.7690
                -15.8443     -15.5788     -15.5357     -15.6782     -15.7368
                -15.8516     -15.5775     -15.7508     -15.6565     -15.7424
                -15.5249     -15.8139     -15.5018     -15.3621     -15.7088
                -15.6509     -15.6651     -15.7198     -15.9295     -15.6754
   1     60     -15.8798     -15.5979     -15.7390     -15.5690     -15.8077
                -15.8828     -15.6172     -15.5743     -15.7170     -15.7750
                -15.8900     -15.6163     -15.7898     -15.6950     -15.7811
                -15.5639     -15.8524     -15.5404     -15.4007     -15.7474
                -15.6892     -15.7035     -15.7579     -15.9679     -15.7136
   1     80     -16.2506     -15.9708     -16.1078     -15.9411     -16.1791
                -16.2537     -15.9866     -15.9441     -16.0885     -16.1437
                -16.2597     -15.9874     -16.1621     -16.0654     -16.1529
                -15.9365     -16.2222     -15.9112     -15.7716     -16.1178
                -16.0586     -16.0722     -16.1260     -16.3387     -16.0835
   1    100     -17.5242     -17.2483     -17.3748     -17.2192     -17.4534
                -17.5281     -17.2560     -17.2153     -17.3630     -17.4128
                -17.5313     -17.2598     -17.4386     -17.3376     -17.4300
                -17.2132     -17.4928     -17.1859     -17.0457     -17.3884
                -17.3294     -17.3391     -17.3922     -17.6139     -17.3546
   2      0     -15.8290     -15.5513     -15.6863     -15.5213     -15.7571
                -15.8367     -15.5735     -15.5338     -15.6724     -15.7148
                -15.8523     -15.5758     -15.7426     -15.6489     -15.7248
                -15.5194     -15.8080     -15.4987     -15.3394     -15.6923
                -15.6315     -15.6580     -15.7087     -15.9068     -15.6564
   3      0     -15.8427     -15.5617     -15.6894     -15.5337     -15.7699
                -15.8449     -15.5860     -15.5439     -15.6851     -15.7366
                -15.8634     -15.5887     -15.7515     -15.6609     -15.7325
                -15.5279     -15.8254     -15.5054     -15.3551     -15.7044
                -15.6402     -15.6630     -15.7146     -15.9093     -15.6766
   4      0     -15.8327     -15.5408     -15.6852     -15.5161     -15.7688
                -15.8260     -15.5902     -15.5472     -15.6748     -15.7277
                -15.8627     -15.5837     -15.7423     -15.6497     -15.7230
                -15.5129     -15.8174     -15.4935     -15.3443     -15.7008
                -15.6297     -15.6562     -15.7145     -15.8939     -15.6599
   5      0     -15.8287     -15.5468     -15.6738     -15.5131     -15.7559
                -15.8284     -15.5772     -15.5355     -15.6730     -15.7167
                -15.8531     -15.5756     -15.7321     -15.6487     -15.7222
                -15.5069     -15.8081     -15.4856     -15.3357     -15.6914
                -15.6219     -15.6597     -15.7030     -15.8879     -15.6542
   5     60     -15.8816     -15.6000     -15.7261     -15.5661     -15.8087
                -15.8812     -15.6296     -15.5881     -15.7260     -15.7690
                -15.9056     -15.6286     -15.7852     -15.7014     -15.7750
                -15.5601     -15.8607     -15.5383     -15.3885     -15.7441
                -15.6742     -15.7122     -15.7551     -15.9404     -15.7066
   5     80     -16.3437     -16.0648     -16.1859     -16.0297     -16.2715
                -16.3435     -16.0897     -16.0493     -16.1891     -16.2286
                -16.3668     -16.0911     -16.2490     -16.1629     -16.2384
                -16.0244     -16.3217     -16.0008     -15.8506     -16.2058
                -16.1343     -16.1716     -16.2141     -16.4019     -16.1674
   5    100     -17.5122     -17.2370     -17.3479     -17.2018     -17.4407
                -17.5128     -17.2537     -17.2161     -17.3586     -17.3927
                -17.5345     -17.2586     -17.4198     -17.3299     -17.4099
                -17.1953     -17.4881     -17.1705     -17.0189     -17.3718
                -17.2994     -17.3338     -17.3759     -17.5702     -17.3333
 
 group  inft   Estimated free energy: 1-th solvent contribution (kcal/mol)
   1      0       1.9384       2.2604       2.1028       2.3934       1.9552
                  1.6536       1.0935       1.5615       2.2459       1.2998
                  1.8535       1.8721       2.3662       1.3912       2.1059
                  1.6266       1.2795       2.6430       1.9894       2.0087
                  1.5152       1.9072       1.1137       1.6009       1.1433
   1     60       1.9366       2.2586       2.1010       2.3916       1.9535
                  1.6518       1.0918       1.5597       2.2441       1.2981
                  1.8518       1.8703       2.3644       1.3895       2.1042
                  1.6248       1.2777       2.6413       1.9877       2.0069
                  1.5135       1.9054       1.1120       1.5992       1.1416
   1     80       1.9224       2.2442       2.0865       2.3780       1.9390
                  1.6372       1.0777       1.5456       2.2299       1.2838
                  1.8377       1.8563       2.3500       1.3753       2.0899
                  1.6104       1.2634       2.6273       1.9736       1.9926
                  1.4992       1.8912       1.0975       1.5848       1.1273
   1    100       1.8735       2.1946       2.0363       2.3306       1.8894
                  1.5871       1.0292       1.4965       2.1811       1.2346
                  1.7891       1.8081       2.3006       1.3264       2.0410
                  1.5610       1.2139       2.5793       1.9252       1.9435
                  1.4500       1.8421       1.0479       1.5350       1.0782
   2      0       1.9374       2.2637       2.1171       2.3902       1.9606
                  1.6622       1.0948       1.5549       2.2447       1.3036
                  1.8511       1.8680       2.3669       1.3862       2.1110
                  1.6307       1.2835       2.6428       1.9935       2.0191
                  1.5261       1.9113       1.1222       1.6093       1.1498
   3      0       1.9380       2.2636       2.1210       2.3873       1.9603
                  1.6633       1.0919       1.5501       2.2456       1.3001
                  1.8504       1.8673       2.3685       1.3881       2.1140
                  1.6295       1.2814       2.6422       1.9923       2.0180
                  1.5295       1.9086       1.1234       1.6107       1.1479
   4      0       1.9390       2.2698       2.1249       2.3904       1.9615
                  1.6726       1.0957       1.5544       2.2497       1.3017
                  1.8558       1.8696       2.3706       1.3923       2.1120
                  1.6366       1.2902       2.6461       1.9901       2.0254
                  1.5319       1.9085       1.1304       1.6113       1.1544
   5      0       1.9433       2.2651       2.1215       2.3868       1.9626
                  1.6682       1.0960       1.5502       2.2491       1.2995
                  1.8522       1.8683       2.3703       1.3867       2.1144
                  1.6376       1.2878       2.6452       1.9905       2.0235
                  1.5319       1.9084       1.1301       1.6111       1.1569
   5     60       1.9411       2.2630       2.1194       2.3847       1.9605
                  1.6661       1.0940       1.5481       2.2470       1.2975
                  1.8501       1.8662       2.3682       1.3847       2.1124
                  1.6355       1.2857       2.6431       1.9884       2.0214
                  1.5299       1.9063       1.1281       1.6090       1.1548
   5     80       1.9237       2.2452       2.1018       2.3679       1.9428
                  1.6484       1.0769       1.5305       2.2294       1.2798
                  1.8326       1.8488       2.3505       1.3673       2.0948
                  1.6179       1.2679       2.6258       1.9711       2.0040
                  1.5126       1.8889       1.1104       1.5914       1.1373
   5    100       1.8789       2.2000       2.0568       2.3243       1.8975
                  1.6030       1.0327       1.4852       2.1847       1.2345
                  1.7877       1.8044       2.3053       1.3225       2.0500
                  1.5730       1.2225       2.5816       1.9267       1.9596
                  1.4682       1.8445       1.0652       1.5464       1.0923
 
 group  inft   Estimated free energy: 2-th solvent contribution (kcal/mol)
   1      0      -4.5887      -3.4897      -4.7455      -3.3080      -4.3212
                 -3.2856      -3.4138      -4.2204      -3.9720      -4.4539
                 -4.3897      -3.9367      -4.1339      -3.1362      -4.0093
                 -3.1980      -3.2100      -4.2168      -3.1380      -4.3435
                 -4.7728      -4.5981      -4.0080      -3.5029      -3.6219
   1     60      -4.5894      -3.4904      -4.7461      -3.3087      -4.3219
                 -3.2863      -3.4145      -4.2211      -3.9726      -4.4546
                 -4.3904      -3.9374      -4.1347      -3.1369      -4.0100
                 -3.1986      -3.2107      -4.2174      -3.1387      -4.3442
                 -4.7735      -4.5988      -4.0087      -3.5037      -3.6226
   1     80      -4.5986      -3.4995      -4.7546      -3.3181      -4.3307
                 -3.2953      -3.4235      -4.2303      -3.9812      -4.4635
                 -4.3995      -3.9465      -4.1439      -3.1460      -4.0191
                 -3.2074      -3.2194      -4.2261      -3.1477      -4.3534
                 -4.7825      -4.6080      -4.0178      -3.5132      -3.6316
   1    100      -4.6373      -3.5373      -4.7912      -3.3574      -4.3678
                 -3.3331      -3.4611      -4.2684      -4.0184      -4.5013
                 -4.4386      -3.9852      -4.1826      -3.1842      -4.0574
                 -3.2449      -3.2562      -4.2642      -3.1860      -4.3922
                 -4.8205      -4.6464      -4.0558      -3.5527      -3.6698
   2      0      -4.5792      -3.4845      -4.7405      -3.3047      -4.3172
                 -3.2852      -3.4167      -4.2094      -3.9643      -4.4404
                 -4.3829      -3.9278      -4.1290      -3.1273      -4.0020
                 -3.1923      -3.2045      -4.2146      -3.1278      -4.3380
                 -4.7664      -4.5946      -4.0000      -3.4935      -3.6117
   3      0      -4.5784      -3.4814      -4.7355      -3.2997      -4.3147
                 -3.2816      -3.4127      -4.2051      -3.9639      -4.4395
                 -4.3780      -3.9286      -4.1271      -3.1241      -4.0010
                 -3.1914      -3.2092      -4.2072      -3.1271      -4.3330
                 -4.7623      -4.5853      -3.9957      -3.4861      -3.6161
   4      0      -4.5681      -3.4834      -4.7411      -3.2974      -4.3176
                 -3.2854      -3.4188      -4.2093      -3.9638      -4.4384
                 -4.3840      -3.9277      -4.1246      -3.1288      -3.9993
                 -3.1895      -3.2141      -4.2079      -3.1279      -4.3356
                 -4.7582      -4.5883      -3.9993      -3.4865      -3.6098
   5      0      -4.5733      -3.4789      -4.7371      -3.2941      -4.3143
                 -3.2874      -3.4146      -4.2066      -3.9655      -4.4373
                 -4.3764      -3.9304      -4.1257      -3.1250      -3.9962
                 -3.1869      -3.2135      -4.2001      -3.1211      -4.3334
                 -4.7562      -4.5882      -3.9987      -3.4770      -3.6144
   5     60      -4.5743      -3.4800      -4.7380      -3.2952      -4.3153
                 -3.2884      -3.4156      -4.2076      -3.9665      -4.4384
                 -4.3774      -3.9315      -4.1267      -3.1260      -3.9973
                 -3.1879      -3.2144      -4.2010      -3.1221      -4.3345
                 -4.7572      -4.5892      -3.9998      -3.4782      -3.6154
   5     80      -4.5864      -3.4918      -4.7493      -3.3074      -4.3269
                 -3.3003      -3.4274      -4.2196      -3.9778      -4.4501
                 -4.3894      -3.9434      -4.1388      -3.1379      -4.0092
                 -3.1995      -3.2259      -4.2125      -3.1339      -4.3466
                 -4.7690      -4.6011      -4.0116      -3.4905      -3.6273
   5    100      -4.6218      -3.5262      -4.7825      -3.3430      -4.3609
                 -3.3348      -3.4623      -4.2545      -4.0115      -4.4845
                 -4.4247      -3.9786      -4.1742      -3.1726      -4.0442
                 -3.2336      -3.2595      -4.2471      -3.1687      -4.3820
                 -4.8037      -4.6360      -4.0460      -3.5259      -3.6622
 
 group  inft   Estimated free energy: 3-th solvent contribution (kcal/mol)
   1      0     -13.1755     -14.3143     -13.0428     -14.6003     -13.3877
                -14.1970     -13.2432     -12.8616     -13.9369     -12.5675
                -13.3002     -13.4976     -13.9678     -13.8962     -13.8238
                -13.9383     -13.8681     -13.9129     -14.1982     -13.3588
                -12.3781     -12.9590     -12.8103     -14.0123     -13.1815
   1     60     -13.2118     -14.3508     -13.0787     -14.6367     -13.4240
                -14.2331     -13.2792     -12.8976     -13.9733     -12.6032
                -13.3362     -13.5339     -14.0042     -13.9323     -13.8600
                -13.9749     -13.9042     -13.9491     -14.2344     -13.3949
                -12.4139     -12.9949     -12.8459     -14.0482     -13.2174
   1     80     -13.5592     -14.7002     -13.4245     -14.9858     -13.7722
                -14.5804     -13.6256     -13.2441     -14.3219     -12.9487
                -13.6826     -13.8819     -14.3529     -14.2794     -14.2085
                -14.3242     -14.2509     -14.2971     -14.5822     -13.7417
                -12.7601     -13.3401     -13.1905     -14.3949     -13.5639
   1    100     -14.7452     -15.8904     -14.6047     -16.1772     -14.9598
                -15.7669     -14.8088     -14.4281     -15.5104     -14.1308
                -14.8666     -15.0674     -15.5413     -15.4645     -15.3983
                -15.5141     -15.4352     -15.4858     -15.7697     -14.9245
                -13.9437     -14.5196     -14.3690     -15.5809     -14.7478
   2      0     -13.1719     -14.3153     -13.0476     -14.5915     -13.3853
                -14.1985     -13.2363     -12.8640     -13.9376     -12.5628
                -13.3053     -13.5008     -13.9652     -13.8925     -13.8185
                -13.9426     -13.8718     -13.9116     -14.1899     -13.3581
                -12.3759     -12.9595     -12.8156     -14.0073     -13.1792
   3      0     -13.1870     -14.3286     -13.0597     -14.6060     -13.4004
                -14.2114     -13.2499     -12.8737     -13.9516     -12.5819
                -13.3205     -13.5121     -13.9776     -13.9096     -13.8303
                -13.9507     -13.8824     -13.9252     -14.2050     -13.3740
                -12.3921     -12.9711     -12.8271     -14.0187     -13.1932
   4      0     -13.1883     -14.3120     -13.0537     -14.5938     -13.3975
                -14.1979     -13.2519     -12.8770     -13.9455     -12.5757
                -13.3193     -13.5103     -13.9731     -13.8979     -13.8204
                -13.9448     -13.8783     -13.9165     -14.1913     -13.3754
                -12.3882     -12.9612     -12.8303     -14.0034     -13.1892
   5      0     -13.1834     -14.3177     -13.0429     -14.5905     -13.3889
                -14.1940     -13.2433     -12.8639     -13.9414     -12.5637
                -13.3136     -13.4982     -13.9615     -13.8952     -13.8252
                -13.9424     -13.8672     -13.9155     -14.1899     -13.3662
                -12.3824     -12.9647     -12.8191     -14.0067     -13.1814
   5     60     -13.2331     -14.3678     -13.0923     -14.6403     -13.4387
                -14.2436     -13.2927     -12.9133     -13.9913     -12.6128
                -13.3630     -13.5481     -14.0114     -13.9447     -13.8749
                -13.9925     -13.9166     -13.9652     -14.2395     -13.4158
                -12.4316     -13.0140     -12.8681     -14.0559     -13.2308
   5     80     -13.6658     -14.8029     -13.5232     -15.0749     -13.8722
                -14.6764     -13.7238     -13.3450     -14.4255     -13.0430
                -13.7948     -13.9813     -14.4454     -14.3769     -14.3088
                -14.4275     -14.3485     -14.3988     -14.6725     -13.8480
                -12.8627     -13.4442     -13.2976     -14.4876     -13.6622
   5    100     -14.7540     -15.8956     -14.6069     -16.1678     -14.9621
                -15.7658     -14.8089     -14.4316     -15.5165     -14.1274
                -14.8822     -15.0692     -15.5356     -15.4644     -15.4006
                -15.5194     -15.4359     -15.4898     -15.7617     -14.9341
                -13.9486     -14.5270     -14.3799     -15.5754     -14.7482
 
 
 cumulative average & 95% error for solvation free energy
              total             1st component         2nd component         3rd component
  1   -15.8427     0.0000     1.9380     0.0000    -4.5784     0.0000   -13.1870     0.0000
  2   -15.7022     0.2810     2.1008     0.3256    -4.0299     1.0970   -13.7578     1.1417
  3   -15.6979     0.1624     2.1075     0.1885    -4.2651     0.7889   -13.5251     0.8069
  4   -15.6569     0.1412     2.1775     0.1932    -4.0238     0.7377   -13.7953     0.7859
  5   -15.6795     0.1184     2.1340     0.1730    -4.0819     0.5832   -13.7163     0.6289
  6   -15.7071     0.1113     2.0556     0.2111    -3.9485     0.5458   -13.7988     0.5394
  7   -15.6898     0.1002     1.9179     0.3281    -3.8720     0.4860   -13.7204     0.4821
  8   -15.6715     0.0941     1.8719     0.2986    -3.9136     0.4291   -13.6146     0.4681
  9   -15.6730     0.0831     1.9135     0.2762    -3.9192     0.3786   -13.6520     0.4195
 10   -15.6794     0.0754     1.8521     0.2758    -3.9712     0.3542   -13.5450     0.4320
 11   -15.6961     0.0759     1.8520     0.2495    -4.0082     0.3288   -13.5246     0.3929
 12   -15.6872     0.0716     1.8532     0.2277    -4.0016     0.3005   -13.5236     0.3587
 13   -15.6921     0.0666     1.8929     0.2240    -4.0113     0.2771   -13.5585     0.3372
 14   -15.6899     0.0618     1.8568     0.2196    -3.9479     0.2861   -13.5836     0.3162
 15   -15.6927     0.0578     1.8740     0.2072    -3.9514     0.2665   -13.6000     0.2962
 16   -15.6824     0.0579     1.8587     0.1963    -3.9039     0.2667   -13.6219     0.2805
 17   -15.6908     0.0569     1.8247     0.1965    -3.8631     0.2636   -13.6373     0.2653
 18   -15.6805     0.0575     1.8701     0.2063    -3.8822     0.2514   -13.6533     0.2522
 19   -15.6634     0.0643     1.8766     0.1956    -3.8424     0.2507   -13.6823     0.2455
 20   -15.6655     0.0611     1.8836     0.1861    -3.8670     0.2429   -13.6669     0.2349
 21   -15.6642     0.0582     1.8668     0.1802    -3.9096     0.2463   -13.6062     0.2543
 22   -15.6642     0.0555     1.8687     0.1718    -3.9403     0.2427   -13.5773     0.2492
 23   -15.6664     0.0532     1.8363     0.1765    -3.9427     0.2320   -13.5447     0.2469
 24   -15.6765     0.0548     1.8269     0.1700    -3.9237     0.2253   -13.5644     0.2397
 25   -15.6765     0.0526     1.7997     0.1719    -3.9114     0.2175   -13.5496     0.2318
