 ERmod 0.3.7, Copyright (C) 2000-2019 Nobuyuki Matubayasi
                            2010-2019 Shun Sakuraba
 ERmod comes with ABSOLUTELY NO WARRANTY.
 This is free software, and you can redistribute it
 and/or modify it under certain conditions.
 See LICENSE file for details.
 ERmod 0.3.7, Copyright (C) 2000-2019 Nobuyuki Matubayasi
                            2010-2019 Shun Sakuraba
 ERmod comes with ABSOLUTELY NO WARRANTY.
 This is free software, and you can redistribute it
 and/or modify it under certain conditions.
 See LICENSE file for details.
 
  Number of the   1-th solvent  =           27
  Number of the   2-th solvent  =           27
  Number of the   3-th solvent  =         1000
 
  Be sure that the solvent distribution is homogeneous (radial distribution function is essentially unity) when the solvent molecule is separated beyond distance of   10.0 Angstrom in any direction from any atom within the solute molecule
 
  LJ long-range correction    =        -0.0494     -0.0319     -0.8501
 
  Self-energy of the solute   =        -0.0156  kcal/mol
 
 
 cumulative average & 95% error for solvation energy
              total             1st component         2nd component         3rd component
  1   -59.7460               -1.6031               -3.6238              -54.5036
  2   -59.7684     0.0448    -0.9973     1.2114    -4.6053     1.9630   -54.1502     0.7068
  3   -59.6190     0.3000    -0.5068     1.2049    -4.6073     1.1333   -54.4893     0.7915
  4   -59.5930     0.2184    -0.6170     0.8800    -4.4616     0.8528   -54.4989     0.5600
  5   -59.5841     0.1701    -0.3208     0.9031    -4.2950     0.7398   -54.9527     1.0060
  6   -59.5852     0.1389    -0.2381     0.7557    -4.4084     0.6452   -54.9231     0.8236
  7   -59.5864     0.1174    -0.3911     0.7082    -4.1262     0.7847   -55.0535     0.7433
  8   -59.5763     0.1037    -0.3887     0.6133    -4.2698     0.7377   -54.9023     0.7112
  9   -59.5659     0.0937    -0.4027     0.5416    -4.1721     0.6793   -54.9756     0.6442
 10   -59.5664     0.0838    -0.5018     0.5235    -4.0499     0.6549   -54.9992     0.5781
 11   -59.5719     0.0766    -0.5485     0.4826    -4.1179     0.6078   -54.8899     0.5667
 12   -59.5696     0.0701    -0.4877     0.4571    -4.2004     0.5789   -54.8660     0.5196
 13   -59.5613     0.0666    -0.4124     0.4466    -4.3917     0.6556   -54.7417     0.5388
 14   -59.5644     0.0620    -0.4227     0.4140    -4.2499     0.6700   -54.8763     0.5669
 15   -59.5541     0.0612    -0.3955     0.3892    -4.2741     0.6256   -54.8689     0.5279
 16   -59.5377     0.0660    -0.3472     0.3767    -4.3531     0.6061   -54.8219     0.5027
 17   -59.5334     0.0626    -0.2956     0.3686    -4.2568     0.6010   -54.9654     0.5526
 18   -59.5140     0.0706    -0.3042     0.3479    -4.3743     0.6135   -54.8200     0.5967
 19   -59.5228     0.0690    -0.2836     0.3317    -4.3489     0.5825   -54.8747     0.5750
 20   -59.5229     0.0655    -0.2126     0.3453    -4.3530     0.5527   -54.9418     0.5617
 21   -59.5243     0.0623    -0.2289     0.3300    -4.3973     0.5331   -54.8826     0.5473
 22   -59.5232     0.0595    -0.2537     0.3185    -4.3635     0.5128   -54.8904     0.5221
 23   -59.5289     0.0580    -0.2459     0.3048    -4.3732     0.4904   -54.8943     0.4989
 24   -59.5262     0.0558    -0.2628     0.2938    -4.3988     0.4723   -54.8491     0.4862
 25   -59.5241     0.0537    -0.1942     0.3133    -4.3449     0.4657   -54.9695     0.5248
 
 
 group  inft  solvation free energy     error          difference
  total solvation free energy
   1      0        -15.76517           0.06612           0.00294
   1     60        -15.80059           0.06609          -0.03247
   1     80        -16.15393           0.06604          -0.38582
   1    100        -17.39155           0.06605          -1.62344
   2      0        -15.75852           0.06645           0.00960
   3      0        -15.76811           0.06571           0.00000
   4      0        -15.76071           0.06568           0.00740
   5      0        -15.75316           0.06598           0.01496
   5     60        -15.80257           0.06596          -0.03446
   5     80        -16.24259           0.06593          -0.47448
   5    100        -17.37909           0.06598          -1.61098
 
  contribution from  1-th solvent component
   1      0          1.23646           0.13394          -0.00747
   1     60          1.23545           0.13394          -0.00848
   1     80          1.22538           0.13397          -0.01855
   1    100          1.18982           0.13407          -0.05411
   2      0          1.24243           0.13263          -0.00149
   3      0          1.24393           0.13221           0.00000
   4      0          1.24470           0.13195           0.00077
   5      0          1.24560           0.13171           0.00167
   5     60          1.24408           0.13171           0.00015
   5     80          1.23129           0.13174          -0.01264
   5    100          1.19872           0.13181          -0.04521
 
  contribution from  2-th solvent component
   1      0         -2.86187           0.22231          -0.00542
   1     60         -2.86275           0.22231          -0.00630
   1     80         -2.86972           0.22237          -0.01328
   1    100         -2.89705           0.22256          -0.04060
   2      0         -2.86007           0.22097          -0.00362
   3      0         -2.85645           0.22040           0.00000
   4      0         -2.85920           0.22030          -0.00275
   5      0         -2.85703           0.22032          -0.00058
   5     60         -2.85791           0.22032          -0.00146
   5     80         -2.86628           0.22039          -0.00983
   5    100         -2.89213           0.22051          -0.03568
 
  contribution from  3-th solvent component
   1      0        -14.12421           0.24900           0.01583
   1     60        -14.15773           0.24904          -0.01769
   1     80        -14.49403           0.24930          -0.35399
   1    100        -15.66877           0.25004          -1.52873
   2      0        -14.12533           0.24909           0.01471
   3      0        -14.14004           0.24864           0.00000
   4      0        -14.13066           0.24696           0.00938
   5      0        -14.12617           0.24775           0.01387
   5     60        -14.17319           0.24780          -0.03316
   5     80        -14.59205           0.24813          -0.45201
   5    100        -15.67013           0.24885          -1.53009
 
 
 group  inft   Estimated free energy: total (kcal/mol)
   1      0     -15.8515     -16.0478     -15.9176     -15.7142     -15.7583
                -15.9261     -15.5075     -15.9048     -15.7910     -15.9690
                -15.6279     -15.8903     -15.7956     -15.5094     -15.6693
                -15.4774     -15.6696     -15.8157     -15.6225     -16.0393
                -15.6389     -15.7812     -15.7710     -15.5329     -15.9005
   1     60     -15.8867     -16.0831     -15.9529     -15.7495     -15.7940
                -15.9612     -15.5430     -15.9401     -15.8266     -16.0045
                -15.6630     -15.9257     -15.8306     -15.5450     -15.7047
                -15.5129     -15.7053     -15.8511     -15.6581     -16.0748
                -15.6746     -15.8166     -15.8064     -15.5684     -15.9360
   1     80     -16.2395     -16.4361     -16.3055     -16.1023     -16.1481
                -16.3134     -15.8965     -16.2924     -16.1805     -16.3583
                -16.0150     -16.2792     -16.1815     -15.8987     -16.0589
                -15.8658     -16.0599     -16.2037     -16.0124     -16.4295
                -16.0292     -16.1703     -16.1605     -15.9217     -16.2891
   1    100     -17.4786     -17.6716     -17.5433     -17.3388     -17.3865
                -17.5493     -17.1350     -17.5262     -17.4188     -17.5973
                -17.2492     -17.5175     -17.4135     -17.1358     -17.2996
                -17.1018     -17.2998     -17.4387     -17.2535     -17.6712
                -17.2693     -17.4089     -17.4010     -17.1574     -17.5262
   2      0     -15.8209     -16.0352     -15.9228     -15.7011     -15.7734
                -15.9175     -15.4952     -15.9056     -15.7850     -15.9793
                -15.6183     -15.8788     -15.7679     -15.5265     -15.6623
                -15.4726     -15.6593     -15.7937     -15.6168     -16.0317
                -15.6167     -15.7759     -15.7719     -15.5212     -15.9132
   3      0     -15.8419     -16.0452     -15.9315     -15.7091     -15.7893
                -15.9200     -15.5091     -15.9035     -15.7946     -15.9893
                -15.6268     -15.8905     -15.7736     -15.5371     -15.6720
                -15.4850     -15.6782     -15.8035     -15.6272     -16.0333
                -15.6280     -15.7838     -15.7766     -15.5318     -15.9217
   4      0     -15.8357     -16.0464     -15.9245     -15.7075     -15.7818
                -15.9037     -15.5043     -15.9020     -15.7828     -15.9958
                -15.6250     -15.8780     -15.7658     -15.5366     -15.6675
                -15.4764     -15.6543     -15.8043     -15.6172     -16.0184
                -15.6174     -15.7725     -15.7678     -15.5278     -15.9043
   5      0     -15.8189     -16.0347     -15.9140     -15.6930     -15.7769
                -15.9068     -15.4894     -15.8830     -15.7803     -15.9871
                -15.6096     -15.8821     -15.7585     -15.5356     -15.6608
                -15.4709     -15.6586     -15.7949     -15.6023     -16.0108
                -15.6129     -15.7614     -15.7578     -15.5163     -15.9123
   5     60     -15.8680     -16.0841     -15.9632     -15.7423     -15.8266
                -15.9559     -15.5388     -15.9322     -15.8299     -16.0366
                -15.6586     -15.9316     -15.8074     -15.5853     -15.7103
                -15.5204     -15.7083     -15.8443     -15.6519     -16.0604
                -15.6626     -15.8109     -15.8073     -15.5658     -15.9617
   5     80     -16.3071     -16.5239     -16.4026     -16.1816     -16.2678
                -16.3947     -15.9790     -16.3710     -16.2706     -16.4774
                -16.0966     -16.3720     -16.2442     -16.0261     -16.1517
                -15.9598     -16.1496     -16.2832     -16.0933     -16.5019
                -16.1038     -16.2511     -16.2483     -16.0058     -16.4017
   5    100     -17.4435     -17.6590     -17.5398     -17.3174     -17.4056
                -17.5297     -17.1159     -17.5045     -17.4077     -17.6155
                -17.2294     -17.5095     -17.3745     -17.1639     -17.2915
                -17.0941     -17.2880     -17.4162     -17.2331     -17.6416
                -17.2420     -17.3887     -17.3872     -17.1406     -17.5386
 
 group  inft   Estimated free energy: 1-th solvent contribution (kcal/mol)
   1      0       0.5978       1.0224       1.5149       0.9093       1.6848
                  1.2946       0.9314       1.0083       1.1146       0.6429
                  0.9723       1.2719       1.5277       1.2509       1.2976
                  1.5540       1.6991       0.9958       1.5040       1.5934
                  1.0856       0.9963       1.3660       1.1347       1.9413
   1     60       0.5967       1.0214       1.5139       0.9083       1.6838
                  1.2936       0.9303       1.0073       1.1136       0.6419
                  0.9713       1.2709       1.5267       1.2498       1.2966
                  1.5530       1.6981       0.9948       1.5030       1.5923
                  1.0846       0.9953       1.3650       1.1337       1.9403
   1     80       0.5864       1.0111       1.5040       0.8982       1.6739
                  1.2834       0.9202       0.9970       1.1037       0.6319
                  0.9610       1.2608       1.5167       1.2400       1.2868
                  1.5431       1.6881       0.9848       1.4930       1.5820
                  1.0743       0.9850       1.3549       1.1235       1.9305
   1    100       0.5499       0.9752       1.4689       0.8625       1.6387
                  1.2472       0.8849       0.9607       1.0686       0.5967
                  0.9249       1.2254       1.4811       1.2051       1.2519
                  1.5083       1.6531       0.9498       1.4576       1.5455
                  1.0379       0.9487       1.3194       1.0879       1.8956
   2      0       0.6114       1.0357       1.5187       0.9199       1.6777
                  1.3043       0.9421       1.0184       1.1119       0.6398
                  0.9859       1.2775       1.5424       1.2502       1.3011
                  1.5549       1.7000       1.0000       1.5162       1.5991
                  1.0975       1.0078       1.3698       1.1478       1.9306
   3      0       0.6134       1.0373       1.5179       0.9258       1.6779
                  1.3099       0.9461       1.0227       1.1129       0.6390
                  0.9868       1.2816       1.5486       1.2518       1.3048
                  1.5538       1.6979       1.0038       1.5076       1.6020
                  1.0992       1.0113       1.3704       1.1467       1.9292
   4      0       0.6165       1.0348       1.5188       0.9236       1.6723
                  1.3136       0.9463       1.0276       1.1116       0.6387
                  0.9857       1.2823       1.5472       1.2496       1.3062
                  1.5553       1.6986       1.0019       1.5121       1.6034
                  1.1052       1.0183       1.3720       1.1496       1.9263
   5      0       0.6181       1.0371       1.5198       0.9301       1.6747
                  1.3101       0.9506       1.0296       1.1143       0.6353
                  0.9878       1.2818       1.5495       1.2492       1.3042
                  1.5560       1.6997       1.0073       1.5124       1.6063
                  1.1039       1.0175       1.3728       1.1501       1.9216
   5     60       0.6166       1.0356       1.5183       0.9286       1.6732
                  1.3086       0.9490       1.0281       1.1128       0.6338
                  0.9863       1.2803       1.5481       1.2477       1.3028
                  1.5545       1.6982       1.0058       1.5109       1.6047
                  1.1024       1.0160       1.3713       1.1486       1.9201
   5     80       0.6036       1.0226       1.5056       0.9157       1.6605
                  1.2957       0.9363       1.0150       1.1001       0.6210
                  0.9735       1.2676       1.5354       1.2349       1.2902
                  1.5420       1.6854       0.9931       1.4982       1.5917
                  1.0894       1.0030       1.3585       1.1357       1.9074
   5    100       0.5704       0.9897       1.4733       0.8829       1.6280
                  1.2627       0.9039       0.9818       1.0677       0.5883
                  0.9408       1.2352       1.5033       1.2025       1.2581
                  1.5100       1.6530       0.9609       1.4660       1.5588
                  1.0565       0.9699       1.3260       1.1032       1.8750
 
 group  inft   Estimated free energy: 2-th solvent contribution (kcal/mol)
   1      0      -2.4584      -3.5149      -3.1640      -2.6605      -2.4860
                 -3.1364      -1.8777      -3.3200      -2.5138      -2.3703
                 -2.9749      -3.2062      -3.9622      -1.8596      -2.9472
                 -3.3080      -2.1540      -3.9536      -2.5588      -2.9191
                 -3.2237      -2.5731      -2.9845      -3.1088      -2.3111
   1     60      -2.4593      -3.5158      -3.1649      -2.6613      -2.4869
                 -3.1372      -1.8785      -3.3209      -2.5147      -2.3712
                 -2.9758      -3.2070      -3.9630      -1.8605      -2.9481
                 -3.3088      -2.1549      -3.9544      -2.5597      -2.9199
                 -3.2246      -2.5740      -2.9854      -3.1097      -2.3119
   1     80      -2.4661      -3.5228      -3.1717      -2.6682      -2.4936
                 -3.1442      -1.8853      -3.3277      -2.5218      -2.3782
                 -2.9826      -3.2143      -3.9701      -1.8670      -2.9554
                 -3.3160      -2.1617      -3.9619      -2.5668      -2.9271
                 -3.2317      -2.5807      -2.9924      -3.1169      -2.3188
   1    100      -2.4927      -3.5501      -3.1986      -2.6952      -2.5201
                 -3.1713      -1.9124      -3.3541      -2.5496      -2.4059
                 -3.0089      -3.2427      -3.9980      -1.8926      -2.9841
                 -3.3439      -2.1887      -3.9914      -2.5947      -2.9549
                 -3.2591      -2.6065      -3.0202      -3.1449      -2.3457
   2      0      -2.4573      -3.5114      -3.1632      -2.6564      -2.5008
                 -3.1328      -1.8812      -3.3205      -2.5043      -2.3728
                 -2.9787      -3.2008      -3.9524      -1.8654      -2.9410
                 -3.3044      -2.1560      -3.9446      -2.5536      -2.9135
                 -3.2156      -2.5758      -2.9835      -3.1033      -2.3125
   3      0      -2.4578      -3.5084      -3.1596      -2.6569      -2.4954
                 -3.1274      -1.8820      -3.3145      -2.5007      -2.3718
                 -2.9732      -3.1983      -3.9472      -1.8641      -2.9371
                 -3.2994      -2.1554      -3.9402      -2.5487      -2.9104
                 -3.2066      -2.5714      -2.9761      -3.0985      -2.3101
   4      0      -2.4611      -3.5104      -3.1633      -2.6545      -2.5037
                 -3.1280      -1.8858      -3.3185      -2.4999      -2.3749
                 -2.9751      -3.2002      -3.9496      -1.8750      -2.9406
                 -3.3011      -2.1548      -3.9471      -2.5466      -2.9113
                 -3.2097      -2.5760      -2.9779      -3.1012      -2.3139
   5      0      -2.4550      -3.5089      -3.1584      -2.6532      -2.5031
                 -3.1256      -1.8807      -3.3114      -2.5004      -2.3746
                 -2.9723      -3.2001      -3.9481      -1.8726      -2.9368
                 -3.3002      -2.1540      -3.9454      -2.5448      -2.9109
                 -3.2075      -2.5710      -2.9779      -3.0990      -2.3137
   5     60      -2.4558      -3.5098      -3.1593      -2.6541      -2.5040
                 -3.1265      -1.8816      -3.3123      -2.5013      -2.3755
                 -2.9731      -3.2010      -3.9490      -1.8735      -2.9378
                 -3.3011      -2.1548      -3.9463      -2.5457      -2.9118
                 -3.2084      -2.5718      -2.9788      -3.0999      -2.3146
   5     80      -2.4640      -3.5182      -3.1673      -2.6625      -2.5122
                 -3.1348      -1.8897      -3.3203      -2.5098      -2.3839
                 -2.9813      -3.2098      -3.9574      -1.8813      -2.9465
                 -3.3098      -2.1630      -3.9553      -2.5543      -2.9205
                 -3.2168      -2.5797      -2.9873      -3.1085      -2.3228
   5    100      -2.4894      -3.5440      -3.1929      -2.6882      -2.5378
                 -3.1603      -1.9153      -3.3453      -2.5359      -2.4101
                 -3.0064      -3.2367      -3.9835      -1.9059      -2.9735
                 -3.3361      -2.1885      -3.9827      -2.5806      -2.9470
                 -3.2424      -2.6043      -3.0134      -3.1349      -2.3483
 
 group  inft   Estimated free energy: 3-th solvent contribution (kcal/mol)
   1      0     -13.9753     -13.5397     -14.2529     -13.9474     -14.9416
                -14.0687     -14.5457     -13.5776     -14.3762     -14.2260
                -13.6097     -13.9405     -13.3457     -14.8851     -14.0041
                -13.7078     -15.1991     -12.8424     -14.5522     -14.6980
                -13.4853     -14.1888     -14.1370     -13.5432     -15.5152
   1     60     -14.0086     -13.5731     -14.2863     -13.9809     -14.9753
                -14.1020     -14.5792     -13.6109     -14.4099     -14.2596
                -13.6430     -13.9740     -13.3787     -14.9188     -14.0377
                -13.7414     -15.2329     -12.8759     -14.5859     -14.7316
                -13.5190     -14.2224     -14.1705     -13.5768     -15.5488
   1     80     -14.3443     -13.9089     -14.6223     -14.3167     -15.3128
                -14.4370     -14.9159     -13.9461     -14.7468     -14.5965
                -13.9779     -14.3102     -13.7125     -15.2561     -14.3748
                -14.0774     -15.5707     -13.2111     -14.9231     -15.0688
                -13.8562     -14.5590     -14.5074     -13.9128     -15.8852
   1    100     -15.5202     -15.0812     -15.7981     -15.4906     -16.4896
                -15.6096     -16.0919     -15.1172     -15.9223     -15.7726
                -15.1496     -15.4847     -14.8811     -16.4327     -15.5519
                -15.2507     -16.7487     -14.3816     -16.1008     -16.2462
                -15.0325     -15.7355     -15.6846     -15.0849     -17.0605
   2      0     -13.9595     -13.5440     -14.2628     -13.9492     -14.9348
                -14.0735     -14.5405     -13.5880     -14.3771     -14.2307
                -13.6099     -13.9400     -13.3423     -14.8957     -14.0068
                -13.7076     -15.1877     -12.8336     -14.5639     -14.7018
                -13.4830     -14.1924     -14.1427     -13.5501     -15.5157
   3      0     -13.9819     -13.5586     -14.2742     -13.9624     -14.9563
                -14.0870     -14.5577     -13.5962     -14.3913     -14.2410
                -13.6249     -13.9582     -13.3595     -14.9093     -14.0242
                -13.7239     -15.2052     -12.8516     -14.5705     -14.7093
                -13.5049     -14.2081     -14.1553     -13.5644     -15.5253
   4      0     -13.9755     -13.5552     -14.2644     -13.9610     -14.9348
                -14.0738     -14.5493     -13.5956     -14.3789     -14.2440
                -13.6201     -13.9446     -13.3479     -14.8957     -14.0175
                -13.7150     -15.1826     -12.8436     -14.5672     -14.6950
                -13.4973     -14.1992     -14.1464     -13.5606     -15.5012
   5      0     -13.9665     -13.5474     -14.2598     -13.9543     -14.9330
                -14.0758     -14.5436     -13.5856     -14.3785     -14.2323
                -13.6096     -13.9482     -13.3445     -14.8966     -14.0126
                -13.7112     -15.1887     -12.8413     -14.5544     -14.6906
                -13.4938     -14.1925     -14.1371     -13.5519     -15.5046
   5     60     -14.0132     -13.5943     -14.3067     -14.0012     -14.9803
                -14.1225     -14.5907     -13.6325     -14.4258     -14.2794
                -13.6562     -13.9953     -13.3909     -14.9439     -14.0598
                -13.7582     -15.2361     -12.8883     -14.6015     -14.7377
                -13.5410     -14.2395     -14.1842     -13.5990     -15.5517
   5     80     -14.4311     -14.0128     -14.7254     -14.4193     -15.4005
                -14.5401     -15.0100     -14.0502     -14.8453     -14.6989
                -14.0733     -14.4142     -13.8067     -15.3642     -14.4798
                -14.1764     -15.6565     -13.3055     -15.0217     -15.1576
                -13.9609     -14.6589     -14.6039     -14.0175     -15.9708
   5    100     -15.5089     -15.0891     -15.8047     -15.4965     -16.4803
                -15.6165     -16.0890     -15.1254     -15.9239     -15.7782
                -15.1482     -15.4925     -14.8788     -16.4450     -15.5605
                -15.2524     -16.7370     -14.3788     -16.1029     -16.2379
                -15.0405     -15.7388     -15.6843     -15.0934     -17.0497
 
 
 cumulative average & 95% error for solvation free energy
              total             1st component         2nd component         3rd component
  1   -15.8419     0.0000     0.6134     0.0000    -2.4578     0.0000   -13.9819     0.0000
  2   -15.9436     0.2033     0.8253     0.4239    -2.9831     1.0506   -13.7702     0.4234
  3   -15.9396     0.1177     1.0562     0.5226    -3.0419     0.6179   -13.9382     0.4155
  4   -15.8819     0.1421     1.0236     0.3752    -2.9457     0.4774   -13.9443     0.2941
  5   -15.8634     0.1162     1.1544     0.3911    -2.8556     0.4114   -14.1467     0.4645
  6   -15.8728     0.0967     1.1804     0.3235    -2.9009     0.3479   -14.1367     0.3798
  7   -15.8209     0.1322     1.1469     0.2815    -2.7554     0.4138   -14.1969     0.3428
  8   -15.8312     0.1163     1.1314     0.2458    -2.8252     0.3846   -14.1218     0.3327
  9   -15.8271     0.1029     1.1293     0.2168    -2.7892     0.3468   -14.1517     0.2994
 10   -15.8434     0.0976     1.0803     0.2173    -2.7474     0.3212   -14.1607     0.2684
 11   -15.8237     0.0967     1.0718     0.1973    -2.7680     0.2934   -14.1119     0.2616
 12   -15.8292     0.0890     1.0893     0.1834    -2.8038     0.2773   -14.0991     0.2402
 13   -15.8250     0.0823     1.1246     0.1829    -2.8918     0.3098   -14.0422     0.2485
 14   -15.8044     0.0866     1.1337     0.1703    -2.8184     0.3223   -14.1042     0.2613
 15   -15.7956     0.0825     1.1451     0.1602    -2.8263     0.3004   -14.0988     0.2435
 16   -15.7762     0.0864     1.1706     0.1583    -2.8558     0.2872   -14.0754     0.2325
 17   -15.7704     0.0820     1.2017     0.1611    -2.8146     0.2821   -14.1419     0.2557
 18   -15.7722     0.0774     1.1907     0.1535    -2.8772     0.2939   -14.0702     0.2805
 19   -15.7646     0.0747     1.2073     0.1490    -2.8599     0.2801   -14.0965     0.2705
 20   -15.7780     0.0758     1.2271     0.1468    -2.8624     0.2658   -14.1272     0.2638
 21   -15.7709     0.0735     1.2210     0.1401    -2.8788     0.2549   -14.0975     0.2578
 22   -15.7715     0.0701     1.2115     0.1350    -2.8648     0.2447   -14.1025     0.2460
 23   -15.7717     0.0670     1.2184     0.1297    -2.8697     0.2340   -14.1048     0.2352
 24   -15.7617     0.0672     1.2154     0.1243    -2.8792     0.2248   -14.0823     0.2296
 25   -15.7681     0.0657     1.2439     0.1322    -2.8564     0.2204   -14.1400     0.2486
