Lmod has detected the following error: These module(s) exist but cannot be
loaded as requested: "hwloc/1.11.11"
   Try: "module spider hwloc/1.11.11" to see how to load the module(s).



Lmod has detected the following error: These module(s) exist but cannot be
loaded as requested: "hwloc/1.11.11"
   Try: "module spider hwloc/1.11.11" to see how to load the module(s).



 ERmod 0.3.7, Copyright (C) 2000-2019 Nobuyuki Matubayasi
                            2010-2019 Shun Sakuraba
 ERmod comes with ABSOLUTELY NO WARRANTY.
 This is free software, and you can redistribute it
 and/or modify it under certain conditions.
 See LICENSE file for details.
Opening: "/home/hervoe/snic2020-6-15/hervoe/temp/Simulations/NaCl/0.50/trajectory_sol_full.xtc"...
  Trying plugin "Gromacs XTC Compressed Trajectory"...OK
 ERmod 0.3.7, Copyright (C) 2000-2019 Nobuyuki Matubayasi
                            2010-2019 Shun Sakuraba
 ERmod comes with ABSOLUTELY NO WARRANTY.
 This is free software, and you can redistribute it
 and/or modify it under certain conditions.
 See LICENSE file for details.
Opening: "/home/hervoe/snic2020-6-15/hervoe/temp/Simulations/NaCl/0.50/trajectory_ref_full.xtc"...
  Trying plugin "Gromacs XTC Compressed Trajectory"...OK
Opening: "/home/hervoe/snic2020-6-15/hervoe/temp/Simulations/Solute_new/trajectory_solute.xtc"...
  Trying plugin "Gromacs XTC Compressed Trajectory"...OK
Opening: "/home/hervoe/snic2020-6-15/hervoe/temp/Simulations/Solute_new/trajectory_solute.xtc"...
  Trying plugin "Gromacs XTC Compressed Trajectory"...OK
Opening: "/home/hervoe/snic2020-6-15/hervoe/temp/Simulations/Solute_new/trajectory_solute.xtc"...
  Trying plugin "Gromacs XTC Compressed Trajectory"...OK
Opening: "/home/hervoe/snic2020-6-15/hervoe/temp/Simulations/Solute_new/trajectory_solute.xtc"...
  Trying plugin "Gromacs XTC Compressed Trajectory"...OK
Opening: "/home/hervoe/snic2020-6-15/hervoe/temp/Simulations/Solute_new/trajectory_solute.xtc"...
  Trying plugin "Gromacs XTC Compressed Trajectory"...OK
Opening: "/home/hervoe/snic2020-6-15/hervoe/temp/Simulations/Solute_new/trajectory_solute.xtc"...
  Trying plugin "Gromacs XTC Compressed Trajectory"...OK
Opening: "/home/hervoe/snic2020-6-15/hervoe/temp/Simulations/Solute_new/trajectory_solute.xtc"...
  Trying plugin "Gromacs XTC Compressed Trajectory"...OK
Opening: "/home/hervoe/snic2020-6-15/hervoe/temp/Simulations/Solute_new/trajectory_solute.xtc"...
  Trying plugin "Gromacs XTC Compressed Trajectory"...OK
Opening: "/home/hervoe/snic2020-6-15/hervoe/temp/Simulations/Solute_new/trajectory_solute.xtc"...
  Trying plugin "Gromacs XTC Compressed Trajectory"...OK
Opening: "/home/hervoe/snic2020-6-15/hervoe/temp/Simulations/Solute_new/trajectory_solute.xtc"...
  Trying plugin "Gromacs XTC Compressed Trajectory"...OK
 
  Number of the   1-th solvent  =            9
  Number of the   2-th solvent  =            9
  Number of the   3-th solvent  =         1000
 
  Be sure that the solvent distribution is homogeneous (radial distribution function is essentially unity) when the solvent molecule is separated beyond distance of   10.0 Angstrom in any direction from any atom within the solute molecule
 
  LJ long-range correction    =        -0.0173     -0.0035     -0.8928
 
  Self-energy of the solute   =        -0.0163  kcal/mol
 
 
 cumulative average & 95% error for solvation energy
              total             1st component         2nd component         3rd component
  1   -59.4272                1.2632               -2.7034              -57.9707
  2   -59.5653     0.2761     0.5455     1.4355    -2.4091     0.5886   -57.6853     0.5708
  3   -59.4927     0.2156     0.4562     0.8478    -2.4862     0.3731   -57.4464     0.5804
  4   -59.5076     0.1554     0.4673     0.5999    -2.2106     0.6110   -57.7479     0.7295
  5   -59.5178     0.1221     0.2971     0.5760    -2.3165     0.5185   -57.4820     0.7760
  6   -59.5331     0.1042     0.1362     0.5698    -2.3276     0.4240   -57.3254     0.7069
  7   -59.5228     0.0904     0.2655     0.5466    -2.5307     0.5417   -57.2413     0.6206
  8   -59.5254     0.0785     0.2920     0.4763    -2.3111     0.6427   -57.4900     0.7324
  9   -59.5260     0.0692     0.1723     0.4835    -2.2518     0.5791   -57.4302     0.6569
 10   -59.5273     0.0620     0.1735     0.4325    -2.1851     0.5348   -57.4993     0.6035
 11   -59.5374     0.0596     0.1334     0.3993    -2.1043     0.5101   -57.5501     0.5553
 12   -59.5641     0.0762     0.0761     0.3821    -2.1917     0.4974   -57.4321     0.5592
 13   -59.5476     0.0774     0.0832     0.3518    -2.2802     0.4905   -57.3343     0.5503
 14   -59.5500     0.0718     0.1360     0.3424    -2.2141     0.4730   -57.4556     0.5642
 15   -59.5682     0.0761     0.1094     0.3232    -2.1878     0.4434   -57.4734     0.5265
 16   -59.5694     0.0713     0.1339     0.3063    -2.2940     0.4659   -57.3931     0.5180
 17   -59.5742     0.0676     0.1051     0.2934    -2.4436     0.5302   -57.2194     0.5979
 18   -59.5767     0.0639     0.0674     0.2867    -2.3834     0.5142   -57.2443     0.5659
 19   -59.5697     0.0621     0.0641     0.2713    -2.5088     0.5473   -57.1086     0.6002
 20   -59.5830     0.0647     0.0905     0.2627    -2.4926     0.5202   -57.1645     0.5803
 21   -59.5900     0.0631     0.1213     0.2574    -2.4354     0.5078   -57.2595     0.5838
 22   -59.5935     0.0605     0.0844     0.2563    -2.3673     0.5030   -57.2942     0.5609
 23   -59.5912     0.0580     0.1378     0.2672    -2.3729     0.4808   -57.3398     0.5437
 24   -59.5853     0.0568     0.1674     0.2626    -2.3420     0.4644   -57.3944     0.5318
 25   -59.5898     0.0552     0.2067     0.2638    -2.2947     0.4554   -57.4855     0.5417
 
 
 group  inft  solvation free energy     error          difference
  total solvation free energy
   1      0        -15.93542           0.07192           0.01173
   1     60        -15.96627           0.07189          -0.01911
   1     80        -16.28208           0.07184          -0.33493
   1    100        -17.44644           0.07213          -1.49928
   2      0        -15.93407           0.07289           0.01308
   3      0        -15.94715           0.07250           0.00000
   4      0        -15.93293           0.07284           0.01422
   5      0        -15.93150           0.07317           0.01565
   5     60        -15.97379           0.07315          -0.02663
   5     80        -16.37120           0.07309          -0.42405
   5    100        -17.44533           0.07340          -1.49817
 
  contribution from  1-th solvent component
   1      0          0.50796           0.13327          -0.00629
   1     60          0.50760           0.13327          -0.00665
   1     80          0.50490           0.13337          -0.00935
   1    100          0.49366           0.13360          -0.02058
   2      0          0.51317           0.13185          -0.00108
   3      0          0.51425           0.13113           0.00000
   4      0          0.51508           0.13015           0.00083
   5      0          0.51553           0.13037           0.00128
   5     60          0.51511           0.13038           0.00086
   5     80          0.51140           0.13046          -0.00285
   5    100          0.50125           0.13064          -0.01300
 
  contribution from  2-th solvent component
   1      0         -1.45806           0.22832           0.00347
   1     60         -1.45782           0.22833           0.00371
   1     80         -1.45572           0.22841           0.00581
   1    100         -1.44979           0.22879           0.01175
   2      0         -1.45996           0.22712           0.00158
   3      0         -1.46153           0.22666           0.00000
   4      0         -1.45968           0.22634           0.00185
   5      0         -1.45991           0.22623           0.00162
   5     60         -1.45950           0.22623           0.00203
   5     80         -1.45665           0.22636           0.00489
   5    100         -1.45247           0.22666           0.00906
 
  contribution from  3-th solvent component
   1      0        -14.96897           0.29414           0.01455
   1     60        -14.99969           0.29411          -0.01617
   1     80        -15.31491           0.29402          -0.33139
   1    100        -16.47396           0.29446          -1.49044
   2      0        -14.97094           0.29379           0.01258
   3      0        -14.98352           0.29387           0.00000
   4      0        -14.97198           0.29277           0.01154
   5      0        -14.97078           0.29363           0.01275
   5     60        -15.01305           0.29359          -0.02953
   5     80        -15.40961           0.29353          -0.42609
   5    100        -16.47776           0.29404          -1.49424
 
 
 group  inft   Estimated free energy: total (kcal/mol)
   1      0     -16.0510     -16.0679     -15.7814     -15.9822     -15.7976
                -15.8331     -15.7326     -15.6690     -15.8908     -15.8136
                -16.0480     -16.0554     -15.7615     -16.1293     -16.1144
                -15.8536     -15.9883     -16.2061     -15.5764     -16.0010
                -16.0322     -16.0230     -15.9049     -15.7367     -16.3357
   1     60     -16.0818     -16.0986     -15.8122     -16.0127     -15.8286
                -15.8640     -15.7637     -15.6996     -15.9214     -15.8445
                -16.0788     -16.0863     -15.7924     -16.1602     -16.1452
                -15.8845     -16.0191     -16.2365     -15.6075     -16.0320
                -16.0630     -16.0540     -15.9356     -15.7677     -16.3666
   1     80     -16.3971     -16.4142     -16.1270     -16.3268     -16.1447
                -16.1804     -16.0806     -16.0140     -16.2361     -16.1607
                -16.3942     -16.4033     -16.1087     -16.4765     -16.4617
                -16.2007     -16.3351     -16.5509     -15.9252     -16.3488
                -16.3778     -16.3711     -16.2505     -16.0834     -16.6824
   1    100     -17.5616     -17.5797     -17.2860     -17.4896     -17.3095
                -17.3456     -17.2443     -17.1748     -17.3992     -17.3243
                -17.5585     -17.5688     -17.2726     -17.6434     -17.6280
                -17.3641     -17.4990     -17.7134     -17.0908     -17.5163
                -17.5407     -17.5406     -17.4149     -17.2475     -17.8479
   2      0     -16.0591     -16.0581     -15.7928     -15.9833     -15.7972
                -15.8257     -15.7400     -15.6667     -15.8939     -15.7974
                -16.0415     -16.0482     -15.7486     -16.1260     -16.1101
                -15.8454     -15.9849     -16.2027     -15.5633     -15.9948
                -16.0484     -16.0366     -15.9104     -15.7326     -16.3442
   3      0     -16.0785     -16.0622     -15.8142     -15.9924     -15.7993
                -15.8315     -15.7621     -15.6878     -15.9257     -15.8101
                -16.0390     -16.0511     -15.7533     -16.1430     -16.1278
                -15.8554     -15.9946     -16.2102     -15.5750     -15.9967
                -16.0698     -16.0586     -15.9388     -15.7468     -16.3547
   4      0     -16.0666     -16.0585     -15.7953     -15.9825     -15.7865
                -15.8215     -15.7511     -15.6683     -15.9065     -15.7837
                -16.0334     -16.0381     -15.7379     -16.1303     -16.1140
                -15.8461     -15.9815     -16.1884     -15.5589     -15.9902
                -16.0527     -16.0496     -15.9220     -15.7259     -16.3338
   5      0     -16.0727     -16.0498     -15.7987     -15.9824     -15.7858
                -15.8151     -15.7497     -15.6770     -15.9101     -15.7864
                -16.0274     -16.0353     -15.7345     -16.1228     -16.1147
                -15.8443     -15.9767     -16.1872     -15.5479     -15.9818
                -16.0532     -16.0518     -15.9248     -15.7181     -16.3394
   5     60     -16.1148     -16.0919     -15.8409     -16.0243     -15.8282
                -15.8575     -15.7923     -15.7190     -15.9520     -15.8289
                -16.0696     -16.0778     -15.7769     -16.1652     -16.1570
                -15.8867     -16.0189     -16.2291     -15.5906     -16.0243
                -16.0953     -16.0944     -15.9668     -15.7604     -16.3818
   5     80     -16.5119     -16.4894     -16.2370     -16.4199     -16.2261
                -16.2558     -16.1913     -16.1145     -16.3483     -16.2267
                -16.4663     -16.4764     -16.1747     -16.5633     -16.5553
                -16.2844     -16.4161     -16.6247     -15.9901     -16.4231
                -16.4916     -16.4934     -16.3629     -16.1575     -16.7795
   5    100     -17.5864     -17.5649     -17.3067     -17.4937     -17.3002
                -17.3305     -17.2656     -17.1865     -17.4219     -17.3003
                -17.5400     -17.5510     -17.2472     -17.6397     -17.6313
                -17.3571     -17.4879     -17.6974     -17.0647     -17.5005
                -17.5651     -17.5720     -17.4358     -17.2313     -17.8552
 
 group  inft   Estimated free energy: 1-th solvent contribution (kcal/mol)
   1      0       0.8483       0.2780       0.7537       0.6513       0.2937
                  0.1222       0.8839       0.6693       0.0774       0.6092
                  0.2757       0.0623       0.3943       0.6785       0.2670
                  0.6578       0.1252      -0.0016       0.4385       0.7619
                  0.8418       0.0783       1.1215       1.0007       0.8098
   1     60       0.8479       0.2777       0.7533       0.6509       0.2934
                  0.1218       0.8836       0.6690       0.0771       0.6088
                  0.2754       0.0620       0.3940       0.6782       0.2667
                  0.6574       0.1249      -0.0020       0.4381       0.7615
                  0.8414       0.0779       1.1212       1.0004       0.8094
   1     80       0.8453       0.2747       0.7513       0.6481       0.2904
                  0.1192       0.8813       0.6661       0.0741       0.6060
                  0.2724       0.0589       0.3912       0.6754       0.2637
                  0.6547       0.1220      -0.0050       0.4355       0.7589
                  0.8389       0.0751       1.1191       0.9984       0.8067
   1    100       0.8341       0.2626       0.7414       0.6366       0.2786
                  0.1078       0.8712       0.6545       0.0622       0.5948
                  0.2602       0.0469       0.3800       0.6642       0.2518
                  0.6433       0.1101      -0.0170       0.4246       0.7480
                  0.8283       0.0637       1.1093       0.9889       0.7954
   2      0       0.8444       0.2888       0.7570       0.6586       0.3057
                  0.1323       0.8771       0.6739       0.0825       0.6306
                  0.2821       0.0780       0.4007       0.6819       0.2757
                  0.6648       0.1299       0.0060       0.4463       0.7593
                  0.8440       0.0798       1.1155       1.0035       0.8106
   3      0       0.8453       0.2940       0.7534       0.6593       0.3124
                  0.1339       0.8727       0.6716       0.0853       0.6326
                  0.2869       0.0862       0.3996       0.6828       0.2777
                  0.6658       0.1322       0.0081       0.4442       0.7639
                  0.8458       0.0775       1.1075       1.0033       0.8142
   4      0       0.8447       0.2950       0.7577       0.6614       0.3159
                  0.1409       0.8707       0.6721       0.0891       0.6403
                  0.2873       0.0880       0.4007       0.6843       0.2777
                  0.6661       0.1347       0.0123       0.4448       0.7587
                  0.8435       0.0823       1.1022       0.9968       0.8096
   5      0       0.8417       0.2955       0.7566       0.6586       0.3138
                  0.1414       0.8703       0.6701       0.0914       0.6387
                  0.2890       0.0888       0.3998       0.6898       0.2781
                  0.6675       0.1345       0.0129       0.4459       0.7624
                  0.8437       0.0793       1.1048       1.0044       0.8094
   5     60       0.8413       0.2951       0.7563       0.6582       0.3134
                  0.1410       0.8699       0.6697       0.0910       0.6382
                  0.2886       0.0883       0.3994       0.6893       0.2777
                  0.6671       0.1341       0.0124       0.4454       0.7620
                  0.8432       0.0789       1.1044       1.0040       0.8089
   5     80       0.8376       0.2912       0.7531       0.6544       0.3094
                  0.1374       0.8665       0.6658       0.0870       0.6344
                  0.2846       0.0844       0.3956       0.6856       0.2738
                  0.6633       0.1302       0.0085       0.4419       0.7583
                  0.8398       0.0750       1.1012       1.0011       0.8050
   5    100       0.8273       0.2805       0.7442       0.6439       0.2989
                  0.1274       0.8570       0.6553       0.0763       0.6243
                  0.2738       0.0739       0.3853       0.6754       0.2633
                  0.6530       0.1196      -0.0023       0.4320       0.7484
                  0.8301       0.0645       1.0923       0.9927       0.7945
 
 group  inft   Estimated free energy: 2-th solvent contribution (kcal/mol)
   1      0      -1.6287      -1.3407      -1.8345      -0.9546      -1.6655
                 -1.4967      -2.1496      -0.3916      -1.1377      -1.1552
                 -0.9773      -1.8605      -1.9826      -1.0510      -1.2886
                 -2.2521      -2.6712      -1.0179      -2.6640      -1.3983
                 -0.9676      -0.8150      -1.5376      -1.1476      -1.0656
   1     60      -1.6285      -1.3404      -1.8342      -0.9543      -1.6653
                 -1.4965      -2.1494      -0.3913      -1.1374      -1.1550
                 -0.9770      -1.8602      -1.9824      -1.0508      -1.2883
                 -2.2518      -2.6710      -1.0176      -2.6638      -1.3981
                 -0.9674      -0.8147      -1.5373      -1.1473      -1.0654
   1     80      -1.6263      -1.3384      -1.8319      -0.9519      -1.6634
                 -1.4946      -2.1475      -0.3887      -1.1352      -1.1529
                 -0.9745      -1.8584      -1.9808      -1.0489      -1.2864
                 -2.2500      -2.6693      -1.0152      -2.6621      -1.3959
                 -0.9649      -0.8128      -1.5350      -1.1447      -1.0633
   1    100      -1.6203      -1.3332      -1.8245      -0.9446      -1.6586
                 -1.4897      -2.1427      -0.3797      -1.1287      -1.1468
                 -0.9673      -1.8534      -1.9768      -1.0438      -1.2814
                 -2.2449      -2.6651      -1.0084      -2.6583      -1.3897
                 -0.9572      -0.8075      -1.5281      -1.1365      -1.0574
   2      0      -1.6342      -1.3367      -1.8435      -0.9563      -1.6701
                 -1.4970      -2.1451      -0.3936      -1.1418      -1.1577
                 -0.9789      -1.8664      -1.9793      -1.0536      -1.2933
                 -2.2472      -2.6696      -1.0187      -2.6553      -1.3845
                 -0.9871      -0.8313      -1.5400      -1.1461      -1.0715
   3      0      -1.6390      -1.3341      -1.8513      -0.9505      -1.6686
                 -1.4927      -2.1481      -0.3952      -1.1590      -1.1597
                 -0.9736      -1.8666      -1.9732      -1.0574      -1.2960
                 -2.2487      -2.6689      -1.0141      -2.6509      -1.3807
                 -0.9998      -0.8357      -1.5476      -1.1500      -1.0769
   4      0      -1.6408      -1.3396      -1.8475      -0.9550      -1.6609
                 -1.4962      -2.1453      -0.3929      -1.1520      -1.1607
                 -0.9755      -1.8618      -1.9754      -1.0589      -1.2933
                 -2.2467      -2.6656      -1.0081      -2.6450      -1.3803
                 -0.9943      -0.8413      -1.5441      -1.1371      -1.0738
   5      0      -1.6402      -1.3356      -1.8502      -0.9516      -1.6638
                 -1.4936      -2.1432      -0.3925      -1.1597      -1.1574
                 -0.9740      -1.8630      -1.9730      -1.0603      -1.2936
                 -2.2479      -2.6674      -1.0097      -2.6424      -1.3767
                 -0.9976      -0.8434      -1.5466      -1.1372      -1.0771
   5     60      -1.6398      -1.3352      -1.8496      -0.9512      -1.6634
                 -1.4933      -2.1428      -0.3921      -1.1593      -1.1570
                 -0.9735      -1.8626      -1.9726      -1.0599      -1.2933
                 -2.2475      -2.6670      -1.0093      -2.6420      -1.3762
                 -0.9972      -0.8431      -1.5461      -1.1367      -1.0767
   5     80      -1.6370      -1.3327      -1.8463      -0.9478      -1.6610
                 -1.4909      -2.1404      -0.3881      -1.1562      -1.1543
                 -0.9701      -1.8601      -1.9703      -1.0575      -1.2908
                 -2.2450      -2.6646      -1.0060      -2.6398      -1.3734
                 -0.9940      -0.8405      -1.5425      -1.1329      -1.0740
   5    100      -1.6330      -1.3295      -1.8411      -0.9423      -1.6579
                 -1.4877      -2.1370      -0.3810      -1.1516      -1.1503
                 -0.9646      -1.8568      -1.9675      -1.0542      -1.2874
                 -2.2417      -2.6616      -1.0008      -2.6371      -1.3693
                 -0.9888      -0.8369      -1.5369      -1.1268      -1.0699
 
 group  inft   Estimated free energy: 3-th solvent contribution (kcal/mol)
   1      0     -15.2543     -14.9889     -14.6842     -15.6625     -14.4095
                -14.4423     -14.4506     -15.9304     -14.8142     -15.2512
                -15.3301     -14.2409     -14.1569     -15.7404     -15.0766
                -14.2429     -13.4260     -15.1702     -13.3345     -15.3482
                -15.8901     -15.2700     -15.4725     -15.5735     -16.0635
   1     60     -15.2849     -15.0195     -14.7150     -15.6929     -14.4403
                -14.4731     -14.4816     -15.9609     -14.8446     -15.2820
                -15.3608     -14.2717     -14.1876     -15.7712     -15.1072
                -14.2738     -13.4567     -15.2006     -13.3655     -15.3791
                -15.9207     -15.3009     -15.5031     -15.6044     -16.0942
   1     80     -15.5997     -15.3342     -15.0301     -16.0067     -14.7553
                -14.7886     -14.7979     -16.2750     -15.1587     -15.5975
                -15.6756     -14.5875     -14.5028     -16.0866     -15.4227
                -14.5890     -13.7714     -15.5143     -13.6822     -15.6955
                -16.2354     -15.6172     -15.8183     -15.9207     -16.4095
   1    100     -16.7591     -16.4928     -16.1865     -17.1652     -15.9131
                -15.9474     -15.9564     -17.4333     -16.3164     -16.7559
                -16.8351     -15.7460     -15.6594     -17.2475     -16.5820
                -15.7461     -14.9276     -16.6717     -14.8408     -16.8582
                -17.3954     -16.7804     -16.9797     -17.0836     -17.5695
   2      0     -15.2530     -14.9939     -14.6899     -15.6693     -14.4165
                -14.4447     -14.4556     -15.9306     -14.8182     -15.2539
                -15.3283     -14.2434     -14.1536     -15.7380     -15.0761
                -14.2466     -13.4288     -15.1738     -13.3380     -15.3534
                -15.8889     -15.2687     -15.4696     -15.5737     -16.0670
   3      0     -15.2684     -15.0058     -14.6999     -15.6849     -14.4268
                -14.4564     -14.4704     -15.9479     -14.8356     -15.2667
                -15.3359     -14.2544     -14.1634     -15.7520     -15.0932
                -14.2562     -13.4415     -15.1878     -13.3519     -15.3636
                -15.8995     -15.2840     -15.4823     -15.5838     -16.0756
   4      0     -15.2543     -14.9975     -14.6891     -15.6726     -14.4251
                -14.4499     -14.4602     -15.9311     -14.8273     -15.2470
                -15.3289     -14.2480     -14.1469     -15.7393     -15.0821
                -14.2491     -13.4342     -15.1763     -13.3424     -15.3523
                -15.8855     -15.2743     -15.4637     -15.5692     -16.0532
   5      0     -15.2579     -14.9934     -14.6888     -15.6730     -14.4195
                -14.4465     -14.4604     -15.9382     -14.8255     -15.2513
                -15.3261     -14.2447     -14.1450     -15.7359     -15.0829
                -14.2475     -13.4275     -15.1740     -13.3350     -15.3511
                -15.8829     -15.2713     -15.4666     -15.5689     -16.0553
   5     60     -15.3000     -15.0355     -14.7312     -15.7149     -14.4618
                -14.4889     -14.5031     -15.9802     -14.8674     -15.2938
                -15.3683     -14.2872     -14.1874     -15.7782     -15.1251
                -14.2899     -13.4697     -15.2159     -13.3777     -15.3937
                -15.9250     -15.3138     -15.5088     -15.6113     -16.0976
   5     80     -15.6961     -15.4315     -15.1274     -16.1102     -14.8581
                -14.8859     -14.9011     -16.3759     -15.2627     -15.6905
                -15.7644     -14.6843     -14.5837     -16.1750     -15.5220
                -14.6863     -13.8653     -15.6108     -13.7758     -15.7917
                -16.3210     -15.7116     -15.9053     -16.0093     -16.4942
   5    100     -16.7644     -16.4996     -16.1934     -17.1790     -15.9249
                -15.9539     -15.9693     -17.4444     -16.3302     -16.7579
                -16.8329     -15.7517     -15.6487     -17.2445     -16.5908
                -15.7521     -14.9295     -16.6779     -14.8432     -16.8633
                -17.3901     -16.7832     -16.9749     -17.0808     -17.5635
 
 
 cumulative average & 95% error for solvation free energy
              total             1st component         2nd component         3rd component
  1   -16.0785     0.0000     0.8453     0.0000    -1.6390     0.0000   -15.2684     0.0000
  2   -16.0704     0.0163     0.5696     0.5513    -1.4866     0.3049   -15.1371     0.2626
  3   -15.9850     0.1710     0.6309     0.3410    -1.6082     0.3002   -14.9914     0.3285
  4   -15.9869     0.1210     0.6380     0.2416    -1.4437     0.3914   -15.1648     0.4174
  5   -15.9493     0.1200     0.5729     0.2280    -1.4887     0.3162   -15.0172     0.4378
  6   -15.9297     0.1056     0.4997     0.2368    -1.4894     0.2582   -14.9237     0.4034
  7   -15.9058     0.1013     0.5530     0.2267    -1.5835     0.2882   -14.8590     0.3647
  8   -15.8785     0.1032     0.5678     0.1986    -1.4349     0.3880   -14.9951     0.4170
  9   -15.8838     0.0917     0.5142     0.2053    -1.4043     0.3476   -14.9774     0.3694
 10   -15.8764     0.0833     0.5261     0.1852    -1.3798     0.3147   -15.0063     0.3355
 11   -15.8912     0.0809     0.5043     0.1730    -1.3429     0.2941   -15.0363     0.3093
 12   -15.9045     0.0785     0.4695     0.1727    -1.3865     0.2823   -14.9711     0.3110
 13   -15.8929     0.0759     0.4641     0.1592    -1.4317     0.2749   -14.9090     0.3119
 14   -15.9107     0.0788     0.4797     0.1507    -1.4049     0.2601   -14.9692     0.3129
 15   -15.9252     0.0789     0.4663     0.1428    -1.3977     0.2426   -14.9774     0.2917
 16   -15.9208     0.0743     0.4787     0.1359    -1.4509     0.2506   -14.9324     0.2874
 17   -15.9252     0.0703     0.4583     0.1340    -1.5225     0.2756   -14.8447     0.3219
 18   -15.9410     0.0735     0.4333     0.1359    -1.4943     0.2659   -14.8637     0.3059
 19   -15.9218     0.0795     0.4339     0.1285    -1.5551     0.2794   -14.7842     0.3302
 20   -15.9255     0.0758     0.4504     0.1263    -1.5464     0.2657   -14.8131     0.3186
 21   -15.9324     0.0734     0.4692     0.1259    -1.5204     0.2580   -14.8649     0.3202
 22   -15.9381     0.0709     0.4514     0.1252    -1.4893     0.2538   -14.8839     0.3077
 23   -15.9381     0.0677     0.4799     0.1326    -1.4918     0.2425   -14.9099     0.2986
 24   -15.9302     0.0668     0.5018     0.1342    -1.4776     0.2339   -14.9380     0.2913
 25   -15.9472     0.0725     0.5142     0.1311    -1.4615     0.2267   -14.9835     0.2939
