 ERmod 0.3.7, Copyright (C) 2000-2019 Nobuyuki Matubayasi
                            2010-2019 Shun Sakuraba
 ERmod comes with ABSOLUTELY NO WARRANTY.
 This is free software, and you can redistribute it
 and/or modify it under certain conditions.
 See LICENSE file for details.
Opening: "/home/hervoe/snic2020-6-15/hervoe/temp/Simulations/KF/1.50/trajectory_sol_full.xtc"...
  Trying plugin "Gromacs XTC Compressed Trajectory"...OK
 ERmod 0.3.7, Copyright (C) 2000-2019 Nobuyuki Matubayasi
                            2010-2019 Shun Sakuraba
 ERmod comes with ABSOLUTELY NO WARRANTY.
 This is free software, and you can redistribute it
 and/or modify it under certain conditions.
 See LICENSE file for details.
Opening: "/home/hervoe/snic2020-6-15/hervoe/temp/Simulations/KF/1.50/trajectory_ref_full.xtc"...
  Trying plugin "Gromacs XTC Compressed Trajectory"...OK
Opening: "/home/hervoe/snic2020-6-15/hervoe/temp/Simulations/Solute_new/trajectory_solute.xtc"...
  Trying plugin "Gromacs XTC Compressed Trajectory"...OK
Opening: "/home/hervoe/snic2020-6-15/hervoe/temp/Simulations/Solute_new/trajectory_solute.xtc"...
  Trying plugin "Gromacs XTC Compressed Trajectory"...OK
Opening: "/home/hervoe/snic2020-6-15/hervoe/temp/Simulations/Solute_new/trajectory_solute.xtc"...
  Trying plugin "Gromacs XTC Compressed Trajectory"...OK
Opening: "/home/hervoe/snic2020-6-15/hervoe/temp/Simulations/Solute_new/trajectory_solute.xtc"...
  Trying plugin "Gromacs XTC Compressed Trajectory"...OK
Opening: "/home/hervoe/snic2020-6-15/hervoe/temp/Simulations/Solute_new/trajectory_solute.xtc"...
  Trying plugin "Gromacs XTC Compressed Trajectory"...OK
Opening: "/home/hervoe/snic2020-6-15/hervoe/temp/Simulations/Solute_new/trajectory_solute.xtc"...
  Trying plugin "Gromacs XTC Compressed Trajectory"...OK
Opening: "/home/hervoe/snic2020-6-15/hervoe/temp/Simulations/Solute_new/trajectory_solute.xtc"...
  Trying plugin "Gromacs XTC Compressed Trajectory"...OK
Opening: "/home/hervoe/snic2020-6-15/hervoe/temp/Simulations/Solute_new/trajectory_solute.xtc"...
  Trying plugin "Gromacs XTC Compressed Trajectory"...OK
Opening: "/home/hervoe/snic2020-6-15/hervoe/temp/Simulations/Solute_new/trajectory_solute.xtc"...
  Trying plugin "Gromacs XTC Compressed Trajectory"...OK
Opening: "/home/hervoe/snic2020-6-15/hervoe/temp/Simulations/Solute_new/trajectory_solute.xtc"...
  Trying plugin "Gromacs XTC Compressed Trajectory"...OK
 
  Number of the   1-th solvent  =           27
  Number of the   2-th solvent  =           27
  Number of the   3-th solvent  =         1000
 
  Be sure that the solvent distribution is homogeneous (radial distribution function is essentially unity) when the solvent molecule is separated beyond distance of   10.0 Angstrom in any direction from any atom within the solute molecule
 
  LJ long-range correction    =        -0.0248     -0.0229     -0.9040
 
  Self-energy of the solute   =        -0.0166  kcal/mol
 
 
 cumulative average & 95% error for solvation energy
              total             1st component         2nd component         3rd component
  1   -59.9076                3.0274               -5.7535              -57.1649
  2   -59.8535     0.1081     2.6110     0.8328    -5.7020     0.1031   -56.7459     0.8379
  3   -59.7621     0.1931     2.5250     0.5106    -5.5188     0.3710   -56.7518     0.4839
  4   -59.8044     0.1606     2.3216     0.5440    -5.2572     0.5854   -56.8523     0.3968
  5   -59.8914     0.2138     2.2544     0.4423    -5.1201     0.5299   -57.0091     0.4392
  6   -59.8996     0.1753     2.2304     0.3643    -4.8380     0.7110   -57.2755     0.6422
  7   -59.8970     0.1483     2.1101     0.3908    -4.7507     0.6257   -57.2397     0.5475
  8   -59.8912     0.1289     1.9201     0.5088    -4.5283     0.7011   -57.2664     0.4771
  9   -59.8821     0.1151     1.8703     0.4597    -4.7069     0.7141   -57.0289     0.6345
 10   -59.8828     0.1030     1.8823     0.4118    -4.6580     0.6461   -57.0905     0.5807
 11   -59.8851     0.0933     1.7826     0.4225    -4.4243     0.7484   -57.2268     0.5918
 12   -59.8897     0.0857     1.8631     0.4180    -4.6425     0.8107   -57.0937     0.6022
 13   -59.8691     0.0889     2.0055     0.4785    -4.8358     0.8399   -57.0223     0.5721
 14   -59.8821     0.0863     1.9643     0.4506    -4.7782     0.7861   -57.0517     0.5329
 15   -59.8961     0.0851     1.9990     0.4252    -4.7768     0.7318   -57.1017     0.5061
 16   -59.8981     0.0797     2.0176     0.3994    -4.8346     0.6943   -57.0645     0.4792
 17   -59.9065     0.0767     1.8505     0.5024    -4.6592     0.7406   -57.0813     0.4514
 18   -59.9190     0.0765     1.8852     0.4787    -4.7123     0.7063   -57.0754     0.4258
 19   -59.9260     0.0737     1.8378     0.4626    -4.6293     0.6884   -57.1180     0.4117
 20   -59.9226     0.0703     1.8566     0.4405    -4.6833     0.6620   -57.0793     0.3981
 21   -59.9232     0.0669     1.9058     0.4304    -4.7496     0.6434   -57.0629     0.3801
 22   -59.9155     0.0656     1.9454     0.4180    -4.8244     0.6315   -57.0200     0.3725
 23   -59.9181     0.0629     1.9123     0.4048    -4.7697     0.6133   -57.0442     0.3592
 24   -59.9103     0.0622     1.9024     0.3881    -4.7394     0.5903   -57.0566     0.3448
 25   -59.8993     0.0636     1.9138     0.3729    -4.7134     0.5685   -57.0832     0.3349
 
 
 group  inft  solvation free energy     error          difference
  total solvation free energy
   1      0        -15.14023           0.09947           0.01567
   1     60        -15.17259           0.09949          -0.01669
   1     80        -15.51676           0.09962          -0.36086
   1    100        -16.77843           0.09995          -1.62253
   2      0        -15.14488           0.10162           0.01102
   3      0        -15.15590           0.10186           0.00000
   4      0        -15.15168           0.10246           0.00422
   5      0        -15.14586           0.10247           0.01004
   5     60        -15.19143           0.10248          -0.03554
   5     80        -15.62727           0.10265          -0.47138
   5    100        -16.78999           0.10308          -1.63409
 
  contribution from  1-th solvent component
   1      0          2.13097           0.16653           0.00600
   1     60          2.13289           0.16652           0.00792
   1     80          2.13994           0.16645           0.01497
   1    100          2.14181           0.16653           0.01684
   2      0          2.12743           0.16523           0.00246
   3      0          2.12497           0.16478           0.00000
   4      0          2.12335           0.16448          -0.00162
   5      0          2.12327           0.16520          -0.00169
   5     60          2.12514           0.16518           0.00018
   5     80          2.13195           0.16510           0.00698
   5    100          2.13259           0.16517           0.00762
 
  contribution from  2-th solvent component
   1      0         -3.12632           0.29641          -0.00160
   1     60         -3.12687           0.29641          -0.00214
   1     80         -3.13084           0.29650          -0.00612
   1    100         -3.15288           0.29678          -0.02816
   2      0         -3.12514           0.29438          -0.00041
   3      0         -3.12472           0.29319           0.00000
   4      0         -3.12594           0.29265          -0.00121
   5      0         -3.12398           0.29266           0.00074
   5     60         -3.12441           0.29266           0.00031
   5     80         -3.13042           0.29275          -0.00570
   5    100         -3.15173           0.29293          -0.02700
 
  contribution from  3-th solvent component
   1      0        -14.12831           0.16931           0.01127
   1     60        -14.16204           0.16932          -0.02247
   1     80        -14.50929           0.16951          -0.36971
   1    100        -15.75079           0.17036          -1.61121
   2      0        -14.13061           0.16885           0.00897
   3      0        -14.13958           0.16880           0.00000
   4      0        -14.13252           0.16798           0.00705
   5      0        -14.12858           0.16874           0.01100
   5     60        -14.17560           0.16876          -0.03602
   5     80        -14.61223           0.16902          -0.47265
   5    100        -15.75429           0.16982          -1.61471
 
 
 group  inft   Estimated free energy: total (kcal/mol)
   1      0     -15.2975     -15.1172     -15.0757     -14.9671     -15.6190
                -15.1319     -15.1278     -14.5805     -15.2438     -15.0814
                -15.0452     -15.3255     -14.9218     -15.3499     -15.3956
                -15.1336     -14.9498     -15.6263     -15.0606     -15.1120
                -15.3402     -15.3978     -15.0058     -14.9256     -14.6740
   1     60     -15.3302     -15.1496     -15.1082     -14.9995     -15.6514
                -15.1643     -15.1600     -14.6127     -15.2761     -15.1136
                -15.0778     -15.3578     -14.9540     -15.3822     -15.4279
                -15.1660     -14.9820     -15.6586     -15.0927     -15.1444
                -15.3729     -15.4303     -15.0383     -14.9579     -14.7062
   1     80     -15.6767     -15.4941     -15.4519     -15.3446     -15.9962
                -15.5087     -15.5020     -14.9553     -15.6199     -15.4572
                -15.4241     -15.7010     -15.2973     -15.7272     -15.7717
                -15.5116     -15.3257     -16.0015     -15.4336     -15.4895
                -15.7186     -15.7751     -15.3845     -15.3015     -15.0493
   1    100     -16.9440     -16.7580     -16.7087     -16.6088     -17.2619
                -16.7708     -16.7591     -16.2141     -16.8775     -16.7184
                -16.6940     -16.9603     -16.5567     -16.9929     -17.0354
                -16.7786     -16.5864     -17.2600     -16.6843     -16.7539
                -16.9808     -17.0353     -16.6517     -16.5604     -16.3088
   2      0     -15.3083     -15.1188     -15.0822     -14.9650     -15.6256
                -15.1571     -15.1381     -14.5507     -15.2529     -15.0771
                -15.0532     -15.3166     -14.9425     -15.3633     -15.3923
                -15.1339     -14.9676     -15.6303     -15.0766     -15.1153
                -15.3595     -15.4045     -14.9981     -14.9483     -14.6444
   3      0     -15.3125     -15.1277     -15.0956     -14.9736     -15.6513
                -15.1798     -15.1479     -14.5614     -15.2708     -15.0886
                -15.0709     -15.3292     -14.9518     -15.3841     -15.4118
                -15.1415     -14.9660     -15.6495     -15.0809     -15.1095
                -15.3652     -15.3788     -15.0244     -14.9631     -14.6612
   4      0     -15.3178     -15.1197     -15.0891     -14.9644     -15.6425
                -15.1658     -15.1467     -14.5551     -15.2685     -15.0866
                -15.0480     -15.3154     -14.9549     -15.3859     -15.3936
                -15.1482     -14.9706     -15.6522     -15.0907     -15.1130
                -15.3592     -15.3962     -15.0034     -14.9525     -14.6522
   5      0     -15.3039     -15.1093     -15.0822     -14.9664     -15.6331
                -15.1843     -15.1324     -14.5481     -15.2643     -15.0767
                -15.0505     -15.3227     -14.9355     -15.3725     -15.3953
                -15.1261     -14.9651     -15.6472     -15.0822     -15.1044
                -15.3631     -15.3761     -15.0130     -14.9481     -14.6440
   5     60     -15.3498     -15.1549     -15.1279     -15.0120     -15.6786
                -15.2299     -15.1778     -14.5936     -15.3098     -15.1222
                -15.0963     -15.3682     -14.9810     -15.4181     -15.4408
                -15.1718     -15.0107     -15.6926     -15.1273     -15.1502
                -15.4088     -15.4220     -15.0588     -14.9935     -14.6894
   5     80     -15.7887     -15.5915     -15.5632     -15.4486     -16.1156
                -15.6658     -15.6118     -15.0276     -15.7453     -15.5574
                -15.5348     -15.8026     -15.4166     -15.8552     -15.8766
                -15.6094     -15.4460     -16.1270     -15.5585     -15.5873
                -15.8453     -15.8586     -15.4968     -15.4282     -15.1234
   5    100     -16.9565     -16.7561     -16.7214     -16.6131     -17.2827
                -16.8298     -16.7714     -16.1863     -16.9048     -16.7189
                -16.7054     -16.9622     -16.5784     -17.0222     -17.0416
                -16.7771     -16.6081     -17.2874     -16.7114     -16.7517
                -17.0089     -17.0190     -16.6647     -16.5885     -16.2822
 
 group  inft   Estimated free energy: 1-th solvent contribution (kcal/mol)
   1      0       2.5018       2.2663       2.3550       2.1144       2.0188
                  2.2616       2.0356       1.9565       1.7945       2.2745
                  1.6183       2.4430       3.2421       1.7663       2.3187
                  2.2713       0.8909       2.0547       1.8248       2.1393
                  2.3963       2.1777       1.8706       2.1148       2.5667
   1     60       2.5034       2.2682       2.3570       2.1163       2.0206
                  2.2635       2.0377       1.9586       1.7963       2.2766
                  1.6202       2.4449       3.2440       1.7683       2.3206
                  2.2732       0.8930       2.0567       1.8268       2.1411
                  2.3979       2.1796       1.8725       2.1166       2.5688
   1     80       2.5087       2.2752       2.3645       2.1232       2.0264
                  2.2706       2.0455       1.9671       1.8022       2.2845
                  1.6262       2.4521       3.2505       1.7758       2.3279
                  2.2794       0.9011       2.0642       1.8347       2.1474
                  2.4040       2.1871       1.8792       2.1236       2.5773
   1    100       2.5077       2.2748       2.3685       2.1241       2.0246
                  2.2728       2.0480       1.9738       1.8021       2.2881
                  1.6231       2.4534       3.2525       1.7768       2.3291
                  2.2777       0.9039       2.0659       1.8413       2.1479
                  2.4069       2.1898       1.8799       2.1288       2.5837
   2      0       2.4827       2.2703       2.3502       2.1080       2.0182
                  2.2581       2.0472       1.9633       1.7837       2.2691
                  1.6247       2.4454       3.2212       1.7596       2.3237
                  2.2670       0.8910       2.0629       1.8198       2.1199
                  2.3841       2.1685       1.8770       2.1001       2.5703
   3      0       2.4851       2.2657       2.3427       2.1105       2.0034
                  2.2518       2.0388       1.9785       1.7711       2.2659
                  1.6233       2.4386       3.2188       1.7417       2.3176
                  2.2644       0.9035       2.0529       1.8214       2.1274
                  2.3793       2.1983       1.8623       2.0979       2.5632
   4      0       2.4720       2.2666       2.3398       2.1102       2.0022
                  2.2603       2.0416       1.9700       1.7667       2.2583
                  1.6304       2.4400       3.2149       1.7433       2.3299
                  2.2638       0.9003       2.0510       1.8154       2.1181
                  2.3773       2.1726       1.8801       2.0932       2.5656
   5      0       2.4812       2.2687       2.3412       2.1034       2.0057
                  2.2493       2.0470       1.9768       1.7622       2.2673
                  1.6292       2.4362       3.2211       1.7432       2.3233
                  2.2677       0.8954       2.0496       1.8172       2.1239
                  2.3666       2.1857       1.8623       2.0905       2.5671
   5     60       2.4827       2.2705       2.3431       2.1053       2.0074
                  2.2513       2.0489       1.9788       1.7640       2.2692
                  1.6311       2.4380       3.2228       1.7453       2.3251
                  2.2696       0.8974       2.0515       1.8193       2.1256
                  2.3684       2.1875       1.8643       2.0923       2.5691
   5     80       2.4872       2.2768       2.3504       2.1119       2.0127
                  2.2584       2.0564       1.9873       1.7690       2.2769
                  1.6367       2.4450       3.2285       1.7521       2.3321
                  2.2753       0.9053       2.0589       1.8280       2.1311
                  2.3753       2.1944       1.8709       2.1000       2.5778
   5    100       2.4848       2.2753       2.3529       2.1114       2.0101
                  2.2592       2.0577       1.9928       1.7670       2.2793
                  1.6328       2.4450       3.2288       1.7514       2.3325
                  2.2725       0.9069       2.0597       1.8334       2.1304
                  2.3770       2.1961       1.8705       2.1042       2.5830
 
 group  inft   Estimated free energy: 2-th solvent contribution (kcal/mol)
   1      0      -3.6221      -3.6361      -3.5331      -2.9023      -3.1961
                 -2.5055      -3.0244      -2.1583      -3.8606      -2.9427
                 -1.7987      -4.3435      -4.4127      -2.8083      -3.1764
                 -3.5399      -1.5666      -3.6028      -2.3157      -3.4560
                 -3.7801      -4.0256      -2.5081      -2.6964      -2.7464
   1     60      -3.6226      -3.6366      -3.5337      -2.9029      -3.1966
                 -2.5060      -3.0249      -2.1588      -3.8611      -2.9432
                 -1.7992      -4.3440      -4.4132      -2.8089      -3.1769
                 -3.5404      -1.5672      -3.6034      -2.3161      -3.4566
                 -3.7806      -4.0262      -2.5086      -2.6969      -2.7469
   1     80      -3.6270      -3.6406      -3.5378      -2.9076      -3.2004
                 -2.5092      -3.0278      -2.1623      -3.8656      -2.9473
                 -1.8028      -4.3479      -4.4169      -2.8133      -3.1810
                 -3.5447      -1.5714      -3.6071      -2.3177      -3.4616
                 -3.7853      -4.0306      -2.5131      -2.7007      -2.7512
   1    100      -3.6510      -3.6627      -3.5607      -2.9316      -3.2222
                 -2.5285      -3.0468      -2.1839      -3.8890      -2.9707
                 -1.8229      -4.3693      -4.4385      -2.8356      -3.2027
                 -3.5677      -1.5931      -3.6277      -2.3333      -3.4866
                 -3.8093      -4.0540      -2.5366      -2.7229      -2.7747
   2      0      -3.6137      -3.6358      -3.5312      -2.8962      -3.1966
                 -2.5293      -3.0296      -2.1485      -3.8600      -2.9325
                 -1.8197      -4.3355      -4.4025      -2.8090      -3.1712
                 -3.5316      -1.5833      -3.6070      -2.3207      -3.4437
                 -3.7777      -4.0225      -2.5036      -2.6992      -2.7280
   3      0      -3.6089      -3.6336      -3.5281      -2.8983      -3.1983
                 -2.5355      -3.0299      -2.1570      -3.8524      -2.9315
                 -1.8263      -4.3313      -4.4011      -2.8098      -3.1760
                 -3.5271      -1.5842      -3.6088      -2.3218      -3.4349
                 -3.7729      -4.0174      -2.5050      -2.7012      -2.7267
   4      0      -3.6080      -3.6272      -3.5318      -2.8982      -3.1939
                 -2.5413      -3.0322      -2.1567      -3.8502      -2.9331
                 -1.8233      -4.3262      -4.4035      -2.8157      -3.1861
                 -3.5297      -1.5887      -3.6133      -2.3294      -3.4366
                 -3.7694      -4.0160      -2.5095      -2.6999      -2.7282
   5      0      -3.6043      -3.6320      -3.5269      -2.8958      -3.1947
                 -2.5445      -3.0328      -2.1551      -3.8504      -2.9304
                 -1.8250      -4.3336      -4.3969      -2.8102      -3.1796
                 -3.5221      -1.5857      -3.6113      -2.3287      -3.4347
                 -3.7676      -4.0112      -2.5028      -2.6983      -2.7250
   5     60      -3.6048      -3.6324      -3.5273      -2.8963      -3.1951
                 -2.5448      -3.0332      -2.1555      -3.8508      -2.9308
                 -1.8255      -4.3340      -4.3973      -2.8106      -3.1800
                 -3.5225      -1.5862      -3.6117      -2.3289      -3.4353
                 -3.7680      -4.0116      -2.5033      -2.6988      -2.7255
   5     80      -3.6114      -3.6384      -3.5334      -2.9031      -3.2010
                 -2.5500      -3.0381      -2.1612      -3.8574      -2.9370
                 -1.8311      -4.3398      -4.4030      -2.8170      -3.1861
                 -3.5289      -1.5925      -3.6174      -2.3321      -3.4424
                 -3.7748      -4.0182      -2.5099      -2.7047      -2.7318
   5    100      -3.6342      -3.6596      -3.5555      -2.9258      -3.2223
                 -2.5696      -3.0569      -2.1820      -3.8801      -2.9590
                 -1.8512      -4.3602      -4.4238      -2.8387      -3.2073
                 -3.5509      -1.6140      -3.6375      -2.3480      -3.4660
                 -3.7978      -4.0403      -2.5324      -2.7264      -2.7537
 
 group  inft   Estimated free energy: 3-th solvent contribution (kcal/mol)
   1      0     -14.1607     -13.7308     -13.8810     -14.1626     -14.4252
                -14.8714     -14.1225     -14.3621     -13.1612     -14.3967
                -14.8483     -13.4085     -13.7346     -14.2913     -14.5214
                -13.8484     -14.2575     -14.0617     -14.5532     -13.7787
                -13.9398     -13.5333     -14.3518     -14.3274     -14.4778
   1     60     -14.1944     -13.7646     -13.9149     -14.1964     -14.4588
                -14.9053     -14.1562     -14.3959     -13.1947     -14.4305
                -14.8822     -13.4421     -13.7682     -14.3251     -14.5550
                -13.8822     -14.2913     -14.0953     -14.5868     -13.8123
                -13.9736     -13.5672     -14.3857     -14.3610     -14.5115
   1     80     -14.5418     -14.1121     -14.2621     -14.5436     -14.8056
                -15.2536     -14.5031     -14.7436     -13.5399     -14.7779
                -15.2309     -13.7887     -14.1143     -14.6731     -14.9020
                -14.2297     -14.6388     -14.4420     -14.9341     -14.1588
                -14.3207     -13.9150     -14.7341     -14.7078     -14.8588
   1    100     -15.7842     -15.3535     -15.4999     -15.7848     -16.0477
                -16.4985     -15.7437     -15.9873     -14.7739     -16.0192
                -16.4776     -15.0279     -15.3542     -15.9176     -16.1453
                -15.4721     -15.8806     -15.6817     -16.1758     -15.3986
                -15.5619     -15.1545     -15.9784     -15.9497     -16.1012
   2      0     -14.1607     -13.7367     -13.8846     -14.1603     -14.4307
                -14.8693     -14.1392     -14.3489     -13.1600     -14.3972
                -14.8417     -13.4099     -13.7446     -14.2973     -14.5282
                -13.8528     -14.2588     -14.0697     -14.5590     -13.7750
                -13.9494     -13.5339     -14.3549     -14.3326     -14.4702
   3      0     -14.1721     -13.7432     -13.8937     -14.1692     -14.4399
                -14.8796     -14.1403     -14.3664     -13.1729     -14.4065
                -14.8514     -13.4198     -13.7530     -14.2994     -14.5369
                -13.8622     -14.2688     -14.0771     -14.5639     -13.7854
                -13.9551     -13.5432     -14.3651     -14.3432     -14.4812
   4      0     -14.1653     -13.7424     -13.8805     -14.1599     -14.4342
                -14.8683     -14.1396     -14.3518     -13.1684     -14.3952
                -14.8384     -13.4126     -13.7496     -14.2970     -14.5209
                -13.8657     -14.2656     -14.0732     -14.5601     -13.7779
                -13.9505     -13.5362     -14.3574     -14.3292     -14.4731
   5      0     -14.1642     -13.7294     -13.8799     -14.1575     -14.4275
                -14.8725     -14.1300     -14.3532     -13.1596     -14.3970
                -14.8381     -13.4088     -13.7431     -14.2890     -14.5225
                -13.8552     -14.2583     -14.0689     -14.5541     -13.7770
                -13.9456     -13.5340     -14.3559     -14.3237     -14.4695
   5     60     -14.2112     -13.7765     -13.9271     -14.2045     -14.4743
                -14.9197     -14.1770     -14.4003     -13.2064     -14.4441
                -14.8853     -13.4557     -13.7899     -14.3361     -14.5694
                -13.9023     -14.3054     -14.1158     -14.6011     -13.8239
                -13.9926     -13.5813     -14.4032     -14.3705     -14.5164
   5     80     -14.6480     -14.2134     -14.3636     -14.6409     -14.9107
                -15.3576     -14.6135     -14.8372     -13.6404     -14.8808
                -15.3238     -13.8913     -14.2255     -14.7737     -15.0060
                -14.3393     -14.7423     -14.5520     -15.0379     -14.2594
                -14.4293     -14.0183     -14.8413     -14.8069     -14.9528
   5    100     -15.7906     -15.3552     -15.5023     -15.7821     -16.0538
                -16.5028     -15.7556     -15.9806     -14.7753     -16.0226
                -16.4704     -15.0305     -15.3668     -15.9183     -16.1501
                -15.4822     -15.8845     -15.6930     -16.1803     -15.3995
                -15.5716     -15.1582     -15.9862     -15.9498     -16.0949
 
 
 cumulative average & 95% error for solvation free energy
              total             1st component         2nd component         3rd component
  1   -15.3125     0.0000     2.4851     0.0000    -3.6089     0.0000   -14.1721     0.0000
  2   -15.2201     0.1848     2.3754     0.2194    -3.6212     0.0248   -13.9576     0.4289
  3   -15.1786     0.1351     2.3645     0.1285    -3.5902     0.0637   -13.9363     0.2513
  4   -15.1274     0.1401     2.3010     0.1562    -3.4172     0.3489   -13.9945     0.2124
  5   -15.2321     0.2360     2.2415     0.1697    -3.3734     0.2841   -14.0836     0.2425
  6   -15.2234     0.1935     2.2432     0.1386    -3.2338     0.3631   -14.2163     0.3311
  7   -15.2126     0.1649     2.2140     0.1309    -3.2046     0.3123   -14.2054     0.2806
  8   -15.1312     0.2166     2.1846     0.1277    -3.0737     0.3765   -14.2255     0.2463
  9   -15.1467     0.1935     2.1386     0.1454    -3.1602     0.3744   -14.1086     0.3193
 10   -15.1409     0.1735     2.1513     0.1325    -3.1373     0.3380   -14.1384     0.2917
 11   -15.1346     0.1574     2.1033     0.1536    -3.0182     0.3877   -14.2032     0.2940
 12   -15.1508     0.1473     2.1313     0.1509    -3.1276     0.4161   -14.1379     0.2984
 13   -15.1355     0.1389     2.2149     0.2174    -3.2256     0.4300   -14.1083     0.2808
 14   -15.1532     0.1334     2.1811     0.2123    -3.1959     0.4025   -14.1220     0.2614
 15   -15.1705     0.1289     2.1902     0.1985    -3.1945     0.3747   -14.1496     0.2496
 16   -15.1687     0.1207     2.1949     0.1859    -3.2153     0.3530   -14.1317     0.2362
 17   -15.1567     0.1158     2.1189     0.2315    -3.1194     0.3831   -14.1397     0.2225
 18   -15.1841     0.1221     2.1152     0.2184    -3.1466     0.3653   -14.1362     0.2099
 19   -15.1787     0.1161     2.0998     0.2088    -3.1032     0.3562   -14.1588     0.2036
 20   -15.1752     0.1103     2.1012     0.1981    -3.1197     0.3396   -14.1401     0.1967
 21   -15.1843     0.1065     2.1144     0.1903    -3.1508     0.3289   -14.1313     0.1879
 22   -15.1931     0.1031     2.1182     0.1816    -3.1902     0.3234   -14.1045     0.1870
 23   -15.1858     0.0996     2.1071     0.1750    -3.1604     0.3147   -14.1159     0.1801
 24   -15.1765     0.0971     2.1067     0.1675    -3.1413     0.3037   -14.1253     0.1735
 25   -15.1559     0.1019     2.1250     0.1648    -3.1247     0.2932   -14.1396     0.1688
