 ERmod 0.3.7, Copyright (C) 2000-2019 Nobuyuki Matubayasi
                            2010-2019 Shun Sakuraba
 ERmod comes with ABSOLUTELY NO WARRANTY.
 This is free software, and you can redistribute it
 and/or modify it under certain conditions.
 See LICENSE file for details.
Opening: "/home/hervoe/snic2020-6-15/hervoe/Caffeine_solubility/Simulations/opls_simulations/KF/0.50/trajectory_sol_full.xtc"...
  Trying plugin "Gromacs XTC Compressed Trajectory"...OK
 ERmod 0.3.7, Copyright (C) 2000-2019 Nobuyuki Matubayasi
                            2010-2019 Shun Sakuraba
 ERmod comes with ABSOLUTELY NO WARRANTY.
 This is free software, and you can redistribute it
 and/or modify it under certain conditions.
 See LICENSE file for details.
Opening: "/home/hervoe/snic2020-6-15/hervoe/Caffeine_solubility/Simulations/opls_simulations/KF/0.50/trajectory_ref_full.xtc"...
  Trying plugin "Gromacs XTC Compressed Trajectory"...OK
Opening: "/home/hervoe/snic2020-6-15/hervoe/Caffeine_solubility/Simulations/opls_simulations/Solute/trajectory_solute.xtc"...
  Trying plugin "Gromacs XTC Compressed Trajectory"...OK
Opening: "/home/hervoe/snic2020-6-15/hervoe/Caffeine_solubility/Simulations/opls_simulations/Solute/trajectory_solute.xtc"...
  Trying plugin "Gromacs XTC Compressed Trajectory"...OK
Opening: "/home/hervoe/snic2020-6-15/hervoe/Caffeine_solubility/Simulations/opls_simulations/Solute/trajectory_solute.xtc"...
  Trying plugin "Gromacs XTC Compressed Trajectory"...OK
Opening: "/home/hervoe/snic2020-6-15/hervoe/Caffeine_solubility/Simulations/opls_simulations/Solute/trajectory_solute.xtc"...
  Trying plugin "Gromacs XTC Compressed Trajectory"...OK
Opening: "/home/hervoe/snic2020-6-15/hervoe/Caffeine_solubility/Simulations/opls_simulations/Solute/trajectory_solute.xtc"...
  Trying plugin "Gromacs XTC Compressed Trajectory"...OK
Opening: "/home/hervoe/snic2020-6-15/hervoe/Caffeine_solubility/Simulations/opls_simulations/Solute/trajectory_solute.xtc"...
  Trying plugin "Gromacs XTC Compressed Trajectory"...OK
Opening: "/home/hervoe/snic2020-6-15/hervoe/Caffeine_solubility/Simulations/opls_simulations/Solute/trajectory_solute.xtc"...
  Trying plugin "Gromacs XTC Compressed Trajectory"...OK
Opening: "/home/hervoe/snic2020-6-15/hervoe/Caffeine_solubility/Simulations/opls_simulations/Solute/trajectory_solute.xtc"...
  Trying plugin "Gromacs XTC Compressed Trajectory"...OK
Opening: "/home/hervoe/snic2020-6-15/hervoe/Caffeine_solubility/Simulations/opls_simulations/Solute/trajectory_solute.xtc"...
  Trying plugin "Gromacs XTC Compressed Trajectory"...OK
Opening: "/home/hervoe/snic2020-6-15/hervoe/Caffeine_solubility/Simulations/opls_simulations/Solute/trajectory_solute.xtc"...
  Trying plugin "Gromacs XTC Compressed Trajectory"...OK
 
  Number of the   1-th solvent  =            9
  Number of the   2-th solvent  =            9
  Number of the   3-th solvent  =         1000
 
  Be sure that the solvent distribution is homogeneous (radial distribution function is essentially unity) when the solvent molecule is separated beyond distance of   10.0 Angstrom in any direction from any atom within the solute molecule
 
  LJ long-range correction    =        -0.0131     -0.0016     -1.0478
 
  Self-energy of the solute   =        -0.0400  kcal/mol
 
 
 cumulative average & 95% error for solvation energy
              total             1st component         2nd component         3rd component
  1   -49.9870                1.7272               -0.9290              -50.7453
  2   -50.0789     0.1837     0.3131     2.8283    -0.3882     1.0816   -49.9638     1.5630
  3   -50.0768     0.1061     0.5138     1.6815    -1.0087     1.3893   -49.5419     1.2355
  4   -50.0085     0.1558     0.5459     1.1907    -1.4193     1.2805   -49.0951     1.2497
  5   -49.9897     0.1264     0.3203     1.0268    -1.7016     1.1412   -48.5684     1.4307
  6   -49.9972     0.1043     0.4783     0.8960    -1.5181     1.0015   -48.9175     1.3609
  7   -50.0188     0.0982     0.2208     0.9157    -1.3688     0.8975   -48.8308     1.1632
  8   -50.0332     0.0897     0.3707     0.8478    -1.4808     0.8089   -48.8830     1.0127
  9   -50.0398     0.0802     0.3557     0.7483    -1.6286     0.7721   -48.7270     0.9461
 10   -50.0295     0.0747     0.3154     0.6741    -1.5401     0.7129   -48.7649     0.8496
 11   -50.0151     0.0734     0.2554     0.6215    -1.4060     0.6984   -48.8245     0.7777
 12   -50.0070     0.0689     0.2120     0.5739    -1.3753     0.6405   -48.8038     0.7111
 13   -49.9920     0.0702     0.3281     0.5767    -1.4506     0.6081   -48.8295     0.6562
 14   -49.9836     0.0671     0.3825     0.5449    -1.3488     0.5987   -48.9774     0.6757
 15   -49.9892     0.0635     0.3287     0.5186    -1.3641     0.5582   -48.9138     0.6417
 16   -49.9958     0.0608     0.3188     0.4855    -1.4520     0.5509   -48.8226     0.6274
 17   -50.0041     0.0595     0.3638     0.4648    -1.5529     0.5555   -48.7750     0.5970
 18   -50.0012     0.0564     0.3545     0.4386    -1.5804     0.5266   -48.7354     0.5684
 19   -50.0007     0.0533     0.3331     0.4171    -1.5619     0.4995   -48.7318     0.5377
 20   -50.0141     0.0573     0.3190     0.3967    -1.5076     0.4861   -48.7856     0.5213
 21   -50.0128     0.0546     0.2314     0.4160    -1.5616     0.4748   -48.6426     0.5724
 22   -50.0058     0.0538     0.2322     0.3967    -1.5810     0.4544   -48.6170     0.5481
 23   -50.0060     0.0515     0.2898     0.3962    -1.6018     0.4362   -48.6540     0.5290
 24   -50.0039     0.0494     0.2604     0.3839    -1.5707     0.4222   -48.6537     0.5064
 25   -50.0101     0.0490     0.3233     0.3891    -1.5784     0.4053   -48.7151     0.5010
 
 
 group  inft  solvation free energy     error          difference
  total solvation free energy
   1      0        -11.30904           0.08582           0.00039
   1     60        -11.33747           0.08583          -0.02804
   1     80        -11.65317           0.08600          -0.34373
   1    100        -12.85579           0.08650          -1.54635
   2      0        -11.30402           0.09002           0.00542
   3      0        -11.30944           0.08955          -0.00000
   4      0        -11.29464           0.09133           0.01479
   5      0        -11.29819           0.09020           0.01125
   5     60        -11.33775           0.09022          -0.02831
   5     80        -11.73783           0.09042          -0.42839
   5    100        -12.84808           0.09081          -1.53864
 
  contribution from  1-th solvent component
   1      0          0.30791           0.21042           0.00245
   1     60          0.30853           0.21042           0.00307
   1     80          0.31530           0.21050           0.00984
   1    100          0.33387           0.21077           0.02842
   2      0          0.30825           0.21399           0.00280
   3      0          0.30546           0.21320          -0.00000
   4      0          0.30555           0.21358           0.00009
   5      0          0.30470           0.21333          -0.00076
   5     60          0.30570           0.21333           0.00025
   5     80          0.31405           0.21344           0.00860
   5    100          0.32987           0.21370           0.02441
 
  contribution from  2-th solvent component
   1      0         -0.86924           0.20970          -0.00442
   1     60         -0.86943           0.20970          -0.00462
   1     80         -0.87109           0.20978          -0.00628
   1    100         -0.87750           0.21007          -0.01269
   2      0         -0.86690           0.20896          -0.00208
   3      0         -0.86482           0.20855           0.00000
   4      0         -0.86397           0.20841           0.00084
   5      0         -0.86212           0.20826           0.00270
   5     60         -0.86233           0.20827           0.00248
   5     80         -0.86449           0.20836           0.00032
   5    100         -0.87099           0.20859          -0.00618
 
  contribution from  3-th solvent component
   1      0        -10.70774           0.24651           0.00237
   1     60        -10.73659           0.24651          -0.02649
   1     80        -11.05740           0.24661          -0.34730
   1    100        -12.27218           0.24707          -1.56208
   2      0        -10.70540           0.24548           0.00470
   3      0        -10.71010           0.24498           0.00000
   4      0        -10.69624           0.24243           0.01386
   5      0        -10.70079           0.24365           0.00931
   5     60        -10.74114           0.24365          -0.03104
   5     80        -11.14741           0.24378          -0.43731
   5    100        -12.26697           0.24417          -1.55687
 
 
 group  inft   Estimated free energy: total (kcal/mol)
   1      0     -11.1215     -11.6139     -11.3710     -11.3608     -11.3950
                -10.6246     -11.6314     -11.6896     -11.2142     -11.2401
                -11.2637     -11.2599     -11.3830     -11.1339     -11.5960
                -11.4107     -11.1569     -11.2474     -11.2529     -11.3746
                -11.3304     -11.4611     -11.2425     -11.1608     -11.1900
   1     60     -11.1499     -11.6424     -11.3995     -11.3890     -11.4234
                -10.6529     -11.6597     -11.7182     -11.2427     -11.2685
                -11.2920     -11.2884     -11.4114     -11.1623     -11.6246
                -11.4392     -11.1855     -11.2758     -11.2814     -11.4030
                -11.3589     -11.4893     -11.2710     -11.1891     -11.2185
   1     80     -11.4656     -11.9595     -11.7161     -11.7019     -11.7387
                -10.9668     -11.9744     -12.0357     -11.5588     -11.5838
                -11.6065     -11.6043     -11.7268     -11.4770     -11.9419
                -11.7562     -11.5024     -11.5903     -11.5986     -11.7181
                -11.6751     -11.8035     -11.5877     -11.5041     -11.5352
   1    100     -12.6691     -13.1676     -12.9217     -12.8954     -12.9405
                -12.1641     -13.1735     -13.2435     -12.7615     -12.7860
                -12.8048     -12.8072     -12.9293     -12.6772     -13.1490
                -12.9636     -12.7087     -12.7896     -12.8060     -12.9177
                -12.8784     -13.0008     -12.7934     -12.7041     -12.7420
   2      0     -11.0647     -11.6175     -11.3821     -11.4202     -11.4191
                -10.5924     -11.6262     -11.6824     -11.1850     -11.2668
                -11.2666     -11.2603     -11.3570     -11.0842     -11.5898
                -11.4146     -11.1140     -11.2496     -11.2698     -11.3772
                -11.3327     -11.4568     -11.2221     -11.1713     -11.1785
   3      0     -11.0835     -11.6180     -11.3782     -11.4229     -11.4202
                -10.5985     -11.6540     -11.6786     -11.2018     -11.2579
                -11.2654     -11.2490     -11.3690     -11.1129     -11.5873
                -11.4198     -11.1214     -11.2583     -11.2613     -11.3844
                -11.3379     -11.4727     -11.2257     -11.1730     -11.1838
   4      0     -11.0514     -11.5989     -11.3675     -11.4223     -11.4153
                -10.5661     -11.6384     -11.6708     -11.1884     -11.2541
                -11.2499     -11.2392     -11.3365     -11.0787     -11.5681
                -11.4210     -11.0853     -11.2540     -11.2457     -11.3558
                -11.3376     -11.4585     -11.2113     -11.1798     -11.1715
   5      0     -11.0662     -11.6031     -11.3659     -11.4225     -11.4067
                -10.5774     -11.6462     -11.6646     -11.1924     -11.2468
                -11.2524     -11.2475     -11.3454     -11.1010     -11.5786
                -11.4228     -11.0969     -11.2531     -11.2463     -11.3538
                -11.3381     -11.4605     -11.2152     -11.1771     -11.1743
   5     60     -11.1059     -11.6428     -11.4057     -11.4617     -11.4461
                -10.6167     -11.6856     -11.7044     -11.2321     -11.2864
                -11.2918     -11.2871     -11.3850     -11.1404     -11.6185
                -11.4625     -11.1367     -11.2925     -11.2860     -11.3933
                -11.3777     -11.4997     -11.2549     -11.2166     -11.2140
   5     80     -11.5061     -12.0447     -11.8070     -11.8583     -11.8453
                -11.0147     -12.0850     -12.1069     -11.6326     -11.6862
                -11.6901     -11.6874     -11.7845     -11.5387     -12.0209
                -11.8643     -11.5379     -11.6911     -11.6882     -11.7925
                -11.7785     -11.8976     -11.6560     -11.6158     -11.6153
   5    100     -12.6175     -13.1596     -12.9198     -12.9612     -12.9542
                -12.1210     -13.1938     -13.2221     -12.7427     -12.7961
                -12.7959     -12.7976     -12.8943     -12.6459     -13.1357
                -12.9785     -12.6501     -12.7985     -12.8035     -12.8998
                -12.8896     -13.0029     -12.7682     -12.7244     -12.7291
 
 group  inft   Estimated free energy: 1-th solvent contribution (kcal/mol)
   1      0       1.0164      -0.5150       0.5761       0.5302      -0.2805
                  1.2063      -0.6453       0.5475       0.4726       0.2033
                  0.0799       0.1235       1.0000       0.6777      -0.2039
                  0.1809       0.7451       0.3171       0.2348       0.1848
                 -0.6633       0.0808       0.9172      -0.0838       0.9952
   1     60       1.0170      -0.5144       0.5767       0.5309      -0.2798
                  1.2071      -0.6446       0.5480       0.4732       0.2038
                  0.0806       0.1241       1.0007       0.6784      -0.2034
                  0.1815       0.7456       0.3178       0.2354       0.1854
                 -0.6626       0.0816       0.9178      -0.0831       0.9958
   1     80       1.0240      -0.5085       0.5824       0.5382      -0.2727
                  1.2156      -0.6378       0.5538       0.4801       0.2099
                  0.0881       0.1310       1.0078       0.6865      -0.1981
                  0.1866       0.7519       0.3255       0.2415       0.1922
                 -0.6561       0.0898       0.9248      -0.0757       1.0019
   1    100       1.0432      -0.4928       0.5970       0.5585      -0.2530
                  1.2401      -0.6190       0.5690       0.4996       0.2262
                  0.1091       0.1505       1.0273       0.7090      -0.1842
                  0.1990       0.7693       0.3471       0.2576       0.2108
                 -0.6384       0.1133       0.9445      -0.0548       1.0181
   2      0       1.0709      -0.5246       0.5504       0.4918      -0.3171
                  1.2196      -0.6250       0.5432       0.4998       0.1848
                  0.0707       0.1223       1.0231       0.7150      -0.2049
                  0.1649       0.7672       0.3207       0.2129       0.1836
                 -0.6780       0.0919       0.9197      -0.0869       0.9905
   3      0       1.0531      -0.5207       0.5559       0.4963      -0.3169
                  1.2191      -0.6366       0.5448       0.4935       0.1895
                  0.0747       0.1262       1.0167       0.6932      -0.2028
                  0.1638       0.7608       0.3190       0.2183       0.1818
                 -0.6797       0.0738       0.9161      -0.0875       0.9840
   4      0       1.0592      -0.5211       0.5503       0.4826      -0.3223
                  1.2276      -0.6336       0.5413       0.4922       0.1820
                  0.0756       0.1257       1.0248       0.6986      -0.1991
                  0.1621       0.7750       0.3162       0.2165       0.1824
                 -0.6757       0.0846       0.9095      -0.0955       0.9799
   5      0       1.0500      -0.5219       0.5561       0.4898      -0.3216
                  1.2266      -0.6366       0.5461       0.4896       0.1862
                  0.0759       0.1252       1.0180       0.6903      -0.2036
                  0.1605       0.7670       0.3167       0.2197       0.1871
                 -0.6796       0.0787       0.9113      -0.0921       0.9783
   5     60       1.0509      -0.5210       0.5569       0.4910      -0.3205
                  1.2278      -0.6356       0.5469       0.4906       0.1870
                  0.0770       0.1262       1.0190       0.6915      -0.2029
                  0.1613       0.7679       0.3178       0.2206       0.1881
                 -0.6786       0.0801       0.9123      -0.0910       0.9792
   5     80       1.0595      -0.5139       0.5638       0.5004      -0.3115
                  1.2386      -0.6271       0.5539       0.4991       0.1945
                  0.0864       0.1349       1.0276       0.7016      -0.1965
                  0.1672       0.7757       0.3275       0.2280       0.1965
                 -0.6708       0.0903       0.9210      -0.0817       0.9864
   5    100       1.0759      -0.5009       0.5761       0.5184      -0.2946
                  1.2599      -0.6111       0.5665       0.5159       0.2085
                  0.1048       0.1518       1.0439       0.7207      -0.1852
                  0.1771       0.7906       0.3463       0.2417       0.2124
                 -0.6562       0.1100       0.9380      -0.0637       0.9995
 
 group  inft   Estimated free energy: 2-th solvent contribution (kcal/mol)
   1      0      -0.3858      -0.1410      -1.2095      -1.5555      -1.4550
                 -0.1186      -0.4296      -1.2800      -1.5598      -0.4972
                 -0.2525      -0.7052      -1.3912       0.0378      -1.0349
                 -1.4679      -1.5246      -1.1070      -0.7874      -0.2662
                 -1.3676      -1.0825      -1.0704      -0.3595      -0.7197
   1     60      -0.3860      -0.1412      -1.2097      -1.5557      -1.4552
                 -0.1188      -0.4298      -1.2802      -1.5600      -0.4973
                 -0.2527      -0.7054      -1.3915       0.0377      -1.0351
                 -1.4681      -1.5248      -1.1072      -0.7876      -0.2664
                 -1.3678      -1.0827      -1.0706      -0.3597      -0.7199
   1     80      -0.3876      -0.1429      -1.2116      -1.5575      -1.4572
                 -0.1201      -0.4313      -1.2820      -1.5618      -0.4988
                 -0.2542      -0.7072      -1.3933       0.0365      -1.0370
                 -1.4699      -1.5266      -1.1089      -0.7894      -0.2674
                 -1.3697      -1.0845      -1.0725      -0.3609      -0.7212
   1    100      -0.3938      -0.1499      -1.2189      -1.5638      -1.4649
                 -0.1258      -0.4370      -1.2894      -1.5685      -0.5049
                 -0.2600      -0.7144      -1.4001       0.0321      -1.0444
                 -1.4772      -1.5339      -1.1153      -0.7965      -0.2711
                 -1.3770      -1.0910      -1.0798      -0.3659      -0.7262
   2      0      -0.3883      -0.1397      -1.1976      -1.5721      -1.4450
                 -0.1014      -0.4418      -1.2723      -1.5579      -0.5014
                 -0.2491      -0.7025      -1.3960       0.0306      -1.0291
                 -1.4631      -1.5113      -1.1097      -0.7805      -0.2745
                 -1.3528      -1.0901      -1.0535      -0.3613      -0.7121
   3      0      -0.3846      -0.1376      -1.1943      -1.5710      -1.4372
                 -0.1005      -0.4461      -1.2668      -1.5588      -0.4977
                 -0.2499      -0.6948      -1.3965       0.0198      -1.0262
                 -1.4639      -1.5088      -1.1090      -0.7691      -0.2734
                 -1.3503      -1.0884      -1.0507      -0.3585      -0.7060
   4      0      -0.3837      -0.1364      -1.1890      -1.5737      -1.4323
                 -0.0978      -0.4461      -1.2659      -1.5568      -0.5036
                 -0.2481      -0.6930      -1.3959       0.0195      -1.0243
                 -1.4681      -1.5047      -1.1129      -0.7654      -0.2742
                 -1.3480      -1.0897      -1.0428      -0.3589      -0.7075
   5      0      -0.3808      -0.1379      -1.1868      -1.5717      -1.4276
                 -0.0955      -0.4477      -1.2627      -1.5556      -0.5011
                 -0.2469      -0.6952      -1.3926       0.0195      -1.0246
                 -1.4658      -1.5021      -1.1115      -0.7614      -0.2700
                 -1.3478      -1.0880      -1.0410      -0.3550      -0.7029
   5     60      -0.3811      -0.1381      -1.1871      -1.5720      -1.4278
                 -0.0956      -0.4480      -1.2629      -1.5558      -0.5013
                 -0.2471      -0.6954      -1.3929       0.0193      -1.0248
                 -1.4661      -1.5024      -1.1117      -0.7616      -0.2702
                 -1.3481      -1.0882      -1.0413      -0.3552      -0.7031
   5     80      -0.3831      -0.1404      -1.1895      -1.5743      -1.4303
                 -0.0973      -0.4501      -1.2653      -1.5582      -0.5035
                 -0.2489      -0.6977      -1.3953       0.0177      -1.0272
                 -1.4684      -1.5047      -1.1140      -0.7640      -0.2715
                 -1.3504      -1.0905      -1.0436      -0.3569      -0.7048
   5    100      -0.3893      -0.1474      -1.1966      -1.5811      -1.4378
                 -0.1029      -0.4566      -1.2724      -1.5650      -0.5101
                 -0.2546      -0.7047      -1.4022       0.0123      -1.0345
                 -1.4754      -1.5118      -1.1208      -0.7711      -0.2756
                 -1.3575      -1.0972      -1.0503      -0.3620      -0.7101
 
 group  inft   Estimated free energy: 3-th solvent contribution (kcal/mol)
   1      0     -11.7121     -10.9179     -10.6976     -10.2956      -9.6195
                -11.6724     -10.5165     -10.9171     -10.0870     -10.9062
                -11.0511     -10.6382     -10.9518     -11.8095     -10.3172
                -10.0838     -10.3374     -10.4176     -10.6604     -11.2532
                 -9.2596     -10.4194     -11.0493     -10.6775     -11.4256
   1     60     -11.7409     -10.9468     -10.7264     -10.3243      -9.6484
                -11.7012     -10.5453     -10.9461     -10.1159     -10.9350
                -11.0799     -10.6672     -10.9807     -11.8384     -10.3461
                -10.1126     -10.3663     -10.4464     -10.6893     -11.2821
                 -9.2885     -10.4482     -11.0782     -10.7064     -11.4544
   1     80     -12.0620     -11.2681     -11.0468     -10.6427      -9.9688
                -12.0224     -10.8653     -11.2675     -10.4371     -11.2549
                -11.4004     -10.9881     -11.3013     -12.1600     -10.6669
                -10.4328     -10.6877     -10.7670     -11.0107     -11.6029
                 -9.6093     -10.7689     -11.4000     -11.0275     -11.7759
   1    100     -13.2785     -12.4849     -12.2599     -11.8502     -11.1826
                -13.2384     -12.0775     -12.4832     -11.6525     -12.4672
                -12.6139     -12.2033     -12.5164     -13.3783     -11.8804
                -11.6454     -11.9041     -11.9815     -12.2270     -12.8175
                -10.8231     -11.9832     -12.6181     -12.2435     -12.9939
   2      0     -11.7072     -10.9132     -10.6948     -10.2999      -9.6171
                -11.6706     -10.5194     -10.9132     -10.0870     -10.9102
                -11.0482     -10.6401     -10.9442     -11.7899     -10.3159
                -10.0764     -10.3300     -10.4205     -10.6622     -11.2463
                 -9.2619     -10.4186     -11.0483     -10.6832     -11.4169
   3      0     -11.7120     -10.9198     -10.6998     -10.3083      -9.6262
                -11.6771     -10.5313     -10.9166     -10.0966     -10.9098
                -11.0503     -10.6405     -10.9492     -11.7859     -10.3183
                -10.0797     -10.3335     -10.4283     -10.6705     -11.2528
                 -9.2679     -10.4182     -11.0512     -10.6871     -11.4218
   4      0     -11.6870     -10.9015     -10.6888     -10.2911      -9.6208
                -11.6559     -10.5187     -10.9061     -10.0837     -10.8926
                -11.0375     -10.6319     -10.9255     -11.7569     -10.3046
                -10.0750     -10.3156     -10.4172     -10.6568     -11.2240
                 -9.2738     -10.4134     -11.0380     -10.6854     -11.4040
   5      0     -11.6954     -10.9033     -10.6952     -10.3006      -9.6174
                -11.6685     -10.5219     -10.9080     -10.0864     -10.8919
                -11.0414     -10.6376     -10.9308     -11.7709     -10.3104
                -10.0774     -10.3218     -10.4183     -10.6646     -11.2309
                 -9.2706     -10.4113     -11.0455     -10.6900     -11.4097
   5     60     -11.7357     -10.9437     -10.7355     -10.3407      -9.6578
                -11.7089     -10.5621     -10.9485     -10.1268     -10.9320
                -11.0817     -10.6780     -10.9711     -11.8112     -10.3508
                -10.1177     -10.3623     -10.4586     -10.7050     -11.2713
                 -9.3111     -10.4516     -11.0859     -10.7304     -11.4501
   5     80     -12.1425     -11.3504     -11.1413     -10.7444     -10.0635
                -12.1160     -10.9677     -11.3555     -10.5335     -11.3372
                -11.4877     -11.0845     -11.3769     -12.2180     -10.7572
                -10.5231     -10.7689     -10.8646     -11.1123     -11.6775
                 -9.7173     -10.8574     -11.4935     -11.1373     -11.8570
   5    100     -13.2641     -12.4713     -12.2594     -11.8585     -11.1818
                -13.2381     -12.0861     -12.4762     -11.6536     -12.4545
                -12.6061     -12.2047     -12.4960     -13.3389     -11.8759
                -11.6402     -11.8890     -11.9840     -12.2341     -12.7967
                -10.8359     -11.9758     -12.6159     -12.2588     -12.9785
 
 
 cumulative average & 95% error for solvation free energy
              total             1st component         2nd component         3rd component
  1   -11.0835     0.0000     1.0531     0.0000    -0.3846     0.0000   -11.7120     0.0000
  2   -11.3508     0.5345     0.2662     1.5737    -0.2611     0.2470   -11.3159     0.7922
  3   -11.3599     0.3092     0.3628     0.9289    -0.5722     0.6382   -11.1105     0.6147
  4   -11.3757     0.2209     0.3961     0.6602    -0.8219     0.6731   -10.9100     0.5915
  5   -11.3846     0.1720     0.2535     0.5855    -0.9449     0.5766   -10.6532     0.6882
  6   -11.2536     0.2973     0.4145     0.5763    -0.8042     0.5485   -10.8239     0.6574
  7   -11.3108     0.2761     0.2643     0.5722    -0.7530     0.4747   -10.7821     0.5619
  8   -11.3568     0.2562     0.2994     0.5005    -0.8173     0.4307   -10.7989     0.4878
  9   -11.3395     0.2285     0.3210     0.4435    -0.8997     0.4141   -10.7209     0.4576
 10   -11.3314     0.2051     0.3078     0.3976    -0.8595     0.3790   -10.7397     0.4110
 11   -11.3254     0.1859     0.2866     0.3621    -0.8040     0.3603   -10.7680     0.3761
 12   -11.3190     0.1701     0.2733     0.3316    -0.7949     0.3294   -10.7574     0.3440
 13   -11.3229     0.1567     0.3304     0.3258    -0.8412     0.3168   -10.7721     0.3178
 14   -11.3079     0.1481     0.3564     0.3060    -0.7797     0.3181   -10.8445     0.3279
 15   -11.3265     0.1429     0.3191     0.2945    -0.7961     0.2979   -10.8094     0.3132
 16   -11.3323     0.1341     0.3094     0.2762    -0.8379     0.2909   -10.7638     0.3069
 17   -11.3199     0.1284     0.3359     0.2648    -0.8773     0.2844   -10.7385     0.2927
 18   -11.3165     0.1213     0.3350     0.2497    -0.8902     0.2694   -10.7213     0.2781
 19   -11.3136     0.1149     0.3288     0.2365    -0.8838     0.2551   -10.7186     0.2631
 20   -11.3171     0.1092     0.3215     0.2248    -0.8533     0.2496   -10.7453     0.2552
 21   -11.3181     0.1039     0.2738     0.2341    -0.8770     0.2421   -10.6750     0.2806
 22   -11.3252     0.1000     0.2647     0.2240    -0.8866     0.2316   -10.6633     0.2686
 23   -11.3208     0.0960     0.2930     0.2214    -0.8937     0.2218   -10.6802     0.2588
 24   -11.3147     0.0927     0.2772     0.2143    -0.8714     0.2170   -10.6804     0.2478
 25   -11.3094     0.0895     0.3055     0.2132    -0.8648     0.2086   -10.7101     0.2450
