Lmod has detected the following error: These module(s) exist but cannot be
loaded as requested: "hwloc/1.11.11"
   Try: "module spider hwloc/1.11.11" to see how to load the module(s).



Lmod has detected the following error: These module(s) exist but cannot be
loaded as requested: "hwloc/1.11.11"
   Try: "module spider hwloc/1.11.11" to see how to load the module(s).



 ERmod 0.3.7, Copyright (C) 2000-2019 Nobuyuki Matubayasi
                            2010-2019 Shun Sakuraba
 ERmod comes with ABSOLUTELY NO WARRANTY.
 This is free software, and you can redistribute it
 and/or modify it under certain conditions.
 See LICENSE file for details.
Opening: "/home/hervoe/snic2020-6-15/hervoe/temp/Simulations/NaF/0.50/trajectory_sol_full.xtc"...
  Trying plugin "Gromacs XTC Compressed Trajectory"...OK
 ERmod 0.3.7, Copyright (C) 2000-2019 Nobuyuki Matubayasi
                            2010-2019 Shun Sakuraba
 ERmod comes with ABSOLUTELY NO WARRANTY.
 This is free software, and you can redistribute it
 and/or modify it under certain conditions.
 See LICENSE file for details.
Opening: "/home/hervoe/snic2020-6-15/hervoe/temp/Simulations/NaF/0.50/trajectory_ref_full.xtc"...
  Trying plugin "Gromacs XTC Compressed Trajectory"...OK
Opening: "/home/hervoe/snic2020-6-15/hervoe/temp/Simulations/Solute_new/trajectory_solute.xtc"...
  Trying plugin "Gromacs XTC Compressed Trajectory"...OK
Opening: "/home/hervoe/snic2020-6-15/hervoe/temp/Simulations/Solute_new/trajectory_solute.xtc"...
  Trying plugin "Gromacs XTC Compressed Trajectory"...OK
Opening: "/home/hervoe/snic2020-6-15/hervoe/temp/Simulations/Solute_new/trajectory_solute.xtc"...
  Trying plugin "Gromacs XTC Compressed Trajectory"...OK
Opening: "/home/hervoe/snic2020-6-15/hervoe/temp/Simulations/Solute_new/trajectory_solute.xtc"...
  Trying plugin "Gromacs XTC Compressed Trajectory"...OK
Opening: "/home/hervoe/snic2020-6-15/hervoe/temp/Simulations/Solute_new/trajectory_solute.xtc"...
  Trying plugin "Gromacs XTC Compressed Trajectory"...OK
Opening: "/home/hervoe/snic2020-6-15/hervoe/temp/Simulations/Solute_new/trajectory_solute.xtc"...
  Trying plugin "Gromacs XTC Compressed Trajectory"...OK
Opening: "/home/hervoe/snic2020-6-15/hervoe/temp/Simulations/Solute_new/trajectory_solute.xtc"...
  Trying plugin "Gromacs XTC Compressed Trajectory"...OK
Opening: "/home/hervoe/snic2020-6-15/hervoe/temp/Simulations/Solute_new/trajectory_solute.xtc"...
  Trying plugin "Gromacs XTC Compressed Trajectory"...OK
Opening: "/home/hervoe/snic2020-6-15/hervoe/temp/Simulations/Solute_new/trajectory_solute.xtc"...
  Trying plugin "Gromacs XTC Compressed Trajectory"...OK
Opening: "/home/hervoe/snic2020-6-15/hervoe/temp/Simulations/Solute_new/trajectory_solute.xtc"...
  Trying plugin "Gromacs XTC Compressed Trajectory"...OK
 
  Number of the   1-th solvent  =            9
  Number of the   2-th solvent  =            9
  Number of the   3-th solvent  =         1000
 
  Be sure that the solvent distribution is homogeneous (radial distribution function is essentially unity) when the solvent molecule is separated beyond distance of   10.0 Angstrom in any direction from any atom within the solute molecule
 
  LJ long-range correction    =        -0.0083     -0.0036     -0.9081
 
  Self-energy of the solute   =        -0.0166  kcal/mol
 
 
 cumulative average & 95% error for solvation energy
              total             1st component         2nd component         3rd component
  1   -60.0080                0.0991               -1.1071              -58.9833
  2   -59.8919     0.2322     0.2773     0.3564    -1.1919     0.1697   -58.9606     0.0455
  3   -59.8257     0.1884    -0.0992     0.7805    -1.6982     1.0172   -58.0117     1.8979
  4   -59.7247     0.2420    -0.0463     0.5619    -1.4646     0.8577   -58.1971     1.3923
  5   -59.7042     0.1919    -0.0107     0.4410    -1.6693     0.7803   -58.0075     1.1431
  6   -59.6888     0.1597     0.2266     0.5959    -1.6038     0.6504   -58.2949     1.0962
  7   -59.6821     0.1356     0.2831     0.5161    -1.4305     0.6498   -58.5181     1.0283
  8   -59.6315     0.1550     0.3248     0.4547    -2.0954     1.4438   -57.8443     1.6152
  9   -59.6037     0.1476     0.3715     0.4117    -1.9064     1.3282   -58.0521     1.4839
 10   -59.5827     0.1385     0.4376     0.3913    -1.9078     1.1880   -58.0958     1.3301
 11   -59.5942     0.1274     0.4196     0.3557    -1.7967     1.0973   -58.2005     1.2212
 12   -59.5841     0.1181     0.3323     0.3687    -1.6862     1.0258   -58.2135     1.1151
 13   -59.5970     0.1116     0.3541     0.3420    -1.6778     0.9438   -58.2566     1.0293
 14   -59.6171     0.1109     0.4365     0.3569    -1.9467     1.0260   -58.0903     1.0094
 15   -59.6457     0.1181     0.3374     0.3868    -1.9092     0.9580   -58.0573     0.9420
 16   -59.6522     0.1112     0.3439     0.3621    -1.9872     0.9096   -57.9923     0.8907
 17   -59.6468     0.1050     0.3045     0.3492    -2.0002     0.8548   -57.9344     0.8446
 18   -59.6467     0.0990     0.2644     0.3388    -1.9658     0.8089   -57.9287     0.7964
 19   -59.6611     0.0980     0.2922     0.3252    -2.0508     0.7838   -57.8859     0.7582
 20   -59.6635     0.0931     0.3277     0.3166    -2.1042     0.7512   -57.8703     0.7199
 21   -59.6510     0.0920     0.3538     0.3056    -2.0331     0.7285   -57.9550     0.7055
 22   -59.6415     0.0897     0.3776     0.2953    -2.0079     0.6965   -57.9946     0.6773
 23   -59.6465     0.0863     0.3819     0.2823    -2.0003     0.6657   -58.0116     0.6481
 24   -59.6578     0.0857     0.3965     0.2718    -1.9169     0.6588   -58.1208     0.6578
 25   -59.6722     0.0871     0.3973     0.2607    -2.0112     0.6594   -58.0417     0.6504
 
 
 group  inft  solvation free energy     error          difference
  total solvation free energy
   1      0        -15.79287           0.09084           0.00553
   1     60        -15.82179           0.09081          -0.02340
   1     80        -16.13218           0.09083          -0.33379
   1    100        -17.29135           0.09182          -1.49295
   2      0        -15.79195           0.09239           0.00645
   3      0        -15.79840           0.09383          -0.00000
   4      0        -15.78683           0.09471           0.01156
   5      0        -15.78559           0.09486           0.01281
   5     60        -15.82676           0.09482          -0.02836
   5     80        -16.21835           0.09491          -0.41996
   5    100        -17.28939           0.09599          -1.49099
 
  contribution from  1-th solvent component
   1      0          0.55310           0.13240          -0.00801
   1     60          0.55405           0.13241          -0.00706
   1     80          0.55801           0.13252          -0.00309
   1    100          0.56360           0.13297           0.00249
   2      0          0.55616           0.13049          -0.00495
   3      0          0.56111           0.13113           0.00000
   4      0          0.55910           0.13091          -0.00201
   5      0          0.56116           0.13112           0.00006
   5     60          0.56191           0.13113           0.00081
   5     80          0.56597           0.13127           0.00486
   5    100          0.56984           0.13170           0.00873
 
  contribution from  2-th solvent component
   1      0         -1.34692           0.32648           0.00235
   1     60         -1.34644           0.32649           0.00283
   1     80         -1.34442           0.32658           0.00485
   1    100         -1.33943           0.32691           0.00984
   2      0         -1.34798           0.32530           0.00129
   3      0         -1.34927           0.32501          -0.00000
   4      0         -1.34932           0.32446          -0.00005
   5      0         -1.35034           0.32455          -0.00106
   5     60         -1.34997           0.32455          -0.00069
   5     80         -1.34770           0.32467           0.00157
   5    100         -1.34423           0.32497           0.00504
 
  contribution from  3-th solvent component
   1      0        -14.98242           0.37245           0.01118
   1     60        -15.01276           0.37241          -0.01917
   1     80        -15.32914           0.37235          -0.33554
   1    100        -16.49888           0.37351          -1.50528
   2      0        -14.98349           0.37196           0.01010
   3      0        -14.99360           0.37195           0.00000
   4      0        -14.97998           0.37079           0.01362
   5      0        -14.97978           0.37162           0.01382
   5     60        -15.02207           0.37156          -0.02847
   5     80        -15.41999           0.37155          -0.42639
   5    100        -16.49837           0.37269          -1.50477
 
 
 group  inft   Estimated free energy: total (kcal/mol)
   1      0     -15.8900     -16.0419     -15.7307     -15.7513     -15.8299
                -15.8766     -15.7091     -15.1428     -15.6948     -15.8696
                -15.8007     -15.8016     -15.9339     -15.7188     -16.2278
                -15.9057     -15.7589     -15.6635     -15.7983     -15.5159
                -15.4225     -15.7694     -16.0276     -16.2246     -15.7158
   1     60     -15.9190     -16.0706     -15.7598     -15.7799     -15.8589
                -15.9053     -15.7381     -15.1721     -15.7236     -15.8980
                -15.8297     -15.8303     -15.9627     -15.7483     -16.2565
                -15.9347     -15.7880     -15.6924     -15.8278     -15.5450
                -15.4512     -15.7981     -16.0563     -16.2537     -15.7451
   1     80     -16.2303     -16.3806     -16.0709     -16.0887     -16.1697
                -16.2148     -16.0491     -15.4826     -16.0330     -16.2065
                -16.1400     -16.1395     -16.2732     -16.0605     -16.5667
                -16.2450     -16.0987     -16.0026     -16.1410     -15.8553
                -15.7601     -16.1071     -16.3657     -16.5654     -16.0575
   1    100     -17.3941     -17.5422     -17.2302     -17.2467     -17.3299
                -17.3727     -17.2125     -16.6340     -17.1910     -17.3632
                -17.2991     -17.2982     -17.4354     -17.2176     -17.7286
                -17.4041     -17.2567     -17.1601     -17.3034     -17.0091
                -16.9168     -17.2651     -17.5242     -17.7323     -17.2164
   2      0     -15.8751     -16.0417     -15.7292     -15.7586     -15.8435
                -15.8737     -15.6956     -15.0991     -15.7003     -15.8893
                -15.8222     -15.7898     -15.9489     -15.6981     -16.2269
                -15.8961     -15.7710     -15.6659     -15.7967     -15.5058
                -15.4518     -15.7720     -16.0132     -16.2224     -15.7117
   3      0     -15.8827     -16.0506     -15.7249     -15.7643     -15.8593
                -15.8717     -15.6933     -15.1033     -15.7014     -15.9150
                -15.8161     -15.7953     -15.9727     -15.7020     -16.2393
                -15.9064     -15.7805     -15.6733     -15.8124     -15.5174
                -15.4465     -15.7601     -16.0305     -16.2325     -15.7086
   4      0     -15.8802     -16.0386     -15.7247     -15.7472     -15.8517
                -15.8509     -15.6756     -15.0894     -15.7004     -15.8990
                -15.8116     -15.7850     -15.9567     -15.6845     -16.2425
                -15.9034     -15.7675     -15.6530     -15.7932     -15.4939
                -15.4292     -15.7586     -16.0154     -16.2192     -15.6993
   5      0     -15.8646     -16.0427     -15.7129     -15.7550     -15.8569
                -15.8588     -15.6757     -15.0958     -15.6918     -15.9118
                -15.7995     -15.7817     -15.9685     -15.6841     -16.2443
                -15.8981     -15.7709     -15.6486     -15.7907     -15.4945
                -15.4242     -15.7458     -16.0159     -16.2141     -15.6927
   5     60     -15.9059     -16.0836     -15.7543     -15.7958     -15.8981
                -15.8999     -15.7169     -15.1373     -15.7328     -15.9525
                -15.8406     -15.8226     -16.0095     -15.7259     -16.2853
                -15.9392     -15.8123     -15.6899     -15.8325     -15.5359
                -15.4651     -15.7867     -16.0567     -16.2554     -15.7343
   5     80     -16.2984     -16.4747     -16.1468     -16.1855     -16.2905
                -16.2903     -16.1093     -15.5284     -16.1232     -16.3421
                -16.2320     -16.2129     -16.4018     -16.1195     -16.6773
                -16.3311     -16.2044     -16.0813     -16.2274     -15.9276
                -15.8540     -16.1767     -16.4468     -16.6486     -16.1282
   5    100     -17.3731     -17.5480     -17.2182     -17.2561     -17.3631
                -17.3595     -17.1836     -16.5902     -17.1934     -17.4120
                -17.3033     -17.2838     -17.4773     -17.1878     -17.7520
                -17.4026     -17.2747     -17.1507     -17.3015     -16.9942
                -16.9212     -17.2466     -17.5166     -17.7261     -17.1992
 
 group  inft   Estimated free energy: 1-th solvent contribution (kcal/mol)
   1      0       0.4606       0.4613      -0.0509       0.4000       0.4117
                  0.9672       0.6835       0.6213       0.8123       0.9449
                  0.6960       0.0420       0.7071       0.9282      -0.2329
                  0.4878       0.1844       0.2361       0.6845       0.9981
                  1.0001       0.7890       0.5301       0.4495       0.6155
   1     60       0.4616       0.4622      -0.0501       0.4009       0.4127
                  0.9683       0.6845       0.6222       0.8132       0.9458
                  0.6969       0.0430       0.7080       0.9291      -0.2319
                  0.4886       0.1854       0.2370       0.6854       0.9992
                  1.0012       0.7900       0.5310       0.4504       0.6163
   1     80       0.4660       0.4654      -0.0467       0.4047       0.4165
                  0.9731       0.6890       0.6262       0.8174       0.9500
                  0.7007       0.0469       0.7116       0.9333      -0.2283
                  0.4916       0.1900       0.2408       0.6891       1.0041
                  1.0063       0.7942       0.5348       0.4540       0.6196
   1    100       0.4732       0.4680      -0.0429       0.4092       0.4210
                  0.9808       0.6954       0.6319       0.8238       0.9566
                  0.7076       0.0515       0.7163       0.9398      -0.2249
                  0.4943       0.1978       0.2460       0.6937       1.0128
                  1.0163       0.8012       0.5391       0.4582       0.6235
   2      0       0.4660       0.4652      -0.0402       0.4069       0.4129
                  0.9691       0.6831       0.6549       0.8104       0.9403
                  0.6836       0.0537       0.6988       0.9269      -0.2191
                  0.4900       0.1848       0.2514       0.6913       1.0168
                  0.9673       0.7833       0.5270       0.4521       0.6276
   3      0       0.4714       0.4687      -0.0292       0.4099       0.4163
                  0.9851       0.6941       0.6462       0.8172       0.9429
                  0.6910       0.0514       0.7011       0.9342      -0.2156
                  0.4862       0.1881       0.2549       0.7020       1.0148
                  0.9824       0.7964       0.5289       0.4523       0.6370
   4      0       0.4681       0.4691      -0.0338       0.4098       0.4171
                  0.9802       0.6932       0.6542       0.8121       0.9451
                  0.6852       0.0566       0.6987       0.9300      -0.2197
                  0.4815       0.1826       0.2544       0.6993       1.0178
                  0.9687       0.7885       0.5271       0.4498       0.6417
   5      0       0.4753       0.4664      -0.0271       0.4071       0.4154
                  0.9847       0.6967       0.6406       0.8208       0.9444
                  0.6884       0.0577       0.6988       0.9329      -0.2198
                  0.4828       0.1856       0.2611       0.6970       1.0197
                  0.9794       0.7983       0.5274       0.4533       0.6425
   5     60       0.4760       0.4671      -0.0264       0.4078       0.4161
                  0.9856       0.6976       0.6412       0.8216       0.9451
                  0.6891       0.0585       0.6995       0.9336      -0.2190
                  0.4834       0.1864       0.2618       0.6978       1.0205
                  0.9802       0.7990       0.5282       0.4540       0.6431
   5     80       0.4806       0.4703      -0.0230       0.4116       0.4199
                  0.9907       0.7023       0.6453       0.8259       0.9495
                  0.6933       0.0624       0.7030       0.9377      -0.2156
                  0.4860       0.1912       0.2656       0.7015       1.0255
                  0.9861       0.8035       0.5320       0.4577       0.6464
   5    100       0.4858       0.4713      -0.0206       0.4143       0.4227
                  0.9970       0.7073       0.6495       0.8303       0.9541
                  0.6981       0.0656       0.7052       0.9424      -0.2138
                  0.4866       0.1970       0.2691       0.7046       1.0322
                  0.9946       0.8089       0.5346       0.4604       0.6486
 
 group  inft   Estimated free energy: 2-th solvent contribution (kcal/mol)
   1      0      -0.8051      -0.9645      -1.7184      -0.6602      -1.6433
                 -0.9587      -0.4449      -3.5793      -0.5828      -1.4409
                 -0.8283      -0.5819      -1.1813      -3.0288      -1.1204
                 -1.9438      -1.5031      -0.9975      -2.1435      -1.9259
                 -0.4898      -1.0596      -1.2884      -0.3302      -2.4524
   1     60      -0.8047      -0.9640      -1.7180      -0.6597      -1.6428
                 -0.9582      -0.4444      -3.5789      -0.5823      -1.4403
                 -0.8279      -0.5814      -1.1807      -3.0284      -1.1199
                 -1.9434      -1.5027      -0.9970      -2.1430      -1.9255
                 -0.4893      -1.0590      -1.2878      -0.3297      -2.4520
   1     80      -0.8026      -0.9617      -1.7161      -0.6574      -1.6409
                 -0.9560      -0.4423      -3.5774      -0.5800      -1.4379
                 -0.8258      -0.5791      -1.1783      -3.0268      -1.1177
                 -1.9419      -1.5011      -0.9952      -2.1413      -1.9239
                 -0.4870      -1.0567      -1.2853      -0.3277      -2.4503
   1    100      -0.7974      -0.9558      -1.7118      -0.6515      -1.6364
                 -0.9501      -0.4374      -3.5742      -0.5741      -1.4318
                 -0.8207      -0.5730      -1.1721      -3.0234      -1.1126
                 -1.9388      -1.4976      -0.9909      -2.1375      -1.9202
                 -0.4807      -1.0506      -1.2787      -0.3225      -2.4464
   2      0      -0.7986      -0.9700      -1.7204      -0.6702      -1.6549
                 -0.9568      -0.4308      -3.5715      -0.5876      -1.4513
                 -0.8332      -0.5801      -1.1849      -3.0046      -1.1257
                 -1.9347      -1.5142      -1.0098      -2.1459      -1.9323
                 -0.4931      -1.0607      -1.2755      -0.3365      -2.4563
   3      0      -0.8041      -0.9714      -1.7181      -0.6685      -1.6591
                 -0.9632      -0.4300      -3.5626      -0.5843      -1.4713
                 -0.8242      -0.5751      -1.2015      -3.0071      -1.1272
                 -1.9317      -1.5130      -1.0158      -2.1562      -1.9322
                 -0.4952      -1.0508      -1.2864      -0.3362      -2.4469
   4      0      -0.8068      -0.9753      -1.7222      -0.6722      -1.6618
                 -0.9541      -0.4287      -3.5629      -0.5934      -1.4698
                 -0.8308      -0.5826      -1.1967      -2.9957      -1.1265
                 -1.9375      -1.5073      -1.0081      -2.1525      -1.9289
                 -0.4873      -1.0547      -1.2825      -0.3427      -2.4519
   5      0      -0.7998      -0.9749      -1.7226      -0.6754      -1.6654
                 -0.9610      -0.4337      -3.5604      -0.5893      -1.4840
                 -0.8220      -0.5805      -1.2034      -3.0023      -1.1376
                 -1.9314      -1.5134      -1.0102      -2.1490      -1.9297
                 -0.4896      -1.0512      -1.2854      -0.3372      -2.4488
   5     60      -0.7994      -0.9745      -1.7223      -0.6750      -1.6651
                 -0.9606      -0.4333      -3.5601      -0.5889      -1.4836
                 -0.8216      -0.5802      -1.2030      -3.0019      -1.1372
                 -1.9311      -1.5131      -1.0099      -2.1487      -1.9294
                 -0.4892      -1.0508      -1.2849      -0.3369      -2.4485
   5     80      -0.7970      -0.9717      -1.7204      -0.6724      -1.6630
                 -0.9580      -0.4310      -3.5584      -0.5863      -1.4810
                 -0.8193      -0.5776      -1.2002      -3.0003      -1.1349
                 -1.9295      -1.5114      -1.0080      -2.1468      -1.9276
                 -0.4865      -1.0482      -1.2821      -0.3346      -2.4467
   5    100      -0.7932      -0.9672      -1.7178      -0.6678      -1.6601
                 -0.9534      -0.4274      -3.5564      -0.5819      -1.4769
                 -0.8156      -0.5734      -1.1956      -2.9983      -1.1314
                 -1.9275      -1.5092      -1.0054      -2.1442      -1.9251
                 -0.4816      -1.0437      -1.2773      -0.3310      -2.4444
 
 group  inft   Estimated free energy: 3-th solvent contribution (kcal/mol)
   1      0     -15.5288     -15.5220     -13.9447     -15.4745     -14.5817
                -15.8685     -15.9311     -12.1682     -15.9076     -15.3569
                -15.6517     -15.2451     -15.4431     -13.6016     -14.8579
                -14.4331     -14.4236     -14.8855     -14.3227     -14.5715
                -15.9163     -15.4822     -15.2527     -16.3273     -13.8622
   1     60     -15.5593     -15.5522     -13.9751     -15.5045     -14.6121
                -15.8988     -15.9615     -12.1987     -15.9379     -15.3870
                -15.6820     -15.2752     -15.4733     -13.6324     -14.8881
                -14.4633     -14.4541     -14.9158     -14.3535     -14.6021
                -15.9465     -15.5124     -15.2829     -16.3577     -13.8928
   1     80     -15.8771     -15.8677     -14.2914     -15.8193     -14.9287
                -16.2153     -16.2791     -12.5148     -16.2538     -15.7020
                -15.9983     -15.5906     -15.7900     -13.9503     -15.2040
                -14.7781     -14.7710     -15.2316     -14.6721     -14.9189
                -16.2627     -15.8280     -15.5985     -16.6751     -14.2101
   1    100     -17.0533     -17.0378     -15.4588     -16.9877     -16.0978
                -17.3867     -17.4539     -13.6751     -17.4240     -16.8714
                -17.1694     -16.7602     -16.9630     -15.1173     -16.3745
                -15.9429     -15.9403     -16.3987     -15.8431     -16.0851
                -17.4357     -16.9991     -16.7680     -17.8513     -15.3768
   2      0     -15.5259     -15.5204     -13.9520     -15.4787     -14.5849
                -15.8694     -15.9312     -12.1658     -15.9065     -15.3617
                -15.6560     -15.2467     -15.4461     -13.6038     -14.8654
                -14.4347     -14.4250     -14.8909     -14.3255     -14.5736
                -15.9093     -15.4780     -15.2481     -16.3214     -13.8663
   3      0     -15.5335     -15.5313     -13.9609     -15.4891     -14.5999
                -15.8770     -15.9407     -12.1703     -15.9176     -15.3700
                -15.6663     -15.2549     -15.4556     -13.6124     -14.8800
                -14.4444     -14.4389     -14.8957     -14.3416     -14.5834
                -15.9171     -15.4891     -15.2564     -16.3319     -13.8821
   4      0     -15.5249     -15.5158     -13.9520     -15.4681     -14.5904
                -15.8604     -15.9235     -12.1641     -15.9024     -15.3576
                -15.6494     -15.2424     -15.4421     -13.6021     -14.8797
                -14.4308     -14.4262     -14.8827     -14.3234     -14.5662
                -15.8939     -15.4757     -15.2434     -16.3096     -13.8725
   5      0     -15.5234     -15.5176     -13.9465     -15.4701     -14.5902
                -15.8659     -15.9221     -12.1593     -15.9066     -15.3555
                -15.6493     -15.2422     -15.4472     -13.5981     -14.8703
                -14.4328     -14.4265     -14.8829     -14.3220     -14.5678
                -15.8974     -15.4762     -15.2413     -16.3135     -13.8697
   5     60     -15.5659     -15.5596     -13.9889     -15.5119     -14.6326
                -15.9082     -15.9645     -12.2018     -15.9488     -15.3974
                -15.6915     -15.2842     -15.4895     -13.6410     -14.9124
                -14.4748     -14.4690     -14.9251     -14.3649     -14.6104
                -15.9395     -15.5183     -15.2834     -16.3559     -13.9123
   5     80     -15.9654     -15.9566     -14.3868     -15.9081     -15.0307
                -16.3063     -16.3639     -12.5986     -16.3462     -15.7940
                -16.0894     -15.6811     -15.8880     -14.0403     -15.3101
                -14.8711     -14.8676     -15.3222     -14.7655     -15.0089
                -16.3371     -15.9154     -15.6801     -16.7550     -14.3112
   5    100     -17.0492     -17.0355     -15.4632     -16.9859     -16.1090
                -17.3865     -17.4468     -13.6667     -17.4252     -16.8727
                -17.1691     -16.7594     -16.9702     -15.1153     -16.3902
                -15.9452     -15.9458     -16.3979     -15.8452     -16.0846
                -17.4176     -16.9951     -16.7573     -17.8390     -15.3868
 
 
 cumulative average & 95% error for solvation free energy
              total             1st component         2nd component         3rd component
  1   -15.8827     0.0000     0.4714     0.0000    -0.8041     0.0000   -15.5335     0.0000
  2   -15.9667     0.1678     0.4701     0.0027    -0.8877     0.1673   -15.5324     0.0022
  3   -15.8861     0.1881     0.3036     0.3329    -1.1645     0.5620   -15.0085     1.0476
  4   -15.8556     0.1463     0.3302     0.2413    -1.0405     0.4684   -15.1287     0.7788
  5   -15.8564     0.1133     0.3474     0.1900    -1.1642     0.4392   -15.0229     0.6392
  6   -15.8589     0.0927     0.4537     0.2632    -1.1307     0.3648   -15.1653     0.5945
  7   -15.8353     0.0915     0.4880     0.2328    -1.0306     0.3676   -15.2760     0.5492
  8   -15.7438     0.1994     0.5078     0.2054    -1.3471     0.7085   -14.8878     0.9105
  9   -15.7390     0.1761     0.5422     0.1938    -1.2624     0.6475   -15.0022     0.8350
 10   -15.7566     0.1614     0.5823     0.1910    -1.2833     0.5806   -15.0390     0.7504
 11   -15.7620     0.1464     0.5921     0.1739    -1.2415     0.5318   -15.0960     0.6883
 12   -15.7648     0.1338     0.5471     0.1825    -1.1860     0.4980   -15.1093     0.6289
 13   -15.7808     0.1271     0.5589     0.1696    -1.1872     0.4581   -15.1359     0.5809
 14   -15.7752     0.1182     0.5857     0.1659    -1.3172     0.4975   -15.0271     0.5802
 15   -15.8061     0.1263     0.5323     0.1878    -1.3045     0.4638   -15.0173     0.5405
 16   -15.8124     0.1188     0.5294     0.1757    -1.3437     0.4409   -14.9815     0.5106
 17   -15.8105     0.1116     0.5094     0.1699    -1.3537     0.4146   -14.9496     0.4839
 18   -15.8029     0.1064     0.4952     0.1627    -1.3349     0.3927   -14.9466     0.4563
 19   -15.8034     0.1006     0.5061     0.1554    -1.3781     0.3814   -14.9147     0.4363
 20   -15.7891     0.0996     0.5315     0.1559    -1.4058     0.3660   -14.8982     0.4152
 21   -15.7728     0.1002     0.5530     0.1544    -1.3625     0.3588   -14.9467     0.4067
 22   -15.7722     0.0956     0.5641     0.1489    -1.3483     0.3433   -14.9713     0.3909
 23   -15.7834     0.0940     0.5625     0.1423    -1.3456     0.3280   -14.9837     0.3743
 24   -15.8021     0.0975     0.5579     0.1366    -1.3035     0.3252   -15.0399     0.3756
 25   -15.7984     0.0938     0.5611     0.1311    -1.3493     0.3250   -14.9936     0.3720
