Lmod has detected the following error: These module(s) exist but cannot be
loaded as requested: "hwloc/1.11.11"
   Try: "module spider hwloc/1.11.11" to see how to load the module(s).



Lmod has detected the following error: These module(s) exist but cannot be
loaded as requested: "hwloc/1.11.11"
   Try: "module spider hwloc/1.11.11" to see how to load the module(s).



 ERmod 0.3.7, Copyright (C) 2000-2019 Nobuyuki Matubayasi
                            2010-2019 Shun Sakuraba
 ERmod comes with ABSOLUTELY NO WARRANTY.
 This is free software, and you can redistribute it
 and/or modify it under certain conditions.
 See LICENSE file for details.
Opening: "/home/hervoe/snic2020-6-15/hervoe/temp/Simulations/NaI/1.00/trajectory_sol_full.xtc"...
  Trying plugin "Gromacs XTC Compressed Trajectory"...OK
 ERmod 0.3.7, Copyright (C) 2000-2019 Nobuyuki Matubayasi
                            2010-2019 Shun Sakuraba
 ERmod comes with ABSOLUTELY NO WARRANTY.
 This is free software, and you can redistribute it
 and/or modify it under certain conditions.
 See LICENSE file for details.
Opening: "/home/hervoe/snic2020-6-15/hervoe/temp/Simulations/NaI/1.00/trajectory_ref_full.xtc"...
  Trying plugin "Gromacs XTC Compressed Trajectory"...OK
Opening: "/home/hervoe/snic2020-6-15/hervoe/temp/Simulations/Solute_new/trajectory_solute.xtc"...
  Trying plugin "Gromacs XTC Compressed Trajectory"...OK
Opening: "/home/hervoe/snic2020-6-15/hervoe/temp/Simulations/Solute_new/trajectory_solute.xtc"...
  Trying plugin "Gromacs XTC Compressed Trajectory"...OK
Opening: "/home/hervoe/snic2020-6-15/hervoe/temp/Simulations/Solute_new/trajectory_solute.xtc"...
  Trying plugin "Gromacs XTC Compressed Trajectory"...OK
Opening: "/home/hervoe/snic2020-6-15/hervoe/temp/Simulations/Solute_new/trajectory_solute.xtc"...
  Trying plugin "Gromacs XTC Compressed Trajectory"...OK
Opening: "/home/hervoe/snic2020-6-15/hervoe/temp/Simulations/Solute_new/trajectory_solute.xtc"...
  Trying plugin "Gromacs XTC Compressed Trajectory"...OK
Opening: "/home/hervoe/snic2020-6-15/hervoe/temp/Simulations/Solute_new/trajectory_solute.xtc"...
  Trying plugin "Gromacs XTC Compressed Trajectory"...OK
Opening: "/home/hervoe/snic2020-6-15/hervoe/temp/Simulations/Solute_new/trajectory_solute.xtc"...
  Trying plugin "Gromacs XTC Compressed Trajectory"...OK
Opening: "/home/hervoe/snic2020-6-15/hervoe/temp/Simulations/Solute_new/trajectory_solute.xtc"...
  Trying plugin "Gromacs XTC Compressed Trajectory"...OK
Opening: "/home/hervoe/snic2020-6-15/hervoe/temp/Simulations/Solute_new/trajectory_solute.xtc"...
  Trying plugin "Gromacs XTC Compressed Trajectory"...OK
Opening: "/home/hervoe/snic2020-6-15/hervoe/temp/Simulations/Solute_new/trajectory_solute.xtc"...
  Trying plugin "Gromacs XTC Compressed Trajectory"...OK
 
  Number of the   1-th solvent  =           18
  Number of the   2-th solvent  =           18
  Number of the   3-th solvent  =         1000
 
  Be sure that the solvent distribution is homogeneous (radial distribution function is essentially unity) when the solvent molecule is separated beyond distance of   10.0 Angstrom in any direction from any atom within the solute molecule
 
  LJ long-range correction    =        -0.0537     -0.0068     -0.8644
 
  Self-energy of the solute   =        -0.0158  kcal/mol
 
 
 cumulative average & 95% error for solvation energy
              total             1st component         2nd component         3rd component
  1   -59.5270               -3.0972               -4.0189              -52.3951
  2   -59.5315     0.0090    -1.8534     2.4876    -5.6208     3.2039   -52.0415     0.7072
  3   -59.4704     0.1224    -1.1669     1.9870    -5.4120     1.8963   -52.8757     1.7175
  4   -59.4396     0.1062    -1.3456     1.4497    -5.1660     1.4283   -52.9122     1.2167
  5   -59.4309     0.0841    -1.0379     1.2806    -5.3242     1.1508   -53.0529     0.9836
  6   -59.4672     0.1000    -0.8526     1.1093    -4.8587     1.3228   -53.7401     1.5918
  7   -59.4466     0.0941    -0.7652     0.9537    -4.4996     1.3287   -54.1659     1.5922
  8   -59.4202     0.0971    -0.6565     0.8541    -4.5540     1.1558   -54.1939     1.3800
  9   -59.4717     0.1340    -0.6173     0.7573    -4.4755     1.0314   -54.3632     1.2632
 10   -59.4906     0.1257    -0.5705     0.6838    -4.5917     0.9514   -54.3126     1.1344
 11   -59.4903     0.1137    -0.6556     0.6415    -4.4118     0.9328   -54.4071     1.0434
 12   -59.4648     0.1156    -0.8733     0.7298    -4.7376     1.0722   -53.8380     1.4841
 13   -59.4652     0.1064    -0.8298     0.6769    -4.8485     1.0109   -53.7711     1.3717
 14   -59.4762     0.1009    -0.7753     0.6361    -4.7653     0.9506   -53.9198     1.3043
 15   -59.4911     0.0985    -0.7823     0.5923    -4.6760     0.9028   -54.0170     1.2297
 16   -59.4811     0.0943    -0.8069     0.5563    -4.5982     0.8587   -54.0601     1.1535
 17   -59.4752     0.0894    -0.8939     0.5507    -4.4788     0.8412   -54.0866     1.0848
 18   -59.4679     0.0855    -0.7857     0.5625    -4.5264     0.7988   -54.1400     1.0283
 19   -59.4627     0.0816    -0.8565     0.5506    -4.5221     0.7556   -54.0683     0.9832
 20   -59.4701     0.0788    -0.7394     0.5725    -4.5600     0.7208   -54.1550     0.9487
 21   -59.4724     0.0751    -0.7277     0.5450    -4.4932     0.6985   -54.2356     0.9167
 22   -59.4640     0.0735    -0.7819     0.5309    -4.4931     0.6660   -54.1731     0.8829
 23   -59.4679     0.0707    -0.8310     0.5167    -4.8238     0.9178   -53.7973     1.1299
 24   -59.4715     0.0681    -0.8705     0.5009    -4.7233     0.9014   -53.8619     1.0895
 25   -59.4751     0.0657    -0.8346     0.4858    -4.7230     0.8646   -53.9017     1.0480
 
 
 group  inft  solvation free energy     error          difference
  total solvation free energy
   1      0        -16.05675           0.09033           0.00794
   1     60        -16.63509           1.08545          -0.57040
   1     80        -16.45607           0.09045          -0.39138
   1    100        -17.68654           0.09182          -1.62185
   2      0        -16.05783           0.09082           0.00686
   3      0        -16.06469           0.09242           0.00000
   4      0        -16.06098           0.09224           0.00370
   5      0        -16.05385           0.09283           0.01084
   5     60        -16.10689           0.09281          -0.04220
   5     80        -16.55514           0.09301          -0.49045
   5    100        -17.68475           0.09433          -1.62006
 
  contribution from  1-th solvent component
   1      0          0.51772           0.19969          -0.01262
   1     60          0.49828           0.21079          -0.03206
   1     80          0.50698           0.19967          -0.02336
   1    100          0.47578           0.19963          -0.05456
   2      0          0.52652           0.19963          -0.00382
   3      0          0.53034           0.19964           0.00000
   4      0          0.53111           0.19972           0.00077
   5      0          0.53127           0.19952           0.00092
   5     60          0.52976           0.19951          -0.00058
   5     80          0.51800           0.19949          -0.01234
   5    100          0.48970           0.19947          -0.04064
 
  contribution from  2-th solvent component
   1      0         -3.01550           0.42738           0.00653
   1     60         -3.01762           0.42727           0.00440
   1     80         -3.00962           0.42749           0.01240
   1    100         -2.99825           0.42784           0.02378
   2      0         -3.02350           0.42515          -0.00147
   3      0         -3.02202           0.42391           0.00000
   4      0         -3.02377           0.42273          -0.00174
   5      0         -3.02157           0.42325           0.00045
   5     60         -3.02049           0.42325           0.00153
   5     80         -3.01411           0.42338           0.00791
   5    100         -3.00464           0.42364           0.01739
 
  contribution from  3-th solvent component
   1      0        -13.54315           0.56288           0.01404
   1     60        -14.09993           1.15287          -0.54275
   1     80        -13.93762           0.56323          -0.38043
   1    100        -15.14825           0.56558          -1.59106
   2      0        -13.54503           0.56246           0.01216
   3      0        -13.55719           0.56317           0.00000
   4      0        -13.55251           0.56148           0.00468
   5      0        -13.54773           0.56209           0.00946
   5     60        -13.60034           0.56208          -0.04315
   5     80        -14.04321           0.56259          -0.48602
   5    100        -15.15399           0.56481          -1.59680
 
 
 group  inft   Estimated free energy: total (kcal/mol)
   1      0     -15.8941     -15.9596     -16.1722     -15.8764     -15.9143
                -16.3859     -16.1526     -15.9581     -16.2133     -16.0671
                -15.8462     -15.5912     -15.7263     -16.2257     -16.3274
                -15.9156     -16.0684     -16.1263     -16.1636     -16.6547
                -15.9054     -16.0835     -15.8608     -16.2613     -16.0688
   1     60     -15.9326     -15.9986     -16.2108     -15.9149     -15.9529
                -16.4244     -16.1908     -15.9967     -16.2518     -16.1058
                -15.8850     -15.6300     -15.7652     -16.2644     -16.3661
                -15.9541     -16.1066     -16.1649     -16.2019     -16.6935
                -15.9442     -29.6153     -15.8993     -16.2998     -16.1077
   1     80     -16.2938     -16.3604     -16.5710     -16.2759     -16.3133
                -16.7853     -16.5494     -16.3573     -16.6129     -16.4674
                -16.2472     -15.9896     -16.1263     -16.6264     -16.7282
                -16.3147     -16.4653     -16.5262     -16.5612     -17.0558
                -16.3059     -16.4813     -16.2560     -16.6609     -16.4701
   1    100     -17.5235     -17.5880     -17.8001     -17.5051     -17.5403
                -18.0222     -17.7799     -17.5876     -17.8474     -17.7005
                -17.4836     -17.2098     -17.3536     -17.8634     -17.9656
                -17.5459     -17.6935     -17.7591     -17.7884     -18.2911
                -17.5386     -17.7098     -17.4668     -17.8952     -17.7046
   2      0     -15.9131     -15.9782     -16.1599     -15.8702     -15.9226
                -16.3653     -16.1801     -15.9528     -16.2454     -16.0550
                -15.8329     -15.5737     -15.7262     -16.2364     -16.3064
                -15.9199     -16.0706     -16.1099     -16.2036     -16.6487
                -15.9162     -16.1189     -15.8395     -16.2524     -16.0480
   3      0     -15.9160     -15.9688     -16.1691     -15.8829     -15.9199
                -16.3890     -16.1919     -15.9630     -16.2543     -16.0576
                -15.8412     -15.5725     -15.7244     -16.2526     -16.3139
                -15.9237     -16.0884     -16.1193     -16.2021     -16.6556
                -15.9169     -16.1254     -15.8345     -16.2695     -16.0647
   4      0     -15.9149     -15.9727     -16.1591     -15.8879     -15.9058
                -16.3753     -16.1889     -15.9601     -16.2395     -16.0636
                -15.8389     -15.5815     -15.7112     -16.2534     -16.3113
                -15.9111     -16.0957     -16.1048     -16.2078     -16.6545
                -15.9090     -16.1238     -15.8249     -16.2676     -16.0613
   5      0     -15.9101     -15.9558     -16.1526     -15.8735     -15.8982
                -16.3840     -16.1865     -15.9435     -16.2335     -16.0498
                -15.8206     -15.5614     -15.7177     -16.2464     -16.3042
                -15.9085     -16.0885     -16.1013     -16.1939     -16.6491
                -15.9085     -16.1182     -15.8297     -16.2564     -16.0542
   5     60     -15.9631     -16.0094     -16.2056     -15.9265     -15.9512
                -16.4369     -16.2390     -15.9966     -16.2865     -16.1030
                -15.8739     -15.6146     -15.7710     -16.2996     -16.3574
                -15.9615     -16.1411     -16.1544     -16.2466     -16.7023
                -15.9618     -16.1708     -15.8825     -16.3094     -16.1076
   5     80     -16.4114     -16.4590     -16.6531     -16.3748     -16.3991
                -16.8855     -16.6847     -16.4448     -16.7354     -16.5521
                -16.3242     -16.0610     -16.2196     -16.7497     -16.8079
                -16.4099     -16.5873     -16.6036     -16.6930     -17.1522
                -16.4110     -16.6177     -16.3254     -16.7583     -16.5578
   5    100     -17.5397     -17.5865     -17.7810     -17.5026     -17.5254
                -18.0210     -17.8144     -17.5747     -17.8694     -17.6836
                -17.4598     -17.1800     -17.3459     -17.8856     -17.9448
                -17.5407     -17.7153     -17.7360     -17.8196     -18.2852
                -17.5427     -17.7463     -17.4360     -17.8916     -17.6908
 
 group  inft   Estimated free energy: 1-th solvent contribution (kcal/mol)
   1      0      -0.4009       0.5466       0.9531       0.1268       0.9423
                  0.8016       0.7307       0.9186       0.9025       0.8706
                  0.4388      -0.6256       0.7871       0.9392       0.4459
                  0.5062      -0.0061       1.2812       0.0015       1.1590
                  0.7167      -0.0064      -0.1102       0.1637       0.8601
   1     60      -0.4020       0.5455       0.9521       0.1258       0.9412
                  0.8005       0.7297       0.9175       0.9014       0.8695
                  0.4377      -0.6266       0.7860       0.9381       0.4448
                  0.5051      -0.0072       1.2801       0.0004       1.1579
                  0.7155      -0.4665      -0.1112       0.1626       0.8590
   1     80      -0.4116       0.5360       0.9425       0.1161       0.9315
                  0.7907       0.7200       0.9078       0.8918       0.8599
                  0.4281      -0.6361       0.7765       0.9284       0.4351
                  0.4955      -0.0168       1.2705      -0.0093       1.1479
                  0.7057      -0.0172      -0.1205       0.1529       0.8493
   1    100      -0.4428       0.5053       0.9117       0.0847       0.9004
                  0.7591       0.6884       0.8768       0.8607       0.8287
                  0.3975      -0.6669       0.7458       0.8968       0.4037
                  0.4642      -0.0481       1.2394      -0.0409       1.1158
                  0.6740      -0.0485      -0.1509       0.1215       0.8179
   2      0      -0.3934       0.5552       0.9632       0.1367       0.9603
                  0.8090       0.7334       0.9330       0.9085       0.8799
                  0.4546      -0.6183       0.7925       0.9427       0.4489
                  0.5163       0.0029       1.2818       0.0111       1.1660
                  0.7319       0.0026      -0.1016       0.1729       0.8728
   3      0      -0.3890       0.5637       0.9669       0.1371       0.9682
                  0.8056       0.7367       0.9364       0.9118       0.8903
                  0.4603      -0.6134       0.7954       0.9473       0.4535
                  0.5186       0.0079       1.2834       0.0167       1.1672
                  0.7400       0.0020      -0.0997       0.1765       0.8751
   4      0      -0.3878       0.5657       0.9698       0.1400       0.9680
                  0.8067       0.7359       0.9362       0.9137       0.8863
                  0.4609      -0.6171       0.7996       0.9473       0.4486
                  0.5201       0.0051       1.2837       0.0198       1.1683
                  0.7383       0.0057      -0.0974       0.1791       0.8815
   5      0      -0.3856       0.5674       0.9701       0.1415       0.9703
                  0.8057       0.7343       0.9388       0.9142       0.8857
                  0.4633      -0.6150       0.7975       0.9456       0.4493
                  0.5222       0.0067       1.2830       0.0217       1.1665
                  0.7384       0.0040      -0.0998       0.1769       0.8790
   5     60      -0.3871       0.5659       0.9686       0.1400       0.9688
                  0.8042       0.7328       0.9373       0.9127       0.8842
                  0.4618      -0.6165       0.7960       0.9440       0.4478
                  0.5207       0.0052       1.2815       0.0202       1.1649
                  0.7369       0.0025      -0.1013       0.1754       0.8775
   5     80      -0.3988       0.5543       0.9569       0.1282       0.9571
                  0.7923       0.7210       0.9255       0.9010       0.8725
                  0.4501      -0.6281       0.7843       0.9322       0.4360
                  0.5090      -0.0066       1.2696       0.0085       1.1529
                  0.7249      -0.0094      -0.1126       0.1636       0.8658
   5    100      -0.4271       0.5264       0.9290       0.0997       0.9291
                  0.7636       0.6922       0.8974       0.8728       0.8444
                  0.4221      -0.6561       0.7563       0.9036       0.4076
                  0.4808      -0.0352       1.2411      -0.0201       1.1239
                  0.6963      -0.0379      -0.1402       0.1352       0.8376
 
 group  inft   Estimated free energy: 2-th solvent contribution (kcal/mol)
   1      0      -2.6487      -4.3069      -3.2465      -2.9013      -3.5056
                 -1.8450      -1.7236      -3.0311      -2.5365      -3.3949
                 -1.9617      -4.8163      -3.6684      -2.5983      -2.4315
                 -2.4650      -2.0142      -3.2831      -3.0427      -3.3440
                 -2.0749      -2.8844      -6.6529      -2.0352      -2.9748
   1     60      -2.6481      -4.3062      -3.2458      -2.9006      -3.5049
                 -1.8442      -1.7229      -3.0304      -2.5358      -3.3942
                 -1.9610      -4.8157      -3.6677      -2.5975      -2.4308
                 -2.4643      -2.0135      -3.2824      -3.0420      -3.3433
                 -2.0743      -2.9541      -6.6523      -2.0345      -2.9741
   1     80      -2.6436      -4.3012      -3.2406      -2.8956      -3.4997
                 -1.8381      -1.7167      -3.0252      -2.5303      -3.3891
                 -1.9558      -4.8111      -3.6629      -2.5917      -2.4259
                 -2.4592      -2.0077      -3.2773      -3.0365      -3.3383
                 -2.0691      -2.8789      -6.6476      -2.0290      -2.9691
   1    100      -2.6334      -4.2906      -3.2289      -2.8840      -3.4886
                 -1.8246      -1.7024      -3.0139      -2.5180      -3.3783
                 -1.9447      -4.8021      -3.6529      -2.5784      -2.4154
                 -2.4483      -1.9944      -3.2664      -3.0240      -3.3277
                 -2.0573      -2.8680      -6.6380      -2.0167      -2.9591
   2      0      -2.6742      -4.3182      -3.2468      -2.9061      -3.5309
                 -1.8389      -1.7524      -3.0336      -2.5728      -3.3947
                 -1.9672      -4.8128      -3.6713      -2.6122      -2.4101
                 -2.4729      -2.0251      -3.2616      -3.0791      -3.3486
                 -2.0988      -2.9174      -6.6357      -2.0396      -2.9661
   3      0      -2.6673      -4.3127      -3.2470      -2.9041      -3.5227
                 -1.8420      -1.7537      -3.0329      -2.5701      -3.3912
                 -1.9651      -4.8065      -3.6657      -2.6181      -2.4100
                 -2.4683      -2.0375      -3.2624      -3.0739      -3.3468
                 -2.0983      -2.9101      -6.6261      -2.0455      -2.9726
   4      0      -2.6728      -4.3142      -3.2552      -2.9191      -3.5139
                 -1.8410      -1.7620      -3.0347      -2.5662      -3.3936
                 -1.9673      -4.8074      -3.6627      -2.6226      -2.4061
                 -2.4651      -2.0458      -3.2571      -3.0719      -3.3561
                 -2.1044      -2.9076      -6.6137      -2.0531      -2.9806
   5      0      -2.6694      -4.3103      -3.2476      -2.9086      -3.5174
                 -1.8471      -1.7599      -3.0294      -2.5653      -3.3870
                 -1.9601      -4.7949      -3.6700      -2.6176      -2.4039
                 -2.4663      -2.0442      -3.2569      -3.0743      -3.3534
                 -2.1017      -2.9109      -6.6242      -2.0442      -2.9748
   5     60      -2.6684      -4.3092      -3.2465      -2.9075      -3.5164
                 -1.8459      -1.7588      -3.0283      -2.5642      -3.3859
                 -1.9591      -4.7939      -3.6689      -2.6164      -2.4029
                 -2.4652      -2.0430      -3.2558      -3.0731      -3.3523
                 -2.1006      -2.9099      -6.6231      -2.0431      -2.9738
   5     80      -2.6625      -4.3030      -3.2401      -2.9013      -3.5100
                 -1.8385      -1.7510      -3.0219      -2.5575      -3.3797
                 -1.9529      -4.7884      -3.6629      -2.6093      -2.3970
                 -2.4590      -2.0361      -3.2497      -3.0661      -3.3461
                 -2.0942      -2.9036      -6.6174      -2.0364      -2.9679
   5    100      -2.6539      -4.2940      -3.2302      -2.8915      -3.5007
                 -1.8274      -1.7388      -3.0126      -2.5475      -3.3708
                 -1.9438      -4.7810      -3.6544      -2.5983      -2.3889
                 -2.4500      -2.0252      -3.2409      -3.0553      -3.3370
                 -2.0844      -2.8941      -6.6092      -2.0263      -2.9597
 
 group  inft   Estimated free energy: 3-th solvent contribution (kcal/mol)
   1      0     -12.8286     -12.1834     -13.8630     -13.0861     -13.3352
                -15.3268     -15.1439     -13.8297     -14.5635     -13.5270
                -14.3075     -10.1335     -12.8292     -14.5508     -14.3259
                -13.9409     -14.0323     -14.1086     -13.1065     -14.4540
                -14.5313     -13.1768      -9.0819     -14.3739     -13.9383
   1     60     -12.8668     -12.2221     -13.9012     -13.1243     -13.3733
                -15.3649     -15.1818     -13.8679     -14.6017     -13.5654
                -14.3459     -10.1719     -12.8677     -14.5892     -14.3642
                -13.9791     -14.0701     -14.1468     -13.1445     -14.4923
                -14.5697     -26.1790      -9.1200     -14.4120     -13.9768
   1     80     -13.2228     -12.5794     -14.2570     -13.4805     -13.7293
                -15.7220     -15.5369     -14.2241     -14.9586     -13.9223
                -14.7037     -10.5265     -13.2241     -14.9472     -14.7216
                -14.3351     -14.4249     -14.5035     -13.4996     -14.8496
                -14.9266     -13.5694      -9.4721     -14.7690     -14.3344
   1    100     -14.4315     -13.7868     -15.4671     -14.6900     -14.9362
                -16.9409     -16.7501     -15.4347     -16.1743     -15.1350
                -15.9206     -11.7250     -14.4306     -16.1660     -15.9381
                -15.5460     -15.6352     -15.7163     -14.7076     -16.0634
                -16.1395     -14.7775     -10.6621     -15.9842     -15.5476
   2      0     -12.8297     -12.1993     -13.8605     -13.0849     -13.3362
                -15.3197     -15.1453     -13.8364     -14.5652     -13.5244
                -14.3044     -10.1268     -12.8315     -14.5510     -14.3294
                -13.9475     -14.0325     -14.1143     -13.1197     -14.4503
                -14.5335     -13.1882      -9.0864     -14.3699     -13.9388
   3      0     -12.8439     -12.2040     -13.8732     -13.1000     -13.3496
                -15.3367     -15.1591     -13.8507     -14.5801     -13.5408
                -14.3207     -10.1368     -12.8383     -14.5660     -14.3417
                -13.9581     -14.0431     -14.1245     -13.1290     -14.4602
                -14.5429     -13.2015      -9.0929     -14.3846     -13.9514
   4      0     -12.8384     -12.2084     -13.8579     -13.0929     -13.3440
                -15.3252     -15.1469     -13.8458     -14.5711     -13.5404
                -14.3168     -10.1411     -12.8323     -14.5623     -14.3381
                -13.9502     -14.0392     -14.1155     -13.1400     -14.4508
                -14.5271     -13.2061      -9.0980     -14.3777     -13.9464
   5      0     -12.8393     -12.1971     -13.8593     -13.0906     -13.3352
                -15.3269     -15.1451     -13.8371     -14.5666     -13.5327
                -14.3079     -10.1357     -12.8294     -14.5586     -14.3338
                -13.9486     -14.0352     -14.1116     -13.1256     -14.4463
                -14.5295     -13.1954      -9.0899     -14.3733     -13.9426
   5     60     -12.8918     -12.2503     -13.9119     -13.1432     -13.3878
                -15.3794     -15.1972     -13.8897     -14.6192     -13.5855
                -14.3607     -10.1884     -12.8823     -14.6114     -14.3865
                -14.0012     -14.0874     -14.1642     -13.1779     -14.4991
                -14.5822     -13.2476      -9.1423     -14.4259     -13.9955
   5     80     -13.3342     -12.6945     -14.3541     -13.5858     -13.8304
                -15.8234     -15.6388     -14.3326     -15.0631     -14.0290
                -14.8056     -10.6287     -13.3251     -15.0567     -14.8311
                -14.4440     -14.5287     -14.6077     -13.6195     -14.9431
                -15.0259     -13.6890      -9.5796     -14.8696     -14.4399
   5    100     -14.4429     -13.8031     -15.4640     -14.6950     -14.9379
                -16.9415     -16.7520     -15.4437     -16.1789     -15.1413
                -15.9223     -11.7271     -14.4319     -16.1751     -15.9477
                -15.5557     -15.6390     -15.7205     -14.7284     -16.0563
                -16.1388     -14.7984     -10.6708     -15.9846     -15.5529
 
 
 cumulative average & 95% error for solvation free energy
              total             1st component         2nd component         3rd component
  1   -15.9160     0.0000    -0.3890     0.0000    -2.6673     0.0000   -12.8439     0.0000
  2   -15.9424     0.0528     0.0874     0.9527    -3.4900     1.6454   -12.5239     0.6399
  3   -16.0180     0.1542     0.3805     0.8039    -3.4090     0.9637   -12.9737     0.9724
  4   -15.9842     0.1282     0.3197     0.5814    -3.2828     0.7267   -13.0053     0.6905
  5   -15.9713     0.1026     0.4494     0.5197    -3.3308     0.5710   -13.0741     0.5523
  6   -16.0409     0.1625     0.5087     0.4406    -3.0826     0.6809   -13.4512     0.8787
  7   -16.0625     0.1439     0.5413     0.3781    -2.8928     0.6894   -13.6952     0.8886
  8   -16.0501     0.1271     0.5907     0.3420    -2.9103     0.5981   -13.7146     0.7706
  9   -16.0728     0.1209     0.6264     0.3099    -2.8725     0.5329   -13.8108     0.7063
 10   -16.0712     0.1082     0.6528     0.2822    -2.9244     0.4878   -13.7838     0.6340
 11   -16.0503     0.1064     0.6353     0.2576    -2.8372     0.4744   -13.8326     0.5817
 12   -16.0105     0.1256     0.5312     0.3140    -3.0013     0.5434   -13.5246     0.8133
 13   -15.9885     0.1237     0.5515     0.2917    -3.0524     0.5102   -13.4718     0.7555
 14   -16.0074     0.1205     0.5798     0.2759    -3.0214     0.4764   -13.5500     0.7167
 15   -16.0278     0.1194     0.5714     0.2574    -2.9806     0.4510   -13.6028     0.6755
 16   -16.0213     0.1125     0.5681     0.2409    -2.9486     0.4267   -13.6250     0.6335
 17   -16.0252     0.1059     0.5351     0.2357    -2.8950     0.4149   -13.6496     0.5971
 18   -16.0305     0.1004     0.5767     0.2373    -2.9154     0.3933   -13.6760     0.5654
 19   -16.0395     0.0967     0.5472     0.2320    -2.9238     0.3724   -13.6472     0.5379
 20   -16.0703     0.1105     0.5782     0.2287    -2.9449     0.3558   -13.6878     0.5167
 21   -16.0630     0.1061     0.5859     0.2181    -2.9046     0.3479   -13.7285     0.4982
 22   -16.0658     0.1013     0.5594     0.2146    -2.9048     0.3317   -13.7046     0.4774
 23   -16.0558     0.0989     0.5307     0.2129    -3.0666     0.4529   -13.5041     0.6074
 24   -16.0647     0.0964     0.5160     0.2060    -3.0241     0.4419   -13.5408     0.5861
 25   -16.0647     0.0924     0.5303     0.1996    -3.0220     0.4239   -13.5572     0.5632
