Lmod has detected the following error: These module(s) exist but cannot be
loaded as requested: "hwloc/1.11.11"
   Try: "module spider hwloc/1.11.11" to see how to load the module(s).



Lmod has detected the following error: These module(s) exist but cannot be
loaded as requested: "hwloc/1.11.11"
   Try: "module spider hwloc/1.11.11" to see how to load the module(s).



 ERmod 0.3.7, Copyright (C) 2000-2019 Nobuyuki Matubayasi
                            2010-2019 Shun Sakuraba
 ERmod comes with ABSOLUTELY NO WARRANTY.
 This is free software, and you can redistribute it
 and/or modify it under certain conditions.
 See LICENSE file for details.
Opening: "/home/hervoe/snic2020-6-15/hervoe/temp/Simulations/CsI/2.00/trajectory_sol_full.xtc"...
  Trying plugin "Gromacs XTC Compressed Trajectory"...OK
 ERmod 0.3.7, Copyright (C) 2000-2019 Nobuyuki Matubayasi
                            2010-2019 Shun Sakuraba
 ERmod comes with ABSOLUTELY NO WARRANTY.
 This is free software, and you can redistribute it
 and/or modify it under certain conditions.
 See LICENSE file for details.
Opening: "/home/hervoe/snic2020-6-15/hervoe/temp/Simulations/CsI/2.00/trajectory_ref_full.xtc"...
  Trying plugin "Gromacs XTC Compressed Trajectory"...OK
Opening: "/home/hervoe/snic2020-6-15/hervoe/temp/Simulations/Solute_new/trajectory_solute.xtc"...
  Trying plugin "Gromacs XTC Compressed Trajectory"...OK
Opening: "/home/hervoe/snic2020-6-15/hervoe/temp/Simulations/Solute_new/trajectory_solute.xtc"...
  Trying plugin "Gromacs XTC Compressed Trajectory"...OK
Opening: "/home/hervoe/snic2020-6-15/hervoe/temp/Simulations/Solute_new/trajectory_solute.xtc"...
  Trying plugin "Gromacs XTC Compressed Trajectory"...OK
Opening: "/home/hervoe/snic2020-6-15/hervoe/temp/Simulations/Solute_new/trajectory_solute.xtc"...
  Trying plugin "Gromacs XTC Compressed Trajectory"...OK
Opening: "/home/hervoe/snic2020-6-15/hervoe/temp/Simulations/Solute_new/trajectory_solute.xtc"...
  Trying plugin "Gromacs XTC Compressed Trajectory"...OK
Opening: "/home/hervoe/snic2020-6-15/hervoe/temp/Simulations/Solute_new/trajectory_solute.xtc"...
  Trying plugin "Gromacs XTC Compressed Trajectory"...OK
Opening: "/home/hervoe/snic2020-6-15/hervoe/temp/Simulations/Solute_new/trajectory_solute.xtc"...
  Trying plugin "Gromacs XTC Compressed Trajectory"...OK
Opening: "/home/hervoe/snic2020-6-15/hervoe/temp/Simulations/Solute_new/trajectory_solute.xtc"...
  Trying plugin "Gromacs XTC Compressed Trajectory"...OK
Opening: "/home/hervoe/snic2020-6-15/hervoe/temp/Simulations/Solute_new/trajectory_solute.xtc"...
  Trying plugin "Gromacs XTC Compressed Trajectory"...OK
Opening: "/home/hervoe/snic2020-6-15/hervoe/temp/Simulations/Solute_new/trajectory_solute.xtc"...
  Trying plugin "Gromacs XTC Compressed Trajectory"...OK
 
  Number of the   1-th solvent  =           36
  Number of the   2-th solvent  =           36
  Number of the   3-th solvent  =         1000
 
  Be sure that the solvent distribution is homogeneous (radial distribution function is essentially unity) when the solvent molecule is separated beyond distance of   10.0 Angstrom in any direction from any atom within the solute molecule
 
  LJ long-range correction    =        -0.0991     -0.0399     -0.7985
 
  Self-energy of the solute   =        -0.0146  kcal/mol
 
 
 cumulative average & 95% error for solvation energy
              total             1st component         2nd component         3rd component
  1   -58.8170               -3.5867               -3.9035              -51.3123
  2   -58.7009     0.2322    -2.3135     2.5464    -5.6087     3.4104   -50.7641     1.0963
  3   -58.8115     0.2586    -2.3248     1.4703    -5.5537     1.9721   -50.9184     0.7042
  4   -58.8507     0.1990    -2.1248     1.1139    -5.4705     1.4044   -51.2408     0.8146
  5   -58.8391     0.1559    -2.1521     0.8645    -5.6142     1.1251   -51.0582     0.7291
  6   -58.8666     0.1387    -1.8501     0.9289    -5.7799     0.9766   -51.2219     0.6794
  7   -58.9026     0.1375    -2.0722     0.9020    -5.7475     0.8279   -51.0682     0.6513
  8   -58.8883     0.1225    -1.9521     0.8173    -5.8276     0.7347   -51.0940     0.5664
  9   -58.8897     0.1081    -1.8918     0.7308    -5.8475     0.6491   -51.1357     0.5064
 10   -58.8388     0.1404    -2.0957     0.7704    -6.2052     0.9213   -50.5233     1.3060
 11   -58.8874     0.1599    -1.9004     0.7988    -6.0675     0.8777   -50.9049     1.4064
 12   -58.8907     0.1462    -1.8589     0.7340    -6.0561     0.8016   -50.9611     1.2888
 13   -58.9079     0.1387    -1.8778     0.6762    -6.0589     0.7373   -50.9565     1.1856
 14   -58.9030     0.1288    -1.6992     0.7209    -6.3446     0.8902   -50.8446     1.1202
 15   -58.8904     0.1225    -1.6954     0.6711    -6.3876     0.8332   -50.7928     1.0480
 16   -58.8922     0.1147    -1.6302     0.6412    -6.3553     0.7820   -50.8921     1.0002
 17   -58.8978     0.1083    -1.5437     0.6267    -6.2823     0.7489   -51.0571     0.9958
 18   -58.8947     0.1023    -1.5232     0.5922    -6.2448     0.7101   -51.1121     0.9453
 19   -58.8808     0.1007    -1.4790     0.5671    -6.3546     0.7067   -51.0325     0.9082
 20   -58.8693     0.0982    -1.5605     0.5622    -6.2585     0.6974   -51.0357     0.8616
 21   -58.8789     0.0954    -1.6181     0.5470    -6.1594     0.6924   -51.0868     0.8259
 22   -58.8757     0.0912    -1.6187     0.5215    -6.1509     0.6604   -51.0915     0.7876
 23   -58.8880     0.0906    -1.6262     0.4986    -6.0685     0.6522   -51.1787     0.7725
 24   -58.8838     0.0871    -1.5973     0.4808    -6.0967     0.6269   -51.1752     0.7396
 25   -58.8747     0.0855    -1.5446     0.4731    -6.1572     0.6134   -51.1582     0.7102
 
 
 group  inft  solvation free energy     error          difference
  total solvation free energy
   1      0        -16.19089           0.06924          -0.00424
   1     60        -16.75063           1.01139          -0.56398
   1     80        -16.64365           0.06903          -0.45700
   1    100        -17.94476           0.06855          -1.75811
   2      0        -16.18285           0.06887           0.00381
   3      0        -16.18666           0.06760           0.00000
   4      0        -16.18649           0.06848           0.00017
   5      0        -16.17724           0.06875           0.00942
   5     60        -16.24072           0.06872          -0.05407
   5     80        -16.74252           0.06848          -0.55586
   5    100        -17.93241           0.06801          -1.74576
 
  contribution from  1-th solvent component
   1      0          1.01145           0.22451          -0.01155
   1     60          0.97512           0.21608          -0.04787
   1     80          0.98827           0.22454          -0.03472
   1    100          0.92509           0.22463          -0.09791
   2      0          1.01990           0.22391          -0.00309
   3      0          1.02299           0.22376           0.00000
   4      0          1.02566           0.22355           0.00266
   5      0          1.02584           0.22362           0.00285
   5     60          1.02242           0.22362          -0.00057
   5     80          0.99712           0.22363          -0.02587
   5    100          0.93979           0.22367          -0.08320
 
  contribution from  2-th solvent component
   1      0         -3.92521           0.28794          -0.01031
   1     60         -3.94746           0.29226          -0.03256
   1     80         -3.93653           0.28795          -0.02163
   1    100         -3.97349           0.28796          -0.05859
   2      0         -3.91928           0.28811          -0.00438
   3      0         -3.91490           0.28726           0.00000
   4      0         -3.91756           0.28776          -0.00266
   5      0         -3.91478           0.28732           0.00012
   5     60         -3.91619           0.28732          -0.00129
   5     80         -3.92932           0.28732          -0.01442
   5    100         -3.96316           0.28733          -0.04827
 
  contribution from  3-th solvent component
   1      0        -13.26253           0.32942           0.01762
   1     60        -13.76369           1.00696          -0.48354
   1     80        -13.68079           0.33004          -0.40064
   1    100        -14.88176           0.33169          -1.60161
   2      0        -13.26887           0.32914           0.01128
   3      0        -13.28015           0.32928           0.00000
   4      0        -13.27998           0.32816           0.00017
   5      0        -13.27370           0.32854           0.00645
   5     60        -13.33236           0.32862          -0.05221
   5     80        -13.79572           0.32932          -0.51557
   5    100        -14.89443           0.33086          -1.61429
 
 
 group  inft   Estimated free energy: total (kcal/mol)
   1      0     -16.3195     -16.2563     -16.1993     -16.0497     -16.2773
                -15.9807     -16.0979     -16.2797     -16.0905     -16.2938
                -16.1311     -16.1631     -16.2099     -16.3518     -16.1148
                -15.9236     -16.0841     -16.4600     -16.4709     -16.5456
                -15.9099     -16.4201     -16.0332     -16.0459     -16.0634
   1     60     -16.3661     -16.3024     -16.2455     -16.0962     -16.3236
                -28.8607     -16.1439     -16.3261     -16.1368     -16.3398
                -16.1782     -16.2097     -16.2564     -16.3980     -16.1612
                -15.9701     -16.1307     -16.5065     -16.5171     -16.5921
                -15.9564     -16.4663     -16.0799     -16.0922     -16.1099
   1     80     -16.7742     -16.7065     -16.6512     -16.5033     -16.7299
                -16.4334     -16.5484     -16.7328     -16.5427     -16.7425
                -16.5883     -16.6184     -16.6633     -16.8025     -16.5673
                -16.3773     -16.5385     -16.9130     -16.9217     -16.9994
                -16.3642     -16.8712     -16.4887     -16.4966     -16.5160
   1    100     -18.0807     -18.0010     -17.9499     -17.8061     -18.0313
                -17.7351     -17.8437     -18.0354     -17.8443     -18.0322
                -17.8986     -17.9265     -17.9660     -18.0987     -17.8674
                -17.6808     -17.8441     -18.2152     -18.2174     -18.3026
                -17.6705     -18.1697     -17.7965     -17.7906     -17.8149
   2      0     -16.3071     -16.2438     -16.1902     -16.0326     -16.2591
                -15.9784     -16.0935     -16.2816     -16.0827     -16.2791
                -16.1460     -16.1484     -16.2076     -16.3463     -16.1053
                -15.9056     -16.0724     -16.4473     -16.4703     -16.5278
                -15.9130     -16.4142     -16.0203     -16.0457     -16.0527
   3      0     -16.3062     -16.2496     -16.1998     -16.0430     -16.2624
                -15.9841     -16.1018     -16.2863     -16.0856     -16.2779
                -16.1523     -16.1462     -16.2057     -16.3504     -16.1124
                -15.9181     -16.0854     -16.4478     -16.4620     -16.5244
                -15.9138     -16.4164     -16.0304     -16.0486     -16.0555
   4      0     -16.3123     -16.2383     -16.2097     -16.0294     -16.2685
                -15.9762     -16.0938     -16.2891     -16.0822     -16.2955
                -16.1580     -16.1590     -16.2238     -16.3508     -16.1112
                -15.9158     -16.0723     -16.4501     -16.4582     -16.5214
                -15.9167     -16.4128     -16.0303     -16.0386     -16.0483
   5      0     -16.2975     -16.2408     -16.1875     -16.0302     -16.2557
                -15.9636     -16.0828     -16.2762     -16.0786     -16.2798
                -16.1493     -16.1477     -16.1977     -16.3428     -16.1026
                -15.9020     -16.0713     -16.4403     -16.4529     -16.5224
                -15.9015     -16.4079     -16.0224     -16.0376     -16.0396
   5     60     -16.3613     -16.3039     -16.2507     -16.0939     -16.3191
                -16.0271     -16.1457     -16.3397     -16.1420     -16.3429
                -16.2136     -16.2115     -16.2613     -16.4060     -16.1661
                -15.9656     -16.1350     -16.5038     -16.5161     -16.5861
                -15.9652     -16.4710     -16.0862     -16.1009     -16.1033
   5     80     -16.8650     -16.8031     -16.7517     -16.5966     -16.8204
                -16.5287     -16.6451     -16.8423     -16.6434     -16.8398
                -16.7202     -16.7156     -16.7640     -16.9056     -16.6675
                -16.4682     -16.6388     -17.0059     -17.0155     -17.0889
                -16.4691     -16.9710     -16.5908     -16.6005     -16.6049
   5    100     -18.0589     -17.9874     -17.9395     -17.7886     -18.0095
                -17.7190     -17.8292     -18.0343     -17.8339     -18.0185
                -17.9190     -17.9103     -17.9561     -18.0912     -17.8567
                -17.6594     -17.8330     -18.1969     -18.2003     -18.2805
                -17.6649     -18.1583     -17.7861     -17.7851     -17.7936
 
 group  inft   Estimated free energy: 1-th solvent contribution (kcal/mol)
   1      0       0.1487       1.1715       0.7195       1.0963       0.5882
                  1.7468       0.3005       1.0863       1.1904      -0.3147
                  1.8773       1.0142       0.8586       1.7612       0.9651
                  1.5658       1.7578       1.0820       1.0318       0.0503
                  0.6892       0.8757       1.1231       1.3365       1.5642
   1     60       0.1461       1.1689       0.7169       1.0937       0.5856
                  0.9007       0.2979       1.0837       1.1878      -0.3173
                  1.8746       1.0116       0.8560       1.7586       0.9625
                  1.5632       1.7553       1.0795       1.0291       0.0476
                  0.6866       0.8732       1.1205       1.3340       1.5616
   1     80       0.1253       1.1486       0.6964       1.0728       0.5648
                  1.7237       0.2772       1.0630       1.1673      -0.3375
                  1.8540       0.9905       0.8353       1.7382       0.9418
                  1.5425       1.7349       1.0590       1.0084       0.0267
                  0.6660       0.8527       1.1001       1.3137       1.5414
   1    100       0.0617       1.0863       0.6332       1.0086       0.5009
                  1.6609       0.2136       0.9993       1.1044      -0.4000
                  1.7905       0.9257       0.7718       1.6754       0.8784
                  1.4791       1.6727       0.9965       0.9446      -0.0373
                  0.6026       0.7898       1.0374       1.2514       1.4796
   2      0       0.1608       1.1803       0.7262       1.1069       0.5961
                  1.7540       0.3089       1.0939       1.2005      -0.3015
                  1.8757       1.0218       0.8686       1.7692       0.9775
                  1.5747       1.7641       1.0899       1.0405       0.0573
                  0.7025       0.8827       1.1303       1.3452       1.5717
   3      0       0.1615       1.1825       0.7260       1.1128       0.6030
                  1.7562       0.3099       1.0954       1.2050      -0.2995
                  1.8801       1.0315       0.8704       1.7683       0.9803
                  1.5753       1.7639       1.0939       1.0501       0.0624
                  0.7070       0.8860       1.1324       1.3475       1.5731
   4      0       0.1659       1.1914       0.7253       1.1157       0.6022
                  1.7594       0.3162       1.1011       1.2043      -0.2914
                  1.8783       1.0303       0.8738       1.7703       0.9795
                  1.5773       1.7702       1.0984       1.0542       0.0617
                  0.7106       0.8876       1.1351       1.3484       1.5758
   5      0       0.1661       1.1862       0.7308       1.1164       0.6034
                  1.7629       0.3149       1.1010       1.2062      -0.2965
                  1.8740       1.0340       0.8740       1.7696       0.9816
                  1.5777       1.7703       1.0972       1.0543       0.0637
                  0.7122       0.8849       1.1344       1.3491       1.5776
   5     60       0.1627       1.1828       0.7274       1.1130       0.6000
                  1.7595       0.3115       1.0976       1.2028      -0.2998
                  1.8705       1.0306       0.8705       1.7662       0.9781
                  1.5743       1.7669       1.0938       1.0509       0.0602
                  0.7088       0.8815       1.1310       1.3457       1.5741
   5     80       0.1374       1.1578       0.7020       1.0876       0.5745
                  1.7343       0.2862       1.0722       1.1776      -0.3247
                  1.8450       1.0050       0.8450       1.7411       0.9528
                  1.5489       1.7417       1.0685       1.0254       0.0345
                  0.6835       0.8563       1.1057       1.3208       1.5490
   5    100       0.0801       1.1009       0.6446       1.0299       0.5168
                  1.6773       0.2288       1.0146       1.1204      -0.3814
                  1.7873       0.9469       0.7874       1.6841       0.8952
                  1.4914       1.6848       1.0114       0.9678      -0.0236
                  0.6260       0.7990       1.0485       1.2642       1.4923
 
 group  inft   Estimated free energy: 2-th solvent contribution (kcal/mol)
   1      0      -3.0999      -4.5881      -3.5941      -3.3852      -3.9315
                 -4.0269      -3.5565      -4.0282      -3.8102      -5.6050
                 -3.1578      -3.7219      -3.9270      -5.6511      -4.3219
                 -3.6452      -3.3827      -3.8521      -4.9268      -3.3622
                 -2.8679      -3.9624      -2.9957      -4.1556      -4.5743
   1     60      -3.1010      -4.5891      -3.5951      -3.3863      -3.9326
                 -4.5569      -3.5575      -4.0293      -3.8113      -5.6061
                 -3.1589      -3.7230      -3.9282      -5.6522      -4.3230
                 -3.6462      -3.3838      -3.8532      -4.9279      -3.3633
                 -2.8690      -3.9635      -2.9967      -4.1567      -4.5755
   1     80      -3.1116      -4.5991      -3.6052      -3.3966      -3.9429
                 -4.0381      -3.5674      -4.0396      -3.8217      -5.6165
                 -3.1684      -3.7336      -3.9386      -5.6625      -4.3333
                 -3.6563      -3.3941      -3.8632      -4.9381      -3.3738
                 -2.8793      -3.9738      -3.0066      -4.1670      -4.5858
   1    100      -3.1499      -4.6354      -3.6417      -3.4332      -3.9802
                 -4.0746      -3.6034      -4.0765      -3.8594      -5.6540
                 -3.2038      -3.7716      -3.9765      -5.6994      -4.3702
                 -3.6924      -3.4321      -3.8998      -4.9745      -3.4111
                 -2.9163      -4.0108      -3.0433      -4.2039      -4.6233
   2      0      -3.0930      -4.5772      -3.5852      -3.3769      -3.9183
                 -4.0296      -3.5490      -4.0270      -3.7996      -5.5942
                 -3.1631      -3.7032      -3.9207      -5.6470      -4.3190
                 -3.6378      -3.3703      -3.8476      -4.9310      -3.3497
                 -2.8677      -3.9602      -2.9888      -4.1564      -4.5696
   3      0      -3.0858      -4.5743      -3.5812      -3.3727      -3.9168
                 -4.0246      -3.5489      -4.0223      -3.7994      -5.5848
                 -3.1634      -3.7031      -3.9118      -5.6400      -4.3169
                 -3.6357      -3.3714      -3.8396      -4.9207      -3.3425
                 -2.8666      -3.9525      -2.9894      -4.1499      -4.5579
   4      0      -3.0942      -4.5754      -3.5840      -3.3693      -3.9221
                 -4.0298      -3.5445      -4.0271      -3.7939      -5.5935
                 -3.1687      -3.7062      -3.9203      -5.6433      -4.3175
                 -3.6379      -3.3715      -3.8504      -4.9256      -3.3432
                 -2.8643      -3.9547      -2.9907      -4.1475      -4.5636
   5      0      -3.0859      -4.5756      -3.5844      -3.3736      -3.9177
                 -4.0228      -3.5420      -4.0215      -3.8023      -5.5892
                 -3.1641      -3.7057      -3.9140      -5.6389      -4.3119
                 -3.6302      -3.3755      -3.8406      -4.9223      -3.3457
                 -2.8625      -3.9501      -2.9916      -4.1456      -4.5558
   5     60      -3.0873      -4.5769      -3.5858      -3.3751      -3.9191
                 -4.0242      -3.5433      -4.0229      -3.8037      -5.5906
                 -3.1654      -3.7072      -3.9155      -5.6403      -4.3133
                 -3.6316      -3.3769      -3.8419      -4.9237      -3.3472
                 -2.8640      -3.9515      -2.9930      -4.1470      -4.5572
   5     80      -3.1009      -4.5897      -3.5987      -3.3883      -3.9323
                 -4.0372      -3.5561      -4.0361      -3.8170      -5.6039
                 -3.1779      -3.7205      -3.9289      -5.6534      -4.3266
                 -3.6445      -3.3901      -3.8550      -4.9368      -3.3607
                 -2.8773      -3.9646      -3.0058      -4.1602      -4.5705
   5    100      -3.1358      -4.6229      -3.6321      -3.4222      -3.9661
                 -4.0707      -3.5889      -4.0702      -3.8515      -5.6381
                 -3.2105      -3.7544      -3.9636      -5.6872      -4.3607
                 -3.6776      -3.4245      -3.8886      -4.9704      -3.3948
                 -2.9115      -3.9984      -3.0394      -4.1943      -4.6046
 
 group  inft   Estimated free energy: 3-th solvent contribution (kcal/mol)
   1      0     -13.3537     -12.8251     -13.3102     -13.7462     -12.9194
                -13.6860     -12.8273     -13.3232     -13.4561     -10.3595
                -14.8360     -13.4408     -13.1269     -12.4472     -12.7434
                -13.8296     -14.4447     -13.6754     -12.5612     -13.2191
                -13.7166     -13.3188     -14.1460     -13.2123     -13.0386
   1     60     -13.3965     -12.8676     -13.3527     -13.7890     -12.9621
                -25.1899     -12.8697     -13.3659     -13.4987     -10.4019
                -14.8793     -13.4837     -13.1697     -12.4898     -12.7861
                -13.8724     -14.4875     -13.7181     -12.6037     -13.2618
                -13.7594     -13.3613     -14.1891     -13.2548     -13.0814
   1     80     -13.7733     -13.2414     -13.7278     -14.1649     -13.3372
                -14.1044     -13.2436     -13.7416     -13.8737     -10.7739
                -15.2593     -13.8607     -13.5453     -12.8636     -13.1613
                -14.2489     -14.8647     -14.0942     -12.9773     -13.6377
                -14.1363     -13.7355     -14.5675     -13.6287     -13.4569
   1    100     -14.9779     -14.4372     -14.9268     -15.3669     -14.5375
                -15.3068     -14.4394     -14.9435     -15.0746     -11.9637
                -16.4708     -15.0660     -14.7468     -14.0601     -14.3609
                -15.4528     -16.0701     -15.2973     -14.1729     -14.8395
                -15.3421     -14.9341     -15.7760     -14.8235     -14.6567
   2      0     -13.3603     -12.8324     -13.3165     -13.7480     -12.9223
                -13.6882     -12.8388     -13.3338     -13.4691     -10.3687
                -14.8440     -13.4525     -13.1408     -12.4540     -12.7492
                -13.8279     -14.4516     -13.6749     -12.5652     -13.2208
                -13.7332     -13.3221     -14.1473     -13.2200     -13.0402
   3      0     -13.3673     -12.8433     -13.3300     -13.7685     -12.9339
                -13.7010     -12.8482     -13.3448     -13.4765     -10.3790
                -14.8544     -13.4600     -13.1496     -12.4642     -12.7612
                -13.8430     -14.4633     -13.6876     -12.5768     -13.2297
                -13.7396     -13.3353     -14.1588     -13.2316     -13.0561
   4      0     -13.3694     -12.8397     -13.3363     -13.7612     -12.9340
                -13.6913     -12.8509     -13.3485     -13.4780     -10.3960
                -14.8530     -13.4685     -13.1627     -12.4633     -12.7585
                -13.8406     -14.4564     -13.6836     -12.5722     -13.2253
                -13.7484     -13.3310     -14.1601     -13.2249     -13.0459
   5      0     -13.3632     -12.8368     -13.3193     -13.7584     -12.9269
                -13.6891     -12.8411     -13.3412     -13.4680     -10.3796
                -14.8446     -13.4614     -13.1430     -12.4589     -12.7576
                -13.8350     -14.4515     -13.6823     -12.5703     -13.2258
                -13.7366     -13.3281     -14.1506     -13.2265     -13.0468
   5     60     -13.4221     -12.8952     -13.3777     -13.8172     -12.9854
                -13.7477     -12.8994     -13.3998     -13.5265     -10.4378
                -14.9041     -13.5203     -13.2017     -12.5173     -12.8163
                -13.8937     -14.5104     -13.7411     -12.6287     -13.2845
                -13.7954     -13.3864     -14.2096     -13.2850     -13.1056
   5     80     -13.8869     -13.3565     -13.8404     -14.2813     -13.4480
                -14.2112     -13.3607     -13.8638     -13.9894     -10.8966
                -15.3728     -13.9855     -13.6655     -12.9787     -13.2791
                -14.3579     -14.9758     -14.2049     -13.0895     -13.7482
                -14.2607     -13.8481     -14.6761     -13.7465     -13.5689
   5    100     -14.9885     -14.4508     -14.9373     -15.3817     -14.5456
                -15.3109     -14.4546     -14.9642     -15.0882     -11.9843
                -16.4812     -15.0881     -14.7653     -14.0735     -14.3766
                -15.4585     -16.0787     -15.3051     -14.1831     -14.8474
                -15.3649     -14.9444     -15.7806     -14.8404     -14.6668
 
 
 cumulative average & 95% error for solvation free energy
              total             1st component         2nd component         3rd component
  1   -16.3062     0.0000     0.1615     0.0000    -3.0858     0.0000   -13.3673     0.0000
  2   -16.2779     0.0566     0.6720     1.0210    -3.8300     1.4885   -13.1053     0.5241
  3   -16.2519     0.0615     0.6900     0.5906    -3.7471     0.8752   -13.1802     0.3376
  4   -16.1997     0.1131     0.7957     0.4681    -3.6535     0.6466   -13.3273     0.3789
  5   -16.2122     0.0911     0.7572     0.3707    -3.7062     0.5118   -13.2486     0.3330
  6   -16.1742     0.1064     0.9237     0.4500    -3.7592     0.4312   -13.3240     0.3109
  7   -16.1639     0.0923     0.8360     0.4188    -3.7292     0.3693   -13.2560     0.2958
  8   -16.1792     0.0856     0.8684     0.3684    -3.7658     0.3281   -13.2671     0.2572
  9   -16.1688     0.0783     0.9058     0.3334    -3.7696     0.2895   -13.2904     0.2315
 10   -16.1797     0.0733     0.7853     0.3835    -3.9511     0.4459   -12.9993     0.6180
 11   -16.1772     0.0665     0.8848     0.3999    -3.8795     0.4280   -13.1679     0.6529
 12   -16.1746     0.0609     0.8970     0.3659    -3.8648     0.3918   -13.1922     0.5980
 13   -16.1770     0.0563     0.8950     0.3366    -3.8684     0.3605   -13.1890     0.5501
 14   -16.1894     0.0577     0.9574     0.3357    -3.9949     0.4189   -13.1372     0.5197
 15   -16.1843     0.0547     0.9589     0.3125    -4.0164     0.3923   -13.1121     0.4864
 16   -16.1676     0.0610     0.9974     0.3023    -3.9926     0.3700   -13.1578     0.4641
 17   -16.1628     0.0581     1.0425     0.2979    -3.9561     0.3552   -13.2346     0.4622
 18   -16.1786     0.0633     1.0454     0.2810    -3.9496     0.3351   -13.2598     0.4387
 19   -16.1935     0.0669     1.0456     0.2658    -4.0007     0.3331   -13.2238     0.4211
 20   -16.2101     0.0716     0.9964     0.2706    -3.9678     0.3228   -13.2241     0.3995
 21   -16.1960     0.0737     0.9827     0.2589    -3.9154     0.3244   -13.2487     0.3832
 22   -16.2060     0.0731     0.9783     0.2470    -3.9171     0.3093   -13.2526     0.3654
 23   -16.1984     0.0715     0.9850     0.2364    -3.8767     0.3064   -13.2920     0.3580
 24   -16.1921     0.0695     1.0001     0.2283    -3.8881     0.2942   -13.2895     0.3427
 25   -16.1867     0.0676     1.0230     0.2238    -3.9149     0.2873   -13.2801     0.3293
