Lmod has detected the following error: These module(s) exist but cannot be
loaded as requested: "hwloc/1.11.11"
   Try: "module spider hwloc/1.11.11" to see how to load the module(s).



Lmod has detected the following error: These module(s) exist but cannot be
loaded as requested: "hwloc/1.11.11"
   Try: "module spider hwloc/1.11.11" to see how to load the module(s).



 ERmod 0.3.7, Copyright (C) 2000-2019 Nobuyuki Matubayasi
                            2010-2019 Shun Sakuraba
 ERmod comes with ABSOLUTELY NO WARRANTY.
 This is free software, and you can redistribute it
 and/or modify it under certain conditions.
 See LICENSE file for details.
Opening: "/home/hervoe/snic2020-6-15/hervoe/temp/Simulations/CsF/1.50/trajectory_sol_full.xtc"...
  Trying plugin "Gromacs XTC Compressed Trajectory"...OK
 ERmod 0.3.7, Copyright (C) 2000-2019 Nobuyuki Matubayasi
                            2010-2019 Shun Sakuraba
 ERmod comes with ABSOLUTELY NO WARRANTY.
 This is free software, and you can redistribute it
 and/or modify it under certain conditions.
 See LICENSE file for details.
Opening: "/home/hervoe/snic2020-6-15/hervoe/temp/Simulations/CsF/1.50/trajectory_ref_full.xtc"...
  Trying plugin "Gromacs XTC Compressed Trajectory"...OK
Opening: "/home/hervoe/snic2020-6-15/hervoe/temp/Simulations/Solute_new/trajectory_solute.xtc"...
  Trying plugin "Gromacs XTC Compressed Trajectory"...OK
Opening: "/home/hervoe/snic2020-6-15/hervoe/temp/Simulations/Solute_new/trajectory_solute.xtc"...
  Trying plugin "Gromacs XTC Compressed Trajectory"...OK
Opening: "/home/hervoe/snic2020-6-15/hervoe/temp/Simulations/Solute_new/trajectory_solute.xtc"...
  Trying plugin "Gromacs XTC Compressed Trajectory"...OK
Opening: "/home/hervoe/snic2020-6-15/hervoe/temp/Simulations/Solute_new/trajectory_solute.xtc"...
  Trying plugin "Gromacs XTC Compressed Trajectory"...OK
Opening: "/home/hervoe/snic2020-6-15/hervoe/temp/Simulations/Solute_new/trajectory_solute.xtc"...
  Trying plugin "Gromacs XTC Compressed Trajectory"...OK
Opening: "/home/hervoe/snic2020-6-15/hervoe/temp/Simulations/Solute_new/trajectory_solute.xtc"...
  Trying plugin "Gromacs XTC Compressed Trajectory"...OK
Opening: "/home/hervoe/snic2020-6-15/hervoe/temp/Simulations/Solute_new/trajectory_solute.xtc"...
  Trying plugin "Gromacs XTC Compressed Trajectory"...OK
Opening: "/home/hervoe/snic2020-6-15/hervoe/temp/Simulations/Solute_new/trajectory_solute.xtc"...
  Trying plugin "Gromacs XTC Compressed Trajectory"...OK
Opening: "/home/hervoe/snic2020-6-15/hervoe/temp/Simulations/Solute_new/trajectory_solute.xtc"...
  Trying plugin "Gromacs XTC Compressed Trajectory"...OK
Opening: "/home/hervoe/snic2020-6-15/hervoe/temp/Simulations/Solute_new/trajectory_solute.xtc"...
  Trying plugin "Gromacs XTC Compressed Trajectory"...OK
 
  Number of the   1-th solvent  =           27
  Number of the   2-th solvent  =           27
  Number of the   3-th solvent  =         1000
 
  Be sure that the solvent distribution is homogeneous (radial distribution function is essentially unity) when the solvent molecule is separated beyond distance of   10.0 Angstrom in any direction from any atom within the solute molecule
 
  LJ long-range correction    =        -0.0245     -0.0335     -0.8929
 
  Self-energy of the solute   =        -0.0163  kcal/mol
 
 
 cumulative average & 95% error for solvation energy
              total             1st component         2nd component         3rd component
  1   -59.7958                1.0230               -3.6275              -57.1749
  2   -59.8400     0.0884     0.9907     0.0647    -3.6350     0.0149   -57.1793     0.0088
  3   -59.8941     0.1197     0.5811     0.8201    -3.6111     0.0486   -56.8478     0.6631
  4   -59.8657     0.1020     1.0668     1.1312    -3.9029     0.5847   -57.0132     0.5739
  5   -59.8801     0.0841     1.2331     0.9373    -4.2148     0.7708   -56.8821     0.5161
  6   -59.8705     0.0713     1.1303     0.7924    -4.0137     0.7468   -56.9708     0.4572
  7   -59.8570     0.0661     1.4860     0.9771    -4.2573     0.7974   -57.0693     0.4338
  8   -59.8320     0.0759     1.4176     0.8572    -4.2980     0.6953   -56.9353     0.4616
  9   -59.7944     0.1006     1.4553     0.7597    -4.2971     0.6132   -56.9363     0.4071
 10   -59.8223     0.1059     1.3211     0.7307    -4.1715     0.6033   -56.9555     0.3661
 11   -59.8159     0.0966     1.4445     0.7055    -4.2897     0.5946   -56.9544     0.3312
 12   -59.8128     0.0884     1.4189     0.6461    -4.2077     0.5671   -57.0076     0.3205
 13   -59.8108     0.0814     1.3800     0.5994    -4.1589     0.5307   -57.0155     0.2953
 14   -59.7939     0.0826     1.3825     0.5549    -4.2302     0.5116   -56.9299     0.3225
 15   -59.7887     0.0776     1.4438     0.5310    -4.3548     0.5375   -56.8614     0.3300
 16   -59.7938     0.0733     1.3340     0.5431    -4.2349     0.5570   -56.8766     0.3102
 17   -59.8095     0.0757     1.3550     0.5119    -4.2995     0.5389   -56.8487     0.2967
 18   -59.7910     0.0804     1.3984     0.4903    -4.3593     0.5220   -56.8137     0.2883
 19   -59.7805     0.0789     1.4143     0.4649    -4.3715     0.4944   -56.8070     0.2731
 20   -59.7930     0.0789     1.4103     0.4411    -4.3380     0.4738   -56.8489     0.2723
 21   -59.7842     0.0770     1.4673     0.4348    -4.3442     0.4508   -56.8910     0.2723
 22   -59.7914     0.0748     1.4842     0.4159    -4.3532     0.4302   -56.9060     0.2614
 23   -59.8034     0.0754     1.4224     0.4162    -4.3521     0.4111   -56.8574     0.2680
 24   -59.8035     0.0722     1.4451     0.4011    -4.3003     0.4070   -56.9320     0.2968
 25   -59.8054     0.0694     1.4777     0.3902    -4.3407     0.3986   -56.9261     0.2850
 
 
 group  inft  solvation free energy     error          difference
  total solvation free energy
   1      0        -15.18202           0.10019           0.01817
   1     60        -15.21591           0.10019          -0.01572
   1     80        -15.56341           0.10027          -0.36322
   1    100        -16.81668           0.10097          -1.61649
   2      0        -15.18789           0.09996           0.01230
   3      0        -15.20019           0.10019          -0.00000
   4      0        -15.18636           0.10064           0.01384
   5      0        -15.18616           0.10072           0.01403
   5     60        -15.23277           0.10072          -0.03258
   5     80        -15.67020           0.10087          -0.47000
   5    100        -16.82317           0.10160          -1.62298
 
  contribution from  1-th solvent component
   1      0          1.92292           0.20230           0.00753
   1     60          1.92482           0.20229           0.00944
   1     80          1.93223           0.20236           0.01685
   1    100          1.93901           0.20299           0.02362
   2      0          1.91611           0.20123           0.00072
   3      0          1.91539           0.20155           0.00000
   4      0          1.91696           0.20020           0.00157
   5      0          1.91385           0.20110          -0.00154
   5     60          1.91617           0.20110           0.00079
   5     80          1.92434           0.20121           0.00895
   5    100          1.92876           0.20183           0.01337
 
  contribution from  2-th solvent component
   1      0         -2.84660           0.20078          -0.00410
   1     60         -2.84723           0.20078          -0.00472
   1     80         -2.85419           0.20078          -0.01169
   1    100         -2.88442           0.20089          -0.04191
   2      0         -2.84381           0.19968          -0.00131
   3      0         -2.84250           0.19978           0.00000
   4      0         -2.84275           0.19969          -0.00025
   5      0         -2.84127           0.19927           0.00124
   5     60         -2.84204           0.19926           0.00047
   5     80         -2.85097           0.19925          -0.00846
   5    100         -2.87917           0.19933          -0.03666
 
  contribution from  3-th solvent component
   1      0        -14.24199           0.13758           0.01474
   1     60        -14.27716           0.13758          -0.02043
   1     80        -14.62511           0.13764          -0.36838
   1    100        -15.85493           0.13791          -1.59820
   2      0        -14.24384           0.13704           0.01289
   3      0        -14.25673           0.13691          -0.00000
   4      0        -14.24422           0.13584           0.01251
   5      0        -14.24239           0.13650           0.01434
   5     60        -14.29056           0.13651          -0.03383
   5     80        -14.72722           0.13658          -0.47049
   5    100        -15.85642           0.13682          -1.59969
 
 
 group  inft   Estimated free energy: total (kcal/mol)
   1      0     -15.2849     -15.2095     -15.4939     -15.3925     -15.5363
                -15.0247     -15.1429     -15.2180     -15.1784     -15.5100
                -14.8938     -15.2547     -15.1139     -15.2109     -14.9922
                -15.0283     -15.2707     -14.3878     -15.0100     -15.1957
                -14.9551     -15.4579     -15.3129     -14.9937     -15.4821
   1     60     -15.3186     -15.2433     -15.5276     -15.4267     -15.5701
                -15.0585     -15.1771     -15.2516     -15.2122     -15.5438
                -14.9274     -15.2885     -15.1477     -15.2449     -15.0261
                -15.0622     -15.3045     -14.4219     -15.0441     -15.2295
                -14.9890     -15.4921     -15.3469     -15.0276     -15.5160
   1     80     -15.6651     -15.5904     -15.8747     -15.7766     -15.9167
                -15.4046     -15.5260     -15.5970     -15.5582     -15.8916
                -15.2730     -15.6351     -15.4955     -15.5928     -15.3732
                -15.4108     -15.6519     -14.7692     -15.3925     -15.5759
                -15.3375     -15.8425     -15.6956     -15.3754     -15.8637
   1    100     -16.9173     -16.8448     -17.1302     -17.0353     -17.1682
                -16.6529     -16.7816     -16.8426     -16.8071     -17.1474
                -16.5196     -16.8867     -16.7509     -16.8452     -16.6244
                -16.6673     -16.9048     -16.0176     -16.6444     -16.8253
                -16.5941     -17.1051     -16.9534     -16.6318     -17.1189
   2      0     -15.2897     -15.1996     -15.5045     -15.3970     -15.5543
                -15.0128     -15.1528     -15.2023     -15.1865     -15.4949
                -14.9093     -15.2546     -15.1361     -15.2151     -14.9877
                -15.0641     -15.2761     -14.3864     -15.0152     -15.1976
                -14.9790     -15.4668     -15.3285     -15.0029     -15.4836
   3      0     -15.3218     -15.2208     -15.5128     -15.4129     -15.5776
                -15.0232     -15.1629     -15.2135     -15.1988     -15.5021
                -14.9172     -15.2559     -15.1438     -15.2276     -15.0059
                -15.0799     -15.2867     -14.3949     -15.0379     -15.2028
                -14.9892     -15.4812     -15.3373     -15.0123     -15.4860
   4      0     -15.2946     -15.1918     -15.5099     -15.3928     -15.5710
                -15.0037     -15.1607     -15.1957     -15.1832     -15.4901
                -14.9104     -15.2406     -15.1211     -15.2190     -14.9873
                -15.0583     -15.2696     -14.3773     -15.0268     -15.1924
                -14.9921     -15.4640     -15.3413     -14.9926     -15.4727
   5      0     -15.3023     -15.2055     -15.5036     -15.3908     -15.5713
                -15.0014     -15.1433     -15.1885     -15.1776     -15.4945
                -14.9134     -15.2329     -15.1341     -15.2169     -14.9843
                -15.0620     -15.2805     -14.3767     -15.0237     -15.1949
                -14.9832     -15.4701     -15.3294     -15.0008     -15.4722
   5     60     -15.3488     -15.2520     -15.5500     -15.4378     -15.6178
                -15.0480     -15.1903     -15.2348     -15.2241     -15.5412
                -14.9597     -15.2795     -15.1807     -15.2635     -15.0309
                -15.1085     -15.3271     -14.4233     -15.0705     -15.2415
                -15.0299     -15.5170     -15.3762     -15.0474     -15.5188
   5     80     -15.7854     -15.6889     -15.9871     -15.8778     -16.0539
                -15.4835     -15.6296     -15.6692     -15.6593     -15.9794
                -15.3953     -15.7161     -15.6194     -15.7011     -15.4677
                -15.5473     -15.7646     -14.8597     -15.5084     -15.6777
                -15.4689     -15.9577     -15.8152     -15.4853     -15.9565
   5    100     -16.9382     -16.8422     -17.1424     -17.0356     -17.2054
                -16.6312     -16.7843     -16.8138     -16.8075     -17.1351
                -16.5430     -16.8670     -16.7758     -16.8531     -16.6185
                -16.7045     -16.9175     -16.0072     -16.6602     -16.8271
                -16.6257     -17.1194     -16.9727     -16.6413     -17.1107
 
 group  inft   Estimated free energy: 1-th solvent contribution (kcal/mol)
   1      0       1.5315       1.7651       0.9569       2.0930       1.9658
                  1.6396       2.8819       1.7649       2.0154       1.0752
                  2.7372       1.8338       1.6269       1.9068       2.4004
                  1.1652       2.0624       2.6869       2.2505       1.8702
                  2.4878       1.8157       1.2053       2.2181       2.1166
   1     60       1.5336       1.7670       0.9588       2.0947       1.9677
                  1.6416       2.8837       1.7670       2.0172       1.0772
                  2.7393       1.8357       1.6288       1.9083       2.4022
                  1.1672       2.0645       2.6889       2.2522       1.8723
                  2.4898       1.8174       1.2071       2.2199       2.1186
   1     80       1.5415       1.7747       0.9660       2.1009       1.9754
                  1.6500       2.8904       1.7767       2.0246       1.0847
                  2.7483       1.8435       1.6352       1.9138       2.4095
                  1.1741       2.0724       2.6978       2.2593       1.8808
                  2.4969       1.8229       1.2137       2.2270       2.1260
   1    100       1.5477       1.7805       0.9705       2.1040       1.9824
                  1.6593       2.8969       1.7902       2.0321       1.0895
                  2.7615       1.8510       1.6373       1.9177       2.4184
                  1.1796       2.0802       2.7124       2.2683       1.8894
                  2.5024       1.8243       1.2163       2.2325       2.1311
   2      0       1.5377       1.7681       0.9509       2.0742       1.9553
                  1.6479       2.8651       1.7805       2.0097       1.0863
                  2.7209       1.8269       1.6092       1.8989       2.3902
                  1.1382       2.0552       2.6808       2.2490       1.8733
                  2.4643       1.8053       1.1906       2.2153       2.1089
   3      0       1.5233       1.7538       0.9556       2.0665       1.9433
                  1.6455       2.8714       1.7767       2.0143       1.0905
                  2.7266       1.8414       1.6069       1.8990       2.3895
                  1.1426       2.0536       2.6828       2.2437       1.8723
                  2.4629       1.7981       1.1889       2.2184       2.1174
   4      0       1.5403       1.7673       0.9508       2.0735       1.9461
                  1.6527       2.8537       1.7870       2.0179       1.0941
                  2.7160       1.8392       1.6110       1.8954       2.3881
                  1.1475       2.0630       2.6857       2.2450       1.8770
                  2.4436       1.8062       1.1818       2.2202       2.1208
   5      0       1.5257       1.7532       0.9517       2.0732       1.9408
                  1.6551       2.8663       1.7833       2.0193       1.0883
                  2.7101       1.8441       1.6037       1.8949       2.3904
                  1.1416       2.0468       2.6846       2.2413       1.8665
                  2.4537       1.7970       1.1814       2.2170       2.1162
   5     60       1.5281       1.7556       0.9540       2.0754       1.9432
                  1.6574       2.8684       1.7859       2.0215       1.0907
                  2.7127       1.8463       1.6059       1.8969       2.3927
                  1.1442       2.0492       2.6871       2.2435       1.8689
                  2.4561       1.7992       1.1837       2.2193       2.1186
   5     80       1.5366       1.7640       0.9619       2.0823       1.9518
                  1.6669       2.8754       1.7968       2.0299       1.0987
                  2.7225       1.8547       1.6121       1.9029       2.4010
                  1.1518       2.0578       2.6980       2.2517       1.8783
                  2.4634       1.8056       1.1907       2.2270       2.1267
   5    100       1.5402       1.7676       0.9643       2.0834       1.9564
                  1.6742       2.8795       1.8079       2.0355       1.1012
                  2.7323       1.8601       1.6113       1.9047       2.4075
                  1.1545       2.0627       2.7103       2.2585       1.8843
                  2.4659       1.8054       1.1911       2.2304       2.1297
 
 group  inft   Estimated free energy: 2-th solvent contribution (kcal/mol)
   1      0      -2.4287      -2.5718      -2.5031      -2.9915      -3.5104
                 -2.1787      -3.4312      -3.1886      -2.9125      -2.2507
                 -3.3644      -2.4986      -2.3994      -3.3735      -3.5999
                 -1.8299      -3.3435      -3.1692      -3.1209      -2.4903
                 -2.7993      -2.8919      -2.8288      -2.0710      -3.4173
   1     60      -2.4293      -2.5724      -2.5037      -2.9921      -3.5110
                 -2.1793      -3.4318      -3.1892      -2.9131      -2.2514
                 -3.3651      -2.4992      -2.4001      -3.3741      -3.6005
                 -1.8305      -3.3441      -3.1699      -3.1215      -2.4909
                 -2.7999      -2.8925      -2.8294      -2.0716      -3.4179
   1     80      -2.4356      -2.5793      -2.5108      -2.9995      -3.5175
                 -2.1865      -3.4389      -3.1956      -2.9197      -2.2587
                 -3.3724      -2.5060      -2.4074      -3.3811      -3.6078
                 -1.8375      -3.3510      -3.1771      -3.1280      -2.4979
                 -2.8070      -2.9001      -2.8366      -2.0781      -3.4247
   1    100      -2.4637      -2.6092      -2.5410      -3.0302      -3.5461
                 -2.2167      -3.4697      -3.2247      -2.9487      -2.2895
                 -3.4043      -2.5358      -2.4381      -3.4122      -3.6398
                 -1.8678      -3.3817      -3.2081      -3.1571      -2.5278
                 -2.8375      -2.9318      -2.8674      -2.1068      -3.4546
   2      0      -2.4368      -2.5673      -2.5025      -2.9814      -3.5145
                 -2.1766      -3.4260      -3.1893      -2.9148      -2.2458
                 -3.3589      -2.4928      -2.4023      -3.3661      -3.5828
                 -1.8306      -3.3403      -3.1619      -3.1194      -2.4907
                 -2.7990      -2.8856      -2.8214      -2.0788      -3.4098
   3      0      -2.4390      -2.5628      -2.4987      -2.9783      -3.5136
                 -2.1718      -3.4280      -3.1842      -2.9199      -2.2442
                 -3.3578      -2.4953      -2.3936      -3.3694      -3.5847
                 -1.8354      -3.3365      -3.1567      -3.1264      -2.4840
                 -2.7955      -2.8804      -2.8172      -2.0814      -3.4079
   4      0      -2.4365      -2.5594      -2.5021      -2.9871      -3.5137
                 -2.1775      -3.4270      -3.1839      -2.9220      -2.2459
                 -3.3640      -2.4976      -2.3915      -3.3706      -3.5800
                 -1.8329      -3.3358      -3.1526      -3.1275      -2.4835
                 -2.7965      -2.8775      -2.8173      -2.0811      -3.4052
   5      0      -2.4344      -2.5594      -2.5018      -2.9813      -3.5134
                 -2.1756      -3.4234      -3.1802      -2.9196      -2.2463
                 -3.3579      -2.4939      -2.3954      -3.3692      -3.5795
                 -1.8347      -3.3334      -3.1523      -3.1245      -2.4819
                 -2.7969      -2.8753      -2.8128      -2.0835      -3.4052
   5     60      -2.4352      -2.5602      -2.5026      -2.9821      -3.5141
                 -2.1764      -3.4242      -3.1809      -2.9203      -2.2471
                 -3.3587      -2.4946      -2.3962      -3.3699      -3.5803
                 -1.8355      -3.3341      -3.1532      -3.1251      -2.4827
                 -2.7976      -2.8762      -2.8136      -2.0842      -3.4060
   5     80      -2.4434      -2.5689      -2.5117      -2.9915      -3.5224
                 -2.1856      -3.4333      -3.1891      -2.9288      -2.2564
                 -3.3680      -2.5033      -2.4056      -3.3789      -3.5895
                 -1.8446      -3.3430      -3.1624      -3.1334      -2.4917
                 -2.8067      -2.8859      -2.8228      -2.0927      -3.4146
   5    100      -2.4699      -2.5963      -2.5400      -3.0204      -3.5491
                 -2.2136      -3.4622      -3.2162      -2.9559      -2.2851
                 -3.3978      -2.5311      -2.4345      -3.4079      -3.6190
                 -1.8729      -3.3714      -3.1914      -3.1609      -2.5196
                 -2.8353      -2.9153      -2.8513      -2.1199      -3.4423
 
 group  inft   Estimated free energy: 3-th solvent contribution (kcal/mol)
   1      0     -14.3715     -14.3864     -13.9313     -14.4776     -13.9753
                -14.4693     -14.5773     -13.7778     -14.2650     -14.3180
                -14.2501     -14.5736     -14.3250     -13.7278     -13.7764
                -14.3473     -13.9734     -13.8892     -14.1232     -14.5593
                -14.6272     -14.3654     -13.6731     -15.1244     -14.1651
   1     60     -14.4066     -14.4215     -13.9663     -14.5129     -14.0104
                -14.5044     -14.6126     -13.8132     -14.3000     -14.3532
                -14.2852     -14.6087     -14.3600     -13.7627     -13.8114
                -14.3825     -14.0086     -13.9246     -14.1585     -14.5945
                -14.6625     -14.4006     -13.7082     -15.1595     -14.2003
   1     80     -14.7546     -14.7694     -14.3135     -14.8616     -14.3582
                -14.8517     -14.9611     -14.1617     -14.6467     -14.7013
                -14.6326     -14.9562     -14.7070     -14.1091     -14.1586
                -14.7309     -14.3569     -14.2737     -14.5075     -14.9424
                -15.0110     -14.7490     -14.0563     -15.5079     -14.5487
   1    100     -15.9849     -15.9997     -15.5434     -16.0927     -15.5882
                -16.0791     -16.1924     -15.3917     -15.8742     -15.9311
                -15.8605     -16.1855     -15.9336     -15.3344     -15.3866
                -15.9628     -15.5870     -15.5055     -15.7393     -16.1705
                -16.2427     -15.9813     -15.2859     -16.7411     -15.7791
   2      0     -14.3742     -14.3841     -13.9366     -14.4735     -13.9788
                -14.4677     -14.5755     -13.7772     -14.2650     -14.3190
                -14.2550     -14.5724     -14.3266     -13.7315     -13.7788
                -14.3554     -13.9746     -13.8891     -14.1284     -14.5638
                -14.6280     -14.3701     -13.6813     -15.1230     -14.1663
   3      0     -14.3897     -14.3954     -13.9534     -14.4847     -13.9909
                -14.4805     -14.5899     -13.7896     -14.2769     -14.3321
                -14.2697     -14.5856     -14.3407     -13.7409     -13.7943
                -14.3707     -13.9875     -13.9046     -14.1388     -14.5747
                -14.6403     -14.3826     -13.6927     -15.1329     -14.1791
   4      0     -14.3820     -14.3834     -13.9422     -14.4628     -13.9871
                -14.4625     -14.5710     -13.7824     -14.2627     -14.3221
                -14.2461     -14.5659     -14.3243     -13.7274     -13.7789
                -14.3566     -13.9805     -13.8941     -14.1279     -14.5696
                -14.6229     -14.3763     -13.6895     -15.1153     -14.1720
   5      0     -14.3772     -14.3830     -13.9372     -14.4664     -13.9824
                -14.4646     -14.5699     -13.7751     -14.2610     -14.3202
                -14.2492     -14.5668     -14.3260     -13.7263     -13.7790
                -14.3525     -13.9776     -13.8925     -14.1242     -14.5631
                -14.6237     -14.3754     -13.6817     -15.1179     -14.1668
   5     60     -14.4254     -14.4311     -13.9851     -14.5148     -14.0305
                -14.5127     -14.6181     -13.8235     -14.3089     -14.3684
                -14.2973     -14.6148     -14.3740     -13.7741     -13.8270
                -14.4007     -14.0258     -13.9410     -14.1726     -14.6114
                -14.6720     -14.4237     -13.7299     -15.1660     -14.2151
   5     80     -14.8622     -14.8677     -14.4210     -14.9522     -14.4670
                -14.9484     -15.0553     -14.2606     -14.7441     -14.8053
                -14.7333     -15.0510     -14.8096     -14.2087     -14.2628
                -14.8382     -14.4630     -14.3789     -14.6104     -15.0479
                -15.1093     -14.8611     -14.1668     -15.6033     -14.6523
   5    100     -15.9922     -15.9972     -15.5504     -16.0822     -15.5964
                -16.0754     -16.1852     -15.3891     -15.8708     -15.9349
                -15.8611     -16.1797     -15.9362     -15.3336     -15.3907
                -15.9697     -15.5924     -15.5098     -15.7414     -16.1755
                -16.2400     -15.9931     -15.2962     -16.7355     -15.7818
 
 
 cumulative average & 95% error for solvation free energy
              total             1st component         2nd component         3rd component
  1   -15.3218     0.0000     1.5233     0.0000    -2.4390     0.0000   -14.3897     0.0000
  2   -15.2713     0.1010     1.6385     0.2305    -2.5009     0.1238   -14.3926     0.0057
  3   -15.3518     0.1713     1.4109     0.4743    -2.5001     0.0715   -14.2462     0.2928
  4   -15.3671     0.1249     1.5748     0.4690    -2.6197     0.2443   -14.3058     0.2389
  5   -15.4092     0.1283     1.6485     0.3920    -2.7985     0.4046   -14.2428     0.2239
  6   -15.3448     0.1659     1.6480     0.3201    -2.6940     0.3908   -14.2824     0.1992
  7   -15.3188     0.1495     1.8228     0.4420    -2.7989     0.3913   -14.3264     0.1899
  8   -15.3057     0.1321     1.8170     0.3830    -2.8470     0.3523   -14.2593     0.2123
  9   -15.2938     0.1189     1.8389     0.3406    -2.8551     0.3111   -14.2612     0.1873
 10   -15.3146     0.1143     1.7641     0.3394    -2.7940     0.3039   -14.2683     0.1681
 11   -15.2785     0.1261     1.8516     0.3534    -2.8453     0.2934   -14.2684     0.1520
 12   -15.2766     0.1152     1.8507     0.3226    -2.8161     0.2741   -14.2949     0.1485
 13   -15.2664     0.1079     1.8320     0.2991    -2.7836     0.2604   -14.2984     0.1368
 14   -15.2636     0.1001     1.8368     0.2771    -2.8255     0.2552   -14.2586     0.1496
 15   -15.2464     0.0993     1.8736     0.2683    -2.8761     0.2582   -14.2276     0.1524
 16   -15.2360     0.0952     1.8279     0.2671    -2.8110     0.2743   -14.2366     0.1437
 17   -15.2390     0.0896     1.8412     0.2523    -2.8419     0.2650   -14.2219     0.1381
 18   -15.1921     0.1262     1.8879     0.2556    -2.8594     0.2523   -14.2043     0.1349
 19   -15.1840     0.1205     1.9067     0.2446    -2.8735     0.2403   -14.2008     0.1278
 20   -15.1849     0.1143     1.9050     0.2321    -2.8540     0.2313   -14.2195     0.1269
 21   -15.1756     0.1103     1.9315     0.2271    -2.8512     0.2200   -14.2396     0.1272
 22   -15.1895     0.1088     1.9255     0.2168    -2.8526     0.2098   -14.2461     0.1219
 23   -15.1959     0.1048     1.8934     0.2169    -2.8510     0.2005   -14.2220     0.1261
 24   -15.1883     0.1015     1.9070     0.2094    -2.8189     0.2024   -14.2600     0.1426
 25   -15.2002     0.1002     1.9154     0.2016    -2.8425     0.1998   -14.2567     0.1369
