 ERmod 0.3.7, Copyright (C) 2000-2019 Nobuyuki Matubayasi
                            2010-2019 Shun Sakuraba
 ERmod comes with ABSOLUTELY NO WARRANTY.
 This is free software, and you can redistribute it
 and/or modify it under certain conditions.
 See LICENSE file for details.
Opening: "/home/hervoe/snic2020-6-15/hervoe/temp/Simulations/NaF/1.00/trajectory_sol_full.xtc"...
  Trying plugin "Gromacs XTC Compressed Trajectory"...OK
 ERmod 0.3.7, Copyright (C) 2000-2019 Nobuyuki Matubayasi
                            2010-2019 Shun Sakuraba
 ERmod comes with ABSOLUTELY NO WARRANTY.
 This is free software, and you can redistribute it
 and/or modify it under certain conditions.
 See LICENSE file for details.
Opening: "/home/hervoe/snic2020-6-15/hervoe/temp/Simulations/NaF/1.00/trajectory_ref_full.xtc"...
  Trying plugin "Gromacs XTC Compressed Trajectory"...OK
Opening: "/home/hervoe/snic2020-6-15/hervoe/temp/Simulations/Solute_new/trajectory_solute.xtc"...
  Trying plugin "Gromacs XTC Compressed Trajectory"...OK
Opening: "/home/hervoe/snic2020-6-15/hervoe/temp/Simulations/Solute_new/trajectory_solute.xtc"...
  Trying plugin "Gromacs XTC Compressed Trajectory"...OK
Opening: "/home/hervoe/snic2020-6-15/hervoe/temp/Simulations/Solute_new/trajectory_solute.xtc"...
  Trying plugin "Gromacs XTC Compressed Trajectory"...OK
Opening: "/home/hervoe/snic2020-6-15/hervoe/temp/Simulations/Solute_new/trajectory_solute.xtc"...
  Trying plugin "Gromacs XTC Compressed Trajectory"...OK
Opening: "/home/hervoe/snic2020-6-15/hervoe/temp/Simulations/Solute_new/trajectory_solute.xtc"...
  Trying plugin "Gromacs XTC Compressed Trajectory"...OK
Opening: "/home/hervoe/snic2020-6-15/hervoe/temp/Simulations/Solute_new/trajectory_solute.xtc"...
  Trying plugin "Gromacs XTC Compressed Trajectory"...OK
Opening: "/home/hervoe/snic2020-6-15/hervoe/temp/Simulations/Solute_new/trajectory_solute.xtc"...
  Trying plugin "Gromacs XTC Compressed Trajectory"...OK
Opening: "/home/hervoe/snic2020-6-15/hervoe/temp/Simulations/Solute_new/trajectory_solute.xtc"...
  Trying plugin "Gromacs XTC Compressed Trajectory"...OK
Opening: "/home/hervoe/snic2020-6-15/hervoe/temp/Simulations/Solute_new/trajectory_solute.xtc"...
  Trying plugin "Gromacs XTC Compressed Trajectory"...OK
Opening: "/home/hervoe/snic2020-6-15/hervoe/temp/Simulations/Solute_new/trajectory_solute.xtc"...
  Trying plugin "Gromacs XTC Compressed Trajectory"...OK
 
  Number of the   1-th solvent  =           18
  Number of the   2-th solvent  =           18
  Number of the   3-th solvent  =         1000
 
  Be sure that the solvent distribution is homogeneous (radial distribution function is essentially unity) when the solvent molecule is separated beyond distance of   10.0 Angstrom in any direction from any atom within the solute molecule
 
  LJ long-range correction    =        -0.0167     -0.0072     -0.9139
 
  Self-energy of the solute   =        -0.0167  kcal/mol
 
 
 cumulative average & 95% error for solvation energy
              total             1st component         2nd component         3rd component
  1   -60.5709                1.8871               -5.7162              -56.7250
  2   -60.2549     0.6320     1.2879     1.1984    -4.3462     2.7401   -57.1798     0.9097
  3   -60.1341     0.4376     0.8356     1.1387    -3.5839     2.1971   -57.3692     0.6474
  4   -60.1711     0.3181     0.8252     0.8055    -3.7922     1.6084   -57.1874     0.5846
  5   -60.1711     0.2464     1.0008     0.7159    -4.0596     1.3559   -57.0955     0.4887
  6   -60.1390     0.2112     1.0827     0.6071    -3.9934     1.1150   -57.2115     0.4616
  7   -60.1772     0.1942     1.0438     0.5189    -3.9582     0.9449   -57.2461     0.3962
  8   -60.1493     0.1771     1.1041     0.4653    -3.8423     0.8505   -57.3944     0.4535
  9   -60.1488     0.1562     1.0776     0.4137    -3.9018     0.7595   -57.3078     0.4358
 10   -60.1299     0.1447     0.9677     0.4304    -3.6812     0.8101   -57.3997     0.4310
 11   -60.0948     0.1485     1.0024     0.3955    -3.6352     0.7385   -57.4453     0.4003
 12   -60.0687     0.1453     0.9337     0.3863    -3.6759     0.6791   -57.3097     0.4551
 13   -60.0644     0.1340     1.0108     0.3874    -3.8222     0.6898   -57.2362     0.4437
 14   -60.0673     0.1242     0.9998     0.3593    -3.8773     0.6480   -57.1731     0.4297
 15   -60.0553     0.1180     1.0368     0.3426    -3.8353     0.6091   -57.2401     0.4219
 16   -60.0543     0.1104     1.0061     0.3263    -3.8590     0.5717   -57.1846     0.4100
 17   -60.0741     0.1111     1.1209     0.3830    -4.1530     0.7964   -57.0253     0.4998
 18   -60.0650     0.1063     1.2050     0.3983    -4.1555     0.7508   -57.0978     0.4931
 19   -60.0608     0.1009     1.2075     0.3768    -4.1218     0.7134   -57.1298     0.4708
 20   -60.0575     0.0959     1.2345     0.3615    -4.2616     0.7323   -57.0137     0.5034
 21   -60.0485     0.0930     1.2848     0.3583    -4.2138     0.7031   -57.1028     0.5109
 22   -60.0434     0.0893     1.2824     0.3416    -4.2186     0.6704   -57.0905     0.4878
 23   -60.0376     0.0861     1.2558     0.3308    -4.1153     0.6731   -57.1614     0.4872
 24   -60.0374     0.0824     1.2987     0.3281    -4.1147     0.6444   -57.2047     0.4744
 25   -60.0382     0.0791     1.3083     0.3153    -4.1822     0.6327   -57.1475     0.4692
 
 
 group  inft  solvation free energy     error          difference
  total solvation free energy
   1      0        -15.63445           0.14349           0.02044
   1     60        -15.66593           0.14352          -0.01103
   1     80        -15.99482           0.14372          -0.33992
   1    100        -17.20273           0.14422          -1.54783
   2      0        -15.64487           0.14589           0.01003
   3      0        -15.65489           0.14610           0.00000
   4      0        -15.64923           0.14775           0.00566
   5      0        -15.64745           0.14814           0.00745
   5     60        -15.69147           0.14817          -0.03657
   5     80        -16.10659           0.14839          -0.45170
   5    100        -17.22285           0.14887          -1.56796
 
  contribution from  1-th solvent component
   1      0          1.27146           0.13184           0.00104
   1     60          1.27265           0.13184           0.00224
   1     80          1.27810           0.13196           0.00769
   1    100          1.28311           0.13246           0.01270
   2      0          1.26783           0.13222          -0.00259
   3      0          1.27041           0.13186           0.00000
   4      0          1.27087           0.13228           0.00046
   5      0          1.26983           0.13236          -0.00058
   5     60          1.27124           0.13236           0.00083
   5     80          1.27687           0.13251           0.00646
   5    100          1.27959           0.13302           0.00918
 
  contribution from  2-th solvent component
   1      0         -2.75137           0.33429           0.00421
   1     60         -2.75058           0.33430           0.00500
   1     80         -2.74714           0.33442           0.00844
   1    100         -2.74055           0.33481           0.01503
   2      0         -2.75430           0.33194           0.00128
   3      0         -2.75558           0.33058           0.00000
   4      0         -2.75971           0.32986          -0.00413
   5      0         -2.75850           0.33014          -0.00292
   5     60         -2.75773           0.33015          -0.00216
   5     80         -2.75426           0.33029           0.00132
   5    100         -2.75085           0.33061           0.00472
 
  contribution from  3-th solvent component
   1      0        -14.13780           0.29234           0.01519
   1     60        -14.17126           0.29225          -0.01827
   1     80        -14.50904           0.29198          -0.35605
   1    100        -15.72855           0.29274          -1.57556
   2      0        -14.14165           0.29247           0.01134
   3      0        -14.15299           0.29248           0.00000
   4      0        -14.14365           0.29233           0.00934
   5      0        -14.14203           0.29236           0.01095
   5     60        -14.18823           0.29225          -0.03524
   5     80        -14.61246           0.29198          -0.45948
   5    100        -15.73485           0.29276          -1.58186
 
 
 group  inft   Estimated free energy: total (kcal/mol)
   1      0     -16.4121     -15.4326     -15.4566     -15.4886     -16.0773
                -15.7324     -16.3761     -15.5083     -15.5895     -15.4362
                -15.2814     -14.9212     -15.9391     -15.7874     -15.4720
                -15.6257     -16.3072     -15.5298     -15.4244     -15.1905
                -15.5986     -15.6256     -15.3306     -15.6876     -15.6308
   1     60     -16.4436     -15.4637     -15.4878     -15.5200     -16.1089
                -15.7637     -16.4078     -15.5396     -15.6213     -15.4672
                -15.3124     -14.9532     -15.9707     -15.8191     -15.5035
                -15.6573     -16.3392     -15.5610     -15.4559     -15.2226
                -15.6296     -15.6568     -15.3615     -15.7192     -15.6626
   1     80     -16.7733     -15.7903     -15.8156     -15.8495     -16.4381
                -16.0924     -16.7385     -15.8678     -15.9525     -15.7931
                -15.6381     -15.2849     -16.3000     -16.1501     -15.8330
                -15.9868     -16.6706     -15.8885     -15.7853     -15.5544
                -15.9550     -15.9841     -15.6872     -16.0484     -15.9929
   1    100     -17.9836     -16.9926     -17.0266     -17.0615     -17.6434
                -17.3021     -17.9524     -17.0759     -17.1670     -16.9937
                -16.8391     -16.4927     -17.5061     -17.3637     -17.0434
                -17.1963     -17.8779     -17.0976     -16.9948     -16.7615
                -17.1586     -17.1908     -16.8894     -17.2577     -17.1998
   2      0     -16.4376     -15.4634     -15.4571     -15.4725     -16.1028
                -15.7638     -16.3932     -15.5241     -15.5778     -15.4598
                -15.2860     -14.9156     -15.9430     -15.7869     -15.4707
                -15.6475     -16.3337     -15.5329     -15.4606     -15.1781
                -15.5855     -15.6691     -15.3586     -15.6963     -15.6052
   3      0     -16.4435     -15.4894     -15.4604     -15.4745     -16.1200
                -15.7978     -16.4026     -15.5350     -15.5991     -15.4918
                -15.2954     -14.9219     -15.9432     -15.8005     -15.4850
                -15.6437     -16.3485     -15.5305     -15.4715     -15.1899
                -15.5942     -15.6680     -15.3619     -15.7078     -15.5960
   4      0     -16.4449     -15.4892     -15.4589     -15.4343     -16.1187
                -15.7894     -16.4049     -15.5330     -15.5859     -15.5113
                -15.2837     -14.9027     -15.9364     -15.7963     -15.4710
                -15.6596     -16.3481     -15.5241     -15.4798     -15.1728
                -15.5720     -15.6583     -15.3559     -15.7088     -15.5909
   5      0     -16.4462     -15.4822     -15.4511     -15.4395     -16.1184
                -15.7972     -16.4087     -15.5386     -15.5798     -15.4924
                -15.2775     -14.9147     -15.9414     -15.7900     -15.4820
                -15.6383     -16.3521     -15.5120     -15.4642     -15.1692
                -15.5807     -15.6719     -15.3562     -15.6931     -15.5888
   5     60     -16.4904     -15.5257     -15.4948     -15.4834     -16.1625
                -15.8409     -16.4529     -15.5825     -15.6242     -15.5359
                -15.3210     -14.9594     -15.9856     -15.8342     -15.5261
                -15.6825     -16.3969     -15.5557     -15.5083     -15.2142
                -15.6240     -15.7155     -15.3995     -15.7372     -15.6332
   5     80     -16.9067     -15.9375     -15.9093     -15.8996     -16.5779
                -16.2560     -16.8700     -15.9968     -16.0419     -15.9482
                -15.7324     -15.3771     -16.4013     -16.2517     -15.9420
                -16.0986     -16.8147     -15.9693     -15.9242     -15.6330
                -16.0347     -16.1289     -15.8103     -16.1531     -16.0496
   5    100     -18.0261     -17.0480     -17.0288     -17.0195     -17.6927
                -17.3750     -17.9912     -17.1129     -17.1627     -17.0599
                -16.8419     -16.4926     -17.5163     -17.3722     -17.0602
                -17.2170     -17.9301     -17.0872     -17.0422     -16.7485
                -17.1469     -17.2443     -16.9205     -17.2710     -17.1636
 
 group  inft   Estimated free energy: 1-th solvent contribution (kcal/mol)
   1      0       1.0232       1.2224       0.7578       1.0930       1.1081
                  1.4583       0.6932       1.5216       1.2040       0.9066
                  1.5847       0.9560       1.1995       0.7845       1.4436
                  0.9930       1.3555       1.9132       1.5143       1.6447
                  1.8405       1.3609       1.2519       1.6643       1.2919
   1     60       1.0243       1.2238       0.7589       1.0942       1.1092
                  1.4593       0.6942       1.5228       1.2052       0.9079
                  1.5860       0.9572       1.2006       0.7856       1.4448
                  0.9942       1.3567       1.9143       1.5155       1.6457
                  1.8418       1.3620       1.2533       1.6655       1.2929
   1     80       1.0290       1.2308       0.7641       1.0988       1.1138
                  1.4639       0.6986       1.5288       1.2107       0.9145
                  1.5928       0.9626       1.2057       0.7899       1.4503
                  0.9993       1.3619       1.9197       1.5211       1.6502
                  1.8487       1.3674       1.2608       1.6712       1.2978
   1    100       1.0310       1.2419       0.7670       1.0997       1.1163
                  1.4681       0.7008       1.5353       1.2168       0.9227
                  1.6023       0.9685       1.2088       0.7903       1.4539
                  1.0020       1.3658       1.9257       1.5259       1.6538
                  1.8582       1.3724       1.2723       1.6767       1.3017
   2      0       1.0175       1.2182       0.7724       1.0879       1.0877
                  1.4483       0.6853       1.5301       1.2115       0.9093
                  1.5951       0.9543       1.1930       0.7723       1.4431
                  0.9895       1.3374       1.9096       1.5114       1.6440
                  1.8365       1.3430       1.2427       1.6703       1.2852
   3      0       1.0190       1.2150       0.7804       1.0948       1.0798
                  1.4405       0.6919       1.5321       1.2102       0.9098
                  1.6016       0.9557       1.2043       0.7747       1.4499
                  0.9971       1.3281       1.9071       1.5136       1.6428
                  1.8394       1.3533       1.2484       1.6761       1.2950
   4      0       1.0240       1.2157       0.7810       1.1108       1.0728
                  1.4427       0.6932       1.5285       1.1994       0.8957
                  1.6111       0.9659       1.2032       0.7694       1.4526
                  0.9950       1.3300       1.9057       1.5180       1.6364
                  1.8518       1.3537       1.2537       1.6712       1.2903
   5      0       1.0188       1.2143       0.7824       1.1053       1.0680
                  1.4424       0.6878       1.5291       1.2061       0.9104
                  1.6140       0.9561       1.1995       0.7714       1.4462
                  1.0006       1.3221       1.9085       1.5144       1.6446
                  1.8421       1.3478       1.2448       1.6797       1.2892
   5     60       1.0201       1.2160       0.7838       1.1067       1.0694
                  1.4437       0.6891       1.5305       1.2076       0.9119
                  1.6155       0.9575       1.2009       0.7728       1.4476
                  1.0020       1.3235       1.9098       1.5158       1.6457
                  1.8436       1.3492       1.2465       1.6812       1.2905
   5     80       1.0249       1.2242       0.7887       1.1110       1.0738
                  1.4486       0.6938       1.5367       1.2132       0.9186
                  1.6226       0.9636       1.2060       0.7770       1.4533
                  1.0068       1.3286       1.9154       1.5215       1.6500
                  1.8512       1.3548       1.2549       1.6871       1.2954
   5    100       1.0249       1.2330       0.7894       1.1097       1.0735
                  1.4507       0.6942       1.5406       1.2168       0.9238
                  1.6296       0.9674       1.2069       0.7755       1.4552
                  1.0071       1.3296       1.9191       1.5239       1.6515
                  1.8586       1.3575       1.2640       1.6904       1.2970
 
 group  inft   Estimated free energy: 2-th solvent contribution (kcal/mol)
   1      0      -3.5362      -2.1028      -1.5870      -2.6848      -3.3758
                 -2.5704      -2.7930      -2.1510      -2.8846      -1.5125
                 -2.1713      -2.6372      -3.4970      -2.9243      -2.2737
                 -2.8461      -5.1843      -2.4953      -2.4864      -4.1529
                 -2.2092      -2.8679      -1.4672      -2.6862      -3.6872
   1     60      -3.5355      -2.1019      -1.5863      -2.6840      -3.3750
                 -2.5696      -2.7922      -2.1502      -2.8839      -1.5115
                 -2.1705      -2.6364      -3.4963      -2.9236      -2.2729
                 -2.8453      -5.1835      -2.4945      -2.4855      -4.1521
                 -2.2084      -2.8670      -1.4663      -2.6855      -3.6866
   1     80      -3.5322      -2.0979      -1.5835      -2.6810      -3.3715
                 -2.5663      -2.7891      -2.1467      -2.8806      -1.5070
                 -2.1664      -2.6336      -3.4936      -2.9208      -2.2694
                 -2.8418      -5.1802      -2.4906      -2.4814      -4.1492
                 -2.2042      -2.8630      -1.4620      -2.6822      -3.6842
   1    100      -3.5261      -2.0893      -1.5789      -2.6764      -3.3647
                 -2.5600      -2.7840      -2.1401      -2.8744      -1.4964
                 -2.1573      -2.6289      -3.4893      -2.9166      -2.2628
                 -2.8348      -5.1743      -2.4825      -2.4725      -4.1438
                 -2.1957      -2.8553      -1.4523      -2.6763      -3.6809
   2      0      -3.5477      -2.1276      -1.5958      -2.6599      -3.3769
                 -2.5832      -2.7997      -2.1750      -2.8837      -1.5348
                 -2.1906      -2.6251      -3.4816      -2.9116      -2.2668
                 -2.8547      -5.1908      -2.4890      -2.5171      -4.1341
                 -2.1889      -2.8893      -1.4774      -2.6960      -3.6604
   3      0      -3.5400      -2.1410      -1.5977      -2.6577      -3.3753
                 -2.5931      -2.8046      -2.1776      -2.8951      -1.5508
                 -2.1949      -2.6204      -3.4806      -2.9160      -2.2787
                 -2.8493      -5.1860      -2.4686      -2.5173      -4.1312
                 -2.1954      -2.8866      -1.4788      -2.6979      -3.6548
   4      0      -3.5550      -2.1444      -1.5992      -2.6465      -3.3814
                 -2.5937      -2.8145      -2.1825      -2.8831      -1.5675
                 -2.2034      -2.6219      -3.4790      -2.9165      -2.2811
                 -2.8583      -5.1900      -2.4724      -2.5390      -4.1205
                 -2.1949      -2.8902      -1.4883      -2.7094      -3.6599
   5      0      -3.5477      -2.1410      -1.5982      -2.6471      -3.3793
                 -2.6021      -2.8155      -2.1889      -2.8836      -1.5611
                 -2.2008      -2.6221      -3.4840      -2.9175      -2.2841
                 -2.8521      -5.1869      -2.4641      -2.5231      -4.1287
                 -2.1963      -2.8969      -1.4846      -2.7004      -3.6564
   5     60      -3.5470      -2.1401      -1.5975      -2.6464      -3.3785
                 -2.6014      -2.8147      -2.1881      -2.8829      -1.5602
                 -2.2000      -2.6214      -3.4833      -2.9168      -2.2833
                 -2.8514      -5.1861      -2.4633      -2.5222      -4.1280
                 -2.1954      -2.8960      -1.4837      -2.6997      -3.6558
   5     80      -3.5438      -2.1360      -1.5948      -2.6435      -3.3750
                 -2.5982      -2.8117      -2.1845      -2.8795      -1.5555
                 -2.1958      -2.6186      -3.4806      -2.9142      -2.2799
                 -2.8478      -5.1828      -2.4592      -2.5180      -4.1250
                 -2.1912      -2.8920      -1.4790      -2.6964      -3.6535
   5    100      -3.5409      -2.1309      -1.5928      -2.6422      -3.3718
                 -2.5953      -2.8092      -2.1805      -2.8762      -1.5491
                 -2.1904      -2.6166      -3.4789      -2.9128      -2.2766
                 -2.8439      -5.1799      -2.4545      -2.5130      -4.1224
                 -2.1866      -2.8879      -1.4724      -2.6936      -3.6527
 
 group  inft   Estimated free energy: 3-th solvent contribution (kcal/mol)
   1      0     -13.8823     -14.5355     -14.6106     -13.8801     -13.7928
                -14.6035     -14.2595     -14.8621     -13.8921     -14.8136
                -14.6780     -13.2233     -13.6248     -13.6308     -14.6252
                -13.7560     -12.4616     -14.9310     -14.4355     -12.6655
                -15.2132     -14.1019     -15.0986     -14.6489     -13.2186
   1     60     -13.9157     -14.5688     -14.6436     -13.9135     -13.8263
                -14.6367     -14.2930     -14.8955     -13.9258     -14.8469
                -14.7112     -13.2573     -13.6583     -13.6644     -14.6587
                -13.7895     -12.4957     -14.9641     -14.4692     -12.6994
                -15.2463     -14.1351     -15.1318     -14.6825     -13.2522
   1     80     -14.2533     -14.9065     -14.9795     -14.2507     -14.1636
                -14.9732     -14.6313     -15.2331     -14.2659     -15.1839
                -15.0478     -13.5972     -13.9954     -14.0025     -14.9971
                -14.1275     -12.8356     -15.3008     -14.8083     -13.0387
                -15.5827     -14.4717     -15.4693     -15.0208     -13.5897
   1    100     -15.4717     -16.1285     -16.1979     -15.4680     -15.3782
                -16.1934     -15.8524     -16.4544     -15.4927     -16.4033
                -16.2673     -14.8156     -15.2089     -15.2207     -16.2177
                -15.3467     -14.0527     -16.5240     -16.0315     -14.2547
                -16.8044     -15.6912     -16.6927     -16.2413     -14.8039
   2      0     -13.8907     -14.5373     -14.6169     -13.8838     -13.7968
                -14.6122     -14.2620     -14.8625     -13.8888     -14.8175
                -14.6737     -13.2280     -13.6377     -13.6308     -14.6303
                -13.7656     -12.4636     -14.9367     -14.4381     -12.6712
                -15.2164     -14.1061     -15.1072     -14.6539     -13.2133
   3      0     -13.9058     -14.5466     -14.6263     -13.8948     -13.8078
                -14.6284     -14.2731     -14.8727     -13.8975     -14.8341
                -14.6854     -13.2405     -13.6501     -13.6424     -14.6395
                -13.7748     -12.4739     -14.9523     -14.4511     -12.6848
                -15.2214     -14.1180     -15.1148     -14.6693     -13.2195
   4      0     -13.8972     -14.5438     -14.6240     -13.8818     -13.7934
                -14.6217     -14.2669     -14.8623     -13.8854     -14.8227
                -14.6746     -13.2300     -13.6439     -13.6325     -14.6258
                -13.7795     -12.4714     -14.9406     -14.4420     -12.6720
                -15.2121     -14.1050     -15.1046     -14.6539     -13.2045
   5      0     -13.9005     -14.5388     -14.6186     -13.8809     -13.7904
                -14.6208     -14.2643     -14.8621     -13.8856     -14.8249
                -14.6739     -13.2319     -13.6401     -13.6271     -14.6274
                -13.7700     -12.4706     -14.9397     -14.4387     -12.6684
                -15.2097     -14.1061     -15.0996     -14.6557     -13.2049
   5     60     -13.9467     -14.5848     -14.6643     -13.9270     -13.8367
                -14.6666     -14.3105     -14.9082     -13.9321     -14.8709
                -14.7198     -13.2788     -13.6864     -13.6734     -14.6737
                -13.8163     -12.5175     -14.9855     -14.4852     -12.7153
                -15.2554     -14.1519     -15.1455     -14.7020     -13.2512
   5     80     -14.3711     -15.0089     -15.0865     -14.3503     -14.2599
                -15.0897     -14.7354     -15.3323     -14.3588     -15.2946
                -15.1425     -13.7054     -14.1100     -14.0978     -15.0986
                -14.2409     -12.9439     -15.4087     -14.9109     -13.1413
                -15.6780     -14.5749     -15.5694     -15.1270     -13.6747
   5    100     -15.4933     -16.1334     -16.2086     -15.4703     -15.3776
                -16.2136     -15.8594     -16.4563     -15.4866     -16.4178
                -16.2643     -14.8266     -15.2276     -15.2181     -16.2220
                -15.3634     -14.0631     -16.5350     -16.0364     -14.2608
                -16.8021     -15.6972     -16.6954     -16.2511     -14.7912
 
 
 cumulative average & 95% error for solvation free energy
              total             1st component         2nd component         3rd component
  1   -16.4435     0.0000     1.0190     0.0000    -3.5400     0.0000   -13.9058     0.0000
  2   -15.9665     0.9541     1.1170     0.1960    -2.8405     1.3990   -14.2262     0.6409
  3   -15.7978     0.6460     1.0048     0.2513    -2.4262     1.1571   -14.3596     0.4561
  4   -15.7170     0.4845     1.0273     0.1833    -2.4841     0.8263   -14.2434     0.3975
  5   -15.7976     0.4085     1.0378     0.1435    -2.6624     0.7326   -14.1563     0.3538
  6   -15.7976     0.3335     1.1049     0.1782    -2.6508     0.5986   -14.2350     0.3290
  7   -15.8840     0.3307     1.0459     0.1913    -2.6728     0.5079   -14.2404     0.2782
  8   -15.8404     0.2994     1.1067     0.2055    -2.6109     0.4569   -14.3194     0.2882
  9   -15.8136     0.2694     1.1182     0.1827    -2.6425     0.4079   -14.2726     0.2709
 10   -15.7814     0.2494     1.0973     0.1686    -2.5333     0.4251   -14.3287     0.2671
 11   -15.7372     0.2423     1.1432     0.1780    -2.5025     0.3895   -14.3611     0.2501
 12   -15.6693     0.2596     1.1276     0.1654    -2.5124     0.3561   -14.2677     0.2950
 13   -15.6904     0.2425     1.1335     0.1526    -2.5868     0.3598   -14.2202     0.2875
 14   -15.6982     0.2250     1.1078     0.1503    -2.6104     0.3364   -14.1790     0.2787
 15   -15.6840     0.2114     1.1306     0.1472    -2.5882     0.3163   -14.2097     0.2666
 16   -15.6815     0.1978     1.1223     0.1387    -2.6046     0.2977   -14.1825     0.2552
 17   -15.7207     0.2017     1.1344     0.1325    -2.7564     0.4128   -14.0820     0.3129
 18   -15.7102     0.1913     1.1773     0.1516    -2.7404     0.3905   -14.1303     0.3104
 19   -15.6976     0.1827     1.1950     0.1477    -2.7287     0.3701   -14.1472     0.2956
 20   -15.6722     0.1806     1.2174     0.1471    -2.7988     0.3781   -14.0741     0.3162
 21   -15.6685     0.1720     1.2470     0.1519    -2.7701     0.3642   -14.1287     0.3200
 22   -15.6685     0.1640     1.2519     0.1452    -2.7754     0.3474   -14.1282     0.3051
 23   -15.6552     0.1589     1.2517     0.1387    -2.7190     0.3506   -14.1711     0.3039
 24   -15.6573     0.1522     1.2694     0.1375    -2.7181     0.3357   -14.1919     0.2939
 25   -15.6549     0.1461     1.2704     0.1319    -2.7556     0.3306   -14.1530     0.2925
