Lmod has detected the following error: These module(s) exist but cannot be
loaded as requested: "hwloc/1.11.11"
   Try: "module spider hwloc/1.11.11" to see how to load the module(s).



Lmod has detected the following error: These module(s) exist but cannot be
loaded as requested: "hwloc/1.11.11"
   Try: "module spider hwloc/1.11.11" to see how to load the module(s).



 ERmod 0.3.7, Copyright (C) 2000-2019 Nobuyuki Matubayasi
                            2010-2019 Shun Sakuraba
 ERmod comes with ABSOLUTELY NO WARRANTY.
 This is free software, and you can redistribute it
 and/or modify it under certain conditions.
 See LICENSE file for details.
Opening: "/home/hervoe/snic2020-6-15/hervoe/temp/Simulations/CsI/0.50/trajectory_sol_full.xtc"...
  Trying plugin "Gromacs XTC Compressed Trajectory"...OK
 ERmod 0.3.7, Copyright (C) 2000-2019 Nobuyuki Matubayasi
                            2010-2019 Shun Sakuraba
 ERmod comes with ABSOLUTELY NO WARRANTY.
 This is free software, and you can redistribute it
 and/or modify it under certain conditions.
 See LICENSE file for details.
Opening: "/home/hervoe/snic2020-6-15/hervoe/temp/Simulations/CsI/0.50/trajectory_ref_full.xtc"...
  Trying plugin "Gromacs XTC Compressed Trajectory"...OK
Opening: "/home/hervoe/snic2020-6-15/hervoe/temp/Simulations/Solute_new/trajectory_solute.xtc"...
  Trying plugin "Gromacs XTC Compressed Trajectory"...OK
Opening: "/home/hervoe/snic2020-6-15/hervoe/temp/Simulations/Solute_new/trajectory_solute.xtc"...
  Trying plugin "Gromacs XTC Compressed Trajectory"...OK
Opening: "/home/hervoe/snic2020-6-15/hervoe/temp/Simulations/Solute_new/trajectory_solute.xtc"...
  Trying plugin "Gromacs XTC Compressed Trajectory"...OK
Opening: "/home/hervoe/snic2020-6-15/hervoe/temp/Simulations/Solute_new/trajectory_solute.xtc"...
  Trying plugin "Gromacs XTC Compressed Trajectory"...OK
Opening: "/home/hervoe/snic2020-6-15/hervoe/temp/Simulations/Solute_new/trajectory_solute.xtc"...
  Trying plugin "Gromacs XTC Compressed Trajectory"...OK
Opening: "/home/hervoe/snic2020-6-15/hervoe/temp/Simulations/Solute_new/trajectory_solute.xtc"...
  Trying plugin "Gromacs XTC Compressed Trajectory"...OK
Opening: "/home/hervoe/snic2020-6-15/hervoe/temp/Simulations/Solute_new/trajectory_solute.xtc"...
  Trying plugin "Gromacs XTC Compressed Trajectory"...OK
Opening: "/home/hervoe/snic2020-6-15/hervoe/temp/Simulations/Solute_new/trajectory_solute.xtc"...
  Trying plugin "Gromacs XTC Compressed Trajectory"...OK
Opening: "/home/hervoe/snic2020-6-15/hervoe/temp/Simulations/Solute_new/trajectory_solute.xtc"...
  Trying plugin "Gromacs XTC Compressed Trajectory"...OK
Opening: "/home/hervoe/snic2020-6-15/hervoe/temp/Simulations/Solute_new/trajectory_solute.xtc"...
  Trying plugin "Gromacs XTC Compressed Trajectory"...OK
 
  Number of the   1-th solvent  =            9
  Number of the   2-th solvent  =            9
  Number of the   3-th solvent  =         1000
 
  Be sure that the solvent distribution is homogeneous (radial distribution function is essentially unity) when the solvent molecule is separated beyond distance of   10.0 Angstrom in any direction from any atom within the solute molecule
 
  LJ long-range correction    =        -0.0271     -0.0109     -0.8733
 
  Self-energy of the solute   =        -0.0160  kcal/mol
 
 
 cumulative average & 95% error for solvation energy
              total             1st component         2nd component         3rd component
  1   -59.1650               -1.3112               -1.4689              -56.3689
  2   -59.3618     0.3937    -0.5990     1.4243    -1.7789     0.6200   -56.9679     1.1980
  3   -59.3266     0.2380    -0.4333     0.8866    -1.5188     0.6315   -57.3585     1.0434
  4   -59.2830     0.1896    -0.4766     0.6329    -1.4330     0.4784   -57.3573     0.7378
  5   -59.2732     0.1481    -0.7443     0.7259    -1.5289     0.4172   -56.9841     0.9402
  6   -59.2822     0.1223    -0.5138     0.7508    -1.7545     0.5653   -56.9980     0.7681
  7   -59.2696     0.1064    -0.5050     0.6348    -1.7667     0.4784   -56.9818     0.6500
  8   -59.2712     0.0922    -0.4750     0.5530    -1.7207     0.4244   -57.0595     0.5840
  9   -59.2698     0.0814    -0.5278     0.4990    -1.6896     0.3794   -57.0365     0.5171
 10   -59.2719     0.0729    -0.5641     0.4522    -1.6346     0.3568   -57.0572     0.4643
 11   -59.2680     0.0664    -0.5738     0.4095    -1.6767     0.3335   -57.0015     0.4345
 12   -59.2860     0.0705    -0.5544     0.3758    -1.7072     0.3105   -57.0083     0.3969
 13   -59.2810     0.0656    -0.5994     0.3572    -1.7829     0.3233   -56.8827     0.4431
 14   -59.2774     0.0611    -0.4422     0.4562    -1.8856     0.3630   -56.9336     0.4227
 15   -59.2785     0.0570    -0.3960     0.4347    -1.8419     0.3491   -57.0246     0.4336
 16   -59.2726     0.0545    -0.3661     0.4110    -1.8571     0.3280   -57.0335     0.4060
 17   -59.2697     0.0516    -0.3393     0.3897    -1.8385     0.3103   -57.0760     0.3907
 18   -59.2580     0.0540    -0.3864     0.3793    -1.8274     0.2934   -57.0282     0.3805
 19   -59.2472     0.0554    -0.3662     0.3611    -1.8442     0.2796   -57.0208     0.3603
 20   -59.2463     0.0526    -0.3632     0.3426    -1.9562     0.3471   -56.9109     0.4063
 21   -59.2339     0.0559    -0.3421     0.3286    -1.9729     0.3319   -56.9029     0.3868
 22   -59.2402     0.0548    -0.3599     0.3153    -1.9508     0.3195   -56.9135     0.3694
 23   -59.2374     0.0526    -0.3762     0.3031    -1.9102     0.3159   -56.9350     0.3556
 24   -59.2362     0.0504    -0.3622     0.2915    -1.8886     0.3055   -56.9694     0.3474
 25   -59.2323     0.0490    -0.3361     0.2844    -1.8582     0.2993   -57.0219     0.3493
 
 
 group  inft  solvation free energy     error          difference
  total solvation free energy
   1      0        -16.14216           0.03823           0.00385
   1     60        -16.17450           0.03823          -0.02849
   1     80        -16.50045           0.03829          -0.35444
   1    100        -17.67662           0.03855          -1.53061
   2      0        -16.13833           0.03938           0.00768
   3      0        -16.14601           0.03917           0.00000
   4      0        -16.13310           0.03986           0.01291
   5      0        -16.12946           0.03987           0.01655
   5     60        -16.17419           0.03987          -0.02818
   5     80        -16.58332           0.03997          -0.43731
   5    100        -17.66695           0.04029          -1.52094
 
  contribution from  1-th solvent component
   1      0          0.30501           0.13210          -0.00575
   1     60          0.30467           0.13211          -0.00609
   1     80          0.30034           0.13213          -0.01042
   1    100          0.28585           0.13220          -0.02491
   2      0          0.30892           0.13144          -0.00184
   3      0          0.31076           0.13119           0.00000
   4      0          0.31195           0.13080           0.00119
   5      0          0.31231           0.13087           0.00155
   5     60          0.31173           0.13087           0.00096
   5     80          0.30646           0.13090          -0.00430
   5    100          0.29330           0.13096          -0.01746
 
  contribution from  2-th solvent component
   1      0         -1.18018           0.14698          -0.00316
   1     60         -1.18037           0.14698          -0.00335
   1     80         -1.18199           0.14701          -0.00497
   1    100         -1.19001           0.14713          -0.01299
   2      0         -1.17860           0.14609          -0.00158
   3      0         -1.17702           0.14565           0.00000
   4      0         -1.17736           0.14552          -0.00034
   5      0         -1.17689           0.14562           0.00013
   5     60         -1.17712           0.14562          -0.00010
   5     80         -1.17951           0.14564          -0.00249
   5    100         -1.18740           0.14570          -0.01038
 
  contribution from  3-th solvent component
   1      0        -15.25101           0.16571           0.01275
   1     60        -15.28281           0.16573          -0.01905
   1     80        -15.60281           0.16588          -0.33904
   1    100        -16.75647           0.16632          -1.49271
   2      0        -15.25266           0.16507           0.01110
   3      0        -15.26377           0.16530           0.00000
   4      0        -15.25170           0.16417           0.01206
   5      0        -15.24889           0.16456           0.01487
   5     60        -15.29281           0.16460          -0.02905
   5     80        -15.69429           0.16479          -0.43052
   5    100        -16.75687           0.16520          -1.49310
 
 
 group  inft   Estimated free energy: total (kcal/mol)
   1      0     -16.2528     -16.2485     -16.2071     -16.1633     -16.0934
                -16.3295     -16.2082     -16.1592     -16.1413     -16.0615
                -16.2337     -16.1459     -16.0757     -16.0834     -16.0977
                -15.9828     -16.1108     -16.0715     -15.9968     -16.2453
                -16.0061     -16.2754     -16.0042     -16.2177     -16.1421
   1     60     -16.2851     -16.2811     -16.2395     -16.1956     -16.1256
                -16.3618     -16.2406     -16.1914     -16.1736     -16.0937
                -16.2660     -16.1783     -16.1080     -16.1158     -16.1301
                -16.0152     -16.1432     -16.1036     -16.0293     -16.2774
                -16.0384     -16.3079     -16.0365     -16.2501     -16.1746
   1     80     -16.6108     -16.6084     -16.5659     -16.5213     -16.4510
                -16.6879     -16.5671     -16.5174     -16.5000     -16.4197
                -16.5913     -16.5053     -16.4338     -16.4419     -16.4560
                -16.3414     -16.4693     -16.4281     -16.3555     -16.6019
                -16.3641     -16.6351     -16.3617     -16.5759     -16.5005
   1    100     -17.7858     -17.7858     -17.7440     -17.6977     -17.6261
                -17.8663     -17.7449     -17.6955     -17.6773     -17.5978
                -17.7655     -17.6844     -17.6087     -17.6173     -17.6309
                -17.5184     -17.6446     -17.6005     -17.5307     -17.7742
                -17.5400     -17.8161     -17.5355     -17.7504     -17.6771
   2      0     -16.2503     -16.2562     -16.1908     -16.1642     -16.0760
                -16.3230     -16.2038     -16.1540     -16.1314     -16.0640
                -16.2335     -16.1346     -16.0656     -16.0832     -16.0942
                -15.9704     -16.1133     -16.0656     -15.9817     -16.2464
                -15.9986     -16.2866     -16.0083     -16.2196     -16.1428
   3      0     -16.2537     -16.2761     -16.2005     -16.1739     -16.0785
                -16.3280     -16.2102     -16.1652     -16.1335     -16.0759
                -16.2358     -16.1312     -16.0771     -16.0914     -16.1135
                -15.9783     -16.1197     -16.0667     -15.9928     -16.2488
                -16.0027     -16.2953     -16.0219     -16.2244     -16.1554
   4      0     -16.2386     -16.2702     -16.1797     -16.1623     -16.0720
                -16.3185     -16.2024     -16.1441     -16.1185     -16.0669
                -16.2272     -16.1185     -16.0703     -16.0787     -16.0958
                -15.9523     -16.0989     -16.0577     -15.9811     -16.2374
                -15.9865     -16.2928     -16.0128     -16.2061     -16.1381
   5      0     -16.2388     -16.2593     -16.1806     -16.1611     -16.0673
                -16.3142     -16.1946     -16.1436     -16.1125     -16.0597
                -16.2219     -16.1097     -16.0648     -16.0787     -16.0938
                -15.9530     -16.0928     -16.0521     -15.9802     -16.2335
                -15.9807     -16.2925     -16.0073     -16.2080     -16.1359
   5     60     -16.2835     -16.3044     -16.2253     -16.2057     -16.1118
                -16.3589     -16.2394     -16.1882     -16.1572     -16.1044
                -16.2665     -16.1546     -16.1094     -16.1235     -16.1386
                -15.9978     -16.1376     -16.0965     -16.0251     -16.2779
                -16.0253     -16.3374     -16.0520     -16.2528     -16.1807
   5     80     -16.6923     -16.7153     -16.6348     -16.6148     -16.5201
                -16.7683     -16.6494     -16.5970     -16.5669     -16.5136
                -16.6746     -16.5651     -16.5181     -16.5324     -16.5481
                -16.4070     -16.5468     -16.5040     -16.4345     -16.6852
                -16.4341     -16.7484     -16.4604     -16.6618     -16.5900
   5    100     -17.7748     -17.8010     -17.7198     -17.6988     -17.6020
                -17.8544     -17.7352     -17.6812     -17.6513     -17.5986
                -17.7560     -17.6516     -17.6000     -17.6145     -17.6319
                -17.4908     -17.6297     -17.5846     -17.5175     -17.7654
                -17.5171     -17.8371     -17.5421     -17.7442     -17.6743
 
 group  inft   Estimated free energy: 1-th solvent contribution (kcal/mol)
   1      0      -0.1570       0.5436       0.3794       0.0976      -0.3345
                  0.6719       0.2479       0.3919       0.0289       0.0604
                  0.0967       0.3582      -0.0330       1.2563       0.5349
                  0.5817       0.5158      -0.0623       0.4827       0.2408
                  0.4715       0.0516       0.2153       0.3741       0.6110
   1     60      -0.1574       0.5433       0.3790       0.0972      -0.3349
                  0.6716       0.2476       0.3916       0.0285       0.0601
                  0.0964       0.3578      -0.0333       1.2560       0.5345
                  0.5814       0.5155      -0.0626       0.4823       0.2404
                  0.4712       0.0512       0.2149       0.3737       0.6106
   1     80      -0.1616       0.5389       0.3747       0.0928      -0.3393
                  0.6672       0.2432       0.3872       0.0242       0.0557
                  0.0920       0.3535      -0.0376       1.2521       0.5302
                  0.5772       0.5111      -0.0670       0.4779       0.2362
                  0.4668       0.0468       0.2106       0.3693       0.6063
   1    100      -0.1759       0.5245       0.3603       0.0781      -0.3541
                  0.6526       0.2286       0.3726       0.0097       0.0411
                  0.0773       0.3389      -0.0520       1.2387       0.5157
                  0.5631       0.4968      -0.0817       0.4633       0.2219
                  0.4523       0.0321       0.1962       0.3547       0.5917
   2      0      -0.1502       0.5475       0.3830       0.1004      -0.3279
                  0.6747       0.2530       0.3975       0.0347       0.0598
                  0.1033       0.3608      -0.0291       1.2516       0.5361
                  0.5854       0.5225      -0.0537       0.4890       0.2426
                  0.4740       0.0540       0.2212       0.3798       0.6133
   3      0      -0.1482       0.5509       0.3826       0.0991      -0.3260
                  0.6769       0.2581       0.3982       0.0369       0.0620
                  0.1045       0.3694      -0.0285       1.2469       0.5355
                  0.5885       0.5256      -0.0494       0.4890       0.2461
                  0.4776       0.0537       0.2221       0.3827       0.6149
   4      0      -0.1439       0.5512       0.3843       0.1000      -0.3230
                  0.6730       0.2598       0.4005       0.0396       0.0616
                  0.1048       0.3722      -0.0282       1.2450       0.5358
                  0.5895       0.5291      -0.0450       0.4920       0.2459
                  0.4742       0.0533       0.2269       0.3828       0.6174
   5      0      -0.1470       0.5510       0.3816       0.1000      -0.3211
                  0.6769       0.2601       0.4008       0.0404       0.0622
                  0.1054       0.3699      -0.0259       1.2464       0.5372
                  0.5878       0.5283      -0.0437       0.4919       0.2460
                  0.4774       0.0529       0.2274       0.3836       0.6184
   5     60      -0.1476       0.5504       0.3810       0.0994      -0.3217
                  0.6763       0.2595       0.4002       0.0398       0.0616
                  0.1048       0.3693      -0.0265       1.2459       0.5366
                  0.5872       0.5277      -0.0443       0.4913       0.2454
                  0.4768       0.0523       0.2268       0.3830       0.6178
   5     80      -0.1528       0.5451       0.3756       0.0940      -0.3271
                  0.6710       0.2542       0.3949       0.0346       0.0564
                  0.0994       0.3640      -0.0317       1.2411       0.5313
                  0.5821       0.5224      -0.0496       0.4860       0.2402
                  0.4715       0.0469       0.2215       0.3777       0.6126
   5    100      -0.1659       0.5319       0.3624       0.0805      -0.3404
                  0.6578       0.2410       0.3817       0.0216       0.0431
                  0.0860       0.3508      -0.0446       1.2289       0.5181
                  0.5691       0.5094      -0.0628       0.4728       0.2271
                  0.4583       0.0336       0.2083       0.3645       0.5995
 
 group  inft   Estimated free energy: 2-th solvent contribution (kcal/mol)
   1      0      -1.1440      -1.3182      -0.7654      -0.8161      -1.2075
                 -1.6808      -1.2793      -0.9732      -0.9978      -0.7178
                 -1.3120      -1.2219      -1.5751      -1.8369      -0.7705
                 -1.2526      -0.9998      -1.0939      -1.3219      -2.2543
                 -1.3437      -1.0045      -0.7464      -0.9881      -0.8826
   1     60      -1.1442      -1.3184      -0.7656      -0.8163      -1.2078
                 -1.6810      -1.2795      -0.9734      -0.9980      -0.7180
                 -1.3122      -1.2221      -1.5753      -1.8371      -0.7707
                 -1.2528      -0.9999      -1.0941      -1.3221      -2.2545
                 -1.3439      -1.0047      -0.7466      -0.9883      -0.8828
   1     80      -1.1459      -1.3198      -0.7675      -0.8177      -1.2096
                 -1.6828      -1.2813      -0.9750      -0.9999      -0.7191
                 -1.3138      -1.2240      -1.5768      -1.8388      -0.7723
                 -1.2547      -1.0014      -1.0958      -1.3238      -2.2562
                 -1.3456      -1.0063      -0.7477      -0.9898      -0.8843
   1    100      -1.1543      -1.3267      -0.7762      -0.8253      -1.2182
                 -1.6916      -1.2899      -0.9830      -1.0087      -0.7256
                 -1.3212      -1.2326      -1.5847      -1.8468      -0.7802
                 -1.2637      -1.0086      -1.1037      -1.3321      -2.2648
                 -1.3541      -1.0147      -0.7541      -0.9973      -0.8921
   2      0      -1.1402      -1.3243      -0.7558      -0.8184      -1.2005
                 -1.6733      -1.2720      -0.9830      -0.9905      -0.7226
                 -1.3133      -1.2081      -1.5683      -1.8390      -0.7650
                 -1.2447      -1.0097      -1.0910      -1.3104      -2.2509
                 -1.3349      -1.0102      -0.7574      -0.9930      -0.8884
   3      0      -1.1359      -1.3349      -0.7545      -0.8164      -1.1937
                 -1.6712      -1.2720      -0.9827      -0.9857      -0.7251
                 -1.3105      -1.2021      -1.5675      -1.8333      -0.7671
                 -1.2413      -1.0100      -1.0864      -1.3081      -2.2477
                 -1.3296      -1.0070      -0.7626      -0.9911      -0.8890
   4      0      -1.1344      -1.3394      -0.7558      -0.8160      -1.1948
                 -1.6668      -1.2768      -0.9837      -0.9896      -0.7247
                 -1.3116      -1.1994      -1.5677      -1.8360      -0.7659
                 -1.2384      -1.0106      -1.0874      -1.3087      -2.2471
                 -1.3245      -1.0098      -0.7654      -0.9904      -0.8892
   5      0      -1.1359      -1.3361      -0.7534      -0.8153      -1.1958
                 -1.6672      -1.2721      -0.9832      -0.9880      -0.7263
                 -1.3108      -1.1985      -1.5694      -1.8367      -0.7670
                 -1.2402      -1.0102      -1.0853      -1.3079      -2.2469
                 -1.3256      -1.0101      -0.7641      -0.9891      -0.8871
   5     60      -1.1361      -1.3363      -0.7537      -0.8155      -1.1961
                 -1.6675      -1.2724      -0.9834      -0.9883      -0.7265
                 -1.3110      -1.1987      -1.5696      -1.8369      -0.7673
                 -1.2405      -1.0105      -1.0855      -1.3082      -2.2471
                 -1.3258      -1.0103      -0.7643      -0.9893      -0.8873
   5     80      -1.1385      -1.3384      -0.7563      -0.8177      -1.1986
                 -1.6700      -1.2749      -0.9858      -0.9909      -0.7284
                 -1.3133      -1.2014      -1.5719      -1.8393      -0.7698
                 -1.2430      -1.0127      -1.0879      -1.3106      -2.2495
                 -1.3283      -1.0128      -0.7663      -0.9916      -0.8896
   5    100      -1.1466      -1.3455      -0.7647      -0.8251      -1.2069
                 -1.6784      -1.2834      -0.9939      -0.9993      -0.7352
                 -1.3206      -1.2098      -1.5796      -1.8471      -0.7778
                 -1.2515      -1.0202      -1.0955      -1.3187      -2.2579
                 -1.3362      -1.0211      -0.7731      -0.9991      -0.8976
 
 group  inft   Estimated free energy: 3-th solvent contribution (kcal/mol)
   1      0     -14.9358     -15.4579     -15.8052     -15.4288     -14.5353
                -15.3047     -15.1608     -15.5619     -15.1564     -15.3881
                -15.0025     -15.2662     -14.4517     -15.4867     -15.8461
                -15.2959     -15.6109     -14.8993     -15.1416     -14.2158
                -15.1180     -15.3065     -15.4571     -15.5877     -15.8545
   1     60     -14.9676     -15.4900     -15.8370     -15.4606     -14.5670
                -15.3365     -15.1926     -15.5936     -15.1881     -15.4199
                -15.0342     -15.2981     -14.4835     -15.5187     -15.8779
                -15.3278     -15.6427     -14.9309     -15.1736     -14.2474
                -15.1497     -15.3384     -15.4889     -15.6195     -15.8864
   1     80     -15.2873     -15.8115     -16.1572     -15.7804     -14.8861
                -15.6563     -15.5130     -15.9136     -15.5082     -15.7404
                -15.3535     -15.6188     -14.8033     -15.8392     -16.1979
                -15.6479     -15.9630     -15.2493     -15.4937     -14.5659
                -15.4693     -15.6596     -15.8086     -15.9394     -16.2066
   1    100     -16.4396     -16.9676     -17.3121     -16.9345     -16.0378
                -16.8113     -16.6676     -17.0690     -16.6623     -16.8973
                -16.5056     -16.7747     -15.9560     -16.9932     -17.3504
                -16.8019     -17.1168     -16.3991     -16.6459     -15.7153
                -16.6221     -16.8175     -16.9617     -17.0918     -17.3608
   2      0     -14.9439     -15.4634     -15.8020     -15.4302     -14.5316
                -15.3084     -15.1688     -15.5525     -15.1595     -15.3853
                -15.0076     -15.2713     -14.4523     -15.4797     -15.8493
                -15.2951     -15.6101     -14.9049     -15.1443     -14.2221
                -15.1218     -15.3144     -15.4561     -15.5904     -15.8517
   3      0     -14.9536     -15.4761     -15.8126     -15.4406     -14.5427
                -15.3176     -15.1803     -15.5647     -15.1686     -15.3968
                -15.0139     -15.2825     -14.4651     -15.4891     -15.8659
                -15.3096     -15.6193     -14.9149     -15.1578     -14.2312
                -15.1347     -15.3260     -15.4654     -15.6000     -15.8652
   4      0     -14.9443     -15.4660     -15.7922     -15.4304     -14.5383
                -15.3086     -15.1694     -15.5450     -15.1526     -15.3878
                -15.0044     -15.2753     -14.4585     -15.4717     -15.8497
                -15.2873     -15.6015     -14.9092     -15.1485     -14.2202
                -15.1203     -15.3203     -15.4583     -15.5825     -15.8503
   5      0     -14.9400     -15.4583     -15.7927     -15.4298     -14.5344
                -15.3079     -15.1665     -15.5452     -15.1490     -15.3797
                -15.0004     -15.2652     -14.4535     -15.4724     -15.8479
                -15.2846     -15.5949     -14.9071     -15.1482     -14.2166
                -15.1165     -15.3193     -15.4546     -15.5865     -15.8513
   5     60     -14.9839     -15.5026     -15.8366     -15.4737     -14.5781
                -15.3517     -15.2105     -15.5890     -15.1928     -15.4235
                -15.0442     -15.3092     -14.4974     -15.5165     -15.8919
                -15.3286     -15.6389     -14.9507     -15.1923     -14.2602
                -15.1603     -15.3633     -15.4985     -15.6305     -15.8953
   5     80     -15.3849     -15.9060     -16.2382     -15.8751     -14.9784
                -15.7533     -15.6127     -15.9902     -15.5946     -15.8256
                -15.4447     -15.7117     -14.8985     -15.9182     -16.2936
                -15.7301     -16.0406     -15.3506     -15.5939     -14.6599
                -15.5614     -15.7665     -15.8996     -16.0319     -16.2970
   5    100     -16.4463     -16.9714     -17.3015     -16.9381     -16.0387
                -16.8178     -16.6769     -17.0530     -16.6576     -16.8905
                -16.5054     -16.7766     -15.9597     -16.9803     -17.3561
                -16.7924     -17.1028     -16.4103     -16.6557     -15.7186
                -16.6232     -16.8336     -16.9614     -17.0936     -17.3602
 
 
 cumulative average & 95% error for solvation free energy
              total             1st component         2nd component         3rd component
  1   -16.2537     0.0000    -0.1482     0.0000    -1.1359     0.0000   -14.9536     0.0000
  2   -16.2649     0.0223     0.2013     0.6991    -1.2354     0.1990   -15.2148     0.5225
  3   -16.2434     0.0448     0.2618     0.4214    -1.0751     0.3405   -15.4141     0.4998
  4   -16.2260     0.0471     0.2211     0.3088    -1.0104     0.2733   -15.4207     0.3537
  5   -16.1965     0.0694     0.1117     0.3242    -1.0471     0.2241   -15.2451     0.4454
  6   -16.2184     0.0716     0.2059     0.3249    -1.1511     0.2770   -15.2572     0.3645
  7   -16.2173     0.0606     0.2133     0.2750    -1.1684     0.2367   -15.2462     0.3088
  8   -16.2107     0.0540     0.2364     0.2426    -1.1452     0.2102   -15.2860     0.2790
  9   -16.2022     0.0507     0.2143     0.2185    -1.1274     0.1887   -15.2730     0.2475
 10   -16.1895     0.0519     0.1990     0.1978    -1.0872     0.1870   -15.2854     0.2227
 11   -16.1937     0.0477     0.1904     0.1797    -1.1075     0.1739   -15.2607     0.2074
 12   -16.1885     0.0448     0.2054     0.1668    -1.1154     0.1596   -15.2625     0.1894
 13   -16.1800     0.0446     0.1874     0.1576    -1.1502     0.1624   -15.2012     0.2131
 14   -16.1736     0.0432     0.2630     0.2102    -1.1990     0.1793   -15.2217     0.2015
 15   -16.1696     0.0410     0.2812     0.1990    -1.1702     0.1765   -15.2647     0.2063
 16   -16.1577     0.0452     0.3004     0.1901    -1.1746     0.1654   -15.2675     0.1931
 17   -16.1554     0.0427     0.3137     0.1805    -1.1649     0.1565   -15.2882     0.1860
 18   -16.1505     0.0414     0.2935     0.1749    -1.1606     0.1478   -15.2674     0.1802
 19   -16.1422     0.0426     0.3038     0.1667    -1.1683     0.1407   -15.2617     0.1709
 20   -16.1475     0.0418     0.3009     0.1583    -1.2223     0.1717   -15.2101     0.1921
 21   -16.1406     0.0420     0.3093     0.1515    -1.2274     0.1636   -15.2065     0.1828
 22   -16.1477     0.0425     0.2977     0.1463    -1.2174     0.1573   -15.2120     0.1747
 23   -16.1422     0.0420     0.2944     0.1399    -1.1976     0.1554   -15.2230     0.1684
 24   -16.1456     0.0408     0.2981     0.1342    -1.1890     0.1498   -15.2387     0.1642
 25   -16.1460     0.0392     0.3108     0.1312    -1.1770     0.1456   -15.2638     0.1653
