 ERmod 0.3.7, Copyright (C) 2000-2019 Nobuyuki Matubayasi
                            2010-2019 Shun Sakuraba
 ERmod comes with ABSOLUTELY NO WARRANTY.
 This is free software, and you can redistribute it
 and/or modify it under certain conditions.
 See LICENSE file for details.
Opening: "/home/hervoe/snic2020-6-15/hervoe/Caffeine_solubility/Simulations/opls_simulations/KI/2.00/trajectory_ref_full.xtc"...
  Trying plugin "Gromacs XTC Compressed Trajectory"...OK
Opening: "/home/hervoe/snic2020-6-15/hervoe/Caffeine_solubility/Simulations/opls_simulations/Solute/trajectory_solute.xtc"...
  Trying plugin "Gromacs XTC Compressed Trajectory"...OK
Opening: "/home/hervoe/snic2020-6-15/hervoe/Caffeine_solubility/Simulations/opls_simulations/Solute/trajectory_solute.xtc"...
  Trying plugin "Gromacs XTC Compressed Trajectory"...OK
Opening: "/home/hervoe/snic2020-6-15/hervoe/Caffeine_solubility/Simulations/opls_simulations/Solute/trajectory_solute.xtc"...
  Trying plugin "Gromacs XTC Compressed Trajectory"...OK
Opening: "/home/hervoe/snic2020-6-15/hervoe/Caffeine_solubility/Simulations/opls_simulations/Solute/trajectory_solute.xtc"...
  Trying plugin "Gromacs XTC Compressed Trajectory"...OK
Opening: "/home/hervoe/snic2020-6-15/hervoe/Caffeine_solubility/Simulations/opls_simulations/Solute/trajectory_solute.xtc"...
  Trying plugin "Gromacs XTC Compressed Trajectory"...OK
Opening: "/home/hervoe/snic2020-6-15/hervoe/Caffeine_solubility/Simulations/opls_simulations/Solute/trajectory_solute.xtc"...
  Trying plugin "Gromacs XTC Compressed Trajectory"...OK
Opening: "/home/hervoe/snic2020-6-15/hervoe/Caffeine_solubility/Simulations/opls_simulations/Solute/trajectory_solute.xtc"...
  Trying plugin "Gromacs XTC Compressed Trajectory"...OK
Opening: "/home/hervoe/snic2020-6-15/hervoe/Caffeine_solubility/Simulations/opls_simulations/Solute/trajectory_solute.xtc"...
  Trying plugin "Gromacs XTC Compressed Trajectory"...OK
Opening: "/home/hervoe/snic2020-6-15/hervoe/Caffeine_solubility/Simulations/opls_simulations/Solute/trajectory_solute.xtc"...
  Trying plugin "Gromacs XTC Compressed Trajectory"...OK
Opening: "/home/hervoe/snic2020-6-15/hervoe/Caffeine_solubility/Simulations/opls_simulations/Solute/trajectory_solute.xtc"...
  Trying plugin "Gromacs XTC Compressed Trajectory"...OK
 
  Number of the   1-th solvent  =           36
  Number of the   2-th solvent  =           36
  Number of the   3-th solvent  =         1000
 
  Be sure that the solvent distribution is homogeneous (radial distribution function is essentially unity) when the solvent molecule is separated beyond distance of   10.0 Angstrom in any direction from any atom within the solute molecule
 
  LJ long-range correction    =        -0.1112     -0.0058     -0.9281
 
  Self-energy of the solute   =        -0.0354  kcal/mol
 
 
 cumulative average & 95% error for solvation energy
              total             1st component         2nd component         3rd component
  1   -48.9222               -1.5788               -6.2527              -41.0553
  2   -49.1153     0.3862    -1.9369     0.7164    -5.1472     2.2111   -41.9958     1.8809
  3   -49.0971     0.2259    -1.4590     1.0416    -4.9769     1.3212   -42.6258     1.6635
  4   -49.0992     0.1598    -1.5026     0.7416    -4.4986     1.3371   -43.0626     1.4652
  5   -49.0977     0.1238    -1.7339     0.7377    -4.6769     1.0954   -42.6514     1.4016
  6   -49.1048     0.1021    -1.0332     1.5255    -4.9444     1.0422   -43.0918     1.4442
  7   -49.1449     0.1179    -0.7639     1.3972    -4.9111     0.8833   -43.4345     1.3998
  8   -49.1538     0.1036    -0.8590     1.2249    -4.9357     0.7665   -43.3237     1.2323
  9   -49.1145     0.1205    -0.9539     1.0968    -5.1740     0.8271   -42.9513     1.3176
 10   -49.1101     0.1081    -0.9710     0.9816    -5.2974     0.7799   -42.8063     1.2136
 11   -49.1217     0.1005    -0.8949     0.9008    -5.4647     0.7808   -42.7266     1.1093
 12   -49.1080     0.0957    -1.1655     0.9844    -5.1810     0.9109   -42.7260     1.0126
 13   -49.1068     0.0881    -1.1165     0.9108    -5.1627     0.8387   -42.7922     0.9408
 14   -49.1220     0.0870    -1.2622     0.8922    -5.0211     0.8266   -42.8033     0.8713
 15   -49.1308     0.0829    -1.3138     0.8370    -4.8969     0.8086   -42.8847     0.8273
 16   -49.1203     0.0804    -1.0044     0.9980    -5.1385     0.8975   -42.9420     0.7823
 17   -49.1348     0.0809    -0.9627     0.9412    -5.1702     0.8454   -42.9665     0.7365
 18   -49.1415     0.0774    -0.8298     0.9264    -5.1916     0.7982   -43.0847     0.7335
 19   -49.1523     0.0764    -0.9809     0.9269    -5.0888     0.7825   -43.0471     0.6979
 20   -49.1403     0.0764    -0.9676     0.8798    -5.0984     0.7426   -43.0388     0.6623
 21   -49.1394     0.0726    -1.0342     0.8474    -5.0421     0.7153   -43.0277     0.6304
 22   -49.1376     0.0694    -0.9449     0.8275    -5.0171     0.6838   -43.1402     0.6418
 23   -49.1283     0.0688    -0.9031     0.7951    -4.9633     0.6622   -43.2265     0.6371
 24   -49.1243     0.0664    -0.8920     0.7615    -4.9230     0.6392   -43.2739     0.6173
 25   -49.1262     0.0638    -0.8625     0.7328    -4.9422     0.6143   -43.2860     0.5926
 
 
 group  inft  solvation free energy     error          difference
  total solvation free energy
   1      0        -11.21612           0.11148          -0.01993
   1     60        -11.26457           0.11148          -0.06837
   1     80        -11.68967           0.11140          -0.49348
   1    100        -13.03714           0.11114          -1.84094
   2      0        -11.19576           0.11087           0.00044
   3      0        -11.19619           0.11053           0.00000
   4      0        -11.18440           0.11150           0.01179
   5      0        -11.17765           0.11209           0.01854
   5     60        -11.24397           0.11208          -0.04778
   5     80        -11.76703           0.11199          -0.57084
   5    100        -13.00021           0.11178          -1.80402
 
  contribution from  1-th solvent component
   1      0          1.10257           0.32161          -0.01458
   1     60          1.09968           0.32162          -0.01748
   1     80          1.07554           0.32166          -0.04161
   1    100          1.00337           0.32181          -0.11379
   2      0          1.11356           0.32082          -0.00360
   3      0          1.11715           0.32041           0.00000
   4      0          1.11948           0.32023           0.00233
   5      0          1.12120           0.32028           0.00405
   5     60          1.11721           0.32029           0.00006
   5     80          1.08800           0.32032          -0.02916
   5    100          1.02214           0.32038          -0.09502
 
  contribution from  2-th solvent component
   1      0         -2.64512           0.30858          -0.01471
   1     60         -2.64542           0.30858          -0.01501
   1     80         -2.65081           0.30864          -0.02041
   1    100         -2.66974           0.30870          -0.03933
   2      0         -2.63382           0.30714          -0.00341
   3      0         -2.63041           0.30645           0.00000
   4      0         -2.62819           0.30707           0.00222
   5      0         -2.62448           0.30677           0.00593
   5     60         -2.62478           0.30677           0.00563
   5     80         -2.63168           0.30681          -0.00127
   5    100         -2.65000           0.30683          -0.01959
 
  contribution from  3-th solvent component
   1      0         -9.63816           0.28383           0.00936
   1     60         -9.68341           0.28385          -0.03589
   1     80        -10.07899           0.28418          -0.43146
   1    100        -11.33535           0.28530          -1.68783
   2      0         -9.64008           0.28306           0.00744
   3      0         -9.64753           0.28286           0.00000
   4      0         -9.64028           0.28002           0.00724
   5      0         -9.63897           0.28119           0.00856
   5     60         -9.70099           0.28122          -0.05347
   5     80        -10.18793           0.28162          -0.54041
   5    100        -11.33693           0.28262          -1.68941
 
 
 group  inft   Estimated free energy: total (kcal/mol)
   1      0     -11.5529     -10.7067     -11.5114     -11.1068     -11.0090
                -11.0845     -10.9619     -11.4307     -11.5816     -11.6644
                -10.9489     -11.2650     -11.4332     -10.9738     -10.9415
                -11.3047     -11.4278     -11.3787     -10.8995     -11.4352
                -11.0761     -11.0523     -11.1728     -10.8206     -11.6630
   1     60     -11.6012     -10.7553     -11.5597     -11.1553     -11.0572
                -11.1331     -11.0102     -11.4792     -11.6299     -11.7129
                -10.9975     -11.3136     -11.4818     -11.0223     -10.9900
                -11.3531     -11.4761     -11.4273     -10.9479     -11.4837
                -11.1246     -11.1007     -11.2213     -10.8690     -11.7114
   1     80     -12.0247     -11.1815     -11.9838     -11.5813     -11.4792
                -11.5606     -11.4345     -11.9050     -12.0518     -12.1383
                -11.4231     -11.7395     -11.9085     -11.4477     -11.4149
                -11.7782     -11.9001     -11.8549     -11.3734     -11.9086
                -11.5484     -11.5263     -11.6468     -11.2940     -12.1368
   1    100     -13.3664     -12.5333     -13.3287     -12.9328     -12.8156
                -12.9128     -12.7796     -13.2539     -13.3889     -13.4877
                -12.7715     -13.0898     -13.2618     -12.7960     -12.7629
                -13.1252     -13.2437     -13.2097     -12.7226     -13.2556
                -12.8920     -12.8769     -12.9958     -12.6405     -13.4848
   2      0     -11.5314     -10.6897     -11.4978     -11.0997     -10.9998
                -11.0730     -10.9461     -11.4118     -11.5542     -11.6399
                -10.9120     -11.2444     -11.3929     -10.9671     -10.9270
                -11.2853     -11.4240     -11.3605     -10.8792     -11.4057
                -11.0555     -11.0169     -11.1415     -10.7993     -11.6393
   3      0     -11.5252     -10.6809     -11.4974     -11.0936     -11.0076
                -11.0664     -10.9453     -11.4204     -11.5597     -11.6275
                -10.9209     -11.2440     -11.3909     -10.9782     -10.9304
                -11.2803     -11.4222     -11.3691     -10.8792     -11.3992
                -11.0514     -11.0247     -11.1457     -10.8008     -11.6440
   4      0     -11.5258     -10.6793     -11.4920     -11.0802     -11.0058
                -11.0656     -10.9164     -11.4046     -11.5506     -11.6453
                -10.9123     -11.2202     -11.3749     -10.9827     -10.9217
                -11.2737     -11.4119     -11.3501     -10.8695     -11.3749
                -11.0320     -10.9860     -11.1218     -10.7801     -11.6326
   5      0     -11.5163     -10.6588     -11.4788     -11.0706     -10.9873
                -11.0580     -10.9104     -11.4011     -11.5569     -11.6295
                -10.8978     -11.2329     -11.3739     -10.9727     -10.9076
                -11.2687     -11.4009     -11.3426     -10.8675     -11.3699
                -11.0235     -10.9862     -11.1210     -10.7798     -11.6285
   5     60     -11.5825     -10.7252     -11.5450     -11.1370     -11.0533
                -11.1245     -10.9766     -11.4676     -11.6230     -11.6958
                -10.9641     -11.2994     -11.4404     -11.0391     -10.9739
                -11.3350     -11.4671     -11.4092     -10.9338     -11.4361
                -11.0898     -11.0526     -11.1875     -10.8461     -11.6949
   5     80     -12.1036     -11.2492     -12.0673     -11.6611     -11.5731
                -11.6504     -11.4990     -11.9911     -12.1426     -12.2191
                -11.4877     -11.8236     -11.9647     -11.5625     -11.4962
                -11.8581     -11.9892     -11.9359     -11.4571     -11.9582
                -11.6111     -11.5761     -11.7115     -11.3693     -12.2181
   5    100     -13.3318     -12.4852     -13.2994     -12.8973     -12.7977
                -12.8882     -12.7313     -13.2248     -13.3672     -13.4534
                -12.7213     -13.0596     -13.2013     -12.7966     -12.7283
                -13.0913     -13.2203     -13.1769     -12.6907     -13.1892
                -12.8402     -12.8118     -12.9469     -12.6026     -13.4517
 
 group  inft   Estimated free energy: 1-th solvent contribution (kcal/mol)
   1      0       0.3582       0.8374       1.2845       0.7202       0.5842
                  2.7923       2.1462       0.7312       0.3360       0.6133
                  1.5452      -0.4454       1.1333       0.1257       0.7164
                  2.9196       1.3762       1.8161       0.1438       1.0507
                  0.6979       1.8672       1.4660       1.4035       1.3445
   1     60       0.3552       0.8345       1.2816       0.7173       0.5814
                  2.7894       2.1433       0.7283       0.3332       0.6104
                  1.5423      -0.4483       1.1304       0.1227       0.7135
                  2.9167       1.3733       1.8132       0.1410       1.0477
                  0.6950       1.8643       1.4631       1.4007       1.3416
   1     80       0.3308       0.8102       1.2576       0.6927       0.5576
                  2.7655       2.1194       0.7038       0.3097       0.5864
                  1.5182      -0.4729       1.1062       0.0982       0.6890
                  2.8933       1.3491       1.7887       0.1171       1.0233
                  0.6713       1.8403       1.4392       1.3765       1.3174
   1    100       0.2576       0.7375       1.1857       0.6190       0.4866
                  2.6938       2.0479       0.6305       0.2395       0.5148
                  1.4461      -0.5463       1.0339       0.0248       0.6156
                  2.8231       1.2767       1.7154       0.0459       0.9502
                  0.6005       1.7687       1.3678       1.3042       1.2450
   2      0       0.3699       0.8517       1.2868       0.7317       0.5974
                  2.7983       2.1550       0.7431       0.3547       0.6272
                  1.5548      -0.4343       1.1473       0.1376       0.7282
                  2.9230       1.3818       1.8238       0.1530       1.0635
                  0.7117       1.8810       1.4773       1.4181       1.3564
   3      0       0.3737       0.8564       1.2947       0.7400       0.6008
                  2.8031       2.1548       0.7423       0.3588       0.6324
                  1.5578      -0.4277       1.1513       0.1402       0.7303
                  2.9264       1.3874       1.8223       0.1587       1.0691
                  0.7212       1.8804       1.4751       1.4195       1.3597
   4      0       0.3776       0.8556       1.2831       0.7408       0.6080
                  2.8046       2.1572       0.7502       0.3585       0.6356
                  1.5618      -0.4265       1.1486       0.1428       0.7337
                  2.9287       1.3910       1.8270       0.1653       1.0777
                  0.7253       1.8834       1.4739       1.4240       1.3590
   5      0       0.3740       0.8618       1.2919       0.7450       0.6123
                  2.8060       2.1593       0.7477       0.3611       0.6343
                  1.5587      -0.4269       1.1513       0.1420       0.7372
                  2.9255       1.3933       1.8310       0.1636       1.0834
                  0.7287       1.8866       1.4723       1.4252       1.3647
   5     60       0.3700       0.8579       1.2879       0.7409       0.6084
                  2.8021       2.1553       0.7437       0.3571       0.6303
                  1.5547      -0.4309       1.1474       0.1380       0.7332
                  2.9215       1.3893       1.8269       0.1597       1.0794
                  0.7247       1.8826       1.4683       1.4212       1.3607
   5     80       0.3403       0.8288       1.2586       0.7111       0.5797
                  2.7730       2.1262       0.7142       0.3284       0.6014
                  1.5255      -0.4606       1.1183       0.1084       0.7039
                  2.8928       1.3599       1.7972       0.1307       1.0501
                  0.6961       1.8536       1.4389       1.3919       1.3315
   5    100       0.2734       0.7633       1.1923       0.6439       0.5149
                  2.7075       2.0603       0.6478       0.2637       0.5365
                  1.4597      -0.5274       1.0529       0.0415       0.6377
                  2.8281       1.2934       1.7302       0.0653       0.9842
                  0.6316       1.7883       1.3727       1.3260       1.2656
 
 group  inft   Estimated free energy: 2-th solvent contribution (kcal/mol)
   1      0      -3.3112      -2.0180      -2.8425      -1.6071      -3.0271
                 -3.2957      -2.3895      -2.8379      -3.8507      -3.4521
                 -3.4729      -1.3752      -2.7426      -1.5931      -1.6406
                 -4.3009      -3.0982      -2.6922      -1.8120      -2.9811
                 -2.3093      -2.1268      -2.0707      -2.0645      -3.2159
   1     60      -3.3116      -2.0183      -2.8427      -1.6074      -3.0274
                 -3.2960      -2.3898      -2.8382      -3.8510      -3.4524
                 -3.4732      -1.3756      -2.7429      -1.5934      -1.6409
                 -4.3012      -3.0985      -2.6926      -1.8123      -2.9813
                 -2.3096      -2.1271      -2.0710      -2.0647      -3.2162
   1     80      -3.3171      -2.0239      -2.8481      -1.6124      -3.0328
                 -3.3014      -2.3950      -2.8435      -3.8566      -3.4581
                 -3.4788      -1.3809      -2.7487      -1.5985      -1.6453
                 -4.3068      -3.1040      -2.6981      -1.8176      -2.9867
                 -2.3151      -2.1326      -2.0764      -2.0701      -3.2218
   1    100      -3.3362      -2.0440      -2.8667      -1.6308      -3.0512
                 -3.3188      -2.4130      -2.8619      -3.8763      -3.4785
                 -3.4979      -1.4000      -2.7694      -1.6167      -1.6624
                 -4.3260      -3.1222      -2.7172      -1.8370      -3.0056
                 -2.3346      -2.1525      -2.0953      -2.0888      -3.2406
   2      0      -3.2928      -2.0105      -2.8245      -1.6149      -3.0183
                 -3.2891      -2.3855      -2.8308      -3.8420      -3.4388
                 -3.4407      -1.3638      -2.7225      -1.5877      -1.6428
                 -4.2849      -3.0911      -2.6755      -1.8027      -2.9671
                 -2.3033      -2.1070      -2.0543      -2.0544      -3.2008
   3      0      -3.2865      -2.0000      -2.8240      -1.6135      -3.0173
                 -3.2773      -2.3800      -2.8272      -3.8398      -3.4255
                 -3.4425      -1.3657      -2.7164      -1.5930      -1.6448
                 -4.2769      -3.0857      -2.6726      -1.7997      -2.9637
                 -2.3037      -2.1047      -2.0509      -2.0463      -3.2027
   4      0      -3.2873      -1.9968      -2.8172      -1.6086      -3.0131
                 -3.2881      -2.3760      -2.8278      -3.8342      -3.4315
                 -3.4408      -1.3585      -2.7130      -1.5949      -1.6435
                 -4.2795      -3.0855      -2.6657      -1.7968      -2.9589
                 -2.2980      -2.0980      -2.0497      -2.0424      -3.1990
   5      0      -3.2805      -1.9912      -2.8108      -1.6020      -3.0061
                 -3.2803      -2.3702      -2.8228      -3.8404      -3.4246
                 -3.4341      -1.3681      -2.7081      -1.5963      -1.6380
                 -4.2755      -3.0823      -2.6631      -1.7936      -2.9585
                 -2.2979      -2.0900      -2.0434      -2.0400      -3.1942
   5     60      -3.2809      -1.9916      -2.8111      -1.6023      -3.0063
                 -3.2805      -2.3704      -2.8231      -3.8407      -3.4249
                 -3.4343      -1.3685      -2.7084      -1.5966      -1.6382
                 -4.2758      -3.0826      -2.6634      -1.7939      -2.9588
                 -2.2982      -2.0904      -2.0437      -2.0403      -3.1945
   5     80      -3.2878      -1.9986      -2.8178      -1.6091      -3.0132
                 -3.2873      -2.3771      -2.8298      -3.8479      -3.4322
                 -3.4414      -1.3755      -2.7156      -1.6033      -1.6442
                 -4.2829      -3.0895      -2.6705      -1.8007      -2.9657
                 -2.3052      -2.0973      -2.0506      -2.0472      -3.2015
   5    100      -3.3060      -2.0178      -2.8356      -1.6273      -3.0308
                 -3.3042      -2.3951      -2.8475      -3.8671      -3.4516
                 -3.4596      -1.3943      -2.7352      -1.6213      -1.6613
                 -4.3015      -3.1073      -2.6892      -1.8192      -2.9839
                 -2.3243      -2.1161      -2.0687      -2.0655      -3.2196
 
 group  inft   Estimated free energy: 3-th solvent contribution (kcal/mol)
   1      0      -8.5644      -9.4907      -9.9180     -10.1845      -8.5308
                -10.5457     -10.6831      -9.2885      -8.0315      -8.7903
                 -8.9858      -9.4089      -9.7885      -9.4710      -9.9819
                 -9.8880      -9.6703     -10.4672      -9.1959      -9.4694
                 -9.4293     -10.7574     -10.5326     -10.1243      -9.7561
   1     60      -8.6095      -9.5360      -9.9631     -10.2298      -8.5758
                -10.5911     -10.7283      -9.3339      -8.0766      -8.8355
                 -9.0311      -9.4542      -9.8339      -9.5163     -10.0272
                 -9.9332      -9.7155     -10.5125      -9.2412      -9.5147
                 -9.4746     -10.8026     -10.5779     -10.1695      -9.8014
   1     80      -9.0030      -9.9324     -10.3579     -10.6261      -8.9687
                -10.9892     -11.1235      -9.7298      -8.4695      -9.2312
                 -9.4270      -9.8502     -10.2306      -9.9119     -10.4231
                -10.3292     -10.1098     -10.9101      -9.6375      -9.9097
                 -9.8693     -11.1986     -10.9742     -10.5649     -10.1970
   1    100     -10.2524     -11.1913     -11.6123     -11.8856     -10.2156
                -12.2525     -12.3790     -10.9870      -9.7166     -10.4886
                -10.6843     -11.1080     -11.4909     -11.1687     -11.6806
                -11.5869     -11.3628     -12.1724     -10.8960     -11.1648
                -11.1226     -12.4578     -12.2329     -11.8205     -11.4538
   2      0      -8.5731      -9.4954      -9.9247     -10.1811      -8.5435
                -10.5468     -10.6802      -9.2887      -8.0315      -8.7929
                 -8.9908      -9.4110      -9.7823      -9.4815      -9.9770
                 -9.8880      -9.6794     -10.4734      -9.1942      -9.4666
                 -9.4286     -10.7555     -10.5290     -10.1277      -9.7594
   3      0      -8.5770      -9.5018      -9.9327     -10.1847      -8.5557
                -10.5568     -10.6847      -9.3001      -8.0433      -8.7991
                 -9.0008      -9.4153      -9.7903      -9.4901      -9.9805
                 -9.8944      -9.6885     -10.4835      -9.2028      -9.4691
                 -9.4335     -10.7649     -10.5345     -10.1386      -9.7657
   4      0      -8.5806      -9.5027      -9.9225     -10.1770      -8.5652
                -10.5467     -10.6621      -9.2916      -8.0395      -8.8139
                 -8.9979      -9.3998      -9.7751      -9.4952      -9.9765
                 -9.8875      -9.6820     -10.4760      -9.2026      -9.4583
                 -9.4239     -10.7360     -10.5107     -10.1263      -9.7572
   5      0      -8.5744      -9.4939      -9.9245     -10.1782      -8.5582
                -10.5483     -10.6641      -9.2907      -8.0422      -8.8038
                 -8.9870      -9.4025      -9.7818      -9.4831      -9.9715
                 -9.8832      -9.6764     -10.4751      -9.2021      -9.4593
                 -9.4189     -10.7473     -10.5145     -10.1296      -9.7636
   5     60      -8.6362      -9.5561      -9.9864     -10.2402      -8.6199
                -10.6107     -10.7261      -9.3528      -8.1039      -8.8658
                 -9.0491      -9.4646      -9.8440      -9.5451     -10.0335
                 -9.9452      -9.7383     -10.5373      -9.2642      -9.5213
                 -9.4809     -10.8093     -10.5766     -10.1915      -9.8257
   5     80      -9.1207     -10.0440     -10.4727     -10.7277      -9.1042
                -11.1007     -11.2127      -9.8401      -8.5877      -9.3529
                 -9.5364      -9.9521     -10.3320     -10.0321     -10.5205
                -10.4326     -10.2241     -11.0272      -9.7516     -10.0073
                 -9.9665     -11.2969     -11.0644     -10.6786     -10.3127
   5    100     -10.2638     -11.1954     -11.6207     -11.8786     -10.2463
                -12.2561     -12.3611     -10.9896      -9.7285     -10.5029
                -10.6859     -11.1025     -11.4836     -11.1814     -11.6693
                -11.5825     -11.3711     -12.1825     -10.9014     -11.1542
                -11.1121     -12.4486     -12.2154     -11.8277     -11.4623
 
 
 cumulative average & 95% error for solvation free energy
              total             1st component         2nd component         3rd component
  1   -11.5252     0.0000     0.3737     0.0000    -3.2865     0.0000    -8.5770     0.0000
  2   -11.1030     0.8444     0.6151     0.4826    -2.6433     1.2865    -9.0394     0.9248
  3   -11.2345     0.5539     0.8416     0.5319    -2.7035     0.7525    -9.3372     0.7998
  4   -11.1993     0.3979     0.8162     0.3795    -2.4310     0.7617    -9.5491     0.7067
  5   -11.1609     0.3176     0.7731     0.3064    -2.5483     0.6349    -9.3504     0.6764
  6   -11.1452     0.2612     1.1115     0.7214    -2.6698     0.5725    -9.5514     0.6832
  7   -11.1166     0.2281     1.2605     0.6787    -2.6284     0.4909    -9.7133     0.6620
  8   -11.1546     0.2116     1.1957     0.6018    -2.6532     0.4280    -9.6617     0.5825
  9   -11.1996     0.2072     1.1027     0.5624    -2.7851     0.4604    -9.4819     0.6271
 10   -11.2424     0.2041     1.0557     0.5118    -2.8491     0.4313    -9.4136     0.5773
 11   -11.2132     0.1937     1.1013     0.4718    -2.9030     0.4048    -9.3761     0.5275
 12   -11.2157     0.1769     0.9739     0.5005    -2.7749     0.4496    -9.3793     0.4816
 13   -11.2292     0.1649     0.9876     0.4612    -2.7704     0.4137    -9.4109     0.4475
 14   -11.2113     0.1568     0.9270     0.4438    -2.6863     0.4183    -9.4166     0.4145
 15   -11.1926     0.1507     0.9139     0.4140    -2.6169     0.4135    -9.4542     0.3931
 16   -11.1980     0.1414     1.0397     0.4618    -2.7206     0.4389    -9.4817     0.3718
 17   -11.2112     0.1354     1.0602     0.4357    -2.7421     0.4145    -9.4939     0.3501
 18   -11.2200     0.1289     1.1025     0.4194    -2.7383     0.3909    -9.5488     0.3479
 19   -11.2021     0.1271     1.0528     0.4090    -2.6889     0.3827    -9.5306     0.3311
 20   -11.2119     0.1222     1.0536     0.3880    -2.7026     0.3641    -9.5275     0.3142
 21   -11.2043     0.1172     1.0378     0.3704    -2.6836     0.3484    -9.5231     0.2990
 22   -11.1961     0.1129     1.0761     0.3614    -2.6573     0.3363    -9.5795     0.3066
 23   -11.1939     0.1080     1.0935     0.3470    -2.6309     0.3257    -9.6210     0.3045
 24   -11.1775     0.1085     1.1070     0.3334    -2.6066     0.3156    -9.6426     0.2947
 25   -11.1962     0.1105     1.1172     0.3204    -2.6304     0.3064    -9.6475     0.2829
