 ERmod 0.3.7, Copyright (C) 2000-2019 Nobuyuki Matubayasi
                            2010-2019 Shun Sakuraba
 ERmod comes with ABSOLUTELY NO WARRANTY.
 This is free software, and you can redistribute it
 and/or modify it under certain conditions.
 See LICENSE file for details.
Opening: "/home/hervoe/snic2020-6-15/hervoe/Caffeine_solubility/Simulations/opls_simulations/NaF/2.00/trajectory_sol_full.xtc"...
  Trying plugin "Gromacs XTC Compressed Trajectory"...OK
 ERmod 0.3.7, Copyright (C) 2000-2019 Nobuyuki Matubayasi
                            2010-2019 Shun Sakuraba
 ERmod comes with ABSOLUTELY NO WARRANTY.
 This is free software, and you can redistribute it
 and/or modify it under certain conditions.
 See LICENSE file for details.
Opening: "/home/hervoe/snic2020-6-15/hervoe/Caffeine_solubility/Simulations/opls_simulations/NaF/2.00/trajectory_ref_full.xtc"...
  Trying plugin "Gromacs XTC Compressed Trajectory"...OK
Opening: "/home/hervoe/snic2020-6-15/hervoe/Caffeine_solubility/Simulations/opls_simulations/Solute/trajectory_solute.xtc"...
  Trying plugin "Gromacs XTC Compressed Trajectory"...OK
Opening: "/home/hervoe/snic2020-6-15/hervoe/Caffeine_solubility/Simulations/opls_simulations/Solute/trajectory_solute.xtc"...
  Trying plugin "Gromacs XTC Compressed Trajectory"...OK
Opening: "/home/hervoe/snic2020-6-15/hervoe/Caffeine_solubility/Simulations/opls_simulations/Solute/trajectory_solute.xtc"...
  Trying plugin "Gromacs XTC Compressed Trajectory"...OK
Opening: "/home/hervoe/snic2020-6-15/hervoe/Caffeine_solubility/Simulations/opls_simulations/Solute/trajectory_solute.xtc"...
  Trying plugin "Gromacs XTC Compressed Trajectory"...OK
Opening: "/home/hervoe/snic2020-6-15/hervoe/Caffeine_solubility/Simulations/opls_simulations/Solute/trajectory_solute.xtc"...
  Trying plugin "Gromacs XTC Compressed Trajectory"...OK
Opening: "/home/hervoe/snic2020-6-15/hervoe/Caffeine_solubility/Simulations/opls_simulations/Solute/trajectory_solute.xtc"...
  Trying plugin "Gromacs XTC Compressed Trajectory"...OK
Opening: "/home/hervoe/snic2020-6-15/hervoe/Caffeine_solubility/Simulations/opls_simulations/Solute/trajectory_solute.xtc"...
  Trying plugin "Gromacs XTC Compressed Trajectory"...OK
Opening: "/home/hervoe/snic2020-6-15/hervoe/Caffeine_solubility/Simulations/opls_simulations/Solute/trajectory_solute.xtc"...
  Trying plugin "Gromacs XTC Compressed Trajectory"...OK
Opening: "/home/hervoe/snic2020-6-15/hervoe/Caffeine_solubility/Simulations/opls_simulations/Solute/trajectory_solute.xtc"...
  Trying plugin "Gromacs XTC Compressed Trajectory"...OK
Opening: "/home/hervoe/snic2020-6-15/hervoe/Caffeine_solubility/Simulations/opls_simulations/Solute/trajectory_solute.xtc"...
  Trying plugin "Gromacs XTC Compressed Trajectory"...OK
 
  Number of the   1-th solvent  =           36
  Number of the   2-th solvent  =           36
  Number of the   3-th solvent  =         1000
 
  Be sure that the solvent distribution is homogeneous (radial distribution function is essentially unity) when the solvent molecule is separated beyond distance of   10.0 Angstrom in any direction from any atom within the solute molecule
 
  LJ long-range correction    =        -0.0538     -0.0060     -1.0780
 
  Self-energy of the solute   =        -0.0411  kcal/mol
 
 
 cumulative average & 95% error for solvation energy
              total             1st component         2nd component         3rd component
  1   -50.6866                3.0651               -4.7215              -48.9891
  2   -50.8682     0.3631     2.0271     2.0760    -3.4136     2.6158   -49.4405     0.9029
  3   -51.0093     0.3516     1.4268     1.6964    -3.3387     1.5176   -49.0562     0.9288
  4   -51.0707     0.2773     2.3066     2.1296    -5.0153     3.5207   -48.3208     1.6108
  5   -51.0702     0.2148     1.5116     2.2910    -4.5679     2.8702   -47.9728     1.4287
  6   -51.0029     0.2210     1.8290     1.9753    -4.5833     2.3437   -48.2075     1.2574
  7   -50.9847     0.1903     1.5608     1.7535    -4.5498     1.9819   -47.9546     1.1769
  8   -50.9384     0.1890     1.8929     1.6575    -4.7811     1.7777   -48.0091     1.0250
  9   -50.9660     0.1756     1.9332     1.4640    -4.9485     1.6031   -47.9096     0.9257
 10   -50.9929     0.1660     2.0768     1.3406    -5.3744     1.6678   -47.6542     0.9728
 11   -50.9593     0.1644     1.8807     1.2745    -5.1863     1.5548   -47.6126     0.8839
 12   -50.9433     0.1535     1.7302     1.2018    -5.0805     1.4350   -47.5517     0.8160
 13   -50.9237     0.1465     1.9139     1.1649    -5.2780     1.3778   -47.5184     0.7535
 14   -50.9393     0.1392     1.7820     1.1103    -5.2839     1.2757   -47.3963     0.7392
 15   -50.9400     0.1296     1.6446     1.0695    -5.1307     1.2264   -47.4128     0.6889
 16   -50.9452     0.1217     1.7068     1.0081    -5.2360     1.1664   -47.3748     0.6489
 17   -50.9653     0.1212     1.7506     0.9510    -5.2417     1.0957   -47.4331     0.6206
 18   -50.9758     0.1161     1.8292     0.9103    -5.4379     1.1051   -47.3260     0.6231
 19   -50.9771     0.1099     1.8764     0.8662    -5.4777     1.0483   -47.3346     0.5896
 20   -50.9993     0.1133     1.8405     0.8249    -5.4412     0.9972   -47.3575     0.5612
 21   -51.0078     0.1091     1.9148     0.7986    -5.6259     1.0179   -47.2555     0.5714
 22   -50.9994     0.1054     1.8542     0.7710    -5.4828     1.0119   -47.3297     0.5647
 23   -50.9942     0.1013     1.7431     0.7695    -5.3465     1.0046   -47.3496     0.5410
 24   -50.9948     0.0970     1.7381     0.7368    -5.3131     0.9641   -47.3787     0.5212
 25   -50.9870     0.0943     1.6085     0.7527    -5.2034     0.9504   -47.3509     0.5030
 
 
 group  inft  solvation free energy     error          difference
  total solvation free energy
   1      0         -9.93030           0.22167           0.00502
   1     60         -9.96968           0.22170          -0.03436
   1     80        -10.36404           0.22213          -0.42871
   1    100        -11.74541           0.22392          -1.81009
   2      0         -9.93710           0.21922          -0.00177
   3      0         -9.93532           0.21979           0.00000
   4      0         -9.93814           0.21852          -0.00282
   5      0         -9.93330           0.21715           0.00203
   5     60         -9.98788           0.21719          -0.05255
   5     80        -10.47976           0.21781          -0.54444
   5    100        -11.74936           0.21942          -1.81404
 
  contribution from  1-th solvent component
   1      0          1.84422           0.40109           0.00304
   1     60          1.84596           0.40107           0.00478
   1     80          1.85804           0.40113           0.01686
   1    100          1.88759           0.40156           0.04641
   2      0          1.83557           0.39972          -0.00560
   3      0          1.84118           0.39915           0.00000
   4      0          1.83757           0.39773          -0.00361
   5      0          1.84098           0.39710          -0.00020
   5     60          1.84352           0.39708           0.00234
   5     80          1.86034           0.39718           0.01916
   5    100          1.88758           0.39762           0.04640
 
  contribution from  2-th solvent component
   1      0         -2.98324           0.46099          -0.00810
   1     60         -2.98174           0.46098          -0.00659
   1     80         -2.98066           0.46106          -0.00551
   1    100         -2.98206           0.46150          -0.00691
   2      0         -2.97519           0.45724          -0.00005
   3      0         -2.97514           0.45581          -0.00000
   4      0         -2.97447           0.45629           0.00067
   5      0         -2.97210           0.45602           0.00304
   5     60         -2.97073           0.45601           0.00441
   5     80         -2.96986           0.45610           0.00528
   5    100         -2.97311           0.45643           0.00203
 
  contribution from  3-th solvent component
   1      0         -8.75014           0.25824           0.01009
   1     60         -8.79278           0.25823          -0.03255
   1     80         -9.20029           0.25830          -0.44006
   1    100        -10.60981           0.25889          -1.84958
   2      0         -8.75635           0.25780           0.00388
   3      0         -8.76023           0.25749           0.00000
   4      0         -8.76011           0.25565           0.00012
   5      0         -8.76104           0.25701          -0.00082
   5     60         -8.81953           0.25700          -0.05931
   5     80         -9.32911           0.25712          -0.56888
   5    100        -10.62270           0.25775          -1.86247
 
 
 group  inft   Estimated free energy: total (kcal/mol)
   1      0      -9.3840      -9.4348     -10.7560      -9.8802      -9.8707
                 -8.9633     -10.0137      -9.2664     -10.6314     -10.9071
                 -9.8409      -9.6379      -9.5888     -10.3800      -9.2460
                 -9.9132     -10.6071      -9.2216      -9.7546     -10.6006
                -10.6812      -9.6174      -9.6021     -10.0862     -10.3723
   1     60      -9.4233      -9.4745     -10.7953      -9.9201      -9.9104
                 -9.0024     -10.0529      -9.3054     -10.6705     -10.9464
                 -9.8799      -9.6769      -9.6283     -10.4196      -9.2853
                 -9.9527     -10.6468      -9.2612      -9.7937     -10.6408
                -10.7209      -9.6568      -9.6414     -10.1257     -10.4107
   1     80      -9.8155      -9.8704     -11.1907     -10.3166     -10.3039
                 -9.3945     -10.4466      -9.6968     -11.0640     -11.3428
                -10.2691     -10.0690     -10.0238     -10.8155      -9.6792
                -10.3462     -11.0433      -9.6572     -10.1882     -11.0405
                -11.1185     -10.0521     -10.0328     -10.5213     -10.8023
   1    100     -11.1880     -11.2546     -12.5730     -11.7018     -11.6826
                -10.7680     -11.8256     -11.0656     -12.4445     -12.7330
                -11.6312     -11.4408     -11.4093     -12.2029     -11.0614
                -11.7234     -12.4347     -11.0408     -11.5710     -12.4411
                -12.5106     -11.4379     -11.4076     -11.9071     -12.1788
   2      0      -9.4356      -9.4293     -10.7442      -9.8753      -9.8443
                 -9.0005     -10.0387      -9.2509     -10.6307     -10.9061
                 -9.8284      -9.7020      -9.5735     -10.3323      -9.2672
                 -9.9344     -10.6049      -9.2108      -9.7975     -10.5831
                -10.7043      -9.6284      -9.6049     -10.0884     -10.4117
   3      0      -9.3984      -9.4514     -10.7287      -9.8474      -9.8389
                 -8.9928     -10.0367      -9.2519     -10.6604     -10.8908
                 -9.8373      -9.6394      -9.6163     -10.3482      -9.2859
                 -9.9027     -10.6136      -9.2273      -9.7839     -10.5743
                -10.7161      -9.6386      -9.5831     -10.0921     -10.4272
   4      0      -9.4263      -9.4264     -10.7228      -9.8516      -9.8401
                 -9.0125     -10.0527      -9.2607     -10.6504     -10.9089
                 -9.7993      -9.7267      -9.6341     -10.3455      -9.2594
                 -9.9032     -10.6026      -9.2404      -9.8046     -10.5558
                -10.7120      -9.6025      -9.5852     -10.0838     -10.4459
   5      0      -9.4017      -9.4492     -10.7232      -9.8608      -9.8284
                 -9.0085     -10.0298      -9.2647     -10.6292     -10.8844
                 -9.8206      -9.6566      -9.6376     -10.3332      -9.2790
                 -9.9084     -10.5987      -9.2405      -9.7896     -10.5724
                -10.7090      -9.6123      -9.5825     -10.0796     -10.4326
   5     60      -9.4561      -9.5043     -10.7778      -9.9159      -9.8832
                 -9.0627     -10.0841      -9.3189     -10.6834     -10.9391
                 -9.8744      -9.7108      -9.6924     -10.3880      -9.3334
                 -9.9630     -10.6539      -9.2954      -9.8440     -10.6279
                -10.7640      -9.6671      -9.6368     -10.1343     -10.4861
   5     80      -9.9454      -9.9979     -11.2711     -10.4104     -10.3745
                 -9.5512     -10.5751      -9.8066     -11.1745     -11.4338
                -10.3585     -10.1995     -10.1858     -10.8818      -9.8251
                -10.4540     -11.1494      -9.7890     -10.3366     -11.1269
                -11.2602     -10.1599     -10.1247     -10.6277     -10.9745
   5    100     -11.2083     -11.2699     -12.5417     -11.6828     -11.6427
                -10.8136     -11.8421     -11.0648     -12.4436     -12.7112
                -11.6093     -11.4606     -11.4598     -12.1562     -11.0962
                -11.7199     -12.4291     -11.0595     -11.6093     -12.4129
                -12.5386     -11.4328     -11.3877     -11.9007     -12.2406
 
 group  inft   Estimated free energy: 1-th solvent contribution (kcal/mol)
   1      0       2.7930       1.9279       0.7751       3.1884       0.6905
                  3.3133       0.8276       3.5546       1.7758       1.8796
                  1.1599       1.5448       3.4620       0.8309       1.1944
                  2.2683       1.7575       3.2719       2.4138       1.1396
                  1.9942       1.9561       0.9390       1.6680      -0.2207
   1     60       2.7948       1.9294       0.7770       3.1899       0.6921
                  3.3154       0.8296       3.5565       1.7777       1.8811
                  1.1622       1.5466       3.4636       0.8326       1.1961
                  2.2700       1.7588       3.2736       2.4156       1.1410
                  1.9958       1.9576       0.9407       1.6698      -0.2184
   1     80       2.8084       1.9406       0.7898       3.2018       0.7043
                  3.3308       0.8422       3.5708       1.7898       1.8900
                  1.1781       1.5595       3.4744       0.8441       1.2074
                  2.2830       1.7685       3.2854       2.4277       1.1505
                  2.0050       1.9690       0.9536       1.6817      -0.2053
   1    100       2.8440       1.9682       0.8210       3.2316       0.7355
                  3.3731       0.8732       3.6101       1.8187       1.9068
                  1.2227       1.5926       3.4995       0.8707       1.2334
                  2.3163       1.7888       3.3149       2.4572       1.1701
                  2.0225       1.9971       0.9864       1.7103      -0.1749
   2      0       2.7654       1.9405       0.7785       3.1788       0.7046
                  3.2982       0.8154       3.5751       1.7724       1.8717
                  1.1856       1.4946       3.4532       0.8660       1.1846
                  2.2294       1.7525       3.2541       2.3769       1.1388
                  1.9583       1.9634       0.9289       1.6445      -0.2421
   3      0       2.7854       1.9318       0.7902       3.1981       0.7099
                  3.3016       0.8174       3.5893       1.7662       1.8785
                  1.1703       1.5747       3.4138       0.8634       1.1922
                  2.2626       1.7414       3.2471       2.3969       1.1465
                  1.9397       1.9582       0.9534       1.6462      -0.2451
   4      0       2.7574       1.9500       0.7945       3.2003       0.7207
                  3.2833       0.8137       3.5764       1.7587       1.8733
                  1.2126       1.4911       3.4145       0.8540       1.2132
                  2.2619       1.7463       3.2461       2.3763       1.1433
                  1.9466       1.9692       0.9465       1.6361      -0.2469
   5      0       2.7761       1.9293       0.7884       3.1905       0.7205
                  3.2893       0.8309       3.5777       1.7819       1.8824
                  1.1844       1.5542       3.4060       0.8668       1.1994
                  2.2530       1.7519       3.2374       2.3955       1.1350
                  1.9435       1.9687       0.9519       1.6513      -0.2417
   5     60       2.7788       1.9315       0.7913       3.1928       0.7228
                  3.2924       0.8336       3.5804       1.7846       1.8846
                  1.1877       1.5568       3.4082       0.8693       1.2019
                  2.2556       1.7539       3.2399       2.3981       1.1370
                  1.9458       1.9709       0.9545       1.6539      -0.2385
   5     80       2.7980       1.9471       0.8088       3.2093       0.7400
                  3.3142       0.8512       3.6007       1.8014       1.8967
                  1.2105       1.5747       3.4234       0.8852       1.2176
                  2.2738       1.7673       3.2560       2.4148       1.1501
                  1.9583       1.9869       0.9726       1.6704      -0.2203
   5    100       2.8312       1.9723       0.8373       3.2369       0.7690
                  3.3538       0.8799       3.6375       1.8279       1.9116
                  1.2526       1.6052       3.4466       0.9096       1.2412
                  2.3048       1.7858       3.2827       2.4414       1.1679
                  1.9741       2.0130       1.0032       1.6964      -0.1923
 
 group  inft   Estimated free energy: 2-th solvent contribution (kcal/mol)
   1      0      -2.5687      -1.2983      -2.3624      -5.0071      -2.1708
                 -2.4428      -2.4846      -3.4766      -3.6903      -4.9936
                 -2.2157      -2.5773      -4.3615      -3.2176      -1.4260
                 -3.6942      -3.0849      -4.6720      -3.2939      -2.8599
                 -5.0446      -1.9376      -1.4448      -2.6818      -1.5742
   1     60      -2.5673      -1.2968      -2.3608      -5.0056      -2.1695
                 -2.4413      -2.4831      -3.4749      -3.6887      -4.9919
                 -2.2143      -2.5755      -4.3599      -3.2162      -1.4245
                 -3.6928      -3.0835      -4.6704      -3.2922      -2.8585
                 -5.0432      -1.9359      -1.4436      -2.6804      -1.5725
   1     80      -2.5657      -1.2954      -2.3598      -5.0052      -2.1688
                 -2.4404      -2.4826      -3.4735      -3.6877      -4.9901
                 -2.2125      -2.5733      -4.3584      -3.2159      -1.4229
                 -3.6921      -3.0827      -4.6700      -3.2912      -2.8581
                 -5.0427      -1.9346      -1.4420      -2.6800      -1.5708
   1    100      -2.5652      -1.2937      -2.3613      -5.0101      -2.1730
                 -2.4416      -2.4852      -3.4723      -3.6892      -4.9899
                 -2.2103      -2.5694      -4.3585      -3.2202      -1.4211
                 -3.6959      -3.0857      -4.6737      -3.2936      -2.8632
                 -5.0463      -1.9347      -1.4425      -2.6850      -1.5696
   2      0      -2.5691      -1.3112      -2.3464      -4.9821      -2.1352
                 -2.4603      -2.4893      -3.4706      -3.6784      -4.9750
                 -2.2166      -2.5879      -4.3290      -3.2040      -1.4338
                 -3.6592      -3.0730      -4.6461      -3.2959      -2.8496
                 -5.0306      -1.9634      -1.4312      -2.6644      -1.5774
   3      0      -2.5600      -1.3210      -2.3403      -4.9711      -2.1345
                 -2.4559      -2.4840      -3.4835      -3.6915      -4.9678
                 -2.2150      -2.5992      -4.3266      -3.2107      -1.4540
                 -3.6572      -3.0633      -4.6488      -3.2912      -2.8393
                 -5.0190      -1.9669      -1.4317      -2.6582      -1.5878
   4      0      -2.5609      -1.3254      -2.3487      -4.9716      -2.1381
                 -2.4663      -2.4893      -3.4764      -3.6676      -4.9653
                 -2.2152      -2.5963      -4.3436      -3.1971      -1.4427
                 -3.6539      -3.0612      -4.6601      -3.2904      -2.8395
                 -5.0235      -1.9486      -1.4274      -2.6602      -1.5925
   5      0      -2.5571      -1.3188      -2.3397      -4.9747      -2.1333
                 -2.4608      -2.4818      -3.4831      -3.6710      -4.9590
                 -2.2124      -2.5920      -4.3375      -3.1970      -1.4546
                 -3.6491      -3.0554      -4.6527      -3.2906      -2.8312
                 -5.0213      -1.9506      -1.4293      -2.6565      -1.5931
   5     60      -2.5557      -1.3176      -2.3383      -4.9733      -2.1320
                 -2.4594      -2.4806      -3.4817      -3.6696      -4.9574
                 -2.2111      -2.5905      -4.3360      -3.1957      -1.4532
                 -3.6477      -3.0542      -4.6513      -3.2890      -2.8298
                 -5.0200      -1.9492      -1.4280      -2.6552      -1.5916
   5     80      -2.5543      -1.3162      -2.3375      -4.9733      -2.1317
                 -2.4587      -2.4803      -3.4803      -3.6689      -4.9556
                 -2.2092      -2.5880      -4.3345      -3.1958      -1.4517
                 -3.6474      -3.0538      -4.6512      -3.2884      -2.8299
                 -5.0198      -1.9482      -1.4265      -2.6553      -1.5900
   5    100      -2.5560      -1.3168      -2.3406      -4.9793      -2.1371
                 -2.4622      -2.4844      -3.4817      -3.6723      -4.9571
                 -2.2096      -2.5871      -4.3369      -3.2013      -1.4524
                 -3.6523      -3.0582      -4.6563      -3.2929      -2.8358
                 -5.0247      -1.9506      -1.4289      -2.6616      -1.5914
 
 group  inft   Estimated free energy: 3-th solvent contribution (kcal/mol)
   1      0      -9.5671     -10.0233      -9.1275      -8.0204      -8.3493
                 -9.7926      -8.3156      -9.3033      -8.6759      -7.7520
                 -8.7440      -8.5643      -8.6481      -7.9521      -8.9733
                 -8.4461      -9.2385      -7.7803      -8.8334      -8.8392
                 -7.5897      -9.5948      -9.0551      -9.0313      -8.5363
   1     60      -9.6097     -10.0659      -9.1704      -8.0632      -8.3918
                 -9.8353      -8.3582      -9.3458      -8.7183      -7.7946
                 -8.7866      -8.6069      -8.6908      -7.9948      -9.0158
                 -8.4888      -9.2810      -7.8232      -8.8760      -8.8821
                 -7.6324      -9.6374      -9.0975      -9.0740      -8.5787
   1     80     -10.0170     -10.4745      -9.5796      -8.4720      -8.7983
                -10.2438      -8.7651      -9.7530      -9.1250      -8.2015
                 -9.1936      -9.0141      -9.0986      -8.4025      -9.4226
                 -8.8960      -9.6879      -8.2315      -9.2836      -9.2918
                 -8.0397     -10.0453      -9.5032      -9.4820      -8.9851
   1    100     -11.4256     -11.8879     -10.9915      -9.8821     -10.2040
                -11.6584     -10.1725     -11.1622     -10.5328      -9.6087
                -10.6025     -10.4229     -10.5092      -9.8122     -10.8325
                -10.3027     -11.0966      -9.6409     -10.6934     -10.7069
                 -9.4457     -11.4592     -10.9103     -10.8913     -10.3933
   2      0      -9.5907     -10.0174      -9.1352      -8.0309      -8.3727
                 -9.7972      -8.3236      -9.3143      -8.6836      -7.7617
                 -8.7563      -8.5675      -8.6565      -7.9532      -8.9769
                 -8.4634      -9.2433      -7.7777      -8.8374      -8.8312
                 -7.5909      -9.5872      -9.0616      -9.0273      -8.5510
   3      0      -9.5826     -10.0212      -9.1375      -8.0332      -8.3731
                 -9.7974      -8.3290      -9.3165      -8.6940      -7.7603
                 -8.7514      -8.5739      -8.6623      -7.9598      -8.9829
                 -8.4669      -9.2505      -7.7845      -8.8485      -8.8402
                 -7.5957      -9.5888      -9.0636      -9.0389      -8.5532
   4      0      -9.5817     -10.0099      -9.1275      -8.0392      -8.3816
                 -9.7884      -8.3360      -9.3196      -8.7004      -7.7758
                 -8.7556      -8.5803      -8.6639      -7.9613      -8.9888
                 -8.4701      -9.2465      -7.7853      -8.8494      -8.8185
                 -7.5940      -9.5820      -9.0632      -9.0186      -8.5653
   5      0      -9.5796     -10.0185      -9.1309      -8.0355      -8.3745
                 -9.7959      -8.3377      -9.3182      -8.6989      -7.7667
                 -8.7515      -8.5776      -8.6649      -7.9618      -8.9827
                 -8.4712      -9.2541      -7.7840      -8.8535      -8.8350
                 -7.5901      -9.5893      -9.0641      -9.0333      -8.5567
   5     60      -9.6381     -10.0770      -9.1897      -8.0943      -8.4329
                 -9.8545      -8.3961      -9.3765      -8.7572      -7.8251
                 -8.8099      -8.6360      -8.7234      -8.0204      -9.0410
                 -8.5298      -9.3125      -7.8428      -8.9119      -8.8939
                 -7.6487      -9.6477      -9.1222      -9.0918      -8.6149
   5     80     -10.1479     -10.5876      -9.7013      -8.6053      -8.9417
                -10.3655      -8.9049      -9.8859      -9.2659      -8.3337
                 -9.3187      -9.1451      -9.2335      -8.5300      -9.5498
                 -9.0392      -9.8217      -8.3527      -9.4219      -9.4060
                 -8.1576     -10.1575      -9.6296      -9.6017      -9.1231
   5    100     -11.4423     -11.8843     -10.9972      -9.8992     -10.2334
                -11.6641     -10.1964     -11.1795     -10.5581      -9.6245
                -10.6112     -10.4376     -10.5284      -9.8233     -10.8438
                -10.3313     -11.1156      -9.6447     -10.7167     -10.7039
                 -9.4469     -11.4540     -10.9209     -10.8943     -10.4158
 
 
 cumulative average & 95% error for solvation free energy
              total             1st component         2nd component         3rd component
  1    -9.3984     0.0000     2.7854     0.0000    -2.5600     0.0000    -9.5826     0.0000
  2    -9.4249     0.0530     2.3586     0.8536    -1.9405     1.2391    -9.8019     0.4386
  3    -9.8595     0.8697     1.8358     1.1559    -2.0738     0.7634    -9.5804     0.5102
  4    -9.8565     0.6150     2.1764     1.0639    -2.7981     1.5460    -9.1936     0.8536
  5    -9.8529     0.4764     1.8831     1.0116    -2.6654     1.2266    -9.0295     0.7382
  6    -9.7096     0.4832     2.1195     0.9517    -2.6305     1.0039    -9.1575     0.6548
  7    -9.7563     0.4190     1.9335     0.8862    -2.6095     0.8495    -9.0391     0.6019
  8    -9.6933     0.3841     2.1405     0.8720    -2.7188     0.7674    -9.0738     0.5259
  9    -9.8007     0.4012     2.0989     0.7735    -2.8269     0.7105    -9.0316     0.4714
 10    -9.9097     0.4199     2.0768     0.6933    -3.0410     0.7663    -8.9045     0.4924
 11    -9.9031     0.3800     1.9944     0.6484    -2.9659     0.7092    -8.8905     0.4462
 12    -9.8812     0.3497     1.9594     0.5960    -2.9353     0.6503    -8.8642     0.4108
 13    -9.8608     0.3242     2.0713     0.5921    -3.0423     0.6353    -8.8486     0.3791
 14    -9.8956     0.3082     1.9850     0.5747    -3.0544     0.5887    -8.7851     0.3732
 15    -9.8550     0.2982     1.9322     0.5454    -2.9477     0.5881    -8.7983     0.3485
 16    -9.8579     0.2790     1.9528     0.5118    -2.9920     0.5572    -8.7776     0.3286
 17    -9.9024     0.2767     1.9404     0.4814    -2.9962     0.5235    -8.8054     0.3136
 18    -9.8649     0.2715     2.0130     0.4765    -3.0880     0.5266    -8.7487     0.3167
 19    -9.8606     0.2569     2.0332     0.4526    -3.0987     0.4986    -8.7540     0.2998
 20    -9.8963     0.2540     1.9889     0.4384    -3.0857     0.4737    -8.7583     0.2845
 21    -9.9353     0.2539     1.9865     0.4170    -3.1778     0.4868    -8.7029     0.2924
 22    -9.9219     0.2436     1.9852     0.3976    -3.1228     0.4770    -8.7432     0.2902
 23    -9.9071     0.2346     1.9404     0.3904    -3.0492     0.4789    -8.7571     0.2787
 24    -9.9148     0.2251     1.9281     0.3746    -3.0329     0.4597    -8.7689     0.2678
 25    -9.9353     0.2198     1.8412     0.3991    -2.9751     0.4558    -8.7602     0.2575
