 ERmod 0.3.7, Copyright (C) 2000-2019 Nobuyuki Matubayasi
                            2010-2019 Shun Sakuraba
 ERmod comes with ABSOLUTELY NO WARRANTY.
 This is free software, and you can redistribute it
 and/or modify it under certain conditions.
 See LICENSE file for details.
Opening: "/home/hervoe/snic2020-6-15/hervoe/Caffeine_solubility/Simulations/opls_simulations/KI/0.50/trajectory_ref_full.xtc"...
  Trying plugin "Gromacs XTC Compressed Trajectory"...OK
Opening: "/home/hervoe/snic2020-6-15/hervoe/Caffeine_solubility/Simulations/opls_simulations/Solute/trajectory_solute.xtc"...
  Trying plugin "Gromacs XTC Compressed Trajectory"...OK
Opening: "/home/hervoe/snic2020-6-15/hervoe/Caffeine_solubility/Simulations/opls_simulations/Solute/trajectory_solute.xtc"...
  Trying plugin "Gromacs XTC Compressed Trajectory"...OK
Opening: "/home/hervoe/snic2020-6-15/hervoe/Caffeine_solubility/Simulations/opls_simulations/Solute/trajectory_solute.xtc"...
  Trying plugin "Gromacs XTC Compressed Trajectory"...OK
Opening: "/home/hervoe/snic2020-6-15/hervoe/Caffeine_solubility/Simulations/opls_simulations/Solute/trajectory_solute.xtc"...
  Trying plugin "Gromacs XTC Compressed Trajectory"...OK
Opening: "/home/hervoe/snic2020-6-15/hervoe/Caffeine_solubility/Simulations/opls_simulations/Solute/trajectory_solute.xtc"...
  Trying plugin "Gromacs XTC Compressed Trajectory"...OK
Opening: "/home/hervoe/snic2020-6-15/hervoe/Caffeine_solubility/Simulations/opls_simulations/Solute/trajectory_solute.xtc"...
  Trying plugin "Gromacs XTC Compressed Trajectory"...OK
Opening: "/home/hervoe/snic2020-6-15/hervoe/Caffeine_solubility/Simulations/opls_simulations/Solute/trajectory_solute.xtc"...
  Trying plugin "Gromacs XTC Compressed Trajectory"...OK
Opening: "/home/hervoe/snic2020-6-15/hervoe/Caffeine_solubility/Simulations/opls_simulations/Solute/trajectory_solute.xtc"...
  Trying plugin "Gromacs XTC Compressed Trajectory"...OK
Opening: "/home/hervoe/snic2020-6-15/hervoe/Caffeine_solubility/Simulations/opls_simulations/Solute/trajectory_solute.xtc"...
  Trying plugin "Gromacs XTC Compressed Trajectory"...OK
Opening: "/home/hervoe/snic2020-6-15/hervoe/Caffeine_solubility/Simulations/opls_simulations/Solute/trajectory_solute.xtc"...
  Trying plugin "Gromacs XTC Compressed Trajectory"...OK
 
  Number of the   1-th solvent  =            9
  Number of the   2-th solvent  =            9
  Number of the   3-th solvent  =         1000
 
  Be sure that the solvent distribution is homogeneous (radial distribution function is essentially unity) when the solvent molecule is separated beyond distance of   10.0 Angstrom in any direction from any atom within the solute molecule
 
  LJ long-range correction    =        -0.0303     -0.0016     -1.0120
 
  Self-energy of the solute   =        -0.0386  kcal/mol
 
 
 cumulative average & 95% error for solvation energy
              total             1st component         2nd component         3rd component
  1   -49.5756               -0.0324               -2.9758              -46.5287
  2   -49.6588     0.1664    -0.6963     1.3276    -2.2973     1.3570   -46.6266     0.1957
  3   -49.6111     0.1353    -0.9362     0.9043    -1.5830     1.6293   -47.0533     0.8610
  4   -49.6132     0.0957    -0.9887     0.6480    -1.3979     1.2101   -47.1880     0.6657
  5   -49.6487     0.1026    -0.8800     0.5470    -1.7050     1.1207   -47.0250     0.6101
  6   -49.6390     0.0860    -1.0339     0.5424    -1.5907     0.9432   -46.9758     0.5078
  7   -49.6328     0.0737    -1.0709     0.4644    -1.5307     0.8061   -46.9926     0.4305
  8   -49.6444     0.0679    -1.0740     0.4022    -1.3758     0.7637   -47.1560     0.4958
  9   -49.6441     0.0599    -0.8905     0.5103    -1.4972     0.7160   -47.2178     0.4544
 10   -49.6412     0.0539    -0.8143     0.4813    -1.7198     0.7798   -47.0686     0.5041
 11   -49.6357     0.0500    -0.8778     0.4535    -1.6082     0.7398   -47.1111     0.4638
 12   -49.6075     0.0725    -0.8923     0.4150    -1.7032     0.7016   -46.9735     0.5051
 13   -49.6026     0.0674    -0.9437     0.3953    -1.7699     0.6590   -46.8505     0.5257
 14   -49.6060     0.0628    -0.9516     0.3663    -1.7729     0.6102   -46.8429     0.4869
 15   -49.5929     0.0640    -0.9744     0.3441    -1.7164     0.5791   -46.8635     0.4552
 16   -49.5932     0.0599    -0.8984     0.3560    -1.6710     0.5493   -46.9852     0.4904
 17   -49.6083     0.0638    -0.9344     0.3421    -1.6282     0.5230   -47.0070     0.4627
 18   -49.6192     0.0640    -0.8800     0.3404    -1.6354     0.4933   -47.0653     0.4516
 19   -49.6186     0.0606    -0.8939     0.3232    -1.5960     0.4733   -47.0901     0.4300
 20   -49.6191     0.0575    -0.9443     0.3227    -1.5906     0.4491   -47.0456     0.4176
 21   -49.6171     0.0548    -0.9610     0.3088    -1.5616     0.4311   -47.0559     0.3977
 22   -49.6057     0.0570    -0.9664     0.2946    -1.4664     0.4530   -47.1343     0.4104
 23   -49.6017     0.0550    -0.8459     0.3706    -1.4518     0.4338   -47.2654     0.4717
 24   -49.6101     0.0553    -0.8891     0.3651    -1.4086     0.4243   -47.2738     0.4519
 25   -49.6129     0.0533    -0.8500     0.3588    -1.3933     0.4081   -47.3309     0.4482
 
 
 group  inft  solvation free energy     error          difference
  total solvation free energy
   1      0        -11.48908           0.06226          -0.01754
   1     60        -11.52101           0.06228          -0.04947
   1     80        -11.85703           0.06230          -0.38549
   1    100        -13.08305           0.06227          -1.61151
   2      0        -11.47134           0.06139           0.00021
   3      0        -11.47155           0.06072           0.00000
   4      0        -11.45698           0.05985           0.01457
   5      0        -11.45903           0.06052           0.01251
   5     60        -11.50360           0.06054          -0.03205
   5     80        -11.92633           0.06055          -0.45479
   5    100        -13.05390           0.06053          -1.58235
 
  contribution from  1-th solvent component
   1      0         -0.02389           0.17487          -0.01105
   1     60         -0.02433           0.17488          -0.01149
   1     80         -0.02899           0.17494          -0.01615
   1    100         -0.04492           0.17510          -0.03209
   2      0         -0.01562           0.17300          -0.00279
   3      0         -0.01283           0.17288           0.00000
   4      0         -0.01179           0.17238           0.00104
   5      0         -0.01028           0.17242           0.00256
   5     60         -0.01091           0.17243           0.00192
   5     80         -0.01680           0.17249          -0.00397
   5    100         -0.03154           0.17260          -0.01871
 
  contribution from  2-th solvent component
   1      0         -0.74705           0.21302          -0.00925
   1     60         -0.74704           0.21303          -0.00924
   1     80         -0.74866           0.21312          -0.01086
   1    100         -0.75464           0.21338          -0.01684
   2      0         -0.73993           0.21212          -0.00213
   3      0         -0.73780           0.21168           0.00000
   4      0         -0.73620           0.21145           0.00160
   5      0         -0.73599           0.21106           0.00181
   5     60         -0.73611           0.21107           0.00169
   5     80         -0.73817           0.21117          -0.00037
   5    100         -0.74383           0.21137          -0.00602
 
  contribution from  3-th solvent component
   1      0        -10.67953           0.21843           0.00276
   1     60        -10.71103           0.21843          -0.02874
   1     80        -11.04077           0.21858          -0.35848
   1    100        -12.24487           0.21925          -1.56257
   2      0        -10.67717           0.21829           0.00512
   3      0        -10.68230           0.21830           0.00000
   4      0        -10.67038           0.21635           0.01192
   5      0        -10.67415           0.21727           0.00814
   5     60        -10.71797           0.21728          -0.03567
   5     80        -11.13275           0.21748          -0.45045
   5    100        -12.23992           0.21814          -1.55762
 
 
 group  inft   Estimated free energy: total (kcal/mol)
   1      0     -11.5426     -11.4972     -11.7050     -11.7331     -11.5724
                -11.4090     -11.4137     -11.4396     -11.7805     -11.6902
                -11.6200     -11.4689     -11.6560     -11.5316     -11.4113
                -11.3623     -11.4577     -11.5478     -11.5498     -11.2216
                -11.4409     -11.2546     -11.1983     -11.3939     -11.3290
   1     60     -11.5745     -11.5291     -11.7370     -11.7653     -11.6044
                -11.4409     -11.4455     -11.4716     -11.8125     -11.7221
                -11.6519     -11.5008     -11.6880     -11.5637     -11.4434
                -11.3940     -11.4896     -11.5798     -11.5818     -11.2537
                -11.4728     -11.2864     -11.2301     -11.4258     -11.3609
   1     80     -11.9094     -11.8654     -12.0727     -12.1033     -11.9407
                -11.7766     -11.7804     -11.8090     -12.1487     -12.0574
                -11.9869     -11.8355     -12.0239     -11.9007     -11.7800
                -11.7294     -11.8264     -11.9164     -11.9176     -11.5910
                -11.8077     -11.6216     -11.5656     -11.7616     -11.6981
   1    100     -13.1315     -13.0921     -13.2967     -13.3365     -13.1676
                -13.0009     -13.0028     -13.0403     -13.3757     -13.2795
                -13.2102     -13.0563     -13.2487     -13.1297     -13.0074
                -12.9534     -13.0539     -13.1451     -13.1431     -12.8212
                -13.0301     -12.8459     -12.7914     -12.9875     -12.9286
   2      0     -11.5203     -11.4559     -11.6874     -11.7188     -11.5454
                -11.3926     -11.4020     -11.4213     -11.7606     -11.6763
                -11.6011     -11.4561     -11.6282     -11.5116     -11.3837
                -11.3602     -11.4586     -11.5299     -11.5286     -11.1942
                -11.4119     -11.2377     -11.1970     -11.3747     -11.3291
   3      0     -11.5165     -11.4599     -11.6802     -11.7241     -11.5417
                -11.3914     -11.4041     -11.4217     -11.7523     -11.6789
                -11.6074     -11.4570     -11.6189     -11.5130     -11.3815
                -11.3704     -11.4524     -11.5265     -11.5308     -11.1907
                -11.4230     -11.2319     -11.2121     -11.3746     -11.3277
   4      0     -11.5061     -11.4462     -11.6584     -11.7037     -11.5315
                -11.3856     -11.3986     -11.4040     -11.7194     -11.6683
                -11.5863     -11.4499     -11.6182     -11.4924     -11.3657
                -11.3537     -11.4557     -11.5135     -11.5053     -11.1860
                -11.3808     -11.2165     -11.1919     -11.3674     -11.3192
   5      0     -11.5061     -11.4484     -11.6678     -11.7048     -11.5258
                -11.3745     -11.3991     -11.4167     -11.7270     -11.6661
                -11.6052     -11.4464     -11.6154     -11.5010     -11.3660
                -11.3558     -11.4572     -11.5112     -11.5116     -11.1777
                -11.4021     -11.2154     -11.2023     -11.3600     -11.3123
   5     60     -11.5506     -11.4930     -11.7124     -11.7496     -11.5704
                -11.4191     -11.4435     -11.4614     -11.7716     -11.7105
                -11.6496     -11.4909     -11.6600     -11.5457     -11.4107
                -11.4002     -11.5018     -11.5558     -11.5562     -11.2224
                -11.4466     -11.2598     -11.2467     -11.4044     -11.3569
   5     80     -11.9721     -11.9160     -12.1352     -12.1750     -11.9932
                -11.8413     -11.8648     -11.8861     -12.1943     -12.1320
                -12.0710     -11.9120     -12.0824     -11.9698     -11.8340
                -11.8222     -11.9257     -11.9793     -11.9789     -11.6467
                -11.8682     -11.6815     -11.6693     -11.8267     -11.7808
   5    100     -13.0968     -13.0438     -13.2626     -13.3094     -13.1208
                -12.9670     -12.9890     -13.0192     -13.3219     -13.2554
                -13.1962     -13.0349     -13.2083     -13.1004     -12.9622
                -12.9483     -13.0553     -13.1090     -13.1067     -12.7777
                -12.9929     -12.8071     -12.7976     -12.9532     -12.9117
 
 group  inft   Estimated free energy: 1-th solvent contribution (kcal/mol)
   1      0       0.3395      -0.2170      -0.3274      -0.1821       0.2298
                 -0.4859      -0.2250      -0.1426       0.4565       0.3049
                 -0.2899      -0.1948      -0.5893      -0.1006      -0.2266
                  0.5108      -0.2801       0.2841      -0.1434      -0.4269
                 -0.2972      -0.0859       1.3772      -0.4349       0.5496
   1     60       0.3390      -0.2174      -0.3279      -0.1825       0.2294
                 -0.4864      -0.2254      -0.1430       0.4561       0.3045
                 -0.2904      -0.1952      -0.5898      -0.1010      -0.2270
                  0.5104      -0.2805       0.2837      -0.1438      -0.4274
                 -0.2977      -0.0864       1.3769      -0.4354       0.5492
   1     80       0.3344      -0.2222      -0.3325      -0.1873       0.2248
                 -0.4911      -0.2301      -0.1478       0.4514       0.2998
                 -0.2952      -0.1999      -0.5945      -0.1055      -0.2317
                  0.5056      -0.2853       0.2789      -0.1484      -0.4321
                 -0.3024      -0.0911       1.3731      -0.4402       0.5447
   1    100       0.3185      -0.2382      -0.3484      -0.2036       0.2092
                 -0.5071      -0.2463      -0.1643       0.4355       0.2838
                 -0.3116      -0.2159      -0.6106      -0.1211      -0.2479
                  0.4894      -0.3016       0.2628      -0.1640      -0.4482
                 -0.3187      -0.1070       1.3595      -0.4564       0.5291
   2      0       0.3444      -0.2027      -0.3215      -0.1768       0.2393
                 -0.4751      -0.2162      -0.1319       0.4641       0.3127
                 -0.2803      -0.1882      -0.5790      -0.0953      -0.2123
                  0.5163      -0.2699       0.2923      -0.1309      -0.4101
                 -0.2882      -0.0747       1.3636      -0.4201       0.5499
   3      0       0.3505      -0.2008      -0.3176      -0.1745       0.2476
                 -0.4747      -0.2132      -0.1306       0.4676       0.3147
                 -0.2758      -0.1862      -0.5749      -0.0934      -0.2084
                  0.5185      -0.2693       0.2963      -0.1316      -0.4077
                 -0.2835      -0.0696       1.3638      -0.4166       0.5485
   4      0       0.3497      -0.1976      -0.3170      -0.1700       0.2504
                 -0.4735      -0.2140      -0.1310       0.4684       0.3174
                 -0.2739      -0.1871      -0.5737      -0.0944      -0.2077
                  0.5182      -0.2664       0.2960      -0.1254      -0.4061
                 -0.2805      -0.0681       1.3590      -0.4143       0.5470
   5      0       0.3566      -0.1962      -0.3152      -0.1712       0.2495
                 -0.4709      -0.2128      -0.1292       0.4691       0.3168
                 -0.2700      -0.1857      -0.5726      -0.0926      -0.2057
                  0.5221      -0.2668       0.2969      -0.1254      -0.4055
                 -0.2792      -0.0666       1.3602      -0.4116       0.5489
   5     60       0.3560      -0.1968      -0.3158      -0.1718       0.2489
                 -0.4715      -0.2134      -0.1298       0.4685       0.3162
                 -0.2707      -0.1863      -0.5732      -0.0932      -0.2063
                  0.5215      -0.2675       0.2962      -0.1260      -0.4062
                 -0.2798      -0.0672       1.3596      -0.4123       0.5483
   5     80       0.3502      -0.2027      -0.3218      -0.1779       0.2430
                 -0.4775      -0.2194      -0.1358       0.4627       0.3104
                 -0.2766      -0.1923      -0.5791      -0.0991      -0.2123
                  0.5155      -0.2736       0.2902      -0.1318      -0.4122
                 -0.2858      -0.0731       1.3546      -0.4182       0.5425
   5    100       0.3356      -0.2173      -0.3367      -0.1929       0.2284
                 -0.4924      -0.2342      -0.1509       0.4481       0.2958
                 -0.2914      -0.2070      -0.5939      -0.1138      -0.2272
                  0.5006      -0.2888       0.2754      -0.1464      -0.4271
                 -0.3007      -0.0879       1.3414      -0.4332       0.5278
 
 group  inft   Estimated free energy: 2-th solvent contribution (kcal/mol)
   1      0      -1.5383      -0.8822      -0.4250      -0.7297      -1.5609
                 -0.4904      -0.5461      -0.1165      -1.3113      -2.0555
                 -0.4816      -1.4582      -1.3141      -1.0209      -0.5645
                 -0.4334      -0.4577      -0.7318      -0.5911      -0.6417
                 -0.4384       0.2936      -0.4998      -0.1558      -0.5251
   1     60      -1.5383      -0.8822      -0.4250      -0.7297      -1.5609
                 -0.4904      -0.5461      -0.1165      -1.3113      -2.0554
                 -0.4816      -1.4582      -1.3142      -1.0210      -0.5646
                 -0.4332      -0.4576      -0.7318      -0.5911      -0.6417
                 -0.4384       0.2937      -0.4997      -0.1557      -0.5250
   1     80      -1.5402      -0.8841      -0.4268      -0.7314      -1.5628
                 -0.4921      -0.5477      -0.1180      -1.3131      -2.0576
                 -0.4833      -1.4599      -1.3159      -1.0228      -0.5662
                 -0.4344      -0.4591      -0.7333      -0.5929      -0.6432
                 -0.4401       0.2928      -0.5011      -0.1569      -0.5264
   1    100      -1.5471      -0.8911      -0.4336      -0.7381      -1.5696
                 -0.4985      -0.5535      -0.1241      -1.3198      -2.0645
                 -0.4894      -1.4662      -1.3225      -1.0299      -0.5724
                 -0.4381      -0.4641      -0.7388      -0.5999      -0.6491
                 -0.4466       0.2894      -0.5059      -0.1616      -0.5313
   2      0      -1.5225      -0.8581      -0.4081      -0.7241      -1.5492
                 -0.4847      -0.5487      -0.1139      -1.3061      -2.0501
                 -0.4763      -1.4530      -1.2993      -1.0074      -0.5599
                 -0.4401      -0.4622      -0.7256      -0.5797      -0.6304
                 -0.4299       0.2972      -0.4897      -0.1516      -0.5247
   3      0      -1.5158      -0.8538      -0.3985      -0.7234      -1.5452
                 -0.4808      -0.5489      -0.1081      -1.3013      -2.0509
                 -0.4794      -1.4522      -1.2901      -1.0010      -0.5613
                 -0.4443      -0.4549      -0.7215      -0.5757      -0.6326
                 -0.4273       0.2957      -0.4976      -0.1550      -0.5211
   4      0      -1.5154      -0.8446      -0.3938      -0.7183      -1.5508
                 -0.4795      -0.5463      -0.1061      -1.2936      -2.0474
                 -0.4778      -1.4527      -1.2905      -1.0015      -0.5614
                 -0.4456      -0.4575      -0.7244      -0.5722      -0.6220
                 -0.4194       0.2867      -0.4937      -0.1576      -0.5196
   5      0      -1.5147      -0.8474      -0.3965      -0.7187      -1.5385
                 -0.4776      -0.5483      -0.1100      -1.2942      -2.0472
                 -0.4845      -1.4496      -1.2897      -0.9991      -0.5577
                 -0.4492      -0.4640      -0.7253      -0.5732      -0.6257
                 -0.4183       0.2915      -0.4938      -0.1533      -0.5148
   5     60      -1.5149      -0.8475      -0.3966      -0.7189      -1.5387
                 -0.4777      -0.5484      -0.1101      -1.2943      -2.0473
                 -0.4846      -1.4497      -1.2899      -0.9993      -0.5579
                 -0.4493      -0.4641      -0.7254      -0.5733      -0.6258
                 -0.4184       0.2915      -0.4939      -0.1534      -0.5148
   5     80      -1.5172      -0.8498      -0.3988      -0.7211      -1.5410
                 -0.4799      -0.5505      -0.1122      -1.2966      -2.0499
                 -0.4868      -1.4519      -1.2921      -1.0016      -0.5600
                 -0.4507      -0.4660      -0.7274      -0.5756      -0.6280
                 -0.4207       0.2905      -0.4955      -0.1549      -0.5165
   5    100      -1.5233      -0.8561      -0.4051      -0.7274      -1.5470
                 -0.4860      -0.5562      -0.1181      -1.3030      -2.0563
                 -0.4925      -1.4579      -1.2983      -1.0080      -0.5658
                 -0.4544      -0.4708      -0.7332      -0.5821      -0.6340
                 -0.4270       0.2871      -0.5001      -0.1593      -0.5209
 
 group  inft   Estimated free energy: 3-th solvent contribution (kcal/mol)
   1      0     -10.3051     -10.3594     -10.9140     -10.7828     -10.2027
                -10.3941     -10.6039     -11.1419     -10.8871      -9.9011
                -10.8099      -9.7773      -9.7139     -10.3715     -10.5816
                -11.4011     -10.6813     -11.0615     -10.7767     -10.1144
                -10.6667     -11.4236     -12.0371     -10.7646     -11.3149
   1     60     -10.3365     -10.3909     -10.9455     -10.8144     -10.2343
                -10.4256     -10.6353     -11.1735     -10.9186      -9.9325
                -10.8413      -9.8088      -9.7454     -10.4031     -10.6132
                -11.4325     -10.7128     -11.0930     -10.8082     -10.1460
                -10.6981     -11.4551     -12.0686     -10.7960     -11.3465
   1     80     -10.6649     -10.7206     -11.2748     -11.1459     -10.5641
                -10.7548     -10.9639     -11.5045     -11.2483     -10.2610
                -11.1698     -10.1370     -10.0749     -10.7337     -10.9435
                -11.7620     -11.0433     -11.4235     -11.1377     -10.4770
                -11.0266     -11.7848     -12.3990     -11.1259     -11.6778
   1    100     -11.8642     -11.9242     -12.4761     -12.3563     -11.7686
                -11.9568     -12.1645     -12.7134     -12.4527     -11.4602
                -12.3707     -11.3355     -11.2770     -11.9401     -12.1486
                -12.9661     -12.2496     -12.6305     -12.3406     -11.6853
                -12.2262     -12.9897     -13.6064     -12.3309     -12.8878
   2      0     -10.3036     -10.3565     -10.9192     -10.7792     -10.1969
                -10.3942     -10.5984     -11.1369     -10.8801      -9.9003
                -10.8059      -9.7764      -9.7112     -10.3704     -10.5728
                -11.3978     -10.6879     -11.0580     -10.7795     -10.1151
                -10.6552     -11.4215     -12.0322     -10.7644     -11.3157
   3      0     -10.3127     -10.3667     -10.9254     -10.7875     -10.2055
                -10.3973     -10.6033     -11.1444     -10.8801      -9.9041
                -10.8136      -9.7800      -9.7153     -10.3801     -10.5732
                -11.4060     -10.6896     -11.0627     -10.7849     -10.1118
                -10.6736     -11.4193     -12.0396     -10.7643     -11.3164
   4      0     -10.3018     -10.3654     -10.9090     -10.7768     -10.1924
                -10.3941     -10.5997     -11.1283     -10.8556      -9.8997
                -10.7960      -9.7715      -9.7154     -10.3579     -10.5579
                -11.3877     -10.6932     -11.0464     -10.7691     -10.1192
                -10.6422     -11.3965     -12.0187     -10.7569     -11.3079
   5      0     -10.3093     -10.3662     -10.9175     -10.7763     -10.1981
                -10.3875     -10.5994     -11.1389     -10.8634      -9.8971
                -10.8120      -9.7725      -9.7145     -10.3707     -10.5640
                -11.3901     -10.6878     -11.0442     -10.7745     -10.1079
                -10.6661     -11.4017     -12.0300     -10.7565     -11.3078
   5     60     -10.3531     -10.4100     -10.9613     -10.8204     -10.2420
                -10.4312     -10.6431     -11.1828     -10.9072      -9.9408
                -10.8557      -9.8162      -9.7583     -10.4146     -10.6079
                -11.4338     -10.7317     -11.0880     -10.8183     -10.1518
                -10.7098     -11.4455     -12.0738     -10.8002     -11.3517
   5     80     -10.7665     -10.8249     -11.3760     -11.2374     -10.6567
                -10.8452     -11.0563     -11.5995     -11.3218     -10.3538
                -11.2690     -10.2292     -10.1726     -10.8306     -11.0231
                -11.8484     -11.1475     -11.5034     -11.2329     -10.5679
                -11.1231     -11.8602     -12.4897     -11.2149     -11.7683
   5    100     -11.8705     -11.9318     -12.4821     -12.3504     -11.7636
                -11.9500     -12.1600     -12.7116     -12.4284     -11.4563
                -12.3736     -11.3314     -11.2774     -11.9400     -12.1306
                -12.9560     -12.2570     -12.6127     -12.3396     -11.6781
                -12.2266     -12.9677     -13.6003     -12.3221     -12.8800
 
 
 cumulative average & 95% error for solvation free energy
              total             1st component         2nd component         3rd component
  1   -11.5165     0.0000     0.3505     0.0000    -1.5158     0.0000   -10.3127     0.0000
  2   -11.4882     0.0567     0.0749     0.5513    -1.1848     0.6620   -10.3397     0.0540
  3   -11.5522     0.1321    -0.0560     0.4120    -0.9227     0.6487   -10.5349     0.3917
  4   -11.5952     0.1269    -0.0856     0.2973    -0.8729     0.4694   -10.5981     0.3044
  5   -11.5845     0.1006    -0.0190     0.2661    -1.0073     0.4523   -10.5196     0.2833
  6   -11.5523     0.1044    -0.0949     0.2651    -0.9196     0.4089   -10.4992     0.2349
  7   -11.5311     0.0978    -0.1118     0.2266    -0.8666     0.3614   -10.5141     0.2007
  8   -11.5174     0.0890    -0.1142     0.1963    -0.7718     0.3660   -10.5929     0.2346
  9   -11.5435     0.0943    -0.0495     0.2161    -0.8306     0.3435   -10.6248     0.2166
 10   -11.5571     0.0886    -0.0131     0.2065    -0.9527     0.3924   -10.5527     0.2414
 11   -11.5616     0.0806    -0.0370     0.1928    -0.9096     0.3652   -10.5764     0.2235
 12   -11.5529     0.0757    -0.0494     0.1778    -0.9549     0.3454   -10.5100     0.2434
 13   -11.5580     0.0703    -0.0898     0.1824    -0.9806     0.3219   -10.4489     0.2551
 14   -11.5548     0.0654    -0.0901     0.1689    -0.9821     0.2980   -10.4440     0.2364
 15   -11.5432     0.0651    -0.0980     0.1580    -0.9540     0.2831   -10.4526     0.2207
 16   -11.5324     0.0647    -0.0594     0.1667    -0.9222     0.2724   -10.5122     0.2384
 17   -11.5277     0.0615    -0.0718     0.1585    -0.8947     0.2617   -10.5226     0.2249
 18   -11.5277     0.0579    -0.0513     0.1549    -0.8851     0.2475   -10.5526     0.2204
 19   -11.5278     0.0548    -0.0556     0.1468    -0.8688     0.2363   -10.5649     0.2099
 20   -11.5110     0.0620    -0.0732     0.1437    -0.8570     0.2254   -10.5422     0.2042
 21   -11.5068     0.0595    -0.0832     0.1381    -0.8365     0.2183   -10.5485     0.1946
 22   -11.4943     0.0620    -0.0826     0.1317    -0.7851     0.2322   -10.5880     0.2018
 23   -11.4820     0.0641    -0.0197     0.1779    -0.7726     0.2233   -10.6512     0.2304
 24   -11.4775     0.0621    -0.0362     0.1735    -0.7468     0.2199   -10.6559     0.2208
 25   -11.4715     0.0607    -0.0128     0.1729    -0.7378     0.2117   -10.6823     0.2183
