 ERmod 0.3.7, Copyright (C) 2000-2019 Nobuyuki Matubayasi
                            2010-2019 Shun Sakuraba
 ERmod comes with ABSOLUTELY NO WARRANTY.
 This is free software, and you can redistribute it
 and/or modify it under certain conditions.
 See LICENSE file for details.
Opening: "/home/hervoe/snic2020-6-15/hervoe/Caffeine_solubility/Simulations/opls_simulations/KI/1.50/trajectory_sol_full.xtc"...
  Trying plugin "Gromacs XTC Compressed Trajectory"...OK
 ERmod 0.3.7, Copyright (C) 2000-2019 Nobuyuki Matubayasi
                            2010-2019 Shun Sakuraba
 ERmod comes with ABSOLUTELY NO WARRANTY.
 This is free software, and you can redistribute it
 and/or modify it under certain conditions.
 See LICENSE file for details.
Opening: "/home/hervoe/snic2020-6-15/hervoe/Caffeine_solubility/Simulations/opls_simulations/KI/1.50/trajectory_ref_full.xtc"...
  Trying plugin "Gromacs XTC Compressed Trajectory"...OK
Opening: "/home/hervoe/snic2020-6-15/hervoe/Caffeine_solubility/Simulations/opls_simulations/Solute/trajectory_solute.xtc"...
  Trying plugin "Gromacs XTC Compressed Trajectory"...OK
Opening: "/home/hervoe/snic2020-6-15/hervoe/Caffeine_solubility/Simulations/opls_simulations/Solute/trajectory_solute.xtc"...
  Trying plugin "Gromacs XTC Compressed Trajectory"...OK
Opening: "/home/hervoe/snic2020-6-15/hervoe/Caffeine_solubility/Simulations/opls_simulations/Solute/trajectory_solute.xtc"...
  Trying plugin "Gromacs XTC Compressed Trajectory"...OK
Opening: "/home/hervoe/snic2020-6-15/hervoe/Caffeine_solubility/Simulations/opls_simulations/Solute/trajectory_solute.xtc"...
  Trying plugin "Gromacs XTC Compressed Trajectory"...OK
Opening: "/home/hervoe/snic2020-6-15/hervoe/Caffeine_solubility/Simulations/opls_simulations/Solute/trajectory_solute.xtc"...
  Trying plugin "Gromacs XTC Compressed Trajectory"...OK
Opening: "/home/hervoe/snic2020-6-15/hervoe/Caffeine_solubility/Simulations/opls_simulations/Solute/trajectory_solute.xtc"...
  Trying plugin "Gromacs XTC Compressed Trajectory"...OK
Opening: "/home/hervoe/snic2020-6-15/hervoe/Caffeine_solubility/Simulations/opls_simulations/Solute/trajectory_solute.xtc"...
  Trying plugin "Gromacs XTC Compressed Trajectory"...OK
Opening: "/home/hervoe/snic2020-6-15/hervoe/Caffeine_solubility/Simulations/opls_simulations/Solute/trajectory_solute.xtc"...
  Trying plugin "Gromacs XTC Compressed Trajectory"...OK
Opening: "/home/hervoe/snic2020-6-15/hervoe/Caffeine_solubility/Simulations/opls_simulations/Solute/trajectory_solute.xtc"...
  Trying plugin "Gromacs XTC Compressed Trajectory"...OK
Opening: "/home/hervoe/snic2020-6-15/hervoe/Caffeine_solubility/Simulations/opls_simulations/Solute/trajectory_solute.xtc"...
  Trying plugin "Gromacs XTC Compressed Trajectory"...OK
 
  Number of the   1-th solvent  =           27
  Number of the   2-th solvent  =           27
  Number of the   3-th solvent  =         1000
 
  Be sure that the solvent distribution is homogeneous (radial distribution function is essentially unity) when the solvent molecule is separated beyond distance of   10.0 Angstrom in any direction from any atom within the solute molecule
 
  LJ long-range correction    =        -0.0858     -0.0045     -0.9545
 
  Self-energy of the solute   =        -0.0364  kcal/mol
 
 
 cumulative average & 95% error for solvation energy
              total             1st component         2nd component         3rd component
  1   -49.2749               -1.0030               -3.7512              -44.4843
  2   -49.2634     0.0229    -1.3617     0.7174    -4.1571     0.8118   -43.7082     1.5521
  3   -49.3410     0.1556    -1.8547     1.0695    -3.5317     1.3358   -43.9182     0.9897
  4   -49.2905     0.1494    -1.6382     0.8714    -3.8243     1.1112   -43.7916     0.7442
  5   -49.2992     0.1171    -1.8223     0.7688    -3.8134     0.8610   -43.6271     0.6637
  6   -49.3040     0.0960    -1.5759     0.7980    -3.8107     0.7030   -43.8809     0.7425
  7   -49.2845     0.0901    -1.4842     0.6989    -4.2731     1.0992   -43.4908     1.0013
  8   -49.2482     0.1065    -1.5629     0.6254    -3.9175     1.1883   -43.7314     0.9917
  9   -49.2677     0.1017    -1.9098     0.8863    -3.4161     1.4505   -43.9055     0.9414
 10   -49.2502     0.0975    -1.8364     0.8062    -3.5409     1.3212   -43.8365     0.8532
 11   -49.2356     0.0929    -1.8293     0.7294    -3.4849     1.2003   -43.8849     0.7778
 12   -49.2268     0.0866    -1.8418     0.6663    -3.5311     1.0996   -43.8175     0.7228
 13   -49.2296     0.0799    -1.6274     0.7480    -3.8300     1.1750   -43.7358     0.6846
 14   -49.2280     0.0740    -1.6024     0.6943    -3.8120     1.0884   -43.7772     0.6392
 15   -49.2325     0.0695    -1.5130     0.6706    -3.8851     1.0237   -43.7979     0.5965
 16   -49.2489     0.0728    -1.7863     0.8320    -3.7209     1.0124   -43.7053     0.5880
 17   -49.2568     0.0702    -1.7348     0.7883    -3.6807     0.9543   -43.8050     0.5872
 18   -49.2412     0.0732    -1.7844     0.7498    -3.7124     0.9020   -43.7080     0.5866
 19   -49.2425     0.0693    -1.7087     0.7252    -3.6804     0.8556   -43.8170     0.5961
 20   -49.2576     0.0724    -1.6512     0.6976    -3.6163     0.8218   -43.9537     0.6282
 21   -49.2516     0.0699    -1.7142     0.6754    -3.6851     0.7937   -43.8159     0.6580
 22   -49.2564     0.0673    -1.6096     0.6771    -3.7361     0.7636   -43.8743     0.6382
 23   -49.2476     0.0667    -1.6181     0.6472    -3.7131     0.7311   -43.8800     0.6100
 24   -49.2509     0.0642    -1.5863     0.6229    -3.7877     0.7157   -43.8404     0.5893
 25   -49.2412     0.0646    -1.5777     0.5977    -3.8378     0.6937   -43.7893     0.5744
 
 
 group  inft  solvation free energy     error          difference
  total solvation free energy
   1      0        -11.29694           0.09247          -0.01674
   1     60        -11.34065           0.09246          -0.06045
   1     80        -11.73709           0.09239          -0.45690
   1    100        -13.34654           0.59808          -2.06634
   2      0        -11.28199           0.09228          -0.00179
   3      0        -11.28020           0.09089           0.00000
   4      0        -11.27173           0.09284           0.00847
   5      0        -11.26805           0.09252           0.01215
   5     60        -11.32790           0.09251          -0.04770
   5     80        -11.81935           0.09239          -0.53916
   5    100        -13.02132           0.09197          -1.74112
 
  contribution from  1-th solvent component
   1      0          0.42182           0.27696          -0.01452
   1     60          0.41994           0.27696          -0.01641
   1     80          0.40297           0.27698          -0.03338
   1    100          0.32212           0.26438          -0.11422
   2      0          0.43167           0.27673          -0.00468
   3      0          0.43635           0.27661           0.00000
   4      0          0.43762           0.27641           0.00128
   5      0          0.43980           0.27664           0.00346
   5     60          0.43713           0.27664           0.00079
   5     80          0.41613           0.27666          -0.02021
   5    100          0.36777           0.27669          -0.06858
 
  contribution from  2-th solvent component
   1      0         -2.07456           0.33834          -0.01284
   1     60         -2.07507           0.33835          -0.01335
   1     80         -2.07861           0.33842          -0.01689
   1    100         -2.10842           0.34243          -0.04670
   2      0         -2.06491           0.33544          -0.00319
   3      0         -2.06172           0.33491           0.00000
   4      0         -2.05905           0.33453           0.00267
   5      0         -2.05946           0.33464           0.00226
   5     60         -2.05982           0.33464           0.00190
   5     80         -2.06523           0.33470          -0.00351
   5    100         -2.08001           0.33473          -0.01829
 
  contribution from  3-th solvent component
   1      0         -9.60778           0.27729           0.01062
   1     60         -9.64909           0.27730          -0.03069
   1     80        -10.02504           0.27755          -0.40663
   1    100        -11.52382           0.62665          -1.90542
   2      0         -9.61233           0.27652           0.00607
   3      0         -9.61840           0.27675           0.00000
   4      0         -9.61388           0.27386           0.00452
   5      0         -9.61197           0.27510           0.00643
   5     60         -9.66880           0.27512          -0.05039
   5     80        -10.13383           0.27544          -0.51543
   5    100        -11.27266           0.27631          -1.65426
 
 
 group  inft   Estimated free energy: total (kcal/mol)
   1      0     -10.8562     -11.5916     -11.4159     -11.5208     -11.2275
                -10.9643     -11.5477     -11.4227     -11.0002     -11.4256
                -11.4541     -11.2595     -11.3861     -11.2028     -11.5999
                -11.4876     -11.2826     -11.3925     -10.9372     -11.2851
                -11.6075     -11.2405     -10.8751     -11.3601     -11.0804
   1     60     -10.8998     -11.6353     -11.4595     -11.5646     -11.2712
                -11.0080     -11.5913     -11.4662     -11.0439     -11.4693
                -11.4978     -11.3032     -11.4297     -11.2466     -11.6438
                -11.5313     -11.3265     -11.4363     -10.9809     -11.3289
                -11.6510     -11.2844     -10.9189     -11.4040     -11.1241
   1     80     -11.2960     -12.0314     -11.8558     -11.9609     -11.6686
                -11.4035     -11.9860     -11.8622     -11.4409     -11.8654
                -11.8940     -11.6989     -11.8256     -11.6444     -12.0415
                -11.9282     -11.7245     -11.8321     -11.3779     -11.7260
                -12.0459     -11.6820     -11.3155     -11.8003     -11.5198
   1    100     -12.6067     -13.3412     -13.1676     -13.2714     -12.9836
                -12.7138     -13.2917     -13.1731     -12.7564     -13.1757
                -13.2060     -13.0094     -13.1349     -12.9600     -13.3568
                -13.2396     -13.0424     -13.1406     -12.6916     -13.0408
                -13.3526     -20.4383     -12.6285     -13.1105     -12.8302
   2      0     -10.8572     -11.5804     -11.4272     -11.5003     -11.2117
                -10.9475     -11.5039     -11.3942     -10.9779     -11.4083
                -11.4258     -11.2604     -11.3892     -11.1898     -11.5925
                -11.4881     -11.2789     -11.3701     -10.9228     -11.2911
                -11.5922     -11.2094     -10.8591     -11.3209     -11.0508
   3      0     -10.8623     -11.5678     -11.4250     -11.4982     -11.2094
                -10.9530     -11.5045     -11.3936     -10.9887     -11.3986
                -11.4112     -11.2593     -11.3893     -11.1836     -11.5803
                -11.4827     -11.2771     -11.3661     -10.9252     -11.2892
                -11.5939     -11.2088     -10.8645     -11.3309     -11.0417
   4      0     -10.8414     -11.5662     -11.4113     -11.4923     -11.2071
                -10.9270     -11.4895     -11.3711     -10.9666     -11.3975
                -11.3944     -11.2712     -11.3913     -11.1655     -11.5847
                -11.4959     -11.2727     -11.3589     -10.9173     -11.2609
                -11.5895     -11.1991     -10.8530     -11.3337     -11.0349
   5      0     -10.8417     -11.5631     -11.4070     -11.4857     -11.1996
                -10.9363     -11.4938     -11.3683     -10.9675     -11.3923
                -11.3942     -11.2616     -11.3927     -11.1629     -11.5738
                -11.4872     -11.2651     -11.3563     -10.9111     -11.2714
                -11.5843     -11.1906     -10.8450     -11.3256     -11.0244
   5     60     -10.9016     -11.6229     -11.4668     -11.5456     -11.2595
                -10.9961     -11.5535     -11.4280     -11.0274     -11.4521
                -11.4539     -11.3214     -11.4525     -11.2228     -11.6338
                -11.5471     -11.3251     -11.4161     -10.9710     -11.3314
                -11.6439     -11.2505     -10.9048     -11.3855     -11.0842
   5     80     -11.3933     -12.1141     -11.9584     -12.0369     -11.7521
                -11.4872     -12.0421     -11.9185     -11.5195     -11.9431
                -11.9445     -11.8122     -11.9440     -11.7156     -12.1267
                -12.0392     -11.8187     -11.9062     -11.4629     -11.8243
                -12.1332     -11.7432     -11.3967     -11.8766     -11.5744
   5    100     -12.5959     -13.3153     -13.1612     -13.2374     -12.9569
                -12.6894     -13.2373     -13.1188     -12.7246     -13.1438
                -13.1447     -13.0133     -13.1460     -12.9199     -13.3320
                -13.2411     -13.0262     -13.1039     -12.6662     -13.0305
                -13.3303     -12.9478     -12.6000     -13.0762     -12.7743
 
 group  inft   Estimated free energy: 1-th solvent contribution (kcal/mol)
   1      0       0.8690       0.0563      -0.2328       0.6595       0.0259
                  1.1844       0.4764       0.2546      -0.7120       0.4503
                  0.3742       0.0531       1.4106       0.6993       0.7342
                 -1.5302       0.8054      -0.0808       0.9690       1.0302
                 -0.5425       1.4941       0.4698       1.0047       0.6227
   1     60       0.8671       0.0544      -0.2347       0.6576       0.0240
                  1.1825       0.4745       0.2527      -0.7138       0.4484
                  0.3723       0.0512       1.4087       0.6974       0.7322
                 -1.5321       0.8036      -0.0827       0.9671       1.0284
                 -0.5444       1.4922       0.4679       1.0028       0.6208
   1     80       0.8502       0.0372      -0.2519       0.6404       0.0072
                  1.1658       0.4579       0.2363      -0.7311       0.4313
                  0.3556       0.0341       1.3922       0.6803       0.7146
                 -1.5491       0.7866      -0.0996       0.9498       1.0116
                 -0.5611       1.4752       0.4509       0.9859       0.6040
   1    100       0.7974      -0.0166      -0.3060       0.5866      -0.0455
                  1.1135       0.4058       0.1849      -0.7849       0.3779
                  0.3034      -0.0195       1.3404       0.6267       0.6593
                 -1.6024       0.7335      -0.1523       0.8957       0.9589
                 -0.6132       0.7276       0.3978       0.9328       0.5515
   2      0       0.8784       0.0648      -0.2269       0.6715       0.0296
                  1.1889       0.4923       0.2623      -0.6884       0.4616
                  0.3850       0.0602       1.4141       0.7081       0.7451
                 -1.5200       0.8131      -0.0713       0.9744       1.0421
                 -0.5373       1.5053       0.4818       1.0224       0.6344
   3      0       0.8805       0.0706      -0.2225       0.6786       0.0334
                  1.1928       0.4954       0.2686      -0.6801       0.4669
                  0.3933       0.0627       1.4175       0.7141       0.7527
                 -1.5145       0.8159      -0.0665       0.9801       1.0489
                 -0.5358       1.5097       0.4843       1.0225       0.6396
   4      0       0.8850       0.0735      -0.2188       0.6746       0.0297
                  1.1978       0.4943       0.2644      -0.6751       0.4683
                  0.3937       0.0625       1.4168       0.7202       0.7470
                 -1.5143       0.8176      -0.0602       0.9724       1.0485
                 -0.5286       1.5163       0.4891       1.0245       0.6413
   5      0       0.8869       0.0750      -0.2180       0.6741       0.0321
                  1.1987       0.4959       0.2683      -0.6702       0.4766
                  0.3953       0.0637       1.4168       0.7223       0.7544
                 -1.5150       0.8198      -0.0589       0.9846       1.0528
                 -0.5316       1.5165       0.4908       1.0240       0.6403
   5     60       0.8842       0.0723      -0.2207       0.6714       0.0294
                  1.1960       0.4933       0.2657      -0.6729       0.4739
                  0.3927       0.0610       1.4142       0.7196       0.7517
                 -1.5177       0.8171      -0.0616       0.9819       1.0501
                 -0.5343       1.5139       0.4881       1.0213       0.6376
   5     80       0.8631       0.0511      -0.2421       0.6502       0.0084
                  1.1749       0.4728       0.2451      -0.6938       0.4528
                  0.3721       0.0398       1.3934       0.6985       0.7304
                 -1.5390       0.7960      -0.0823       0.9606       1.0291
                 -0.5551       1.4928       0.4671       1.0005       0.6169
   5    100       0.8146       0.0021      -0.2917       0.6016      -0.0401
                  1.1264       0.4255       0.1978      -0.7419       0.4043
                  0.3247      -0.0092       1.3456       0.6501       0.6812
                 -1.5881       0.7473      -0.1300       0.9116       0.9806
                 -0.6032       1.4444       0.4188       0.9527       0.5690
 
 group  inft   Estimated free energy: 2-th solvent contribution (kcal/mol)
   1      0      -1.7504      -2.4439      -1.2556      -2.7154      -2.0143
                 -1.8311      -3.6658      -1.2398       0.1053      -2.5244
                 -1.9061      -1.9799      -3.7080      -2.0381      -2.5448
                 -1.0713      -1.6889      -2.4937      -1.2897      -1.3480
                 -2.7001      -2.4645      -1.5721      -3.1489      -2.5745
   1     60      -1.7509      -2.4444      -1.2561      -2.7159      -2.0148
                 -1.8317      -3.6664      -1.2403       0.1048      -2.5249
                 -1.9066      -1.9804      -3.7085      -2.0386      -2.5453
                 -1.0718      -1.6894      -2.4942      -1.2902      -1.3485
                 -2.7006      -2.4650      -1.5726      -3.1495      -2.5750
   1     80      -1.7542      -2.4481      -1.2593      -2.7195      -2.0189
                 -1.8350      -3.6703      -1.2442       0.1017      -2.5286
                 -1.9104      -1.9832      -3.7123      -2.0422      -2.5489
                 -1.0752      -1.6927      -2.4979      -1.2933      -1.3516
                 -2.7046      -2.4687      -1.5761      -3.1531      -2.5789
   1    100      -1.7688      -2.4634      -1.2736      -2.7345      -2.0364
                 -1.8501      -3.6870      -1.2615       0.0862      -2.5445
                 -1.9271      -1.9972      -3.7284      -2.0576      -2.5642
                 -1.0902      -1.7080      -2.5136      -1.3079      -1.3661
                 -2.7216      -2.8398      -1.5917      -3.1682      -2.5953
   2      0      -1.7501      -2.4384      -1.2686      -2.6943      -1.9935
                 -1.8138      -3.6416      -1.2241       0.1050      -2.5075
                 -1.8926      -1.9815      -3.6983      -2.0312      -2.5371
                 -1.0759      -1.6954      -2.4817      -1.2885      -1.3608
                 -2.6796      -2.4412      -1.5588      -3.1209      -2.5523
   3      0      -1.7453      -2.4250      -1.2622      -2.6911      -1.9884
                 -1.8135      -3.6383      -1.2261       0.0989      -2.5038
                 -1.8844      -1.9804      -3.6917      -2.0263      -2.5287
                 -1.0707      -1.6928      -2.4786      -1.2871      -1.3595
                 -2.6772      -2.4429      -1.5579      -3.1254      -2.5445
   4      0      -1.7464      -2.4284      -1.2603      -2.6828      -1.9843
                 -1.8021      -3.6269      -1.2200       0.1035      -2.5053
                 -1.8843      -1.9872      -3.6852      -2.0219      -2.5290
                 -1.0710      -1.6955      -2.4762      -1.2856      -1.3560
                 -2.6738      -2.4426      -1.5552      -3.1220      -2.5378
   5      0      -1.7441      -2.4250      -1.2595      -2.6866      -1.9794
                 -1.8049      -3.6331      -1.2200       0.0983      -2.5087
                 -1.8833      -1.9855      -3.6896      -2.0238      -2.5293
                 -1.0720      -1.6953      -2.4772      -1.2859      -1.3570
                 -2.6696      -2.4401      -1.5547      -3.1235      -2.5366
   5     60      -1.7444      -2.4254      -1.2598      -2.6869      -1.9798
                 -1.8052      -3.6334      -1.2204       0.0979      -2.5091
                 -1.8837      -1.9858      -3.6900      -2.0242      -2.5296
                 -1.0724      -1.6957      -2.4775      -1.2862      -1.3574
                 -2.6700      -2.4404      -1.5551      -3.1239      -2.5369
   5     80      -1.7497      -2.4309      -1.2649      -2.6923      -1.9857
                 -1.8104      -3.6391      -1.2261       0.0928      -2.5146
                 -1.8894      -1.9905      -3.6956      -2.0296      -2.5351
                 -1.0776      -1.7011      -2.4831      -1.2912      -1.3625
                 -2.6757      -2.4459      -1.5604      -3.1294      -2.5426
   5    100      -1.7641      -2.4461      -1.2790      -2.7061      -2.0017
                 -1.8246      -3.6547      -1.2422       0.0778      -2.5295
                 -1.9051      -2.0042      -3.7108      -2.0440      -2.5497
                 -1.0920      -1.7160      -2.4978      -1.3052      -1.3769
                 -2.6913      -2.4606      -1.5752      -3.1433      -2.5579
 
 group  inft   Estimated free energy: 3-th solvent contribution (kcal/mol)
   1      0      -9.9384      -9.1676      -9.8910      -9.4286      -9.2026
                -10.2811      -8.3218     -10.4010     -10.3571      -9.3150
                 -9.8858      -9.2963      -9.0522      -9.8276      -9.7529
                 -8.8496     -10.3628      -8.7816     -10.5801     -10.9309
                 -8.3285     -10.2338      -9.7364      -9.1795      -9.0921
   1     60      -9.9796      -9.2088      -9.9323      -9.4699      -9.2440
                -10.3224      -8.3631     -10.4423     -10.3985      -9.3563
                 -9.9271      -9.3376      -9.0935      -9.8690      -9.7943
                 -8.8910     -10.4042      -8.8229     -10.6214     -10.9724
                 -8.3696     -10.2751      -9.7777      -9.2209      -9.1334
   1     80     -10.3556      -9.5841     -10.3082      -9.8454      -9.6205
                -10.6979      -8.7372     -10.8179     -10.7752      -9.7317
                -10.3028      -9.7134      -9.4690     -10.2461     -10.1707
                 -9.2674     -10.7820      -9.1982     -10.9979     -11.3496
                 -8.7438     -10.6521     -10.1539      -9.5966      -9.5085
   1    100     -11.5988     -10.8247     -11.5516     -11.0870     -10.8652
                -11.9407      -9.9741     -12.0601     -12.0214     -10.9728
                -11.5458     -10.9563     -10.7105     -11.4927     -11.4155
                -10.5105     -12.0314     -10.4383     -12.2430     -12.5972
                 -9.9814     -18.2897     -11.3982     -10.8386     -10.7500
   2      0      -9.9491      -9.1704      -9.8952      -9.4411      -9.2114
                -10.2863      -8.3183     -10.3959     -10.3582      -9.3260
                 -9.8818      -9.3027      -9.0687      -9.8303      -9.7640
                 -8.8557     -10.3602      -8.7807     -10.5723     -10.9360
                 -8.3389     -10.2370      -9.7458      -9.1860      -9.0964
   3      0      -9.9611      -9.1769      -9.9039      -9.4494      -9.2179
                -10.2959      -8.3251     -10.3997     -10.3711      -9.3253
                 -9.8837      -9.3051      -9.0786      -9.8350      -9.7678
                 -8.8611     -10.3638      -8.7845     -10.5817     -10.9423
                 -8.3445     -10.2393      -9.7545      -9.1916      -9.1003
   4      0      -9.9437      -9.1748      -9.8957      -9.4477      -9.2160
                -10.2863      -8.3204     -10.3791     -10.3586      -9.3241
                 -9.8675      -9.3101      -9.0866      -9.8273      -9.7663
                 -8.8742     -10.3585      -8.7860     -10.5677     -10.9170
                 -8.3508     -10.2363      -9.7504      -9.1998      -9.1020
   5      0      -9.9482      -9.1766      -9.8931      -9.4368      -9.2158
                -10.2936      -8.3202     -10.3802     -10.3591      -9.3237
                 -9.8698      -9.3034      -9.0835      -9.8249      -9.7625
                 -8.8637     -10.3531      -8.7838     -10.5734     -10.9307
                 -8.3466     -10.2307      -9.7446      -9.1897      -9.0917
   5     60     -10.0050      -9.2334      -9.9499      -9.4936      -9.2727
                -10.3504      -8.3769     -10.4369     -10.4160      -9.3805
                 -9.9265      -9.3602      -9.1403      -9.8818      -9.8194
                 -8.9206     -10.4102      -8.8406     -10.6302     -10.9877
                 -8.4032     -10.2875      -9.8014      -9.2465      -9.1485
   5     80     -10.4703      -9.6978     -10.4149      -9.9584      -9.7384
                -10.8153      -8.8394     -10.9011     -10.8820      -9.8449
                -10.3908      -9.8250      -9.6054     -10.3482     -10.2855
                 -9.3861     -10.8773      -9.3045     -11.0959     -11.4545
                 -8.8659     -10.7537     -10.2670      -9.7114      -9.6122
   5    100     -11.6099     -10.8350     -11.5540     -11.0964     -10.8786
                -11.9548      -9.9717     -12.0380     -12.0240     -10.9822
                -11.5280     -10.9635     -10.7443     -11.4896     -11.4271
                -10.5246     -12.0211     -10.4396     -12.2361     -12.5978
                 -9.9994     -11.8951     -11.4072     -10.8493     -10.7490
 
 
 cumulative average & 95% error for solvation free energy
              total             1st component         2nd component         3rd component
  1   -10.8623     0.0000     0.8805     0.0000    -1.7453     0.0000    -9.9611     0.0000
  2   -11.2150     0.7055     0.4755     0.8100    -2.0852     0.6797    -9.5690     0.7842
  3   -11.2850     0.4307     0.2429     0.6598    -1.8108     0.6745    -9.6806     0.5048
  4   -11.3383     0.3227     0.3518     0.5149    -2.0309     0.6490    -9.6228     0.3752
  5   -11.3125     0.2552     0.2881     0.4187    -2.0224     0.5030    -9.5418     0.3327
  6   -11.2526     0.2404     0.4389     0.4558    -1.9876     0.4166    -9.6675     0.3701
  7   -11.2886     0.2155     0.4470     0.3856    -2.2234     0.5886    -9.4757     0.4949
  8   -11.3017     0.1885     0.4247     0.3369    -2.0987     0.5674    -9.5912     0.4869
  9   -11.2669     0.1802     0.3019     0.3854    -1.8546     0.6992    -9.6779     0.4630
 10   -11.2801     0.1633     0.3184     0.3463    -1.9195     0.6387    -9.6426     0.4201
 11   -11.2920     0.1496     0.3252     0.3135    -1.9163     0.5778    -9.6645     0.3825
 12   -11.2893     0.1367     0.3033     0.2896    -1.9216     0.5276    -9.6346     0.3543
 13   -11.2970     0.1267     0.3890     0.3167    -2.0578     0.5565    -9.5918     0.3369
 14   -11.2889     0.1184     0.4123     0.2969    -2.0555     0.5152    -9.6092     0.3139
 15   -11.3083     0.1169     0.4350     0.2801    -2.0871     0.4838    -9.6198     0.2930
 16   -11.3192     0.1115     0.3131     0.3578    -2.0236     0.4700    -9.5724     0.2900
 17   -11.3167     0.1048     0.3427     0.3413    -2.0041     0.4432    -9.6189     0.2879
 18   -11.3195     0.0990     0.3200     0.3249    -2.0305     0.4212    -9.5725     0.2868
 19   -11.2987     0.1024     0.3547     0.3151    -1.9913     0.4060    -9.6257     0.2914
 20   -11.2982     0.0972     0.3894     0.3069    -1.9598     0.3903    -9.6915     0.3062
 21   -11.3123     0.0966     0.3454     0.3049    -1.9939     0.3775    -9.6274     0.3182
 22   -11.3076     0.0926     0.3983     0.3094    -2.0143     0.3623    -9.6552     0.3085
 23   -11.2884     0.0965     0.4020     0.2958    -1.9945     0.3484    -9.6595     0.2949
 24   -11.2901     0.0925     0.4279     0.2878    -2.0416     0.3466    -9.6400     0.2850
 25   -11.2802     0.0909     0.4363     0.2766    -2.0617     0.3349    -9.6184     0.2768
