 ERmod 0.3.7, Copyright (C) 2000-2019 Nobuyuki Matubayasi
                            2010-2019 Shun Sakuraba
 ERmod comes with ABSOLUTELY NO WARRANTY.
 This is free software, and you can redistribute it
 and/or modify it under certain conditions.
 See LICENSE file for details.
Opening: "/home/hervoe/snic2020-6-15/hervoe/Caffeine_solubility/Simulations/opls_simulations/NaF/1.50/trajectory_sol_full.xtc"...
  Trying plugin "Gromacs XTC Compressed Trajectory"...OK
 ERmod 0.3.7, Copyright (C) 2000-2019 Nobuyuki Matubayasi
                            2010-2019 Shun Sakuraba
 ERmod comes with ABSOLUTELY NO WARRANTY.
 This is free software, and you can redistribute it
 and/or modify it under certain conditions.
 See LICENSE file for details.
Opening: "/home/hervoe/snic2020-6-15/hervoe/Caffeine_solubility/Simulations/opls_simulations/NaF/1.50/trajectory_ref_full.xtc"...
  Trying plugin "Gromacs XTC Compressed Trajectory"...OK
Opening: "/home/hervoe/snic2020-6-15/hervoe/Caffeine_solubility/Simulations/opls_simulations/Solute/trajectory_solute.xtc"...
  Trying plugin "Gromacs XTC Compressed Trajectory"...OK
Opening: "/home/hervoe/snic2020-6-15/hervoe/Caffeine_solubility/Simulations/opls_simulations/Solute/trajectory_solute.xtc"...
  Trying plugin "Gromacs XTC Compressed Trajectory"...OK
Opening: "/home/hervoe/snic2020-6-15/hervoe/Caffeine_solubility/Simulations/opls_simulations/Solute/trajectory_solute.xtc"...
  Trying plugin "Gromacs XTC Compressed Trajectory"...OK
Opening: "/home/hervoe/snic2020-6-15/hervoe/Caffeine_solubility/Simulations/opls_simulations/Solute/trajectory_solute.xtc"...
  Trying plugin "Gromacs XTC Compressed Trajectory"...OK
Opening: "/home/hervoe/snic2020-6-15/hervoe/Caffeine_solubility/Simulations/opls_simulations/Solute/trajectory_solute.xtc"...
  Trying plugin "Gromacs XTC Compressed Trajectory"...OK
Opening: "/home/hervoe/snic2020-6-15/hervoe/Caffeine_solubility/Simulations/opls_simulations/Solute/trajectory_solute.xtc"...
  Trying plugin "Gromacs XTC Compressed Trajectory"...OK
Opening: "/home/hervoe/snic2020-6-15/hervoe/Caffeine_solubility/Simulations/opls_simulations/Solute/trajectory_solute.xtc"...
  Trying plugin "Gromacs XTC Compressed Trajectory"...OK
Opening: "/home/hervoe/snic2020-6-15/hervoe/Caffeine_solubility/Simulations/opls_simulations/Solute/trajectory_solute.xtc"...
  Trying plugin "Gromacs XTC Compressed Trajectory"...OK
Opening: "/home/hervoe/snic2020-6-15/hervoe/Caffeine_solubility/Simulations/opls_simulations/Solute/trajectory_solute.xtc"...
  Trying plugin "Gromacs XTC Compressed Trajectory"...OK
Opening: "/home/hervoe/snic2020-6-15/hervoe/Caffeine_solubility/Simulations/opls_simulations/Solute/trajectory_solute.xtc"...
  Trying plugin "Gromacs XTC Compressed Trajectory"...OK
 
  Number of the   1-th solvent  =           27
  Number of the   2-th solvent  =           27
  Number of the   3-th solvent  =         1000
 
  Be sure that the solvent distribution is homogeneous (radial distribution function is essentially unity) when the solvent molecule is separated beyond distance of   10.0 Angstrom in any direction from any atom within the solute molecule
 
  LJ long-range correction    =        -0.0401     -0.0045     -1.0715
 
  Self-energy of the solute   =        -0.0409  kcal/mol
 
 
 cumulative average & 95% error for solvation energy
              total             1st component         2nd component         3rd component
  1   -50.5703                1.4614               -3.7994              -48.1914
  2   -50.4405     0.2597    -1.1489     5.2205    -1.5784     4.4419   -47.6723     1.0383
  3   -50.4805     0.1700    -0.0791     3.6962    -3.0922     3.9678   -47.2683     1.0061
  4   -50.5188     0.1425    -0.2403     2.6334    -2.9040     2.8308   -47.3336     0.7233
  5   -50.5661     0.1454    -0.5269     2.1188    -3.1191     2.2345   -46.8792     1.0675
  6   -50.5436     0.1270     0.1749     2.2277    -3.6073     2.0693   -47.0703     0.9517
  7   -50.5578     0.1110     0.5280     2.0108    -3.7251     1.7647   -47.3198     0.9466
  8   -50.5694     0.0989     0.2055     1.8570    -3.2821     1.7665   -47.4520     0.8613
  9   -50.5976     0.1038     0.5773     1.7986    -3.8165     1.8892   -47.3175     0.8058
 10   -50.5993     0.0929     0.7675     1.6531    -3.9278     1.7044   -47.3980     0.7385
 11   -50.6187     0.0926     0.7390     1.4964    -3.8829     1.5443   -47.4338     0.6718
 12   -50.6116     0.0857     0.7362     1.3660    -3.9791     1.4228   -47.3278     0.6489
 13   -50.6583     0.1223     0.8401     1.2736    -4.2616     1.4255   -47.1959     0.6526
 14   -50.6891     0.1289     0.5207     1.3411    -4.0034     1.4172   -47.1654     0.6072
 15   -50.6860     0.1201     0.6631     1.2806    -3.9949     1.3195   -47.3133     0.6380
 16   -50.6864     0.1124     0.7474     1.2097    -4.0045     1.2344   -47.3883     0.6154
 17   -50.6816     0.1060     0.7743     1.1376    -3.9487     1.1649   -47.4663     0.5987
 18   -50.6873     0.1006     0.6617     1.0959    -3.7725     1.1534   -47.5356     0.5812
 19   -50.6935     0.0959     0.5083     1.0811    -3.6258     1.1298   -47.5351     0.5498
 20   -50.7159     0.1014     0.3799     1.0573    -3.5557     1.0809   -47.4992     0.5265
 21   -50.7114     0.0969     0.3526     1.0071    -3.4683     1.0429   -47.5548     0.5130
 22   -50.7021     0.0943     0.3543     0.9603    -3.4589     0.9946   -47.5567     0.4891
 23   -50.7070     0.0906     0.4704     0.9465    -3.6559     1.0288   -47.4806     0.4915
 24   -50.7013     0.0875     0.5513     0.9205    -3.7472     1.0018   -47.4645     0.4717
 25   -50.6961     0.0846     0.4624     0.9006    -3.6454     0.9822   -47.4723     0.4527
 
 
 group  inft  solvation free energy     error          difference
  total solvation free energy
   1      0        -10.49282           0.19022           0.03046
   1     60        -10.52933           0.19021          -0.00605
   1     80        -10.89479           0.19054          -0.37151
   1    100        -12.21775           0.19181          -1.69447
   2      0        -10.51670           0.19321           0.00658
   3      0        -10.52328           0.19386           0.00000
   4      0        -10.51962           0.19475           0.00366
   5      0        -10.51615           0.19581           0.00713
   5     60        -10.56617           0.19582          -0.04289
   5     80        -11.02688           0.19625          -0.50360
   5    100        -12.24370           0.19749          -1.72042
 
  contribution from  1-th solvent component
   1      0          0.92239           0.48592           0.01187
   1     60          0.92348           0.48590           0.01297
   1     80          0.93625           0.48595           0.02573
   1    100          0.96778           0.48629           0.05726
   2      0          0.91311           0.48515           0.00259
   3      0          0.91052           0.48585          -0.00000
   4      0          0.91276           0.48579           0.00225
   5      0          0.91309           0.48594           0.00257
   5     60          0.91498           0.48591           0.00446
   5     80          0.93021           0.48599           0.01969
   5    100          0.95638           0.48633           0.04586
 
  contribution from  2-th solvent component
   1      0         -2.21034           0.49661           0.00626
   1     60         -2.20933           0.49662           0.00727
   1     80         -2.20636           0.49669           0.01024
   1    100         -2.20772           0.49718           0.00888
   2      0         -2.21902           0.49444          -0.00242
   3      0         -2.21660           0.49287           0.00000
   4      0         -2.21876           0.49253          -0.00216
   5      0         -2.21317           0.49231           0.00343
   5     60         -2.21199           0.49232           0.00461
   5     80         -2.20986           0.49242           0.00674
   5    100         -2.21021           0.49279           0.00639
 
  contribution from  3-th solvent component
   1      0         -9.16398           0.23551           0.01233
   1     60         -9.20259           0.23548          -0.02628
   1     80         -9.58379           0.23545          -0.40748
   1    100        -10.93692           0.23584          -1.76061
   2      0         -9.16990           0.23504           0.00641
   3      0         -9.17631           0.23458           0.00000
   4      0         -9.17273           0.23245           0.00358
   5      0         -9.17518           0.23347           0.00113
   5     60         -9.22826           0.23343          -0.05195
   5     80         -9.70635           0.23341          -0.53003
   5    100        -10.94898           0.23377          -1.77267
 
 
 group  inft   Estimated free energy: total (kcal/mol)
   1      0      -9.9856     -10.4530     -10.3892     -10.5784     -11.2190
                 -9.4699     -10.0317     -10.4886     -11.3147     -10.5047
                -10.0598     -10.0444     -10.9588     -11.3507     -10.8791
                -10.4776     -10.2767     -10.1791     -10.3939     -11.2159
                -10.1710     -10.2184     -10.1321     -10.9422     -10.5862
   1     60     -10.0219     -10.4891     -10.4256     -10.6148     -11.2555
                 -9.5067     -10.0683     -10.5251     -11.3513     -10.5411
                -10.0965     -10.0811     -10.9962     -11.3873     -10.9154
                -10.5141     -10.3131     -10.2156     -10.4305     -11.2521
                -10.2072     -10.2550     -10.1687     -10.9786     -10.6225
   1     80     -10.3858     -10.8484     -10.7899     -10.9810     -11.6211
                 -9.8697     -10.4337     -10.8886     -11.7200     -10.9065
                -10.4622     -10.4478     -11.3656     -11.7540     -11.2800
                -10.8797     -10.6789     -10.5840     -10.7977     -11.6182
                -10.5700     -10.6212     -10.5329     -11.3455     -10.9876
   1    100     -11.7036     -12.1523     -12.1109     -12.3053     -12.9442
                -11.1853     -11.7562     -12.2056     -13.0544     -12.2332
                -11.7845     -11.7719     -12.6949     -13.0823     -12.6006
                -12.2033     -12.0037     -11.9160     -12.1229     -12.9457
                -11.8851     -11.9450     -11.8491     -12.6761     -12.3119
   2      0     -10.0021     -10.4828     -10.4417     -10.5989     -11.2417
                 -9.4602     -10.0393     -10.5406     -11.3856     -10.5107
                -10.0560     -10.0572     -10.9127     -11.3655     -10.9033
                -10.5369     -10.2942     -10.2366     -10.3783     -11.2533
                -10.1609     -10.2472     -10.1671     -10.9761     -10.6685
   3      0      -9.9755     -10.5008     -10.4480     -10.6233     -11.2422
                 -9.4847     -10.0630     -10.5423     -11.3660     -10.5452
                -10.0497     -10.0518     -10.9317     -11.3920     -10.8877
                -10.5172     -10.3044     -10.2473     -10.3759     -11.2905
                -10.1853     -10.2570     -10.1435     -10.9896     -10.6677
   4      0      -9.9839     -10.4991     -10.4763     -10.6088     -11.2647
                 -9.4375     -10.0348     -10.5548     -11.3673     -10.5442
                -10.0454     -10.0780     -10.8985     -11.3642     -10.8794
                -10.5462     -10.2915     -10.2417     -10.3679     -11.2782
                -10.1661     -10.2483     -10.1480     -10.9792     -10.6865
   5      0      -9.9661     -10.4958     -10.4534     -10.6143     -11.2362
                 -9.4598     -10.0453     -10.5485     -11.3705     -10.5375
                -10.0463     -10.0550     -10.9164     -11.3841     -10.8893
                -10.5275     -10.2840     -10.2400     -10.3623     -11.2926
                -10.1718     -10.2345     -10.1152     -10.9867     -10.6709
   5     60     -10.0159     -10.5450     -10.5033     -10.6642     -11.2861
                 -9.5098     -10.0955     -10.5983     -11.4209     -10.5874
                -10.0965     -10.1053     -10.9674     -11.4343     -10.9391
                -10.5777     -10.3339     -10.2902     -10.4126     -11.3424
                -10.2213     -10.2846     -10.1654     -11.0367     -10.7207
   5     80     -10.4743     -10.9984     -10.9634     -11.1256     -11.7466
                 -9.9673     -10.5561     -11.0563     -11.8862     -11.0486
                -10.5574     -10.5673     -11.4324     -11.8965     -11.3984
                -11.0387     -10.7947     -10.7548     -10.8751     -11.8039
                -10.6783     -10.7460     -10.6242     -11.4995     -11.1821
   5    100     -11.6848     -12.1991     -12.1800     -12.3437     -12.9624
                -11.1765     -11.7723     -12.2663     -13.1140     -12.2684
                -11.7736     -11.7843     -12.6534     -13.1189     -12.6133
                -12.2573     -12.0129     -11.9814     -12.0944     -13.0248
                -11.8876     -11.9624     -11.8351     -12.7240     -12.4016
 
 group  inft   Estimated free energy: 1-th solvent contribution (kcal/mol)
   1      0       1.7108      -1.3253       1.8651      -0.0886      -0.5696
                  3.4363       2.3982      -0.1769       2.0677       2.0042
                  1.2256       1.3353       1.3424      -1.2435       1.4700
                  1.5731       1.2107       0.2351      -0.2151      -0.5247
                  0.6907       1.1336       2.4570       1.1760      -0.1285
   1     60       1.7119      -1.3239       1.8661      -0.0874      -0.5684
                  3.4373       2.3992      -0.1758       2.0687       2.0053
                  1.2268       1.3364       1.3433      -1.2426       1.4710
                  1.5742       1.2118       0.2361      -0.2140      -0.5235
                  0.6921       1.1347       2.4582       1.1770      -0.1274
   1     80       1.7252      -1.3078       1.8782      -0.0745      -0.5565
                  3.4522       2.4122      -0.1622       2.0786       2.0170
                  1.2407       1.3496       1.3552      -1.2320       1.4835
                  1.5870       1.2241       0.2468      -0.2013      -0.5110
                  0.7085       1.1481       2.4733       1.1868      -0.1155
   1    100       1.7601      -1.2644       1.9082      -0.0439      -0.5294
                  3.4930       2.4457      -0.1277       2.0984       2.0444
                  1.2767       1.3830       1.3845      -1.2081       1.5137
                  1.6189       1.2544       0.2710      -0.1695      -0.4817
                  0.7517       1.1822       2.5137       1.2067      -0.0875
   2      0       1.7189      -1.3473       1.8593      -0.0914      -0.5869
                  3.4053       2.4023      -0.1994       2.0324       1.9946
                  1.2280       1.3076       1.3530      -1.2353       1.4562
                  1.5484       1.2032       0.2316      -0.1790      -0.5459
                  0.7011       1.1290       2.4468       1.1622      -0.1670
   3      0       1.7146      -1.3468       1.8603      -0.1021      -0.5903
                  3.3945       2.3935      -0.2174       2.0347       1.9947
                  1.2269       1.3180       1.3451      -1.2529       1.4609
                  1.5582       1.1924       0.2346      -0.1780      -0.5508
                  0.6924       1.1135       2.4660       1.1506      -0.1497
   4      0       1.7199      -1.3476       1.8628      -0.0897      -0.5918
                  3.4170       2.3984      -0.2134       2.0404       1.9884
                  1.2348       1.3117       1.3522      -1.2324       1.4604
                  1.5277       1.1911       0.2422      -0.1767      -0.5507
                  0.6997       1.1235       2.4593       1.1560      -0.1640
   5      0       1.7176      -1.3490       1.8607      -0.0940      -0.5871
                  3.4079       2.3946      -0.2234       2.0389       1.9933
                  1.2311       1.3163       1.3491      -1.2407       1.4661
                  1.5394       1.1917       0.2446      -0.1728      -0.5503
                  0.7016       1.1194       2.4732       1.1511      -0.1523
   5     60       1.7194      -1.3466       1.8624      -0.0919      -0.5851
                  3.4097       2.3963      -0.2214       2.0406       1.9951
                  1.2332       1.3182       1.3508      -1.2391       1.4680
                  1.5412       1.1936       0.2462      -0.1710      -0.5483
                  0.7041       1.1213       2.4752       1.1528      -0.1504
   5     80       1.7355      -1.3269       1.8769      -0.0766      -0.5711
                  3.4280       2.4121      -0.2050       2.0519       2.0088
                  1.2498       1.3340       1.3650      -1.2265       1.4829
                  1.5565       1.2083       0.2587      -0.1558      -0.5335
                  0.7240       1.1374       2.4936       1.1639      -0.1365
   5    100       1.7650      -1.2900       1.9018      -0.0512      -0.5489
                  3.4630       2.4403      -0.1759       2.0671       2.0308
                  1.2795       1.3618       1.3895      -1.2072       1.5081
                  1.5831       1.2333       0.2779      -0.1293      -0.5092
                  0.7609       1.1659       2.5283       1.1792      -0.1142
 
 group  inft   Estimated free energy: 2-th solvent contribution (kcal/mol)
   1      0      -2.1003       0.0068      -3.4999      -1.2761      -2.6552
                 -3.4013      -2.5601      -0.6111      -4.8647      -2.9221
                 -1.9420      -2.8933      -4.2135      -1.2110      -2.1970
                 -2.3202      -1.6430      -0.5959      -0.9884      -1.7720
                 -1.0319      -2.1115      -4.2400      -3.0990      -1.1158
   1     60      -2.0991       0.0077      -3.4988      -1.2750      -2.6544
                 -3.4005      -2.5591      -0.6102      -4.8636      -2.9210
                 -1.9411      -2.8923      -4.2127      -1.2100      -2.1959
                 -2.3193      -1.6419      -0.5948      -0.9874      -1.7709
                 -1.0308      -2.1103      -4.2391      -3.0980      -1.1146
   1     80      -2.0957       0.0117      -3.4957      -1.2722      -2.6519
                 -3.3976      -2.5561      -0.6068      -4.8607      -2.9173
                 -1.9386      -2.8897      -4.2104      -1.2076      -2.1929
                 -2.3161      -1.6389      -0.5918      -0.9852      -1.7681
                 -1.0281      -2.1072      -4.2369      -3.0952      -1.1103
   1    100      -2.0965       0.0140      -3.4974      -1.2728      -2.6549
                 -3.4008      -2.5578      -0.6061      -4.8643      -2.9174
                 -1.9409      -2.8922      -4.2142      -1.2094      -2.1928
                 -2.3170      -1.6392      -0.5912      -0.9874      -1.7695
                 -1.0296      -2.1092      -4.2404      -3.0970      -1.1087
   2      0      -2.1274       0.0185      -3.5291      -1.2839      -2.6576
                 -3.3549      -2.5718      -0.6487      -4.8904      -2.9173
                 -1.9423      -2.8778      -4.1786      -1.2241      -2.2071
                 -2.3458      -1.6464      -0.6397      -1.0012      -1.7846
                 -1.0258      -2.1270      -4.2514      -3.1153      -1.1457
   3      0      -2.0892       0.0029      -3.5228      -1.2931      -2.6482
                 -3.3705      -2.5745      -0.6232      -4.8635      -2.9515
                 -1.9312      -2.8737      -4.1807      -1.2292      -2.1877
                 -2.3255      -1.6430      -0.6516      -0.9971      -1.8028
                 -1.0378      -2.1179      -4.2388      -3.1089      -1.1554
   4      0      -2.1108      -0.0005      -3.5301      -1.2915      -2.6545
                 -3.3537      -2.5687      -0.6497      -4.8741      -2.9471
                 -1.9402      -2.8848      -4.1640      -1.2206      -2.1994
                 -2.3395      -1.6396      -0.6533      -0.9899      -1.7958
                 -1.0338      -2.1220      -4.2413      -3.1122      -1.1520
   5      0      -2.0840       0.0138      -3.5197      -1.2904      -2.6432
                 -3.3655      -2.5694      -0.6283      -4.8653      -2.9459
                 -1.9290      -2.8753      -4.1674      -1.2277      -2.2007
                 -2.3214      -1.6288      -0.6520      -0.9960      -1.8059
                 -1.0415      -2.1039      -4.2218      -3.1094      -1.1504
   5     60      -2.0826       0.0149      -3.5184      -1.2892      -2.6421
                 -3.3644      -2.5682      -0.6271      -4.8640      -2.9446
                 -1.9280      -2.8741      -4.1664      -1.2267      -2.1995
                 -2.3204      -1.6275      -0.6508      -0.9948      -1.8047
                 -1.0402      -2.1026      -4.2208      -3.1084      -1.1491
   5     80      -2.0801       0.0183      -3.5164      -1.2871      -2.6406
                 -3.3625      -2.5662      -0.6247      -4.8621      -2.9420
                 -1.9263      -2.8724      -4.1650      -1.2252      -2.1968
                 -2.3178      -1.6251      -0.6484      -0.9933      -1.8027
                 -1.0383      -2.1005      -4.2194      -3.1064      -1.1458
   5    100      -2.0798       0.0215      -3.5170      -1.2871      -2.6424
                 -3.3639      -2.5668      -0.6233      -4.8640      -2.9410
                 -1.9277      -2.8735      -4.1672      -1.2265      -2.1961
                 -2.3178      -1.6244      -0.6478      -0.9949      -1.8033
                 -1.0390      -2.1011      -4.2215      -3.1077      -1.1431
 
 group  inft   Estimated free energy: 3-th solvent contribution (kcal/mol)
   1      0      -9.5552      -9.0936      -8.7135      -9.1728      -7.9533
                 -9.4640      -9.8289      -9.6597      -8.4768      -9.5459
                 -9.3025      -8.4455      -8.0468      -8.8554     -10.1112
                 -9.6896      -9.8035      -9.7774      -9.1495      -8.8782
                 -9.7889      -9.1997      -8.3082      -8.9784      -9.3011
   1     60      -9.5937      -9.1320      -8.7519      -9.2115      -7.9918
                 -9.5026      -9.8675      -9.6982      -8.5156      -9.5844
                 -9.3412      -8.4843      -8.0858      -8.8938     -10.1496
                 -9.7282      -9.8421      -9.8160      -9.1882      -8.9168
                 -9.8275      -9.2385      -8.3469      -9.0168      -9.3397
   1     80      -9.9743      -9.5115      -9.1315      -9.5934      -8.3718
                 -9.8835     -10.2489     -10.0787      -8.8970      -9.9653
                 -9.7235      -8.8669      -8.4695      -9.2735     -10.5298
                -10.1097     -10.2233     -10.1981      -9.5704      -9.2982
                -10.2095      -9.6212      -8.7284      -9.3963      -9.7209
   1    100     -11.3263     -10.8610     -10.4808     -10.9477      -9.7190
                -11.2367     -11.6032     -11.4309     -10.2477     -11.3193
                -11.0794     -10.2217      -9.8242     -10.6239     -11.8806
                -11.4643     -11.5780     -11.5550     -10.9251     -10.6537
                -11.5662     -10.9771     -10.0816     -10.7449     -11.0748
   2      0      -9.5527      -9.1131      -8.7310      -9.1827      -7.9563
                 -9.4697      -9.8290      -9.6516      -8.4866      -9.5471
                 -9.3008      -8.4460      -8.0462      -8.8652     -10.1116
                 -9.6986      -9.8101      -9.7877      -9.1573      -8.8819
                 -9.7953      -9.2082      -8.3217      -8.9822      -9.3149
   3      0      -9.5600      -9.1160      -8.7446      -9.1871      -7.9629
                 -9.4678      -9.8411      -9.6607      -8.4963      -9.5475
                 -9.3045      -8.4552      -8.0553      -8.8690     -10.1201
                 -9.7089      -9.8130      -9.7893      -9.1599      -8.8961
                 -9.7989      -9.2117      -8.3298      -8.9904      -9.3216
   4      0      -9.5521      -9.1101      -8.7682      -9.1868      -7.9774
                 -9.4599      -9.8236      -9.6508      -8.4928      -9.5447
                 -9.2991      -8.4640      -8.0457      -8.8702     -10.0995
                 -9.6934      -9.8021      -9.7897      -9.1604      -8.8908
                 -9.7911      -9.2089      -8.3252      -8.9821      -9.3297
   5      0      -9.5588      -9.1197      -8.7536      -9.1890      -7.9651
                 -9.4612      -9.8295      -9.6560      -8.5032      -9.5440
                 -9.3076      -8.4551      -8.0572      -8.8747     -10.1138
                 -9.7046      -9.8060      -9.7916      -9.1527      -8.8955
                 -9.7911      -9.2091      -8.3257      -8.9874      -9.3273
   5     60      -9.6118      -9.1725      -8.8064      -9.2422      -8.0180
                 -9.5143      -9.8827      -9.7089      -8.5566      -9.5970
                 -9.3608      -8.5085      -8.1109      -8.9276     -10.1667
                 -9.7577      -9.8590      -9.8448      -9.2059      -8.9485
                 -9.8442      -9.2624      -8.3789      -9.0402      -9.3803
   5     80     -10.0888      -9.6489      -9.2831      -9.7210      -8.4941
                 -9.9919     -10.3610     -10.1857      -9.0351     -10.0745
                 -9.8400      -8.9880      -8.5916      -9.4039     -10.6436
                -10.2365     -10.3370     -10.3242      -9.6852      -9.4269
                -10.3231      -9.7420      -8.8576      -9.5162      -9.8589
   5    100     -11.3292     -10.8898     -10.5239     -10.9645      -9.7302
                -11.2347     -11.6048     -11.4262     -10.2762     -11.3173
                -11.0845     -10.2317      -9.8348     -10.6444     -11.8844
                -11.4817     -11.5809     -11.5707     -10.9293     -10.6713
                -11.5686     -10.9863     -10.1010     -10.7546     -11.1035
 
 
 cumulative average & 95% error for solvation free energy
              total             1st component         2nd component         3rd component
  1    -9.9755     0.0000     1.7146     0.0000    -2.0892     0.0000    -9.5600     0.0000
  2   -10.2381     0.5252     0.1839     3.0614    -1.0431     2.0921    -9.3380     0.4441
  3   -10.3081     0.3340     0.7427     2.0912    -1.8697     2.0474    -9.1402     0.4714
  4   -10.3869     0.2839     0.5315     1.5379    -1.7256     1.4762    -9.1519     0.3342
  5   -10.5580     0.4067     0.3071     1.2729    -1.9101     1.2015    -8.9141     0.5415
  6   -10.3791     0.4881     0.8217     1.4626    -2.1535     1.0952    -9.0064     0.4791
  7   -10.3339     0.4223     1.0462     1.3152    -2.2136     0.9334    -9.1257     0.4699
  8   -10.3600     0.3694     0.8883     1.1820    -2.0148     0.9008    -9.1925     0.4284
  9   -10.4718     0.3951     1.0157     1.0731    -2.3314     1.0158    -9.1152     0.4083
 10   -10.4791     0.3537     1.1136     0.9796    -2.3934     0.9170    -9.1584     0.3752
 11   -10.4401     0.3293     1.1239     0.8863    -2.3514     0.8337    -9.1717     0.3405
 12   -10.4077     0.3075     1.1401     0.8097    -2.3949     0.7660    -9.1120     0.3329
 13   -10.4480     0.2941     1.1558     0.7455    -2.5323     0.7563    -9.0307     0.3467
 14   -10.5154     0.3039     0.9838     0.7712    -2.4392     0.7245    -9.0191     0.3219
 15   -10.5403     0.2872     1.0156     0.7208    -2.4224     0.6753    -9.0925     0.3337
 16   -10.5388     0.2687     1.0495     0.6776    -2.4164     0.6318    -9.1311     0.3215
 17   -10.5250     0.2539     1.0579     0.6368    -2.3709     0.6004    -9.1712     0.3124
 18   -10.5096     0.2413     1.0122     0.6073    -2.2754     0.5975    -9.2055     0.3025
 19   -10.5026     0.2287     0.9495     0.5879    -2.2081     0.5809    -9.2031     0.2862
 20   -10.5420     0.2309     0.8745     0.5776    -2.1878     0.5526    -9.1878     0.2732
 21   -10.5250     0.2222     0.8658     0.5497    -2.1330     0.5369    -9.2169     0.2663
 22   -10.5128     0.2133     0.8771     0.5246    -2.1324     0.5119    -9.2166     0.2539
 23   -10.4967     0.2063     0.9462     0.5199    -2.2239     0.5223    -9.1781     0.2546
 24   -10.5173     0.2017     0.9547     0.4981    -2.2608     0.5055    -9.1703     0.2442
 25   -10.5233     0.1939     0.9105     0.4858    -2.2166     0.4929    -9.1763     0.2346
