Lmod has detected the following error: These module(s) exist but cannot be
loaded as requested: "hwloc/1.11.11"
   Try: "module spider hwloc/1.11.11" to see how to load the module(s).



Lmod has detected the following error: These module(s) exist but cannot be
loaded as requested: "hwloc/1.11.11"
   Try: "module spider hwloc/1.11.11" to see how to load the module(s).



 ERmod 0.3.7, Copyright (C) 2000-2019 Nobuyuki Matubayasi
                            2010-2019 Shun Sakuraba
 ERmod comes with ABSOLUTELY NO WARRANTY.
 This is free software, and you can redistribute it
 and/or modify it under certain conditions.
 See LICENSE file for details.
Opening: "/home/hervoe/snic2020-6-15/hervoe/temp/Simulations/KCl/2.00/trajectory_sol_full.xtc"...
  Trying plugin "Gromacs XTC Compressed Trajectory"...OK
 ERmod 0.3.7, Copyright (C) 2000-2019 Nobuyuki Matubayasi
                            2010-2019 Shun Sakuraba
 ERmod comes with ABSOLUTELY NO WARRANTY.
 This is free software, and you can redistribute it
 and/or modify it under certain conditions.
 See LICENSE file for details.
Opening: "/home/hervoe/snic2020-6-15/hervoe/temp/Simulations/KCl/2.00/trajectory_ref_full.xtc"...
  Trying plugin "Gromacs XTC Compressed Trajectory"...OK
Opening: "/home/hervoe/snic2020-6-15/hervoe/temp/Simulations/Solute_new/trajectory_solute.xtc"...
  Trying plugin "Gromacs XTC Compressed Trajectory"...OK
Opening: "/home/hervoe/snic2020-6-15/hervoe/temp/Simulations/Solute_new/trajectory_solute.xtc"...
  Trying plugin "Gromacs XTC Compressed Trajectory"...OK
Opening: "/home/hervoe/snic2020-6-15/hervoe/temp/Simulations/Solute_new/trajectory_solute.xtc"...
  Trying plugin "Gromacs XTC Compressed Trajectory"...OK
Opening: "/home/hervoe/snic2020-6-15/hervoe/temp/Simulations/Solute_new/trajectory_solute.xtc"...
  Trying plugin "Gromacs XTC Compressed Trajectory"...OK
Opening: "/home/hervoe/snic2020-6-15/hervoe/temp/Simulations/Solute_new/trajectory_solute.xtc"...
  Trying plugin "Gromacs XTC Compressed Trajectory"...OK
Opening: "/home/hervoe/snic2020-6-15/hervoe/temp/Simulations/Solute_new/trajectory_solute.xtc"...
  Trying plugin "Gromacs XTC Compressed Trajectory"...OK
Opening: "/home/hervoe/snic2020-6-15/hervoe/temp/Simulations/Solute_new/trajectory_solute.xtc"...
  Trying plugin "Gromacs XTC Compressed Trajectory"...OK
Opening: "/home/hervoe/snic2020-6-15/hervoe/temp/Simulations/Solute_new/trajectory_solute.xtc"...
  Trying plugin "Gromacs XTC Compressed Trajectory"...OK
Opening: "/home/hervoe/snic2020-6-15/hervoe/temp/Simulations/Solute_new/trajectory_solute.xtc"...
  Trying plugin "Gromacs XTC Compressed Trajectory"...OK
Opening: "/home/hervoe/snic2020-6-15/hervoe/temp/Simulations/Solute_new/trajectory_solute.xtc"...
  Trying plugin "Gromacs XTC Compressed Trajectory"...OK
 
  Number of the   1-th solvent  =           36
  Number of the   2-th solvent  =           36
  Number of the   3-th solvent  =         1000
 
  Be sure that the solvent distribution is homogeneous (radial distribution function is essentially unity) when the solvent molecule is separated beyond distance of   10.0 Angstrom in any direction from any atom within the solute molecule
 
  LJ long-range correction    =        -0.0657     -0.0286     -0.8469
 
  Self-energy of the solute   =        -0.0155  kcal/mol
 
 
 cumulative average & 95% error for solvation energy
              total             1st component         2nd component         3rd component
  1   -59.6539                0.4010               -7.8448              -52.1945
  2   -59.7354     0.1631     0.5979     0.3937    -7.2958     1.0980   -53.0219     1.6548
  3   -59.7822     0.1328     0.5250     0.2700    -7.2970     0.6339   -52.9948     0.9570
  4   -59.8469     0.1599     0.0926     0.8856    -6.7078     1.2607   -53.2162     0.8087
  5   -59.8668     0.1301    -0.0206     0.7224    -6.6961     0.9768   -53.1346     0.6474
  6   -59.8187     0.1433    -0.1500     0.6441    -6.5089     0.8810   -53.1442     0.5289
  7   -59.8099     0.1224    -0.2998     0.6214    -6.5745     0.7561   -52.9201     0.6331
  8   -59.8509     0.1340    -0.4009     0.5749    -6.6187     0.6607   -52.8157     0.5867
  9   -59.8378     0.1210    -0.4173     0.5080    -6.6734     0.5929   -52.7315     0.5441
 10   -59.8283     0.1099    -0.2287     0.5906    -6.6841     0.5307   -52.9000     0.5920
 11   -59.8263     0.0995    -0.1889     0.5401    -6.7521     0.4990   -52.8697     0.5389
 12   -59.7880     0.1188     0.0360     0.6674    -6.7225     0.4593   -53.0860     0.6550
 13   -59.7964     0.1106    -0.0507     0.6379    -6.5904     0.4983   -53.1398     0.6121
 14   -59.7756     0.1105     0.1290     0.6913    -6.5768     0.4621   -53.3123     0.6634
 15   -59.7640     0.1055     0.0804     0.6509    -6.6252     0.4410   -53.2037     0.6546
 16   -59.7571     0.0996     0.2228     0.6721    -6.5874     0.4194   -53.3770     0.7037
 17   -59.7545     0.0937     0.0660     0.7050    -6.3906     0.5569   -53.4144     0.6652
 18   -59.7461     0.0900     0.0539     0.6651    -6.2410     0.6043   -53.5435     0.6782
 19   -59.7390     0.0862     0.1057     0.6376    -6.3114     0.5887   -53.5178     0.6436
 20   -59.7293     0.0841     0.2381     0.6603    -6.6301     0.8473   -53.3219     0.7254
 21   -59.7316     0.0801     0.2162     0.6296    -6.5896     0.8101   -53.3427     0.6913
 22   -59.7231     0.0782     0.3022     0.6245    -6.7338     0.8245   -53.2761     0.6724
 23   -59.7183     0.0754     0.2808     0.5983    -6.6355     0.8119   -53.3481     0.6585
 24   -59.7228     0.0727     0.2089     0.5906    -6.5575     0.7929   -53.3588     0.6308
 25   -59.7233     0.0698     0.1995     0.5668    -6.5279     0.7628   -53.3795     0.6065
 
 
 group  inft  solvation free energy     error          difference
  total solvation free energy
   1      0        -15.55882           0.09376           0.00192
   1     60        -15.59566           0.09375          -0.03492
   1     80        -15.96480           0.09366          -0.40406
   1    100        -17.24626           0.09334          -1.68552
   2      0        -15.55006           0.09303           0.01068
   3      0        -15.56074           0.09143           0.00000
   4      0        -15.55356           0.09182           0.00719
   5      0        -15.54528           0.09224           0.01546
   5     60        -15.59637           0.09221          -0.03562
   5     80        -16.05812           0.09208          -0.49737
   5    100        -17.23717           0.09173          -1.67643
 
  contribution from  1-th solvent component
   1      0          1.86678           0.26688          -0.00949
   1     60          1.86531           0.26688          -0.01096
   1     80          1.85086           0.26695          -0.02541
   1    100          1.80118           0.26722          -0.07509
   2      0          1.87442           0.26588          -0.00185
   3      0          1.87627           0.26547           0.00000
   4      0          1.87912           0.26532           0.00285
   5      0          1.87940           0.26534           0.00313
   5     60          1.87731           0.26534           0.00104
   5     80          1.85907           0.26540          -0.01720
   5    100          1.81297           0.26560          -0.06330
 
  contribution from  2-th solvent component
   1      0         -4.21776           0.36661          -0.00634
   1     60         -4.21785           0.36660          -0.00643
   1     80         -4.22370           0.36663          -0.01228
   1    100         -4.25167           0.36683          -0.04025
   2      0         -4.21263           0.36531          -0.00121
   3      0         -4.21142           0.36555           0.00000
   4      0         -4.21198           0.36448          -0.00056
   5      0         -4.20942           0.36491           0.00200
   5     60         -4.20982           0.36490           0.00160
   5     80         -4.21767           0.36493          -0.00624
   5    100         -4.24417           0.36507          -0.03275
 
  contribution from  3-th solvent component
   1      0        -13.19234           0.29108           0.01775
   1     60        -13.22763           0.29112          -0.01753
   1     80        -13.57646           0.29147          -0.36637
   1    100        -14.78027           0.29260          -1.57018
   2      0        -13.19635           0.29043           0.01374
   3      0        -13.21009           0.29047           0.00000
   4      0        -13.20520           0.28857           0.00489
   5      0        -13.19976           0.28931           0.01033
   5     60        -13.24836           0.28937          -0.03827
   5     80        -13.68402           0.28980          -0.47393
   5    100        -14.79047           0.29084          -1.58038
 
 
 group  inft   Estimated free energy: total (kcal/mol)
   1      0     -15.5832     -15.6154     -15.3776     -15.8609     -15.7476
                -15.3102     -15.5711     -15.7771     -15.4562     -15.8121
                -15.5659     -15.6634     -15.8150     -15.4372     -15.3877
                -15.2081     -15.6729     -15.0259     -15.3475     -15.5737
                -15.5168     -15.9550     -15.4629     -15.9387     -15.2885
   1     60     -15.6201     -15.6524     -15.4147     -15.8975     -15.7844
                -15.3468     -15.6076     -15.8140     -15.4929     -15.8488
                -15.6028     -15.7003     -15.8516     -15.4742     -15.4243
                -15.2451     -15.7099     -15.0630     -15.3845     -15.6103
                -15.5534     -15.9918     -15.5000     -15.9758     -15.3253
   1     80     -15.9891     -16.0223     -15.7853     -16.2660     -16.1535
                -15.7150     -15.9757     -16.1835     -15.8607     -16.2177
                -15.9741     -16.0702     -16.2208     -15.8441     -15.7912
                -15.6150     -16.0801     -15.4332     -15.7541     -15.9774
                -15.9215     -16.3595     -15.8706     -16.3449     -15.6944
   1    100     -17.2685     -17.3054     -17.0702     -17.5471     -17.4358
                -16.9950     -17.2550     -17.4652     -17.1379     -17.4995
                -17.2631     -17.3538     -17.5040     -17.1273     -17.0648
                -16.8990     -17.3655     -16.7189     -17.0374     -17.2517
                -17.2015     -17.6349     -17.1563     -17.6233     -16.9755
   2      0     -15.5693     -15.6266     -15.3722     -15.8678     -15.7346
                -15.3022     -15.5597     -15.7625     -15.4293     -15.8029
                -15.5401     -15.6545     -15.8102     -15.4283     -15.3797
                -15.2104     -15.6635     -15.0306     -15.3390     -15.5582
                -15.5066     -15.9388     -15.4540     -15.9266     -15.2838
   3      0     -15.5794     -15.6305     -15.3866     -15.8798     -15.7410
                -15.3145     -15.5631     -15.7617     -15.4370     -15.8069
                -15.5502     -15.6601     -15.8143     -15.4410     -15.4056
                -15.2462     -15.6689     -15.0574     -15.3438     -15.5715
                -15.5090     -15.9507     -15.4565     -15.9457     -15.2970
   4      0     -15.5715     -15.6367     -15.3852     -15.8860     -15.7361
                -15.3166     -15.5593     -15.7673     -15.4286     -15.7920
                -15.5496     -15.6350     -15.8083     -15.4204     -15.4019
                -15.2285     -15.6699     -15.0355     -15.3368     -15.5728
                -15.5053     -15.9303     -15.4421     -15.9280     -15.2952
   5      0     -15.5595     -15.6195     -15.3666     -15.8720     -15.7280
                -15.2971     -15.5558     -15.7462     -15.4239     -15.7913
                -15.5315     -15.6371     -15.8000     -15.4228     -15.3810
                -15.2284     -15.6583     -15.0286     -15.3254     -15.5654
                -15.4997     -15.9351     -15.4399     -15.9281     -15.2905
   5     60     -15.6107     -15.6708     -15.4180     -15.9229     -15.7790
                -15.3480     -15.6066     -15.7973     -15.4748     -15.8423
                -15.5829     -15.6883     -15.8509     -15.4741     -15.4318
                -15.2797     -15.7095     -15.0801     -15.3765     -15.6163
                -15.5505     -15.9861     -15.4912     -15.9794     -15.3416
   5     80     -16.0721     -16.1337     -15.8815     -16.3840     -16.2407
                -15.8089     -16.0669     -16.2593     -15.9348     -16.3038
                -16.0471     -16.1508     -16.3129     -15.9369     -15.8907
                -15.7428     -16.1722     -15.5434     -15.8388     -16.0757
                -16.0113     -16.4460     -15.9543     -16.4408     -15.8036
   5    100     -17.2489     -17.3148     -17.0637     -17.5630     -17.4199
                -16.9871     -17.2438     -17.4379     -17.1092     -17.4830
                -17.2324     -17.3316     -17.4939     -17.1175     -17.0625
                -16.9253     -17.3539     -16.7268     -17.0187     -17.2491
                -17.1893     -17.6201     -17.1364     -17.6170     -16.9833
 
 group  inft   Estimated free energy: 1-th solvent contribution (kcal/mol)
   1      0       1.9027       2.1849       2.1451       1.2249       1.4827
                  1.5641       1.1573       1.0236       1.6142       2.2325
                  1.7347       2.8042       1.2138       2.8259       1.6295
                  3.2615       0.6762       2.0213       2.3329       3.0744
                  1.8236       2.2857       1.6285       0.9474       1.8780
   1     60       1.9012       2.1834       2.1437       1.2234       1.4813
                  1.5627       1.1559       1.0222       1.6127       2.2311
                  1.7332       2.8027       1.2123       2.8244       1.6280
                  3.2601       0.6747       2.0199       2.3314       3.0729
                  1.8222       2.2842       1.6270       0.9459       1.8765
   1     80       1.8867       2.1693       2.1295       1.2086       1.4667
                  1.5483       1.1413       1.0073       1.5983       2.2166
                  1.7185       2.7881       1.1975       2.8099       1.6137
                  3.2464       0.6602       2.0061       2.3170       3.0587
                  1.8078       2.2701       1.6121       0.9312       1.8619
   1    100       1.8370       2.1206       2.0807       1.1575       1.4166
                  1.4991       1.0913       0.9558       1.5489       2.1664
                  1.6680       2.7385       1.1463       2.7601       1.5641
                  3.1987       0.6102       1.9581       2.2678       3.0104
                  1.7584       2.2217       1.5609       0.8808       1.8117
   2      0       1.9173       2.1808       2.1473       1.2364       1.4983
                  1.5739       1.1680       1.0312       1.6232       2.2379
                  1.7456       2.8064       1.2255       2.8286       1.6365
                  3.2603       0.6846       2.0193       2.3403       3.0860
                  1.8367       2.2976       1.6382       0.9592       1.8817
   3      0       1.9196       2.1876       2.1468       1.2356       1.4966
                  1.5739       1.1711       1.0365       1.6271       2.2450
                  1.7522       2.8093       1.2286       2.8253       1.6329
                  3.2517       0.6911       2.0160       2.3432       3.0891
                  1.8404       2.3028       1.6456       0.9564       1.8821
   4      0       1.9252       2.1844       2.1445       1.2392       1.5049
                  1.5754       1.1726       1.0381       1.6319       2.2487
                  1.7495       2.8149       1.2332       2.8305       1.6366
                  3.2516       0.6897       2.0222       2.3504       3.0847
                  1.8407       2.3065       1.6503       0.9613       1.8910
   5      0       1.9263       2.1859       2.1464       1.2376       1.5036
                  1.5777       1.1703       1.0400       1.6293       2.2464
                  1.7579       2.8144       1.2350       2.8253       1.6400
                  3.2567       0.6934       2.0197       2.3499       3.0874
                  1.8416       2.3048       1.6495       0.9579       1.8878
   5     60       1.9242       2.1839       2.1443       1.2355       1.5015
                  1.5757       1.1682       1.0379       1.6272       2.2443
                  1.7558       2.8123       1.2329       2.8232       1.6380
                  3.2547       0.6914       2.0176       2.3478       3.0852
                  1.8396       2.3027       1.6474       0.9558       1.8857
   5     80       1.9059       2.1659       2.1262       1.2168       1.4832
                  1.5576       1.1499       1.0193       1.6090       2.2260
                  1.7373       2.7939       1.2144       2.8048       1.6197
                  3.2372       0.6732       2.0000       2.3297       3.0672
                  1.8215       2.2847       1.6289       0.9372       1.8673
   5    100       1.8598       2.1207       2.0806       1.1696       1.4370
                  1.5117       1.1036       0.9718       1.5631       2.1796
                  1.6907       2.7478       1.1674       2.7582       1.5734
                  3.1927       0.6270       1.9552       2.2840       3.0222
                  1.7757       2.2395       1.5821       0.8902       1.8208
 
 group  inft   Estimated free energy: 2-th solvent contribution (kcal/mol)
   1      0      -4.8845      -4.4059      -4.5592      -3.5693      -4.2895
                 -3.7300      -4.3154      -4.2227      -4.4972      -4.3331
                 -4.4410      -4.2748      -3.5963      -4.0274      -4.6157
                 -4.0241      -2.8164      -2.7014      -4.6289      -7.2461
                 -3.9440      -5.8516      -3.1373      -3.6160      -3.7162
   1     60      -4.8845      -4.4060      -4.5593      -3.5693      -4.2896
                 -3.7300      -4.3156      -4.2229      -4.4973      -4.3332
                 -4.4413      -4.2749      -3.5964      -4.0275      -4.6157
                 -4.0240      -2.8166      -2.7014      -4.6290      -7.2460
                 -3.9441      -5.8518      -3.1375      -3.6161      -3.7163
   1     80      -4.8904      -4.4120      -4.5654      -3.5739      -4.2957
                 -3.7357      -4.3218      -4.2292      -4.5033      -4.3390
                 -4.4479      -4.2808      -3.6021      -4.0331      -4.6215
                 -4.0291      -2.8227      -2.7066      -4.6350      -7.2515
                 -3.9498      -5.8582      -3.1438      -3.6217      -3.7222
   1    100      -4.9188      -4.4412      -4.5944      -3.5978      -4.3248
                 -3.7631      -4.3500      -4.2575      -4.5316      -4.3674
                 -4.4781      -4.3093      -3.6291      -4.0609      -4.6482
                 -4.0550      -2.8511      -2.7331      -4.6635      -7.2792
                 -3.9785      -5.8885      -3.1723      -3.6483      -3.7497
   2      0      -4.8815      -4.4071      -4.5463      -3.5839      -4.2848
                 -3.7219      -4.3114      -4.2103      -4.4796      -4.3245
                 -4.4225      -4.2698      -3.5958      -4.0216      -4.6106
                 -4.0243      -2.8141      -2.7056      -4.6271      -7.2330
                 -3.9349      -5.8443      -3.1380      -3.6140      -3.7088
   3      0      -4.8764      -4.4041      -4.5431      -3.5807      -4.2756
                 -3.7217      -4.3026      -4.2015      -4.4781      -4.3236
                 -4.4234      -4.2682      -3.5921      -4.0195      -4.6197
                 -4.0339      -2.8146      -2.7099      -4.6220      -7.2371
                 -3.9314      -5.8484      -3.1355      -3.6181      -3.7044
   4      0      -4.8811      -4.4092      -4.5431      -3.5926      -4.2778
                 -3.7258      -4.3056      -4.2055      -4.4752      -4.3246
                 -4.4175      -4.2659      -3.5905      -4.0156      -4.6175
                 -4.0291      -2.8208      -2.7080      -4.6247      -7.2232
                 -3.9333      -5.8477      -3.1394      -3.6117      -3.7141
   5      0      -4.8753      -4.4000      -4.5358      -3.5883      -4.2731
                 -3.7171      -4.3058      -4.1965      -4.4746      -4.3222
                 -4.4178      -4.2667      -3.5903      -4.0162      -4.6123
                 -4.0350      -2.8190      -2.7044      -4.6205      -7.2297
                 -3.9327      -5.8453      -3.1358      -3.6098      -3.7116
   5     60      -4.8757      -4.4003      -4.5362      -3.5885      -4.2735
                 -3.7175      -4.3063      -4.1970      -4.4750      -4.3226
                 -4.4184      -4.2671      -3.5907      -4.0166      -4.6127
                 -4.0352      -2.8194      -2.7048      -4.6209      -7.2299
                 -3.9330      -5.8458      -3.1363      -3.6102      -3.7121
   5     80      -4.8835      -4.4084      -4.5442      -3.5949      -4.2817
                 -3.7251      -4.3145      -4.2053      -4.4830      -4.3305
                 -4.4272      -4.2750      -3.5983      -4.0243      -4.6203
                 -4.0422      -2.8276      -2.7120      -4.6290      -7.2373
                 -3.9408      -5.8543      -3.1447      -3.6177      -3.7200
   5    100      -4.9102      -4.4359      -4.5714      -3.6181      -4.3088
                 -3.7508      -4.3412      -4.2319      -4.5098      -4.3572
                 -4.4555      -4.3020      -3.6242      -4.0501      -4.6458
                 -4.0672      -2.8548      -2.7375      -4.6559      -7.2638
                 -3.9674      -5.8832      -3.1721      -3.6432      -3.7462
 
 group  inft   Estimated free energy: 3-th solvent contribution (kcal/mol)
   1      0     -12.5859     -13.3789     -12.9480     -13.5010     -12.9254
                -13.1288     -12.3974     -12.5625     -12.5577     -13.6960
                -12.8440     -14.1772     -13.4169     -14.2201     -12.3860
                -14.4300     -13.5171     -14.3303     -13.0360     -11.3865
                -13.3809     -12.3737     -13.9386     -13.2546     -13.4347
   1     60     -12.6213     -13.4144     -12.9836     -13.5362     -12.9606
                -13.1640     -12.4324     -12.5977     -12.5928     -13.7312
                -12.8793     -14.2126     -13.4520     -14.2556     -12.4211
                -14.4657     -13.5525     -14.3659     -13.0714     -11.4217
                -13.4160     -12.4088     -13.9739     -13.2900     -13.4700
   1     80     -12.9699     -13.7641     -13.3339     -13.8852     -13.3090
                -13.5121     -12.7797     -12.9460     -12.9402     -14.0797
                -13.2292     -14.5620     -13.8007     -14.6053     -12.7679
                -14.8168     -13.9022     -14.7171     -13.4207     -11.7691
                -13.7640     -12.7558     -14.3233     -13.6388     -13.8186
   1    100     -14.1711     -14.9693     -14.5409     -15.0913     -14.5121
                -14.7154     -13.9809     -14.1480     -14.1397     -15.2830
                -14.4375     -15.7675     -15.0056     -15.8110     -13.9652
                -16.0271     -15.1090     -15.9284     -14.6262     -12.9674
                -14.9659     -13.9525     -15.5293     -14.8403     -15.0221
   2      0     -12.5895     -13.3848     -12.9577     -13.5048     -12.9326
                -13.1386     -12.4007     -12.5679     -12.5574     -13.7009
                -12.8477     -14.1756     -13.4245     -14.2198     -12.3901
                -14.4309     -13.5185     -14.3288     -13.0367     -11.3957
                -13.3929     -12.3766     -13.9388     -13.2563     -13.4411
   3      0     -12.6071     -13.3986     -12.9748     -13.5192     -12.9465
                -13.1512     -12.4161     -12.5812     -12.5706     -13.7128
                -12.8636     -14.1856     -13.4353     -14.2314     -12.4033
                -14.4486     -13.5299     -14.3480     -13.0495     -11.4081
                -13.4025     -12.3897     -13.9511     -13.2686     -13.4592
   4      0     -12.6001     -13.3965     -12.9712     -13.5171     -12.9478
                -13.1507     -12.4108     -12.5844     -12.5698     -13.7005
                -12.8662     -14.1685     -13.4355     -14.2198     -12.4056
                -14.4355     -13.5233     -14.3342     -13.0470     -11.4189
                -13.3972     -12.3735     -13.9375     -13.2621     -13.4566
   5      0     -12.5951     -13.3900     -12.9617     -13.5058     -12.9431
                -13.1423     -12.4048     -12.5742     -12.5632     -13.7001
                -12.8561     -14.1693     -13.4292     -14.2164     -12.3933
                -14.4346     -13.5173     -14.3284     -13.0393     -11.4076
                -13.3932     -12.3791     -13.9381     -13.2607     -13.4512
   5     60     -12.6437     -13.4388     -13.0106     -13.5544     -12.9915
                -13.1907     -12.4530     -12.6227     -12.6115     -13.7486
                -12.9048     -14.2181     -13.4776     -14.2652     -12.4416
                -14.4837     -13.5660     -14.3774     -13.0879     -11.4560
                -13.4416     -12.4275     -13.9868     -13.3095     -13.4997
   5     80     -13.0790     -13.8757     -13.4480     -13.9904     -13.4267
                -13.6259     -12.8868     -13.0577     -13.0453     -14.1838
                -13.3417     -14.6543     -13.9135     -14.7019     -12.8746
                -14.9223     -14.0023     -14.8159     -13.5240     -11.8901
                -13.8765     -12.8609     -14.4230     -13.7447     -13.9354
   5    100     -14.1830     -14.9841     -14.5574     -15.0990     -14.5325
                -14.7325     -13.9907     -14.1623     -14.1470     -15.2900
                -14.4521     -15.7619     -15.0216     -15.8101     -13.9745
                -16.0352     -15.1107     -15.9290     -14.6313     -12.9920
                -14.9821     -13.9610     -15.5308     -14.8485     -15.0424
 
 
 cumulative average & 95% error for solvation free energy
              total             1st component         2nd component         3rd component
  1   -15.5794     0.0000     1.9196     0.0000    -4.8764     0.0000   -12.6071     0.0000
  2   -15.6050     0.0511     2.0536     0.2680    -4.6402     0.4723   -13.0028     0.7914
  3   -15.5322     0.1486     2.0847     0.1667    -4.6079     0.2803   -12.9935     0.4573
  4   -15.6191     0.2031     1.8724     0.4406    -4.3511     0.5505   -13.1249     0.4167
  5   -15.6435     0.1647     1.7973     0.3729    -4.3360     0.4275   -13.0892     0.3306
  6   -15.5886     0.1735     1.7600     0.3135    -4.2336     0.4046   -13.0996     0.2707
  7   -15.5850     0.1468     1.6759     0.3139    -4.2435     0.3426   -13.0019     0.3008
  8   -15.6071     0.1346     1.5960     0.3153    -4.2382     0.2968   -12.9493     0.2809
  9   -15.5882     0.1246     1.5994     0.2782    -4.2649     0.2672   -12.9073     0.2617
 10   -15.6101     0.1197     1.6640     0.2803    -4.2707     0.2392   -12.9878     0.2841
 11   -15.6046     0.1088     1.6720     0.2541    -4.2846     0.2182   -12.9765     0.2580
 12   -15.6092     0.0998     1.7668     0.2995    -4.2832     0.1992   -13.0773     0.3100
 13   -15.6250     0.0971     1.7254     0.2877    -4.2301     0.2118   -13.1048     0.2904
 14   -15.6119     0.0936     1.8039     0.3092    -4.2150     0.1984   -13.1853     0.3133
 15   -15.5981     0.0914     1.7925     0.2888    -4.2420     0.1924   -13.1331     0.3098
 16   -15.5761     0.0961     1.8837     0.3260    -4.2290     0.1819   -13.2154     0.3332
 17   -15.5816     0.0910     1.8136     0.3368    -4.1458     0.2385   -13.2339     0.3151
 18   -15.5525     0.1037     1.8248     0.3183    -4.0660     0.2757   -13.2958     0.3219
 19   -15.5415     0.1005     1.8521     0.3060    -4.0953     0.2673   -13.2828     0.3056
 20   -15.5430     0.0954     1.9140     0.3156    -4.2524     0.4037   -13.1891     0.3452
 21   -15.5414     0.0908     1.9105     0.3002    -4.2371     0.3852   -13.1992     0.3290
 22   -15.5600     0.0942     1.9283     0.2885    -4.3103     0.3954   -13.1624     0.3222
 23   -15.5555     0.0905     1.9160     0.2768    -4.2593     0.3914   -13.1967     0.3154
 24   -15.5717     0.0925     1.8760     0.2768    -4.2325     0.3786   -13.1997     0.3021
 25   -15.5607     0.0914     1.8763     0.2655    -4.2114     0.3655   -13.2101     0.2905
