 ERmod 0.3.7, Copyright (C) 2000-2019 Nobuyuki Matubayasi
                            2010-2019 Shun Sakuraba
 ERmod comes with ABSOLUTELY NO WARRANTY.
 This is free software, and you can redistribute it
 and/or modify it under certain conditions.
 See LICENSE file for details.
Opening: "/home/hervoe/snic2020-6-15/hervoe/temp/Simulations/NaF/2.00/trajectory_sol_full.xtc"...
  Trying plugin "Gromacs XTC Compressed Trajectory"...OK
 ERmod 0.3.7, Copyright (C) 2000-2019 Nobuyuki Matubayasi
                            2010-2019 Shun Sakuraba
 ERmod comes with ABSOLUTELY NO WARRANTY.
 This is free software, and you can redistribute it
 and/or modify it under certain conditions.
 See LICENSE file for details.
Opening: "/home/hervoe/snic2020-6-15/hervoe/temp/Simulations/NaF/2.00/trajectory_ref_full.xtc"...
  Trying plugin "Gromacs XTC Compressed Trajectory"...OK
Opening: "/home/hervoe/snic2020-6-15/hervoe/temp/Simulations/Solute_new/trajectory_solute.xtc"...
  Trying plugin "Gromacs XTC Compressed Trajectory"...OK
Opening: "/home/hervoe/snic2020-6-15/hervoe/temp/Simulations/Solute_new/trajectory_solute.xtc"...
  Trying plugin "Gromacs XTC Compressed Trajectory"...OK
Opening: "/home/hervoe/snic2020-6-15/hervoe/temp/Simulations/Solute_new/trajectory_solute.xtc"...
  Trying plugin "Gromacs XTC Compressed Trajectory"...OK
Opening: "/home/hervoe/snic2020-6-15/hervoe/temp/Simulations/Solute_new/trajectory_solute.xtc"...
  Trying plugin "Gromacs XTC Compressed Trajectory"...OK
Opening: "/home/hervoe/snic2020-6-15/hervoe/temp/Simulations/Solute_new/trajectory_solute.xtc"...
  Trying plugin "Gromacs XTC Compressed Trajectory"...OK
Opening: "/home/hervoe/snic2020-6-15/hervoe/temp/Simulations/Solute_new/trajectory_solute.xtc"...
  Trying plugin "Gromacs XTC Compressed Trajectory"...OK
Opening: "/home/hervoe/snic2020-6-15/hervoe/temp/Simulations/Solute_new/trajectory_solute.xtc"...
  Trying plugin "Gromacs XTC Compressed Trajectory"...OK
Opening: "/home/hervoe/snic2020-6-15/hervoe/temp/Simulations/Solute_new/trajectory_solute.xtc"...
  Trying plugin "Gromacs XTC Compressed Trajectory"...OK
Opening: "/home/hervoe/snic2020-6-15/hervoe/temp/Simulations/Solute_new/trajectory_solute.xtc"...
  Trying plugin "Gromacs XTC Compressed Trajectory"...OK
Opening: "/home/hervoe/snic2020-6-15/hervoe/temp/Simulations/Solute_new/trajectory_solute.xtc"...
  Trying plugin "Gromacs XTC Compressed Trajectory"...OK
 
  Number of the   1-th solvent  =           36
  Number of the   2-th solvent  =           36
  Number of the   3-th solvent  =         1000
 
  Be sure that the solvent distribution is homogeneous (radial distribution function is essentially unity) when the solvent molecule is separated beyond distance of   10.0 Angstrom in any direction from any atom within the solute molecule
 
  LJ long-range correction    =        -0.0337     -0.0145     -0.9215
 
  Self-energy of the solute   =        -0.0169  kcal/mol
 
 
 cumulative average & 95% error for solvation energy
              total             1st component         2nd component         3rd component
  1   -60.3281                3.0801               -6.0731              -57.3182
  2   -60.2358     0.1846     3.7531     1.3461    -7.4553     2.7643   -56.5168     1.6028
  3   -60.3458     0.2444     3.3171     1.1681    -7.6934     1.6655   -55.9526     1.4593
  4   -60.3254     0.1776     2.9141     1.1541    -6.5755     2.5271   -56.6471     1.7305
  5   -60.3196     0.1380     2.6351     1.0538    -6.3348     2.0158   -56.6031     1.3433
  6   -60.3567     0.1349     2.4519     0.9352    -6.2901     1.6483   -56.5017     1.1154
  7   -60.3497     0.1149     2.8196     1.0796    -7.0296     2.0319   -56.1227     1.2095
  8   -60.3672     0.1056     2.7532     0.9443    -7.1495     1.7759   -55.9540     1.1005
  9   -60.3247     0.1262     2.6955     0.8408    -7.0628     1.5758   -55.9404     0.9709
 10   -60.3401     0.1170     2.6815     0.7525    -6.8103     1.4972   -56.1944     1.0061
 11   -60.3603     0.1133     2.8048     0.7239    -7.0914     1.4663   -56.0568     0.9508
 12   -60.3804     0.1109     2.8191     0.6615    -7.1358     1.3415   -56.0467     0.8682
 13   -60.3779     0.1022     2.7438     0.6268    -6.9856     1.2700   -56.1192     0.8117
 14   -60.3929     0.0993     2.9404     0.7010    -6.9544     1.1775   -56.3621     0.8948
 15   -60.4095     0.0982     2.7991     0.7112    -6.7443     1.1740   -56.4474     0.8503
 16   -60.4203     0.0943     2.7645     0.6689    -7.0539     1.2607   -56.1140     1.0379
 17   -60.4194     0.0886     2.8093     0.6347    -7.1425     1.1974   -56.0693     0.9790
 18   -60.4355     0.0895     2.8051     0.5984    -7.1500     1.1290   -56.0737     0.9230
 19   -60.4200     0.0902     2.8249     0.5674    -7.0945     1.0737   -56.1335     0.8813
 20   -60.4309     0.0883     2.8661     0.5446    -7.3235     1.1169   -55.9565     0.9079
 21   -60.4259     0.0846     2.8793     0.5187    -7.2079     1.0872   -56.0804     0.8984
 22   -60.4173     0.0824     2.8412     0.5004    -7.1831     1.0378   -56.0586     0.8577
 23   -60.4210     0.0791     2.8092     0.4824    -7.1192     0.9999   -56.0941     0.8226
 24   -60.4339     0.0800     2.7898     0.4635    -7.1783     0.9646   -56.0285     0.7985
 25   -60.4365     0.0769     2.6760     0.4994    -7.1865     0.9254   -55.9092     0.8021
 
 
 group  inft  solvation free energy     error          difference
  total solvation free energy
   1      0        -14.73218           0.13997           0.02745
   1     60        -14.76919           0.14000          -0.00956
   1     80        -15.14034           0.14036          -0.38071
   1    100        -16.45015           0.14165          -1.69052
   2      0        -14.73600           0.13936           0.02362
   3      0        -14.75963           0.13934           0.00000
   4      0        -14.75472           0.13920           0.00491
   5      0        -14.75050           0.14014           0.00913
   5     60        -14.80173           0.14016          -0.04210
   5     80        -15.26751           0.14061          -0.50788
   5    100        -16.47404           0.14176          -1.71441
 
  contribution from  1-th solvent component
   1      0          2.98357           0.26257           0.00337
   1     60          2.98464           0.26256           0.00443
   1     80          2.98898           0.26281           0.00877
   1    100          2.98472           0.26424           0.00451
   2      0          2.98913           0.26221           0.00892
   3      0          2.98021           0.26276           0.00000
   4      0          2.98129           0.26363           0.00108
   5      0          2.98049           0.26358           0.00029
   5     60          2.98178           0.26356           0.00157
   5     80          2.98544           0.26398           0.00523
   5    100          2.97960           0.26538          -0.00061
 
  contribution from  2-th solvent component
   1      0         -4.85232           0.49183           0.01025
   1     60         -4.85112           0.49187           0.01145
   1     80         -4.84823           0.49206           0.01434
   1    100         -4.84930           0.49273           0.01327
   2      0         -4.85954           0.49000           0.00303
   3      0         -4.86257           0.48906           0.00000
   4      0         -4.86566           0.48820          -0.00309
   5      0         -4.86359           0.48865          -0.00102
   5     60         -4.86180           0.48868           0.00077
   5     80         -4.85959           0.48890           0.00298
   5    100         -4.86288           0.48945          -0.00031
 
  contribution from  3-th solvent component
   1      0        -12.84654           0.45336           0.01384
   1     60        -12.88583           0.45329          -0.02545
   1     80        -13.26421           0.45329          -0.40382
   1    100        -14.56868           0.45485          -1.70829
   2      0        -12.84871           0.45374           0.01167
   3      0        -12.86038           0.45396           0.00000
   4      0        -12.85346           0.45339           0.00692
   5      0        -12.85051           0.45387           0.00987
   5     60        -12.90482           0.45380          -0.04444
   5     80        -13.37648           0.45389          -0.51609
   5    100        -14.57387           0.45550          -1.71349
 
 
 group  inft   Estimated free energy: total (kcal/mol)
   1      0     -14.8064     -14.2567     -15.0529     -14.2902     -14.5502
                -14.8830     -14.4918     -14.6613     -14.2811     -14.9317
                -14.7256     -15.2928     -14.2359     -15.1457     -15.1661
                -14.9634     -14.4229     -15.1972     -14.3858     -15.1433
                -14.4068     -14.3018     -14.7468     -15.1499     -14.8152
   1     60     -14.8433     -14.2943     -15.0896     -14.3269     -14.5866
                -14.9200     -14.5295     -14.6990     -14.3175     -14.9683
                -14.7630     -15.3300     -14.2725     -15.1819     -15.2026
                -15.0009     -14.4601     -15.2344     -14.4223     -15.1809
                -14.4431     -14.3389     -14.7837     -15.1871     -14.8532
   1     80     -15.2130     -14.6663     -15.4612     -14.6955     -14.9561
                -15.2929     -14.9019     -15.0711     -14.6847     -15.3394
                -15.1384     -15.7048     -14.6412     -15.5494     -15.5729
                -15.3739     -14.8312     -15.6065     -14.7895     -15.5518
                -14.8116     -14.7107     -15.1568     -15.5594     -15.2281
   1    100     -16.5195     -15.9738     -16.7729     -16.0058     -16.2638
                -16.6091     -16.2084     -16.3782     -15.9828     -16.6541
                -16.4547     -17.0293     -15.9459     -16.8559     -16.8876
                -16.6814     -16.1346     -16.9217     -16.0880     -16.8528
                -16.1215     -16.0206     -16.4786     -16.8708     -16.5417
   2      0     -14.7785     -14.2409     -15.0532     -14.2531     -14.6010
                -14.8946     -14.4888     -14.6425     -14.2729     -14.9209
                -14.7822     -15.2701     -14.2403     -15.1786     -15.1631
                -14.9580     -14.4657     -15.2183     -14.4320     -15.1165
                -14.4257     -14.3004     -14.7215     -15.1504     -14.8309
   3      0     -14.7966     -14.2662     -15.0774     -14.3153     -14.6279
                -14.9158     -14.5001     -14.6706     -14.3162     -14.9519
                -14.7781     -15.3027     -14.2547     -15.1993     -15.1990
                -14.9801     -14.4725     -15.2408     -14.4515     -15.1482
                -14.4474     -14.3141     -14.7411     -15.1697     -14.8535
   4      0     -14.7724     -14.2372     -15.0826     -14.2977     -14.6395
                -14.9259     -14.4786     -14.6652     -14.3199     -14.9438
                -14.7623     -15.2865     -14.2665     -15.1977     -15.1810
                -14.9709     -14.4910     -15.2475     -14.4401     -15.1328
                -14.4466     -14.3202     -14.7311     -15.1730     -14.8582
   5      0     -14.7888     -14.2403     -15.0760     -14.2907     -14.6268
                -14.9191     -14.4823     -14.6503     -14.3088     -14.9451
                -14.7653     -15.2833     -14.2494     -15.2011     -15.1777
                -14.9833     -14.4751     -15.2394     -14.4358     -15.1258
                -14.4432     -14.3071     -14.7236     -15.1692     -14.8550
   5     60     -14.8398     -14.2921     -15.1270     -14.3415     -14.6773
                -14.9702     -14.5343     -14.7022     -14.3592     -14.9963
                -14.8170     -15.3348     -14.3001     -15.2514     -15.2285
                -15.0352     -14.5271     -15.2906     -14.4863     -15.1774
                -14.4936     -14.3585     -14.7747     -15.2207     -14.9072
   5     80     -15.3042     -14.7580     -15.5938     -14.8055     -15.1419
                -15.4377     -15.0007     -15.1688     -14.8201     -15.4629
                -15.2875     -15.8054     -14.7626     -15.7133     -15.6942
                -15.5034     -14.9925     -15.7572     -14.9473     -15.6419
                -14.9562     -14.8251     -15.2432     -15.6876     -15.3770
   5    100     -16.5071     -15.9604     -16.8025     -16.0137     -16.3493
                -16.6501     -16.2029     -16.3731     -16.0165     -16.6738
                -16.5003     -17.0244     -15.9642     -16.9187     -16.9060
                -16.7079     -16.1930     -16.9684     -16.1435     -16.8389
                -16.1629     -16.0322     -16.4602     -16.8950     -16.5860
 
 group  inft   Estimated free energy: 1-th solvent contribution (kcal/mol)
   1      0       3.1766       4.0269       2.5690       2.7708       2.5828
                  2.4699       4.0221       3.0401       3.2736       2.7898
                  3.5958       2.6024       3.0115       4.1982       1.8437
                  2.2604       3.6985       2.8149       3.8248       3.2365
                  3.3085       2.6915       2.4676       2.6132       1.7002
   1     60       3.1780       4.0278       2.5702       2.7720       2.5842
                  2.4709       4.0227       3.0410       3.2746       2.7910
                  3.5964       2.6034       3.0129       4.1993       1.8450
                  2.2613       3.6995       2.8159       3.8261       3.2374
                  3.3097       2.6926       2.4687       2.6141       1.7011
   1     80       3.1846       4.0331       2.5741       2.7767       2.5897
                  2.4741       4.0260       3.0449       3.2808       2.7958
                  3.5970       2.6059       3.0198       4.2044       1.8493
                  2.2637       3.7054       2.8203       3.8334       3.2422
                  3.3143       2.6977       2.4714       2.6170       1.7029
   1    100       3.1840       4.0352       2.5668       2.7711       2.5885
                  2.4651       4.0227       3.0415       3.2836       2.7905
                  3.5843       2.5953       3.0232       4.2026       1.8384
                  2.2519       3.7093       2.8169       3.8399       3.2411
                  3.3106       2.6955       2.4585       2.6088       1.6924
   2      0       3.1927       4.0316       2.5708       2.8239       2.5752
                  2.4680       4.0143       3.0616       3.3072       2.8201
                  3.5615       2.5926       3.0177       4.1897       1.8495
                  2.2628       3.7136       2.7959       3.8249       3.2529
                  3.3131       2.6989       2.4886       2.6112       1.6900
   3      0       3.1958       4.0236       2.5523       2.7938       2.5554
                  2.4609       4.0108       3.0511       3.2828       2.8055
                  3.5653       2.5810       3.0126       4.1885       1.8418
                  2.2510       3.7051       2.7993       3.8138       3.2398
                  3.3037       2.6937       2.4828       2.6117       1.6829
   4      0       3.2027       4.0337       2.5460       2.7933       2.5493
                  2.4544       4.0173       3.0505       3.2885       2.8152
                  3.5664       2.5790       3.0136       4.1913       1.8448
                  2.2562       3.6922       2.7993       3.8306       3.2438
                  3.2969       2.6979       2.4885       2.6025       1.6784
   5      0       3.1988       4.0289       2.5444       2.7984       2.5500
                  2.4566       4.0165       3.0522       3.2903       2.8081
                  3.5570       2.5832       3.0220       4.1876       1.8434
                  2.2455       3.6946       2.8003       3.8309       3.2447
                  3.2973       2.6943       2.4863       2.6050       1.6760
   5     60       3.2004       4.0300       2.5458       2.7996       2.5517
                  2.4579       4.0174       3.0532       3.2917       2.8094
                  3.5579       2.5844       3.0237       4.1890       1.8451
                  2.2467       3.6959       2.8017       3.8324       3.2459
                  3.2987       2.6956       2.4876       2.6061       1.6770
   5     80       3.2066       4.0353       2.5483       2.8028       2.5564
                  2.4605       4.0203       3.0564       3.2978       2.8129
                  3.5571       2.5855       3.0307       4.1938       1.8483
                  2.2473       3.7019       2.8059       3.8398       3.2504
                  3.3030       2.7003       2.4889       2.6081       1.6775
   5    100       3.2047       4.0360       2.5392       2.7960       2.5525
                  2.4503       4.0157       3.0517       3.2986       2.8066
                  3.5425       2.5734       3.0321       4.1903       1.8364
                  2.2337       3.7038       2.8008       3.8441       3.2479
                  3.2977       2.6965       2.4754       2.5988       1.6656
 
 group  inft   Estimated free energy: 2-th solvent contribution (kcal/mol)
   1      0      -4.5015      -5.5584      -5.3247      -2.5633      -3.9018
                 -4.4435      -6.8682      -5.4451      -4.6202      -3.4878
                 -6.2344      -5.0248      -3.6998      -4.4708      -3.2333
                 -7.0923      -5.6257      -4.9152      -4.5852      -7.3913
                 -3.2932      -4.3447      -3.7870      -5.6647      -5.2314
   1     60      -4.5002      -5.5574      -5.3233      -2.5623      -3.9005
                 -4.4422      -6.8673      -5.4444      -4.6188      -3.4865
                 -6.2330      -5.0236      -3.6983      -4.4694      -3.2320
                 -7.0912      -5.6244      -4.9143      -4.5836      -7.3902
                 -3.2918      -4.3435      -3.7858      -5.6635      -5.2306
   1     80      -4.4971      -5.5550      -5.3204      -2.5582      -3.8979
                 -4.4393      -6.8658      -5.4421      -4.6151      -3.4836
                 -6.2305      -5.0217      -3.6945      -4.4650      -3.2288
                 -7.0896      -5.6217      -4.9118      -4.5789      -7.3870
                 -3.2872      -4.3420      -3.7831      -5.6607      -5.2287
   1    100      -4.4977      -5.5578      -5.3221      -2.5545      -3.9000
                 -4.4400      -6.8718      -5.4437      -4.6136      -3.4842
                 -6.2332      -5.0270      -3.6922      -4.4625      -3.2286
                 -7.0940      -5.6239      -4.9144      -4.5751      -7.3875
                 -3.2829      -4.3477      -3.7841      -5.6630      -5.2311
   2      0      -4.4880      -5.5504      -5.3220      -2.5732      -3.9343
                 -4.4500      -6.8590      -5.4406      -4.6391      -3.5054
                 -6.2549      -4.9863      -3.7102      -4.4906      -3.2338
                 -7.0904      -5.6830      -4.9152      -4.6299      -7.3813
                 -3.3170      -4.3489      -3.7851      -5.6637      -5.2363
   3      0      -4.4969      -5.5561      -5.3178      -2.5924      -3.9312
                 -4.4518      -6.8559      -5.4434      -4.6443      -3.5106
                 -6.2484      -4.9944      -3.7124      -4.4971      -3.2437
                 -7.0891      -5.6696      -4.9303      -4.6278      -7.3902
                 -3.3166      -4.3471      -3.7870      -5.6701      -5.2403
   4      0      -4.4988      -5.5449      -5.3159      -2.5865      -3.9371
                 -4.4611      -6.8550      -5.4445      -4.6568      -3.5247
                 -6.2395      -4.9883      -3.7253      -4.5097      -3.2391
                 -7.0922      -5.6843      -4.9374      -4.6375      -7.3814
                 -3.3157      -4.3615      -3.7901      -5.6752      -5.2390
   5      0      -4.5044      -5.5434      -5.3174      -2.5855      -3.9307
                 -4.4602      -6.8566      -5.4399      -4.6538      -3.5218
                 -6.2351      -4.9891      -3.7190      -4.5068      -3.2319
                 -7.0916      -5.6753      -4.9371      -4.6328      -7.3824
                 -3.3168      -4.3515      -3.7848      -5.6779      -5.2440
   5     60      -4.5025      -5.5417      -5.3155      -2.5837      -3.9288
                 -4.4584      -6.8551      -5.4383      -4.6517      -3.5200
                 -6.2332      -4.9875      -3.7170      -4.5047      -3.2302
                 -7.0901      -5.6738      -4.9355      -4.6305      -7.3804
                 -3.3148      -4.3499      -3.7831      -5.6761      -5.2426
   5     80      -4.5000      -5.5400      -5.3134      -2.5798      -3.9269
                 -4.4561      -6.8546      -5.4365      -4.6486      -3.5179
                 -6.2314      -4.9866      -3.7136      -4.5009      -3.2279
                 -7.0894      -5.6722      -4.9338      -4.6262      -7.3776
                 -3.3104      -4.3495      -3.7812      -5.6741      -5.2411
   5    100      -4.5024      -5.5449      -5.3174      -2.5791      -3.9318
                 -4.4589      -6.8619      -5.4403      -4.6498      -3.5209
                 -6.2363      -4.9926      -3.7142      -4.5013      -3.2298
                 -7.0951      -5.6768      -4.9386      -4.6259      -7.3803
                 -3.3086      -4.3571      -3.7843      -5.6784      -5.2454
 
 group  inft   Estimated free energy: 3-th solvent contribution (kcal/mol)
   1      0     -13.4646     -12.7083     -12.2803     -14.4809     -13.2144
                -12.8925     -11.6289     -12.2394     -12.9176     -14.2168
                -12.0701     -12.8536     -13.5308     -14.8562     -13.7596
                -10.1146     -12.4788     -13.0799     -13.6086     -10.9716
                -14.4052     -12.6318     -13.4106     -12.0815     -11.2672
   1     60     -13.5041     -12.7478     -12.3196     -14.5198     -13.2534
                -12.9318     -11.6681     -12.2788     -12.9565     -14.2560
                -12.1095     -12.8929     -13.5701     -14.8950     -13.7987
                -10.1541     -12.5183     -13.1191     -13.6479     -11.0112
                -14.4441     -12.6711     -13.4498     -12.1208     -11.3068
   1     80     -13.8836     -13.1276     -12.6980     -14.8971     -13.6310
                -13.3108     -12.0452     -12.6571     -13.3334     -14.6347
                -12.4881     -13.2721     -13.9497     -15.2719     -14.1765
                -10.5311     -12.8980     -13.4982     -14.0271     -11.3901
                -14.8219     -13.0494     -13.8282     -12.4988     -11.6855
   1    100     -15.1889     -14.4344     -14.0007     -16.2055     -14.9354
                -14.6174     -13.3425     -13.9591     -14.6360     -15.9436
                -13.7889     -14.5807     -15.2600     -16.5792     -15.4805
                -11.8225     -14.2031     -14.8073     -15.3359     -12.6895
                -16.1324     -14.3516     -15.1361     -13.7998     -12.9860
   2      0     -13.4662     -12.7052     -12.2851     -14.4869     -13.2250
                -12.8957     -11.6272     -12.2466     -12.9242     -14.2187
                -12.0719     -12.8596     -13.5309     -14.8608     -13.7619
                -10.1135     -12.4795     -13.0821     -13.6101     -10.9712
                -14.4049     -12.6336     -13.4081     -12.0811     -11.2678
   3      0     -13.4786     -12.7168     -12.2949     -14.4998     -13.2353
                -12.9080     -11.6381     -12.2614     -12.9379     -14.2300
                -12.0781     -12.8724     -13.5380     -14.8738     -13.7802
                -10.1252     -12.4912     -13.0930     -13.6206     -10.9809
                -14.4177     -12.6438     -13.4200     -12.0945     -11.2793
   4      0     -13.4593     -12.7091     -12.2958     -14.4876     -13.2348
                -12.9023     -11.6240     -12.2544     -12.9347     -14.2175
                -12.0723     -12.8602     -13.5379     -14.8624     -13.7697
                -10.1180     -12.4820     -13.0924     -13.6163     -10.9783
                -14.4109     -12.6398     -13.4126     -12.0834     -11.2807
   5      0     -13.4663     -12.7090     -12.2861     -14.4867     -13.2293
                -12.8985     -11.6254     -12.2457     -12.9284     -14.2145
                -12.0703     -12.8605     -13.5355     -14.8650     -13.7723
                -10.1203     -12.4775     -13.0857     -13.6170     -10.9712
                -14.4068     -12.6329     -13.4081     -12.0795     -11.2702
   5     60     -13.5209     -12.7635     -12.3404     -14.5405     -13.2834
                -12.9529     -11.6796     -12.3001     -12.9823     -14.2687
                -12.1249     -12.9149     -13.5899     -14.9188     -13.8265
                -10.1748     -12.5322     -13.1400     -13.6713     -11.0259
                -14.4607     -12.6873     -13.4623     -12.1338     -11.3248
   5     80     -13.9939     -13.2364     -12.8119     -15.0115     -13.7545
                -13.4252     -12.1495     -12.7719     -13.4524     -14.7410
                -12.5964     -13.3875     -14.0629     -15.3893     -14.2977
                -10.6444     -13.0053     -13.6124     -14.1439     -11.4978
                -14.9319     -13.1590     -13.9340     -12.6048     -11.7964
   5    100     -15.1925     -14.4346     -14.0073     -16.2137     -14.9530
                -14.6247     -13.3398     -13.9677     -14.6485     -15.9426
                -13.7897     -14.5883     -15.2652     -16.5908     -15.4957
                -11.8296     -14.2032     -14.8137     -15.3448     -12.6896
                -16.1351     -14.3547     -15.1343     -13.7985     -12.9892
 
 
 cumulative average & 95% error for solvation free energy
              total             1st component         2nd component         3rd component
  1   -14.7966     0.0000     3.1958     0.0000    -4.4969     0.0000   -13.4786     0.0000
  2   -14.5314     0.5304     3.6097     0.8277    -5.0265     1.0591   -13.0977     0.7617
  3   -14.7134     0.4757     3.2572     0.8517    -5.1236     0.6416   -12.8301     0.6927
  4   -14.6139     0.3908     3.1414     0.6453    -4.4908     1.3444   -13.2475     0.9679
  5   -14.6167     0.3028     3.0242     0.5520    -4.3789     1.0652   -13.2451     0.7498
  6   -14.6665     0.2666     2.9303     0.4883    -4.3910     0.8701   -13.1889     0.6224
  7   -14.6427     0.2303     3.0847     0.5154    -4.7432     1.0182   -12.9674     0.6878
  8   -14.6462     0.1995     3.0805     0.4464    -4.8307     0.8990   -12.8791     0.6212
  9   -14.6096     0.1906     3.1029     0.3963    -4.8100     0.7939   -12.8856     0.5480
 10   -14.6438     0.1837     3.0732     0.3594    -4.6800     0.7562   -13.0201     0.5591
 11   -14.6560     0.1680     3.1179     0.3372    -4.8226     0.7410   -12.9344     0.5339
 12   -14.7099     0.1874     3.0732     0.3205    -4.8369     0.6771   -12.9293     0.4875
 13   -14.6749     0.1861     3.0685     0.2950    -4.7504     0.6464   -12.9761     0.4581
 14   -14.7123     0.1879     3.1485     0.3165    -4.7323     0.5995   -13.1117     0.5034
 15   -14.7448     0.1865     3.0614     0.3423    -4.6331     0.5924   -13.1562     0.4770
 16   -14.7595     0.1770     3.0108     0.3359    -4.7866     0.6335   -12.9668     0.5854
 17   -14.7426     0.1696     3.0516     0.3259    -4.8385     0.6040   -12.9388     0.5527
 18   -14.7703     0.1692     3.0376     0.3085    -4.8436     0.5696   -12.9474     0.5214
 19   -14.7535     0.1636     3.0784     0.3031    -4.8323     0.5393   -12.9828     0.4982
 20   -14.7732     0.1601     3.0865     0.2880    -4.9602     0.5720   -12.8827     0.5133
 21   -14.7577     0.1554     3.0969     0.2747    -4.8819     0.5661   -12.9558     0.5097
 22   -14.7376     0.1536     3.0785     0.2644    -4.8576     0.5420   -12.9416     0.4868
 23   -14.7377     0.1467     3.0526     0.2579    -4.8110     0.5262   -12.9624     0.4670
 24   -14.7557     0.1450     3.0343     0.2497    -4.8468     0.5088   -12.9263     0.4529
 25   -14.7596     0.1393     2.9802     0.2628    -4.8626     0.4891   -12.8604     0.4540
