 ERmod 0.3.7, Copyright (C) 2000-2019 Nobuyuki Matubayasi
                            2010-2019 Shun Sakuraba
 ERmod comes with ABSOLUTELY NO WARRANTY.
 This is free software, and you can redistribute it
 and/or modify it under certain conditions.
 See LICENSE file for details.
Opening: "/home/hervoe/snic2020-6-15/hervoe/Caffeine_solubility/Simulations/opls_simulations/KCl/1.00/trajectory_ref_full.xtc"...
  Trying plugin "Gromacs XTC Compressed Trajectory"...OK
Opening: "/home/hervoe/snic2020-6-15/hervoe/Caffeine_solubility/Simulations/opls_simulations/Solute/trajectory_solute.xtc"...
  Trying plugin "Gromacs XTC Compressed Trajectory"...OK
Opening: "/home/hervoe/snic2020-6-15/hervoe/Caffeine_solubility/Simulations/opls_simulations/Solute/trajectory_solute.xtc"...
  Trying plugin "Gromacs XTC Compressed Trajectory"...OK
Opening: "/home/hervoe/snic2020-6-15/hervoe/Caffeine_solubility/Simulations/opls_simulations/Solute/trajectory_solute.xtc"...
  Trying plugin "Gromacs XTC Compressed Trajectory"...OK
Opening: "/home/hervoe/snic2020-6-15/hervoe/Caffeine_solubility/Simulations/opls_simulations/Solute/trajectory_solute.xtc"...
  Trying plugin "Gromacs XTC Compressed Trajectory"...OK
Opening: "/home/hervoe/snic2020-6-15/hervoe/Caffeine_solubility/Simulations/opls_simulations/Solute/trajectory_solute.xtc"...
  Trying plugin "Gromacs XTC Compressed Trajectory"...OK
Opening: "/home/hervoe/snic2020-6-15/hervoe/Caffeine_solubility/Simulations/opls_simulations/Solute/trajectory_solute.xtc"...
  Trying plugin "Gromacs XTC Compressed Trajectory"...OK
Opening: "/home/hervoe/snic2020-6-15/hervoe/Caffeine_solubility/Simulations/opls_simulations/Solute/trajectory_solute.xtc"...
  Trying plugin "Gromacs XTC Compressed Trajectory"...OK
Opening: "/home/hervoe/snic2020-6-15/hervoe/Caffeine_solubility/Simulations/opls_simulations/Solute/trajectory_solute.xtc"...
  Trying plugin "Gromacs XTC Compressed Trajectory"...OK
Opening: "/home/hervoe/snic2020-6-15/hervoe/Caffeine_solubility/Simulations/opls_simulations/Solute/trajectory_solute.xtc"...
  Trying plugin "Gromacs XTC Compressed Trajectory"...OK
Opening: "/home/hervoe/snic2020-6-15/hervoe/Caffeine_solubility/Simulations/opls_simulations/Solute/trajectory_solute.xtc"...
  Trying plugin "Gromacs XTC Compressed Trajectory"...OK
 
  Number of the   1-th solvent  =           18
  Number of the   2-th solvent  =           18
  Number of the   3-th solvent  =         1000
 
  Be sure that the solvent distribution is homogeneous (radial distribution function is essentially unity) when the solvent molecule is separated beyond distance of   10.0 Angstrom in any direction from any atom within the solute molecule
 
  LJ long-range correction    =        -0.0429     -0.0032     -1.0084
 
  Self-energy of the solute   =        -0.0385  kcal/mol
 
 
 cumulative average & 95% error for solvation energy
              total             1st component         2nd component         3rd component
  1   -49.9044               -0.3106               -1.9946              -47.5607
  2   -49.7985     0.2118    -1.2226     1.8238    -1.5520     0.8853   -46.9855     1.1503
  3   -49.8542     0.1654    -0.2234     2.2587    -2.6916     2.3358   -46.9007     0.6855
  4   -49.8805     0.1283    -0.1960     1.5981    -2.2099     1.9120   -47.4362     1.1756
  5   -49.8716     0.1010     0.1556     1.4237    -3.0894     2.2994   -46.8994     1.4078
  6   -49.8671     0.0829    -0.3882     1.5919    -2.7348     2.0069   -46.7056     1.2130
  7   -49.8593     0.0718    -0.7175     1.4980    -2.5909     1.7204   -46.5124     1.0956
  8   -49.8459     0.0677    -0.5739     1.3287    -2.8653     1.5878   -46.3682     0.9917
  9   -49.8554     0.0627    -0.5833     1.1720    -2.9938     1.4237   -46.2398     0.9115
 10   -49.8499     0.0571    -0.4857     1.0663    -2.9693     1.2743   -46.3564     0.8480
 11   -49.8433     0.0534    -0.4025     0.9787    -2.8628     1.1722   -46.5395     0.8499
 12   -49.8554     0.0544    -0.6672     1.0384    -2.6961     1.1208   -46.4537     0.7946
 13   -49.8616     0.0515    -0.6478     0.9560    -2.7122     1.0315   -46.4631     0.7312
 14   -49.8574     0.0484    -0.6403     0.8852    -2.7915     0.9680   -46.3872     0.6938
 15   -49.8454     0.0511    -0.7510     0.8533    -2.7164     0.9136   -46.3395     0.6529
 16   -49.8433     0.0480    -0.7704     0.7992    -2.8256     0.8820   -46.2089     0.6643
 17   -49.8523     0.0485    -0.9977     0.8776    -2.7430     0.8448   -46.0731     0.6805
 18   -49.8407     0.0512    -0.9307     0.8382    -2.7787     0.7997   -46.0928     0.6428
 19   -49.8450     0.0492    -0.9301     0.7929    -2.7960     0.7572   -46.0804     0.6086
 20   -49.8503     0.0479    -0.9943     0.7631    -2.6834     0.7528   -46.1341     0.5872
 21   -49.8577     0.0479    -0.9698     0.7275    -2.6434     0.7205   -46.2060     0.5768
 22   -49.8577     0.0456    -0.9627     0.6938    -2.7006     0.6965   -46.1560     0.5590
 23   -49.8600     0.0438    -0.9945     0.6660    -2.6409     0.6761   -46.1862     0.5375
 24   -49.8644     0.0429    -0.9495     0.6439    -2.6721     0.6503   -46.2043     0.5159
 25   -49.8583     0.0429    -0.8895     0.6292    -2.6739     0.6238   -46.2565     0.5057
 
 
 group  inft  solvation free energy     error          difference
  total solvation free energy
   1      0        -11.12150           0.09006          -0.01582
   1     60        -11.15249           0.09006          -0.04681
   1     80        -11.49095           0.09011          -0.38528
   1    100        -12.73056           0.09015          -1.62489
   2      0        -11.10535           0.09046           0.00033
   3      0        -11.10567           0.09085          -0.00000
   4      0        -11.09373           0.09123           0.01194
   5      0        -11.09177           0.09148           0.01390
   5     60        -11.13541           0.09148          -0.02973
   5     80        -11.56195           0.09151          -0.45628
   5    100        -12.70141           0.09144          -1.59574
 
  contribution from  1-th solvent component
   1      0          0.26724           0.29339          -0.01201
   1     60          0.26653           0.29338          -0.01272
   1     80          0.25939           0.29339          -0.01986
   1    100          0.23263           0.29343          -0.04662
   2      0          0.27703           0.29305          -0.00222
   3      0          0.27925           0.29293          -0.00000
   4      0          0.28176           0.29295           0.00251
   5      0          0.28194           0.29264           0.00269
   5     60          0.28096           0.29264           0.00171
   5     80          0.27175           0.29264          -0.00750
   5    100          0.24716           0.29264          -0.03209
 
  contribution from  2-th solvent component
   1      0         -1.44935           0.29866          -0.00884
   1     60         -1.44948           0.29865          -0.00897
   1     80         -1.45321           0.29872          -0.01270
   1    100         -1.46689           0.29886          -0.02637
   2      0         -1.44318           0.29643          -0.00267
   3      0         -1.44051           0.29617           0.00000
   4      0         -1.43918           0.29596           0.00133
   5      0         -1.43765           0.29607           0.00287
   5     60         -1.43795           0.29607           0.00256
   5     80         -1.44254           0.29612          -0.00203
   5    100         -1.45499           0.29615          -0.01448
 
  contribution from  3-th solvent component
   1      0         -9.90091           0.24477           0.00502
   1     60         -9.93106           0.24478          -0.02513
   1     80        -10.25865           0.24505          -0.35271
   1    100        -11.45783           0.24604          -1.55190
   2      0         -9.90072           0.24410           0.00521
   3      0         -9.90593           0.24357           0.00000
   4      0         -9.89783           0.24270           0.00810
   5      0         -9.89759           0.24246           0.00834
   5     60         -9.93994           0.24248          -0.03401
   5     80        -10.35269           0.24279          -0.44676
   5    100        -11.45510           0.24364          -1.54917
 
 
 group  inft   Estimated free energy: total (kcal/mol)
   1      0     -11.1941     -11.4575     -11.6680     -11.1794     -11.4036
                -11.0774     -11.0634     -10.8951     -11.2803     -10.8136
                -10.9974     -11.1673     -10.9596     -10.8598     -10.9086
                -11.0664     -11.2142     -10.9851     -11.4243     -11.3274
                -11.1105     -10.9288     -11.1717     -11.1809     -10.7030
   1     60     -11.2251     -11.4884     -11.6990     -11.2104     -11.4346
                -11.1083     -11.0944     -10.9261     -11.3112     -10.8448
                -11.0284     -11.1983     -10.9906     -10.8908     -10.9395
                -11.0973     -11.2452     -11.0161     -11.4553     -11.3585
                -11.1415     -10.9599     -11.2028     -11.2119     -10.7339
   1     80     -11.5633     -11.8267     -12.0380     -11.5503     -11.7729
                -11.4447     -11.4325     -11.2644     -11.6490     -11.1849
                -11.3672     -11.5364     -11.3290     -11.2289     -11.2770
                -11.4348     -11.5830     -11.3542     -11.7945     -11.6981
                -11.4799     -11.2987     -11.5424     -11.5510     -11.0719
   1    100     -12.8030     -13.0659     -13.2795     -12.7947     -13.0104
                -12.6777     -12.6721     -12.5030     -12.8846     -12.4306
                -12.6095     -12.7760     -12.5696     -12.4670     -12.5141
                -12.6693     -12.8208     -12.5924     -13.0341     -12.9414
                -12.7204     -12.5408     -12.7851     -12.7920     -12.3104
   2      0     -11.1837     -11.4423     -11.6462     -11.1859     -11.3644
                -11.0754     -11.0337     -10.8758     -11.2702     -10.7937
                -10.9879     -11.1536     -10.9402     -10.8201     -10.8943
                -11.0435     -11.1932     -10.9459     -11.4161     -11.3120
                -11.0901     -10.9122     -11.1758     -11.1789     -10.6988
   3      0     -11.1869     -11.4508     -11.6477     -11.1852     -11.3579
                -11.0838     -11.0380     -10.8729     -11.2662     -10.7918
                -10.9932     -11.1456     -10.9389     -10.8173     -10.8733
                -11.0489     -11.1899     -10.9489     -11.4211     -11.3178
                -11.0815     -10.9073     -11.1866     -11.1780     -10.7122
   4      0     -11.1738     -11.4470     -11.6324     -11.1734     -11.3369
                -11.0563     -11.0175     -10.8685     -11.2762     -10.7807
                -10.9730     -11.1312     -10.9187     -10.8094     -10.8618
                -11.0287     -11.1802     -10.9305     -11.4109     -11.3063
                -11.0741     -10.9000     -11.1824     -11.1729     -10.7002
   5      0     -11.1763     -11.4412     -11.6386     -11.1782     -11.3418
                -11.0754     -11.0279     -10.8604     -11.2644     -10.7738
                -10.9802     -11.1198     -10.9240     -10.7984     -10.8531
                -11.0403     -11.1762     -10.9415     -11.4026     -11.2988
                -11.0555     -10.8888     -11.1740     -11.1672     -10.6957
   5     60     -11.2199     -11.4847     -11.6823     -11.2220     -11.3855
                -11.1189     -11.0714     -10.9041     -11.3080     -10.8177
                -11.0239     -11.1634     -10.9676     -10.8420     -10.8966
                -11.0839     -11.2198     -10.9851     -11.4463     -11.3426
                -11.0991     -10.9325     -11.2178     -11.2109     -10.7392
   5     80     -11.6464     -11.9109     -12.1092     -11.6504     -11.8116
                -11.5435     -11.4973     -11.3304     -11.7334     -11.2462
                -11.4513     -11.5895     -11.3945     -11.2681     -11.3222
                -11.5092     -11.6457     -11.4110     -11.8734     -11.7703
                -11.5256     -11.3592     -11.6458     -11.6382     -11.1655
   5    100     -12.7866     -13.0495     -13.2495     -12.7942     -12.9489
                -12.6790     -12.6363     -12.4692     -12.8687     -12.3906
                -12.5943     -12.7281     -12.5360     -12.4060     -12.4603
                -12.6444     -12.7839     -12.5486     -13.0123     -12.9120
                -12.6655     -12.4999     -12.7881     -12.7790     -12.3044
 
 group  inft   Estimated free energy: 1-th solvent contribution (kcal/mol)
   1      0       0.5401      -0.4566       1.1876       0.6411       1.1406
                 -0.7517      -0.4582       0.7691       0.5141       1.0004
                  1.1073      -1.0462       0.5194       0.6188      -0.1806
                  0.1796      -1.5537       0.7154       0.2818      -0.4895
                  0.3722       0.3687      -0.2190       0.7543       1.1261
   1     60       0.5394      -0.4573       1.1869       0.6404       1.1399
                 -0.7524      -0.4589       0.7684       0.5134       0.9997
                  1.1066      -1.0469       0.5186       0.6180      -0.1813
                  0.1789      -1.5544       0.7147       0.2811      -0.4903
                  0.3715       0.3679      -0.2197       0.7536       1.1254
   1     80       0.5323      -0.4642       1.1797       0.6333       1.1327
                 -0.7596      -0.4661       0.7612       0.5061       0.9926
                  1.0998      -1.0540       0.5114       0.6108      -0.1884
                  0.1718      -1.5615       0.7076       0.2738      -0.4976
                  0.3643       0.3606      -0.2268       0.7464       1.1184
   1    100       0.5058      -0.4906       1.1530       0.6066       1.1060
                 -0.7864      -0.4929       0.7343       0.4789       0.9658
                  1.0743      -1.0811       0.4844       0.5840      -0.2147
                  0.1455      -1.5884       0.6810       0.2468      -0.5250
                  0.3373       0.3331      -0.2535       0.7197       1.0918
   2      0       0.5375      -0.4441       1.1893       0.6526       1.1526
                 -0.7383      -0.4439       0.7783       0.5265       1.0154
                  1.1055      -1.0352       0.5281       0.6337      -0.1720
                  0.1929      -1.5449       0.7295       0.2921      -0.4792
                  0.3835       0.3827      -0.2173       0.7667       1.1337
   3      0       0.5438      -0.4496       1.1917       0.6497       1.1582
                 -0.7391      -0.4397       0.7779       0.5294       1.0129
                  1.1088      -1.0324       0.5270       0.6407      -0.1611
                  0.1921      -1.5403       0.7318       0.2924      -0.4784
                  0.3915       0.3921      -0.2145       0.7635       1.1329
   4      0       0.5389      -0.4447       1.1955       0.6539       1.1624
                 -0.7290      -0.4365       0.7806       0.5274       1.0180
                  1.1103      -1.0305       0.5320       0.6414      -0.1606
                  0.2015      -1.5405       0.7329       0.2951      -0.4800
                  0.3934       0.3957      -0.2146       0.7670       1.1342
   5      0       0.5443      -0.4476       1.1889       0.6489       1.1640
                 -0.7350      -0.4384       0.7812       0.5304       1.0176
                  1.1096      -1.0293       0.5298       0.6428      -0.1577
                  0.1961      -1.5361       0.7318       0.3014      -0.4731
                  0.3933       0.3965      -0.2113       0.7662       1.1342
   5     60       0.5434      -0.4485       1.1879       0.6479       1.1629
                 -0.7359      -0.4394       0.7802       0.5294       1.0167
                  1.1087      -1.0302       0.5288       0.6418      -0.1586
                  0.1952      -1.5371       0.7308       0.3004      -0.4741
                  0.3923       0.3954      -0.2123       0.7652       1.1332
   5     80       0.5343      -0.4575       1.1786       0.6388       1.1537
                 -0.7452      -0.4485       0.7709       0.5201       1.0074
                  1.0998      -1.0394       0.5195       0.6326      -0.1678
                  0.1860      -1.5463       0.7217       0.2911      -0.4834
                  0.3830       0.3861      -0.2216       0.7559       1.1241
   5    100       0.5099      -0.4817       1.1536       0.6143       1.1291
                 -0.7699      -0.4728       0.7461       0.4953       0.9827
                  1.0762      -1.0638       0.4946       0.6080      -0.1922
                  0.1616      -1.5709       0.6974       0.2662      -0.5084
                  0.3584       0.3612      -0.2465       0.7312       1.0994
 
 group  inft   Estimated free energy: 2-th solvent contribution (kcal/mol)
   1      0      -1.1599      -0.9989      -2.6688      -0.5396      -3.3757
                 -0.6297      -1.0642      -2.1883      -2.3501      -1.3257
                 -1.1269      -0.5316      -1.3752      -1.9560      -1.0456
                 -2.2806      -0.8552      -1.6761      -1.9848      -0.4817
                 -0.8608      -1.8747      -0.7759      -1.8553      -1.2523
   1     60      -1.1601      -0.9990      -2.6689      -0.5397      -3.3759
                 -0.6299      -1.0644      -2.1885      -2.3502      -1.3259
                 -1.1271      -0.5317      -1.3753      -1.9561      -1.0457
                 -2.2807      -0.8554      -1.6763      -1.9849      -0.4819
                 -0.8609      -1.8749      -0.7760      -1.8554      -1.2524
   1     80      -1.1637      -1.0028      -2.6729      -0.5428      -3.3799
                 -0.6333      -1.0683      -2.1923      -2.3542      -1.3297
                 -1.1309      -0.5355      -1.3791      -1.9601      -1.0496
                 -2.2846      -0.8591      -1.6801      -1.9890      -0.4853
                 -0.8643      -1.8786      -0.7793      -1.8590      -1.2559
   1    100      -1.1777      -1.0167      -2.6866      -0.5541      -3.3947
                 -0.6460      -1.0826      -2.2069      -2.3674      -1.3438
                 -1.1454      -0.5501      -1.3931      -1.9749      -1.0640
                 -2.2983      -0.8733      -1.6945      -2.0027      -0.4980
                 -0.8777      -1.8920      -0.7918      -1.8722      -1.2678
   2      0      -1.1541      -1.0011      -2.6508      -0.5576      -3.3556
                 -0.6379      -1.0481      -2.1758      -2.3462      -1.3192
                 -1.1182      -0.5273      -1.3639      -1.9293      -1.0335
                 -2.2704      -0.8393      -1.6571      -1.9828      -0.4841
                 -0.8554      -1.8682      -0.7848      -1.8615      -1.2574
   3      0      -1.1493      -1.0005      -2.6499      -0.5598      -3.3481
                 -0.6383      -1.0481      -2.1681      -2.3437      -1.3187
                 -1.1149      -0.5143      -1.3487      -1.9291      -1.0180
                 -2.2679      -0.8297      -1.6558      -1.9830      -0.4870
                 -0.8549      -1.8687      -0.7952      -1.8570      -1.2641
   4      0      -1.1512      -1.0016      -2.6470      -0.5609      -3.3432
                 -0.6385      -1.0405      -2.1643      -2.3503      -1.3175
                 -1.1167      -0.5143      -1.3498      -1.9176      -1.0193
                 -2.2669      -0.8227      -1.6543      -1.9849      -0.4854
                 -0.8554      -1.8657      -0.7934      -1.8574      -1.2607
   5      0      -1.1527      -0.9980      -2.6507      -0.5616      -3.3408
                 -0.6362      -1.0494      -2.1621      -2.3454      -1.3130
                 -1.1155      -0.5054      -1.3431      -1.9186      -1.0114
                 -2.2659      -0.8228      -1.6563      -1.9800      -0.4863
                 -0.8449      -1.8647      -0.7962      -1.8560      -1.2644
   5     60      -1.1530      -0.9983      -2.6510      -0.5619      -3.3411
                 -0.6365      -1.0497      -2.1624      -2.3456      -1.3133
                 -1.1158      -0.5057      -1.3434      -1.9189      -1.0117
                 -2.2662      -0.8231      -1.6566      -1.9802      -0.4866
                 -0.8452      -1.8650      -0.7965      -1.8563      -1.2647
   5     80      -1.1576      -1.0030      -2.6557      -0.5657      -3.3459
                 -0.6410      -1.0544      -2.1672      -2.3504      -1.3180
                 -1.1206      -0.5103      -1.3480      -1.9238      -1.0164
                 -2.2709      -0.8277      -1.6613      -1.9850      -0.4909
                 -0.8495      -1.8696      -0.8008      -1.8607      -1.2691
   5    100      -1.1705      -1.0159      -2.6678      -0.5762      -3.3589
                 -0.6533      -1.0672      -2.1805      -2.3622      -1.3308
                 -1.1338      -0.5233      -1.3605      -1.9368      -1.0293
                 -2.2832      -0.8404      -1.6741      -1.9969      -0.5031
                 -0.8618      -1.8820      -0.8128      -1.8728      -1.2806
 
 group  inft   Estimated free energy: 3-th solvent contribution (kcal/mol)
   1      0     -10.5358      -9.9635     -10.1484     -11.2424      -9.1300
                 -9.6575      -9.5025      -9.4374      -9.4058     -10.4499
                -10.9392      -9.5510     -10.0654      -9.4841      -9.6440
                 -8.9269      -8.7669      -9.9859      -9.6829     -10.3176
                -10.5834      -9.3843     -10.1384     -10.0414     -10.5383
   1     60     -10.5659      -9.9937     -10.1785     -11.2727      -9.1602
                 -9.6875      -9.5326      -9.4675      -9.4359     -10.4801
                -10.9694      -9.5812     -10.0955      -9.5142      -9.6740
                 -8.9570      -8.7970     -10.0161      -9.7131     -10.3479
                -10.6135      -9.4145     -10.1686     -10.0717     -10.5685
   1     80     -10.8933     -10.3212     -10.5064     -11.6023      -9.4872
                -10.0134      -9.8596      -9.7947      -9.7624     -10.8093
                -11.2976      -9.9084     -10.4229      -9.8412     -10.0005
                 -9.2835      -9.1238     -10.3432     -10.0409     -10.6768
                -10.9413      -9.7423     -10.4978     -10.4000     -10.8960
   1    100     -12.0926     -11.5201     -11.7074     -12.8087     -10.6832
                -11.2068     -11.0581     -10.9919     -10.9576     -12.0141
                -12.5000     -11.1064     -11.6224     -11.0376     -11.1968
                -10.4780     -10.3206     -11.5404     -11.2397     -11.8800
                -12.1416     -10.9433     -11.7014     -11.6010     -12.0959
   2      0     -10.5286      -9.9586     -10.1462     -11.2424      -9.1228
                 -9.6607      -9.5032      -9.4398      -9.4120     -10.4514
                -10.9368      -9.5526     -10.0659      -9.4861      -9.6503
                 -8.9276      -8.7705      -9.9798      -9.6869     -10.3102
                -10.5797      -9.3883     -10.1352     -10.0456     -10.5366
   3      0     -10.5430      -9.9623     -10.1510     -11.2366      -9.1295
                 -9.6680      -9.5116      -9.4442      -9.4134     -10.4475
                -10.9486      -9.5605     -10.0788      -9.4905      -9.6558
                 -8.9346      -8.7814      -9.9865      -9.6921     -10.3138
                -10.5796      -9.3922     -10.1385     -10.0459     -10.5425
   4      0     -10.5230      -9.9622     -10.1424     -11.2280      -9.1176
                 -9.6503      -9.5021      -9.4463      -9.4149     -10.4427
                -10.9281      -9.5480     -10.0625      -9.4947      -9.6434
                 -8.9248      -8.7784      -9.9707      -9.6827     -10.3023
                -10.5737      -9.3915     -10.1359     -10.0440     -10.5352
   5      0     -10.5295      -9.9572     -10.1383     -11.2270      -9.1265
                 -9.6658      -9.5017      -9.4410      -9.4110     -10.4400
                -10.9359      -9.5467     -10.0722      -9.4841      -9.6456
                 -8.9320      -8.7788      -9.9785      -9.6855     -10.3010
                -10.5654      -9.3821     -10.1280     -10.0389     -10.5270
   5     60     -10.5718      -9.9995     -10.1807     -11.2696      -9.1689
                 -9.7079      -9.5439      -9.4834      -9.4533     -10.4825
                -10.9783      -9.5890     -10.1145      -9.5264      -9.6878
                 -8.9743      -8.8211     -10.0208      -9.7279     -10.3434
                -10.6078      -9.4244     -10.1705     -10.0813     -10.5693
   5     80     -10.9846     -10.4120     -10.5936     -11.6849      -9.5809
                -10.1189      -9.9560      -9.8957      -9.8647     -10.8971
                -11.3921     -10.0013     -10.5275      -9.9385     -10.0995
                 -9.3858      -9.2332     -10.4329     -10.1409     -10.7575
                -11.0207      -9.8372     -10.5849     -10.4950     -10.9820
   5    100     -12.0875     -11.5135     -11.6968     -12.7938     -10.6806
                -11.2173     -11.0578     -10.9963     -10.9634     -12.0041
                -12.4982     -11.1025     -11.6316     -11.0387     -11.2003
                -10.4843     -10.3340     -11.5333     -11.2431     -11.8621
                -12.1237     -10.9406     -11.6904     -11.5990     -12.0847
 
 
 cumulative average & 95% error for solvation free energy
              total             1st component         2nd component         3rd component
  1   -11.1869     0.0000     0.5438     0.0000    -1.1493     0.0000   -10.5430     0.0000
  2   -11.3189     0.2639     0.0471     0.9934    -1.0749     0.1488   -10.2526     0.5807
  3   -11.4285     0.2670     0.4287     0.9546    -1.5999     1.0535   -10.2188     0.3421
  4   -11.3677     0.2246     0.4839     0.6840    -1.3399     0.9085   -10.4732     0.5635
  5   -11.3657     0.1740     0.6188     0.5945    -1.7415     1.0680   -10.2045     0.6924
  6   -11.3187     0.1703     0.3925     0.6637    -1.5576     0.9464   -10.1151     0.5929
  7   -11.2786     0.1648     0.2736     0.6092    -1.4849     0.8130   -10.0288     0.5300
  8   -11.2279     0.1751     0.3366     0.5425    -1.5703     0.7245    -9.9558     0.4817
  9   -11.2322     0.1546     0.3580     0.4803    -1.6562     0.6616    -9.8955     0.4416
 10   -11.1881     0.1640     0.4235     0.4491    -1.6225     0.5956    -9.9507     0.4101
 11   -11.1704     0.1525     0.4858     0.4249    -1.5763     0.5466   -10.0414     0.4129
 12   -11.1683     0.1393     0.3593     0.4631    -1.4878     0.5294   -10.0013     0.3854
 13   -11.1507     0.1329     0.3722     0.4268    -1.4771     0.4875   -10.0073     0.3547
 14   -11.1269     0.1319     0.3914     0.3970    -1.5094     0.4559    -9.9704     0.3366
 15   -11.1100     0.1274     0.3545     0.3769    -1.4766     0.4295    -9.9494     0.3161
 16   -11.1062     0.1194     0.3444     0.3531    -1.5261     0.4137    -9.8860     0.3218
 17   -11.1111     0.1126     0.2335     0.3990    -1.4851     0.3972    -9.8210     0.3290
 18   -11.1021     0.1077     0.2612     0.3802    -1.4946     0.3749    -9.8302     0.3107
 19   -11.1189     0.1072     0.2629     0.3597    -1.5203     0.3584    -9.8229     0.2943
 20   -11.1288     0.1037     0.2258     0.3492    -1.4686     0.3553    -9.8475     0.2835
 21   -11.1266     0.0987     0.2337     0.3325    -1.4394     0.3430    -9.8823     0.2785
 22   -11.1166     0.0962     0.2409     0.3173    -1.4589     0.3294    -9.8601     0.2693
 23   -11.1196     0.0921     0.2211     0.3058    -1.4301     0.3200    -9.8722     0.2584
 24   -11.1221     0.0883     0.2437     0.2963    -1.4479     0.3084    -9.8794     0.2478
 25   -11.1057     0.0909     0.2792     0.2929    -1.4405     0.2962    -9.9059     0.2436
