 ERmod 0.3.7, Copyright (C) 2000-2019 Nobuyuki Matubayasi
                            2010-2019 Shun Sakuraba
 ERmod comes with ABSOLUTELY NO WARRANTY.
 This is free software, and you can redistribute it
 and/or modify it under certain conditions.
 See LICENSE file for details.
Opening: "/home/hervoe/snic2020-6-15/hervoe/Caffeine_solubility/Simulations/opls_simulations/CsI/2.00/trajectory_sol_full.xtc"...
  Trying plugin "Gromacs XTC Compressed Trajectory"...OK
 ERmod 0.3.7, Copyright (C) 2000-2019 Nobuyuki Matubayasi
                            2010-2019 Shun Sakuraba
 ERmod comes with ABSOLUTELY NO WARRANTY.
 This is free software, and you can redistribute it
 and/or modify it under certain conditions.
 See LICENSE file for details.
Opening: "/home/hervoe/snic2020-6-15/hervoe/Caffeine_solubility/Simulations/opls_simulations/CsI/2.00/trajectory_ref_full.xtc"...
  Trying plugin "Gromacs XTC Compressed Trajectory"...OK
Opening: "/home/hervoe/snic2020-6-15/hervoe/Caffeine_solubility/Simulations/opls_simulations/Solute/trajectory_solute.xtc"...
  Trying plugin "Gromacs XTC Compressed Trajectory"...OK
Opening: "/home/hervoe/snic2020-6-15/hervoe/Caffeine_solubility/Simulations/opls_simulations/Solute/trajectory_solute.xtc"...
  Trying plugin "Gromacs XTC Compressed Trajectory"...OK
Opening: "/home/hervoe/snic2020-6-15/hervoe/Caffeine_solubility/Simulations/opls_simulations/Solute/trajectory_solute.xtc"...
  Trying plugin "Gromacs XTC Compressed Trajectory"...OK
Opening: "/home/hervoe/snic2020-6-15/hervoe/Caffeine_solubility/Simulations/opls_simulations/Solute/trajectory_solute.xtc"...
  Trying plugin "Gromacs XTC Compressed Trajectory"...OK
Opening: "/home/hervoe/snic2020-6-15/hervoe/Caffeine_solubility/Simulations/opls_simulations/Solute/trajectory_solute.xtc"...
  Trying plugin "Gromacs XTC Compressed Trajectory"...OK
Opening: "/home/hervoe/snic2020-6-15/hervoe/Caffeine_solubility/Simulations/opls_simulations/Solute/trajectory_solute.xtc"...
  Trying plugin "Gromacs XTC Compressed Trajectory"...OK
Opening: "/home/hervoe/snic2020-6-15/hervoe/Caffeine_solubility/Simulations/opls_simulations/Solute/trajectory_solute.xtc"...
  Trying plugin "Gromacs XTC Compressed Trajectory"...OK
Opening: "/home/hervoe/snic2020-6-15/hervoe/Caffeine_solubility/Simulations/opls_simulations/Solute/trajectory_solute.xtc"...
  Trying plugin "Gromacs XTC Compressed Trajectory"...OK
Opening: "/home/hervoe/snic2020-6-15/hervoe/Caffeine_solubility/Simulations/opls_simulations/Solute/trajectory_solute.xtc"...
  Trying plugin "Gromacs XTC Compressed Trajectory"...OK
Opening: "/home/hervoe/snic2020-6-15/hervoe/Caffeine_solubility/Simulations/opls_simulations/Solute/trajectory_solute.xtc"...
  Trying plugin "Gromacs XTC Compressed Trajectory"...OK
 
  Number of the   1-th solvent  =           36
  Number of the   2-th solvent  =           36
  Number of the   3-th solvent  =         1000
 
  Be sure that the solvent distribution is homogeneous (radial distribution function is essentially unity) when the solvent molecule is separated beyond distance of   10.0 Angstrom in any direction from any atom within the solute molecule
 
  LJ long-range correction    =        -0.1080     -0.0071     -0.9015
 
  Self-energy of the solute   =        -0.0344  kcal/mol
 
 
 cumulative average & 95% error for solvation energy
              total             1st component         2nd component         3rd component
  1   -48.9164               -1.8404               -1.7376              -45.3041
  2   -48.7660     0.3009    -1.9711     0.2613    -2.8656     2.2561   -43.8949     2.8183
  3   -48.8483     0.2393    -1.1227     1.7035    -3.4712     1.7786   -44.2201     1.7523
  4   -48.7103     0.3237    -1.8685     1.9173    -2.7997     1.8399   -44.0077     1.3098
  5   -48.6819     0.2571    -1.0763     2.1715    -3.6866     2.2754   -43.8846     1.0440
  6   -48.6807     0.2099    -1.1155     1.7748    -3.8576     1.8890   -43.6732     0.9516
  7   -48.6559     0.1842    -1.2092     1.5116    -3.9372     1.6045   -43.4752     0.8964
  8   -48.6089     0.1852    -1.1011     1.3268    -4.1979     1.4841   -43.2756     0.8730
  9   -48.5990     0.1645    -1.2953     1.2329    -3.8233     1.5081   -43.4460     0.8419
 10   -48.5806     0.1516    -1.3732     1.1137    -4.0603     1.4297   -43.1128     1.0055
 11   -48.6066     0.1467    -1.7163     1.2189    -3.7639     1.4225   -43.0919     0.9105
 12   -48.6019     0.1342    -1.6115     1.1323    -3.9933     1.3773   -42.9626     0.8704
 13   -48.6348     0.1399    -1.5558     1.0475    -3.9038     1.2795   -43.1408     0.8764
 14   -48.6349     0.1296    -1.5220     0.9722    -3.9188     1.1850   -43.1596     0.8123
 15   -48.6069     0.1329    -1.5822     0.9130    -3.8789     1.1060   -43.1114     0.7623
 16   -48.6319     0.1340    -1.5322     0.8599    -3.8548     1.0357   -43.2105     0.7401
 17   -48.6369     0.1263    -1.6401     0.8361    -3.7919     0.9810   -43.1705     0.6998
 18   -48.6351     0.1191    -1.6612     0.7894    -3.7066     0.9405   -43.2329     0.6715
 19   -48.6505     0.1168    -1.6371     0.7482    -3.6572     0.8951   -43.3218     0.6596
 20   -48.6539     0.1110    -1.6227     0.7104    -3.7186     0.8580   -43.2782     0.6318
 21   -48.6616     0.1067    -1.7644     0.7328    -3.6420     0.8304   -43.2208     0.6118
 22   -48.6632     0.1018    -1.6219     0.7546    -3.7157     0.8054   -43.2912     0.6001
 23   -48.6624     0.0973    -1.6326     0.7214    -3.7609     0.7749   -43.2344     0.5845
 24   -48.6590     0.0934    -1.6466     0.6913    -3.6505     0.7740   -43.3274     0.5897
 25   -48.6460     0.0932    -1.6801     0.6664    -3.6807     0.7449   -43.2508     0.5860
 
 
 group  inft  solvation free energy     error          difference
  total solvation free energy
   1      0        -11.28492           0.10311          -0.02228
   1     60        -11.33069           0.10312          -0.06805
   1     80        -11.73198           0.10323          -0.46934
   1    100        -13.03170           0.10366          -1.76907
   2      0        -11.26482           0.10322          -0.00218
   3      0        -11.26264           0.10195           0.00000
   4      0        -11.25096           0.10251           0.01168
   5      0        -11.24769           0.10297           0.01495
   5     60        -11.31049           0.10298          -0.04785
   5     80        -11.80552           0.10307          -0.54288
   5    100        -12.99423           0.10335          -1.73159
 
  contribution from  1-th solvent component
   1      0          0.70914           0.29895          -0.01358
   1     60          0.70649           0.29895          -0.01622
   1     80          0.68445           0.29894          -0.03827
   1    100          0.61635           0.29890          -0.10637
   2      0          0.71971           0.29861          -0.00301
   3      0          0.72272           0.29816           0.00000
   4      0          0.72500           0.29821           0.00228
   5      0          0.72679           0.29821           0.00407
   5     60          0.72312           0.29821           0.00040
   5     80          0.69595           0.29819          -0.02677
   5    100          0.63411           0.29815          -0.08861
 
  contribution from  2-th solvent component
   1      0         -1.81954           0.33499          -0.01309
   1     60         -1.82053           0.33499          -0.01408
   1     80         -1.83093           0.33507          -0.02448
   1    100         -1.86657           0.33523          -0.06012
   2      0         -1.81038           0.33302          -0.00393
   3      0         -1.80645           0.33247           0.00000
   4      0         -1.80417           0.33241           0.00228
   5      0         -1.80320           0.33229           0.00325
   5     60         -1.80467           0.33229           0.00178
   5     80         -1.81762           0.33237          -0.01117
   5    100         -1.85028           0.33248          -0.04383
 
  contribution from  3-th solvent component
   1      0        -10.14012           0.26927           0.00439
   1     60        -10.18226           0.26929          -0.03775
   1     80        -10.55110           0.26958          -0.40659
   1    100        -11.74709           0.27044          -1.60258
   2      0        -10.13975           0.26882           0.00476
   3      0        -10.14451           0.26885           0.00000
   4      0        -10.13739           0.26712           0.00712
   5      0        -10.13689           0.26752           0.00762
   5     60        -10.19454           0.26755          -0.05003
   5     80        -10.64946           0.26792          -0.50495
   5    100        -11.74366           0.26871          -1.59915
 
 
 group  inft   Estimated free energy: total (kcal/mol)
   1      0     -10.7113     -11.4486     -11.5036     -11.5282     -11.4421
                -11.2701     -11.3757     -11.6709     -11.1426     -11.1512
                -11.3849     -11.3596     -11.2045     -11.1454     -11.5263
                -11.6223     -11.3604     -11.0752     -10.8015     -10.8838
                -11.5208     -11.3073     -10.8763     -11.4348     -11.3756
   1     60     -10.7570     -11.4942     -11.5495     -11.5740     -11.4879
                -11.3159     -11.4215     -11.7166     -11.1883     -11.1968
                -11.4307     -11.4054     -11.2503     -11.1913     -11.5721
                -11.6682     -11.4060     -11.1211     -10.8472     -10.9295
                -11.5667     -11.3531     -10.9221     -11.4806     -11.4213
   1     80     -11.1566     -11.8936     -11.9524     -11.9744     -11.8909
                -11.7175     -11.8232     -12.1168     -11.5893     -11.5959
                -11.8314     -11.8064     -11.6532     -11.5940     -11.9729
                -12.0716     -11.8058     -11.5232     -11.2482     -11.3302
                -11.9696     -11.7551     -11.3233     -11.8827     -11.8212
   1    100     -12.4519     -13.1873     -13.2579     -13.2723     -13.1964
                -13.0182     -13.1240     -13.4138     -12.8893     -12.8876
                -13.1289     -13.1062     -12.9575     -12.8977     -13.2715
                -13.3773     -13.1021     -12.8247     -12.5466     -12.6269
                -13.2734     -13.0573     -12.6224     -13.1842     -13.1174
   2      0     -10.6938     -11.4195     -11.4935     -11.5186     -11.4180
                -11.2506     -11.3620     -11.6492     -11.1272     -11.1210
                -11.3677     -11.3393     -11.2153     -11.1161     -11.5013
                -11.5991     -11.3462     -11.0546     -10.7786     -10.8633
                -11.4987     -11.2756     -10.8505     -11.4048     -11.3561
   3      0     -10.7106     -11.4179     -11.5049     -11.5129     -11.4110
                -11.2554     -11.3533     -11.6495     -11.1256     -11.1139
                -11.3757     -11.3426     -11.2128     -11.1090     -11.4868
                -11.5915     -11.3473     -11.0489     -10.7849     -10.8632
                -11.4902     -11.2686     -10.8522     -11.3912     -11.3460
   4      0     -10.6897     -11.4125     -11.4909     -11.5074     -11.4053
                -11.2463     -11.3421     -11.6346     -11.1047     -11.1169
                -11.3539     -11.3334     -11.1984     -11.1071     -11.4819
                -11.5759     -11.3296     -11.0374     -10.7602     -10.8504
                -11.4797     -11.2598     -10.8442     -11.3688     -11.3428
   5      0     -10.6753     -11.4054     -11.4919     -11.5060     -11.3923
                -11.2431     -11.3461     -11.6403     -11.1061     -11.1099
                -11.3572     -11.3268     -11.1964     -11.0902     -11.4774
                -11.5678     -11.3299     -11.0358     -10.7643     -10.8516
                -11.4745     -11.2523     -10.8369     -11.3713     -11.3434
   5     60     -10.7380     -11.4680     -11.5549     -11.5687     -11.4553
                -11.3059     -11.4089     -11.7030     -11.1689     -11.1724
                -11.4200     -11.3895     -11.2593     -11.1532     -11.5402
                -11.6308     -11.3925     -11.0988     -10.8270     -10.9143
                -11.5375     -11.3152     -10.8998     -11.4342     -11.4061
   5     80     -11.2316     -11.9606     -12.0523     -12.0624     -11.9520
                -11.8013     -11.9045     -12.1967     -11.6636     -11.6644
                -11.9146     -11.8839     -11.7565     -11.6497     -12.0346
                -12.1282     -11.8858     -11.5945     -11.3219     -11.4089
                -12.0343     -11.8107     -11.3950     -11.9304     -11.8995
   5    100     -12.4177     -13.1440     -13.2467     -13.2487     -13.1453
                -12.9906     -13.0942     -13.3836     -12.8525     -12.8454
                -13.1020     -13.0717     -12.9494     -12.8412     -13.2223
                -13.3217     -13.0716     -12.7844     -12.5101     -12.5957
                -13.2261     -13.0007     -12.5838     -13.1210     -13.0853
 
 group  inft   Estimated free energy: 1-th solvent contribution (kcal/mol)
   1      0       0.9044       0.5267       1.7331      -0.5598       2.2277
                  0.9079       0.5173       0.9482       0.5091       0.3498
                 -0.6816       1.2237       1.2018       0.9600       0.2028
                  1.1563      -0.0752       0.6894       1.1896       0.9759
                 -0.7160       2.0781       0.7192       0.5327       0.2071
   1     60       0.9018       0.5241       1.7304      -0.5625       2.2250
                  0.9053       0.5146       0.9456       0.5065       0.3472
                 -0.6842       1.2211       1.1992       0.9574       0.2002
                  1.1536      -0.0778       0.6867       1.1869       0.9732
                 -0.7187       2.0755       0.7166       0.5300       0.2045
   1     80       0.8800       0.5023       1.7082      -0.5846       2.2028
                  0.8831       0.4924       0.9238       0.4849       0.3256
                 -0.7063       1.1991       1.1768       0.9357       0.1786
                  1.1312      -0.1000       0.6643       1.1645       0.9510
                 -0.7409       2.0537       0.6944       0.5079       0.1826
   1    100       0.8127       0.4350       1.6392      -0.6528       2.1342
                  0.8147       0.4236       0.8565       0.4183       0.2591
                 -0.7746       1.1314       1.1076       0.8687       0.1119
                  1.0621      -0.1688       0.5954       1.0954       0.8822
                 -0.8097       1.9863       0.6260       0.4394       0.1151
   2      0       0.9096       0.5369       1.7420      -0.5441       2.2354
                  0.9151       0.5258       0.9532       0.5207       0.3605
                 -0.6671       1.2356       1.2071       0.9642       0.2127
                  1.1717      -0.0642       0.6996       1.2095       0.9881
                 -0.7069       2.0883       0.7325       0.5525       0.2142
   3      0       0.9099       0.5415       1.7398      -0.5365       2.2352
                  0.9163       0.5309       0.9563       0.5233       0.3661
                 -0.6639       1.2373       1.2213       0.9672       0.2175
                  1.1758      -0.0619       0.7048       1.2064       0.9857
                 -0.7027       2.0930       0.7270       0.5564       0.2211
   4      0       0.9093       0.5415       1.7423      -0.5354       2.2381
                  0.9216       0.5302       0.9547       0.5284       0.3678
                 -0.6633       1.2341       1.2166       0.9683       0.2194
                  1.1794      -0.0546       0.7071       1.2127       0.9962
                 -0.7012       2.0956       0.7338       0.5617       0.2205
   5      0       0.9183       0.5448       1.7430      -0.5361       2.2408
                  0.9217       0.5313       0.9591       0.5296       0.3694
                 -0.6603       1.2391       1.2288       0.9673       0.2225
                  1.1800      -0.0513       0.7086       1.2137       0.9892
                 -0.6975       2.0955       0.7318       0.5595       0.2209
   5     60       0.9146       0.5412       1.7393      -0.5398       2.2371
                  0.9180       0.5276       0.9555       0.5260       0.3657
                 -0.6640       1.2354       1.2250       0.9637       0.2189
                  1.1763      -0.0550       0.7049       1.2100       0.9855
                 -0.7012       2.0919       0.7281       0.5558       0.2173
   5     80       0.8875       0.5145       1.7118      -0.5667       2.2098
                  0.8907       0.5001       0.9287       0.4993       0.3390
                 -0.6912       1.2086       1.1975       0.9367       0.1922
                  1.1488      -0.0823       0.6776       1.1824       0.9581
                 -0.7286       2.0649       0.7006       0.5285       0.1904
   5    100       0.8258       0.4537       1.6490      -0.6279       2.1476
                  0.8283       0.4375       0.8678       0.4386       0.2783
                 -0.7531       1.1474       1.1349       0.8751       0.1313
                  1.0863      -0.1447       0.6154       1.1198       0.8957
                 -0.7912       2.0036       0.6381       0.4662       0.1291
 
 group  inft   Estimated free energy: 2-th solvent contribution (kcal/mol)
   1      0      -0.4499      -2.1263      -2.3521      -0.7385      -3.4303
                 -2.3053      -2.1620      -3.0586      -0.6880      -2.8064
                 -0.7281      -3.1651      -1.3560      -1.8973      -1.9125
                 -1.9571      -1.4153      -1.1035      -1.0758      -2.1000
                 -1.1675      -2.4808      -1.9890      -0.7927      -2.2306
   1     60      -0.4508      -2.1272      -2.3531      -0.7395      -3.4312
                 -2.3062      -2.1630      -3.0596      -0.6890      -2.8074
                 -0.7290      -3.1661      -1.3568      -1.8983      -1.9135
                 -1.9580      -1.4163      -1.1045      -1.0767      -2.1010
                 -1.1685      -2.4818      -1.9901      -0.7938      -2.2316
   1     80      -0.4602      -2.1378      -2.3631      -0.7497      -3.4418
                 -2.3166      -2.1736      -3.0705      -0.6995      -2.8181
                 -0.7391      -3.1767      -1.3661      -1.9090      -1.9244
                 -1.9683      -1.4267      -1.1150      -1.0864      -2.1114
                 -1.1792      -2.4924      -2.0008      -0.8045      -2.2422
   1    100      -0.4938      -2.1735      -2.3981      -0.7855      -3.4778
                 -2.3519      -2.2093      -3.1076      -0.7352      -2.8540
                 -0.7741      -3.2130      -1.3990      -1.9455      -1.9616
                 -2.0037      -1.4624      -1.1511      -1.1200      -2.1468
                 -1.2156      -2.5286      -2.0369      -0.8411      -2.2784
   2      0      -0.4411      -2.1091      -2.3492      -0.7493      -3.4108
                 -2.2953      -2.1540      -3.0424      -0.6902      -2.7887
                 -0.7269      -3.1590      -1.3733      -1.8728      -1.8973
                 -1.9516      -1.4137      -1.0898      -1.0719      -2.0835
                 -1.1538      -2.4646      -1.9745      -0.7850      -2.2119
   3      0      -0.4473      -2.1025      -2.3515      -0.7479      -3.4035
                 -2.2935      -2.1482      -3.0375      -0.6860      -2.7815
                 -0.7261      -3.1562      -1.3787      -1.8706      -1.8936
                 -1.9436      -1.4099      -1.0875      -1.0664      -2.0739
                 -1.1473      -2.4582      -1.9626      -0.7772      -2.2102
   4      0      -0.4452      -2.1061      -2.3491      -0.7518      -3.4005
                 -2.2900      -2.1450      -3.0327      -0.6866      -2.7807
                 -0.7164      -3.1498      -1.3717      -1.8680      -1.8973
                 -1.9406      -1.4116      -1.0888      -1.0638      -2.0728
                 -1.1398      -2.4586      -1.9575      -0.7721      -2.2077
   5      0      -0.4368      -2.1013      -2.3496      -0.7508      -3.3966
                 -2.2901      -2.1467      -3.0336      -0.6821      -2.7810
                 -0.7212      -3.1453      -1.3800      -1.8594      -1.8960
                 -1.9338      -1.4100      -1.0873      -1.0661      -2.0709
                 -1.1418      -2.4575      -1.9570      -0.7732      -2.2119
   5     60      -0.4382      -2.1028      -2.3510      -0.7523      -3.3981
                 -2.2915      -2.1482      -3.0352      -0.6836      -2.7825
                 -0.7226      -3.1467      -1.3813      -1.8609      -1.8976
                 -1.9353      -1.4115      -1.0888      -1.0674      -2.0724
                 -1.1433      -2.4590      -1.9586      -0.7747      -2.2134
   5     80      -0.4499      -2.1158      -2.3635      -0.7652      -3.4112
                 -2.3044      -2.1614      -3.0486      -0.6967      -2.7957
                 -0.7352      -3.1600      -1.3932      -1.8742      -1.9111
                 -1.9481      -1.4245      -1.1019      -1.0796      -2.0853
                 -1.1565      -2.4722      -1.9719      -0.7881      -2.2266
   5    100      -0.4805      -2.1483      -2.3956      -0.7983      -3.4439
                 -2.3368      -2.1944      -3.0823      -0.7299      -2.8286
                 -0.7674      -3.1933      -1.4237      -1.9073      -1.9450
                 -1.9806      -1.4574      -1.1347      -1.1105      -2.1175
                 -1.1895      -2.5052      -2.0053      -0.8217      -2.2596
 
 group  inft   Estimated free energy: 3-th solvent contribution (kcal/mol)
   1      0     -11.1315      -9.8147     -10.8502     -10.1955     -10.2051
                 -9.8384      -9.6965      -9.5262     -10.9292      -8.6602
                 -9.9409      -9.3838     -11.0160     -10.1738      -9.7823
                -10.7872      -9.8355     -10.6267     -10.8810      -9.7252
                 -9.6029     -10.8701      -9.5721     -11.1403      -9.3177
   1     60     -11.1735      -9.8566     -10.8924     -10.2376     -10.2473
                 -9.8806      -9.7386      -9.5682     -10.9714      -8.7022
                 -9.9831      -9.4259     -11.0582     -10.2160      -9.8244
                -10.8294      -9.8775     -10.6689     -10.9230      -9.7673
                 -9.6451     -10.9124      -9.6142     -11.1825      -9.3598
   1     80     -11.5420     -10.2237     -11.2630     -10.6058     -10.6174
                -10.2497     -10.1076      -9.9357     -11.3404      -9.0690
                -10.3516      -9.7944     -11.4294     -10.5863     -10.1927
                -11.2001     -10.2447     -11.0381     -11.2920     -10.1353
                -10.0151     -11.2819      -9.9825     -11.5517      -9.7273
   1    100     -12.7365     -11.4143     -12.4645     -11.7995     -11.8183
                -11.4466     -11.3039     -11.1284     -12.5380     -10.2583
                -11.5457     -10.9901     -12.6318     -11.7865     -11.3874
                -12.4013     -11.4365     -12.2346     -12.4876     -11.3280
                -11.2138     -12.4806     -11.1771     -12.7481     -10.9197
   2      0     -11.1279      -9.8129     -10.8519     -10.1908     -10.2081
                 -9.8360      -9.6994      -9.5256     -10.9233      -8.6583
                 -9.9394      -9.3816     -11.0147     -10.1731      -9.7824
                -10.7848      -9.8339     -10.6300     -10.8818      -9.7335
                 -9.6035     -10.8648      -9.5741     -11.1379      -9.3240
   3      0     -11.1388      -9.8224     -10.8588     -10.1942     -10.2083
                 -9.8437      -9.7016      -9.5339     -10.9285      -8.6642
                 -9.9514      -9.3893     -11.0210     -10.1712      -9.7763
                -10.7893      -9.8411     -10.6319     -10.8905      -9.7406
                 -9.6058     -10.8690      -9.5822     -11.1360      -9.3225
   4      0     -11.1193      -9.8136     -10.8498     -10.1859     -10.2085
                 -9.8435      -9.6929      -9.5222     -10.9121      -8.6696
                 -9.9398      -9.3833     -11.0090     -10.1731      -9.7696
                -10.7803      -9.8290     -10.6213     -10.8747      -9.7393
                 -9.6043     -10.8624      -9.5860     -11.1240      -9.3213
   5      0     -11.1225      -9.8146     -10.8510     -10.1847     -10.2021
                 -9.8404      -9.6963      -9.5313     -10.9192      -8.6638
                 -9.9414      -9.3862     -11.0108     -10.1637      -9.7695
                -10.7796      -9.8342     -10.6227     -10.8775      -9.7355
                 -9.6009     -10.8559      -9.5773     -11.1233      -9.3180
   5     60     -11.1801      -9.8720     -10.9089     -10.2423     -10.2599
                 -9.8980      -9.7539      -9.5889     -10.9768      -8.7212
                 -9.9991      -9.4438     -11.0686     -10.2215      -9.8271
                -10.8374      -9.8916     -10.6805     -10.9351      -9.7931
                 -9.6586     -10.9136      -9.6348     -11.1810      -9.3756
   5     80     -11.6348     -10.3250     -11.3661     -10.6962     -10.7163
                -10.3531     -10.2089     -10.0425     -11.4317      -9.1733
                -10.4539      -9.8981     -11.5264     -10.6778     -10.2813
                -11.2946     -10.3445     -11.1359     -11.3904     -10.2474
                -10.1148     -11.3691     -10.0892     -11.6364      -9.8289
   5    100     -12.7285     -11.4150     -12.4658     -11.7881     -11.8146
                -11.4477     -11.3030     -11.1346     -12.5268     -10.2607
                -11.5471     -10.9915     -12.6262     -11.7746     -11.3742
                -12.3931     -11.4352     -12.2308     -12.4850     -11.3395
                -11.2111     -12.4647     -11.1823     -12.7311     -10.9204
 
 
 cumulative average & 95% error for solvation free energy
              total             1st component         2nd component         3rd component
  1   -10.7106     0.0000     0.9099     0.0000    -0.4473     0.0000   -11.1388     0.0000
  2   -11.0642     0.7072     0.7257     0.3684    -1.2749     1.6552   -10.4806     1.3164
  3   -11.2111     0.5030     1.0637     0.7088    -1.6337     1.1951   -10.6067     0.8007
  4   -11.2866     0.3864     0.6637     0.9441    -1.4123     0.9541   -10.5036     0.6026
  5   -11.3115     0.3034     0.9780     0.9643    -1.8105     1.0866   -10.4445     0.4815
  6   -11.3021     0.2484     0.9677     0.7876    -1.8910     0.9017   -10.3444     0.4412
  7   -11.3094     0.2105     0.9053     0.6773    -1.9278     0.7656   -10.2526     0.4157
  8   -11.3519     0.2011     0.9117     0.5867    -2.0665     0.7187   -10.1627     0.4023
  9   -11.3268     0.1844     0.8685     0.5245    -1.9131     0.7042   -10.2478     0.3935
 10   -11.3055     0.1703     0.8183     0.4798    -1.9999     0.6533   -10.0895     0.4735
 11   -11.3119     0.1546     0.6835     0.5109    -1.8841     0.6347   -10.0769     0.4290
 12   -11.3144     0.1412     0.7297     0.4754    -1.9901     0.6170   -10.0196     0.4081
 13   -11.3066     0.1308     0.7675     0.4438    -1.9431     0.5753   -10.0966     0.4058
 14   -11.2925     0.1244     0.7818     0.4119    -1.9379     0.5327   -10.1020     0.3758
 15   -11.3055     0.1186     0.7441     0.3907    -1.9350     0.4960   -10.0803     0.3525
 16   -11.3233     0.1166     0.7711     0.3695    -1.9355     0.4639   -10.1246     0.3415
 17   -11.3248     0.1096     0.7221     0.3606    -1.9046     0.4402   -10.1079     0.3225
 18   -11.3094     0.1077     0.7212     0.3400    -1.8592     0.4248   -10.1370     0.3096
 19   -11.2818     0.1159     0.7467     0.3256    -1.8175     0.4104   -10.1767     0.3034
 20   -11.2609     0.1177     0.7587     0.3098    -1.8303     0.3902   -10.1549     0.2911
 21   -11.2718     0.1140     0.6891     0.3259    -1.7978     0.3768   -10.1287     0.2818
 22   -11.2717     0.1087     0.7529     0.3360    -1.8278     0.3642   -10.1624     0.2770
 23   -11.2534     0.1101     0.7518     0.3210    -1.8336     0.3482   -10.1371     0.2694
 24   -11.2592     0.1060     0.7436     0.3078    -1.7896     0.3448   -10.1788     0.2710
 25   -11.2626     0.1019     0.7227     0.2982    -1.8065     0.3325   -10.1445     0.2689
