 ERmod 0.3.7, Copyright (C) 2000-2019 Nobuyuki Matubayasi
                            2010-2019 Shun Sakuraba
 ERmod comes with ABSOLUTELY NO WARRANTY.
 This is free software, and you can redistribute it
 and/or modify it under certain conditions.
 See LICENSE file for details.
Opening: "/home/hervoe/snic2020-6-15/hervoe/Caffeine_solubility/Simulations/opls_simulations/NaCl/0.50/trajectory_sol_full.xtc"...
  Trying plugin "Gromacs XTC Compressed Trajectory"...OK
 ERmod 0.3.7, Copyright (C) 2000-2019 Nobuyuki Matubayasi
                            2010-2019 Shun Sakuraba
 ERmod comes with ABSOLUTELY NO WARRANTY.
 This is free software, and you can redistribute it
 and/or modify it under certain conditions.
 See LICENSE file for details.
Opening: "/home/hervoe/snic2020-6-15/hervoe/Caffeine_solubility/Simulations/opls_simulations/NaCl/0.50/trajectory_ref_full.xtc"...
  Trying plugin "Gromacs XTC Compressed Trajectory"...OK
Opening: "/home/hervoe/snic2020-6-15/hervoe/Caffeine_solubility/Simulations/opls_simulations/Solute/trajectory_solute.xtc"...
  Trying plugin "Gromacs XTC Compressed Trajectory"...OK
Opening: "/home/hervoe/snic2020-6-15/hervoe/Caffeine_solubility/Simulations/opls_simulations/Solute/trajectory_solute.xtc"...
  Trying plugin "Gromacs XTC Compressed Trajectory"...OK
Opening: "/home/hervoe/snic2020-6-15/hervoe/Caffeine_solubility/Simulations/opls_simulations/Solute/trajectory_solute.xtc"...
  Trying plugin "Gromacs XTC Compressed Trajectory"...OK
Opening: "/home/hervoe/snic2020-6-15/hervoe/Caffeine_solubility/Simulations/opls_simulations/Solute/trajectory_solute.xtc"...
  Trying plugin "Gromacs XTC Compressed Trajectory"...OK
Opening: "/home/hervoe/snic2020-6-15/hervoe/Caffeine_solubility/Simulations/opls_simulations/Solute/trajectory_solute.xtc"...
  Trying plugin "Gromacs XTC Compressed Trajectory"...OK
Opening: "/home/hervoe/snic2020-6-15/hervoe/Caffeine_solubility/Simulations/opls_simulations/Solute/trajectory_solute.xtc"...
  Trying plugin "Gromacs XTC Compressed Trajectory"...OK
Opening: "/home/hervoe/snic2020-6-15/hervoe/Caffeine_solubility/Simulations/opls_simulations/Solute/trajectory_solute.xtc"...
  Trying plugin "Gromacs XTC Compressed Trajectory"...OK
Opening: "/home/hervoe/snic2020-6-15/hervoe/Caffeine_solubility/Simulations/opls_simulations/Solute/trajectory_solute.xtc"...
  Trying plugin "Gromacs XTC Compressed Trajectory"...OK
Opening: "/home/hervoe/snic2020-6-15/hervoe/Caffeine_solubility/Simulations/opls_simulations/Solute/trajectory_solute.xtc"...
  Trying plugin "Gromacs XTC Compressed Trajectory"...OK
Opening: "/home/hervoe/snic2020-6-15/hervoe/Caffeine_solubility/Simulations/opls_simulations/Solute/trajectory_solute.xtc"...
  Trying plugin "Gromacs XTC Compressed Trajectory"...OK
 
  Number of the   1-th solvent  =            9
  Number of the   2-th solvent  =            9
  Number of the   3-th solvent  =         1000
 
  Be sure that the solvent distribution is homogeneous (radial distribution function is essentially unity) when the solvent molecule is separated beyond distance of   10.0 Angstrom in any direction from any atom within the solute molecule
 
  LJ long-range correction    =        -0.0220     -0.0014     -1.0322
 
  Self-energy of the solute   =        -0.0394  kcal/mol
 
 
 cumulative average & 95% error for solvation energy
              total             1st component         2nd component         3rd component
  1   -49.8430               -0.3083               -0.1013              -49.3941
  2   -49.9310     0.1761    -0.6141     0.6116    -1.0382     1.8738   -48.2394     2.3093
  3   -49.9479     0.1071    -0.6523     0.3613    -0.7642     1.2127   -48.4921     1.4258
  4   -49.9729     0.0908    -0.8459     0.4640    -0.8090     0.8622   -48.2786     1.0949
  5   -49.9816     0.0725    -0.6949     0.4695    -1.0210     0.7910   -48.2264     0.8545
  6   -49.9834     0.0593    -0.8073     0.4444    -0.8989     0.6905   -48.2378     0.6981
  7   -49.9805     0.0504    -0.6358     0.5087    -1.0819     0.6889   -48.2234     0.5907
  8   -49.9560     0.0655    -0.5805     0.4542    -1.2746     0.7102   -48.0616     0.6053
  9   -49.9593     0.0582    -0.5103     0.4245    -1.2055     0.6414   -48.2041     0.6052
 10   -49.9567     0.0523    -0.5424     0.3850    -1.2570     0.5828   -48.1180     0.5680
 11   -49.9621     0.0485    -0.5510     0.3487    -1.2444     0.5278   -48.1274     0.5142
 12   -49.9596     0.0445    -0.5134     0.3271    -1.1923     0.4929   -48.2145     0.5007
 13   -49.9560     0.0416    -0.4170     0.3573    -1.2991     0.5013   -48.2004     0.4614
 14   -49.9665     0.0439    -0.4125     0.3310    -1.3243     0.4668   -48.1903     0.4277
 15   -49.9583     0.0440    -0.5324     0.3904    -1.2897     0.4400   -48.0968     0.4399
 16   -49.9685     0.0459    -0.5704     0.3730    -1.2366     0.4251   -48.1221     0.4146
 17   -49.9537     0.0523    -0.5934     0.3534    -1.1918     0.4092   -48.1292     0.3897
 18   -49.9592     0.0505    -0.5823     0.3339    -1.2279     0.3925   -48.1096     0.3695
 19   -49.9617     0.0480    -0.5362     0.3290    -1.2001     0.3754   -48.1860     0.3814
 20   -49.9717     0.0498    -0.5293     0.3124    -1.2471     0.3684   -48.1560     0.3668
 21   -49.9730     0.0474    -0.4621     0.3261    -1.2412     0.3506   -48.2303     0.3792
 22   -49.9702     0.0455    -0.4891     0.3156    -1.1962     0.3462   -48.2456     0.3629
 23   -49.9721     0.0437    -0.4776     0.3024    -1.2062     0.3314   -48.2489     0.3468
 24   -49.9710     0.0418    -0.4536     0.2935    -1.1324     0.3500   -48.3457     0.3844
 25   -49.9766     0.0416    -0.5543     0.3462    -1.1068     0.3396   -48.2761     0.3941
 
 
 group  inft  solvation free energy     error          difference
  total solvation free energy
   1      0        -11.46933           0.08040          -0.00713
   1     60        -11.49842           0.08041          -0.03622
   1     80        -11.82123           0.08041          -0.35903
   1    100        -13.03146           0.08028          -1.56925
   2      0        -11.46303           0.08171          -0.00083
   3      0        -11.46220           0.08212           0.00000
   4      0        -11.45000           0.08232           0.01220
   5      0        -11.45060           0.08314           0.01160
   5     60        -11.49127           0.08315          -0.02906
   5     80        -11.89919           0.08320          -0.43699
   5    100        -13.01325           0.08311          -1.55105
 
  contribution from  1-th solvent component
   1      0          0.01759           0.15560          -0.00874
   1     60          0.01726           0.15560          -0.00906
   1     80          0.01381           0.15562          -0.01251
   1    100          0.00079           0.15568          -0.02553
   2      0          0.02350           0.15481          -0.00282
   3      0          0.02632           0.15454           0.00000
   4      0          0.02796           0.15437           0.00164
   5      0          0.02924           0.15432           0.00292
   5     60          0.02879           0.15432           0.00247
   5     80          0.02443           0.15434          -0.00189
   5    100          0.01203           0.15437          -0.01429
 
  contribution from  2-th solvent component
   1      0         -0.73162           0.18514          -0.00220
   1     60         -0.73138           0.18515          -0.00196
   1     80         -0.73025           0.18526          -0.00083
   1    100         -0.72793           0.18558           0.00149
   2      0         -0.73197           0.18623          -0.00255
   3      0         -0.72942           0.18621           0.00000
   4      0         -0.73084           0.18667          -0.00142
   5      0         -0.72821           0.18633           0.00121
   5     60         -0.72792           0.18635           0.00150
   5     80         -0.72639           0.18651           0.00303
   5    100         -0.72411           0.18678           0.00530
 
  contribution from  3-th solvent component
   1      0        -10.71591           0.19738           0.00381
   1     60        -10.74492           0.19738          -0.02520
   1     80        -11.06541           0.19749          -0.34568
   1    100        -12.26494           0.19809          -1.54521
   2      0        -10.71518           0.19703           0.00455
   3      0        -10.71973           0.19658           0.00000
   4      0        -10.70774           0.19529           0.01198
   5      0        -10.71225           0.19626           0.00748
   5     60        -10.75276           0.19626          -0.03303
   5     80        -11.15785           0.19641          -0.43812
   5    100        -12.26178           0.19699          -1.54206
 
 
 group  inft   Estimated free energy: total (kcal/mol)
   1      0     -11.3288     -11.5548     -11.6213     -11.4314     -11.5208
                -11.5634     -11.6228     -11.4022     -11.4513     -11.4147
                -11.4258     -11.7065     -11.5684     -11.9632     -11.2730
                -11.3286     -11.0039     -11.4847     -11.2219     -11.5618
                -11.6075     -11.1200     -11.3773     -11.4484     -11.7306
   1     60     -11.3578     -11.5840     -11.6503     -11.4605     -11.5500
                -11.5924     -11.6518     -11.4313     -11.4805     -11.4438
                -11.4548     -11.7357     -11.5977     -11.9922     -11.3019
                -11.3577     -11.0331     -11.5139     -11.2508     -11.5911
                -11.6367     -11.1490     -11.4065     -11.4775     -11.7598
   1     80     -11.6801     -11.9071     -11.9723     -11.7829     -11.8731
                -11.9136     -11.9732     -11.7540     -11.8043     -11.7675
                -11.7767     -12.0599     -11.9213     -12.3141     -11.6238
                -11.6810     -11.3564     -11.8369     -11.5727     -11.9154
                -11.9604     -11.4713     -11.7293     -11.8009     -12.0822
   1    100     -12.8904     -13.1179     -13.1784     -12.9904     -13.0849
                -13.1190     -13.1787     -12.9634     -13.0187     -12.9791
                -12.9860     -13.2759     -13.1330     -13.5212     -12.8315
                -12.8924     -12.5677     -13.0481     -12.7814     -13.1281
                -13.1744     -12.6820     -12.9400     -13.0144     -13.2895
   2      0     -11.3376     -11.5531     -11.6287     -11.4364     -11.5168
                -11.5579     -11.6360     -11.4095     -11.4562     -11.4295
                -11.3956     -11.6913     -11.5539     -11.9761     -11.2679
                -11.3070     -10.9882     -11.4753     -11.2212     -11.5440
                -11.5975     -11.0950     -11.3745     -11.4203     -11.7064
   3      0     -11.3407     -11.5510     -11.6270     -11.4324     -11.5064
                -11.5428     -11.6320     -11.4134     -11.4661     -11.4223
                -11.3944     -11.6925     -11.5422     -11.9853     -11.2737
                -11.3079     -10.9734     -11.4828     -11.2351     -11.5467
                -11.5874     -11.0886     -11.3756     -11.4274     -11.7082
   4      0     -11.3206     -11.5383     -11.6117     -11.4373     -11.5046
                -11.5307     -11.6328     -11.4047     -11.4545     -11.4137
                -11.3722     -11.6709     -11.5212     -11.9765     -11.2739
                -11.2760     -10.9676     -11.4764     -11.2144     -11.5456
                -11.5762     -11.0730     -11.3624     -11.4091     -11.6858
   5      0     -11.3275     -11.5371     -11.6069     -11.4255     -11.5014
                -11.5301     -11.6242     -11.3995     -11.4622     -11.4088
                -11.3734     -11.6739     -11.5249     -11.9861     -11.2646
                -11.2838     -10.9519     -11.4736     -11.2309     -11.5344
                -11.5837     -11.0701     -11.3673     -11.4265     -11.6968
   5     60     -11.3681     -11.5778     -11.6475     -11.4661     -11.5421
                -11.5705     -11.6647     -11.4402     -11.5030     -11.4495
                -11.4140     -11.7147     -11.5658     -12.0267     -11.3050
                -11.3245     -10.9926     -11.5142     -11.2715     -11.5753
                -11.6245     -11.1105     -11.4080     -11.4672     -11.7375
   5     80     -11.7756     -11.9859     -12.0548     -11.8738     -11.9509
                -11.9767     -12.0710     -11.8480     -11.9125     -11.8585
                -11.8206     -12.1243     -11.9747     -12.4341     -11.7115
                -11.7329     -11.4008     -11.9222     -11.6782     -11.9850
                -12.0335     -11.5177     -11.8158     -11.8759     -12.1448
   5    100     -12.8899     -13.0993     -13.1661     -12.9863     -13.0678
                -13.0876     -13.1809     -12.9608     -13.0305     -12.9743
                -12.9337     -13.2432     -13.0894     -13.5460     -12.8228
                -12.8477     -12.5160     -13.0366     -12.7910     -13.1011
                -13.1507     -12.6316     -12.9302     -12.9921     -13.2556
 
 group  inft   Estimated free energy: 1-th solvent contribution (kcal/mol)
   1      0       0.2436      -0.1203       0.0333      -0.3058       0.1227
                 -0.4183       0.4322       0.1322       0.3113       0.0068
                 -0.0648       0.2048       0.5468      -0.0783      -0.7582
                 -0.0956      -0.1481       0.1169       0.4220      -0.0418
                  0.6047      -0.1469       0.2156       0.3523      -1.1275
   1     60       0.2433      -0.1206       0.0330      -0.3061       0.1224
                 -0.4186       0.4319       0.1319       0.3110       0.0064
                 -0.0651       0.2044       0.5464      -0.0787      -0.7585
                 -0.0959      -0.1484       0.1166       0.4217      -0.0422
                  0.6043      -0.1472       0.2153       0.3519      -1.1278
   1     80       0.2399      -0.1241       0.0294      -0.3096       0.1190
                 -0.4220       0.4290       0.1287       0.3075       0.0030
                 -0.0687       0.2009       0.5431      -0.0823      -0.7620
                 -0.0994      -0.1520       0.1132       0.4181      -0.0457
                  0.6009      -0.1507       0.2118       0.3485      -1.1314
   1    100       0.2270      -0.1370       0.0159      -0.3224       0.1062
                 -0.4350       0.4174       0.1162       0.2944      -0.0102
                 -0.0821       0.1878       0.5305      -0.0959      -0.7754
                 -0.1122      -0.1654       0.1002       0.4048      -0.0587
                  0.5877      -0.1638       0.1989       0.3355      -1.1448
   2      0       0.2432      -0.1148       0.0508      -0.2991       0.1282
                 -0.4112       0.4222       0.1250       0.3196       0.0188
                 -0.0553       0.2141       0.5522      -0.0696      -0.7486
                 -0.0887      -0.1406       0.1230       0.4263      -0.0316
                  0.6057      -0.1406       0.2204       0.3581      -1.1199
   3      0       0.2448      -0.1061       0.0580      -0.2959       0.1366
                 -0.4095       0.4193       0.1263       0.3192       0.0176
                 -0.0561       0.2156       0.5554      -0.0663      -0.7436
                 -0.0865      -0.1365       0.1203       0.4258      -0.0285
                  0.6154      -0.1389       0.2248       0.3610      -1.1137
   4      0       0.2471      -0.1057       0.0585      -0.2935       0.1337
                 -0.4093       0.4175       0.1255       0.3209       0.0240
                 -0.0505       0.2171       0.5595      -0.0647      -0.7427
                 -0.0809      -0.1346       0.1273       0.4273      -0.0286
                  0.6136      -0.1381       0.2249       0.3616      -1.1107
   5      0       0.2487      -0.1035       0.0613      -0.2912       0.1369
                 -0.4107       0.4197       0.1261       0.3218       0.0249
                 -0.0534       0.2195       0.5580      -0.0635      -0.7407
                 -0.0772      -0.1318       0.1262       0.4285      -0.0266
                  0.6159      -0.1355       0.2238       0.3630      -1.1094
   5     60       0.2483      -0.1040       0.0608      -0.2916       0.1364
                 -0.4111       0.4193       0.1257       0.3214       0.0245
                 -0.0538       0.2191       0.5576      -0.0640      -0.7412
                 -0.0777      -0.1322       0.1258       0.4281      -0.0270
                  0.6155      -0.1359       0.2233       0.3625      -1.1098
   5     80       0.2439      -0.1084       0.0564      -0.2960       0.1321
                 -0.4154       0.4154       0.1215       0.3169       0.0201
                 -0.0583       0.2147       0.5534      -0.0684      -0.7456
                 -0.0820      -0.1367       0.1215       0.4236      -0.0314
                  0.6110      -0.1403       0.2190       0.3581      -1.1143
   5    100       0.2316      -0.1208       0.0440      -0.3083       0.1196
                 -0.4277       0.4038       0.1094       0.3044       0.0077
                 -0.0709       0.2023       0.5413      -0.0809      -0.7583
                 -0.0943      -0.1495       0.1091       0.4110      -0.0438
                  0.5985      -0.1527       0.2068       0.3456      -1.1268
 
 group  inft   Estimated free energy: 2-th solvent contribution (kcal/mol)
   1      0      -0.2405      -1.2889      -0.5704      -0.7015      -0.9944
                 -0.3653      -1.3600      -1.4493      -0.4737      -1.1346
                 -0.5705      -0.7169      -1.5428      -1.2346      -0.4662
                 -0.3826      -0.1346      -1.0643      -0.2253      -1.2022
                 -0.7279      -0.0396      -0.8039       0.0805      -0.6808
   1     60      -0.2402      -1.2886      -0.5702      -0.7013      -0.9942
                 -0.3651      -1.3597      -1.4492      -0.4735      -1.1344
                 -0.5703      -0.7167      -1.5426      -1.2344      -0.4658
                 -0.3824      -0.1343      -1.0641      -0.2249      -1.2020
                 -0.7277      -0.0393      -0.8037       0.0808      -0.6807
   1     80      -0.2387      -1.2878      -0.5691      -0.7002      -0.9933
                 -0.3639      -1.3588      -1.4484      -0.4723      -1.1338
                 -0.5691      -0.7157      -1.5418      -1.2334      -0.4642
                 -0.3813      -0.1328      -1.0632      -0.2231      -1.2011
                 -0.7267      -0.0376      -0.8023       0.0826      -0.6799
   1    100      -0.2356      -1.2867      -0.5671      -0.6975      -0.9914
                 -0.3617      -1.3571      -1.4469      -0.4700      -1.1324
                 -0.5670      -0.7140      -1.5412      -1.2316      -0.4607
                 -0.3793      -0.1289      -1.0610      -0.2189      -1.1996
                 -0.7244      -0.0343      -0.7994       0.0868      -0.6783
   2      0      -0.2473      -1.3004      -0.5816      -0.7006      -0.9896
                 -0.3580      -1.3680      -1.4434      -0.4924      -1.1585
                 -0.5538      -0.7126      -1.5360      -1.2447      -0.4740
                 -0.3752      -0.1286      -1.0665      -0.2224      -1.1970
                 -0.7266      -0.0269      -0.8076       0.0874      -0.6750
   3      0      -0.2490      -1.3003      -0.5867      -0.6933      -0.9861
                 -0.3443      -1.3580      -1.4474      -0.4975      -1.1423
                 -0.5475      -0.7102      -1.5238      -1.2571      -0.4732
                 -0.3729      -0.1142      -1.0656      -0.2337      -1.1977
                 -0.7240      -0.0148      -0.8067       0.0838      -0.6729
   4      0      -0.2528      -1.3013      -0.5900      -0.6999      -0.9930
                 -0.3467      -1.3685      -1.4434      -0.5027      -1.1486
                 -0.5483      -0.7058      -1.5253      -1.2592      -0.4804
                 -0.3642      -0.1145      -1.0723      -0.2283      -1.1972
                 -0.7249      -0.0145      -0.8060       0.0840      -0.6672
   5      0      -0.2521      -1.3000      -0.5856      -0.6914      -0.9870
                 -0.3397      -1.3577      -1.4427      -0.5040      -1.1445
                 -0.5396      -0.7048      -1.5188      -1.2649      -0.4724
                 -0.3687      -0.1006      -1.0674      -0.2363      -1.1929
                 -0.7295      -0.0082      -0.8024       0.0757      -0.6696
   5     60      -0.2518      -1.2997      -0.5854      -0.6912      -0.9868
                 -0.3394      -1.3575      -1.4425      -0.5037      -1.1442
                 -0.5393      -0.7045      -1.5185      -1.2646      -0.4719
                 -0.3685      -0.1002      -1.0671      -0.2360      -1.1926
                 -0.7293      -0.0078      -0.8021       0.0761      -0.6693
   5     80      -0.2498      -1.2986      -0.5843      -0.6895      -0.9857
                 -0.3378      -1.3561      -1.4415      -0.5024      -1.1432
                 -0.5378      -0.7030      -1.5176      -1.2635      -0.4697
                 -0.3670      -0.0977      -1.0659      -0.2334      -1.1914
                 -0.7279      -0.0056      -0.8003       0.0784      -0.6683
   5    100      -0.2465      -1.2974      -0.5823      -0.6870      -0.9842
                 -0.3359      -1.3540      -1.4400      -0.5004      -1.1419
                 -0.5357      -0.7012      -1.5163      -1.2617      -0.4660
                 -0.3649      -0.0940      -1.0639      -0.2292      -1.1903
                 -0.7257      -0.0025      -0.7974       0.0824      -0.6668
 
 group  inft   Estimated free energy: 3-th solvent contribution (kcal/mol)
   1      0     -11.2926     -10.1062     -11.0449     -10.3847     -10.6098
                -10.7405     -10.6557     -10.0457     -11.2495     -10.2474
                -10.7511     -11.1549     -10.5330     -10.6108     -10.0093
                -10.8110     -10.6819     -10.4979     -11.3793     -10.2784
                -11.4449     -10.8942     -10.7497     -11.8418      -9.8829
   1     60     -11.3215     -10.1353     -11.0738     -10.4137     -10.6388
                -10.7693     -10.6846     -10.0747     -11.2786     -10.2764
                -10.7800     -11.1840     -10.5622     -10.6397     -10.0382
                -10.8400     -10.7110     -10.5269     -11.4082     -10.3076
                -11.4739     -10.9231     -10.7787     -11.8708      -9.9119
   1     80     -11.6419     -10.4559     -11.3932     -10.7338     -10.9594
                -11.0883     -11.0040     -10.3949     -11.6001     -10.5973
                -11.0995     -11.5058     -10.8832     -10.9591     -10.3581
                -11.1609     -11.0323     -10.8474     -11.7284     -10.6293
                -11.7952     -11.2436     -11.0994     -12.1927     -10.2315
   1    100     -12.8424     -11.6549     -12.5878     -11.9311     -12.1602
                -12.2830     -12.1997     -11.5933     -12.8037     -11.7972
                -12.2976     -12.7103     -12.0829     -12.1543     -11.5560
                -12.3616     -12.2341     -12.0479     -12.9279     -11.8303
                -12.9983     -12.4445     -12.3001     -13.3973     -11.4271
   2      0     -11.2941     -10.0985     -11.0586     -10.3973     -10.6161
                -10.7493     -10.6509     -10.0516     -11.2440     -10.2505
                -10.7471     -11.1535     -10.5307     -10.6224     -10.0059
                -10.8038     -10.6796     -10.4925     -11.3856     -10.2759
                -11.4372     -10.8882     -10.7480     -11.8264      -9.8721
   3      0     -11.2972     -10.1052     -11.0589     -10.4038     -10.6176
                -10.7496     -10.6538     -10.0530     -11.2484     -10.2582
                -10.7514     -11.1585     -10.5344     -10.6224     -10.0175
                -10.8091     -10.6832     -10.4981     -11.3878     -10.2812
                -11.4393     -10.8955     -10.7542     -11.8328      -9.8822
   4      0     -11.2755     -10.0920     -11.0408     -10.4045     -10.6059
                -10.7353     -10.6424     -10.0474     -11.2334     -10.2497
                -10.7340     -11.1428     -10.5160     -10.6132     -10.0114
                -10.7915     -10.6791     -10.4920     -11.3739     -10.2804
                -11.4255     -10.8810     -10.7419     -11.8153      -9.8685
   5      0     -11.2848     -10.0942     -11.0431     -10.4035     -10.6119
                -10.7403     -10.6468     -10.0435     -11.2406     -10.2498
                -10.7411     -11.1492     -10.5248     -10.6183     -10.0121
                -10.7984     -10.6802     -10.4930     -11.3838     -10.2756
                -11.4307     -10.8870     -10.7493     -11.8258      -9.8785
   5     60     -11.3252     -10.1347     -11.0835     -10.4440     -10.6524
                -10.7806     -10.6872     -10.0840     -11.2813     -10.2904
                -10.7814     -11.1899     -10.5655     -10.6587     -10.0525
                -10.8389     -10.7208     -10.5335     -11.4242     -10.3163
                -11.4713     -10.9275     -10.7898     -11.8664      -9.9189
   5     80     -11.7303     -10.5395     -11.4876     -10.8488     -11.0579
                -11.1841     -11.0909     -10.4886     -11.6877     -10.6960
                -11.1852     -11.5966     -10.9711     -11.0628     -10.4568
                -11.2444     -11.1270     -10.9384     -11.8290     -10.7227
                -11.8772     -11.3324     -11.1952     -12.2729     -10.3228
   5    100     -12.8356     -11.6417     -12.5884     -11.9516     -12.1638
                -12.2846     -12.1913     -11.5908     -12.7951     -11.8007
                -12.2877     -12.7049     -12.0749     -12.1640     -11.5590
                -12.3491     -12.2331     -12.0424     -12.9334     -11.8276
                -12.9841     -12.4370     -12.3002     -13.3807     -11.4226
 
 
 cumulative average & 95% error for solvation free energy
              total             1st component         2nd component         3rd component
  1   -11.3407     0.0000     0.2448     0.0000    -0.2490     0.0000   -11.2972     0.0000
  2   -11.4459     0.2102     0.0693     0.3509    -0.7746     1.0513   -10.7012     1.1920
  3   -11.5062     0.1712     0.0655     0.2028    -0.7120     0.6198   -10.8204     0.7284
  4   -11.4878     0.1266    -0.0248     0.2307    -0.7073     0.4383   -10.7162     0.5556
  5   -11.4915     0.0983     0.0075     0.1900    -0.7631     0.3574   -10.6965     0.4321
  6   -11.5000     0.0821    -0.0620     0.2083    -0.6933     0.3235   -10.7054     0.3533
  7   -11.5189     0.0789     0.0067     0.2234    -0.7882     0.3329   -10.6980     0.2989
  8   -11.5057     0.0733     0.0217     0.1958    -0.8706     0.3321   -10.6174     0.3050
  9   -11.5013     0.0652     0.0547     0.1849    -0.8292     0.3044   -10.6875     0.3033
 10   -11.4934     0.0604     0.0510     0.1655    -0.8605     0.2793   -10.6445     0.2846
 11   -11.4844     0.0576     0.0413     0.1510    -0.8320     0.2590   -10.6543     0.2581
 12   -11.5017     0.0630     0.0558     0.1408    -0.8219     0.2373   -10.6963     0.2502
 13   -11.5049     0.0582     0.0942     0.1506    -0.8759     0.2435   -10.6838     0.2315
 14   -11.5392     0.0873     0.0828     0.1413    -0.9031     0.2320   -10.6794     0.2145
 15   -11.5215     0.0886     0.0277     0.1716    -0.8745     0.2234   -10.6353     0.2183
 16   -11.5081     0.0871     0.0205     0.1612    -0.8431     0.2182   -10.6462     0.2054
 17   -11.4767     0.1032     0.0113     0.1525    -0.8002     0.2222   -10.6484     0.1930
 18   -11.4770     0.0973     0.0174     0.1443    -0.8150     0.2115   -10.6400     0.1827
 19   -11.4643     0.0955     0.0389     0.1431    -0.7844     0.2092   -10.6794     0.1899
 20   -11.4684     0.0910     0.0355     0.1359    -0.8050     0.2028   -10.6595     0.1845
 21   -11.4741     0.0873     0.0631     0.1406    -0.8012     0.1930   -10.6966     0.1906
 22   -11.4565     0.0903     0.0539     0.1353    -0.7654     0.1974   -10.7056     0.1826
 23   -11.4530     0.0866     0.0613     0.1301    -0.7672     0.1887   -10.7077     0.1745
 24   -11.4520     0.0829     0.0738     0.1271    -0.7318     0.1941   -10.7546     0.1916
 25   -11.4622     0.0821     0.0263     0.1545    -0.7294     0.1862   -10.7197     0.1966
