 ERmod 0.3.7, Copyright (C) 2000-2019 Nobuyuki Matubayasi
                            2010-2019 Shun Sakuraba
 ERmod comes with ABSOLUTELY NO WARRANTY.
 This is free software, and you can redistribute it
 and/or modify it under certain conditions.
 See LICENSE file for details.
Opening: "/home/hervoe/snic2020-6-15/hervoe/Caffeine_solubility/Simulations/opls_simulations/CsCl/1.50/trajectory_ref_full.xtc"...
  Trying plugin "Gromacs XTC Compressed Trajectory"...OK
Opening: "/home/hervoe/snic2020-6-15/hervoe/Caffeine_solubility/Simulations/opls_simulations/Solute/trajectory_solute.xtc"...
  Trying plugin "Gromacs XTC Compressed Trajectory"...OK
Opening: "/home/hervoe/snic2020-6-15/hervoe/Caffeine_solubility/Simulations/opls_simulations/Solute/trajectory_solute.xtc"...
  Trying plugin "Gromacs XTC Compressed Trajectory"...OK
Opening: "/home/hervoe/snic2020-6-15/hervoe/Caffeine_solubility/Simulations/opls_simulations/Solute/trajectory_solute.xtc"...
  Trying plugin "Gromacs XTC Compressed Trajectory"...OK
Opening: "/home/hervoe/snic2020-6-15/hervoe/Caffeine_solubility/Simulations/opls_simulations/Solute/trajectory_solute.xtc"...
  Trying plugin "Gromacs XTC Compressed Trajectory"...OK
Opening: "/home/hervoe/snic2020-6-15/hervoe/Caffeine_solubility/Simulations/opls_simulations/Solute/trajectory_solute.xtc"...
  Trying plugin "Gromacs XTC Compressed Trajectory"...OK
Opening: "/home/hervoe/snic2020-6-15/hervoe/Caffeine_solubility/Simulations/opls_simulations/Solute/trajectory_solute.xtc"...
  Trying plugin "Gromacs XTC Compressed Trajectory"...OK
Opening: "/home/hervoe/snic2020-6-15/hervoe/Caffeine_solubility/Simulations/opls_simulations/Solute/trajectory_solute.xtc"...
  Trying plugin "Gromacs XTC Compressed Trajectory"...OK
Opening: "/home/hervoe/snic2020-6-15/hervoe/Caffeine_solubility/Simulations/opls_simulations/Solute/trajectory_solute.xtc"...
  Trying plugin "Gromacs XTC Compressed Trajectory"...OK
Opening: "/home/hervoe/snic2020-6-15/hervoe/Caffeine_solubility/Simulations/opls_simulations/Solute/trajectory_solute.xtc"...
  Trying plugin "Gromacs XTC Compressed Trajectory"...OK
Opening: "/home/hervoe/snic2020-6-15/hervoe/Caffeine_solubility/Simulations/opls_simulations/Solute/trajectory_solute.xtc"...
  Trying plugin "Gromacs XTC Compressed Trajectory"...OK
 
  Number of the   1-th solvent  =           27
  Number of the   2-th solvent  =           27
  Number of the   3-th solvent  =         1000
 
  Be sure that the solvent distribution is homogeneous (radial distribution function is essentially unity) when the solvent molecule is separated beyond distance of   10.0 Angstrom in any direction from any atom within the solute molecule
 
  LJ long-range correction    =        -0.0619     -0.0057     -0.9695
 
  Self-energy of the solute   =        -0.0370  kcal/mol
 
 
 cumulative average & 95% error for solvation energy
              total             1st component         2nd component         3rd component
  1   -49.3584               -0.0991               -4.3774              -44.8449
  2   -49.3603     0.0037    -1.2722     2.3462    -4.0536     0.6477   -43.9975     1.6947
  3   -49.4577     0.1949    -1.6494     1.5505    -3.7539     0.7064   -44.0174     0.9793
  4   -49.4439     0.1406    -1.6129     1.0988    -3.3189     1.0032   -44.4752     1.1478
  5   -49.5016     0.1586    -1.6791     0.8613    -3.2134     0.8052   -44.5721     0.9100
  6   -49.4686     0.1453    -1.4993     0.7899    -3.5372     0.9228   -44.3951     0.8230
  7   -49.4895     0.1298    -1.6816     0.7607    -3.6005     0.7901   -44.1705     0.8280
  8   -49.4867     0.1126    -1.4348     0.8231    -3.7683     0.7622   -44.2466     0.7331
  9   -49.4400     0.1362    -1.4631     0.7281    -3.7920     0.6738   -44.1479     0.6759
 10   -49.4396     0.1219    -1.4672     0.6513    -3.7902     0.6027   -44.1452     0.6046
 11   -49.4247     0.1142    -1.3435     0.6390    -3.6970     0.5761   -44.3472     0.6799
 12   -49.4458     0.1125    -1.3133     0.5865    -3.5160     0.6384   -44.5795     0.7752
 13   -49.4718     0.1158    -1.2379     0.5602    -3.3456     0.6790   -44.8513     0.8967
 14   -49.4622     0.1089    -1.3878     0.5991    -3.2799     0.6422   -44.7575     0.8511
 15   -49.4773     0.1058    -1.3305     0.5694    -3.2565     0.5997   -44.8534     0.8153
 16   -49.4706     0.0999    -1.1831     0.6087    -3.3382     0.5843   -44.9122     0.7716
 17   -49.4753     0.0943    -1.2247     0.5778    -3.3012     0.5539   -44.9124     0.7248
 18   -49.4714     0.0892    -1.1510     0.5643    -3.4262     0.5789   -44.8572     0.6922
 19   -49.4858     0.0892    -1.1810     0.5371    -3.3662     0.5606   -44.9015     0.6608
 20   -49.4903     0.0851    -1.2144     0.5139    -3.3376     0.5349   -44.9013     0.6269
 21   -49.4782     0.0845    -1.3093     0.5244    -3.2301     0.5523   -44.9018     0.5963
 22   -49.4784     0.0805    -1.2996     0.5004    -3.2456     0.5275   -44.8963     0.5686
 23   -49.4769     0.0770    -1.3600     0.4932    -3.2454     0.5040   -44.8346     0.5572
 24   -49.4848     0.0754    -1.2952     0.4896    -3.2745     0.4861   -44.8780     0.5405
 25   -49.4760     0.0744    -1.2269     0.4891    -3.3746     0.5074   -44.8375     0.5247
 
 
 group  inft  solvation free energy     error          difference
  total solvation free energy
   1      0        -10.85612           0.07573          -0.02382
   1     60        -10.89013           0.07572          -0.05784
   1     80        -11.23945           0.07565          -0.40716
   1    100        -12.48855           0.07542          -1.65625
   2      0        -10.83671           0.07529          -0.00441
   3      0        -10.83229           0.07488           0.00000
   4      0        -10.82574           0.07626           0.00655
   5      0        -10.82023           0.07655           0.01207
   5     60        -10.86694           0.07654          -0.03464
   5     80        -11.30544           0.07645          -0.47314
   5    100        -12.45313           0.07621          -1.62084
 
  contribution from  1-th solvent component
   1      0          0.48610           0.23897          -0.01467
   1     60          0.48491           0.23896          -0.01587
   1     80          0.47421           0.23896          -0.02656
   1    100          0.43499           0.23894          -0.06579
   2      0          0.49783           0.23848          -0.00294
   3      0          0.50077           0.23861           0.00000
   4      0          0.50269           0.23870           0.00192
   5      0          0.50477           0.23875           0.00399
   5     60          0.50318           0.23875           0.00240
   5     80          0.48950           0.23875          -0.01128
   5    100          0.45337           0.23877          -0.04741
 
  contribution from  2-th solvent component
   1      0         -1.63112           0.25551          -0.01563
   1     60         -1.63179           0.25551          -0.01630
   1     80         -1.63970           0.25556          -0.02421
   1    100         -1.66926           0.25571          -0.05376
   2      0         -1.62062           0.25449          -0.00513
   3      0         -1.61549           0.25410           0.00000
   4      0         -1.61402           0.25402           0.00148
   5      0         -1.61170           0.25374           0.00379
   5     60         -1.61268           0.25374           0.00282
   5     80         -1.62301           0.25380          -0.00751
   5    100         -1.64999           0.25391          -0.03450
 
  contribution from  3-th solvent component
   1      0         -9.67411           0.24816           0.00648
   1     60         -9.70625           0.24818          -0.02567
   1     80        -10.03697           0.24840          -0.35639
   1    100        -11.21729           0.24906          -1.53670
   2      0         -9.67693           0.24779           0.00366
   3      0         -9.68058           0.24775           0.00000
   4      0         -9.67743           0.24558           0.00316
   5      0         -9.67630           0.24637           0.00428
   5     60         -9.72045           0.24640          -0.03986
   5     80        -10.13494           0.24669          -0.45435
   5    100        -11.21952           0.24737          -1.53894
 
 
 group  inft   Estimated free energy: total (kcal/mol)
   1      0     -10.8435     -10.9364     -10.6806     -10.7034     -11.1051
                -10.8375     -10.9525     -11.3973     -11.1482     -11.0606
                -10.8515     -10.6875     -10.7459     -11.0439     -10.7701
                -10.7941     -10.7191     -10.9108     -10.6635     -10.6770
                -10.8332     -10.9098     -10.9118     -10.6406     -10.5789
   1     60     -10.8777     -10.9703     -10.7146     -10.7375     -11.1393
                -10.8715     -10.9864     -11.4312     -11.1822     -11.0946
                -10.8855     -10.7217     -10.7799     -11.0778     -10.8042
                -10.8281     -10.7531     -10.9447     -10.6976     -10.7110
                -10.8673     -10.9439     -10.9458     -10.6746     -10.6127
   1     80     -11.2282     -11.3191     -11.0639     -11.0874     -11.4906
                -11.2207     -11.3347     -11.7795     -11.5307     -11.4441
                -11.2345     -11.0726     -11.1289     -11.4261     -11.1534
                -11.1774     -11.1022     -11.2934     -11.0485     -11.0600
                -11.2170     -11.2938     -11.2949     -11.0246     -10.9602
   1    100     -12.4804     -12.5676     -12.3123     -12.3385     -12.7448
                -12.4684     -12.5815     -13.0248     -12.7771     -12.6949
                -12.4824     -12.3262     -12.3772     -12.6717     -12.4022
                -12.4282     -12.3502     -12.5406     -12.3027     -12.3071
                -12.4670     -12.5450     -12.5428     -12.2756     -12.2047
   2      0     -10.8299     -10.9233     -10.6536     -10.6888     -11.0745
                -10.8117     -10.9298     -11.3838     -11.1341     -11.0345
                -10.8369     -10.6859     -10.7413     -11.0091     -10.7557
                -10.7646     -10.7000     -10.8869     -10.6471     -10.6532
                -10.8111     -10.8838     -10.8958     -10.6329     -10.5493
   3      0     -10.8157     -10.9304     -10.6499     -10.6859     -11.0716
                -10.8056     -10.9283     -11.3767     -11.1239     -11.0263
                -10.8409     -10.6885     -10.7523     -10.9935     -10.7528
                -10.7561     -10.6949     -10.8830     -10.6391     -10.6602
                -10.8083     -10.8787     -10.8866     -10.6140     -10.5440
   4      0     -10.8142     -10.9304     -10.6368     -10.6800     -11.0708
                -10.8122     -10.9231     -11.3758     -11.1358     -11.0173
                -10.8219     -10.6698     -10.7271     -10.9940     -10.7330
                -10.7437     -10.6945     -10.8749     -10.6334     -10.6405
                -10.7967     -10.8729     -10.8839     -10.6224     -10.5383
   5      0     -10.8098     -10.9185     -10.6299     -10.6753     -11.0715
                -10.8008     -10.9144     -11.3708     -11.1219     -11.0198
                -10.8275     -10.6682     -10.7270     -10.9915     -10.7415
                -10.7354     -10.6948     -10.8708     -10.6173     -10.6293
                -10.8037     -10.8610     -10.8699     -10.6067     -10.5283
   5     60     -10.8567     -10.9650     -10.6766     -10.7221     -11.1185
                -10.8475     -10.9610     -11.4174     -11.1686     -11.0665
                -10.8742     -10.7151     -10.7737     -11.0380     -10.7883
                -10.7820     -10.7415     -10.9174     -10.6642     -10.6760
                -10.8504     -10.9078     -10.9167     -10.6535     -10.5748
   5     80     -11.2963     -11.4030     -11.1148     -11.1614     -11.5594
                -11.2857     -11.3982     -11.8546     -11.6061     -11.5049
                -11.3122     -11.1561     -11.2124     -11.4751     -11.2266
                -11.2204     -11.1799     -11.3551     -11.1047     -11.1140
                -11.2893     -11.3469     -11.3549     -11.0930     -11.0108
   5    100     -12.4460     -12.5506     -12.2611     -12.3114     -12.7120
                -12.4322     -12.5436     -12.9986     -12.7514     -12.6535
                -12.4585     -12.3093     -12.3605     -12.6190     -12.3737
                -12.3693     -12.3274     -12.5007     -12.2569     -12.2598
                -12.4380     -12.4963     -12.5021     -12.2427     -12.1537
 
 group  inft   Estimated free energy: 1-th solvent contribution (kcal/mol)
   1      0       0.8343      -0.0584      -0.0004       0.4573       0.0179
                  0.5609      -0.2864       1.0521       0.0621       0.2116
                  1.1530       0.7148       1.0739      -0.4883       0.8095
                  1.5632       0.3132       1.1590       0.3819       0.3407
                 -0.4600       0.5320      -0.3711       1.1947       1.3849
   1     60       0.8331      -0.0596      -0.0016       0.4561       0.0167
                  0.5597      -0.2876       1.0509       0.0609       0.2104
                  1.1518       0.7136       1.0727      -0.4894       0.8083
                  1.5620       0.3121       1.1578       0.3807       0.3395
                 -0.4611       0.5308      -0.3723       1.1935       1.3838
   1     80       0.8221      -0.0701      -0.0121       0.4454       0.0057
                  0.5489      -0.2982       1.0403       0.0502       0.1996
                  1.1415       0.7028       1.0619      -0.4999       0.7975
                  1.5512       0.3015       1.1472       0.3698       0.3287
                 -0.4717       0.5200      -0.3831       1.1828       1.3733
   1    100       0.7820      -0.1090      -0.0509       0.4064      -0.0344
                  0.5097      -0.3372       1.0010       0.0110       0.1602
                  1.1032       0.6633       1.0222      -0.5383       0.7578
                  1.5119       0.2629       1.1085       0.3299       0.2890
                 -0.5101       0.4803      -0.4228       1.1432       1.3349
   2      0       0.8462      -0.0479       0.0164       0.4674       0.0390
                  0.5732      -0.2716       1.0610       0.0711       0.2286
                  1.1533       0.7254       1.0850      -0.4740       0.8204
                  1.5733       0.3251       1.1720       0.3932       0.3556
                 -0.4521       0.5448      -0.3617       1.2052       1.3969
   3      0       0.8485      -0.0482       0.0171       0.4724       0.0461
                  0.5747      -0.2729       1.0680       0.0746       0.2301
                  1.1552       0.7260       1.0823      -0.4664       0.8212
                  1.5814       0.3263       1.1766       0.4007       0.3532
                 -0.4504       0.5494      -0.3565       1.2084       1.4017
   4      0       0.8486      -0.0466       0.0176       0.4751       0.0454
                  0.5743      -0.2624       1.0670       0.0703       0.2331
                  1.1534       0.7322       1.0916      -0.4695       0.8307
                  1.5822       0.3276       1.1816       0.4011       0.3607
                 -0.4511       0.5486      -0.3530       1.2073       1.4015
   5      0       0.8519      -0.0436       0.0190       0.4778       0.0462
                  0.5754      -0.2655       1.0719       0.0756       0.2300
                  1.1552       0.7341       1.0926      -0.4668       0.8297
                  1.5859       0.3264       1.1823       0.4080       0.3635
                 -0.4501       0.5540      -0.3467       1.2086       1.4038
   5     60       0.8503      -0.0451       0.0174       0.4762       0.0446
                  0.5739      -0.2671       1.0704       0.0740       0.2284
                  1.1537       0.7325       1.0910      -0.4684       0.8281
                  1.5843       0.3248       1.1807       0.4064       0.3619
                 -0.4517       0.5524      -0.3483       1.2070       1.4022
   5     80       0.8363      -0.0587       0.0039       0.4626       0.0308
                  0.5602      -0.2807       1.0567       0.0604       0.2147
                  1.1403       0.7188       1.0771      -0.4818       0.8142
                  1.5707       0.3112       1.1670       0.3926       0.3480
                 -0.4654       0.5386      -0.3621       1.1932       1.3889
   5    100       0.7995      -0.0947      -0.0319       0.4265      -0.0058
                  0.5241      -0.3167       1.0207       0.0243       0.1785
                  1.1048       0.6825       1.0405      -0.5174       0.7774
                  1.5348       0.2754       1.1311       0.3562       0.3114
                 -0.5015       0.5023      -0.3986       1.1567       1.3539
 
 group  inft   Estimated free energy: 2-th solvent contribution (kcal/mol)
   1      0      -1.9847      -1.9392      -1.3552      -0.9733      -1.3972
                 -2.3450      -1.8842      -2.7566      -2.2214      -1.8845
                 -1.5474      -0.6324      -0.5367      -1.4599      -1.2344
                 -2.1428      -1.2897      -2.7826      -0.9484      -1.2869
                 -0.6339      -1.7702      -1.4838      -1.6352      -2.6524
   1     60      -1.9853      -1.9398      -1.3558      -0.9740      -1.3979
                 -2.3457      -1.8849      -2.7572      -2.2221      -1.8852
                 -1.5481      -0.6331      -0.5373      -1.4606      -1.2350
                 -2.1435      -1.2904      -2.7833      -0.9490      -1.2875
                 -0.6346      -1.7709      -1.4845      -1.6359      -2.6530
   1     80      -1.9932      -1.9478      -1.3638      -0.9820      -1.4058
                 -2.3538      -1.8929      -2.7652      -2.2303      -1.8934
                 -1.5560      -0.6409      -0.5443      -1.4687      -1.2422
                 -2.1516      -1.2984      -2.7911      -0.9567      -1.2954
                 -0.6427      -1.7787      -1.4925      -1.6438      -2.6612
   1    100      -2.0224      -1.9780      -1.3935      -1.0119      -1.4355
                 -2.3837      -1.9228      -2.7947      -2.2607      -1.9240
                 -1.5853      -0.6699      -0.5711      -1.4991      -1.2696
                 -2.1819      -1.3284      -2.8202      -0.9857      -1.3248
                 -0.6727      -1.8081      -1.5223      -1.6733      -2.6916
   2      0      -1.9779      -1.9301      -1.3418      -0.9661      -1.3886
                 -2.3299      -1.8734      -2.7500      -2.2101      -1.8711
                 -1.5431      -0.6369      -0.5383      -1.4382      -1.2292
                 -2.1278      -1.2711      -2.7705      -0.9386      -1.2759
                 -0.6224      -1.7567      -1.4665      -1.6295      -2.6318
   3      0      -1.9738      -1.9248      -1.3344      -0.9620      -1.3858
                 -2.3209      -1.8582      -2.7494      -2.2041      -1.8626
                 -1.5358      -0.6323      -0.5413      -1.4291      -1.2344
                 -2.1236      -1.2657      -2.7658      -0.9318      -1.2737
                 -0.6188      -1.7518      -1.4638      -1.6165      -2.6268
   4      0      -1.9729      -1.9184      -1.3291      -0.9604      -1.3833
                 -2.3222      -1.8586      -2.7476      -2.2045      -1.8612
                 -1.5337      -0.6308      -0.5436      -1.4255      -1.2346
                 -2.1199      -1.2658      -2.7620      -0.9311      -1.2709
                 -0.6171      -1.7579      -1.4580      -1.6158      -2.6257
   5      0      -1.9702      -1.9160      -1.3248      -0.9593      -1.3857
                 -2.3174      -1.8553      -2.7473      -2.2001      -1.8560
                 -1.5352      -0.6291      -0.5439      -1.4212      -1.2365
                 -2.1134      -1.2674      -2.7639      -0.9257      -1.2647
                 -0.6196      -1.7491      -1.4580      -1.6111      -2.6218
   5     60      -1.9711      -1.9170      -1.3258      -0.9603      -1.3866
                 -2.3184      -1.8562      -2.7483      -2.2010      -1.8570
                 -1.5362      -0.6301      -0.5447      -1.4222      -1.2374
                 -2.1144      -1.2684      -2.7649      -0.9267      -1.2657
                 -0.6206      -1.7501      -1.4590      -1.6120      -2.6228
   5     80      -1.9814      -1.9274      -1.3362      -0.9707      -1.3970
                 -2.3288      -1.8666      -2.7587      -2.2117      -1.8676
                 -1.5466      -0.6404      -0.5541      -1.4327      -1.2469
                 -2.1249      -1.2789      -2.7752      -0.9368      -1.2760
                 -0.6310      -1.7604      -1.4695      -1.6224      -2.6334
   5    100      -2.0083      -1.9547      -1.3633      -0.9979      -1.4243
                 -2.3562      -1.8935      -2.7855      -2.2396      -1.8954
                 -1.5736      -0.6675      -0.5786      -1.4600      -1.2720
                 -2.1525      -1.3063      -2.8017      -0.9633      -1.3028
                 -0.6584      -1.7874      -1.4969      -1.6492      -2.6611
 
 group  inft   Estimated free energy: 3-th solvent contribution (kcal/mol)
   1      0      -9.6562      -8.9019      -9.2880     -10.1504      -9.6888
                 -9.0163      -8.7448      -9.6558      -8.9519      -9.3507
                -10.4201     -10.7329     -11.2461      -9.0587     -10.3083
                -10.1775      -9.7056      -9.2502     -10.0600      -9.6939
                 -9.7024      -9.6347      -9.0199     -10.1631      -9.2745
   1     60      -9.6885      -8.9340      -9.3202     -10.1826      -9.7211
                 -9.0484      -8.7769      -9.6879      -8.9840      -9.3828
                -10.4522     -10.7651     -11.2783      -9.0908     -10.3405
                -10.2096      -9.7378      -9.2823     -10.0923      -9.7260
                 -9.7345      -9.6669      -9.0520     -10.1953      -9.3065
   1     80     -10.0201      -9.2641      -9.6510     -10.5139     -10.0535
                 -9.3788      -9.1066     -10.0176      -9.3137      -9.7133
                -10.7830     -11.0976     -11.6095      -9.4205     -10.6717
                -10.5400     -10.0683      -9.6125     -10.4246     -10.0563
                -10.0656      -9.9981      -9.3822     -10.5266      -9.6353
   1    100     -11.2029     -10.4436     -10.8309     -11.6960     -11.2379
                -10.5574     -10.2845     -11.1942     -10.4903     -10.8941
                -11.9633     -12.2827     -12.7913     -10.5973     -11.8534
                -11.7212     -11.2477     -10.7918     -11.6098     -11.2343
                -11.2472     -11.1802     -10.5607     -11.7086     -10.8110
   2      0      -9.6612      -8.9083      -9.2912     -10.1531      -9.6878
                 -9.0180      -8.7477      -9.6579      -8.9582      -9.3549
                -10.4101     -10.7375     -11.2510      -9.0600     -10.3099
                -10.1732      -9.7170      -9.2514     -10.0648      -9.6959
                 -9.6997      -9.6349      -9.0306     -10.1715      -9.2774
   3      0      -9.6534      -8.9204      -9.2955     -10.1594      -9.6949
                 -9.0225      -8.7602      -9.6583      -8.9575      -9.3568
                -10.4232     -10.7452     -11.2563      -9.0610     -10.3026
                -10.1768      -9.7184      -9.2569     -10.0710      -9.7027
                 -9.7022      -9.6393      -9.0293     -10.1689      -9.2819
   4      0      -9.6528      -8.9284      -9.2883     -10.1578      -9.6958
                 -9.0274      -8.7651      -9.6583      -8.9646      -9.3522
                -10.4046     -10.7342     -11.2382      -9.0621     -10.2921
                -10.1690      -9.7193      -9.2575     -10.0664      -9.6933
                 -9.6916      -9.6266      -9.0360     -10.1770      -9.2772
   5      0      -9.6546      -8.9219      -9.2871     -10.1569      -9.6951
                 -9.0219      -8.7566      -9.6584      -8.9605      -9.3569
                -10.4106     -10.7362     -11.2387      -9.0664     -10.2978
                -10.1708      -9.7167      -9.2522     -10.0625      -9.6911
                 -9.6970      -9.6289      -9.0282     -10.1673      -9.2733
   5     60      -9.6988      -8.9659      -9.3312     -10.2011      -9.7395
                 -9.0660      -8.8006      -9.7025      -9.0046      -9.4010
                -10.4547     -10.7806     -11.2830      -9.1104     -10.3420
                -10.2149      -9.7609      -9.2962     -10.1069      -9.7352
                 -9.7412      -9.6731      -9.0723     -10.2115      -9.3172
   5     80     -10.1142      -9.3799      -9.7455     -10.6163     -10.1562
                 -9.4801      -9.2139     -10.1156      -9.4178      -9.8150
                -10.8689     -11.1975     -11.6984      -9.5236     -10.7569
                -10.6291     -10.1753      -9.7100     -10.5234     -10.1491
                -10.1560     -10.0882      -9.4863     -10.6268      -9.7294
   5    100     -11.2002     -10.4643     -10.8289     -11.7031     -11.2449
                -10.5632     -10.2964     -11.1967     -10.4991     -10.8996
                -11.9527     -12.2874     -12.7854     -10.6046     -11.8421
                -11.7146     -11.2595     -10.7931     -11.6129     -11.2315
                -11.2412     -11.1742     -10.5697     -11.7133     -10.8095
 
 
 cumulative average & 95% error for solvation free energy
              total             1st component         2nd component         3rd component
  1   -10.8157     0.0000     0.8485     0.0000    -1.9738     0.0000    -9.6534     0.0000
  2   -10.8731     0.1147     0.4002     0.8967    -1.9493     0.0490    -9.2869     0.7330
  3   -10.7987     0.1629     0.2725     0.5773    -1.7443     0.4109    -9.2898     0.4232
  4   -10.7705     0.1282     0.3224     0.4203    -1.5487     0.4873    -9.5072     0.5278
  5   -10.8307     0.1561     0.2672     0.3438    -1.5162     0.3830    -9.5447     0.4157
  6   -10.8265     0.1277     0.3184     0.2988    -1.6503     0.4120    -9.4577     0.3814
  7   -10.8411     0.1118     0.2339     0.3039    -1.6800     0.3532    -9.3580     0.3790
  8   -10.9080     0.1653     0.3382     0.3357    -1.8137     0.4063    -9.3956     0.3367
  9   -10.9320     0.1534     0.3089     0.3018    -1.8570     0.3687    -9.3469     0.3125
 10   -10.9414     0.1385     0.3010     0.2704    -1.8576     0.3297    -9.3479     0.2795
 11   -10.9323     0.1266     0.3787     0.2897    -1.8283     0.3039    -9.4457     0.3196
 12   -10.9120     0.1225     0.4076     0.2708    -1.7287     0.3416    -9.5540     0.3634
 13   -10.8997     0.1154     0.4595     0.2698    -1.6373     0.3635    -9.6849     0.4246
 14   -10.9064     0.1076     0.3934     0.2827    -1.6225     0.3378    -9.6403     0.4031
 15   -10.8962     0.1023     0.4219     0.2693    -1.5966     0.3187    -9.6845     0.3855
 16   -10.8874     0.0973     0.4944     0.2906    -1.6295     0.3054    -9.7153     0.3658
 17   -10.8761     0.0941     0.4845     0.2737    -1.6081     0.2900    -9.7154     0.3436
 18   -10.8765     0.0887     0.5229     0.2692    -1.6724     0.3022    -9.6900     0.3280
 19   -10.8640     0.0876     0.5165     0.2550    -1.6335     0.2963    -9.7100     0.3128
 20   -10.8538     0.0856     0.5083     0.2425    -1.6155     0.2833    -9.7097     0.2968
 21   -10.8516     0.0815     0.4627     0.2480    -1.5680     0.2857    -9.7093     0.2823
 22   -10.8528     0.0777     0.4666     0.2366    -1.5764     0.2730    -9.7061     0.2692
 23   -10.8543     0.0743     0.4308     0.2372    -1.5715     0.2610    -9.6767     0.2639
 24   -10.8443     0.0739     0.4632     0.2361    -1.5734     0.2499    -9.6972     0.2560
 25   -10.8323     0.0749     0.5008     0.2386    -1.6155     0.2541    -9.6806     0.2478
