Lmod has detected the following error: These module(s) exist but cannot be
loaded as requested: "hwloc/1.11.11"
   Try: "module spider hwloc/1.11.11" to see how to load the module(s).



Lmod has detected the following error: These module(s) exist but cannot be
loaded as requested: "hwloc/1.11.11"
   Try: "module spider hwloc/1.11.11" to see how to load the module(s).



 ERmod 0.3.7, Copyright (C) 2000-2019 Nobuyuki Matubayasi
                            2010-2019 Shun Sakuraba
 ERmod comes with ABSOLUTELY NO WARRANTY.
 This is free software, and you can redistribute it
 and/or modify it under certain conditions.
 See LICENSE file for details.
Opening: "/home/hervoe/snic2020-6-15/hervoe/temp/Simulations/KI/0.50/trajectory_sol_full.xtc"...
  Trying plugin "Gromacs XTC Compressed Trajectory"...OK
 ERmod 0.3.7, Copyright (C) 2000-2019 Nobuyuki Matubayasi
                            2010-2019 Shun Sakuraba
 ERmod comes with ABSOLUTELY NO WARRANTY.
 This is free software, and you can redistribute it
 and/or modify it under certain conditions.
 See LICENSE file for details.
Opening: "/home/hervoe/snic2020-6-15/hervoe/temp/Simulations/KI/0.50/trajectory_ref_full.xtc"...
  Trying plugin "Gromacs XTC Compressed Trajectory"...OK
Opening: "/home/hervoe/snic2020-6-15/hervoe/temp/Simulations/Solute_new/trajectory_solute.xtc"...
  Trying plugin "Gromacs XTC Compressed Trajectory"...OK
Opening: "/home/hervoe/snic2020-6-15/hervoe/temp/Simulations/Solute_new/trajectory_solute.xtc"...
  Trying plugin "Gromacs XTC Compressed Trajectory"...OK
Opening: "/home/hervoe/snic2020-6-15/hervoe/temp/Simulations/Solute_new/trajectory_solute.xtc"...
  Trying plugin "Gromacs XTC Compressed Trajectory"...OK
Opening: "/home/hervoe/snic2020-6-15/hervoe/temp/Simulations/Solute_new/trajectory_solute.xtc"...
  Trying plugin "Gromacs XTC Compressed Trajectory"...OK
Opening: "/home/hervoe/snic2020-6-15/hervoe/temp/Simulations/Solute_new/trajectory_solute.xtc"...
  Trying plugin "Gromacs XTC Compressed Trajectory"...OK
Opening: "/home/hervoe/snic2020-6-15/hervoe/temp/Simulations/Solute_new/trajectory_solute.xtc"...
  Trying plugin "Gromacs XTC Compressed Trajectory"...OK
Opening: "/home/hervoe/snic2020-6-15/hervoe/temp/Simulations/Solute_new/trajectory_solute.xtc"...
  Trying plugin "Gromacs XTC Compressed Trajectory"...OK
Opening: "/home/hervoe/snic2020-6-15/hervoe/temp/Simulations/Solute_new/trajectory_solute.xtc"...
  Trying plugin "Gromacs XTC Compressed Trajectory"...OK
Opening: "/home/hervoe/snic2020-6-15/hervoe/temp/Simulations/Solute_new/trajectory_solute.xtc"...
  Trying plugin "Gromacs XTC Compressed Trajectory"...OK
Opening: "/home/hervoe/snic2020-6-15/hervoe/temp/Simulations/Solute_new/trajectory_solute.xtc"...
  Trying plugin "Gromacs XTC Compressed Trajectory"...OK
 
  Number of the   1-th solvent  =            9
  Number of the   2-th solvent  =            9
  Number of the   3-th solvent  =         1000
 
  Be sure that the solvent distribution is homogeneous (radial distribution function is essentially unity) when the solvent molecule is separated beyond distance of   10.0 Angstrom in any direction from any atom within the solute molecule
 
  LJ long-range correction    =        -0.0272     -0.0074     -0.8772
 
  Self-energy of the solute   =        -0.0161  kcal/mol
 
 
 cumulative average & 95% error for solvation energy
              total             1st component         2nd component         3rd component
  1   -59.3295               -0.8136               -2.2950              -56.2048
  2   -59.3192     0.0206    -0.8613     0.0954    -2.0313     0.5275   -56.4106     0.4116
  3   -59.3302     0.0250    -0.9798     0.2433    -1.9895     0.3158   -56.3449     0.2716
  4   -59.3701     0.0818    -0.9898     0.1732    -2.0108     0.2273   -56.3535     0.1928
  5   -59.3732     0.0636    -0.7286     0.5393    -2.1061     0.2595   -56.5224     0.3694
  6   -59.3407     0.0832    -0.5516     0.5650    -2.2889     0.4227   -56.4841     0.3112
  7   -59.3206     0.0810    -0.5083     0.4853    -2.2655     0.3603   -56.5308     0.2791
  8   -59.3000     0.0814    -0.5259     0.4218    -2.0710     0.4988   -56.6871     0.3951
  9   -59.3051     0.0725    -0.6221     0.4188    -1.9676     0.4861   -56.6994     0.3493
 10   -59.3207     0.0720    -0.6218     0.3746    -1.9352     0.4396   -56.7477     0.3271
 11   -59.3269     0.0663    -0.5992     0.3418    -1.9508     0.3988   -56.7609     0.2970
 12   -59.3153     0.0648    -0.5767     0.3152    -1.9887     0.3719   -56.7338     0.2765
 13   -59.3204     0.0605    -0.5335     0.3026    -1.9448     0.3531   -56.8261     0.3143
 14   -59.3058     0.0633    -0.5640     0.2867    -1.8726     0.3574   -56.8531     0.2960
 15   -59.3202     0.0656    -0.5446     0.2697    -1.8863     0.3339   -56.8733     0.2784
 16   -59.3161     0.0619    -0.6538     0.3337    -1.8713     0.3138   -56.7749     0.3264
 17   -59.3248     0.0607    -0.6444     0.3140    -1.8253     0.3088   -56.8391     0.3323
 18   -59.3203     0.0580    -0.6074     0.3052    -1.7741     0.3086   -56.9228     0.3552
 19   -59.3236     0.0553    -0.5323     0.3254    -1.7812     0.2923   -56.9940     0.3650
 20   -59.3258     0.0526    -0.5428     0.3094    -1.8012     0.2801   -56.9658     0.3508
 21   -59.3315     0.0513    -0.5217     0.2973    -1.7723     0.2727   -57.0214     0.3518
 22   -59.3219     0.0525    -0.5102     0.2844    -1.8439     0.2968   -56.9518     0.3632
 23   -59.3128     0.0534    -0.4838     0.2769    -1.8511     0.2840   -56.9619     0.3476
 24   -59.3172     0.0518    -0.4583     0.2699    -1.9040     0.2918   -56.9388     0.3360
 25   -59.3225     0.0508    -0.4385     0.2619    -1.9193     0.2815   -56.9487     0.3229
 
 
 group  inft  solvation free energy     error          difference
  total solvation free energy
   1      0        -16.12894           0.04097           0.00281
   1     60        -16.16093           0.04098          -0.02918
   1     80        -16.48637           0.04108          -0.35462
   1    100        -17.66567           0.04140          -1.53392
   2      0        -16.12460           0.03990           0.00716
   3      0        -16.13175           0.04023           0.00000
   4      0        -16.11973           0.04016           0.01202
   5      0        -16.11696           0.04096           0.01479
   5     60        -16.16141           0.04097          -0.02966
   5     80        -16.57094           0.04108          -0.43919
   5    100        -17.65675           0.04135          -1.52500
 
  contribution from  1-th solvent component
   1      0          0.24567           0.11522          -0.00759
   1     60          0.24525           0.11522          -0.00802
   1     80          0.24104           0.11523          -0.01222
   1    100          0.22659           0.11528          -0.02667
   2      0          0.25057           0.11470          -0.00269
   3      0          0.25326           0.11486           0.00000
   4      0          0.25413           0.11477           0.00087
   5      0          0.25463           0.11469           0.00137
   5     60          0.25402           0.11469           0.00075
   5     80          0.24875           0.11470          -0.00451
   5    100          0.23547           0.11473          -0.01779
 
  contribution from  2-th solvent component
   1      0         -1.22397           0.14069          -0.00075
   1     60         -1.22407           0.14069          -0.00085
   1     80         -1.22484           0.14073          -0.00163
   1    100         -1.23094           0.14088          -0.00773
   2      0         -1.22413           0.13843          -0.00092
   3      0         -1.22321           0.13752           0.00000
   4      0         -1.22344           0.13673          -0.00023
   5      0         -1.22318           0.13715           0.00003
   5     60         -1.22322           0.13715          -0.00001
   5     80         -1.22473           0.13717          -0.00152
   5    100         -1.23048           0.13725          -0.00727
 
  contribution from  3-th solvent component
   1      0        -15.13460           0.15239           0.01115
   1     60        -15.16606           0.15242          -0.02031
   1     80        -15.48652           0.15265          -0.34077
   1    100        -16.64526           0.15336          -1.49952
   2      0        -15.13498           0.15156           0.01077
   3      0        -15.14575           0.15166           0.00000
   4      0        -15.13437           0.15062           0.01138
   5      0        -15.13236           0.15101           0.01339
   5     60        -15.17615           0.15105          -0.03040
   5     80        -15.57890           0.15131          -0.43316
   5    100        -16.64568           0.15190          -1.49994
 
 
 group  inft   Estimated free energy: total (kcal/mol)
   1      0     -16.0593     -16.0771     -16.2408     -16.2292     -16.2747
                -16.1190     -16.0178     -15.9395     -16.0031     -16.0623
                -16.2274     -15.9905     -16.1553     -15.9708     -16.3198
                -16.1651     -16.2291     -16.0254     -16.2007     -16.1822
                -16.1035     -16.1079     -16.1947     -16.2021     -16.1263
   1     60     -16.0914     -16.1090     -16.2728     -16.2612     -16.3067
                -16.1510     -16.0497     -15.9717     -16.0351     -16.0941
                -16.2597     -16.0224     -16.1874     -16.0026     -16.3517
                -16.1967     -16.2613     -16.0576     -16.2327     -16.2141
                -16.1357     -16.1396     -16.2266     -16.2341     -16.1584
   1     80     -16.4170     -16.4338     -16.5992     -16.5878     -16.6323
                -16.4758     -16.3745     -16.2978     -16.3598     -16.4192
                -16.5865     -16.3477     -16.5135     -16.3272     -16.6769
                -16.5206     -16.5886     -16.3836     -16.5584     -16.5396
                -16.4616     -16.4631     -16.5513     -16.5589     -16.4847
   1    100     -17.5959     -17.6108     -17.7813     -17.7729     -17.8116
                -17.6513     -17.5523     -17.4787     -17.5369     -17.5973
                -17.7684     -17.5261     -17.6960     -17.5059     -17.8560
                -17.6957     -17.7734     -17.5643     -17.7383     -17.7195
                -17.6412     -17.6372     -17.7277     -17.7353     -17.6680
   2      0     -16.0546     -16.0780     -16.2336     -16.2179     -16.2518
                -16.1040     -16.0073     -15.9421     -15.9990     -16.0715
                -16.2216     -15.9698     -16.1557     -15.9822     -16.3162
                -16.1630     -16.2262     -16.0403     -16.2005     -16.1905
                -16.1019     -16.0956     -16.1860     -16.1833     -16.1221
   3      0     -16.0505     -16.0794     -16.2379     -16.2221     -16.2544
                -16.1091     -16.0097     -15.9585     -16.0062     -16.0856
                -16.2237     -15.9663     -16.1683     -15.9964     -16.3268
                -16.1671     -16.2438     -16.0418     -16.2059     -16.2053
                -16.1081     -16.1044     -16.1977     -16.1926     -16.1321
   4      0     -16.0437     -16.0706     -16.2248     -16.2057     -16.2454
                -16.0923     -15.9962     -15.9372     -15.9973     -16.0753
                -16.2077     -15.9524     -16.1588     -15.9900     -16.3158
                -16.1574     -16.2319     -16.0280     -16.1866     -16.2018
                -16.1036     -16.0979     -16.1785     -16.1743     -16.1200
   5      0     -16.0418     -16.0637     -16.2233     -16.2053     -16.2396
                -16.0971     -15.9859     -15.9324     -15.9878     -16.0785
                -16.2099     -15.9470     -16.1517     -15.9774     -16.3175
                -16.1547     -16.2269     -16.0319     -16.1900     -16.2009
                -16.1016     -16.0916     -16.1807     -16.1687     -16.1183
   5     60     -16.0863     -16.1080     -16.2678     -16.2498     -16.2842
                -16.1416     -16.0302     -15.9770     -16.0322     -16.1229
                -16.2546     -15.9914     -16.1962     -16.0216     -16.3618
                -16.1987     -16.2716     -16.0765     -16.2345     -16.2454
                -16.1462     -16.1357     -16.2250     -16.2131     -16.1628
   5     80     -16.4963     -16.5168     -16.6782     -16.6607     -16.6936
                -16.5503     -16.4389     -16.3872     -16.4412     -16.5321
                -16.6656     -16.4007     -16.6066     -16.4303     -16.7710
                -16.6064     -16.6832     -16.4867     -16.6447     -16.6551
                -16.5562     -16.5428     -16.6336     -16.6218     -16.5734
   5    100     -17.5825     -17.6007     -17.7662     -17.7514     -17.7787
                -17.6324     -17.5234     -17.4743     -17.5253     -17.6180
                -17.7536     -17.4858     -17.6951     -17.5159     -17.8566
                -17.6888     -17.7735     -17.5739     -17.7322     -17.7420
                -17.6421     -17.6231     -17.7163     -17.7047     -17.6623
 
 group  inft   Estimated free energy: 1-th solvent contribution (kcal/mol)
   1      0       0.0915       0.0714      -0.1404       0.0015       0.5179
                  0.5223       0.3862       0.1893      -0.1063       0.2206
                  0.2173       0.3328       0.4418       0.0732       0.3002
                 -0.6293       0.1267       0.5345       0.7440       0.0795
                  0.4697       0.2812       0.4290       0.4514       0.5360
   1     60       0.0911       0.0709      -0.1408       0.0011       0.5175
                  0.5218       0.3858       0.1889      -0.1067       0.2202
                  0.2169       0.3323       0.4414       0.0727       0.2997
                 -0.6298       0.1263       0.5341       0.7436       0.0791
                  0.4692       0.2808       0.4286       0.4510       0.5356
   1     80       0.0869       0.0666      -0.1452      -0.0033       0.5133
                  0.5175       0.3817       0.1847      -0.1110       0.2161
                  0.2127       0.3281       0.4373       0.0685       0.2955
                 -0.6340       0.1220       0.5300       0.7395       0.0750
                  0.4652       0.2765       0.4244       0.4468       0.5313
   1    100       0.0726       0.0520      -0.1601      -0.0182       0.4987
                  0.5030       0.3676       0.1703      -0.1254       0.2020
                  0.1982       0.3137       0.4230       0.0540       0.2810
                 -0.6488       0.1072       0.5159       0.7250       0.0607
                  0.4512       0.2621       0.4101       0.4322       0.5167
   2      0       0.0959       0.0832      -0.1328       0.0074       0.5246
                  0.5288       0.3886       0.1944      -0.0960       0.2237
                  0.2288       0.3414       0.4409       0.0773       0.3054
                 -0.6232       0.1291       0.5318       0.7463       0.0799
                  0.4760       0.2890       0.4296       0.4556       0.5388
   3      0       0.1003       0.0869      -0.1312       0.0103       0.5254
                  0.5312       0.3947       0.1921      -0.0943       0.2242
                  0.2311       0.3461       0.4432       0.0799       0.3102
                 -0.6217       0.1301       0.5363       0.7481       0.0837
                  0.4791       0.2899       0.4327       0.4594       0.5438
   4      0       0.1007       0.0913      -0.1254       0.0128       0.5239
                  0.5320       0.3944       0.1946      -0.0928       0.2269
                  0.2318       0.3471       0.4432       0.0779       0.3098
                 -0.6215       0.1277       0.5339       0.7498       0.0805
                  0.4806       0.2910       0.4384       0.4614       0.5434
   5      0       0.1014       0.0921      -0.1276       0.0135       0.5241
                  0.5306       0.3972       0.1959      -0.0900       0.2248
                  0.2333       0.3492       0.4436       0.0800       0.3093
                 -0.6214       0.1290       0.5357       0.7490       0.0818
                  0.4777       0.2917       0.4376       0.4635       0.5435
   5     60       0.1008       0.0915      -0.1282       0.0129       0.5235
                  0.5300       0.3966       0.1953      -0.0906       0.2243
                  0.2327       0.3486       0.4430       0.0794       0.3087
                 -0.6220       0.1284       0.5351       0.7484       0.0812
                  0.4771       0.2911       0.4370       0.4629       0.5429
   5     80       0.0955       0.0862      -0.1335       0.0075       0.5183
                  0.5247       0.3915       0.1901      -0.0959       0.2191
                  0.2274       0.3433       0.4377       0.0740       0.3034
                 -0.6273       0.1229       0.5298       0.7432       0.0759
                  0.4720       0.2859       0.4317       0.4576       0.5375
   5    100       0.0822       0.0728      -0.1469      -0.0061       0.5050
                  0.5114       0.3785       0.1770      -0.1091       0.2062
                  0.2142       0.3300       0.4244       0.0606       0.2901
                 -0.6408       0.1093       0.5167       0.7299       0.0626
                  0.4590       0.2727       0.4186       0.4442       0.5242
 
 group  inft   Estimated free energy: 2-th solvent contribution (kcal/mol)
   1      0      -1.3787      -1.1365      -1.3177      -1.3328      -1.5533
                 -1.8570      -1.3306      -0.6135      -0.8197      -1.0094
                 -1.3749      -1.4076      -0.9568      -0.7044      -1.3332
                 -1.1238      -0.7649      -0.7462      -1.1714      -1.3429
                 -0.8897      -1.9078      -1.3752      -1.7862      -1.3651
   1     60      -1.3788      -1.1366      -1.3178      -1.3329      -1.5534
                 -1.8571      -1.3307      -0.6136      -0.8198      -1.0095
                 -1.3750      -1.4077      -0.9569      -0.7045      -1.3333
                 -1.1239      -0.7650      -0.7463      -1.1715      -1.3429
                 -0.8898      -1.9079      -1.3753      -1.7863      -1.3652
   1     80      -1.3797      -1.1373      -1.3187      -1.3340      -1.5543
                 -1.8579      -1.3318      -0.6143      -0.8200      -1.0101
                 -1.3759      -1.4088      -0.9576      -0.7049      -1.3338
                 -1.1248      -0.7656      -0.7471      -1.1724      -1.3436
                 -0.8905      -1.9088      -1.3760      -1.7873      -1.3659
   1    100      -1.3860      -1.1429      -1.3253      -1.3410      -1.5616
                 -1.8644      -1.3391      -0.6201      -0.8254      -1.0154
                 -1.3820      -1.4160      -0.9633      -0.7098      -1.3394
                 -1.1310      -0.7711      -0.7530      -1.1788      -1.3497
                 -0.8962      -1.9153      -1.3820      -1.7934      -1.3716
   2      0      -1.3695      -1.1414      -1.3167      -1.3287      -1.5427
                 -1.8456      -1.3238      -0.6202      -0.8175      -1.0182
                 -1.3726      -1.3918      -0.9663      -0.7185      -1.3411
                 -1.1197      -0.7724      -0.7564      -1.1654      -1.3489
                 -0.9003      -1.9026      -1.3742      -1.7805      -1.3684
   3      0      -1.3609      -1.1425      -1.3157      -1.3236      -1.5344
                 -1.8441      -1.3184      -0.6253      -0.8180      -1.0191
                 -1.3723      -1.3879      -0.9683      -0.7239      -1.3429
                 -1.1181      -0.7780      -0.7574      -1.1661      -1.3519
                 -0.8965      -1.8995      -1.3730      -1.7775      -1.3649
   4      0      -1.3596      -1.1469      -1.3164      -1.3201      -1.5372
                 -1.8382      -1.3185      -0.6261      -0.8200      -1.0234
                 -1.3685      -1.3838      -0.9684      -0.7284      -1.3424
                 -1.1180      -0.7780      -0.7615      -1.1633      -1.3526
                 -0.9045      -1.8996      -1.3712      -1.7723      -1.3672
   5      0      -1.3600      -1.1448      -1.3151      -1.3202      -1.5333
                 -1.8407      -1.3167      -0.6233      -0.8162      -1.0269
                 -1.3728      -1.3817      -0.9699      -0.7250      -1.3459
                 -1.1179      -0.7765      -0.7604      -1.1619      -1.3561
                 -0.9006      -1.8999      -1.3739      -1.7724      -1.3675
   5     60      -1.3601      -1.1449      -1.3152      -1.3203      -1.5333
                 -1.8407      -1.3167      -0.6234      -0.8161      -1.0270
                 -1.3729      -1.3818      -0.9699      -0.7250      -1.3459
                 -1.1179      -0.7765      -0.7605      -1.1619      -1.3561
                 -0.9006      -1.8999      -1.3739      -1.7724      -1.3675
   5     80      -1.3617      -1.1463      -1.3168      -1.3221      -1.5350
                 -1.8422      -1.3185      -0.6248      -0.8172      -1.0283
                 -1.3744      -1.3836      -0.9714      -0.7262      -1.3473
                 -1.1195      -0.7780      -0.7620      -1.1636      -1.3576
                 -0.9020      -1.9014      -1.3753      -1.7740      -1.3690
   5    100      -1.3676      -1.1516      -1.3229      -1.3286      -1.5415
                 -1.8480      -1.3252      -0.6306      -0.8219      -1.0339
                 -1.3801      -1.3903      -0.9770      -0.7312      -1.3527
                 -1.1252      -0.7835      -0.7677      -1.1697      -1.3634
                 -0.9075      -1.9073      -1.3806      -1.7796      -1.3746
 
 group  inft   Estimated free energy: 3-th solvent contribution (kcal/mol)
   1      0     -14.7561     -14.9959     -14.7666     -14.8819     -15.2232
                -14.7682     -15.0573     -15.4993     -15.0611     -15.2574
                -15.0538     -14.8995     -15.6243     -15.3235     -15.2708
                -14.3958     -15.5749     -15.7977     -15.7573     -14.9027
                -15.6674     -14.4652     -15.2324     -14.8512     -15.2811
   1     60     -14.7876     -15.0273     -14.7982     -14.9133     -15.2548
                -14.7997     -15.0887     -15.5310     -15.0926     -15.2887
                -15.0855     -14.9309     -15.6558     -15.3548     -15.3021
                -14.4269     -15.6066     -15.8293     -15.7888     -14.9342
                -15.6991     -14.4964     -15.2639     -14.8826     -15.3126
   1     80     -15.1082     -15.3471     -15.1192     -15.2345     -15.5752
                -15.1195     -15.4083     -15.8522     -15.4128     -15.6091
                -15.4072     -15.2509     -15.9771     -15.6747     -15.6225
                -14.7456     -15.9289     -16.1504     -16.1094     -15.2548
                -16.0203     -14.8148     -15.5837     -15.2024     -15.6341
   1    100     -16.2666     -16.5037     -16.2799     -16.3977     -16.7327
                -16.2739     -16.5647     -17.0127     -16.5700     -16.7679
                -16.5686     -16.4078     -17.1397     -16.8340     -16.7815
                -15.8999     -17.0934     -17.3110     -17.2685     -16.4145
                -17.1801     -15.9679     -16.7397     -16.3581     -16.7969
   2      0     -14.7649     -15.0038     -14.7680     -14.8806     -15.2176
                -14.7711     -15.0560     -15.5002     -15.0695     -15.2609
                -15.0618     -14.9033     -15.6141     -15.3249     -15.2645
                -14.4040     -15.5669     -15.7996     -15.7655     -14.9054
                -15.6615     -14.4660     -15.2254     -14.8424     -15.2764
   3      0     -14.7738     -15.0079     -14.7750     -14.8927     -15.2293
                -14.7801     -15.0700     -15.5092     -15.0778     -15.2748
                -15.0664     -14.9085     -15.6271     -15.3363     -15.2780
                -14.4113     -15.5799     -15.8047     -15.7718     -14.9210
                -15.6747     -14.4787     -15.2414     -14.8585     -15.2949
   4      0     -14.7687     -14.9989     -14.7669     -14.8823     -15.2160
                -14.7700     -15.0560     -15.4897     -15.0684     -15.2627
                -15.0549     -14.8996     -15.6175     -15.3234     -15.2671
                -14.4018     -15.5656     -15.7844     -15.7572     -14.9136
                -15.6636     -14.4733     -15.2296     -14.8473     -15.2803
   5      0     -14.7671     -14.9949     -14.7645     -14.8825     -15.2144
                -14.7710     -15.0504     -15.4889     -15.0656     -15.2604
                -15.0544     -14.8984     -15.6093     -15.3163     -15.2648
                -14.3993     -15.5633     -15.7911     -15.7611     -14.9106
                -15.6627     -14.4673     -15.2284     -14.8438     -15.2782
   5     60     -14.8110     -15.0386     -14.8083     -14.9263     -15.2583
                -14.8148     -15.0940     -15.5329     -15.1094     -15.3041
                -15.0984     -14.9422     -15.6532     -15.3599     -15.3085
                -14.4427     -15.6073     -15.8351     -15.8050     -14.9544
                -15.7066     -14.5108     -15.2721     -14.8875     -15.3221
   5     80     -15.2140     -15.4406     -15.2118     -15.3300     -15.6608
                -15.2167     -15.4958     -15.9365     -15.5121     -15.7069
                -15.5027     -15.3444     -16.0568     -15.7621     -15.7111
                -14.8435     -16.0121     -16.2386     -16.2082     -15.3574
                -16.1101     -14.9111     -15.6740     -15.2894     -15.7259
   5    100     -16.2811     -16.5058     -16.2803     -16.4007     -16.7262
                -16.2797     -16.5606     -17.0046     -16.5782     -16.7742
                -16.5717     -16.4095     -17.1265     -16.8292     -16.7779
                -15.9068     -17.0833     -17.3069     -17.2764     -16.4251
                -17.1775     -15.9725     -16.7382     -16.3533     -16.7959
 
 
 cumulative average & 95% error for solvation free energy
              total             1st component         2nd component         3rd component
  1   -16.0505     0.0000     0.1003     0.0000    -1.3609     0.0000   -14.7738     0.0000
  2   -16.0650     0.0290     0.0936     0.0134    -1.2517     0.2185   -14.8908     0.2341
  3   -16.1226     0.1165     0.0187     0.1501    -1.2730     0.1332   -14.8522     0.1557
  4   -16.1475     0.0962     0.0166     0.1062    -1.2857     0.0975   -14.8623     0.1119
  5   -16.1689     0.0859     0.1183     0.2195    -1.3354     0.1249   -14.9357     0.1705
  6   -16.1589     0.0729     0.1871     0.2260    -1.4202     0.1979   -14.9098     0.1485
  7   -16.1376     0.0749     0.2168     0.2000    -1.4057     0.1697   -14.9327     0.1336
  8   -16.1152     0.0789     0.2137     0.1733    -1.3081     0.2443   -15.0047     0.1848
  9   -16.1031     0.0736     0.1795     0.1674    -1.2537     0.2414   -15.0129     0.1638
 10   -16.1013     0.0660     0.1840     0.1500    -1.2302     0.2209   -15.0390     0.1556
 11   -16.1125     0.0637     0.1882     0.1360    -1.2431     0.2015   -15.0415     0.1408
 12   -16.1003     0.0630     0.2014     0.1269    -1.2552     0.1855   -15.0305     0.1305
 13   -16.1055     0.0589     0.2200     0.1225    -1.2331     0.1763   -15.0763     0.1511
 14   -16.0977     0.0567     0.2100     0.1152    -1.1967     0.1787   -15.0949     0.1447
 15   -16.1130     0.0610     0.2167     0.1080    -1.2065     0.1675   -15.1071     0.1369
 16   -16.1164     0.0575     0.1643     0.1456    -1.2010     0.1570   -15.0636     0.1548
 17   -16.1239     0.0560     0.1623     0.1368    -1.1761     0.1557   -15.0940     0.1576
 18   -16.1193     0.0536     0.1830     0.1355    -1.1528     0.1540   -15.1335     0.1683
 19   -16.1239     0.0515     0.2128     0.1413    -1.1535     0.1457   -15.1671     0.1728
 20   -16.1279     0.0495     0.2063     0.1347    -1.1634     0.1396   -15.1548     0.1657
 21   -16.1270     0.0472     0.2193     0.1307    -1.1507     0.1352   -15.1795     0.1652
 22   -16.1260     0.0450     0.2225     0.1248    -1.1848     0.1458   -15.1477     0.1699
 23   -16.1291     0.0435     0.2317     0.1206    -1.1930     0.1403   -15.1518     0.1626
 24   -16.1317     0.0419     0.2412     0.1171    -1.2173     0.1428   -15.1395     0.1576
 25   -16.1318     0.0402     0.2533     0.1149    -1.2232     0.1375   -15.1457     0.1517
