 ERmod 0.3.7, Copyright (C) 2000-2019 Nobuyuki Matubayasi
                            2010-2019 Shun Sakuraba
 ERmod comes with ABSOLUTELY NO WARRANTY.
 This is free software, and you can redistribute it
 and/or modify it under certain conditions.
 See LICENSE file for details.
Opening: "/home/hervoe/snic2020-6-15/hervoe/temp/Simulations/CsF/1.00/trajectory_sol_full.xtc"...
  Trying plugin "Gromacs XTC Compressed Trajectory"...OK
 ERmod 0.3.7, Copyright (C) 2000-2019 Nobuyuki Matubayasi
                            2010-2019 Shun Sakuraba
 ERmod comes with ABSOLUTELY NO WARRANTY.
 This is free software, and you can redistribute it
 and/or modify it under certain conditions.
 See LICENSE file for details.
Opening: "/home/hervoe/snic2020-6-15/hervoe/temp/Simulations/CsF/1.00/trajectory_ref_full.xtc"...
  Trying plugin "Gromacs XTC Compressed Trajectory"...OK
Opening: "/home/hervoe/snic2020-6-15/hervoe/temp/Simulations/Solute_new/trajectory_solute.xtc"...
  Trying plugin "Gromacs XTC Compressed Trajectory"...OK
Opening: "/home/hervoe/snic2020-6-15/hervoe/temp/Simulations/Solute_new/trajectory_solute.xtc"...
  Trying plugin "Gromacs XTC Compressed Trajectory"...OK
Opening: "/home/hervoe/snic2020-6-15/hervoe/temp/Simulations/Solute_new/trajectory_solute.xtc"...
  Trying plugin "Gromacs XTC Compressed Trajectory"...OK
Opening: "/home/hervoe/snic2020-6-15/hervoe/temp/Simulations/Solute_new/trajectory_solute.xtc"...
  Trying plugin "Gromacs XTC Compressed Trajectory"...OK
Opening: "/home/hervoe/snic2020-6-15/hervoe/temp/Simulations/Solute_new/trajectory_solute.xtc"...
  Trying plugin "Gromacs XTC Compressed Trajectory"...OK
Opening: "/home/hervoe/snic2020-6-15/hervoe/temp/Simulations/Solute_new/trajectory_solute.xtc"...
  Trying plugin "Gromacs XTC Compressed Trajectory"...OK
Opening: "/home/hervoe/snic2020-6-15/hervoe/temp/Simulations/Solute_new/trajectory_solute.xtc"...
  Trying plugin "Gromacs XTC Compressed Trajectory"...OK
Opening: "/home/hervoe/snic2020-6-15/hervoe/temp/Simulations/Solute_new/trajectory_solute.xtc"...
  Trying plugin "Gromacs XTC Compressed Trajectory"...OK
Opening: "/home/hervoe/snic2020-6-15/hervoe/temp/Simulations/Solute_new/trajectory_solute.xtc"...
  Trying plugin "Gromacs XTC Compressed Trajectory"...OK
Opening: "/home/hervoe/snic2020-6-15/hervoe/temp/Simulations/Solute_new/trajectory_solute.xtc"...
  Trying plugin "Gromacs XTC Compressed Trajectory"...OK
 
  Number of the   1-th solvent  =           18
  Number of the   2-th solvent  =           18
  Number of the   3-th solvent  =         1000
 
  Be sure that the solvent distribution is homogeneous (radial distribution function is essentially unity) when the solvent molecule is separated beyond distance of   10.0 Angstrom in any direction from any atom within the solute molecule
 
  LJ long-range correction    =        -0.0164     -0.0224     -0.8965
 
  Self-energy of the solute   =        -0.0164  kcal/mol
 
 
 cumulative average & 95% error for solvation energy
              total             1st component         2nd component         3rd component
  1   -59.4921                0.1734               -2.1273              -57.5219
  2   -59.7037     0.4231    -0.1980     0.7429    -2.7380     1.2215   -56.7512     1.5413
  3   -59.7745     0.2824     0.0276     0.6226    -2.7382     0.7052   -57.0475     1.0691
  4   -59.7990     0.2056     0.5231     1.0844    -3.0833     0.8515   -57.2224     0.8330
  5   -59.7367     0.2022     0.6198     0.8619    -3.0487     0.6632   -57.2913     0.6598
  6   -59.7899     0.1965     0.5086     0.7381    -3.1064     0.5536   -57.1758     0.5862
  7   -59.7853     0.1663     0.4209     0.6479    -3.1682     0.4839   -57.0216     0.5835
  8   -59.7971     0.1460     0.3854     0.5656    -2.9498     0.6053   -57.2163     0.6378
  9   -59.7757     0.1357     0.4706     0.5272    -2.8734     0.5552   -57.3565     0.6286
 10   -59.7750     0.1214     0.5773     0.5176    -2.9856     0.5450   -57.3503     0.5623
 11   -59.7446     0.1255     0.6819     0.5127    -3.0180     0.4972   -57.3921     0.5155
 12   -59.7349     0.1162     0.7170     0.4733    -2.9680     0.4648   -57.4674     0.4941
 13   -59.7300     0.1073     0.7915     0.4602    -2.9732     0.4277   -57.5319     0.4725
 14   -59.7191     0.1017     0.8225     0.4305    -2.9367     0.4026   -57.5885     0.4518
 15   -59.7398     0.1034     0.9490     0.4740    -3.0348     0.4231   -57.6376     0.4319
 16   -59.7519     0.0997     0.9464     0.4434    -2.9989     0.4022   -57.6830     0.4141
 17   -59.7488     0.0939     0.9860     0.4240    -3.0073     0.3782   -57.7112     0.3930
 18   -59.7343     0.0931     1.0037     0.4013    -3.0613     0.3725   -57.6604     0.3842
 19   -59.7311     0.0883     0.9629     0.3883    -3.2261     0.4826   -57.4515     0.5537
 20   -59.7241     0.0850     0.9367     0.3721    -3.2601     0.4629   -57.3843     0.5422
 21   -59.7209     0.0811     0.9473     0.3546    -3.1965     0.4583   -57.4553     0.5350
 22   -59.7091     0.0809     0.9327     0.3393    -3.2320     0.4427   -57.3934     0.5249
 23   -59.7134     0.0778     0.9468     0.3254    -3.2165     0.4242   -57.4273     0.5061
 24   -59.7074     0.0754     0.9238     0.3150    -3.1784     0.4132   -57.4363     0.4849
 25   -59.7138     0.0735     0.9416     0.3042    -3.1596     0.3981   -57.4793     0.4730
 
 
 group  inft  solvation free energy     error          difference
  total solvation free energy
   1      0        -15.59438           0.09036           0.01489
   1     60        -15.62577           0.09039          -0.01650
   1     80        -15.95489           0.09067          -0.34561
   1    100        -17.15843           0.09171          -1.54916
   2      0        -15.59620           0.08931           0.01308
   3      0        -15.60928           0.08982           0.00000
   4      0        -15.59733           0.09119           0.01194
   5      0        -15.59536           0.09058           0.01391
   5     60        -15.63870           0.09062          -0.02942
   5     80        -16.05154           0.09098          -0.44226
   5    100        -17.16151           0.09189          -1.55223
 
  contribution from  1-th solvent component
   1      0          1.17857           0.13123           0.00197
   1     60          1.17979           0.13125           0.00320
   1     80          1.18523           0.13139           0.00864
   1    100          1.19165           0.13193           0.01506
   2      0          1.17815           0.13058           0.00155
   3      0          1.17659           0.13058           0.00000
   4      0          1.17743           0.13097           0.00083
   5      0          1.17581           0.13058          -0.00078
   5     60          1.17741           0.13060           0.00082
   5     80          1.18416           0.13080           0.00757
   5    100          1.18848           0.13132           0.01188
 
  contribution from  2-th solvent component
   1      0         -2.04440           0.20192          -0.00132
   1     60         -2.04470           0.20192          -0.00162
   1     80         -2.04897           0.20197          -0.00589
   1    100         -2.06742           0.20214          -0.02434
   2      0         -2.04456           0.19963          -0.00148
   3      0         -2.04308           0.19941           0.00000
   4      0         -2.04467           0.19927          -0.00159
   5      0         -2.04275           0.19905           0.00033
   5     60         -2.04325           0.19905          -0.00017
   5     80         -2.04868           0.19909          -0.00560
   5    100         -2.06638           0.19919          -0.02330
 
  contribution from  3-th solvent component
   1      0        -14.71214           0.22963           0.01424
   1     60        -14.74446           0.22965          -0.01808
   1     80        -15.07474           0.22981          -0.34836
   1    100        -16.26625           0.23037          -1.53988
   2      0        -14.71337           0.22938           0.01301
   3      0        -14.72638           0.22927           0.00000
   4      0        -14.71368           0.22769           0.01270
   5      0        -14.71202           0.22891           0.01436
   5     60        -14.75646           0.22893          -0.03008
   5     80        -15.17061           0.22915          -0.44423
   5    100        -16.26720           0.22976          -1.54082
 
 
 group  inft   Estimated free energy: total (kcal/mol)
   1      0     -15.4177     -15.7101     -15.8568     -15.9344     -15.4403
                -15.7472     -15.4648     -15.7608     -15.3112     -15.9322
                -15.3673     -15.5060     -15.5555     -15.3340     -16.1703
                -15.6681     -15.6605     -15.3087     -15.5939     -15.3953
                -15.3273     -15.5416     -15.7305     -15.4538     -15.6712
   1     60     -15.4488     -15.7416     -15.8883     -15.9660     -15.4716
                -15.7787     -15.4962     -15.7923     -15.3425     -15.9637
                -15.3985     -15.5375     -15.5869     -15.3655     -16.2018
                -15.6996     -15.6918     -15.3401     -15.6253     -15.4267
                -15.3583     -15.5730     -15.7619     -15.4852     -15.7027
   1     80     -15.7761     -16.0713     -16.2182     -16.2967     -15.7997
                -16.1084     -15.8259     -16.1227     -15.6712     -16.2931
                -15.7254     -15.8665     -15.9161     -15.6960     -16.5320
                -16.0301     -16.0202     -15.6682     -15.9541     -15.7560
                -15.6841     -15.9014     -16.0910     -15.8150     -16.0328
   1    100     -16.9739     -17.2771     -17.4236     -17.5063     -16.9985
                -17.3142     -17.0323     -17.3317     -16.8732     -17.4992
                -16.9233     -17.0695     -17.1199     -16.9035     -17.7392
                -17.2376     -17.2214     -16.8671     -17.1548     -16.9592
                -16.8755     -17.1029     -17.2958     -17.0220     -17.2394
   2      0     -15.4158     -15.6907     -15.8642     -15.9238     -15.4444
                -15.7458     -15.4519     -15.7688     -15.3344     -15.9339
                -15.3612     -15.5008     -15.5607     -15.3480     -16.1604
                -15.6667     -15.6546     -15.3078     -15.5733     -15.4028
                -15.3344     -15.5470     -15.7469     -15.4644     -15.7020
   3      0     -15.4109     -15.7026     -15.8752     -15.9347     -15.4438
                -15.7632     -15.4691     -15.7700     -15.3519     -15.9539
                -15.3756     -15.5115     -15.5837     -15.3569     -16.1794
                -15.6778     -15.6744     -15.3312     -15.5926     -15.4062
                -15.3485     -15.5643     -15.7586     -15.4754     -15.7205
   4      0     -15.4056     -15.6961     -15.8751     -15.9208     -15.4212
                -15.7528     -15.4525     -15.7647     -15.3487     -15.9354
                -15.3583     -15.4971     -15.5623     -15.3241     -16.1789
                -15.6631     -15.6628     -15.3098     -15.5989     -15.4133
                -15.3164     -15.5536     -15.7486     -15.4673     -15.7057
   5      0     -15.3977     -15.6912     -15.8770     -15.9222     -15.4264
                -15.7489     -15.4516     -15.7563     -15.3452     -15.9351
                -15.3538     -15.4958     -15.5663     -15.3282     -16.1662
                -15.6638     -15.6634     -15.3125     -15.5814     -15.3922
                -15.3380     -15.5449     -15.7458     -15.4655     -15.7149
   5     60     -15.4408     -15.7346     -15.9205     -15.9657     -15.4696
                -15.7923     -15.4949     -15.7998     -15.3885     -15.9784
                -15.3968     -15.5392     -15.6097     -15.3717     -16.2097
                -15.7074     -15.7066     -15.3558     -15.6247     -15.4355
                -15.3808     -15.5881     -15.7891     -15.5089     -15.7584
   5     80     -15.8511     -16.1480     -16.3347     -16.3806     -15.8807
                -16.2058     -15.9087     -16.2142     -15.8010     -16.3917
                -15.8068     -15.9517     -16.0230     -15.7866     -16.6238
                -16.1220     -16.1182     -15.7679     -16.0368     -15.8480
                -15.7890     -16.0000     -16.2020     -15.9229     -16.1731
   5    100     -16.9552     -17.2589     -17.4473     -17.4957     -16.9857
                -17.3178     -17.0210     -17.3288     -16.9106     -17.5037
                -16.9112     -17.0606     -17.1340     -16.9010     -17.7365
                -17.2359     -17.2255     -16.8744     -17.1433     -16.9567
                -16.8889     -17.1078     -17.3129     -17.0366     -17.2877
 
 group  inft   Estimated free energy: 1-th solvent contribution (kcal/mol)
   1      0       0.8934       0.4857       0.8661       1.4442       1.2718
                  0.7141       0.7574       0.7230       1.3662       1.1700
                  1.6950       1.3188       1.6035       1.3965       1.6739
                  1.2081       1.4607       1.4522       0.8619       1.0648
                  1.4436       0.9799       1.2337       1.0060       1.3736
   1     60       0.8948       0.4869       0.8673       1.4455       1.2731
                  0.7152       0.7587       0.7242       1.3674       1.1711
                  1.6963       1.3200       1.6048       1.3978       1.6751
                  1.2092       1.4620       1.4535       0.8630       1.0659
                  1.4451       0.9810       1.2350       1.0071       1.3749
   1     80       0.9012       0.4917       0.8726       1.4505       1.2797
                  0.7196       0.7634       0.7294       1.3727       1.1755
                  1.7029       1.3262       1.6104       1.4029       1.6801
                  1.2144       1.4682       1.4595       0.8683       1.0711
                  1.4529       0.9858       1.2405       1.0113       1.3800
   1    100       0.9113       0.4954       0.8785       1.4545       1.2902
                  0.7222       0.7669       0.7345       1.3784       1.1778
                  1.7141       1.3355       1.6172       1.4072       1.6854
                  1.2196       1.4771       1.4683       0.8746       1.0784
                  1.4682       0.9906       1.2467       1.0141       1.3848
   2      0       0.8996       0.4989       0.8650       1.4499       1.2648
                  0.7174       0.7516       0.7180       1.3642       1.1638
                  1.6953       1.3238       1.6005       1.3974       1.6710
                  1.2100       1.4656       1.4476       0.8745       1.0615
                  1.4488       0.9737       1.2319       1.0056       1.3533
   3      0       0.9196       0.4983       0.8615       1.4518       1.2733
                  0.7119       0.7407       0.7228       1.3605       1.1568
                  1.6989       1.3197       1.5939       1.3980       1.6705
                  1.2130       1.4618       1.4384       0.8683       1.0611
                  1.4503       0.9627       1.2295       1.0057       1.3459
   4      0       0.9263       0.4984       0.8512       1.4615       1.2868
                  0.7116       0.7428       0.7224       1.3601       1.1599
                  1.6970       1.3206       1.5965       1.4031       1.6655
                  1.2089       1.4603       1.4375       0.8648       1.0605
                  1.4563       0.9584       1.2347       1.0038       1.3469
   5      0       0.9220       0.4969       0.8540       1.4519       1.2781
                  0.7094       0.7424       0.7239       1.3577       1.1550
                  1.7003       1.3194       1.5904       1.3947       1.6740
                  1.2110       1.4560       1.4360       0.8680       1.0639
                  1.4492       0.9661       1.2288       1.0015       1.3446
   5     60       0.9237       0.4985       0.8556       1.4535       1.2799
                  0.7109       0.7440       0.7255       1.3593       1.1565
                  1.7020       1.3211       1.5920       1.3964       1.6755
                  1.2125       1.4577       1.4376       0.8695       1.0654
                  1.4512       0.9675       1.2304       1.0029       1.3462
   5     80       0.9319       0.5043       0.8620       1.4598       1.2883
                  0.7164       0.7495       0.7319       1.3658       1.1616
                  1.7104       1.3287       1.5988       1.4026       1.6818
                  1.2189       1.4655       1.4448       0.8762       1.0721
                  1.4617       0.9736       1.2373       1.0080       1.3522
   5    100       0.9401       0.5063       0.8655       1.4620       1.2964
                  0.7173       0.7506       0.7348       1.3696       1.1620
                  1.7191       1.3357       1.6032       1.4050       1.6853
                  1.2221       1.4723       1.4507       0.8806       1.0775
                  1.4745       0.9765       1.2414       1.0091       1.3543
 
 group  inft   Estimated free energy: 2-th solvent contribution (kcal/mol)
   1      0      -1.5246      -2.2019      -1.9496      -2.5464      -1.9400
                 -2.1611      -2.1852      -1.2302      -1.4542      -2.4437
                 -2.1205      -1.6853      -2.0536      -1.6168      -2.7231
                 -1.7388      -2.0573      -2.3971      -3.5720      -2.3458
                 -1.3184      -2.4610      -1.8890      -1.6411      -1.8531
   1     60      -1.5249      -2.2022      -1.9499      -2.5467      -1.9403
                 -2.1614      -2.1856      -1.2306      -1.4545      -2.4441
                 -2.1208      -1.6856      -2.0539      -1.6171      -2.7234
                 -1.7391      -2.0576      -2.3974      -3.5723      -2.3461
                 -1.3186      -2.4614      -1.8893      -1.6414      -1.8533
   1     80      -1.5290      -2.2067      -1.9542      -2.5510      -1.9446
                 -2.1658      -2.1901      -1.2347      -1.4582      -2.4488
                 -2.1251      -1.6901      -2.0580      -1.6213      -2.7276
                 -1.7435      -2.0618      -2.4019      -3.5766      -2.3506
                 -1.3223      -2.4659      -1.8933      -1.6456      -1.8574
   1    100      -1.5470      -2.2264      -1.9727      -2.5696      -1.9630
                 -2.1846      -2.2094      -1.2526      -1.4750      -2.4684
                 -2.1442      -1.7092      -2.0763      -1.6389      -2.7460
                 -1.7623      -2.0804      -2.4212      -3.5949      -2.3694
                 -1.3381      -2.4851      -1.9107      -1.6644      -1.8756
   2      0      -1.5294      -2.1928      -1.9502      -2.5394      -1.9437
                 -2.1589      -2.1693      -1.2364      -1.4720      -2.4445
                 -2.1188      -1.6890      -2.0554      -1.6277      -2.7124
                 -1.7386      -2.0565      -2.3875      -3.5615      -2.3460
                 -1.3267      -2.4548      -1.9043      -1.6397      -1.8584
   3      0      -1.5288      -2.1933      -1.9467      -2.5403      -1.9423
                 -2.1553      -2.1595      -1.2348      -1.4725      -2.4396
                 -2.1196      -1.6834      -2.0561      -1.6249      -2.7153
                 -1.7352      -2.0574      -2.3852      -3.5585      -2.3402
                 -1.3307      -2.4532      -1.9030      -1.6429      -1.8580
   4      0      -1.5361      -2.1938      -1.9475      -2.5441      -1.9453
                 -2.1558      -2.1610      -1.2405      -1.4808      -2.4427
                 -2.1191      -1.6880      -2.0542      -1.6210      -2.7249
                 -1.7344      -2.0558      -2.3831      -3.5592      -2.3451
                 -1.3288      -2.4469      -1.9065      -1.6465      -1.8557
   5      0      -1.5318      -2.1939      -1.9490      -2.5398      -1.9425
                 -2.1526      -2.1583      -1.2371      -1.4778      -2.4393
                 -2.1172      -1.6835      -2.0529      -1.6204      -2.7167
                 -1.7307      -2.0534      -2.3826      -3.5576      -2.3381
                 -1.3323      -2.4497      -1.9045      -1.6453      -1.8618
   5     60      -1.5322      -2.1944      -1.9495      -2.5403      -1.9430
                 -2.1531      -2.1589      -1.2376      -1.4782      -2.4399
                 -2.1177      -1.6841      -2.0534      -1.6209      -2.7172
                 -1.7312      -2.0538      -2.3831      -3.5581      -2.3387
                 -1.3327      -2.4502      -1.9050      -1.6458      -1.8622
   5     80      -1.5375      -2.2001      -1.9550      -2.5456      -1.9484
                 -2.1587      -2.1647      -1.2430      -1.4832      -2.4458
                 -2.1231      -1.6898      -2.0586      -1.6264      -2.7225
                 -1.7367      -2.0592      -2.3888      -3.5635      -2.3443
                 -1.3373      -2.4558      -1.9102      -1.6513      -1.8675
   5    100      -1.5549      -2.2186      -1.9727      -2.5633      -1.9662
                 -2.1767      -2.1829      -1.2601      -1.4998      -2.4644
                 -2.1413      -1.7081      -2.0762      -1.6439      -2.7400
                 -1.7547      -2.0769      -2.4071      -3.5809      -2.3623
                 -1.3530      -2.4739      -1.9272      -1.6692      -1.8850
 
 group  inft   Estimated free energy: 3-th solvent contribution (kcal/mol)
   1      0     -14.7701     -13.9775     -14.7569     -14.8158     -14.7556
                -14.2837     -14.0206     -15.2371     -15.2068     -14.6421
                -14.9255     -15.1231     -15.0890     -15.0972     -15.1047
                -15.1209     -15.0476     -14.3474     -12.8674     -14.0979
                -15.4361     -14.0441     -15.0588     -14.8023     -15.1753
   1     60     -14.8023     -14.0099     -14.7893     -14.8483     -14.7880
                -14.3160     -14.0528     -15.2695     -15.2391     -14.6743
                -14.9576     -15.1555     -15.1214     -15.1297     -15.1371
                -15.1534     -15.0799     -14.3797     -12.8997     -14.1301
                -15.4683     -14.0762     -15.0912     -14.8345     -15.2078
   1     80     -15.1319     -14.3398     -15.1202     -15.1799     -15.1184
                -14.6457     -14.3827     -15.6010     -15.5692     -15.0033
                -15.2869     -15.4862     -15.4521     -15.4612     -15.4681
                -15.4846     -15.4101     -14.7094     -13.2294     -14.4601
                -15.7983     -14.4049     -15.4218     -15.1642     -15.5389
   1    100     -16.3218     -15.5297     -16.3131     -16.3747     -16.3093
                -15.8354     -15.5733     -16.7972     -16.7602     -16.1922
                -16.4767     -16.6793     -16.6443     -16.6555     -16.6622
                -16.6785     -16.6016     -15.8978     -14.4181     -15.6517
                -16.9891     -15.5920     -16.6154     -16.3553     -16.7322
   2      0     -14.7696     -13.9803     -14.7626     -14.8179     -14.7491
                -14.2879     -14.0179     -15.2340     -15.2102     -14.6368
                -14.9213     -15.1192     -15.0894     -15.1014     -15.1026
                -15.1217     -15.0473     -14.3515     -12.8699     -14.1019
                -15.4400     -14.0495     -15.0580     -14.8139     -15.1805
   3      0     -14.7853     -13.9912     -14.7735     -14.8298     -14.7583
                -14.3034     -14.0339     -15.2417     -15.2235     -14.6547
                -14.9384     -15.1314     -15.1050     -15.1135     -15.1183
                -15.1392     -15.0623     -14.3680     -12.8859     -14.1107
                -15.4517     -14.0574     -15.0686     -14.8218     -15.1919
   4      0     -14.7794     -13.9844     -14.7624     -14.8219     -14.7463
                -14.2921     -14.0178     -15.2302     -15.2116     -14.6362
                -14.9199     -15.1132     -15.0882     -15.0897     -15.1031
                -15.1212     -15.0509     -14.3478     -12.8881     -14.1124
                -15.4275     -14.0487     -15.0604     -14.8082     -15.1805
   5      0     -14.7715     -13.9779     -14.7656     -14.8179     -14.7455
                -14.2892     -14.0192     -15.2267     -15.2088     -14.6343
                -14.9205     -15.1153     -15.0874     -15.0861     -15.1070
                -15.1278     -15.0496     -14.3495     -12.8754     -14.1015
                -15.4386     -14.0449     -15.0537     -14.8052     -15.1814
   5     60     -14.8158     -14.0223     -14.8101     -14.8626     -14.7901
                -14.3336     -14.0636     -15.2712     -15.2532     -14.6786
                -14.9648     -15.1597     -15.1320     -15.1308     -15.1516
                -15.1724     -15.0940     -14.3939     -12.9198     -14.1458
                -15.4829     -14.0891     -15.0981     -14.8495     -15.2260
   5     80     -15.2290     -14.4358     -15.2252     -15.2783     -15.2041
                -14.7471     -14.4772     -15.6867     -15.6673     -15.0911
                -15.3777     -15.5743     -15.5467     -15.5464     -15.5666
                -15.5878     -15.5081     -14.8075     -13.3331     -14.5594
                -15.8970     -14.5014     -15.5126     -15.2632     -15.6415
   5    100     -16.3240     -15.5302     -16.3237     -16.3780     -16.2994
                -15.8420     -15.5722     -16.7871     -16.7640     -16.1849
                -16.4725     -16.6718     -16.6445     -16.6458     -16.6654
                -16.6869     -16.6045     -15.9016     -14.4266     -15.6554
                -16.9939     -15.5940     -16.6107     -16.3600     -16.7406
 
 
 cumulative average & 95% error for solvation free energy
              total             1st component         2nd component         3rd component
  1   -15.4109     0.0000     0.9196     0.0000    -1.5288     0.0000   -14.7853     0.0000
  2   -15.5568     0.2917     0.7089     0.4213    -1.8611     0.6646   -14.3882     0.7941
  3   -15.6629     0.2710     0.7598     0.2637    -1.8896     0.3879   -14.5167     0.5255
  4   -15.7309     0.2349     0.9328     0.3930    -2.0523     0.4255   -14.5949     0.4032
  5   -15.6734     0.2152     1.0009     0.3335    -2.0303     0.3325   -14.6276     0.3191
  6   -15.6884     0.1782     0.9527     0.2888    -2.0511     0.2747   -14.5736     0.2821
  7   -15.6571     0.1631     0.9224     0.2515    -2.0666     0.2342   -14.4965     0.2839
  8   -15.6712     0.1441     0.8975     0.2235    -1.9626     0.2905   -14.5896     0.3085
  9   -15.6357     0.1455     0.9489     0.2223    -1.9082     0.2784   -14.6601     0.3064
 10   -15.6675     0.1449     0.9697     0.2031    -1.9613     0.2707   -14.6595     0.2740
 11   -15.6410     0.1414     1.0360     0.2266    -1.9757     0.2466   -14.6849     0.2530
 12   -15.6302     0.1309     1.0597     0.2122    -1.9514     0.2303   -14.7221     0.2426
 13   -15.6266     0.1206     1.1007     0.2118    -1.9594     0.2125   -14.7515     0.2308
 14   -15.6074     0.1181     1.1220     0.2006    -1.9355     0.2024   -14.7774     0.2199
 15   -15.6455     0.1338     1.1585     0.2006    -1.9875     0.2152   -14.8001     0.2097
 16   -15.6475     0.1252     1.1619     0.1877    -1.9717     0.2038   -14.8213     0.2007
 17   -15.6491     0.1177     1.1796     0.1798    -1.9768     0.1917   -14.8355     0.1906
 18   -15.6314     0.1164     1.1940     0.1720    -1.9995     0.1863   -14.8095     0.1871
 19   -15.6294     0.1102     1.1768     0.1663    -2.0815     0.2408   -14.7083     0.2689
 20   -15.6182     0.1069     1.1710     0.1581    -2.0945     0.2299   -14.6784     0.2620
 21   -15.6054     0.1049     1.1843     0.1528    -2.0581     0.2305   -14.7152     0.2599
 22   -15.6035     0.1001     1.1743     0.1470    -2.0760     0.2227   -14.6853     0.2549
 23   -15.6103     0.0966     1.1767     0.1406    -2.0685     0.2133   -14.7020     0.2458
 24   -15.6046     0.0931     1.1695     0.1353    -2.0508     0.2073   -14.7070     0.2356
 25   -15.6093     0.0898     1.1766     0.1306    -2.0431     0.1994   -14.7264     0.2293
