 ERmod 0.3.7, Copyright (C) 2000-2019 Nobuyuki Matubayasi
                            2010-2019 Shun Sakuraba
 ERmod comes with ABSOLUTELY NO WARRANTY.
 This is free software, and you can redistribute it
 and/or modify it under certain conditions.
 See LICENSE file for details.
Opening: "/home/hervoe/snic2020-6-15/hervoe/Caffeine_solubility/Simulations/opls_simulations/KI/1.00/trajectory_ref_full.xtc"...
  Trying plugin "Gromacs XTC Compressed Trajectory"...OK
Opening: "/home/hervoe/snic2020-6-15/hervoe/Caffeine_solubility/Simulations/opls_simulations/Solute/trajectory_solute.xtc"...
  Trying plugin "Gromacs XTC Compressed Trajectory"...OK
Opening: "/home/hervoe/snic2020-6-15/hervoe/Caffeine_solubility/Simulations/opls_simulations/Solute/trajectory_solute.xtc"...
  Trying plugin "Gromacs XTC Compressed Trajectory"...OK
Opening: "/home/hervoe/snic2020-6-15/hervoe/Caffeine_solubility/Simulations/opls_simulations/Solute/trajectory_solute.xtc"...
  Trying plugin "Gromacs XTC Compressed Trajectory"...OK
Opening: "/home/hervoe/snic2020-6-15/hervoe/Caffeine_solubility/Simulations/opls_simulations/Solute/trajectory_solute.xtc"...
  Trying plugin "Gromacs XTC Compressed Trajectory"...OK
Opening: "/home/hervoe/snic2020-6-15/hervoe/Caffeine_solubility/Simulations/opls_simulations/Solute/trajectory_solute.xtc"...
  Trying plugin "Gromacs XTC Compressed Trajectory"...OK
Opening: "/home/hervoe/snic2020-6-15/hervoe/Caffeine_solubility/Simulations/opls_simulations/Solute/trajectory_solute.xtc"...
  Trying plugin "Gromacs XTC Compressed Trajectory"...OK
Opening: "/home/hervoe/snic2020-6-15/hervoe/Caffeine_solubility/Simulations/opls_simulations/Solute/trajectory_solute.xtc"...
  Trying plugin "Gromacs XTC Compressed Trajectory"...OK
Opening: "/home/hervoe/snic2020-6-15/hervoe/Caffeine_solubility/Simulations/opls_simulations/Solute/trajectory_solute.xtc"...
  Trying plugin "Gromacs XTC Compressed Trajectory"...OK
Opening: "/home/hervoe/snic2020-6-15/hervoe/Caffeine_solubility/Simulations/opls_simulations/Solute/trajectory_solute.xtc"...
  Trying plugin "Gromacs XTC Compressed Trajectory"...OK
Opening: "/home/hervoe/snic2020-6-15/hervoe/Caffeine_solubility/Simulations/opls_simulations/Solute/trajectory_solute.xtc"...
  Trying plugin "Gromacs XTC Compressed Trajectory"...OK
 
  Number of the   1-th solvent  =           18
  Number of the   2-th solvent  =           18
  Number of the   3-th solvent  =         1000
 
  Be sure that the solvent distribution is homogeneous (radial distribution function is essentially unity) when the solvent molecule is separated beyond distance of   10.0 Angstrom in any direction from any atom within the solute molecule
 
  LJ long-range correction    =        -0.0589     -0.0031     -0.9827
 
  Self-energy of the solute   =        -0.0375  kcal/mol
 
 
 cumulative average & 95% error for solvation energy
              total             1st component         2nd component         3rd component
  1   -49.4133                1.5444               -3.2163              -47.7039
  2   -49.4753     0.1240     0.8643     1.3600    -3.0249     0.3828   -47.2772     0.8532
  3   -49.5305     0.1316     0.2954     1.3826    -3.1209     0.2927   -46.6675     1.3152
  4   -49.4902     0.1231     0.0020     1.1402    -3.6908     1.1585   -45.7638     2.0325
  5   -49.4389     0.1401     0.0256     0.8845    -3.8400     0.9457   -45.5870     1.6137
  6   -49.4113     0.1270    -0.2270     0.8813    -3.7409     0.7972   -45.4059     1.3664
  7   -49.4450     0.1267    -0.3220     0.7687    -3.3282     1.0655   -45.7573     1.3518
  8   -49.4625     0.1152    -0.6130     0.8842    -3.2850     0.9268   -45.5271     1.2580
  9   -49.4323     0.1182    -0.6650     0.7867    -3.0128     0.9820   -45.7170     1.1727
 10   -49.4490     0.1109    -0.7643     0.7312    -3.0225     0.8786   -45.6247     1.0650
 11   -49.4571     0.1016    -0.6601     0.6935    -3.1050     0.8116   -45.6546     0.9652
 12   -49.4458     0.0955    -0.6035     0.6431    -3.3367     0.8740   -45.4681     0.9568
 13   -49.4448     0.0879    -0.6767     0.6094    -3.1676     0.8722   -45.5631     0.9004
 14   -49.4588     0.0860    -0.6956     0.5655    -3.0139     0.8640   -45.7118     0.8850
 15   -49.4669     0.0817    -0.6956     0.5264    -3.0522     0.8079   -45.6816     0.8261
 16   -49.4734     0.0775    -0.6890     0.4926    -3.1572     0.7844   -45.5897     0.7943
 17   -49.4628     0.0758    -0.7517     0.4794    -3.0635     0.7603   -45.6101     0.7472
 18   -49.4411     0.0837    -0.8335     0.4807    -3.0563     0.7170   -45.5139     0.7304
 19   -49.4409     0.0792    -0.8802     0.4642    -3.0504     0.6783   -45.4728     0.6957
 20   -49.4481     0.0765    -0.9765     0.4806    -3.0566     0.6436   -45.3775     0.6869
 21   -49.4495     0.0728    -0.9221     0.4699    -3.0625     0.6123   -45.4275     0.6610
 22   -49.4479     0.0695    -0.9182     0.4481    -3.0274     0.5880   -45.4647     0.6346
 23   -49.4432     0.0670    -0.9062     0.4288    -3.0760     0.5702   -45.4235     0.6120
 24   -49.4458     0.0644    -0.8897     0.4119    -3.0113     0.5611   -45.5073     0.6094
 25   -49.4482     0.0620    -0.9502     0.4132    -2.9025     0.5805   -45.5579     0.5932
 
 
 group  inft  solvation free energy     error          difference
  total solvation free energy
   1      0        -11.45666           0.09649          -0.01675
   1     60        -11.49419           0.09648          -0.05428
   1     80        -11.86269           0.09631          -0.42278
   1    100        -13.13162           0.09563          -1.69170
   2      0        -11.44068           0.09579          -0.00077
   3      0        -11.43991           0.09510           0.00000
   4      0        -11.42810           0.09519           0.01181
   5      0        -11.42603           0.09561           0.01388
   5     60        -11.47853           0.09560          -0.03862
   5     80        -11.93727           0.09537          -0.49736
   5    100        -13.10285           0.09475          -1.66294
 
  contribution from  1-th solvent component
   1      0          0.31176           0.20477          -0.01249
   1     60          0.31054           0.20477          -0.01370
   1     80          0.30005           0.20477          -0.02419
   1    100          0.26631           0.20475          -0.05793
   2      0          0.32036           0.20555          -0.00388
   3      0          0.32424           0.20520           0.00000
   4      0          0.32582           0.20558           0.00158
   5      0          0.32701           0.20562           0.00277
   5     60          0.32542           0.20562           0.00118
   5     80          0.31244           0.20562          -0.01180
   5    100          0.28152           0.20564          -0.04273
 
  contribution from  2-th solvent component
   1      0         -1.58859           0.30700          -0.01007
   1     60         -1.58856           0.30701          -0.01004
   1     80         -1.59149           0.30712          -0.01297
   1    100         -1.60211           0.30743          -0.02358
   2      0         -1.58056           0.30476          -0.00203
   3      0         -1.57853           0.30456           0.00000
   4      0         -1.57652           0.30355           0.00201
   5      0         -1.57487           0.30403           0.00365
   5     60         -1.57513           0.30404           0.00340
   5     80         -1.57896           0.30416          -0.00043
   5    100         -1.58888           0.30438          -0.01036
 
  contribution from  3-th solvent component
   1      0        -10.14233           0.28501           0.00580
   1     60        -10.17867           0.28501          -0.03054
   1     80        -10.53375           0.28522          -0.38562
   1    100        -11.75833           0.28600          -1.61019
   2      0        -10.14299           0.28413           0.00515
   3      0        -10.14814           0.28447           0.00000
   4      0        -10.13991           0.28322           0.00822
   5      0        -10.14068           0.28360           0.00745
   5     60        -10.19133           0.28361          -0.04319
   5     80        -10.63326           0.28387          -0.48512
   5    100        -11.75799           0.28460          -1.60986
 
 
 group  inft   Estimated free energy: total (kcal/mol)
   1      0     -11.3374     -11.4409     -11.4275     -12.0478     -11.3020
                -11.6444     -10.9476     -11.3783     -11.3583     -11.6735
                -11.4424     -11.6801     -11.2289     -11.0988     -11.3892
                -11.6622     -11.6863     -11.6430     -11.2313     -11.4032
                -11.5195     -11.6645     -11.6955     -11.1012     -11.4128
   1     60     -11.3749     -11.4785     -11.4650     -12.0854     -11.3396
                -11.6819     -10.9852     -11.4157     -11.3956     -11.7110
                -11.4800     -11.7177     -11.2664     -11.1363     -11.4269
                -11.6996     -11.7238     -11.6806     -11.2689     -11.4407
                -11.5570     -11.7020     -11.7331     -11.1386     -11.4503
   1     80     -11.7441     -11.8482     -11.8339     -12.4527     -11.7077
                -12.0496     -11.3553     -11.7834     -11.7617     -12.0792
                -11.8490     -12.0863     -11.6349     -11.5060     -11.7978
                -12.0675     -12.0926     -12.0487     -11.6376     -11.8089
                -11.9247     -12.0702     -12.1007     -11.5072     -11.8192
   1    100     -13.0149     -13.1209     -13.1049     -13.7176     -12.9765
                -13.3152     -12.6302     -13.0495     -13.0239     -13.3460
                -13.1194     -13.3546     -12.9052     -12.7793     -13.0739
                -13.3340     -13.3629     -13.3160     -12.9070     -13.0760
                -13.1896     -13.3393     -13.3670     -12.7762     -13.0901
   2      0     -11.3141     -11.4174     -11.4059     -12.0218     -11.2729
                -11.6072     -10.9307     -11.3720     -11.3329     -11.6640
                -11.4263     -11.6653     -11.2078     -11.1043     -11.3645
                -11.6343     -11.6743     -11.6243     -11.2077     -11.4000
                -11.5215     -11.6650     -11.6805     -11.0979     -11.4044
   3      0     -11.3299     -11.4121     -11.3993     -12.0179     -11.2751
                -11.5958     -10.9295     -11.3711     -11.3306     -11.6663
                -11.4205     -11.6603     -11.2097     -11.1267     -11.3590
                -11.6399     -11.6720     -11.6162     -11.2050     -11.3889
                -11.5337     -11.6697     -11.6763     -11.0942     -11.3982
   4      0     -11.3009     -11.3932     -11.3967     -12.0011     -11.2556
                -11.5917     -10.9125     -11.3654     -11.3064     -11.6528
                -11.4117     -11.6524     -11.2045     -11.1082     -11.3443
                -11.6201     -11.6690     -11.6116     -11.1939     -11.3946
                -11.5184     -11.6571     -11.6546     -11.0913     -11.3944
   5      0     -11.3009     -11.3874     -11.3864     -12.0073     -11.2650
                -11.5906     -10.9101     -11.3540     -11.3132     -11.6395
                -11.4121     -11.6504     -11.1917     -11.1178     -11.3422
                -11.6193     -11.6713     -11.6126     -11.1906     -11.3900
                -11.5165     -11.6551     -11.6583     -11.0804     -11.3882
   5     60     -11.3535     -11.4400     -11.4389     -12.0597     -11.3175
                -11.6430     -10.9628     -11.4063     -11.3653     -11.6920
                -11.4647     -11.7030     -11.2442     -11.1704     -11.3950
                -11.6717     -11.7238     -11.6651     -11.2432     -11.4425
                -11.5689     -11.7075     -11.7107     -11.1329     -11.4406
   5     80     -11.8130     -11.9004     -11.8978     -12.5167     -11.7759
                -12.1005     -11.4234     -11.8641     -11.8208     -12.1505
                -11.9240     -12.1617     -11.7030     -11.6312     -11.8564
                -12.1295     -12.1830     -12.1235     -11.7021     -11.9013
                -12.0269     -12.1661     -12.1684     -11.5914     -11.8999
   5    100     -12.9803     -13.0697     -13.0644     -13.6781     -12.9415
                -13.2626     -12.5940     -13.0269     -12.9792     -13.3146
                -13.0914     -13.3264     -12.8698     -12.8022     -13.0279
                -13.2923     -13.3502     -13.2882     -12.8678     -13.0666
                -13.1895     -13.3321     -13.3315     -12.7567     -13.0673
 
 group  inft   Estimated free energy: 1-th solvent contribution (kcal/mol)
   1      0       1.5283       0.9842       0.3627      -0.0396       0.8221
                  0.0125       0.5332      -0.3364       0.2390       0.1275
                  0.9939       0.4390       0.0648       0.5371       0.4332
                  0.5051      -0.0917      -0.5952      -0.0388      -0.4629
                  0.8489       0.2725       0.1549       0.8403      -0.3406
   1     60       1.5270       0.9830       0.3615      -0.0408       0.8209
                  0.0114       0.5320      -0.3376       0.2378       0.1263
                  0.9927       0.4378       0.0636       0.5358       0.4320
                  0.5039      -0.0929      -0.5964      -0.0400      -0.4640
                  0.8476       0.2713       0.1537       0.8390      -0.3418
   1     80       1.5164       0.9725       0.3509      -0.0511       0.8107
                  0.0011       0.5212      -0.3481       0.2273       0.1160
                  0.9822       0.4273       0.0529       0.5251       0.4214
                  0.4935      -0.1034      -0.6071      -0.0506      -0.4743
                  0.8371       0.2610       0.1432       0.8285      -0.3526
   1    100       1.4821       0.9389       0.3169      -0.0841       0.7781
                 -0.0317       0.4865      -0.3817       0.1934       0.0831
                  0.9486       0.3935       0.0185       0.4908       0.3872
                  0.4601      -0.1373      -0.6414      -0.0846      -0.5074
                  0.8032       0.2277       0.1097       0.7948      -0.3871
   2      0       1.5459       0.9986       0.3660      -0.0265       0.8217
                  0.0226       0.5526      -0.3343       0.2488       0.1389
                  1.0044       0.4442       0.0793       0.5379       0.4401
                  0.5154      -0.0864      -0.5825      -0.0291      -0.4615
                  0.8620       0.2762       0.1578       0.8535      -0.3364
   3      0       1.5473       1.0041       0.3700      -0.0222       0.8269
                  0.0282       0.5529      -0.3287       0.2521       0.1424
                  1.0077       0.4497       0.0846       0.5425       0.4457
                  0.5173      -0.0821      -0.5797      -0.0225      -0.4576
                  0.8610       0.2810       0.1624       0.8534      -0.3305
   4      0       1.5491       1.0129       0.3684      -0.0219       0.8238
                  0.0283       0.5631      -0.3261       0.2562       0.1446
                  1.0097       0.4488       0.0812       0.5475       0.4512
                  0.5177      -0.0842      -0.5765      -0.0193      -0.4605
                  0.8641       0.2796       0.1630       0.8549      -0.3302
   5      0       1.5503       1.0190       0.3673      -0.0190       0.8237
                  0.0311       0.5613      -0.3255       0.2535       0.1458
                  1.0103       0.4496       0.0840       0.5510       0.4519
                  0.5199      -0.0815      -0.5788      -0.0220      -0.4559
                  0.8645       0.2828       0.1645       0.8557      -0.3282
   5     60       1.5487       1.0174       0.3657      -0.0205       0.8222
                  0.0295       0.5597      -0.3271       0.2519       0.1442
                  1.0087       0.4480       0.0824       0.5494       0.4503
                  0.5183      -0.0831      -0.5804      -0.0236      -0.4575
                  0.8630       0.2812       0.1629       0.8541      -0.3298
   5     80       1.5358       1.0044       0.3524      -0.0332       0.8094
                  0.0168       0.5465      -0.3401       0.2390       0.1315
                  0.9958       0.4350       0.0692       0.5360       0.4372
                  0.5055      -0.0962      -0.5934      -0.0367      -0.4704
                  0.8499       0.2684       0.1500       0.8411      -0.3431
   5    100       1.5049       0.9735       0.3209      -0.0633       0.7789
                 -0.0136       0.5153      -0.3712       0.2082       0.1012
                  0.9653       0.4041       0.0379       0.5042       0.4060
                  0.4749      -0.1273      -0.6243      -0.0680      -0.5012
                  0.8188       0.2378       0.1192       0.8103      -0.3747
 
 group  inft   Estimated free energy: 2-th solvent contribution (kcal/mol)
   1      0      -1.6526      -1.6454      -1.6471      -3.0208      -2.2498
                 -1.9921      -0.1927      -1.6508      -0.5830      -1.9761
                 -2.0523      -2.9915      -0.5377      -0.4775      -1.8483
                 -2.6241      -1.2151      -1.6776      -1.3816      -1.7295
                 -1.7960      -1.4074      -2.1656      -0.8512      -0.3488
   1     60      -1.6525      -1.6454      -1.6471      -3.0209      -2.2498
                 -1.9921      -0.1927      -1.6508      -0.5830      -1.9760
                 -2.0523      -2.9915      -0.5377      -0.4773      -1.8483
                 -2.6240      -1.2151      -1.6776      -1.3816      -1.7295
                 -1.7960      -1.4074      -2.1656      -0.8511      -0.3488
   1     80      -1.6554      -1.6485      -1.6503      -3.0241      -2.2530
                 -1.9953      -0.1951      -1.6539      -0.5853      -1.9793
                 -2.0554      -2.9946      -0.5406      -0.4792      -1.8515
                 -2.6273      -1.2182      -1.6808      -1.3845      -1.7327
                 -1.7987      -1.4103      -2.1690      -0.8536      -0.3511
   1    100      -1.6655      -1.6594      -1.6613      -3.0358      -2.2645
                 -2.0070      -0.2045      -1.6647      -0.5948      -1.9901
                 -2.0662      -3.0055      -0.5517      -0.4859      -1.8630
                 -2.6387      -1.2295      -1.6923      -1.3951      -1.7439
                 -1.8079      -1.4212      -2.1814      -0.8623      -0.3607
   2      0      -1.6415      -1.6364      -1.6356      -3.0071      -2.2250
                 -1.9689      -0.1990      -1.6466      -0.5799      -1.9711
                 -2.0389      -2.9826      -0.5299      -0.4867      -1.8266
                 -2.6044      -1.2080      -1.6544      -1.3681      -1.7178
                 -1.8113      -1.4138      -2.1538      -0.8686      -0.3379
   3      0      -1.6544      -1.6312      -1.6226      -3.0059      -2.2253
                 -1.9610      -0.1920      -1.6428      -0.5742      -1.9745
                 -2.0349      -2.9788      -0.5280      -0.5110      -1.8231
                 -2.6024      -1.2059      -1.6504      -1.3666      -1.7066
                 -1.8165      -1.4162      -2.1507      -0.8536      -0.3345
   4      0      -1.6431      -1.6298      -1.6267      -3.0022      -2.2167
                 -1.9645      -0.1973      -1.6391      -0.5794      -1.9724
                 -2.0328      -2.9729      -0.5281      -0.4999      -1.8210
                 -2.5937      -1.2046      -1.6467      -1.3600      -1.7043
                 -1.8181      -1.4136      -2.1417      -0.8677      -0.3367
   5      0      -1.6450      -1.6248      -1.6202      -3.0049      -2.2186
                 -1.9628      -0.1935      -1.6376      -0.5722      -1.9660
                 -2.0345      -2.9724      -0.5213      -0.5093      -1.8182
                 -2.5949      -1.2079      -1.6462      -1.3597      -1.7053
                 -1.8097      -1.4119      -2.1440      -0.8590      -0.3320
   5     60      -1.6453      -1.6251      -1.6205      -3.0052      -2.2188
                 -1.9631      -0.1937      -1.6379      -0.5724      -1.9663
                 -2.0348      -2.9726      -0.5215      -0.5094      -1.8185
                 -2.5952      -1.2082      -1.6465      -1.3600      -1.7055
                 -1.8099      -1.4122      -2.1443      -0.8592      -0.3322
   5     80      -1.6490      -1.6291      -1.6245      -3.0093      -2.2229
                 -1.9673      -0.1971      -1.6419      -0.5755      -1.9704
                 -2.0388      -2.9766      -0.5255      -0.5122      -1.8225
                 -2.5992      -1.2121      -1.6506      -1.3638      -1.7096
                 -1.8136      -1.4161      -2.1486      -0.8626      -0.3352
   5    100      -1.6582      -1.6393      -1.6347      -3.0202      -2.2334
                 -1.9781      -0.2064      -1.6518      -0.5843      -1.9803
                 -2.0488      -2.9870      -0.5360      -0.5192      -1.8329
                 -2.6093      -1.2225      -1.6614      -1.3736      -1.7200
                 -1.8227      -1.4268      -2.1601      -0.8710      -0.3442
 
 group  inft   Estimated free energy: 3-th solvent contribution (kcal/mol)
   1      0     -11.1756     -10.7422     -10.1056      -8.9499      -9.8368
                 -9.6274     -11.2506      -9.3535     -10.9768      -9.7874
                -10.3465      -9.0901     -10.7185     -11.1208      -9.9366
                 -9.5056     -10.3420      -9.3328      -9.7734      -9.1733
                -10.5348     -10.4921      -9.6473     -11.0528     -10.6859
   1     60     -11.2120     -10.7786     -10.1419      -8.9862      -9.8731
                 -9.6637     -11.2870      -9.3898     -11.0129      -9.8238
                -10.3829      -9.1265     -10.7548     -11.1573      -9.9731
                 -9.5419     -10.3783      -9.3690      -9.8098      -9.2096
                -10.5711     -10.5284      -9.6836     -11.0891     -10.7222
   1     80     -11.5676     -11.1348     -10.4970      -9.3400     -10.2280
                -10.0179     -11.6439      -9.7440     -11.3662     -10.1785
                -10.7383      -9.4815     -11.1097     -11.5145     -10.3302
                 -9.8961     -10.7335      -9.7234     -10.1650      -9.5644
                -10.9256     -10.8834     -10.0376     -11.4447     -11.0781
   1    100     -12.7940     -12.3629     -11.7230     -10.5602     -11.4526
                -11.2391     -12.8747     -10.9657     -12.5851     -11.4016
                -11.9644     -10.7051     -12.3345     -12.7467     -11.5607
                -11.1179     -11.9587     -10.9449     -11.3898     -10.7872
                -12.1474     -12.1082     -11.2579     -12.6712     -12.3048
   2      0     -11.1810     -10.7420     -10.0988      -8.9507      -9.8321
                 -9.6234     -11.2467      -9.3537     -10.9643      -9.7942
                -10.3543      -9.0895     -10.7197     -11.1180      -9.9406
                 -9.5078     -10.3423      -9.3499      -9.7730      -9.1831
                -10.5348     -10.4898      -9.6470     -11.0454     -10.6926
   3      0     -11.1852     -10.7475     -10.1092      -8.9523      -9.8392
                 -9.6256     -11.2529      -9.3621     -10.9710      -9.7967
                -10.3559      -9.0937     -10.7288     -11.1208      -9.9441
                 -9.5172     -10.3464      -9.3486      -9.7785      -9.1871
                -10.5408     -10.4970      -9.6506     -11.0564     -10.6956
   4      0     -11.1693     -10.7388     -10.1009      -8.9395      -9.8251
                 -9.6181     -11.2408      -9.3627     -10.9458      -9.7875
                -10.3512      -9.0907     -10.7202     -11.1183      -9.9371
                 -9.5066     -10.3427      -9.3508      -9.7772      -9.1923
                -10.5270     -10.4856      -9.6384     -11.0410     -10.6900
   5      0     -11.1687     -10.7441     -10.0960      -8.9459      -9.8327
                 -9.6214     -11.2404      -9.3534     -10.9570      -9.7818
                -10.3503      -9.0901     -10.7169     -11.1220      -9.9385
                 -9.5068     -10.3444      -9.3502      -9.7714      -9.1913
                -10.5339     -10.4885      -9.6413     -11.0396     -10.6905
   5     60     -11.2195     -10.7949     -10.1466      -8.9965      -9.8834
                 -9.6719     -11.2912      -9.4039     -11.0074      -9.8325
                -10.4011      -9.1408     -10.7675     -11.1728      -9.9894
                 -9.5574     -10.3950      -9.4008      -9.8221      -9.2420
                -10.5845     -10.5391      -9.6919     -11.0902     -10.7411
   5     80     -11.6623     -11.2382     -10.5882      -9.4367     -10.3249
                -10.1126     -11.7353      -9.8446     -11.4469     -10.2741
                -10.8436      -9.5826     -11.2093     -11.6175     -10.4337
                 -9.9982     -10.8373      -9.8420     -10.2640      -9.6838
                -11.0257     -10.9809     -10.1323     -11.5325     -11.1842
   5    100     -12.7895     -12.3664     -11.7131     -10.5572     -11.4495
                -11.2335     -12.8654     -10.9663     -12.5657     -11.3980
                -11.9704     -10.7061     -12.3342     -12.7497     -11.5635
                -11.1204     -11.9630     -10.9649     -11.3887     -10.8079
                -12.1482     -12.1057     -11.2531     -12.6585     -12.3110
 
 
 cumulative average & 95% error for solvation free energy
              total             1st component         2nd component         3rd component
  1   -11.3299     0.0000     1.5473     0.0000    -1.6544     0.0000   -11.1852     0.0000
  2   -11.3710     0.0822     1.2757     0.5431    -1.6428     0.0232   -10.9664     0.4376
  3   -11.3804     0.0511     0.9738     0.6804    -1.6361     0.0190   -10.6807     0.6248
  4   -11.5398     0.3208     0.7248     0.6924    -1.9785     0.6850   -10.2486     0.9706
  5   -11.4869     0.2701     0.7452     0.5379    -2.0279     0.5397   -10.1667     0.7694
  6   -11.5050     0.2235     0.6257     0.5000    -2.0167     0.4413   -10.0765     0.6536
  7   -11.4228     0.2504     0.6153     0.4231    -1.7561     0.6410   -10.2446     0.6466
  8   -11.4163     0.2173     0.4973     0.4358    -1.7419     0.5558   -10.1343     0.6019
  9   -11.4068     0.1926     0.4701     0.3882    -1.6122     0.5547   -10.2272     0.5624
 10   -11.4328     0.1799     0.4373     0.3534    -1.6484     0.5014   -10.1842     0.5104
 11   -11.4316     0.1627     0.4892     0.3360    -1.6835     0.4589   -10.1998     0.4627
 12   -11.4507     0.1534     0.4859     0.3068    -1.7915     0.4713   -10.1076     0.4609
 13   -11.4322     0.1459     0.4550     0.2889    -1.6943     0.4751   -10.1554     0.4346
 14   -11.4103     0.1419     0.4613     0.2678    -1.6098     0.4712   -10.2244     0.4253
 15   -11.4069     0.1323     0.4602     0.2493    -1.6240     0.4396   -10.2057     0.3977
 16   -11.4215     0.1271     0.4638     0.2333    -1.6851     0.4290   -10.1626     0.3818
 17   -11.4362     0.1230     0.4317     0.2284    -1.6569     0.4069   -10.1735     0.3593
 18   -11.4462     0.1177     0.3755     0.2429    -1.6566     0.3836   -10.1276     0.3510
 19   -11.4335     0.1142     0.3545     0.2335    -1.6413     0.3642   -10.1093     0.3340
 20   -11.4313     0.1084     0.3139     0.2360    -1.6446     0.3455   -10.0631     0.3300
 21   -11.4362     0.1036     0.3400     0.2304    -1.6528     0.3291   -10.0859     0.3172
 22   -11.4468     0.1010     0.3373     0.2197    -1.6420     0.3145   -10.1046     0.3047
 23   -11.4568     0.0986     0.3297     0.2105    -1.6641     0.3038   -10.0848     0.2938
 24   -11.4417     0.0991     0.3515     0.2062    -1.6304     0.2986   -10.1253     0.2927
 25   -11.4399     0.0951     0.3242     0.2052    -1.5785     0.3046   -10.1481     0.2845
