 ERmod 0.3.7, Copyright (C) 2000-2019 Nobuyuki Matubayasi
                            2010-2019 Shun Sakuraba
 ERmod comes with ABSOLUTELY NO WARRANTY.
 This is free software, and you can redistribute it
 and/or modify it under certain conditions.
 See LICENSE file for details.
Opening: "/home/hervoe/snic2020-6-15/hervoe/Caffeine_solubility/Simulations/opls_simulations/CsF/2.00/trajectory_sol_full.xtc"...
  Trying plugin "Gromacs XTC Compressed Trajectory"...OK
 ERmod 0.3.7, Copyright (C) 2000-2019 Nobuyuki Matubayasi
                            2010-2019 Shun Sakuraba
 ERmod comes with ABSOLUTELY NO WARRANTY.
 This is free software, and you can redistribute it
 and/or modify it under certain conditions.
 See LICENSE file for details.
Opening: "/home/hervoe/snic2020-6-15/hervoe/Caffeine_solubility/Simulations/opls_simulations/CsF/2.00/trajectory_ref_full.xtc"...
  Trying plugin "Gromacs XTC Compressed Trajectory"...OK
Opening: "/home/hervoe/snic2020-6-15/hervoe/Caffeine_solubility/Simulations/opls_simulations/Solute/trajectory_solute.xtc"...
  Trying plugin "Gromacs XTC Compressed Trajectory"...OK
Opening: "/home/hervoe/snic2020-6-15/hervoe/Caffeine_solubility/Simulations/opls_simulations/Solute/trajectory_solute.xtc"...
  Trying plugin "Gromacs XTC Compressed Trajectory"...OK
Opening: "/home/hervoe/snic2020-6-15/hervoe/Caffeine_solubility/Simulations/opls_simulations/Solute/trajectory_solute.xtc"...
  Trying plugin "Gromacs XTC Compressed Trajectory"...OK
Opening: "/home/hervoe/snic2020-6-15/hervoe/Caffeine_solubility/Simulations/opls_simulations/Solute/trajectory_solute.xtc"...
  Trying plugin "Gromacs XTC Compressed Trajectory"...OK
Opening: "/home/hervoe/snic2020-6-15/hervoe/Caffeine_solubility/Simulations/opls_simulations/Solute/trajectory_solute.xtc"...
  Trying plugin "Gromacs XTC Compressed Trajectory"...OK
Opening: "/home/hervoe/snic2020-6-15/hervoe/Caffeine_solubility/Simulations/opls_simulations/Solute/trajectory_solute.xtc"...
  Trying plugin "Gromacs XTC Compressed Trajectory"...OK
Opening: "/home/hervoe/snic2020-6-15/hervoe/Caffeine_solubility/Simulations/opls_simulations/Solute/trajectory_solute.xtc"...
  Trying plugin "Gromacs XTC Compressed Trajectory"...OK
Opening: "/home/hervoe/snic2020-6-15/hervoe/Caffeine_solubility/Simulations/opls_simulations/Solute/trajectory_solute.xtc"...
  Trying plugin "Gromacs XTC Compressed Trajectory"...OK
Opening: "/home/hervoe/snic2020-6-15/hervoe/Caffeine_solubility/Simulations/opls_simulations/Solute/trajectory_solute.xtc"...
  Trying plugin "Gromacs XTC Compressed Trajectory"...OK
Opening: "/home/hervoe/snic2020-6-15/hervoe/Caffeine_solubility/Simulations/opls_simulations/Solute/trajectory_solute.xtc"...
  Trying plugin "Gromacs XTC Compressed Trajectory"...OK
 
  Number of the   1-th solvent  =           36
  Number of the   2-th solvent  =           36
  Number of the   3-th solvent  =         1000
 
  Be sure that the solvent distribution is homogeneous (radial distribution function is essentially unity) when the solvent molecule is separated beyond distance of   10.0 Angstrom in any direction from any atom within the solute molecule
 
  LJ long-range correction    =        -0.0511     -0.0080     -1.0246
 
  Self-energy of the solute   =        -0.0391  kcal/mol
 
 
 cumulative average & 95% error for solvation energy
              total             1st component         2nd component         3rd component
  1   -49.8363                2.8762               -6.7933              -45.8802
  2   -49.9395     0.2064     1.6873     2.3778    -5.8511     1.8844   -45.7367     0.2870
  3   -49.9108     0.1323     1.4624     1.4447    -5.4524     1.3489   -45.8817     0.3341
  4   -49.8501     0.1533     1.4982     1.0240    -5.5152     0.9621   -45.7939     0.2944
  5   -49.9393     0.2144     0.9840     1.2987    -5.4272     0.7657   -45.4570     0.7113
  6   -49.9384     0.1751     1.1312     1.1005    -5.6548     0.7733   -45.3758     0.6031
  7   -49.9113     0.1576     0.9293     1.0140    -5.4626     0.7582   -45.3390     0.5150
  8   -49.9621     0.1701     0.5701     1.1346    -5.3222     0.7141   -45.1708     0.5586
  9   -49.9556     0.1506     0.6654     1.0187    -5.5397     0.7654   -45.0422     0.5557
 10   -49.9882     0.1496     0.7820     0.9405    -5.4614     0.7022   -45.2697     0.6738
 11   -50.0068     0.1404     0.8503     0.8616    -5.5976     0.6911   -45.2204     0.6174
 12   -50.0249     0.1332     0.7079     0.8364    -5.3942     0.7506   -45.2996     0.5854
 13   -50.0125     0.1250     0.6947     0.7699    -5.3211     0.7058   -45.3469     0.5468
 14   -49.9759     0.1369     0.7750     0.7306    -5.3916     0.6685   -45.3202     0.5091
 15   -49.9824     0.1281     0.7510     0.6819    -5.3558     0.6264   -45.3385     0.4753
 16   -49.9595     0.1283     0.7751     0.6397    -5.4175     0.5988   -45.2781     0.4608
 17   -49.9440     0.1244     0.9164     0.6640    -5.5300     0.6059   -45.2913     0.4336
 18   -49.9357     0.1185     0.8659     0.6341    -5.5600     0.5743   -45.2025     0.4457
 19   -49.9383     0.1122     1.0174     0.6720    -5.6199     0.5563   -45.2968     0.4619
 20   -49.9420     0.1067     1.0482     0.6405    -5.5644     0.5393   -45.3867     0.4736
 21   -49.9485     0.1023     1.0665     0.6104    -5.5884     0.5152   -45.3876     0.4505
 22   -49.9434     0.0981     1.0161     0.5906    -5.5708     0.4925   -45.3496     0.4362
 23   -49.9447     0.0938     1.0284     0.5649    -5.5788     0.4708   -45.3552     0.4170
 24   -49.9448     0.0898     0.9738     0.5518    -5.5766     0.4508   -45.3029     0.4127
 25   -49.9382     0.0871     0.9775     0.5293    -5.5762     0.4324   -45.3004     0.3959
 
 
 group  inft  solvation free energy     error          difference
  total solvation free energy
   1      0        -10.02232           0.17634          -0.00783
   1     60        -10.05986           0.17635          -0.04536
   1     80        -10.42618           0.17676          -0.41169
   1    100        -11.73619           0.17831          -1.72170
   2      0        -10.01885           0.17828          -0.00436
   3      0        -10.01449           0.18114           0.00000
   4      0        -10.00596           0.18045           0.00853
   5      0        -10.00555           0.18096           0.00894
   5     60        -10.05699           0.18098          -0.04250
   5     80        -10.51719           0.18152          -0.50270
   5    100        -11.72581           0.18298          -1.71132
 
  contribution from  1-th solvent component
   1      0          1.38190           0.28504          -0.00031
   1     60          1.38356           0.28506           0.00135
   1     80          1.40417           0.28550           0.02196
   1    100          1.45746           0.28715           0.07525
   2      0          1.37572           0.28634          -0.00649
   3      0          1.38221           0.28750          -0.00000
   4      0          1.38914           0.28626           0.00694
   5      0          1.38721           0.28626           0.00500
   5     60          1.38960           0.28628           0.00739
   5     80          1.41343           0.28687           0.03122
   5    100          1.45688           0.28844           0.07467
 
  contribution from  2-th solvent component
   1      0         -2.60667           0.20987          -0.01804
   1     60         -2.60797           0.20987          -0.01935
   1     80         -2.62125           0.20990          -0.03263
   1    100         -2.66731           0.21000          -0.07869
   2      0         -2.59318           0.20950          -0.00456
   3      0         -2.58862           0.20959           0.00000
   4      0         -2.58667           0.20900           0.00195
   5      0         -2.58333           0.20899           0.00529
   5     60         -2.58505           0.20899           0.00358
   5     80         -2.60151           0.20902          -0.01289
   5    100         -2.64388           0.20910          -0.05525
 
  contribution from  3-th solvent component
   1      0         -8.75846           0.18995           0.01052
   1     60         -8.79635           0.18996          -0.02737
   1     80         -9.17000           0.19013          -0.40102
   1    100        -10.48724           0.19071          -1.71826
   2      0         -8.76229           0.18923           0.00669
   3      0         -8.76898           0.18839           0.00000
   4      0         -8.76934           0.18554          -0.00036
   5      0         -8.77034           0.18751          -0.00135
   5     60         -8.82245           0.18753          -0.05346
   5     80         -9.29002           0.18773          -0.52103
   5    100        -10.49972           0.18824          -1.73074
 
 
 group  inft   Estimated free energy: total (kcal/mol)
   1      0     -10.0058     -10.7987      -9.5764      -9.4718     -10.4357
                -10.7289     -10.1021     -10.0916      -9.6747     -10.3800
                -10.6489     -10.1059     -10.1244      -9.5005      -9.9405
                 -9.6216      -9.4726     -10.4403      -9.5343      -9.6540
                -10.0448      -9.8267     -10.8312      -9.5368     -10.0100
   1     60     -10.0434     -10.8364      -9.6140      -9.5093     -10.4732
                -10.7665     -10.1395     -10.1289      -9.7118     -10.4179
                -10.6865     -10.1435     -10.1620      -9.5381      -9.9780
                 -9.6592      -9.5099     -10.4777      -9.5717      -9.6916
                -10.0824      -9.8643     -10.8686      -9.5744     -10.0474
   1     80     -10.4086     -11.2054      -9.9804      -9.8734     -10.8427
                -11.1333     -10.5044     -10.4946     -10.0734     -10.7880
                -11.0542     -10.5121     -10.5278      -9.9052     -10.3448
                -10.0245      -9.8743     -10.8449      -9.9357     -10.0577
                -10.4506     -10.2325     -11.2332      -9.9385     -10.4142
   1    100     -11.7140     -12.5245     -11.2903     -11.1731     -12.1646
                -12.4451     -11.8107     -11.8041     -11.3666     -12.1107
                -12.3676     -11.8324     -11.8348     -11.2173     -11.6557
                -11.3318     -11.1788     -12.1586     -11.2381     -11.3650
                -11.7675     -11.5505     -12.5374     -11.2373     -11.7283
   2      0      -9.9901     -10.8211      -9.5308      -9.4314     -10.4430
                -10.6798     -10.0625     -10.1123      -9.6621     -10.3965
                -10.6419     -10.1265     -10.1391      -9.4983      -9.9729
                 -9.6233      -9.4625     -10.4210      -9.5318      -9.6371
                -10.0417      -9.8316     -10.8373      -9.5307     -10.0457
   3      0     -10.0109     -10.8219      -9.5215      -9.4309     -10.4562
                -10.7027     -10.0435     -10.1281      -9.6423     -10.3972
                -10.6275     -10.1268     -10.1345      -9.5195      -9.9696
                 -9.5918      -9.4304     -10.4378      -9.5190      -9.6122
                -10.0552      -9.8230     -10.8345      -9.5129     -10.0121
   4      0     -10.0115     -10.8256      -9.4838      -9.3952     -10.4370
                -10.6747     -10.0209     -10.1474      -9.6539     -10.3612
                -10.6140     -10.1193     -10.1316      -9.5075      -9.9834
                 -9.6042      -9.4359     -10.4295      -9.5106      -9.6187
                -10.0557      -9.8239     -10.8144      -9.4904      -9.9988
   5      0     -10.0122     -10.8181      -9.5045      -9.3909     -10.4426
                -10.6870     -10.0291     -10.1313      -9.6521     -10.3809
                -10.6213     -10.1167     -10.1305      -9.4969      -9.9829
                 -9.5854      -9.4327     -10.4045      -9.5133      -9.6086
                -10.0536      -9.8234     -10.8171      -9.4948     -10.0086
   5     60     -10.0636     -10.8698      -9.5560      -9.4422     -10.4941
                -10.7384     -10.0803     -10.1825      -9.7030     -10.4328
                -10.6728     -10.1684     -10.1820      -9.5484     -10.0344
                 -9.6367      -9.4840     -10.4559      -9.5645      -9.6601
                -10.1052      -9.8750     -10.8684      -9.5463     -10.0599
   5     80     -10.5216     -11.3335     -10.0158      -9.8991     -10.9591
                -11.1990     -10.5388     -10.6426     -10.1577     -10.8978
                -11.1342     -10.6313     -10.6415     -10.0099     -10.4955
                -10.0952      -9.9416     -10.9169     -10.0221     -10.1199
                -10.5676     -10.3374     -11.3264     -10.0041     -10.5209
   5    100     -11.7241     -12.5506     -11.2231     -11.0972     -12.1802
                -12.4087     -11.7441     -11.8523     -11.3524     -12.1186
                -12.3445     -11.8488     -11.8476     -11.2211     -11.7061
                -11.3002     -11.1450     -12.1277     -11.2242     -11.3260
                -11.7824     -11.5529     -12.5299     -11.2042     -11.7334
 
 group  inft   Estimated free energy: 1-th solvent contribution (kcal/mol)
   1      0       2.3803       0.7600       1.5581       1.7954       0.1377
                  1.2606       0.7247      -0.1751       1.7557       1.4473
                  1.4626       0.7756       1.2795       1.8937       1.3453
                  1.7992       2.6068       0.6056       2.8872       2.1082
                  1.5176       1.0601       1.0058       1.1455       1.4099
   1     60       2.3820       0.7614       1.5598       1.7972       0.1392
                  1.2621       0.7265      -0.1731       1.7577       1.4488
                  1.4642       0.7771       1.2812       1.8954       1.3469
                  1.8008       2.6087       0.6073       2.8891       2.1100
                  1.5192       1.0616       1.0075       1.1472       1.4115
   1     80       2.4045       0.7784       1.5812       1.8196       0.1559
                  1.2815       0.7484      -0.1513       1.7826       1.4671
                  1.4835       0.7949       1.3025       1.9157       1.3672
                  1.8214       2.6317       0.6268       2.9125       2.1322
                  1.5385       1.0803       1.0294       1.1694       1.4303
   1    100       2.4648       0.8183       1.6377       1.8802       0.1945
                  1.3308       0.8060      -0.0949       1.8511       1.5120
                  1.5328       0.8383       1.3588       1.9675       1.4196
                  1.8756       2.6933       0.6759       2.9751       2.1916
                  1.5873       1.1267       1.0873       1.2297       1.4766
   2      0       2.3838       0.7351       1.5809       1.8240       0.1231
                  1.2906       0.7445      -0.1989       1.7633       1.4262
                  1.4594       0.7412       1.2681       1.8775       1.3211
                  1.7795       2.5986       0.6141       2.8733       2.1153
                  1.5058       1.0475       0.9945       1.1571       1.3671
   3      0       2.3607       0.7371       1.5922       1.8222       0.1271
                  1.2799       0.7560      -0.2129       1.7894       1.4314
                  1.4746       0.7465       1.2774       1.8704       1.3367
                  1.8076       2.6152       0.5913       2.8793       2.1296
                  1.5004       1.0577       0.9996       1.1830       1.4029
   4      0       2.3504       0.7338       1.6176       1.8554       0.1374
                  1.2997       0.7759      -0.2131       1.7843       1.4438
                  1.5016       0.7443       1.2766       1.8729       1.3340
                  1.8080       2.6123       0.6127       2.8752       2.1271
                  1.4871       1.0686       1.0127       1.2100       1.4006
   5      0       2.3552       0.7353       1.6108       1.8484       0.1325
                  1.2939       0.7693      -0.2087       1.7773       1.4398
                  1.4857       0.7516       1.2789       1.8807       1.3371
                  1.8085       2.6048       0.6157       2.8803       2.1298
                  1.4853       1.0618       1.0097       1.2006       1.3960
   5     60       2.3576       0.7374       1.6132       1.8509       0.1347
                  1.2961       0.7719      -0.2059       1.7801       1.4419
                  1.4879       0.7537       1.2813       1.8831       1.3394
                  1.8108       2.6075       0.6182       2.8829       2.1322
                  1.4875       1.0640       1.0122       1.2030       1.3983
   5     80       2.3840       0.7567       1.6382       1.8772       0.1534
                  1.3186       0.7973      -0.1811       1.8095       1.4629
                  1.5102       0.7741       1.3063       1.9064       1.3628
                  1.8347       2.6343       0.6406       2.9102       2.1582
                  1.5097       1.0854       1.0377       1.2289       1.4196
   5    100       2.4340       0.7882       1.6848       1.9275       0.1835
                  1.3588       0.8442      -0.1358       1.8666       1.4990
                  1.5502       0.8088       1.3528       1.9481       1.4053
                  1.8789       2.6850       0.6804       2.9621       2.2072
                  1.5489       1.1225       1.0854       1.2787       1.4567
 
 group  inft   Estimated free energy: 2-th solvent contribution (kcal/mol)
   1      0      -3.3189      -2.6643      -1.8993      -2.3641      -2.3993
                 -3.3486      -2.1016      -1.7255      -3.2430      -2.0966
                 -3.5971      -1.6230      -2.3318      -2.7847      -2.3552
                 -3.0148      -3.1765      -3.0383      -2.7982      -2.1155
                 -2.7114      -2.4460      -2.9487      -2.4726      -2.5915
   1     60      -3.3202      -2.6656      -1.9006      -2.3655      -2.4006
                 -3.3498      -2.1029      -1.7268      -3.2443      -2.0978
                 -3.5984      -1.6243      -2.3331      -2.7860      -2.3565
                 -3.0162      -3.1779      -3.0396      -2.7996      -2.1168
                 -2.7127      -2.4474      -2.9500      -2.4739      -2.5928
   1     80      -3.3335      -2.6787      -1.9140      -2.3787      -2.4139
                 -3.3629      -2.1164      -1.7400      -3.2578      -2.1107
                 -3.6118      -1.6374      -2.3462      -2.7996      -2.3690
                 -3.0296      -3.1917      -3.0529      -2.8131      -2.1303
                 -2.7261      -2.4608      -2.9631      -2.4872      -2.6060
   1    100      -3.3793      -2.7241      -1.9604      -2.4243      -2.4603
                 -3.4081      -2.1633      -1.7856      -3.3042      -2.1551
                 -3.6577      -1.6830      -2.3915      -2.8469      -2.4124
                 -3.0760      -3.2405      -3.0996      -2.8604      -2.1768
                 -2.7723      -2.5081      -3.0088      -2.5326      -2.6516
   2      0      -3.3102      -2.6517      -1.8792      -2.3485      -2.3871
                 -3.3351      -2.0780      -1.7090      -3.2248      -2.0948
                 -3.5876      -1.6098      -2.3309      -2.7634      -2.3592
                 -2.9933      -3.1482      -3.0238      -2.7762      -2.0998
                 -2.6921      -2.4368      -2.9403      -2.4683      -2.5814
   3      0      -3.3031      -2.6447      -1.8737      -2.3440      -2.3866
                 -3.3369      -2.0648      -1.7039      -3.2183      -2.0932
                 -3.5848      -1.6078      -2.3276      -2.7617      -2.3643
                 -2.9887      -3.1361      -3.0125      -2.7709      -2.0851
                 -2.6967      -2.4265      -2.9383      -2.4624      -2.5832
   4      0      -3.2954      -2.6453      -1.8677      -2.3436      -2.3798
                 -3.3308      -2.0655      -1.7028      -3.2137      -2.0920
                 -3.5836      -1.6102      -2.3262      -2.7629      -2.3648
                 -2.9881      -3.1317      -3.0135      -2.7643      -2.0953
                 -2.6843      -2.4312      -2.9386      -2.4576      -2.5780
   5      0      -3.2961      -2.6420      -1.8708      -2.3348      -2.3801
                 -3.3290      -2.0569      -1.7041      -3.2120      -2.0932
                 -3.5867      -1.6053      -2.3285      -2.7535      -2.3656
                 -2.9769      -3.1261      -3.0023      -2.7670      -2.0827
                 -2.6811      -2.4261      -2.9329      -2.4526      -2.5771
   5     60      -3.2978      -2.6436      -1.8725      -2.3365      -2.3818
                 -3.3307      -2.0586      -1.7058      -3.2137      -2.0949
                 -3.5884      -1.6070      -2.3303      -2.7552      -2.3672
                 -2.9786      -3.1278      -3.0040      -2.7687      -2.0844
                 -2.6828      -2.4279      -2.9346      -2.4543      -2.5788
   5     80      -3.3141      -2.6598      -1.8890      -2.3529      -2.3985
                 -3.3470      -2.0751      -1.7221      -3.2304      -2.1111
                 -3.6050      -1.6232      -2.3466      -2.7719      -2.3831
                 -2.9951      -3.1448      -3.0205      -2.7856      -2.1008
                 -2.6995      -2.4446      -2.9509      -2.4709      -2.5953
   5    100      -3.3559      -2.7013      -1.9313      -2.3947      -2.4415
                 -3.3890      -2.1177      -1.7643      -3.2730      -2.1528
                 -3.6473      -1.6648      -2.3887      -2.8152      -2.4237
                 -3.0374      -3.1890      -3.0631      -2.8290      -2.1429
                 -2.7423      -2.4879      -2.9932      -2.5132      -2.6376
 
 group  inft   Estimated free energy: 3-th solvent contribution (kcal/mol)
   1      0      -9.0281      -8.8553      -9.1961      -8.8640      -8.1349
                 -8.6018      -8.6861      -8.1519      -8.1482      -9.6916
                 -8.4753      -9.2194      -9.0331      -8.5704      -8.8915
                 -8.3669      -8.8638      -7.9684      -9.5842      -9.6077
                 -8.8119      -8.4016      -8.8492      -8.1707      -8.7893
   1     60      -9.0661      -8.8931      -9.2341      -8.9019      -8.1727
                 -8.6397      -8.7240      -8.1899      -8.1860      -9.7297
                 -8.5132      -9.2572      -9.0710      -8.6084      -8.9294
                 -8.4047      -8.9016      -8.0063      -9.6221      -9.6457
                 -8.8498      -8.4394      -8.8870      -8.2085      -8.8271
   1     80      -9.4405      -9.2660      -9.6085      -9.2752      -8.5456
                 -9.0128      -9.0974      -8.5643      -8.5592     -10.1053
                 -8.8868      -9.6305      -9.4451      -8.9822      -9.3038
                 -8.7773      -9.2752      -8.3797      -9.9960     -10.0206
                 -9.2239      -8.8128      -9.2604      -8.5816      -9.1994
   1    100     -10.7604     -10.5796     -10.9285     -10.5899      -9.8597
                -10.3286     -10.4143      -9.8845      -9.8744     -11.4285
                -10.2036     -10.9486     -10.7630     -10.2988     -10.6238
                -10.0922     -10.5924      -9.6959     -11.3137     -11.3407
                -10.5434     -10.1300     -10.5768      -9.8953     -10.5143
   2      0      -9.0245      -8.8654      -9.1934      -8.8678      -8.1399
                 -8.5962      -8.6898      -8.1653      -8.1615      -9.6888
                 -8.4747      -9.2188      -9.0372      -8.5733      -8.8958
                 -8.3705      -8.8738      -7.9723      -9.5898      -9.6135
                 -8.8163      -8.4032      -8.8525      -8.1805      -8.7924
   3      0      -9.0294      -8.8752      -9.2009      -8.8700      -8.1576
                 -8.6067      -8.6956      -8.1722      -8.1743      -9.6963
                 -8.4782      -9.2263      -9.0453      -8.5891      -8.9030
                 -8.3717      -8.8705      -7.9775      -9.5883      -9.6177
                 -8.8198      -8.4150      -8.8568      -8.1945      -8.7926
   4      0      -9.0275      -8.8750      -9.1946      -8.8680      -8.1555
                 -8.6044      -8.6922      -8.1924      -8.1854      -9.6739
                 -8.4929      -9.2143      -9.0430      -8.5784      -8.9135
                 -8.3850      -8.8773      -7.9896      -9.5824      -9.6114
                 -8.8194      -8.4222      -8.8494      -8.2037      -8.7823
   5      0      -9.0322      -8.8724      -9.2054      -8.8654      -8.1558
                 -8.6127      -8.7024      -8.1795      -8.1782      -9.6884
                 -8.4811      -9.2239      -9.0418      -8.5851      -8.9153
                 -8.3778      -8.8724      -7.9789      -9.5875      -9.6166
                 -8.8187      -8.4199      -8.8548      -8.2037      -8.7884
   5     60      -9.0844      -8.9245      -9.2576      -8.9175      -8.2079
                 -8.6647      -8.7545      -8.2317      -8.2303      -9.7407
                 -8.5332      -9.2760      -9.0940      -8.6373      -8.9675
                 -8.4298      -8.9245      -8.0309      -9.6396      -9.6689
                 -8.8708      -8.4720      -8.9069      -8.2558      -8.8403
   5     80      -9.5524      -9.3913      -9.7260      -9.3844      -8.6749
                 -9.1316      -9.2219      -8.7003      -8.6977     -10.2106
                 -9.0003      -9.7432      -9.5621      -9.1052      -9.4361
                 -8.8957      -9.3920      -8.4980     -10.1076     -10.1382
                 -9.3387      -8.9391      -9.3741      -8.7230      -9.3062
   5    100     -10.7632     -10.5985     -10.9375     -10.5910      -9.8830
                -10.3395     -10.4316      -9.9131      -9.9068     -11.4257
                -10.2083     -10.9538     -10.7726     -10.3149     -10.6486
                -10.1026     -10.6019      -9.7059     -11.3182     -11.3511
                -10.5499     -10.1484     -10.5830      -9.9306     -10.5135
 
 
 cumulative average & 95% error for solvation free energy
              total             1st component         2nd component         3rd component
  1   -10.0109     0.0000     2.3607     0.0000    -3.3031     0.0000    -9.0294     0.0000
  2   -10.4164     0.8109     1.5489     1.6236    -2.9739     0.6584    -8.9523     0.1542
  3   -10.1181     0.7584     1.5633     0.9378    -2.6072     0.8261    -9.0352     0.1881
  4    -9.9463     0.6369     1.6280     0.6756    -2.5414     0.5988    -8.9939     0.1566
  5   -10.0483     0.5338     1.3278     0.7965    -2.5104     0.4679    -8.8266     0.3558
  6   -10.1574     0.4874     1.3199     0.6505    -2.6482     0.4710    -8.7900     0.2996
  7   -10.1411     0.4132     1.2393     0.5729    -2.5648     0.4316    -8.7765     0.2547
  8   -10.1395     0.3579     1.0578     0.6148    -2.4572     0.4313    -8.7010     0.2673
  9   -10.0842     0.3344     1.1391     0.5660    -2.5418     0.4163    -8.6424     0.2632
 10   -10.1155     0.3056     1.1683     0.5096    -2.4969     0.3830    -8.7478     0.3160
 11   -10.1621     0.2916     1.1961     0.4643    -2.5958     0.3989    -8.7233     0.2900
 12   -10.1591     0.2663     1.1587     0.4305    -2.5135     0.3997    -8.7652     0.2777
 13   -10.1572     0.2450     1.1678     0.3964    -2.4992     0.3687    -8.7868     0.2590
 14   -10.1117     0.2444     1.2180     0.3805    -2.5179     0.3434    -8.7727     0.2415
 15   -10.1022     0.2283     1.2259     0.3545    -2.5077     0.3204    -8.7813     0.2255
 16   -10.0703     0.2229     1.2623     0.3395    -2.5377     0.3057    -8.7557     0.2170
 17   -10.0327     0.2225     1.3419     0.3564    -2.5729     0.2956    -8.7625     0.2043
 18   -10.0552     0.2146     1.3002     0.3462    -2.5974     0.2830    -8.7189     0.2115
 19   -10.0270     0.2107     1.3833     0.3673    -2.6065     0.2683    -8.7646     0.2200
 20   -10.0062     0.2041     1.4206     0.3563    -2.5804     0.2598    -8.8073     0.2254
 21   -10.0086     0.1942     1.4244     0.3390    -2.5860     0.2474    -8.8079     0.2144
 22   -10.0001     0.1859     1.4077     0.3250    -2.5787     0.2363    -8.7900     0.2076
 23   -10.0364     0.1919     1.3900     0.3125    -2.5943     0.2279    -8.7929     0.1984
 24   -10.0146     0.1888     1.3813     0.2997    -2.5889     0.2185    -8.7680     0.1964
 25   -10.0145     0.1811     1.3822     0.2875    -2.5886     0.2096    -8.7690     0.1884
